<?xml version="1.0" encoding="UTF-8"?>
<testsuites name="Transaction" time="34.728" tests="2" failures="2" errors="0">
   <testsuite name="Transaction" tests="2" failures="2" errors="0" time="34.728" skipped="0" timestamp="01-01-2024T18:28:50" hostname="MODERN 15 - Phuc" id="Test Suites/Transaction">
      <properties>
         <property name="deviceName" value=""/>
         <property name="devicePlatform" value=""/>
         <property name="logFolder" value="C:\\Users\\MODERN 15\\git\\G1_Firefly_testing\\Reports\\20240101_182847\\Transaction\\20240101_182847"/>
         <property name="logFiles" value="C:\\Users\\MODERN 15\\git\\G1_Firefly_testing\\Reports\\20240101_182847\\Transaction\\20240101_182847\\execution0.log"/>
         <property name="attachments" value="C:\\Users\\MODERN 15\\git\\G1_Firefly_testing\\Reports\\20240101_182847\\Transaction\\20240101_182847\\1704108549339.png, C:\\Users\\MODERN 15\\git\\G1_Firefly_testing\\Reports\\20240101_182847\\Transaction\\20240101_182847\\1704108565369.png"/>
         <property name="hostName" value="MODERN 15 - Phuc"/>
         <property name="os" value="Windows 11 64bit"/>
         <property name="katalonVersion" value="9.1.0.212"/>
         <property name="browser" value="Chrome 120.0.0.0"/>
         <property name="hostAddress" value="192.168.1.4"/>
         <property name="sessionId" value="9394a1ff834813732141781e1c6244e5"/>
         <property name="seleniumVersion" value="3.141.59"/>
         <property name="proxyInformation" value="ProxyInformation { proxyOption=NO_PROXY, proxyServerType=HTTP, username=, password=********, proxyServerAddress=, proxyServerPort=0, executionList=&quot;&quot;, isApplyToDesiredCapabilities=true }"/>
         <property name="platform" value="Windows 11"/>
      </properties>
      <testcase name="Test Cases/Transaction" time="18.41" classname="Test Cases/Transaction" status="FAILED">
         <failure type="FAILED" message="Test Cases/Transaction FAILED.&#xa;Reason:&#xa;com.kms.katalon.core.exception.StepFailedException: Unable to select option by label 'My piggy bank (€0.00 / €100.00)' of object 'Object Repository/Transaction/Page_Create new withdrawal  Transactions  F_057ce1/select_(no piggy bank)                  1 (_6b16ef'  using regular expression&#xa;	at com.kms.katalon.core.webui.keyword.internal.WebUIKeywordMain.stepFailed(WebUIKeywordMain.groovy:64)&#xa;	at com.kms.katalon.core.webui.keyword.internal.WebUIKeywordMain.runKeyword(WebUIKeywordMain.groovy:26)&#xa;	at com.kms.katalon.core.webui.keyword.builtin.SelectOptionByLabelKeyword.selectOptionByLabel(SelectOptionByLabelKeyword.groovy:98)&#xa;	at com.kms.katalon.core.webui.keyword.builtin.SelectOptionByLabelKeyword.execute(SelectOptionByLabelKeyword.groovy:71)&#xa;	at com.kms.katalon.core.keyword.internal.KeywordExecutor.executeKeywordForPlatform(KeywordExecutor.groovy:74)&#xa;	at com.kms.katalon.core.webui.keyword.WebUiBuiltInKeywords.selectOptionByLabel(WebUiBuiltInKeywords.groovy:1269)&#xa;	at Transaction.run(Transaction:64)&#xa;	at com.kms.katalon.core.main.ScriptEngine.run(ScriptEngine.java:194)&#xa;	at com.kms.katalon.core.main.ScriptEngine.runScriptAsRawText(ScriptEngine.java:119)&#xa;	at com.kms.katalon.core.main.TestCaseExecutor.runScript(TestCaseExecutor.java:448)&#xa;	at com.kms.katalon.core.main.TestCaseExecutor.doExecute(TestCaseExecutor.java:439)&#xa;	at com.kms.katalon.core.main.TestCaseExecutor.processExecutionPhase(TestCaseExecutor.java:418)&#xa;	at com.kms.katalon.core.main.TestCaseExecutor.accessMainPhase(TestCaseExecutor.java:410)&#xa;	at com.kms.katalon.core.main.TestCaseExecutor.execute(TestCaseExecutor.java:285)&#xa;	at com.kms.katalon.core.common.CommonExecutor.accessTestCaseMainPhase(CommonExecutor.java:65)&#xa;	at com.kms.katalon.core.main.TestSuiteExecutor.accessTestSuiteMainPhase(TestSuiteExecutor.java:148)&#xa;	at com.kms.katalon.core.main.TestSuiteExecutor.execute(TestSuiteExecutor.java:106)&#xa;	at com.kms.katalon.core.main.TestCaseMain.startTestSuite(TestCaseMain.java:180)&#xa;	at TempTestSuite1704108527324.run(TempTestSuite1704108527324.groovy:36)&#xa;	at java.base/jdk.internal.reflect.NativeMethodAccessorImpl.invoke0(Native Method)&#xa;	at java.base/jdk.internal.reflect.NativeMethodAccessorImpl.invoke(NativeMethodAccessorImpl.java:77)&#xa;	at java.base/jdk.internal.reflect.DelegatingMethodAccessorImpl.invoke(DelegatingMethodAccessorImpl.java:43)&#xa;Caused by: com.kms.katalon.core.exception.StepFailedException: No option matched.&#xa;	at com.kms.katalon.core.keyword.internal.KeywordMain.stepFailed(KeywordMain.groovy:51)&#xa;	at com.kms.katalon.core.keyword.internal.KeywordMain.stepFailed(KeywordMain.groovy)&#xa;	at com.kms.katalon.core.keyword.internal.KeywordMain.stepFailed(KeywordMain.groovy:23)&#xa;	at com.kms.katalon.core.webui.keyword.builtin.SelectOptionByLabelKeyword$_selectOptionByLabel_closure1.doCall(SelectOptionByLabelKeyword.groovy:91)&#xa;	at com.kms.katalon.core.webui.keyword.builtin.SelectOptionByLabelKeyword$_selectOptionByLabel_closure1.call(SelectOptionByLabelKeyword.groovy)&#xa;	at com.kms.katalon.core.webui.keyword.internal.WebUIKeywordMain.runKeyword(WebUIKeywordMain.groovy:20)&#xa;	... 20 more&#xa;"/>
         <system-out><![CDATA[01-01-2024T18:28:51 - [TEST_CASE][FAILED] - Test Cases/Transaction: Test Cases/Transaction FAILED.
Reason:
com.kms.katalon.core.exception.StepFailedException: Unable to select option by label 'My piggy bank (€0.00 / €100.00)' of object 'Object Repository/Transaction/Page_Create new withdrawal  Transactions  F_057ce1/select_(no piggy bank)                  1 (_6b16ef'  using regular expression
	at com.kms.katalon.core.webui.keyword.internal.WebUIKeywordMain.stepFailed(WebUIKeywordMain.groovy:64)
	at com.kms.katalon.core.webui.keyword.internal.WebUIKeywordMain.runKeyword(WebUIKeywordMain.groovy:26)
	at com.kms.katalon.core.webui.keyword.builtin.SelectOptionByLabelKeyword.selectOptionByLabel(SelectOptionByLabelKeyword.groovy:98)
	at com.kms.katalon.core.webui.keyword.builtin.SelectOptionByLabelKeyword.execute(SelectOptionByLabelKeyword.groovy:71)
	at com.kms.katalon.core.keyword.internal.KeywordExecutor.executeKeywordForPlatform(KeywordExecutor.groovy:74)
	at com.kms.katalon.core.webui.keyword.WebUiBuiltInKeywords.selectOptionByLabel(WebUiBuiltInKeywords.groovy:1269)
	at Transaction.run(Transaction:64)
	at com.kms.katalon.core.main.ScriptEngine.run(ScriptEngine.java:194)
	at com.kms.katalon.core.main.ScriptEngine.runScriptAsRawText(ScriptEngine.java:119)
	at com.kms.katalon.core.main.TestCaseExecutor.runScript(TestCaseExecutor.java:448)
	at com.kms.katalon.core.main.TestCaseExecutor.doExecute(TestCaseExecutor.java:439)
	at com.kms.katalon.core.main.TestCaseExecutor.processExecutionPhase(TestCaseExecutor.java:418)
	at com.kms.katalon.core.main.TestCaseExecutor.accessMainPhase(TestCaseExecutor.java:410)
	at com.kms.katalon.core.main.TestCaseExecutor.execute(TestCaseExecutor.java:285)
	at com.kms.katalon.core.common.CommonExecutor.accessTestCaseMainPhase(CommonExecutor.java:65)
	at com.kms.katalon.core.main.TestSuiteExecutor.accessTestSuiteMainPhase(TestSuiteExecutor.java:148)
	at com.kms.katalon.core.main.TestSuiteExecutor.execute(TestSuiteExecutor.java:106)
	at com.kms.katalon.core.main.TestCaseMain.startTestSuite(TestCaseMain.java:180)
	at TempTestSuite1704108527324.run(TempTestSuite1704108527324.groovy:36)
	at java.base/jdk.internal.reflect.NativeMethodAccessorImpl.invoke0(Native Method)
	at java.base/jdk.internal.reflect.NativeMethodAccessorImpl.invoke(NativeMethodAccessorImpl.java:77)
	at java.base/jdk.internal.reflect.DelegatingMethodAccessorImpl.invoke(DelegatingMethodAccessorImpl.java:43)
Caused by: com.kms.katalon.core.exception.StepFailedException: No option matched.
	at com.kms.katalon.core.keyword.internal.KeywordMain.stepFailed(KeywordMain.groovy:51)
	at com.kms.katalon.core.keyword.internal.KeywordMain.stepFailed(KeywordMain.groovy)
	at com.kms.katalon.core.keyword.internal.KeywordMain.stepFailed(KeywordMain.groovy:23)
	at com.kms.katalon.core.webui.keyword.builtin.SelectOptionByLabelKeyword$_selectOptionByLabel_closure1.doCall(SelectOptionByLabelKeyword.groovy:91)
	at com.kms.katalon.core.webui.keyword.builtin.SelectOptionByLabelKeyword$_selectOptionByLabel_closure1.call(SelectOptionByLabelKeyword.groovy)
	at com.kms.katalon.core.webui.keyword.internal.WebUIKeywordMain.runKeyword(WebUIKeywordMain.groovy:20)
	... 20 more


01-01-2024T18:28:51 - [TEST_STEP][PASSED] - openBrowser(""): Browser is opened with url: ''

01-01-2024T18:28:51 - [MESSAGE][INFO] - Starting 'Chrome' driver

01-01-2024T18:28:51 - [MESSAGE][INFO] - Action delay is set to 0 milliseconds

01-01-2024T18:28:53 - [MESSAGE][PASSED] - Browser is opened with url: ''

01-01-2024T18:28:53 - [TEST_STEP][PASSED] - navigateToUrl("https://firefly.buudadawg.online/login"): Navigate to 'https://firefly.buudadawg.online/login' successfully

01-01-2024T18:28:56 - [MESSAGE][PASSED] - Navigate to 'https://firefly.buudadawg.online/login' successfully

01-01-2024T18:28:56 - [TEST_STEP][PASSED] - setText(findTestObject("Object Repository/Transaction/Page_Login to Firefly III/input_email"), "killermh1352@gmail.com"): Text 'killermh1352@gmail.com' is set on object 'Object Repository/Transaction/Page_Login to Firefly III/input_email'

01-01-2024T18:28:57 - [MESSAGE][PASSED] - Text 'killermh1352@gmail.com' is set on object 'Object Repository/Transaction/Page_Login to Firefly III/input_email'

01-01-2024T18:28:57 - [TEST_STEP][PASSED] - setEncryptedText(findTestObject("Object Repository/Transaction/Page_Login to Firefly III/input_password"), "6oCTgB1F4BsRIglOqBBBioLQaRY939LF"): Text ****** has been set on object 'Object Repository/Transaction/Page_Login to Firefly III/input_password'

01-01-2024T18:28:57 - [MESSAGE][PASSED] - Text ****** has been set on object 'Object Repository/Transaction/Page_Login to Firefly III/input_password'

01-01-2024T18:28:57 - [TEST_STEP][PASSED] - sendKeys(findTestObject("Object Repository/Transaction/Page_Login to Firefly III/input_password"), Keys.chord(ENTER)): Keys 'ENTER + ' sent to object: 'Object Repository/Transaction/Page_Login to Firefly III/input_password'

01-01-2024T18:28:58 - [MESSAGE][PASSED] - Keys 'ENTER + ' sent to object: 'Object Repository/Transaction/Page_Login to Firefly III/input_password'

01-01-2024T18:28:58 - [TEST_STEP][PASSED] - click(findTestObject("Object Repository/Transaction/Page_Whats playing  Firefly III/a_Transactions")): Object: 'Object Repository/Transaction/Page_Whats playing  Firefly III/a_Transactions' is clicked on

01-01-2024T18:29:00 - [MESSAGE][PASSED] - Object: 'Object Repository/Transaction/Page_Whats playing  Firefly III/a_Transactions' is clicked on

01-01-2024T18:29:00 - [TEST_STEP][PASSED] - click(findTestObject("Object Repository/Transaction/Page_Whats playing  Firefly III/a_Expenses")): Object: 'Object Repository/Transaction/Page_Whats playing  Firefly III/a_Expenses' is clicked on

01-01-2024T18:29:01 - [MESSAGE][PASSED] - Object: 'Object Repository/Transaction/Page_Whats playing  Firefly III/a_Expenses' is clicked on

01-01-2024T18:29:01 - [TEST_STEP][PASSED] - click(findTestObject("Object Repository/Transaction/Page_All expenses between January 1st, 2024_d388e7/a_Create a new transaction")): Object: 'Object Repository/Transaction/Page_All expenses between January 1st, 2024_d388e7/a_Create a new transaction' is clicked on

01-01-2024T18:29:02 - [MESSAGE][PASSED] - Object: 'Object Repository/Transaction/Page_All expenses between January 1st, 2024_d388e7/a_Create a new transaction' is clicked on

01-01-2024T18:29:02 - [TEST_STEP][PASSED] - setText(findTestObject("Transaction/Page_Create new withdrawal  Transactions  F_057ce1/input_description"), description): Text 'Catalog/Specialty Distribution' is set on object 'Object Repository/Transaction/Page_Create new withdrawal  Transactions  F_057ce1/input_description'

01-01-2024T18:29:03 - [MESSAGE][PASSED] - Text 'Catalog/Specialty Distribution' is set on object 'Object Repository/Transaction/Page_Create new withdrawal  Transactions  F_057ce1/input_description'

01-01-2024T18:29:03 - [TEST_STEP][PASSED] - setText(findTestObject("Object Repository/Transaction/Page_Create new withdrawal  Transactions  F_057ce1/input_source"), source_account, STOP_ON_FAILURE): Text 'My Savings Account' is set on object 'Object Repository/Transaction/Page_Create new withdrawal  Transactions  F_057ce1/input_source'

01-01-2024T18:29:04 - [MESSAGE][PASSED] - Text 'My Savings Account' is set on object 'Object Repository/Transaction/Page_Create new withdrawal  Transactions  F_057ce1/input_source'

01-01-2024T18:29:04 - [TEST_STEP][PASSED] - setText(findTestObject("Object Repository/Transaction/Page_Create new withdrawal  Transactions  F_057ce1/input_destination"), destination_account, STOP_ON_FAILURE): Text 'My Savings Account' is set on object 'Object Repository/Transaction/Page_Create new withdrawal  Transactions  F_057ce1/input_destination'

01-01-2024T18:29:05 - [MESSAGE][PASSED] - Text 'My Savings Account' is set on object 'Object Repository/Transaction/Page_Create new withdrawal  Transactions  F_057ce1/input_destination'

01-01-2024T18:29:05 - [TEST_STEP][PASSED] - setText(findTestObject("Object Repository/Transaction/Page_Create new withdrawal  Transactions  F_057ce1/input_amount"), amount): Text '84' is set on object 'Object Repository/Transaction/Page_Create new withdrawal  Transactions  F_057ce1/input_amount'

01-01-2024T18:29:06 - [MESSAGE][PASSED] - Text '84' is set on object 'Object Repository/Transaction/Page_Create new withdrawal  Transactions  F_057ce1/input_amount'

01-01-2024T18:29:06 - [TEST_STEP][PASSED] - if (getText(findTestObject("Object Repository/Transaction/Page_Create new withdrawal  Transactions  F_057ce1/select_foreign_currency")) == ""): Text of object 'Object Repository/Transaction/Page_Create new withdrawal  Transactions  F_057ce1/select_foreign_currency' is: 'Euro'

01-01-2024T18:29:07 - [MESSAGE][PASSED] - Text of object 'Object Repository/Transaction/Page_Create new withdrawal  Transactions  F_057ce1/select_foreign_currency' is: 'Euro'

01-01-2024T18:29:07 - [TEST_STEP][PASSED] - try: null

01-01-2024T18:29:07 - [TEST_STEP][PASSED] - waitForElementPresent(findTestObject("Object Repository/Transaction/Page_Create new withdrawal  Transactions  F_057ce1/select_(none)      My Budget", 0.5)): null

01-01-2024T18:29:07 - [TEST_STEP][PASSED] - catch (Exception err): null

01-01-2024T18:29:07 - [TEST_STEP][PASSED] - out.println("not found budget"): null

01-01-2024T18:29:07 - [TEST_STEP][PASSED] - setText(findTestObject("Object Repository/Transaction/Page_Create new withdrawal  Transactions  F_057ce1/input_category"), category): Text 'Site Furnishings' is set on object 'Object Repository/Transaction/Page_Create new withdrawal  Transactions  F_057ce1/input_category'

01-01-2024T18:29:07 - [MESSAGE][PASSED] - Text 'Site Furnishings' is set on object 'Object Repository/Transaction/Page_Create new withdrawal  Transactions  F_057ce1/input_category'

01-01-2024T18:29:07 - [TEST_STEP][FAILED] - selectOptionByLabel(findTestObject("Object Repository/Transaction/Page_Create new withdrawal  Transactions  F_057ce1/select_(no piggy bank)                  1 (_6b16ef"), piggy_bank, true): Unable to select option by label 'My piggy bank (€0.00 / €100.00)' of object 'Object Repository/Transaction/Page_Create new withdrawal  Transactions  F_057ce1/select_(no piggy bank)                  1 (_6b16ef'  using regular expression (Root cause: com.kms.katalon.core.exception.StepFailedException: Unable to select option by label 'My piggy bank (€0.00 / €100.00)' of object 'Object Repository/Transaction/Page_Create new withdrawal  Transactions  F_057ce1/select_(no piggy bank)                  1 (_6b16ef'  using regular expression
	at com.kms.katalon.core.webui.keyword.internal.WebUIKeywordMain.stepFailed(WebUIKeywordMain.groovy:64)
	at com.kms.katalon.core.webui.keyword.internal.WebUIKeywordMain.runKeyword(WebUIKeywordMain.groovy:26)
	at com.kms.katalon.core.webui.keyword.builtin.SelectOptionByLabelKeyword.selectOptionByLabel(SelectOptionByLabelKeyword.groovy:98)
	at com.kms.katalon.core.webui.keyword.builtin.SelectOptionByLabelKeyword.execute(SelectOptionByLabelKeyword.groovy:71)
	at com.kms.katalon.core.keyword.internal.KeywordExecutor.executeKeywordForPlatform(KeywordExecutor.groovy:74)
	at com.kms.katalon.core.webui.keyword.WebUiBuiltInKeywords.selectOptionByLabel(WebUiBuiltInKeywords.groovy:1269)
	at Transaction.run(Transaction:64)
	at com.kms.katalon.core.main.ScriptEngine.run(ScriptEngine.java:194)
	at com.kms.katalon.core.main.ScriptEngine.runScriptAsRawText(ScriptEngine.java:119)
	at com.kms.katalon.core.main.TestCaseExecutor.runScript(TestCaseExecutor.java:448)
	at com.kms.katalon.core.main.TestCaseExecutor.doExecute(TestCaseExecutor.java:439)
	at com.kms.katalon.core.main.TestCaseExecutor.processExecutionPhase(TestCaseExecutor.java:418)
	at com.kms.katalon.core.main.TestCaseExecutor.accessMainPhase(TestCaseExecutor.java:410)
	at com.kms.katalon.core.main.TestCaseExecutor.execute(TestCaseExecutor.java:285)
	at com.kms.katalon.core.common.CommonExecutor.accessTestCaseMainPhase(CommonExecutor.java:65)
	at com.kms.katalon.core.main.TestSuiteExecutor.accessTestSuiteMainPhase(TestSuiteExecutor.java:148)
	at com.kms.katalon.core.main.TestSuiteExecutor.execute(TestSuiteExecutor.java:106)
	at com.kms.katalon.core.main.TestCaseMain.startTestSuite(TestCaseMain.java:180)
	at TempTestSuite1704108527324.run(TempTestSuite1704108527324.groovy:36)
	at java.base/jdk.internal.reflect.NativeMethodAccessorImpl.invoke0(Native Method)
	at java.base/jdk.internal.reflect.NativeMethodAccessorImpl.invoke(NativeMethodAccessorImpl.java:77)
	at java.base/jdk.internal.reflect.DelegatingMethodAccessorImpl.invoke(DelegatingMethodAccessorImpl.java:43)
Caused by: com.kms.katalon.core.exception.StepFailedException: No option matched.
	at com.kms.katalon.core.keyword.internal.KeywordMain.stepFailed(KeywordMain.groovy:51)
	at com.kms.katalon.core.keyword.internal.KeywordMain.stepFailed(KeywordMain.groovy)
	at com.kms.katalon.core.keyword.internal.KeywordMain.stepFailed(KeywordMain.groovy:23)
	at com.kms.katalon.core.webui.keyword.builtin.SelectOptionByLabelKeyword$_selectOptionByLabel_closure1.doCall(SelectOptionByLabelKeyword.groovy:91)
	at com.kms.katalon.core.webui.keyword.builtin.SelectOptionByLabelKeyword$_selectOptionByLabel_closure1.call(SelectOptionByLabelKeyword.groovy)
	at com.kms.katalon.core.webui.keyword.internal.WebUIKeywordMain.runKeyword(WebUIKeywordMain.groovy:20)
	at com.kms.katalon.core.webui.keyword.builtin.SelectOptionByLabelKeyword.selectOptionByLabel(SelectOptionByLabelKeyword.groovy:98)
	at com.kms.katalon.core.webui.keyword.builtin.SelectOptionByLabelKeyword.execute(SelectOptionByLabelKeyword.groovy:71)
	at com.kms.katalon.core.keyword.internal.KeywordExecutor.executeKeywordForPlatform(KeywordExecutor.groovy:74)
	at com.kms.katalon.core.webui.keyword.WebUiBuiltInKeywords.selectOptionByLabel(WebUiBuiltInKeywords.groovy:1269)
	at Script1704099170054.run(Script1704099170054.groovy:64)
	... 15 more
)

01-01-2024T18:29:09 - [MESSAGE][FAILED] - No option matched.

01-01-2024T18:29:09 - [MESSAGE][FAILED] - Unable to select option by label 'My piggy bank (€0.00 / €100.00)' of object 'Object Repository/Transaction/Page_Create new withdrawal  Transactions  F_057ce1/select_(no piggy bank)                  1 (_6b16ef'  using regular expression (Root cause: com.kms.katalon.core.exception.StepFailedException: Unable to select option by label 'My piggy bank (€0.00 / €100.00)' of object 'Object Repository/Transaction/Page_Create new withdrawal  Transactions  F_057ce1/select_(no piggy bank)                  1 (_6b16ef'  using regular expression
	at com.kms.katalon.core.webui.keyword.internal.WebUIKeywordMain.stepFailed(WebUIKeywordMain.groovy:64)
	at com.kms.katalon.core.webui.keyword.internal.WebUIKeywordMain.runKeyword(WebUIKeywordMain.groovy:26)
	at com.kms.katalon.core.webui.keyword.builtin.SelectOptionByLabelKeyword.selectOptionByLabel(SelectOptionByLabelKeyword.groovy:98)
	at com.kms.katalon.core.webui.keyword.builtin.SelectOptionByLabelKeyword.execute(SelectOptionByLabelKeyword.groovy:71)
	at com.kms.katalon.core.keyword.internal.KeywordExecutor.executeKeywordForPlatform(KeywordExecutor.groovy:74)
	at com.kms.katalon.core.webui.keyword.WebUiBuiltInKeywords.selectOptionByLabel(WebUiBuiltInKeywords.groovy:1269)
	at Transaction.run(Transaction:64)
	at com.kms.katalon.core.main.ScriptEngine.run(ScriptEngine.java:194)
	at com.kms.katalon.core.main.ScriptEngine.runScriptAsRawText(ScriptEngine.java:119)
	at com.kms.katalon.core.main.TestCaseExecutor.runScript(TestCaseExecutor.java:448)
	at com.kms.katalon.core.main.TestCaseExecutor.doExecute(TestCaseExecutor.java:439)
	at com.kms.katalon.core.main.TestCaseExecutor.processExecutionPhase(TestCaseExecutor.java:418)
	at com.kms.katalon.core.main.TestCaseExecutor.accessMainPhase(TestCaseExecutor.java:410)
	at com.kms.katalon.core.main.TestCaseExecutor.execute(TestCaseExecutor.java:285)
	at com.kms.katalon.core.common.CommonExecutor.accessTestCaseMainPhase(CommonExecutor.java:65)
	at com.kms.katalon.core.main.TestSuiteExecutor.accessTestSuiteMainPhase(TestSuiteExecutor.java:148)
	at com.kms.katalon.core.main.TestSuiteExecutor.execute(TestSuiteExecutor.java:106)
	at com.kms.katalon.core.main.TestCaseMain.startTestSuite(TestCaseMain.java:180)
	at TempTestSuite1704108527324.run(TempTestSuite1704108527324.groovy:36)
	at java.base/jdk.internal.reflect.NativeMethodAccessorImpl.invoke0(Native Method)
	at java.base/jdk.internal.reflect.NativeMethodAccessorImpl.invoke(NativeMethodAccessorImpl.java:77)
	at java.base/jdk.internal.reflect.DelegatingMethodAccessorImpl.invoke(DelegatingMethodAccessorImpl.java:43)
Caused by: com.kms.katalon.core.exception.StepFailedException: No option matched.
	at com.kms.katalon.core.keyword.internal.KeywordMain.stepFailed(KeywordMain.groovy:51)
	at com.kms.katalon.core.keyword.internal.KeywordMain.stepFailed(KeywordMain.groovy)
	at com.kms.katalon.core.keyword.internal.KeywordMain.stepFailed(KeywordMain.groovy:23)
	at com.kms.katalon.core.webui.keyword.builtin.SelectOptionByLabelKeyword$_selectOptionByLabel_closure1.doCall(SelectOptionByLabelKeyword.groovy:91)
	at com.kms.katalon.core.webui.keyword.builtin.SelectOptionByLabelKeyword$_selectOptionByLabel_closure1.call(SelectOptionByLabelKeyword.groovy)
	at com.kms.katalon.core.webui.keyword.internal.WebUIKeywordMain.runKeyword(WebUIKeywordMain.groovy:20)
	at com.kms.katalon.core.webui.keyword.builtin.SelectOptionByLabelKeyword.selectOptionByLabel(SelectOptionByLabelKeyword.groovy:98)
	at com.kms.katalon.core.webui.keyword.builtin.SelectOptionByLabelKeyword.execute(SelectOptionByLabelKeyword.groovy:71)
	at com.kms.katalon.core.keyword.internal.KeywordExecutor.executeKeywordForPlatform(KeywordExecutor.groovy:74)
	at com.kms.katalon.core.webui.keyword.WebUiBuiltInKeywords.selectOptionByLabel(WebUiBuiltInKeywords.groovy:1269)
	at Script1704099170054.run(Script1704099170054.groovy:64)
	... 15 more
)
[[ATTACHMENT|C:\\Users\\MODERN 15\\git\\G1_Firefly_testing\\Reports\\20240101_182847\\Transaction\\20240101_182847\\1704108549339.png]]]]></system-out>
         <system-err><![CDATA[01-01-2024T18:28:51 - [TEST_CASE][FAILED] - Test Cases/Transaction: Test Cases/Transaction FAILED.
Reason:
com.kms.katalon.core.exception.StepFailedException: Unable to select option by label 'My piggy bank (€0.00 / €100.00)' of object 'Object Repository/Transaction/Page_Create new withdrawal  Transactions  F_057ce1/select_(no piggy bank)                  1 (_6b16ef'  using regular expression
	at com.kms.katalon.core.webui.keyword.internal.WebUIKeywordMain.stepFailed(WebUIKeywordMain.groovy:64)
	at com.kms.katalon.core.webui.keyword.internal.WebUIKeywordMain.runKeyword(WebUIKeywordMain.groovy:26)
	at com.kms.katalon.core.webui.keyword.builtin.SelectOptionByLabelKeyword.selectOptionByLabel(SelectOptionByLabelKeyword.groovy:98)
	at com.kms.katalon.core.webui.keyword.builtin.SelectOptionByLabelKeyword.execute(SelectOptionByLabelKeyword.groovy:71)
	at com.kms.katalon.core.keyword.internal.KeywordExecutor.executeKeywordForPlatform(KeywordExecutor.groovy:74)
	at com.kms.katalon.core.webui.keyword.WebUiBuiltInKeywords.selectOptionByLabel(WebUiBuiltInKeywords.groovy:1269)
	at Transaction.run(Transaction:64)
	at com.kms.katalon.core.main.ScriptEngine.run(ScriptEngine.java:194)
	at com.kms.katalon.core.main.ScriptEngine.runScriptAsRawText(ScriptEngine.java:119)
	at com.kms.katalon.core.main.TestCaseExecutor.runScript(TestCaseExecutor.java:448)
	at com.kms.katalon.core.main.TestCaseExecutor.doExecute(TestCaseExecutor.java:439)
	at com.kms.katalon.core.main.TestCaseExecutor.processExecutionPhase(TestCaseExecutor.java:418)
	at com.kms.katalon.core.main.TestCaseExecutor.accessMainPhase(TestCaseExecutor.java:410)
	at com.kms.katalon.core.main.TestCaseExecutor.execute(TestCaseExecutor.java:285)
	at com.kms.katalon.core.common.CommonExecutor.accessTestCaseMainPhase(CommonExecutor.java:65)
	at com.kms.katalon.core.main.TestSuiteExecutor.accessTestSuiteMainPhase(TestSuiteExecutor.java:148)
	at com.kms.katalon.core.main.TestSuiteExecutor.execute(TestSuiteExecutor.java:106)
	at com.kms.katalon.core.main.TestCaseMain.startTestSuite(TestCaseMain.java:180)
	at TempTestSuite1704108527324.run(TempTestSuite1704108527324.groovy:36)
	at java.base/jdk.internal.reflect.NativeMethodAccessorImpl.invoke0(Native Method)
	at java.base/jdk.internal.reflect.NativeMethodAccessorImpl.invoke(NativeMethodAccessorImpl.java:77)
	at java.base/jdk.internal.reflect.DelegatingMethodAccessorImpl.invoke(DelegatingMethodAccessorImpl.java:43)
Caused by: com.kms.katalon.core.exception.StepFailedException: No option matched.
	at com.kms.katalon.core.keyword.internal.KeywordMain.stepFailed(KeywordMain.groovy:51)
	at com.kms.katalon.core.keyword.internal.KeywordMain.stepFailed(KeywordMain.groovy)
	at com.kms.katalon.core.keyword.internal.KeywordMain.stepFailed(KeywordMain.groovy:23)
	at com.kms.katalon.core.webui.keyword.builtin.SelectOptionByLabelKeyword$_selectOptionByLabel_closure1.doCall(SelectOptionByLabelKeyword.groovy:91)
	at com.kms.katalon.core.webui.keyword.builtin.SelectOptionByLabelKeyword$_selectOptionByLabel_closure1.call(SelectOptionByLabelKeyword.groovy)
	at com.kms.katalon.core.webui.keyword.internal.WebUIKeywordMain.runKeyword(WebUIKeywordMain.groovy:20)
	... 20 more]]></system-err>
      </testcase>
      <testcase name="Test Cases/Transaction" time="15.87" classname="Test Cases/Transaction" status="FAILED">
         <failure type="FAILED" message="Test Cases/Transaction FAILED.&#xa;Reason:&#xa;com.kms.katalon.core.exception.StepFailedException: Unable to select option by label '(no piggy bank)' of object 'Object Repository/Transaction/Page_Create new withdrawal  Transactions  F_057ce1/select_(no piggy bank)                  1 (_6b16ef'  using regular expression&#xa;	at com.kms.katalon.core.webui.keyword.internal.WebUIKeywordMain.stepFailed(WebUIKeywordMain.groovy:64)&#xa;	at com.kms.katalon.core.webui.keyword.internal.WebUIKeywordMain.runKeyword(WebUIKeywordMain.groovy:26)&#xa;	at com.kms.katalon.core.webui.keyword.builtin.SelectOptionByLabelKeyword.selectOptionByLabel(SelectOptionByLabelKeyword.groovy:98)&#xa;	at com.kms.katalon.core.webui.keyword.builtin.SelectOptionByLabelKeyword.execute(SelectOptionByLabelKeyword.groovy:71)&#xa;	at com.kms.katalon.core.keyword.internal.KeywordExecutor.executeKeywordForPlatform(KeywordExecutor.groovy:74)&#xa;	at com.kms.katalon.core.webui.keyword.WebUiBuiltInKeywords.selectOptionByLabel(WebUiBuiltInKeywords.groovy:1269)&#xa;	at Transaction.run(Transaction:64)&#xa;	at com.kms.katalon.core.main.ScriptEngine.run(ScriptEngine.java:194)&#xa;	at com.kms.katalon.core.main.ScriptEngine.runScriptAsRawText(ScriptEngine.java:119)&#xa;	at com.kms.katalon.core.main.TestCaseExecutor.runScript(TestCaseExecutor.java:448)&#xa;	at com.kms.katalon.core.main.TestCaseExecutor.doExecute(TestCaseExecutor.java:439)&#xa;	at com.kms.katalon.core.main.TestCaseExecutor.processExecutionPhase(TestCaseExecutor.java:418)&#xa;	at com.kms.katalon.core.main.TestCaseExecutor.accessMainPhase(TestCaseExecutor.java:410)&#xa;	at com.kms.katalon.core.main.TestCaseExecutor.execute(TestCaseExecutor.java:285)&#xa;	at com.kms.katalon.core.common.CommonExecutor.accessTestCaseMainPhase(CommonExecutor.java:65)&#xa;	at com.kms.katalon.core.main.TestSuiteExecutor.accessTestSuiteMainPhase(TestSuiteExecutor.java:148)&#xa;	at com.kms.katalon.core.main.TestSuiteExecutor.execute(TestSuiteExecutor.java:106)&#xa;	at com.kms.katalon.core.main.TestCaseMain.startTestSuite(TestCaseMain.java:180)&#xa;	at TempTestSuite1704108527324.run(TempTestSuite1704108527324.groovy:36)&#xa;	at java.base/jdk.internal.reflect.NativeMethodAccessorImpl.invoke0(Native Method)&#xa;	at java.base/jdk.internal.reflect.NativeMethodAccessorImpl.invoke(NativeMethodAccessorImpl.java:77)&#xa;	at java.base/jdk.internal.reflect.DelegatingMethodAccessorImpl.invoke(DelegatingMethodAccessorImpl.java:43)&#xa;Caused by: com.kms.katalon.core.exception.StepFailedException: No option matched.&#xa;	at com.kms.katalon.core.keyword.internal.KeywordMain.stepFailed(KeywordMain.groovy:51)&#xa;	at com.kms.katalon.core.keyword.internal.KeywordMain.stepFailed(KeywordMain.groovy)&#xa;	at com.kms.katalon.core.keyword.internal.KeywordMain.stepFailed(KeywordMain.groovy:23)&#xa;	at com.kms.katalon.core.webui.keyword.builtin.SelectOptionByLabelKeyword$_selectOptionByLabel_closure1.doCall(SelectOptionByLabelKeyword.groovy:91)&#xa;	at com.kms.katalon.core.webui.keyword.builtin.SelectOptionByLabelKeyword$_selectOptionByLabel_closure1.call(SelectOptionByLabelKeyword.groovy)&#xa;	at com.kms.katalon.core.webui.keyword.internal.WebUIKeywordMain.runKeyword(WebUIKeywordMain.groovy:20)&#xa;	... 20 more&#xa;"/>
         <system-out><![CDATA[01-01-2024T18:29:09 - [TEST_CASE][FAILED] - Test Cases/Transaction: Test Cases/Transaction FAILED.
Reason:
com.kms.katalon.core.exception.StepFailedException: Unable to select option by label '(no piggy bank)' of object 'Object Repository/Transaction/Page_Create new withdrawal  Transactions  F_057ce1/select_(no piggy bank)                  1 (_6b16ef'  using regular expression
	at com.kms.katalon.core.webui.keyword.internal.WebUIKeywordMain.stepFailed(WebUIKeywordMain.groovy:64)
	at com.kms.katalon.core.webui.keyword.internal.WebUIKeywordMain.runKeyword(WebUIKeywordMain.groovy:26)
	at com.kms.katalon.core.webui.keyword.builtin.SelectOptionByLabelKeyword.selectOptionByLabel(SelectOptionByLabelKeyword.groovy:98)
	at com.kms.katalon.core.webui.keyword.builtin.SelectOptionByLabelKeyword.execute(SelectOptionByLabelKeyword.groovy:71)
	at com.kms.katalon.core.keyword.internal.KeywordExecutor.executeKeywordForPlatform(KeywordExecutor.groovy:74)
	at com.kms.katalon.core.webui.keyword.WebUiBuiltInKeywords.selectOptionByLabel(WebUiBuiltInKeywords.groovy:1269)
	at Transaction.run(Transaction:64)
	at com.kms.katalon.core.main.ScriptEngine.run(ScriptEngine.java:194)
	at com.kms.katalon.core.main.ScriptEngine.runScriptAsRawText(ScriptEngine.java:119)
	at com.kms.katalon.core.main.TestCaseExecutor.runScript(TestCaseExecutor.java:448)
	at com.kms.katalon.core.main.TestCaseExecutor.doExecute(TestCaseExecutor.java:439)
	at com.kms.katalon.core.main.TestCaseExecutor.processExecutionPhase(TestCaseExecutor.java:418)
	at com.kms.katalon.core.main.TestCaseExecutor.accessMainPhase(TestCaseExecutor.java:410)
	at com.kms.katalon.core.main.TestCaseExecutor.execute(TestCaseExecutor.java:285)
	at com.kms.katalon.core.common.CommonExecutor.accessTestCaseMainPhase(CommonExecutor.java:65)
	at com.kms.katalon.core.main.TestSuiteExecutor.accessTestSuiteMainPhase(TestSuiteExecutor.java:148)
	at com.kms.katalon.core.main.TestSuiteExecutor.execute(TestSuiteExecutor.java:106)
	at com.kms.katalon.core.main.TestCaseMain.startTestSuite(TestCaseMain.java:180)
	at TempTestSuite1704108527324.run(TempTestSuite1704108527324.groovy:36)
	at java.base/jdk.internal.reflect.NativeMethodAccessorImpl.invoke0(Native Method)
	at java.base/jdk.internal.reflect.NativeMethodAccessorImpl.invoke(NativeMethodAccessorImpl.java:77)
	at java.base/jdk.internal.reflect.DelegatingMethodAccessorImpl.invoke(DelegatingMethodAccessorImpl.java:43)
Caused by: com.kms.katalon.core.exception.StepFailedException: No option matched.
	at com.kms.katalon.core.keyword.internal.KeywordMain.stepFailed(KeywordMain.groovy:51)
	at com.kms.katalon.core.keyword.internal.KeywordMain.stepFailed(KeywordMain.groovy)
	at com.kms.katalon.core.keyword.internal.KeywordMain.stepFailed(KeywordMain.groovy:23)
	at com.kms.katalon.core.webui.keyword.builtin.SelectOptionByLabelKeyword$_selectOptionByLabel_closure1.doCall(SelectOptionByLabelKeyword.groovy:91)
	at com.kms.katalon.core.webui.keyword.builtin.SelectOptionByLabelKeyword$_selectOptionByLabel_closure1.call(SelectOptionByLabelKeyword.groovy)
	at com.kms.katalon.core.webui.keyword.internal.WebUIKeywordMain.runKeyword(WebUIKeywordMain.groovy:20)
	... 20 more


01-01-2024T18:29:09 - [TEST_STEP][PASSED] - openBrowser(""): Browser is opened with url: ''

01-01-2024T18:29:09 - [MESSAGE][WARNING] - A browser is already opened. Closing browser and opening a new one

01-01-2024T18:29:09 - [MESSAGE][INFO] - Starting 'Chrome' driver

01-01-2024T18:29:09 - [MESSAGE][INFO] - Action delay is set to 0 milliseconds

01-01-2024T18:29:10 - [MESSAGE][PASSED] - Browser is opened with url: ''

01-01-2024T18:29:10 - [TEST_STEP][PASSED] - navigateToUrl("https://firefly.buudadawg.online/login"): Navigate to 'https://firefly.buudadawg.online/login' successfully

01-01-2024T18:29:13 - [MESSAGE][PASSED] - Navigate to 'https://firefly.buudadawg.online/login' successfully

01-01-2024T18:29:13 - [TEST_STEP][PASSED] - setText(findTestObject("Object Repository/Transaction/Page_Login to Firefly III/input_email"), "killermh1352@gmail.com"): Text 'killermh1352@gmail.com' is set on object 'Object Repository/Transaction/Page_Login to Firefly III/input_email'

01-01-2024T18:29:14 - [MESSAGE][PASSED] - Text 'killermh1352@gmail.com' is set on object 'Object Repository/Transaction/Page_Login to Firefly III/input_email'

01-01-2024T18:29:14 - [TEST_STEP][PASSED] - setEncryptedText(findTestObject("Object Repository/Transaction/Page_Login to Firefly III/input_password"), "6oCTgB1F4BsRIglOqBBBioLQaRY939LF"): Text ****** has been set on object 'Object Repository/Transaction/Page_Login to Firefly III/input_password'

01-01-2024T18:29:14 - [MESSAGE][PASSED] - Text ****** has been set on object 'Object Repository/Transaction/Page_Login to Firefly III/input_password'

01-01-2024T18:29:14 - [TEST_STEP][PASSED] - sendKeys(findTestObject("Object Repository/Transaction/Page_Login to Firefly III/input_password"), Keys.chord(ENTER)): Keys 'ENTER + ' sent to object: 'Object Repository/Transaction/Page_Login to Firefly III/input_password'

01-01-2024T18:29:15 - [MESSAGE][PASSED] - Keys 'ENTER + ' sent to object: 'Object Repository/Transaction/Page_Login to Firefly III/input_password'

01-01-2024T18:29:15 - [TEST_STEP][PASSED] - click(findTestObject("Object Repository/Transaction/Page_Whats playing  Firefly III/a_Transactions")): Object: 'Object Repository/Transaction/Page_Whats playing  Firefly III/a_Transactions' is clicked on

01-01-2024T18:29:16 - [MESSAGE][PASSED] - Object: 'Object Repository/Transaction/Page_Whats playing  Firefly III/a_Transactions' is clicked on

01-01-2024T18:29:16 - [TEST_STEP][PASSED] - click(findTestObject("Object Repository/Transaction/Page_Whats playing  Firefly III/a_Expenses")): Object: 'Object Repository/Transaction/Page_Whats playing  Firefly III/a_Expenses' is clicked on

01-01-2024T18:29:17 - [MESSAGE][PASSED] - Object: 'Object Repository/Transaction/Page_Whats playing  Firefly III/a_Expenses' is clicked on

01-01-2024T18:29:17 - [TEST_STEP][PASSED] - click(findTestObject("Object Repository/Transaction/Page_All expenses between January 1st, 2024_d388e7/a_Create a new transaction")): Object: 'Object Repository/Transaction/Page_All expenses between January 1st, 2024_d388e7/a_Create a new transaction' is clicked on

01-01-2024T18:29:18 - [MESSAGE][PASSED] - Object: 'Object Repository/Transaction/Page_All expenses between January 1st, 2024_d388e7/a_Create a new transaction' is clicked on

01-01-2024T18:29:18 - [TEST_STEP][PASSED] - setText(findTestObject("Transaction/Page_Create new withdrawal  Transactions  F_057ce1/input_description"), description): Text 'Aerospace' is set on object 'Object Repository/Transaction/Page_Create new withdrawal  Transactions  F_057ce1/input_description'

01-01-2024T18:29:20 - [MESSAGE][PASSED] - Text 'Aerospace' is set on object 'Object Repository/Transaction/Page_Create new withdrawal  Transactions  F_057ce1/input_description'

01-01-2024T18:29:20 - [TEST_STEP][PASSED] - setText(findTestObject("Object Repository/Transaction/Page_Create new withdrawal  Transactions  F_057ce1/input_source"), source_account, STOP_ON_FAILURE): Text 'My Asset Account' is set on object 'Object Repository/Transaction/Page_Create new withdrawal  Transactions  F_057ce1/input_source'

01-01-2024T18:29:20 - [MESSAGE][PASSED] - Text 'My Asset Account' is set on object 'Object Repository/Transaction/Page_Create new withdrawal  Transactions  F_057ce1/input_source'

01-01-2024T18:29:20 - [TEST_STEP][PASSED] - setText(findTestObject("Object Repository/Transaction/Page_Create new withdrawal  Transactions  F_057ce1/input_destination"), destination_account, STOP_ON_FAILURE): Text 'My Asset Account' is set on object 'Object Repository/Transaction/Page_Create new withdrawal  Transactions  F_057ce1/input_destination'

01-01-2024T18:29:22 - [MESSAGE][PASSED] - Text 'My Asset Account' is set on object 'Object Repository/Transaction/Page_Create new withdrawal  Transactions  F_057ce1/input_destination'

01-01-2024T18:29:22 - [TEST_STEP][PASSED] - setText(findTestObject("Object Repository/Transaction/Page_Create new withdrawal  Transactions  F_057ce1/input_amount"), amount): Text '75' is set on object 'Object Repository/Transaction/Page_Create new withdrawal  Transactions  F_057ce1/input_amount'

01-01-2024T18:29:23 - [MESSAGE][PASSED] - Text '75' is set on object 'Object Repository/Transaction/Page_Create new withdrawal  Transactions  F_057ce1/input_amount'

01-01-2024T18:29:23 - [TEST_STEP][PASSED] - if (getText(findTestObject("Object Repository/Transaction/Page_Create new withdrawal  Transactions  F_057ce1/select_foreign_currency")) == ""): Text of object 'Object Repository/Transaction/Page_Create new withdrawal  Transactions  F_057ce1/select_foreign_currency' is: 'Euro'

01-01-2024T18:29:23 - [MESSAGE][PASSED] - Text of object 'Object Repository/Transaction/Page_Create new withdrawal  Transactions  F_057ce1/select_foreign_currency' is: 'Euro'

01-01-2024T18:29:23 - [TEST_STEP][PASSED] - try: null

01-01-2024T18:29:23 - [TEST_STEP][PASSED] - waitForElementPresent(findTestObject("Object Repository/Transaction/Page_Create new withdrawal  Transactions  F_057ce1/select_(none)      My Budget", 0.5)): null

01-01-2024T18:29:23 - [TEST_STEP][PASSED] - catch (Exception err): null

01-01-2024T18:29:23 - [TEST_STEP][PASSED] - out.println("not found budget"): null

01-01-2024T18:29:23 - [TEST_STEP][PASSED] - setText(findTestObject("Object Repository/Transaction/Page_Create new withdrawal  Transactions  F_057ce1/input_category"), category): Text '' is set on object 'Object Repository/Transaction/Page_Create new withdrawal  Transactions  F_057ce1/input_category'

01-01-2024T18:29:24 - [MESSAGE][PASSED] - Text '' is set on object 'Object Repository/Transaction/Page_Create new withdrawal  Transactions  F_057ce1/input_category'

01-01-2024T18:29:24 - [TEST_STEP][FAILED] - selectOptionByLabel(findTestObject("Object Repository/Transaction/Page_Create new withdrawal  Transactions  F_057ce1/select_(no piggy bank)                  1 (_6b16ef"), piggy_bank, true): Unable to select option by label '(no piggy bank)' of object 'Object Repository/Transaction/Page_Create new withdrawal  Transactions  F_057ce1/select_(no piggy bank)                  1 (_6b16ef'  using regular expression (Root cause: com.kms.katalon.core.exception.StepFailedException: Unable to select option by label '(no piggy bank)' of object 'Object Repository/Transaction/Page_Create new withdrawal  Transactions  F_057ce1/select_(no piggy bank)                  1 (_6b16ef'  using regular expression
	at com.kms.katalon.core.webui.keyword.internal.WebUIKeywordMain.stepFailed(WebUIKeywordMain.groovy:64)
	at com.kms.katalon.core.webui.keyword.internal.WebUIKeywordMain.runKeyword(WebUIKeywordMain.groovy:26)
	at com.kms.katalon.core.webui.keyword.builtin.SelectOptionByLabelKeyword.selectOptionByLabel(SelectOptionByLabelKeyword.groovy:98)
	at com.kms.katalon.core.webui.keyword.builtin.SelectOptionByLabelKeyword.execute(SelectOptionByLabelKeyword.groovy:71)
	at com.kms.katalon.core.keyword.internal.KeywordExecutor.executeKeywordForPlatform(KeywordExecutor.groovy:74)
	at com.kms.katalon.core.webui.keyword.WebUiBuiltInKeywords.selectOptionByLabel(WebUiBuiltInKeywords.groovy:1269)
	at Transaction.run(Transaction:64)
	at com.kms.katalon.core.main.ScriptEngine.run(ScriptEngine.java:194)
	at com.kms.katalon.core.main.ScriptEngine.runScriptAsRawText(ScriptEngine.java:119)
	at com.kms.katalon.core.main.TestCaseExecutor.runScript(TestCaseExecutor.java:448)
	at com.kms.katalon.core.main.TestCaseExecutor.doExecute(TestCaseExecutor.java:439)
	at com.kms.katalon.core.main.TestCaseExecutor.processExecutionPhase(TestCaseExecutor.java:418)
	at com.kms.katalon.core.main.TestCaseExecutor.accessMainPhase(TestCaseExecutor.java:410)
	at com.kms.katalon.core.main.TestCaseExecutor.execute(TestCaseExecutor.java:285)
	at com.kms.katalon.core.common.CommonExecutor.accessTestCaseMainPhase(CommonExecutor.java:65)
	at com.kms.katalon.core.main.TestSuiteExecutor.accessTestSuiteMainPhase(TestSuiteExecutor.java:148)
	at com.kms.katalon.core.main.TestSuiteExecutor.execute(TestSuiteExecutor.java:106)
	at com.kms.katalon.core.main.TestCaseMain.startTestSuite(TestCaseMain.java:180)
	at TempTestSuite1704108527324.run(TempTestSuite1704108527324.groovy:36)
	at java.base/jdk.internal.reflect.NativeMethodAccessorImpl.invoke0(Native Method)
	at java.base/jdk.internal.reflect.NativeMethodAccessorImpl.invoke(NativeMethodAccessorImpl.java:77)
	at java.base/jdk.internal.reflect.DelegatingMethodAccessorImpl.invoke(DelegatingMethodAccessorImpl.java:43)
Caused by: com.kms.katalon.core.exception.StepFailedException: No option matched.
	at com.kms.katalon.core.keyword.internal.KeywordMain.stepFailed(KeywordMain.groovy:51)
	at com.kms.katalon.core.keyword.internal.KeywordMain.stepFailed(KeywordMain.groovy)
	at com.kms.katalon.core.keyword.internal.KeywordMain.stepFailed(KeywordMain.groovy:23)
	at com.kms.katalon.core.webui.keyword.builtin.SelectOptionByLabelKeyword$_selectOptionByLabel_closure1.doCall(SelectOptionByLabelKeyword.groovy:91)
	at com.kms.katalon.core.webui.keyword.builtin.SelectOptionByLabelKeyword$_selectOptionByLabel_closure1.call(SelectOptionByLabelKeyword.groovy)
	at com.kms.katalon.core.webui.keyword.internal.WebUIKeywordMain.runKeyword(WebUIKeywordMain.groovy:20)
	at com.kms.katalon.core.webui.keyword.builtin.SelectOptionByLabelKeyword.selectOptionByLabel(SelectOptionByLabelKeyword.groovy:98)
	at com.kms.katalon.core.webui.keyword.builtin.SelectOptionByLabelKeyword.execute(SelectOptionByLabelKeyword.groovy:71)
	at com.kms.katalon.core.keyword.internal.KeywordExecutor.executeKeywordForPlatform(KeywordExecutor.groovy:74)
	at com.kms.katalon.core.webui.keyword.WebUiBuiltInKeywords.selectOptionByLabel(WebUiBuiltInKeywords.groovy:1269)
	at Script1704099170054.run(Script1704099170054.groovy:64)
	... 15 more
)

01-01-2024T18:29:25 - [MESSAGE][FAILED] - No option matched.

01-01-2024T18:29:25 - [MESSAGE][FAILED] - Unable to select option by label '(no piggy bank)' of object 'Object Repository/Transaction/Page_Create new withdrawal  Transactions  F_057ce1/select_(no piggy bank)                  1 (_6b16ef'  using regular expression (Root cause: com.kms.katalon.core.exception.StepFailedException: Unable to select option by label '(no piggy bank)' of object 'Object Repository/Transaction/Page_Create new withdrawal  Transactions  F_057ce1/select_(no piggy bank)                  1 (_6b16ef'  using regular expression
	at com.kms.katalon.core.webui.keyword.internal.WebUIKeywordMain.stepFailed(WebUIKeywordMain.groovy:64)
	at com.kms.katalon.core.webui.keyword.internal.WebUIKeywordMain.runKeyword(WebUIKeywordMain.groovy:26)
	at com.kms.katalon.core.webui.keyword.builtin.SelectOptionByLabelKeyword.selectOptionByLabel(SelectOptionByLabelKeyword.groovy:98)
	at com.kms.katalon.core.webui.keyword.builtin.SelectOptionByLabelKeyword.execute(SelectOptionByLabelKeyword.groovy:71)
	at com.kms.katalon.core.keyword.internal.KeywordExecutor.executeKeywordForPlatform(KeywordExecutor.groovy:74)
	at com.kms.katalon.core.webui.keyword.WebUiBuiltInKeywords.selectOptionByLabel(WebUiBuiltInKeywords.groovy:1269)
	at Transaction.run(Transaction:64)
	at com.kms.katalon.core.main.ScriptEngine.run(ScriptEngine.java:194)
	at com.kms.katalon.core.main.ScriptEngine.runScriptAsRawText(ScriptEngine.java:119)
	at com.kms.katalon.core.main.TestCaseExecutor.runScript(TestCaseExecutor.java:448)
	at com.kms.katalon.core.main.TestCaseExecutor.doExecute(TestCaseExecutor.java:439)
	at com.kms.katalon.core.main.TestCaseExecutor.processExecutionPhase(TestCaseExecutor.java:418)
	at com.kms.katalon.core.main.TestCaseExecutor.accessMainPhase(TestCaseExecutor.java:410)
	at com.kms.katalon.core.main.TestCaseExecutor.execute(TestCaseExecutor.java:285)
	at com.kms.katalon.core.common.CommonExecutor.accessTestCaseMainPhase(CommonExecutor.java:65)
	at com.kms.katalon.core.main.TestSuiteExecutor.accessTestSuiteMainPhase(TestSuiteExecutor.java:148)
	at com.kms.katalon.core.main.TestSuiteExecutor.execute(TestSuiteExecutor.java:106)
	at com.kms.katalon.core.main.TestCaseMain.startTestSuite(TestCaseMain.java:180)
	at TempTestSuite1704108527324.run(TempTestSuite1704108527324.groovy:36)
	at java.base/jdk.internal.reflect.NativeMethodAccessorImpl.invoke0(Native Method)
	at java.base/jdk.internal.reflect.NativeMethodAccessorImpl.invoke(NativeMethodAccessorImpl.java:77)
	at java.base/jdk.internal.reflect.DelegatingMethodAccessorImpl.invoke(DelegatingMethodAccessorImpl.java:43)
Caused by: com.kms.katalon.core.exception.StepFailedException: No option matched.
	at com.kms.katalon.core.keyword.internal.KeywordMain.stepFailed(KeywordMain.groovy:51)
	at com.kms.katalon.core.keyword.internal.KeywordMain.stepFailed(KeywordMain.groovy)
	at com.kms.katalon.core.keyword.internal.KeywordMain.stepFailed(KeywordMain.groovy:23)
	at com.kms.katalon.core.webui.keyword.builtin.SelectOptionByLabelKeyword$_selectOptionByLabel_closure1.doCall(SelectOptionByLabelKeyword.groovy:91)
	at com.kms.katalon.core.webui.keyword.builtin.SelectOptionByLabelKeyword$_selectOptionByLabel_closure1.call(SelectOptionByLabelKeyword.groovy)
	at com.kms.katalon.core.webui.keyword.internal.WebUIKeywordMain.runKeyword(WebUIKeywordMain.groovy:20)
	at com.kms.katalon.core.webui.keyword.builtin.SelectOptionByLabelKeyword.selectOptionByLabel(SelectOptionByLabelKeyword.groovy:98)
	at com.kms.katalon.core.webui.keyword.builtin.SelectOptionByLabelKeyword.execute(SelectOptionByLabelKeyword.groovy:71)
	at com.kms.katalon.core.keyword.internal.KeywordExecutor.executeKeywordForPlatform(KeywordExecutor.groovy:74)
	at com.kms.katalon.core.webui.keyword.WebUiBuiltInKeywords.selectOptionByLabel(WebUiBuiltInKeywords.groovy:1269)
	at Script1704099170054.run(Script1704099170054.groovy:64)
	... 15 more
)
[[ATTACHMENT|C:\\Users\\MODERN 15\\git\\G1_Firefly_testing\\Reports\\20240101_182847\\Transaction\\20240101_182847\\1704108565369.png]]]]></system-out>
         <system-err><![CDATA[01-01-2024T18:29:09 - [TEST_CASE][FAILED] - Test Cases/Transaction: Test Cases/Transaction FAILED.
Reason:
com.kms.katalon.core.exception.StepFailedException: Unable to select option by label '(no piggy bank)' of object 'Object Repository/Transaction/Page_Create new withdrawal  Transactions  F_057ce1/select_(no piggy bank)                  1 (_6b16ef'  using regular expression
	at com.kms.katalon.core.webui.keyword.internal.WebUIKeywordMain.stepFailed(WebUIKeywordMain.groovy:64)
	at com.kms.katalon.core.webui.keyword.internal.WebUIKeywordMain.runKeyword(WebUIKeywordMain.groovy:26)
	at com.kms.katalon.core.webui.keyword.builtin.SelectOptionByLabelKeyword.selectOptionByLabel(SelectOptionByLabelKeyword.groovy:98)
	at com.kms.katalon.core.webui.keyword.builtin.SelectOptionByLabelKeyword.execute(SelectOptionByLabelKeyword.groovy:71)
	at com.kms.katalon.core.keyword.internal.KeywordExecutor.executeKeywordForPlatform(KeywordExecutor.groovy:74)
	at com.kms.katalon.core.webui.keyword.WebUiBuiltInKeywords.selectOptionByLabel(WebUiBuiltInKeywords.groovy:1269)
	at Transaction.run(Transaction:64)
	at com.kms.katalon.core.main.ScriptEngine.run(ScriptEngine.java:194)
	at com.kms.katalon.core.main.ScriptEngine.runScriptAsRawText(ScriptEngine.java:119)
	at com.kms.katalon.core.main.TestCaseExecutor.runScript(TestCaseExecutor.java:448)
	at com.kms.katalon.core.main.TestCaseExecutor.doExecute(TestCaseExecutor.java:439)
	at com.kms.katalon.core.main.TestCaseExecutor.processExecutionPhase(TestCaseExecutor.java:418)
	at com.kms.katalon.core.main.TestCaseExecutor.accessMainPhase(TestCaseExecutor.java:410)
	at com.kms.katalon.core.main.TestCaseExecutor.execute(TestCaseExecutor.java:285)
	at com.kms.katalon.core.common.CommonExecutor.accessTestCaseMainPhase(CommonExecutor.java:65)
	at com.kms.katalon.core.main.TestSuiteExecutor.accessTestSuiteMainPhase(TestSuiteExecutor.java:148)
	at com.kms.katalon.core.main.TestSuiteExecutor.execute(TestSuiteExecutor.java:106)
	at com.kms.katalon.core.main.TestCaseMain.startTestSuite(TestCaseMain.java:180)
	at TempTestSuite1704108527324.run(TempTestSuite1704108527324.groovy:36)
	at java.base/jdk.internal.reflect.NativeMethodAccessorImpl.invoke0(Native Method)
	at java.base/jdk.internal.reflect.NativeMethodAccessorImpl.invoke(NativeMethodAccessorImpl.java:77)
	at java.base/jdk.internal.reflect.DelegatingMethodAccessorImpl.invoke(DelegatingMethodAccessorImpl.java:43)
Caused by: com.kms.katalon.core.exception.StepFailedException: No option matched.
	at com.kms.katalon.core.keyword.internal.KeywordMain.stepFailed(KeywordMain.groovy:51)
	at com.kms.katalon.core.keyword.internal.KeywordMain.stepFailed(KeywordMain.groovy)
	at com.kms.katalon.core.keyword.internal.KeywordMain.stepFailed(KeywordMain.groovy:23)
	at com.kms.katalon.core.webui.keyword.builtin.SelectOptionByLabelKeyword$_selectOptionByLabel_closure1.doCall(SelectOptionByLabelKeyword.groovy:91)
	at com.kms.katalon.core.webui.keyword.builtin.SelectOptionByLabelKeyword$_selectOptionByLabel_closure1.call(SelectOptionByLabelKeyword.groovy)
	at com.kms.katalon.core.webui.keyword.internal.WebUIKeywordMain.runKeyword(WebUIKeywordMain.groovy:20)
	... 20 more]]></system-err>
      </testcase>
      <system-out><![CDATA[01-01-2024T18:28:50 - [TEST_SUITE][FAILED] - Transaction: Test Cases/Transaction FAILED.
Reason:
com.kms.katalon.core.exception.StepFailedException: Unable to select option by label 'My piggy bank (€0.00 / €100.00)' of object 'Object Repository/Transaction/Page_Create new withdrawal  Transactions  F_057ce1/select_(no piggy bank)                  1 (_6b16ef'  using regular expression
	at com.kms.katalon.core.webui.keyword.internal.WebUIKeywordMain.stepFailed(WebUIKeywordMain.groovy:64)
	at com.kms.katalon.core.webui.keyword.internal.WebUIKeywordMain.runKeyword(WebUIKeywordMain.groovy:26)
	at com.kms.katalon.core.webui.keyword.builtin.SelectOptionByLabelKeyword.selectOptionByLabel(SelectOptionByLabelKeyword.groovy:98)
	at com.kms.katalon.core.webui.keyword.builtin.SelectOptionByLabelKeyword.execute(SelectOptionByLabelKeyword.groovy:71)
	at com.kms.katalon.core.keyword.internal.KeywordExecutor.executeKeywordForPlatform(KeywordExecutor.groovy:74)
	at com.kms.katalon.core.webui.keyword.WebUiBuiltInKeywords.selectOptionByLabel(WebUiBuiltInKeywords.groovy:1269)
	at Transaction.run(Transaction:64)
	at com.kms.katalon.core.main.ScriptEngine.run(ScriptEngine.java:194)
	at com.kms.katalon.core.main.ScriptEngine.runScriptAsRawText(ScriptEngine.java:119)
	at com.kms.katalon.core.main.TestCaseExecutor.runScript(TestCaseExecutor.java:448)
	at com.kms.katalon.core.main.TestCaseExecutor.doExecute(TestCaseExecutor.java:439)
	at com.kms.katalon.core.main.TestCaseExecutor.processExecutionPhase(TestCaseExecutor.java:418)
	at com.kms.katalon.core.main.TestCaseExecutor.accessMainPhase(TestCaseExecutor.java:410)
	at com.kms.katalon.core.main.TestCaseExecutor.execute(TestCaseExecutor.java:285)
	at com.kms.katalon.core.common.CommonExecutor.accessTestCaseMainPhase(CommonExecutor.java:65)
	at com.kms.katalon.core.main.TestSuiteExecutor.accessTestSuiteMainPhase(TestSuiteExecutor.java:148)
	at com.kms.katalon.core.main.TestSuiteExecutor.execute(TestSuiteExecutor.java:106)
	at com.kms.katalon.core.main.TestCaseMain.startTestSuite(TestCaseMain.java:180)
	at TempTestSuite1704108527324.run(TempTestSuite1704108527324.groovy:36)
	at java.base/jdk.internal.reflect.NativeMethodAccessorImpl.invoke0(Native Method)
	at java.base/jdk.internal.reflect.NativeMethodAccessorImpl.invoke(NativeMethodAccessorImpl.java:77)
	at java.base/jdk.internal.reflect.DelegatingMethodAccessorImpl.invoke(DelegatingMethodAccessorImpl.java:43)
Caused by: com.kms.katalon.core.exception.StepFailedException: No option matched.
	at com.kms.katalon.core.keyword.internal.KeywordMain.stepFailed(KeywordMain.groovy:51)
	at com.kms.katalon.core.keyword.internal.KeywordMain.stepFailed(KeywordMain.groovy)
	at com.kms.katalon.core.keyword.internal.KeywordMain.stepFailed(KeywordMain.groovy:23)
	at com.kms.katalon.core.webui.keyword.builtin.SelectOptionByLabelKeyword$_selectOptionByLabel_closure1.doCall(SelectOptionByLabelKeyword.groovy:91)
	at com.kms.katalon.core.webui.keyword.builtin.SelectOptionByLabelKeyword$_selectOptionByLabel_closure1.call(SelectOptionByLabelKeyword.groovy)
	at com.kms.katalon.core.webui.keyword.internal.WebUIKeywordMain.runKeyword(WebUIKeywordMain.groovy:20)
	... 20 more]]></system-out>
      <system-err><![CDATA[01-01-2024T18:28:50 - [TEST_SUITE][FAILED] - Transaction: Test Cases/Transaction FAILED.
Reason:
com.kms.katalon.core.exception.StepFailedException: Unable to select option by label 'My piggy bank (€0.00 / €100.00)' of object 'Object Repository/Transaction/Page_Create new withdrawal  Transactions  F_057ce1/select_(no piggy bank)                  1 (_6b16ef'  using regular expression
	at com.kms.katalon.core.webui.keyword.internal.WebUIKeywordMain.stepFailed(WebUIKeywordMain.groovy:64)
	at com.kms.katalon.core.webui.keyword.internal.WebUIKeywordMain.runKeyword(WebUIKeywordMain.groovy:26)
	at com.kms.katalon.core.webui.keyword.builtin.SelectOptionByLabelKeyword.selectOptionByLabel(SelectOptionByLabelKeyword.groovy:98)
	at com.kms.katalon.core.webui.keyword.builtin.SelectOptionByLabelKeyword.execute(SelectOptionByLabelKeyword.groovy:71)
	at com.kms.katalon.core.keyword.internal.KeywordExecutor.executeKeywordForPlatform(KeywordExecutor.groovy:74)
	at com.kms.katalon.core.webui.keyword.WebUiBuiltInKeywords.selectOptionByLabel(WebUiBuiltInKeywords.groovy:1269)
	at Transaction.run(Transaction:64)
	at com.kms.katalon.core.main.ScriptEngine.run(ScriptEngine.java:194)
	at com.kms.katalon.core.main.ScriptEngine.runScriptAsRawText(ScriptEngine.java:119)
	at com.kms.katalon.core.main.TestCaseExecutor.runScript(TestCaseExecutor.java:448)
	at com.kms.katalon.core.main.TestCaseExecutor.doExecute(TestCaseExecutor.java:439)
	at com.kms.katalon.core.main.TestCaseExecutor.processExecutionPhase(TestCaseExecutor.java:418)
	at com.kms.katalon.core.main.TestCaseExecutor.accessMainPhase(TestCaseExecutor.java:410)
	at com.kms.katalon.core.main.TestCaseExecutor.execute(TestCaseExecutor.java:285)
	at com.kms.katalon.core.common.CommonExecutor.accessTestCaseMainPhase(CommonExecutor.java:65)
	at com.kms.katalon.core.main.TestSuiteExecutor.accessTestSuiteMainPhase(TestSuiteExecutor.java:148)
	at com.kms.katalon.core.main.TestSuiteExecutor.execute(TestSuiteExecutor.java:106)
	at com.kms.katalon.core.main.TestCaseMain.startTestSuite(TestCaseMain.java:180)
	at TempTestSuite1704108527324.run(TempTestSuite1704108527324.groovy:36)
	at java.base/jdk.internal.reflect.NativeMethodAccessorImpl.invoke0(Native Method)
	at java.base/jdk.internal.reflect.NativeMethodAccessorImpl.invoke(NativeMethodAccessorImpl.java:77)
	at java.base/jdk.internal.reflect.DelegatingMethodAccessorImpl.invoke(DelegatingMethodAccessorImpl.java:43)
Caused by: com.kms.katalon.core.exception.StepFailedException: No option matched.
	at com.kms.katalon.core.keyword.internal.KeywordMain.stepFailed(KeywordMain.groovy:51)
	at com.kms.katalon.core.keyword.internal.KeywordMain.stepFailed(KeywordMain.groovy)
	at com.kms.katalon.core.keyword.internal.KeywordMain.stepFailed(KeywordMain.groovy:23)
	at com.kms.katalon.core.webui.keyword.builtin.SelectOptionByLabelKeyword$_selectOptionByLabel_closure1.doCall(SelectOptionByLabelKeyword.groovy:91)
	at com.kms.katalon.core.webui.keyword.builtin.SelectOptionByLabelKeyword$_selectOptionByLabel_closure1.call(SelectOptionByLabelKeyword.groovy)
	at com.kms.katalon.core.webui.keyword.internal.WebUIKeywordMain.runKeyword(WebUIKeywordMain.groovy:20)
	... 20 more]]></system-err>
   </testsuite>
</testsuites>
