<?xml version="1.0" encoding="UTF-8"?>
<testsuites name="Piggy Bank" time="232.993" tests="10" failures="0" errors="0">
   <testsuite name="Piggy Bank" tests="10" failures="0" errors="0" time="232.993" skipped="0" timestamp="01-01-2024T22:39:41" hostname="MODERN 15 - Phuc" id="Test Suites/Piggy Bank">
      <properties>
         <property name="deviceName" value=""/>
         <property name="devicePlatform" value=""/>
         <property name="logFolder" value="C:\\Users\\MODERN 15\\git\\G1_Firefly_testing\\Reports\\20240101_223937\\Piggy Bank\\20240101_223937"/>
         <property name="logFiles" value="C:\\Users\\MODERN 15\\git\\G1_Firefly_testing\\Reports\\20240101_223937\\Piggy Bank\\20240101_223937\\execution0.log"/>
         <property name="attachments" value="C:\\Users\\MODERN 15\\git\\G1_Firefly_testing\\Reports\\20240101_223937\\Piggy Bank\\20240101_223937\\1704123605249.png, C:\\Users\\MODERN 15\\git\\G1_Firefly_testing\\Reports\\20240101_223937\\Piggy Bank\\20240101_223937\\1704123605394.png, C:\\Users\\MODERN 15\\git\\G1_Firefly_testing\\Reports\\20240101_223937\\Piggy Bank\\20240101_223937\\1704123625151.png, C:\\Users\\MODERN 15\\git\\G1_Firefly_testing\\Reports\\20240101_223937\\Piggy Bank\\20240101_223937\\1704123625258.png, C:\\Users\\MODERN 15\\git\\G1_Firefly_testing\\Reports\\20240101_223937\\Piggy Bank\\20240101_223937\\1704123647315.png, C:\\Users\\MODERN 15\\git\\G1_Firefly_testing\\Reports\\20240101_223937\\Piggy Bank\\20240101_223937\\1704123647450.png, C:\\Users\\MODERN 15\\git\\G1_Firefly_testing\\Reports\\20240101_223937\\Piggy Bank\\20240101_223937\\1704123668848.png, C:\\Users\\MODERN 15\\git\\G1_Firefly_testing\\Reports\\20240101_223937\\Piggy Bank\\20240101_223937\\1704123668987.png, C:\\Users\\MODERN 15\\git\\G1_Firefly_testing\\Reports\\20240101_223937\\Piggy Bank\\20240101_223937\\1704123687344.png, C:\\Users\\MODERN 15\\git\\G1_Firefly_testing\\Reports\\20240101_223937\\Piggy Bank\\20240101_223937\\1704123687471.png, C:\\Users\\MODERN 15\\git\\G1_Firefly_testing\\Reports\\20240101_223937\\Piggy Bank\\20240101_223937\\1704123707967.png, C:\\Users\\MODERN 15\\git\\G1_Firefly_testing\\Reports\\20240101_223937\\Piggy Bank\\20240101_223937\\1704123708117.png, C:\\Users\\MODERN 15\\git\\G1_Firefly_testing\\Reports\\20240101_223937\\Piggy Bank\\20240101_223937\\1704123752648.png, C:\\Users\\MODERN 15\\git\\G1_Firefly_testing\\Reports\\20240101_223937\\Piggy Bank\\20240101_223937\\1704123752802.png, C:\\Users\\MODERN 15\\git\\G1_Firefly_testing\\Reports\\20240101_223937\\Piggy Bank\\20240101_223937\\1704123772345.png, C:\\Users\\MODERN 15\\git\\G1_Firefly_testing\\Reports\\20240101_223937\\Piggy Bank\\20240101_223937\\1704123772462.png, C:\\Users\\MODERN 15\\git\\G1_Firefly_testing\\Reports\\20240101_223937\\Piggy Bank\\20240101_223937\\1704123794192.png, C:\\Users\\MODERN 15\\git\\G1_Firefly_testing\\Reports\\20240101_223937\\Piggy Bank\\20240101_223937\\1704123794334.png, C:\\Users\\MODERN 15\\git\\G1_Firefly_testing\\Reports\\20240101_223937\\Piggy Bank\\20240101_223937\\1704123814094.png, C:\\Users\\MODERN 15\\git\\G1_Firefly_testing\\Reports\\20240101_223937\\Piggy Bank\\20240101_223937\\1704123814230.png"/>
         <property name="hostName" value="MODERN 15 - Phuc"/>
         <property name="os" value="Windows 11 64bit"/>
         <property name="katalonVersion" value="9.1.0.212"/>
         <property name="browser" value="Chrome 120.0.0.0"/>
         <property name="hostAddress" value="192.168.1.4"/>
         <property name="sessionId" value="f8aa1d8e7beb27c5f5c1c303e0e3183f"/>
         <property name="seleniumVersion" value="3.141.59"/>
         <property name="proxyInformation" value="ProxyInformation { proxyOption=NO_PROXY, proxyServerType=HTTP, username=, password=********, proxyServerAddress=, proxyServerPort=0, executionList=&quot;&quot;, isApplyToDesiredCapabilities=true }"/>
         <property name="platform" value="Windows 11"/>
      </properties>
      <testcase name="Test Cases/Piggy Bank" time="23.91" classname="Test Cases/Piggy Bank" status="PASSED">
         <system-out><![CDATA[01-01-2024T22:39:42 - [TEST_CASE][PASSED] - Test Cases/Piggy Bank: Test Cases/Piggy Bank

01-01-2024T22:39:42 - [TEST_STEP][PASSED] - openBrowser(""): Browser is opened with url: ''

01-01-2024T22:39:43 - [MESSAGE][INFO] - Starting 'Chrome' driver

01-01-2024T22:39:43 - [MESSAGE][INFO] - Action delay is set to 0 milliseconds

01-01-2024T22:39:44 - [MESSAGE][PASSED] - Browser is opened with url: ''

01-01-2024T22:39:44 - [TEST_STEP][PASSED] - navigateToUrl("https://firefly.buudadawg.online/login"): Navigate to 'https://firefly.buudadawg.online/login' successfully

01-01-2024T22:39:47 - [MESSAGE][PASSED] - Navigate to 'https://firefly.buudadawg.online/login' successfully

01-01-2024T22:39:47 - [TEST_STEP][PASSED] - setText(findTestObject("Object Repository/Piggy Bank/Page_Login to Firefly III/input_email"), username): Text 'killermh1352@gmail.com' is set on object 'Object Repository/Piggy Bank/Page_Login to Firefly III/input_email'

01-01-2024T22:39:48 - [MESSAGE][PASSED] - Text 'killermh1352@gmail.com' is set on object 'Object Repository/Piggy Bank/Page_Login to Firefly III/input_email'

01-01-2024T22:39:48 - [TEST_STEP][PASSED] - setText(findTestObject("Object Repository/Piggy Bank/Page_Login to Firefly III/input_password"), password): Text 'tranvinhphuc2002' is set on object 'Object Repository/Piggy Bank/Page_Login to Firefly III/input_password'

01-01-2024T22:39:49 - [MESSAGE][PASSED] - Text 'tranvinhphuc2002' is set on object 'Object Repository/Piggy Bank/Page_Login to Firefly III/input_password'

01-01-2024T22:39:49 - [TEST_STEP][PASSED] - sendKeys(findTestObject("Object Repository/Piggy Bank/Page_Login to Firefly III/input_password"), Keys.chord(ENTER)): Keys 'ENTER + ' sent to object: 'Object Repository/Piggy Bank/Page_Login to Firefly III/input_password'

01-01-2024T22:39:50 - [MESSAGE][PASSED] - Keys 'ENTER + ' sent to object: 'Object Repository/Piggy Bank/Page_Login to Firefly III/input_password'

01-01-2024T22:39:50 - [TEST_STEP][PASSED] - click(findTestObject("Object Repository/Piggy Bank/Page_Whats playing  Firefly III/a_Piggy banks")): Object: 'Object Repository/Piggy Bank/Page_Whats playing  Firefly III/a_Piggy banks' is clicked on

01-01-2024T22:39:52 - [MESSAGE][PASSED] - Object: 'Object Repository/Piggy Bank/Page_Whats playing  Firefly III/a_Piggy banks' is clicked on

01-01-2024T22:39:52 - [TEST_STEP][PASSED] - click(findTestObject("Piggy Bank/Page_Piggy banks  Firefly III/a_Create new piggy bank")): Object: 'Object Repository/Piggy Bank/Page_Piggy banks  Firefly III/a_Create new piggy bank' is clicked on

01-01-2024T22:39:53 - [MESSAGE][PASSED] - Object: 'Object Repository/Piggy Bank/Page_Piggy banks  Firefly III/a_Create new piggy bank' is clicked on

01-01-2024T22:39:53 - [TEST_STEP][PASSED] - setText(findTestObject("Object Repository/Piggy Bank/Page_New piggy bank  Piggy banks  Firefly III/input_name"), name): Text 'Entegris, Inc.' is set on object 'Object Repository/Piggy Bank/Page_New piggy bank  Piggy banks  Firefly III/input_name'

01-01-2024T22:39:53 - [MESSAGE][PASSED] - Text 'Entegris, Inc.' is set on object 'Object Repository/Piggy Bank/Page_New piggy bank  Piggy banks  Firefly III/input_name'

01-01-2024T22:39:53 - [TEST_STEP][PASSED] - selectOptionByLabel(findTestObject("Object Repository/Piggy Bank/Page_New piggy bank  Piggy banks  Firefly III/select_My Savings AccountMy Asset Account"), save_on_account, true): All options with label 'My Savings Account' are selected in object 'Object Repository/Piggy Bank/Page_New piggy bank  Piggy banks  Firefly III/select_My Savings AccountMy Asset Account'  using regular expression

01-01-2024T22:39:54 - [MESSAGE][PASSED] - All options with label 'My Savings Account' are selected in object 'Object Repository/Piggy Bank/Page_New piggy bank  Piggy banks  Firefly III/select_My Savings AccountMy Asset Account'  using regular expression

01-01-2024T22:39:54 - [TEST_STEP][PASSED] - setText(findTestObject("Object Repository/Piggy Bank/Page_New piggy bank  Piggy banks  Firefly III/input_targetamount"), target_amount): Text '13195' is set on object 'Object Repository/Piggy Bank/Page_New piggy bank  Piggy banks  Firefly III/input_targetamount'

01-01-2024T22:39:55 - [MESSAGE][PASSED] - Text '13195' is set on object 'Object Repository/Piggy Bank/Page_New piggy bank  Piggy banks  Firefly III/input_targetamount'

01-01-2024T22:39:55 - [TEST_STEP][PASSED] - setText(findTestObject("Object Repository/Piggy Bank/Page_New piggy bank  Piggy banks  Firefly III/textarea_notes"), notes): Text 'in lectus pellentesque at nulla suspendisse potenti cras in purus eu magna vulputate luctus cum sociis natoque penatibus et magnis dis parturient montes nascetur ridiculus mus vivamus vestibulum sagittis sapien cum sociis natoque penatibus et magnis dis parturient montes nascetur ridiculus mus etiam vel augue vestibulum rutrum rutrum neque aenean auctor gravida sem praesent id massa id nisl venenatis lacinia aenean sit amet justo morbi ut odio cras mi pede malesuada in imperdiet et commodo vulputate justo in blandit ultrices enim lorem ipsum dolor sit amet consectetuer adipiscing elit proin interdum mauris non ligula pellentesque ultrices phasellus id sapien in sapien iaculis congue vivamus metus arcu adipiscing molestie hendrerit at vulputate vitae nisl aenean lectus pellentesque eget nunc donec quis orci eget orci vehicula condimentum curabitur in libero ut massa volutpat convallis morbi odio odio elementum eu interdum eu tincidunt in leo maecenas pulvinar lobortis est phasellus sit amet erat nulla tempus vivamus in felis eu sapien cursus vestibulum proin eu mi nulla ac enim in tempor turpis nec euismod scelerisque quam turpis adipiscing lorem vitae mattis nibh ligula nec sem duis aliquam convallis nunc proin at turpis a pede posuere nonummy integer' is set on object 'Object Repository/Piggy Bank/Page_New piggy bank  Piggy banks  Firefly III/textarea_notes'

01-01-2024T22:39:58 - [MESSAGE][PASSED] - Text 'in lectus pellentesque at nulla suspendisse potenti cras in purus eu magna vulputate luctus cum sociis natoque penatibus et magnis dis parturient montes nascetur ridiculus mus vivamus vestibulum sagittis sapien cum sociis natoque penatibus et magnis dis parturient montes nascetur ridiculus mus etiam vel augue vestibulum rutrum rutrum neque aenean auctor gravida sem praesent id massa id nisl venenatis lacinia aenean sit amet justo morbi ut odio cras mi pede malesuada in imperdiet et commodo vulputate justo in blandit ultrices enim lorem ipsum dolor sit amet consectetuer adipiscing elit proin interdum mauris non ligula pellentesque ultrices phasellus id sapien in sapien iaculis congue vivamus metus arcu adipiscing molestie hendrerit at vulputate vitae nisl aenean lectus pellentesque eget nunc donec quis orci eget orci vehicula condimentum curabitur in libero ut massa volutpat convallis morbi odio odio elementum eu interdum eu tincidunt in leo maecenas pulvinar lobortis est phasellus sit amet erat nulla tempus vivamus in felis eu sapien cursus vestibulum proin eu mi nulla ac enim in tempor turpis nec euismod scelerisque quam turpis adipiscing lorem vitae mattis nibh ligula nec sem duis aliquam convallis nunc proin at turpis a pede posuere nonummy integer' is set on object 'Object Repository/Piggy Bank/Page_New piggy bank  Piggy banks  Firefly III/textarea_notes'

01-01-2024T22:39:58 - [TEST_STEP][PASSED] - setText(findTestObject("Object Repository/Piggy Bank/Page_New piggy bank  Piggy banks  Firefly III/input_object_group"), group): Text 'vivamus vel nulla eget eros elementum pellentesque quisque porta volutpat erat quisque erat eros viverra eget congue eget' is set on object 'Object Repository/Piggy Bank/Page_New piggy bank  Piggy banks  Firefly III/input_object_group'

01-01-2024T22:39:59 - [MESSAGE][PASSED] - Text 'vivamus vel nulla eget eros elementum pellentesque quisque porta volutpat erat quisque erat eros viverra eget congue eget' is set on object 'Object Repository/Piggy Bank/Page_New piggy bank  Piggy banks  Firefly III/input_object_group'

01-01-2024T22:39:59 - [TEST_STEP][PASSED] - setText(findTestObject("Piggy Bank/Page_New piggy bank  Piggy banks  Firefly III/input_date"), target_date): Text '10/23/2023' is set on object 'Object Repository/Piggy Bank/Page_New piggy bank  Piggy banks  Firefly III/input_date'

01-01-2024T22:40:00 - [MESSAGE][PASSED] - Text '10/23/2023' is set on object 'Object Repository/Piggy Bank/Page_New piggy bank  Piggy banks  Firefly III/input_date'

01-01-2024T22:40:00 - [TEST_STEP][PASSED] - if (attachment): File 'C:\Users\MODERN 15\git\G1_Firefly_testing\Attachments File\MOCK_DATA.csv' sent to object: 'Object Repository/Piggy Bank/Page_New piggy bank  Piggy banks  Firefly III/button_upload'

01-01-2024T22:40:00 - [TEST_STEP][PASSED] - absolutePath = normalize().toString(): null

01-01-2024T22:40:00 - [TEST_STEP][PASSED] - uploadFile(findTestObject("Piggy Bank/Page_New piggy bank  Piggy banks  Firefly III/button_upload"), absolutePath): File 'C:\Users\MODERN 15\git\G1_Firefly_testing\Attachments File\MOCK_DATA.csv' sent to object: 'Object Repository/Piggy Bank/Page_New piggy bank  Piggy banks  Firefly III/button_upload'

01-01-2024T22:40:01 - [MESSAGE][PASSED] - File 'C:\Users\MODERN 15\git\G1_Firefly_testing\Attachments File\MOCK_DATA.csv' sent to object: 'Object Repository/Piggy Bank/Page_New piggy bank  Piggy banks  Firefly III/button_upload'

01-01-2024T22:40:01 - [TEST_STEP][PASSED] - click(findTestObject("Object Repository/Piggy Bank/Page_New piggy bank  Piggy banks  Firefly III/div_Mandatory fields                       _ed7e9e")): Object: 'Object Repository/Piggy Bank/Page_New piggy bank  Piggy banks  Firefly III/div_Mandatory fields                       _ed7e9e' is clicked on

01-01-2024T22:40:01 - [MESSAGE][PASSED] - Object: 'Object Repository/Piggy Bank/Page_New piggy bank  Piggy banks  Firefly III/div_Mandatory fields                       _ed7e9e' is clicked on

01-01-2024T22:40:01 - [TEST_STEP][PASSED] - click(findTestObject("Object Repository/Piggy Bank/Page_New piggy bank  Piggy banks  Firefly III/button_Store new piggy bank")): Object: 'Object Repository/Piggy Bank/Page_New piggy bank  Piggy banks  Firefly III/button_Store new piggy bank' is clicked on

01-01-2024T22:40:03 - [MESSAGE][PASSED] - Object: 'Object Repository/Piggy Bank/Page_New piggy bank  Piggy banks  Firefly III/button_Store new piggy bank' is clicked on

01-01-2024T22:40:03 - [TEST_STEP][FAILED] - try: Unable to verify object 'Object Repository/Shared_alert/success_alert' is not present (Root cause: com.kms.katalon.core.exception.StepFailedException: Unable to verify object 'Object Repository/Shared_alert/success_alert' is not present
	at com.kms.katalon.core.webui.keyword.internal.WebUIKeywordMain.stepFailed(WebUIKeywordMain.groovy:64)
	at com.kms.katalon.core.webui.keyword.internal.WebUIKeywordMain.runKeyword(WebUIKeywordMain.groovy:26)
	at com.kms.katalon.core.webui.keyword.internal.WebUIKeywordMain$runKeyword.call(Unknown Source)
	at com.kms.katalon.core.webui.keyword.builtin.VerifyElementNotPresentKeyword.verifyElementNotPresent(VerifyElementNotPresentKeyword.groovy:122)
	at com.kms.katalon.core.webui.keyword.builtin.VerifyElementNotPresentKeyword.execute(VerifyElementNotPresentKeyword.groovy:68)
	at com.kms.katalon.core.keyword.internal.KeywordExecutor.executeKeywordForPlatform(KeywordExecutor.groovy:74)
	at com.kms.katalon.core.webui.keyword.WebUiBuiltInKeywords.verifyElementNotPresent(WebUiBuiltInKeywords.groovy:1536)
	at Piggy Bank.run(Piggy Bank:64)
	at com.kms.katalon.core.main.ScriptEngine.run(ScriptEngine.java:194)
	at com.kms.katalon.core.main.ScriptEngine.runScriptAsRawText(ScriptEngine.java:119)
	at com.kms.katalon.core.main.TestCaseExecutor.runScript(TestCaseExecutor.java:448)
	at com.kms.katalon.core.main.TestCaseExecutor.doExecute(TestCaseExecutor.java:439)
	at com.kms.katalon.core.main.TestCaseExecutor.processExecutionPhase(TestCaseExecutor.java:418)
	at com.kms.katalon.core.main.TestCaseExecutor.accessMainPhase(TestCaseExecutor.java:410)
	at com.kms.katalon.core.main.TestCaseExecutor.execute(TestCaseExecutor.java:285)
	at com.kms.katalon.core.common.CommonExecutor.accessTestCaseMainPhase(CommonExecutor.java:65)
	at com.kms.katalon.core.main.TestSuiteExecutor.accessTestSuiteMainPhase(TestSuiteExecutor.java:148)
	at com.kms.katalon.core.main.TestSuiteExecutor.execute(TestSuiteExecutor.java:106)
	at com.kms.katalon.core.main.TestCaseMain.startTestSuite(TestCaseMain.java:180)
	at TempTestSuite1704123577203.run(TempTestSuite1704123577203.groovy:36)
	at java.base/jdk.internal.reflect.NativeMethodAccessorImpl.invoke0(Native Method)
	at java.base/jdk.internal.reflect.NativeMethodAccessorImpl.invoke(NativeMethodAccessorImpl.java:77)
	at java.base/jdk.internal.reflect.DelegatingMethodAccessorImpl.invoke(DelegatingMethodAccessorImpl.java:43)
Caused by: com.kms.katalon.core.exception.StepFailedException: Web element with id: 'Object Repository/Shared_alert/success_alert' located by 'By.cssSelector: #app > div.content-wrapper > section.content > div' is present after '1' second(s)
	at com.kms.katalon.core.webui.keyword.internal.WebUIKeywordMain.stepFailed(WebUIKeywordMain.groovy:64)
	at com.kms.katalon.core.webui.keyword.internal.WebUIKeywordMain$stepFailed$0.call(Unknown Source)
	at com.kms.katalon.core.webui.keyword.builtin.VerifyElementNotPresentKeyword$_verifyElementNotPresent_closure1.doCall(VerifyElementNotPresentKeyword.groovy:113)
	at com.kms.katalon.core.webui.keyword.builtin.VerifyElementNotPresentKeyword$_verifyElementNotPresent_closure1.doCall(VerifyElementNotPresentKeyword.groovy)
	at java.base/jdk.internal.reflect.NativeMethodAccessorImpl.invoke0(Native Method)
	at java.base/jdk.internal.reflect.NativeMethodAccessorImpl.invoke(NativeMethodAccessorImpl.java:77)
	at java.base/jdk.internal.reflect.DelegatingMethodAccessorImpl.invoke(DelegatingMethodAccessorImpl.java:43)
	at com.kms.katalon.core.webui.keyword.internal.WebUIKeywordMain.runKeyword(WebUIKeywordMain.groovy:20)
	... 21 more
)

01-01-2024T22:40:03 - [TEST_STEP][PASSED] - verifyElementPresent(findTestObject("Shared_alert/text_dangers"), 1): Object 'Object Repository/Shared_alert/text_dangers' is present

01-01-2024T22:40:04 - [MESSAGE][PASSED] - Object 'Object Repository/Shared_alert/text_dangers' is present

01-01-2024T22:40:04 - [TEST_STEP][FAILED] - verifyElementNotPresent(findTestObject("Shared_alert/success_alert"), 1): Unable to verify object 'Object Repository/Shared_alert/success_alert' is not present (Root cause: com.kms.katalon.core.exception.StepFailedException: Unable to verify object 'Object Repository/Shared_alert/success_alert' is not present
	at com.kms.katalon.core.webui.keyword.internal.WebUIKeywordMain.stepFailed(WebUIKeywordMain.groovy:64)
	at com.kms.katalon.core.webui.keyword.internal.WebUIKeywordMain.runKeyword(WebUIKeywordMain.groovy:26)
	at com.kms.katalon.core.webui.keyword.internal.WebUIKeywordMain$runKeyword.call(Unknown Source)
	at com.kms.katalon.core.webui.keyword.builtin.VerifyElementNotPresentKeyword.verifyElementNotPresent(VerifyElementNotPresentKeyword.groovy:122)
	at com.kms.katalon.core.webui.keyword.builtin.VerifyElementNotPresentKeyword.execute(VerifyElementNotPresentKeyword.groovy:68)
	at com.kms.katalon.core.keyword.internal.KeywordExecutor.executeKeywordForPlatform(KeywordExecutor.groovy:74)
	at com.kms.katalon.core.webui.keyword.WebUiBuiltInKeywords.verifyElementNotPresent(WebUiBuiltInKeywords.groovy:1536)
	at Piggy Bank.run(Piggy Bank:64)
	at com.kms.katalon.core.main.ScriptEngine.run(ScriptEngine.java:194)
	at com.kms.katalon.core.main.ScriptEngine.runScriptAsRawText(ScriptEngine.java:119)
	at com.kms.katalon.core.main.TestCaseExecutor.runScript(TestCaseExecutor.java:448)
	at com.kms.katalon.core.main.TestCaseExecutor.doExecute(TestCaseExecutor.java:439)
	at com.kms.katalon.core.main.TestCaseExecutor.processExecutionPhase(TestCaseExecutor.java:418)
	at com.kms.katalon.core.main.TestCaseExecutor.accessMainPhase(TestCaseExecutor.java:410)
	at com.kms.katalon.core.main.TestCaseExecutor.execute(TestCaseExecutor.java:285)
	at com.kms.katalon.core.common.CommonExecutor.accessTestCaseMainPhase(CommonExecutor.java:65)
	at com.kms.katalon.core.main.TestSuiteExecutor.accessTestSuiteMainPhase(TestSuiteExecutor.java:148)
	at com.kms.katalon.core.main.TestSuiteExecutor.execute(TestSuiteExecutor.java:106)
	at com.kms.katalon.core.main.TestCaseMain.startTestSuite(TestCaseMain.java:180)
	at TempTestSuite1704123577203.run(TempTestSuite1704123577203.groovy:36)
	at java.base/jdk.internal.reflect.NativeMethodAccessorImpl.invoke0(Native Method)
	at java.base/jdk.internal.reflect.NativeMethodAccessorImpl.invoke(NativeMethodAccessorImpl.java:77)
	at java.base/jdk.internal.reflect.DelegatingMethodAccessorImpl.invoke(DelegatingMethodAccessorImpl.java:43)
Caused by: com.kms.katalon.core.exception.StepFailedException: Web element with id: 'Object Repository/Shared_alert/success_alert' located by 'By.cssSelector: #app > div.content-wrapper > section.content > div' is present after '1' second(s)
	at com.kms.katalon.core.webui.keyword.internal.WebUIKeywordMain.stepFailed(WebUIKeywordMain.groovy:64)
	at com.kms.katalon.core.webui.keyword.internal.WebUIKeywordMain$stepFailed$0.call(Unknown Source)
	at com.kms.katalon.core.webui.keyword.builtin.VerifyElementNotPresentKeyword$_verifyElementNotPresent_closure1.doCall(VerifyElementNotPresentKeyword.groovy:113)
	at com.kms.katalon.core.webui.keyword.builtin.VerifyElementNotPresentKeyword$_verifyElementNotPresent_closure1.doCall(VerifyElementNotPresentKeyword.groovy)
	at java.base/jdk.internal.reflect.NativeMethodAccessorImpl.invoke0(Native Method)
	at java.base/jdk.internal.reflect.NativeMethodAccessorImpl.invoke(NativeMethodAccessorImpl.java:77)
	at java.base/jdk.internal.reflect.DelegatingMethodAccessorImpl.invoke(DelegatingMethodAccessorImpl.java:43)
	at com.kms.katalon.core.webui.keyword.internal.WebUIKeywordMain.runKeyword(WebUIKeywordMain.groovy:20)
	... 21 more
)

01-01-2024T22:40:05 - [MESSAGE][FAILED] - Web element with id: 'Object Repository/Shared_alert/success_alert' located by 'By.cssSelector: #app > div.content-wrapper > section.content > div' is present after '1' second(s) (Root cause: com.kms.katalon.core.exception.StepFailedException: Web element with id: 'Object Repository/Shared_alert/success_alert' located by 'By.cssSelector: #app > div.content-wrapper > section.content > div' is present after '1' second(s)
	at com.kms.katalon.core.webui.keyword.internal.WebUIKeywordMain.stepFailed(WebUIKeywordMain.groovy:64)
	at com.kms.katalon.core.webui.keyword.internal.WebUIKeywordMain$stepFailed$0.call(Unknown Source)
	at com.kms.katalon.core.webui.keyword.builtin.VerifyElementNotPresentKeyword$_verifyElementNotPresent_closure1.doCall(VerifyElementNotPresentKeyword.groovy:113)
	at com.kms.katalon.core.webui.keyword.builtin.VerifyElementNotPresentKeyword$_verifyElementNotPresent_closure1.doCall(VerifyElementNotPresentKeyword.groovy)
	at java.base/jdk.internal.reflect.NativeMethodAccessorImpl.invoke0(Native Method)
	at java.base/jdk.internal.reflect.NativeMethodAccessorImpl.invoke(NativeMethodAccessorImpl.java:77)
	at java.base/jdk.internal.reflect.DelegatingMethodAccessorImpl.invoke(DelegatingMethodAccessorImpl.java:43)
	at com.kms.katalon.core.webui.keyword.internal.WebUIKeywordMain.runKeyword(WebUIKeywordMain.groovy:20)
	at com.kms.katalon.core.webui.keyword.internal.WebUIKeywordMain$runKeyword.call(Unknown Source)
	at com.kms.katalon.core.webui.keyword.builtin.VerifyElementNotPresentKeyword.verifyElementNotPresent(VerifyElementNotPresentKeyword.groovy:122)
	at com.kms.katalon.core.webui.keyword.builtin.VerifyElementNotPresentKeyword.execute(VerifyElementNotPresentKeyword.groovy:68)
	at com.kms.katalon.core.keyword.internal.KeywordExecutor.executeKeywordForPlatform(KeywordExecutor.groovy:74)
	at com.kms.katalon.core.webui.keyword.WebUiBuiltInKeywords.verifyElementNotPresent(WebUiBuiltInKeywords.groovy:1536)
	at Piggy Bank.run(Piggy Bank:64)
	at com.kms.katalon.core.main.ScriptEngine.run(ScriptEngine.java:194)
	at com.kms.katalon.core.main.ScriptEngine.runScriptAsRawText(ScriptEngine.java:119)
	at com.kms.katalon.core.main.TestCaseExecutor.runScript(TestCaseExecutor.java:448)
	at com.kms.katalon.core.main.TestCaseExecutor.doExecute(TestCaseExecutor.java:439)
	at com.kms.katalon.core.main.TestCaseExecutor.processExecutionPhase(TestCaseExecutor.java:418)
	at com.kms.katalon.core.main.TestCaseExecutor.accessMainPhase(TestCaseExecutor.java:410)
	at com.kms.katalon.core.main.TestCaseExecutor.execute(TestCaseExecutor.java:285)
	at com.kms.katalon.core.common.CommonExecutor.accessTestCaseMainPhase(CommonExecutor.java:65)
	at com.kms.katalon.core.main.TestSuiteExecutor.accessTestSuiteMainPhase(TestSuiteExecutor.java:148)
	at com.kms.katalon.core.main.TestSuiteExecutor.execute(TestSuiteExecutor.java:106)
	at com.kms.katalon.core.main.TestCaseMain.startTestSuite(TestCaseMain.java:180)
	at TempTestSuite1704123577203.run(TempTestSuite1704123577203.groovy:36)
	at java.base/jdk.internal.reflect.NativeMethodAccessorImpl.invoke0(Native Method)
	at java.base/jdk.internal.reflect.NativeMethodAccessorImpl.invoke(NativeMethodAccessorImpl.java:77)
	at java.base/jdk.internal.reflect.DelegatingMethodAccessorImpl.invoke(DelegatingMethodAccessorImpl.java:43)
)
[[ATTACHMENT|C:\\Users\\MODERN 15\\git\\G1_Firefly_testing\\Reports\\20240101_223937\\Piggy Bank\\20240101_223937\\1704123605249.png]]

01-01-2024T22:40:05 - [MESSAGE][FAILED] - Unable to verify object 'Object Repository/Shared_alert/success_alert' is not present (Root cause: com.kms.katalon.core.exception.StepFailedException: Unable to verify object 'Object Repository/Shared_alert/success_alert' is not present
	at com.kms.katalon.core.webui.keyword.internal.WebUIKeywordMain.stepFailed(WebUIKeywordMain.groovy:64)
	at com.kms.katalon.core.webui.keyword.internal.WebUIKeywordMain.runKeyword(WebUIKeywordMain.groovy:26)
	at com.kms.katalon.core.webui.keyword.internal.WebUIKeywordMain$runKeyword.call(Unknown Source)
	at com.kms.katalon.core.webui.keyword.builtin.VerifyElementNotPresentKeyword.verifyElementNotPresent(VerifyElementNotPresentKeyword.groovy:122)
	at com.kms.katalon.core.webui.keyword.builtin.VerifyElementNotPresentKeyword.execute(VerifyElementNotPresentKeyword.groovy:68)
	at com.kms.katalon.core.keyword.internal.KeywordExecutor.executeKeywordForPlatform(KeywordExecutor.groovy:74)
	at com.kms.katalon.core.webui.keyword.WebUiBuiltInKeywords.verifyElementNotPresent(WebUiBuiltInKeywords.groovy:1536)
	at Piggy Bank.run(Piggy Bank:64)
	at com.kms.katalon.core.main.ScriptEngine.run(ScriptEngine.java:194)
	at com.kms.katalon.core.main.ScriptEngine.runScriptAsRawText(ScriptEngine.java:119)
	at com.kms.katalon.core.main.TestCaseExecutor.runScript(TestCaseExecutor.java:448)
	at com.kms.katalon.core.main.TestCaseExecutor.doExecute(TestCaseExecutor.java:439)
	at com.kms.katalon.core.main.TestCaseExecutor.processExecutionPhase(TestCaseExecutor.java:418)
	at com.kms.katalon.core.main.TestCaseExecutor.accessMainPhase(TestCaseExecutor.java:410)
	at com.kms.katalon.core.main.TestCaseExecutor.execute(TestCaseExecutor.java:285)
	at com.kms.katalon.core.common.CommonExecutor.accessTestCaseMainPhase(CommonExecutor.java:65)
	at com.kms.katalon.core.main.TestSuiteExecutor.accessTestSuiteMainPhase(TestSuiteExecutor.java:148)
	at com.kms.katalon.core.main.TestSuiteExecutor.execute(TestSuiteExecutor.java:106)
	at com.kms.katalon.core.main.TestCaseMain.startTestSuite(TestCaseMain.java:180)
	at TempTestSuite1704123577203.run(TempTestSuite1704123577203.groovy:36)
	at java.base/jdk.internal.reflect.NativeMethodAccessorImpl.invoke0(Native Method)
	at java.base/jdk.internal.reflect.NativeMethodAccessorImpl.invoke(NativeMethodAccessorImpl.java:77)
	at java.base/jdk.internal.reflect.DelegatingMethodAccessorImpl.invoke(DelegatingMethodAccessorImpl.java:43)
Caused by: com.kms.katalon.core.exception.StepFailedException: Web element with id: 'Object Repository/Shared_alert/success_alert' located by 'By.cssSelector: #app > div.content-wrapper > section.content > div' is present after '1' second(s)
	at com.kms.katalon.core.webui.keyword.internal.WebUIKeywordMain.stepFailed(WebUIKeywordMain.groovy:64)
	at com.kms.katalon.core.webui.keyword.internal.WebUIKeywordMain$stepFailed$0.call(Unknown Source)
	at com.kms.katalon.core.webui.keyword.builtin.VerifyElementNotPresentKeyword$_verifyElementNotPresent_closure1.doCall(VerifyElementNotPresentKeyword.groovy:113)
	at com.kms.katalon.core.webui.keyword.builtin.VerifyElementNotPresentKeyword$_verifyElementNotPresent_closure1.doCall(VerifyElementNotPresentKeyword.groovy)
	at java.base/jdk.internal.reflect.NativeMethodAccessorImpl.invoke0(Native Method)
	at java.base/jdk.internal.reflect.NativeMethodAccessorImpl.invoke(NativeMethodAccessorImpl.java:77)
	at java.base/jdk.internal.reflect.DelegatingMethodAccessorImpl.invoke(DelegatingMethodAccessorImpl.java:43)
	at com.kms.katalon.core.webui.keyword.internal.WebUIKeywordMain.runKeyword(WebUIKeywordMain.groovy:20)
	... 21 more
)
[[ATTACHMENT|C:\\Users\\MODERN 15\\git\\G1_Firefly_testing\\Reports\\20240101_223937\\Piggy Bank\\20240101_223937\\1704123605394.png]]

01-01-2024T22:40:05 - [TEST_STEP][PASSED] - catch (Exception err): null

01-01-2024T22:40:05 - [TEST_STEP][PASSED] - verifyElementPresent(findTestObject("Shared_alert/success_alert"), 1): Object 'Object Repository/Shared_alert/success_alert' is present

01-01-2024T22:40:05 - [MESSAGE][PASSED] - Object 'Object Repository/Shared_alert/success_alert' is present

01-01-2024T22:40:05 - [TEST_STEP][PASSED] - out.println("success"): null

01-01-2024T22:40:05 - [TEST_STEP][PASSED] - closeBrowser(): Browser is closed

01-01-2024T22:40:06 - [MESSAGE][PASSED] - Browser is closed]]></system-out>
         <system-err><![CDATA[]]></system-err>
      </testcase>
      <testcase name="Test Cases/Piggy Bank" time="19.652" classname="Test Cases/Piggy Bank" status="PASSED">
         <system-out><![CDATA[01-01-2024T22:40:06 - [TEST_CASE][PASSED] - Test Cases/Piggy Bank: Test Cases/Piggy Bank

01-01-2024T22:40:06 - [TEST_STEP][PASSED] - openBrowser(""): Browser is opened with url: ''

01-01-2024T22:40:06 - [MESSAGE][INFO] - Starting 'Chrome' driver

01-01-2024T22:40:06 - [MESSAGE][INFO] - Action delay is set to 0 milliseconds

01-01-2024T22:40:07 - [MESSAGE][PASSED] - Browser is opened with url: ''

01-01-2024T22:40:07 - [TEST_STEP][PASSED] - navigateToUrl("https://firefly.buudadawg.online/login"): Navigate to 'https://firefly.buudadawg.online/login' successfully

01-01-2024T22:40:10 - [MESSAGE][PASSED] - Navigate to 'https://firefly.buudadawg.online/login' successfully

01-01-2024T22:40:10 - [TEST_STEP][PASSED] - setText(findTestObject("Object Repository/Piggy Bank/Page_Login to Firefly III/input_email"), username): Text 'killermh1352@gmail.com' is set on object 'Object Repository/Piggy Bank/Page_Login to Firefly III/input_email'

01-01-2024T22:40:10 - [MESSAGE][PASSED] - Text 'killermh1352@gmail.com' is set on object 'Object Repository/Piggy Bank/Page_Login to Firefly III/input_email'

01-01-2024T22:40:10 - [TEST_STEP][PASSED] - setText(findTestObject("Object Repository/Piggy Bank/Page_Login to Firefly III/input_password"), password): Text 'tranvinhphuc2002' is set on object 'Object Repository/Piggy Bank/Page_Login to Firefly III/input_password'

01-01-2024T22:40:11 - [MESSAGE][PASSED] - Text 'tranvinhphuc2002' is set on object 'Object Repository/Piggy Bank/Page_Login to Firefly III/input_password'

01-01-2024T22:40:11 - [TEST_STEP][PASSED] - sendKeys(findTestObject("Object Repository/Piggy Bank/Page_Login to Firefly III/input_password"), Keys.chord(ENTER)): Keys 'ENTER + ' sent to object: 'Object Repository/Piggy Bank/Page_Login to Firefly III/input_password'

01-01-2024T22:40:12 - [MESSAGE][PASSED] - Keys 'ENTER + ' sent to object: 'Object Repository/Piggy Bank/Page_Login to Firefly III/input_password'

01-01-2024T22:40:12 - [TEST_STEP][PASSED] - click(findTestObject("Object Repository/Piggy Bank/Page_Whats playing  Firefly III/a_Piggy banks")): Object: 'Object Repository/Piggy Bank/Page_Whats playing  Firefly III/a_Piggy banks' is clicked on

01-01-2024T22:40:14 - [MESSAGE][PASSED] - Object: 'Object Repository/Piggy Bank/Page_Whats playing  Firefly III/a_Piggy banks' is clicked on

01-01-2024T22:40:14 - [TEST_STEP][PASSED] - click(findTestObject("Piggy Bank/Page_Piggy banks  Firefly III/a_Create new piggy bank")): Object: 'Object Repository/Piggy Bank/Page_Piggy banks  Firefly III/a_Create new piggy bank' is clicked on

01-01-2024T22:40:15 - [MESSAGE][PASSED] - Object: 'Object Repository/Piggy Bank/Page_Piggy banks  Firefly III/a_Create new piggy bank' is clicked on

01-01-2024T22:40:15 - [TEST_STEP][PASSED] - setText(findTestObject("Object Repository/Piggy Bank/Page_New piggy bank  Piggy banks  Firefly III/input_name"), name): Text 'Flowserve Corporation' is set on object 'Object Repository/Piggy Bank/Page_New piggy bank  Piggy banks  Firefly III/input_name'

01-01-2024T22:40:15 - [MESSAGE][PASSED] - Text 'Flowserve Corporation' is set on object 'Object Repository/Piggy Bank/Page_New piggy bank  Piggy banks  Firefly III/input_name'

01-01-2024T22:40:15 - [TEST_STEP][PASSED] - selectOptionByLabel(findTestObject("Object Repository/Piggy Bank/Page_New piggy bank  Piggy banks  Firefly III/select_My Savings AccountMy Asset Account"), save_on_account, true): All options with label 'My Asset Account' are selected in object 'Object Repository/Piggy Bank/Page_New piggy bank  Piggy banks  Firefly III/select_My Savings AccountMy Asset Account'  using regular expression

01-01-2024T22:40:16 - [MESSAGE][PASSED] - All options with label 'My Asset Account' are selected in object 'Object Repository/Piggy Bank/Page_New piggy bank  Piggy banks  Firefly III/select_My Savings AccountMy Asset Account'  using regular expression

01-01-2024T22:40:16 - [TEST_STEP][PASSED] - setText(findTestObject("Object Repository/Piggy Bank/Page_New piggy bank  Piggy banks  Firefly III/input_targetamount"), target_amount): Text '4927' is set on object 'Object Repository/Piggy Bank/Page_New piggy bank  Piggy banks  Firefly III/input_targetamount'

01-01-2024T22:40:17 - [MESSAGE][PASSED] - Text '4927' is set on object 'Object Repository/Piggy Bank/Page_New piggy bank  Piggy banks  Firefly III/input_targetamount'

01-01-2024T22:40:17 - [TEST_STEP][PASSED] - setText(findTestObject("Object Repository/Piggy Bank/Page_New piggy bank  Piggy banks  Firefly III/textarea_notes"), notes): Text 'convallis nulla neque libero convallis eget eleifend luctus ultricies eu nibh quisque id justo sit amet sapien dignissim vestibulum vestibulum ante ipsum primis in faucibus orci luctus et ultrices posuere cubilia curae nulla dapibus dolor vel est donec odio justo sollicitudin ut suscipit a feugiat et eros vestibulum ac est lacinia nisi venenatis tristique fusce congue diam id ornare imperdiet sapien urna pretium nisl ut volutpat sapien arcu sed augue aliquam erat volutpat in congue etiam justo etiam pretium iaculis justo in hac habitasse platea dictumst etiam faucibus cursus urna ut tellus nulla ut erat id mauris vulputate elementum nullam varius nulla facilisi cras non velit nec nisi vulputate nonummy maecenas tincidunt lacus at velit vivamus vel nulla eget eros elementum pellentesque quisque porta volutpat' is set on object 'Object Repository/Piggy Bank/Page_New piggy bank  Piggy banks  Firefly III/textarea_notes'

01-01-2024T22:40:19 - [MESSAGE][PASSED] - Text 'convallis nulla neque libero convallis eget eleifend luctus ultricies eu nibh quisque id justo sit amet sapien dignissim vestibulum vestibulum ante ipsum primis in faucibus orci luctus et ultrices posuere cubilia curae nulla dapibus dolor vel est donec odio justo sollicitudin ut suscipit a feugiat et eros vestibulum ac est lacinia nisi venenatis tristique fusce congue diam id ornare imperdiet sapien urna pretium nisl ut volutpat sapien arcu sed augue aliquam erat volutpat in congue etiam justo etiam pretium iaculis justo in hac habitasse platea dictumst etiam faucibus cursus urna ut tellus nulla ut erat id mauris vulputate elementum nullam varius nulla facilisi cras non velit nec nisi vulputate nonummy maecenas tincidunt lacus at velit vivamus vel nulla eget eros elementum pellentesque quisque porta volutpat' is set on object 'Object Repository/Piggy Bank/Page_New piggy bank  Piggy banks  Firefly III/textarea_notes'

01-01-2024T22:40:19 - [TEST_STEP][PASSED] - setText(findTestObject("Object Repository/Piggy Bank/Page_New piggy bank  Piggy banks  Firefly III/input_object_group"), group): Text 'enim sit amet nunc viverra dapibus nulla suscipit ligula in lacus curabitur' is set on object 'Object Repository/Piggy Bank/Page_New piggy bank  Piggy banks  Firefly III/input_object_group'

01-01-2024T22:40:20 - [MESSAGE][PASSED] - Text 'enim sit amet nunc viverra dapibus nulla suscipit ligula in lacus curabitur' is set on object 'Object Repository/Piggy Bank/Page_New piggy bank  Piggy banks  Firefly III/input_object_group'

01-01-2024T22:40:20 - [TEST_STEP][PASSED] - setText(findTestObject("Piggy Bank/Page_New piggy bank  Piggy banks  Firefly III/input_date"), target_date): Text '04/08/2023' is set on object 'Object Repository/Piggy Bank/Page_New piggy bank  Piggy banks  Firefly III/input_date'

01-01-2024T22:40:21 - [MESSAGE][PASSED] - Text '04/08/2023' is set on object 'Object Repository/Piggy Bank/Page_New piggy bank  Piggy banks  Firefly III/input_date'

01-01-2024T22:40:21 - [TEST_STEP][PASSED] - if (attachment): null

01-01-2024T22:40:21 - [TEST_STEP][PASSED] - click(findTestObject("Object Repository/Piggy Bank/Page_New piggy bank  Piggy banks  Firefly III/div_Mandatory fields                       _ed7e9e")): Object: 'Object Repository/Piggy Bank/Page_New piggy bank  Piggy banks  Firefly III/div_Mandatory fields                       _ed7e9e' is clicked on

01-01-2024T22:40:22 - [MESSAGE][PASSED] - Object: 'Object Repository/Piggy Bank/Page_New piggy bank  Piggy banks  Firefly III/div_Mandatory fields                       _ed7e9e' is clicked on

01-01-2024T22:40:22 - [TEST_STEP][PASSED] - click(findTestObject("Object Repository/Piggy Bank/Page_New piggy bank  Piggy banks  Firefly III/button_Store new piggy bank")): Object: 'Object Repository/Piggy Bank/Page_New piggy bank  Piggy banks  Firefly III/button_Store new piggy bank' is clicked on

01-01-2024T22:40:23 - [MESSAGE][PASSED] - Object: 'Object Repository/Piggy Bank/Page_New piggy bank  Piggy banks  Firefly III/button_Store new piggy bank' is clicked on

01-01-2024T22:40:23 - [TEST_STEP][FAILED] - try: Unable to verify object 'Object Repository/Shared_alert/success_alert' is not present (Root cause: com.kms.katalon.core.exception.StepFailedException: Unable to verify object 'Object Repository/Shared_alert/success_alert' is not present
	at com.kms.katalon.core.webui.keyword.internal.WebUIKeywordMain.stepFailed(WebUIKeywordMain.groovy:64)
	at com.kms.katalon.core.webui.keyword.internal.WebUIKeywordMain.runKeyword(WebUIKeywordMain.groovy:26)
	at com.kms.katalon.core.webui.keyword.internal.WebUIKeywordMain$runKeyword.call(Unknown Source)
	at com.kms.katalon.core.webui.keyword.builtin.VerifyElementNotPresentKeyword.verifyElementNotPresent(VerifyElementNotPresentKeyword.groovy:122)
	at com.kms.katalon.core.webui.keyword.builtin.VerifyElementNotPresentKeyword.execute(VerifyElementNotPresentKeyword.groovy:68)
	at com.kms.katalon.core.keyword.internal.KeywordExecutor.executeKeywordForPlatform(KeywordExecutor.groovy:74)
	at com.kms.katalon.core.webui.keyword.WebUiBuiltInKeywords.verifyElementNotPresent(WebUiBuiltInKeywords.groovy:1536)
	at Piggy Bank.run(Piggy Bank:64)
	at com.kms.katalon.core.main.ScriptEngine.run(ScriptEngine.java:194)
	at com.kms.katalon.core.main.ScriptEngine.runScriptAsRawText(ScriptEngine.java:119)
	at com.kms.katalon.core.main.TestCaseExecutor.runScript(TestCaseExecutor.java:448)
	at com.kms.katalon.core.main.TestCaseExecutor.doExecute(TestCaseExecutor.java:439)
	at com.kms.katalon.core.main.TestCaseExecutor.processExecutionPhase(TestCaseExecutor.java:418)
	at com.kms.katalon.core.main.TestCaseExecutor.accessMainPhase(TestCaseExecutor.java:410)
	at com.kms.katalon.core.main.TestCaseExecutor.execute(TestCaseExecutor.java:285)
	at com.kms.katalon.core.common.CommonExecutor.accessTestCaseMainPhase(CommonExecutor.java:65)
	at com.kms.katalon.core.main.TestSuiteExecutor.accessTestSuiteMainPhase(TestSuiteExecutor.java:148)
	at com.kms.katalon.core.main.TestSuiteExecutor.execute(TestSuiteExecutor.java:106)
	at com.kms.katalon.core.main.TestCaseMain.startTestSuite(TestCaseMain.java:180)
	at TempTestSuite1704123577203.run(TempTestSuite1704123577203.groovy:36)
	at java.base/jdk.internal.reflect.NativeMethodAccessorImpl.invoke0(Native Method)
	at java.base/jdk.internal.reflect.NativeMethodAccessorImpl.invoke(NativeMethodAccessorImpl.java:77)
	at java.base/jdk.internal.reflect.DelegatingMethodAccessorImpl.invoke(DelegatingMethodAccessorImpl.java:43)
Caused by: com.kms.katalon.core.exception.StepFailedException: Web element with id: 'Object Repository/Shared_alert/success_alert' located by 'By.cssSelector: #app > div.content-wrapper > section.content > div' is present after '1' second(s)
	at com.kms.katalon.core.webui.keyword.internal.WebUIKeywordMain.stepFailed(WebUIKeywordMain.groovy:64)
	at com.kms.katalon.core.webui.keyword.internal.WebUIKeywordMain$stepFailed$0.call(Unknown Source)
	at com.kms.katalon.core.webui.keyword.builtin.VerifyElementNotPresentKeyword$_verifyElementNotPresent_closure1.doCall(VerifyElementNotPresentKeyword.groovy:113)
	at com.kms.katalon.core.webui.keyword.builtin.VerifyElementNotPresentKeyword$_verifyElementNotPresent_closure1.doCall(VerifyElementNotPresentKeyword.groovy)
	at java.base/jdk.internal.reflect.NativeMethodAccessorImpl.invoke0(Native Method)
	at java.base/jdk.internal.reflect.NativeMethodAccessorImpl.invoke(NativeMethodAccessorImpl.java:77)
	at java.base/jdk.internal.reflect.DelegatingMethodAccessorImpl.invoke(DelegatingMethodAccessorImpl.java:43)
	at com.kms.katalon.core.webui.keyword.internal.WebUIKeywordMain.runKeyword(WebUIKeywordMain.groovy:20)
	... 21 more
)

01-01-2024T22:40:23 - [TEST_STEP][PASSED] - verifyElementPresent(findTestObject("Shared_alert/text_dangers"), 1): Object 'Object Repository/Shared_alert/text_dangers' is present

01-01-2024T22:40:24 - [MESSAGE][PASSED] - Object 'Object Repository/Shared_alert/text_dangers' is present

01-01-2024T22:40:24 - [TEST_STEP][FAILED] - verifyElementNotPresent(findTestObject("Shared_alert/success_alert"), 1): Unable to verify object 'Object Repository/Shared_alert/success_alert' is not present (Root cause: com.kms.katalon.core.exception.StepFailedException: Unable to verify object 'Object Repository/Shared_alert/success_alert' is not present
	at com.kms.katalon.core.webui.keyword.internal.WebUIKeywordMain.stepFailed(WebUIKeywordMain.groovy:64)
	at com.kms.katalon.core.webui.keyword.internal.WebUIKeywordMain.runKeyword(WebUIKeywordMain.groovy:26)
	at com.kms.katalon.core.webui.keyword.internal.WebUIKeywordMain$runKeyword.call(Unknown Source)
	at com.kms.katalon.core.webui.keyword.builtin.VerifyElementNotPresentKeyword.verifyElementNotPresent(VerifyElementNotPresentKeyword.groovy:122)
	at com.kms.katalon.core.webui.keyword.builtin.VerifyElementNotPresentKeyword.execute(VerifyElementNotPresentKeyword.groovy:68)
	at com.kms.katalon.core.keyword.internal.KeywordExecutor.executeKeywordForPlatform(KeywordExecutor.groovy:74)
	at com.kms.katalon.core.webui.keyword.WebUiBuiltInKeywords.verifyElementNotPresent(WebUiBuiltInKeywords.groovy:1536)
	at Piggy Bank.run(Piggy Bank:64)
	at com.kms.katalon.core.main.ScriptEngine.run(ScriptEngine.java:194)
	at com.kms.katalon.core.main.ScriptEngine.runScriptAsRawText(ScriptEngine.java:119)
	at com.kms.katalon.core.main.TestCaseExecutor.runScript(TestCaseExecutor.java:448)
	at com.kms.katalon.core.main.TestCaseExecutor.doExecute(TestCaseExecutor.java:439)
	at com.kms.katalon.core.main.TestCaseExecutor.processExecutionPhase(TestCaseExecutor.java:418)
	at com.kms.katalon.core.main.TestCaseExecutor.accessMainPhase(TestCaseExecutor.java:410)
	at com.kms.katalon.core.main.TestCaseExecutor.execute(TestCaseExecutor.java:285)
	at com.kms.katalon.core.common.CommonExecutor.accessTestCaseMainPhase(CommonExecutor.java:65)
	at com.kms.katalon.core.main.TestSuiteExecutor.accessTestSuiteMainPhase(TestSuiteExecutor.java:148)
	at com.kms.katalon.core.main.TestSuiteExecutor.execute(TestSuiteExecutor.java:106)
	at com.kms.katalon.core.main.TestCaseMain.startTestSuite(TestCaseMain.java:180)
	at TempTestSuite1704123577203.run(TempTestSuite1704123577203.groovy:36)
	at java.base/jdk.internal.reflect.NativeMethodAccessorImpl.invoke0(Native Method)
	at java.base/jdk.internal.reflect.NativeMethodAccessorImpl.invoke(NativeMethodAccessorImpl.java:77)
	at java.base/jdk.internal.reflect.DelegatingMethodAccessorImpl.invoke(DelegatingMethodAccessorImpl.java:43)
Caused by: com.kms.katalon.core.exception.StepFailedException: Web element with id: 'Object Repository/Shared_alert/success_alert' located by 'By.cssSelector: #app > div.content-wrapper > section.content > div' is present after '1' second(s)
	at com.kms.katalon.core.webui.keyword.internal.WebUIKeywordMain.stepFailed(WebUIKeywordMain.groovy:64)
	at com.kms.katalon.core.webui.keyword.internal.WebUIKeywordMain$stepFailed$0.call(Unknown Source)
	at com.kms.katalon.core.webui.keyword.builtin.VerifyElementNotPresentKeyword$_verifyElementNotPresent_closure1.doCall(VerifyElementNotPresentKeyword.groovy:113)
	at com.kms.katalon.core.webui.keyword.builtin.VerifyElementNotPresentKeyword$_verifyElementNotPresent_closure1.doCall(VerifyElementNotPresentKeyword.groovy)
	at java.base/jdk.internal.reflect.NativeMethodAccessorImpl.invoke0(Native Method)
	at java.base/jdk.internal.reflect.NativeMethodAccessorImpl.invoke(NativeMethodAccessorImpl.java:77)
	at java.base/jdk.internal.reflect.DelegatingMethodAccessorImpl.invoke(DelegatingMethodAccessorImpl.java:43)
	at com.kms.katalon.core.webui.keyword.internal.WebUIKeywordMain.runKeyword(WebUIKeywordMain.groovy:20)
	... 21 more
)

01-01-2024T22:40:25 - [MESSAGE][FAILED] - Web element with id: 'Object Repository/Shared_alert/success_alert' located by 'By.cssSelector: #app > div.content-wrapper > section.content > div' is present after '1' second(s) (Root cause: com.kms.katalon.core.exception.StepFailedException: Web element with id: 'Object Repository/Shared_alert/success_alert' located by 'By.cssSelector: #app > div.content-wrapper > section.content > div' is present after '1' second(s)
	at com.kms.katalon.core.webui.keyword.internal.WebUIKeywordMain.stepFailed(WebUIKeywordMain.groovy:64)
	at com.kms.katalon.core.webui.keyword.internal.WebUIKeywordMain$stepFailed$0.call(Unknown Source)
	at com.kms.katalon.core.webui.keyword.builtin.VerifyElementNotPresentKeyword$_verifyElementNotPresent_closure1.doCall(VerifyElementNotPresentKeyword.groovy:113)
	at com.kms.katalon.core.webui.keyword.builtin.VerifyElementNotPresentKeyword$_verifyElementNotPresent_closure1.doCall(VerifyElementNotPresentKeyword.groovy)
	at java.base/jdk.internal.reflect.NativeMethodAccessorImpl.invoke0(Native Method)
	at java.base/jdk.internal.reflect.NativeMethodAccessorImpl.invoke(NativeMethodAccessorImpl.java:77)
	at java.base/jdk.internal.reflect.DelegatingMethodAccessorImpl.invoke(DelegatingMethodAccessorImpl.java:43)
	at com.kms.katalon.core.webui.keyword.internal.WebUIKeywordMain.runKeyword(WebUIKeywordMain.groovy:20)
	at com.kms.katalon.core.webui.keyword.internal.WebUIKeywordMain$runKeyword.call(Unknown Source)
	at com.kms.katalon.core.webui.keyword.builtin.VerifyElementNotPresentKeyword.verifyElementNotPresent(VerifyElementNotPresentKeyword.groovy:122)
	at com.kms.katalon.core.webui.keyword.builtin.VerifyElementNotPresentKeyword.execute(VerifyElementNotPresentKeyword.groovy:68)
	at com.kms.katalon.core.keyword.internal.KeywordExecutor.executeKeywordForPlatform(KeywordExecutor.groovy:74)
	at com.kms.katalon.core.webui.keyword.WebUiBuiltInKeywords.verifyElementNotPresent(WebUiBuiltInKeywords.groovy:1536)
	at Piggy Bank.run(Piggy Bank:64)
	at com.kms.katalon.core.main.ScriptEngine.run(ScriptEngine.java:194)
	at com.kms.katalon.core.main.ScriptEngine.runScriptAsRawText(ScriptEngine.java:119)
	at com.kms.katalon.core.main.TestCaseExecutor.runScript(TestCaseExecutor.java:448)
	at com.kms.katalon.core.main.TestCaseExecutor.doExecute(TestCaseExecutor.java:439)
	at com.kms.katalon.core.main.TestCaseExecutor.processExecutionPhase(TestCaseExecutor.java:418)
	at com.kms.katalon.core.main.TestCaseExecutor.accessMainPhase(TestCaseExecutor.java:410)
	at com.kms.katalon.core.main.TestCaseExecutor.execute(TestCaseExecutor.java:285)
	at com.kms.katalon.core.common.CommonExecutor.accessTestCaseMainPhase(CommonExecutor.java:65)
	at com.kms.katalon.core.main.TestSuiteExecutor.accessTestSuiteMainPhase(TestSuiteExecutor.java:148)
	at com.kms.katalon.core.main.TestSuiteExecutor.execute(TestSuiteExecutor.java:106)
	at com.kms.katalon.core.main.TestCaseMain.startTestSuite(TestCaseMain.java:180)
	at TempTestSuite1704123577203.run(TempTestSuite1704123577203.groovy:36)
	at java.base/jdk.internal.reflect.NativeMethodAccessorImpl.invoke0(Native Method)
	at java.base/jdk.internal.reflect.NativeMethodAccessorImpl.invoke(NativeMethodAccessorImpl.java:77)
	at java.base/jdk.internal.reflect.DelegatingMethodAccessorImpl.invoke(DelegatingMethodAccessorImpl.java:43)
)
[[ATTACHMENT|C:\\Users\\MODERN 15\\git\\G1_Firefly_testing\\Reports\\20240101_223937\\Piggy Bank\\20240101_223937\\1704123625151.png]]

01-01-2024T22:40:25 - [MESSAGE][FAILED] - Unable to verify object 'Object Repository/Shared_alert/success_alert' is not present (Root cause: com.kms.katalon.core.exception.StepFailedException: Unable to verify object 'Object Repository/Shared_alert/success_alert' is not present
	at com.kms.katalon.core.webui.keyword.internal.WebUIKeywordMain.stepFailed(WebUIKeywordMain.groovy:64)
	at com.kms.katalon.core.webui.keyword.internal.WebUIKeywordMain.runKeyword(WebUIKeywordMain.groovy:26)
	at com.kms.katalon.core.webui.keyword.internal.WebUIKeywordMain$runKeyword.call(Unknown Source)
	at com.kms.katalon.core.webui.keyword.builtin.VerifyElementNotPresentKeyword.verifyElementNotPresent(VerifyElementNotPresentKeyword.groovy:122)
	at com.kms.katalon.core.webui.keyword.builtin.VerifyElementNotPresentKeyword.execute(VerifyElementNotPresentKeyword.groovy:68)
	at com.kms.katalon.core.keyword.internal.KeywordExecutor.executeKeywordForPlatform(KeywordExecutor.groovy:74)
	at com.kms.katalon.core.webui.keyword.WebUiBuiltInKeywords.verifyElementNotPresent(WebUiBuiltInKeywords.groovy:1536)
	at Piggy Bank.run(Piggy Bank:64)
	at com.kms.katalon.core.main.ScriptEngine.run(ScriptEngine.java:194)
	at com.kms.katalon.core.main.ScriptEngine.runScriptAsRawText(ScriptEngine.java:119)
	at com.kms.katalon.core.main.TestCaseExecutor.runScript(TestCaseExecutor.java:448)
	at com.kms.katalon.core.main.TestCaseExecutor.doExecute(TestCaseExecutor.java:439)
	at com.kms.katalon.core.main.TestCaseExecutor.processExecutionPhase(TestCaseExecutor.java:418)
	at com.kms.katalon.core.main.TestCaseExecutor.accessMainPhase(TestCaseExecutor.java:410)
	at com.kms.katalon.core.main.TestCaseExecutor.execute(TestCaseExecutor.java:285)
	at com.kms.katalon.core.common.CommonExecutor.accessTestCaseMainPhase(CommonExecutor.java:65)
	at com.kms.katalon.core.main.TestSuiteExecutor.accessTestSuiteMainPhase(TestSuiteExecutor.java:148)
	at com.kms.katalon.core.main.TestSuiteExecutor.execute(TestSuiteExecutor.java:106)
	at com.kms.katalon.core.main.TestCaseMain.startTestSuite(TestCaseMain.java:180)
	at TempTestSuite1704123577203.run(TempTestSuite1704123577203.groovy:36)
	at java.base/jdk.internal.reflect.NativeMethodAccessorImpl.invoke0(Native Method)
	at java.base/jdk.internal.reflect.NativeMethodAccessorImpl.invoke(NativeMethodAccessorImpl.java:77)
	at java.base/jdk.internal.reflect.DelegatingMethodAccessorImpl.invoke(DelegatingMethodAccessorImpl.java:43)
Caused by: com.kms.katalon.core.exception.StepFailedException: Web element with id: 'Object Repository/Shared_alert/success_alert' located by 'By.cssSelector: #app > div.content-wrapper > section.content > div' is present after '1' second(s)
	at com.kms.katalon.core.webui.keyword.internal.WebUIKeywordMain.stepFailed(WebUIKeywordMain.groovy:64)
	at com.kms.katalon.core.webui.keyword.internal.WebUIKeywordMain$stepFailed$0.call(Unknown Source)
	at com.kms.katalon.core.webui.keyword.builtin.VerifyElementNotPresentKeyword$_verifyElementNotPresent_closure1.doCall(VerifyElementNotPresentKeyword.groovy:113)
	at com.kms.katalon.core.webui.keyword.builtin.VerifyElementNotPresentKeyword$_verifyElementNotPresent_closure1.doCall(VerifyElementNotPresentKeyword.groovy)
	at java.base/jdk.internal.reflect.NativeMethodAccessorImpl.invoke0(Native Method)
	at java.base/jdk.internal.reflect.NativeMethodAccessorImpl.invoke(NativeMethodAccessorImpl.java:77)
	at java.base/jdk.internal.reflect.DelegatingMethodAccessorImpl.invoke(DelegatingMethodAccessorImpl.java:43)
	at com.kms.katalon.core.webui.keyword.internal.WebUIKeywordMain.runKeyword(WebUIKeywordMain.groovy:20)
	... 21 more
)
[[ATTACHMENT|C:\\Users\\MODERN 15\\git\\G1_Firefly_testing\\Reports\\20240101_223937\\Piggy Bank\\20240101_223937\\1704123625258.png]]

01-01-2024T22:40:25 - [TEST_STEP][PASSED] - catch (Exception err): null

01-01-2024T22:40:25 - [TEST_STEP][PASSED] - verifyElementPresent(findTestObject("Shared_alert/success_alert"), 1): Object 'Object Repository/Shared_alert/success_alert' is present

01-01-2024T22:40:25 - [MESSAGE][PASSED] - Object 'Object Repository/Shared_alert/success_alert' is present

01-01-2024T22:40:25 - [TEST_STEP][PASSED] - out.println("success"): null

01-01-2024T22:40:25 - [TEST_STEP][PASSED] - closeBrowser(): Browser is closed

01-01-2024T22:40:25 - [MESSAGE][PASSED] - Browser is closed]]></system-out>
         <system-err><![CDATA[]]></system-err>
      </testcase>
      <testcase name="Test Cases/Piggy Bank" time="22.128" classname="Test Cases/Piggy Bank" status="PASSED">
         <system-out><![CDATA[01-01-2024T22:40:26 - [TEST_CASE][PASSED] - Test Cases/Piggy Bank: Test Cases/Piggy Bank

01-01-2024T22:40:26 - [TEST_STEP][PASSED] - openBrowser(""): Browser is opened with url: ''

01-01-2024T22:40:26 - [MESSAGE][INFO] - Starting 'Chrome' driver

01-01-2024T22:40:26 - [MESSAGE][INFO] - Action delay is set to 0 milliseconds

01-01-2024T22:40:27 - [MESSAGE][PASSED] - Browser is opened with url: ''

01-01-2024T22:40:27 - [TEST_STEP][PASSED] - navigateToUrl("https://firefly.buudadawg.online/login"): Navigate to 'https://firefly.buudadawg.online/login' successfully

01-01-2024T22:40:30 - [MESSAGE][PASSED] - Navigate to 'https://firefly.buudadawg.online/login' successfully

01-01-2024T22:40:30 - [TEST_STEP][PASSED] - setText(findTestObject("Object Repository/Piggy Bank/Page_Login to Firefly III/input_email"), username): Text 'killermh1352@gmail.com' is set on object 'Object Repository/Piggy Bank/Page_Login to Firefly III/input_email'

01-01-2024T22:40:31 - [MESSAGE][PASSED] - Text 'killermh1352@gmail.com' is set on object 'Object Repository/Piggy Bank/Page_Login to Firefly III/input_email'

01-01-2024T22:40:31 - [TEST_STEP][PASSED] - setText(findTestObject("Object Repository/Piggy Bank/Page_Login to Firefly III/input_password"), password): Text 'tranvinhphuc2002' is set on object 'Object Repository/Piggy Bank/Page_Login to Firefly III/input_password'

01-01-2024T22:40:31 - [MESSAGE][PASSED] - Text 'tranvinhphuc2002' is set on object 'Object Repository/Piggy Bank/Page_Login to Firefly III/input_password'

01-01-2024T22:40:31 - [TEST_STEP][PASSED] - sendKeys(findTestObject("Object Repository/Piggy Bank/Page_Login to Firefly III/input_password"), Keys.chord(ENTER)): Keys 'ENTER + ' sent to object: 'Object Repository/Piggy Bank/Page_Login to Firefly III/input_password'

01-01-2024T22:40:32 - [MESSAGE][PASSED] - Keys 'ENTER + ' sent to object: 'Object Repository/Piggy Bank/Page_Login to Firefly III/input_password'

01-01-2024T22:40:32 - [TEST_STEP][PASSED] - click(findTestObject("Object Repository/Piggy Bank/Page_Whats playing  Firefly III/a_Piggy banks")): Object: 'Object Repository/Piggy Bank/Page_Whats playing  Firefly III/a_Piggy banks' is clicked on

01-01-2024T22:40:34 - [MESSAGE][PASSED] - Object: 'Object Repository/Piggy Bank/Page_Whats playing  Firefly III/a_Piggy banks' is clicked on

01-01-2024T22:40:34 - [TEST_STEP][PASSED] - click(findTestObject("Piggy Bank/Page_Piggy banks  Firefly III/a_Create new piggy bank")): Object: 'Object Repository/Piggy Bank/Page_Piggy banks  Firefly III/a_Create new piggy bank' is clicked on

01-01-2024T22:40:35 - [MESSAGE][PASSED] - Object: 'Object Repository/Piggy Bank/Page_Piggy banks  Firefly III/a_Create new piggy bank' is clicked on

01-01-2024T22:40:35 - [TEST_STEP][PASSED] - setText(findTestObject("Object Repository/Piggy Bank/Page_New piggy bank  Piggy banks  Firefly III/input_name"), name): Text 'Huntington Ingalls Industries, Inc.' is set on object 'Object Repository/Piggy Bank/Page_New piggy bank  Piggy banks  Firefly III/input_name'

01-01-2024T22:40:36 - [MESSAGE][PASSED] - Text 'Huntington Ingalls Industries, Inc.' is set on object 'Object Repository/Piggy Bank/Page_New piggy bank  Piggy banks  Firefly III/input_name'

01-01-2024T22:40:36 - [TEST_STEP][PASSED] - selectOptionByLabel(findTestObject("Object Repository/Piggy Bank/Page_New piggy bank  Piggy banks  Firefly III/select_My Savings AccountMy Asset Account"), save_on_account, true): All options with label 'My Savings Account' are selected in object 'Object Repository/Piggy Bank/Page_New piggy bank  Piggy banks  Firefly III/select_My Savings AccountMy Asset Account'  using regular expression

01-01-2024T22:40:37 - [MESSAGE][PASSED] - All options with label 'My Savings Account' are selected in object 'Object Repository/Piggy Bank/Page_New piggy bank  Piggy banks  Firefly III/select_My Savings AccountMy Asset Account'  using regular expression

01-01-2024T22:40:37 - [TEST_STEP][PASSED] - setText(findTestObject("Object Repository/Piggy Bank/Page_New piggy bank  Piggy banks  Firefly III/input_targetamount"), target_amount): Text '72521' is set on object 'Object Repository/Piggy Bank/Page_New piggy bank  Piggy banks  Firefly III/input_targetamount'

01-01-2024T22:40:37 - [MESSAGE][PASSED] - Text '72521' is set on object 'Object Repository/Piggy Bank/Page_New piggy bank  Piggy banks  Firefly III/input_targetamount'

01-01-2024T22:40:37 - [TEST_STEP][PASSED] - setText(findTestObject("Object Repository/Piggy Bank/Page_New piggy bank  Piggy banks  Firefly III/textarea_notes"), notes): Text 'sapien placerat ante nulla justo aliquam quis turpis eget elit sodales scelerisque mauris sit amet eros suspendisse accumsan tortor quis turpis sed ante vivamus tortor duis mattis egestas metus aenean fermentum donec ut mauris eget massa tempor convallis nulla neque libero convallis eget eleifend luctus ultricies eu nibh quisque id justo sit amet sapien dignissim vestibulum vestibulum ante ipsum primis in faucibus orci luctus et ultrices posuere cubilia curae nulla dapibus dolor vel est donec odio justo sollicitudin ut suscipit a feugiat et eros vestibulum ac est lacinia nisi venenatis tristique fusce congue diam id ornare imperdiet sapien urna pretium nisl ut volutpat sapien arcu sed augue aliquam erat volutpat in congue etiam justo etiam pretium iaculis justo in hac habitasse platea dictumst etiam faucibus cursus urna ut tellus nulla ut erat id mauris vulputate elementum nullam varius nulla facilisi cras non velit nec nisi vulputate nonummy maecenas tincidunt lacus at velit vivamus vel nulla eget eros elementum pellentesque quisque porta volutpat erat quisque erat eros viverra eget congue eget semper rutrum nulla nunc purus phasellus in felis donec semper sapien a libero nam dui proin leo odio porttitor id consequat in consequat ut nulla sed accumsan felis ut at dolor' is set on object 'Object Repository/Piggy Bank/Page_New piggy bank  Piggy banks  Firefly III/textarea_notes'

01-01-2024T22:40:41 - [MESSAGE][PASSED] - Text 'sapien placerat ante nulla justo aliquam quis turpis eget elit sodales scelerisque mauris sit amet eros suspendisse accumsan tortor quis turpis sed ante vivamus tortor duis mattis egestas metus aenean fermentum donec ut mauris eget massa tempor convallis nulla neque libero convallis eget eleifend luctus ultricies eu nibh quisque id justo sit amet sapien dignissim vestibulum vestibulum ante ipsum primis in faucibus orci luctus et ultrices posuere cubilia curae nulla dapibus dolor vel est donec odio justo sollicitudin ut suscipit a feugiat et eros vestibulum ac est lacinia nisi venenatis tristique fusce congue diam id ornare imperdiet sapien urna pretium nisl ut volutpat sapien arcu sed augue aliquam erat volutpat in congue etiam justo etiam pretium iaculis justo in hac habitasse platea dictumst etiam faucibus cursus urna ut tellus nulla ut erat id mauris vulputate elementum nullam varius nulla facilisi cras non velit nec nisi vulputate nonummy maecenas tincidunt lacus at velit vivamus vel nulla eget eros elementum pellentesque quisque porta volutpat erat quisque erat eros viverra eget congue eget semper rutrum nulla nunc purus phasellus in felis donec semper sapien a libero nam dui proin leo odio porttitor id consequat in consequat ut nulla sed accumsan felis ut at dolor' is set on object 'Object Repository/Piggy Bank/Page_New piggy bank  Piggy banks  Firefly III/textarea_notes'

01-01-2024T22:40:41 - [TEST_STEP][PASSED] - setText(findTestObject("Object Repository/Piggy Bank/Page_New piggy bank  Piggy banks  Firefly III/input_object_group"), group): Text 'augue vestibulum ante ipsum primis in faucibus orci luctus et ultrices posuere cubilia curae donec pharetra magna' is set on object 'Object Repository/Piggy Bank/Page_New piggy bank  Piggy banks  Firefly III/input_object_group'

01-01-2024T22:40:42 - [MESSAGE][PASSED] - Text 'augue vestibulum ante ipsum primis in faucibus orci luctus et ultrices posuere cubilia curae donec pharetra magna' is set on object 'Object Repository/Piggy Bank/Page_New piggy bank  Piggy banks  Firefly III/input_object_group'

01-01-2024T22:40:42 - [TEST_STEP][PASSED] - setText(findTestObject("Piggy Bank/Page_New piggy bank  Piggy banks  Firefly III/input_date"), target_date): Text '06/06/2023' is set on object 'Object Repository/Piggy Bank/Page_New piggy bank  Piggy banks  Firefly III/input_date'

01-01-2024T22:40:43 - [MESSAGE][PASSED] - Text '06/06/2023' is set on object 'Object Repository/Piggy Bank/Page_New piggy bank  Piggy banks  Firefly III/input_date'

01-01-2024T22:40:43 - [TEST_STEP][PASSED] - if (attachment): null

01-01-2024T22:40:43 - [TEST_STEP][PASSED] - click(findTestObject("Object Repository/Piggy Bank/Page_New piggy bank  Piggy banks  Firefly III/div_Mandatory fields                       _ed7e9e")): Object: 'Object Repository/Piggy Bank/Page_New piggy bank  Piggy banks  Firefly III/div_Mandatory fields                       _ed7e9e' is clicked on

01-01-2024T22:40:43 - [MESSAGE][PASSED] - Object: 'Object Repository/Piggy Bank/Page_New piggy bank  Piggy banks  Firefly III/div_Mandatory fields                       _ed7e9e' is clicked on

01-01-2024T22:40:43 - [TEST_STEP][PASSED] - click(findTestObject("Object Repository/Piggy Bank/Page_New piggy bank  Piggy banks  Firefly III/button_Store new piggy bank")): Object: 'Object Repository/Piggy Bank/Page_New piggy bank  Piggy banks  Firefly III/button_Store new piggy bank' is clicked on

01-01-2024T22:40:45 - [MESSAGE][PASSED] - Object: 'Object Repository/Piggy Bank/Page_New piggy bank  Piggy banks  Firefly III/button_Store new piggy bank' is clicked on

01-01-2024T22:40:45 - [TEST_STEP][FAILED] - try: Unable to verify object 'Object Repository/Shared_alert/success_alert' is not present (Root cause: com.kms.katalon.core.exception.StepFailedException: Unable to verify object 'Object Repository/Shared_alert/success_alert' is not present
	at com.kms.katalon.core.webui.keyword.internal.WebUIKeywordMain.stepFailed(WebUIKeywordMain.groovy:64)
	at com.kms.katalon.core.webui.keyword.internal.WebUIKeywordMain.runKeyword(WebUIKeywordMain.groovy:26)
	at com.kms.katalon.core.webui.keyword.internal.WebUIKeywordMain$runKeyword.call(Unknown Source)
	at com.kms.katalon.core.webui.keyword.builtin.VerifyElementNotPresentKeyword.verifyElementNotPresent(VerifyElementNotPresentKeyword.groovy:122)
	at com.kms.katalon.core.webui.keyword.builtin.VerifyElementNotPresentKeyword.execute(VerifyElementNotPresentKeyword.groovy:68)
	at com.kms.katalon.core.keyword.internal.KeywordExecutor.executeKeywordForPlatform(KeywordExecutor.groovy:74)
	at com.kms.katalon.core.webui.keyword.WebUiBuiltInKeywords.verifyElementNotPresent(WebUiBuiltInKeywords.groovy:1536)
	at Piggy Bank.run(Piggy Bank:64)
	at com.kms.katalon.core.main.ScriptEngine.run(ScriptEngine.java:194)
	at com.kms.katalon.core.main.ScriptEngine.runScriptAsRawText(ScriptEngine.java:119)
	at com.kms.katalon.core.main.TestCaseExecutor.runScript(TestCaseExecutor.java:448)
	at com.kms.katalon.core.main.TestCaseExecutor.doExecute(TestCaseExecutor.java:439)
	at com.kms.katalon.core.main.TestCaseExecutor.processExecutionPhase(TestCaseExecutor.java:418)
	at com.kms.katalon.core.main.TestCaseExecutor.accessMainPhase(TestCaseExecutor.java:410)
	at com.kms.katalon.core.main.TestCaseExecutor.execute(TestCaseExecutor.java:285)
	at com.kms.katalon.core.common.CommonExecutor.accessTestCaseMainPhase(CommonExecutor.java:65)
	at com.kms.katalon.core.main.TestSuiteExecutor.accessTestSuiteMainPhase(TestSuiteExecutor.java:148)
	at com.kms.katalon.core.main.TestSuiteExecutor.execute(TestSuiteExecutor.java:106)
	at com.kms.katalon.core.main.TestCaseMain.startTestSuite(TestCaseMain.java:180)
	at TempTestSuite1704123577203.run(TempTestSuite1704123577203.groovy:36)
	at java.base/jdk.internal.reflect.NativeMethodAccessorImpl.invoke0(Native Method)
	at java.base/jdk.internal.reflect.NativeMethodAccessorImpl.invoke(NativeMethodAccessorImpl.java:77)
	at java.base/jdk.internal.reflect.DelegatingMethodAccessorImpl.invoke(DelegatingMethodAccessorImpl.java:43)
Caused by: com.kms.katalon.core.exception.StepFailedException: Web element with id: 'Object Repository/Shared_alert/success_alert' located by 'By.cssSelector: #app > div.content-wrapper > section.content > div' is present after '1' second(s)
	at com.kms.katalon.core.webui.keyword.internal.WebUIKeywordMain.stepFailed(WebUIKeywordMain.groovy:64)
	at com.kms.katalon.core.webui.keyword.internal.WebUIKeywordMain$stepFailed$0.call(Unknown Source)
	at com.kms.katalon.core.webui.keyword.builtin.VerifyElementNotPresentKeyword$_verifyElementNotPresent_closure1.doCall(VerifyElementNotPresentKeyword.groovy:113)
	at com.kms.katalon.core.webui.keyword.builtin.VerifyElementNotPresentKeyword$_verifyElementNotPresent_closure1.doCall(VerifyElementNotPresentKeyword.groovy)
	at java.base/jdk.internal.reflect.NativeMethodAccessorImpl.invoke0(Native Method)
	at java.base/jdk.internal.reflect.NativeMethodAccessorImpl.invoke(NativeMethodAccessorImpl.java:77)
	at java.base/jdk.internal.reflect.DelegatingMethodAccessorImpl.invoke(DelegatingMethodAccessorImpl.java:43)
	at com.kms.katalon.core.webui.keyword.internal.WebUIKeywordMain.runKeyword(WebUIKeywordMain.groovy:20)
	... 21 more
)

01-01-2024T22:40:45 - [TEST_STEP][PASSED] - verifyElementPresent(findTestObject("Shared_alert/text_dangers"), 1): Object 'Object Repository/Shared_alert/text_dangers' is present

01-01-2024T22:40:46 - [MESSAGE][PASSED] - Object 'Object Repository/Shared_alert/text_dangers' is present

01-01-2024T22:40:46 - [TEST_STEP][FAILED] - verifyElementNotPresent(findTestObject("Shared_alert/success_alert"), 1): Unable to verify object 'Object Repository/Shared_alert/success_alert' is not present (Root cause: com.kms.katalon.core.exception.StepFailedException: Unable to verify object 'Object Repository/Shared_alert/success_alert' is not present
	at com.kms.katalon.core.webui.keyword.internal.WebUIKeywordMain.stepFailed(WebUIKeywordMain.groovy:64)
	at com.kms.katalon.core.webui.keyword.internal.WebUIKeywordMain.runKeyword(WebUIKeywordMain.groovy:26)
	at com.kms.katalon.core.webui.keyword.internal.WebUIKeywordMain$runKeyword.call(Unknown Source)
	at com.kms.katalon.core.webui.keyword.builtin.VerifyElementNotPresentKeyword.verifyElementNotPresent(VerifyElementNotPresentKeyword.groovy:122)
	at com.kms.katalon.core.webui.keyword.builtin.VerifyElementNotPresentKeyword.execute(VerifyElementNotPresentKeyword.groovy:68)
	at com.kms.katalon.core.keyword.internal.KeywordExecutor.executeKeywordForPlatform(KeywordExecutor.groovy:74)
	at com.kms.katalon.core.webui.keyword.WebUiBuiltInKeywords.verifyElementNotPresent(WebUiBuiltInKeywords.groovy:1536)
	at Piggy Bank.run(Piggy Bank:64)
	at com.kms.katalon.core.main.ScriptEngine.run(ScriptEngine.java:194)
	at com.kms.katalon.core.main.ScriptEngine.runScriptAsRawText(ScriptEngine.java:119)
	at com.kms.katalon.core.main.TestCaseExecutor.runScript(TestCaseExecutor.java:448)
	at com.kms.katalon.core.main.TestCaseExecutor.doExecute(TestCaseExecutor.java:439)
	at com.kms.katalon.core.main.TestCaseExecutor.processExecutionPhase(TestCaseExecutor.java:418)
	at com.kms.katalon.core.main.TestCaseExecutor.accessMainPhase(TestCaseExecutor.java:410)
	at com.kms.katalon.core.main.TestCaseExecutor.execute(TestCaseExecutor.java:285)
	at com.kms.katalon.core.common.CommonExecutor.accessTestCaseMainPhase(CommonExecutor.java:65)
	at com.kms.katalon.core.main.TestSuiteExecutor.accessTestSuiteMainPhase(TestSuiteExecutor.java:148)
	at com.kms.katalon.core.main.TestSuiteExecutor.execute(TestSuiteExecutor.java:106)
	at com.kms.katalon.core.main.TestCaseMain.startTestSuite(TestCaseMain.java:180)
	at TempTestSuite1704123577203.run(TempTestSuite1704123577203.groovy:36)
	at java.base/jdk.internal.reflect.NativeMethodAccessorImpl.invoke0(Native Method)
	at java.base/jdk.internal.reflect.NativeMethodAccessorImpl.invoke(NativeMethodAccessorImpl.java:77)
	at java.base/jdk.internal.reflect.DelegatingMethodAccessorImpl.invoke(DelegatingMethodAccessorImpl.java:43)
Caused by: com.kms.katalon.core.exception.StepFailedException: Web element with id: 'Object Repository/Shared_alert/success_alert' located by 'By.cssSelector: #app > div.content-wrapper > section.content > div' is present after '1' second(s)
	at com.kms.katalon.core.webui.keyword.internal.WebUIKeywordMain.stepFailed(WebUIKeywordMain.groovy:64)
	at com.kms.katalon.core.webui.keyword.internal.WebUIKeywordMain$stepFailed$0.call(Unknown Source)
	at com.kms.katalon.core.webui.keyword.builtin.VerifyElementNotPresentKeyword$_verifyElementNotPresent_closure1.doCall(VerifyElementNotPresentKeyword.groovy:113)
	at com.kms.katalon.core.webui.keyword.builtin.VerifyElementNotPresentKeyword$_verifyElementNotPresent_closure1.doCall(VerifyElementNotPresentKeyword.groovy)
	at java.base/jdk.internal.reflect.NativeMethodAccessorImpl.invoke0(Native Method)
	at java.base/jdk.internal.reflect.NativeMethodAccessorImpl.invoke(NativeMethodAccessorImpl.java:77)
	at java.base/jdk.internal.reflect.DelegatingMethodAccessorImpl.invoke(DelegatingMethodAccessorImpl.java:43)
	at com.kms.katalon.core.webui.keyword.internal.WebUIKeywordMain.runKeyword(WebUIKeywordMain.groovy:20)
	... 21 more
)

01-01-2024T22:40:47 - [MESSAGE][FAILED] - Web element with id: 'Object Repository/Shared_alert/success_alert' located by 'By.cssSelector: #app > div.content-wrapper > section.content > div' is present after '1' second(s) (Root cause: com.kms.katalon.core.exception.StepFailedException: Web element with id: 'Object Repository/Shared_alert/success_alert' located by 'By.cssSelector: #app > div.content-wrapper > section.content > div' is present after '1' second(s)
	at com.kms.katalon.core.webui.keyword.internal.WebUIKeywordMain.stepFailed(WebUIKeywordMain.groovy:64)
	at com.kms.katalon.core.webui.keyword.internal.WebUIKeywordMain$stepFailed$0.call(Unknown Source)
	at com.kms.katalon.core.webui.keyword.builtin.VerifyElementNotPresentKeyword$_verifyElementNotPresent_closure1.doCall(VerifyElementNotPresentKeyword.groovy:113)
	at com.kms.katalon.core.webui.keyword.builtin.VerifyElementNotPresentKeyword$_verifyElementNotPresent_closure1.doCall(VerifyElementNotPresentKeyword.groovy)
	at java.base/jdk.internal.reflect.NativeMethodAccessorImpl.invoke0(Native Method)
	at java.base/jdk.internal.reflect.NativeMethodAccessorImpl.invoke(NativeMethodAccessorImpl.java:77)
	at java.base/jdk.internal.reflect.DelegatingMethodAccessorImpl.invoke(DelegatingMethodAccessorImpl.java:43)
	at com.kms.katalon.core.webui.keyword.internal.WebUIKeywordMain.runKeyword(WebUIKeywordMain.groovy:20)
	at com.kms.katalon.core.webui.keyword.internal.WebUIKeywordMain$runKeyword.call(Unknown Source)
	at com.kms.katalon.core.webui.keyword.builtin.VerifyElementNotPresentKeyword.verifyElementNotPresent(VerifyElementNotPresentKeyword.groovy:122)
	at com.kms.katalon.core.webui.keyword.builtin.VerifyElementNotPresentKeyword.execute(VerifyElementNotPresentKeyword.groovy:68)
	at com.kms.katalon.core.keyword.internal.KeywordExecutor.executeKeywordForPlatform(KeywordExecutor.groovy:74)
	at com.kms.katalon.core.webui.keyword.WebUiBuiltInKeywords.verifyElementNotPresent(WebUiBuiltInKeywords.groovy:1536)
	at Piggy Bank.run(Piggy Bank:64)
	at com.kms.katalon.core.main.ScriptEngine.run(ScriptEngine.java:194)
	at com.kms.katalon.core.main.ScriptEngine.runScriptAsRawText(ScriptEngine.java:119)
	at com.kms.katalon.core.main.TestCaseExecutor.runScript(TestCaseExecutor.java:448)
	at com.kms.katalon.core.main.TestCaseExecutor.doExecute(TestCaseExecutor.java:439)
	at com.kms.katalon.core.main.TestCaseExecutor.processExecutionPhase(TestCaseExecutor.java:418)
	at com.kms.katalon.core.main.TestCaseExecutor.accessMainPhase(TestCaseExecutor.java:410)
	at com.kms.katalon.core.main.TestCaseExecutor.execute(TestCaseExecutor.java:285)
	at com.kms.katalon.core.common.CommonExecutor.accessTestCaseMainPhase(CommonExecutor.java:65)
	at com.kms.katalon.core.main.TestSuiteExecutor.accessTestSuiteMainPhase(TestSuiteExecutor.java:148)
	at com.kms.katalon.core.main.TestSuiteExecutor.execute(TestSuiteExecutor.java:106)
	at com.kms.katalon.core.main.TestCaseMain.startTestSuite(TestCaseMain.java:180)
	at TempTestSuite1704123577203.run(TempTestSuite1704123577203.groovy:36)
	at java.base/jdk.internal.reflect.NativeMethodAccessorImpl.invoke0(Native Method)
	at java.base/jdk.internal.reflect.NativeMethodAccessorImpl.invoke(NativeMethodAccessorImpl.java:77)
	at java.base/jdk.internal.reflect.DelegatingMethodAccessorImpl.invoke(DelegatingMethodAccessorImpl.java:43)
)
[[ATTACHMENT|C:\\Users\\MODERN 15\\git\\G1_Firefly_testing\\Reports\\20240101_223937\\Piggy Bank\\20240101_223937\\1704123647315.png]]

01-01-2024T22:40:47 - [MESSAGE][FAILED] - Unable to verify object 'Object Repository/Shared_alert/success_alert' is not present (Root cause: com.kms.katalon.core.exception.StepFailedException: Unable to verify object 'Object Repository/Shared_alert/success_alert' is not present
	at com.kms.katalon.core.webui.keyword.internal.WebUIKeywordMain.stepFailed(WebUIKeywordMain.groovy:64)
	at com.kms.katalon.core.webui.keyword.internal.WebUIKeywordMain.runKeyword(WebUIKeywordMain.groovy:26)
	at com.kms.katalon.core.webui.keyword.internal.WebUIKeywordMain$runKeyword.call(Unknown Source)
	at com.kms.katalon.core.webui.keyword.builtin.VerifyElementNotPresentKeyword.verifyElementNotPresent(VerifyElementNotPresentKeyword.groovy:122)
	at com.kms.katalon.core.webui.keyword.builtin.VerifyElementNotPresentKeyword.execute(VerifyElementNotPresentKeyword.groovy:68)
	at com.kms.katalon.core.keyword.internal.KeywordExecutor.executeKeywordForPlatform(KeywordExecutor.groovy:74)
	at com.kms.katalon.core.webui.keyword.WebUiBuiltInKeywords.verifyElementNotPresent(WebUiBuiltInKeywords.groovy:1536)
	at Piggy Bank.run(Piggy Bank:64)
	at com.kms.katalon.core.main.ScriptEngine.run(ScriptEngine.java:194)
	at com.kms.katalon.core.main.ScriptEngine.runScriptAsRawText(ScriptEngine.java:119)
	at com.kms.katalon.core.main.TestCaseExecutor.runScript(TestCaseExecutor.java:448)
	at com.kms.katalon.core.main.TestCaseExecutor.doExecute(TestCaseExecutor.java:439)
	at com.kms.katalon.core.main.TestCaseExecutor.processExecutionPhase(TestCaseExecutor.java:418)
	at com.kms.katalon.core.main.TestCaseExecutor.accessMainPhase(TestCaseExecutor.java:410)
	at com.kms.katalon.core.main.TestCaseExecutor.execute(TestCaseExecutor.java:285)
	at com.kms.katalon.core.common.CommonExecutor.accessTestCaseMainPhase(CommonExecutor.java:65)
	at com.kms.katalon.core.main.TestSuiteExecutor.accessTestSuiteMainPhase(TestSuiteExecutor.java:148)
	at com.kms.katalon.core.main.TestSuiteExecutor.execute(TestSuiteExecutor.java:106)
	at com.kms.katalon.core.main.TestCaseMain.startTestSuite(TestCaseMain.java:180)
	at TempTestSuite1704123577203.run(TempTestSuite1704123577203.groovy:36)
	at java.base/jdk.internal.reflect.NativeMethodAccessorImpl.invoke0(Native Method)
	at java.base/jdk.internal.reflect.NativeMethodAccessorImpl.invoke(NativeMethodAccessorImpl.java:77)
	at java.base/jdk.internal.reflect.DelegatingMethodAccessorImpl.invoke(DelegatingMethodAccessorImpl.java:43)
Caused by: com.kms.katalon.core.exception.StepFailedException: Web element with id: 'Object Repository/Shared_alert/success_alert' located by 'By.cssSelector: #app > div.content-wrapper > section.content > div' is present after '1' second(s)
	at com.kms.katalon.core.webui.keyword.internal.WebUIKeywordMain.stepFailed(WebUIKeywordMain.groovy:64)
	at com.kms.katalon.core.webui.keyword.internal.WebUIKeywordMain$stepFailed$0.call(Unknown Source)
	at com.kms.katalon.core.webui.keyword.builtin.VerifyElementNotPresentKeyword$_verifyElementNotPresent_closure1.doCall(VerifyElementNotPresentKeyword.groovy:113)
	at com.kms.katalon.core.webui.keyword.builtin.VerifyElementNotPresentKeyword$_verifyElementNotPresent_closure1.doCall(VerifyElementNotPresentKeyword.groovy)
	at java.base/jdk.internal.reflect.NativeMethodAccessorImpl.invoke0(Native Method)
	at java.base/jdk.internal.reflect.NativeMethodAccessorImpl.invoke(NativeMethodAccessorImpl.java:77)
	at java.base/jdk.internal.reflect.DelegatingMethodAccessorImpl.invoke(DelegatingMethodAccessorImpl.java:43)
	at com.kms.katalon.core.webui.keyword.internal.WebUIKeywordMain.runKeyword(WebUIKeywordMain.groovy:20)
	... 21 more
)
[[ATTACHMENT|C:\\Users\\MODERN 15\\git\\G1_Firefly_testing\\Reports\\20240101_223937\\Piggy Bank\\20240101_223937\\1704123647450.png]]

01-01-2024T22:40:47 - [TEST_STEP][PASSED] - catch (Exception err): null

01-01-2024T22:40:47 - [TEST_STEP][PASSED] - verifyElementPresent(findTestObject("Shared_alert/success_alert"), 1): Object 'Object Repository/Shared_alert/success_alert' is present

01-01-2024T22:40:47 - [MESSAGE][PASSED] - Object 'Object Repository/Shared_alert/success_alert' is present

01-01-2024T22:40:47 - [TEST_STEP][PASSED] - out.println("success"): null

01-01-2024T22:40:47 - [TEST_STEP][PASSED] - closeBrowser(): Browser is closed

01-01-2024T22:40:48 - [MESSAGE][PASSED] - Browser is closed]]></system-out>
         <system-err><![CDATA[]]></system-err>
      </testcase>
      <testcase name="Test Cases/Piggy Bank" time="21.35" classname="Test Cases/Piggy Bank" status="PASSED">
         <system-out><![CDATA[01-01-2024T22:40:48 - [TEST_CASE][PASSED] - Test Cases/Piggy Bank: Test Cases/Piggy Bank

01-01-2024T22:40:48 - [TEST_STEP][PASSED] - openBrowser(""): Browser is opened with url: ''

01-01-2024T22:40:48 - [MESSAGE][INFO] - Starting 'Chrome' driver

01-01-2024T22:40:48 - [MESSAGE][INFO] - Action delay is set to 0 milliseconds

01-01-2024T22:40:49 - [MESSAGE][PASSED] - Browser is opened with url: ''

01-01-2024T22:40:49 - [TEST_STEP][PASSED] - navigateToUrl("https://firefly.buudadawg.online/login"): Navigate to 'https://firefly.buudadawg.online/login' successfully

01-01-2024T22:40:52 - [MESSAGE][PASSED] - Navigate to 'https://firefly.buudadawg.online/login' successfully

01-01-2024T22:40:52 - [TEST_STEP][PASSED] - setText(findTestObject("Object Repository/Piggy Bank/Page_Login to Firefly III/input_email"), username): Text 'killermh1352@gmail.com' is set on object 'Object Repository/Piggy Bank/Page_Login to Firefly III/input_email'

01-01-2024T22:40:53 - [MESSAGE][PASSED] - Text 'killermh1352@gmail.com' is set on object 'Object Repository/Piggy Bank/Page_Login to Firefly III/input_email'

01-01-2024T22:40:53 - [TEST_STEP][PASSED] - setText(findTestObject("Object Repository/Piggy Bank/Page_Login to Firefly III/input_password"), password): Text 'tranvinhphuc2002' is set on object 'Object Repository/Piggy Bank/Page_Login to Firefly III/input_password'

01-01-2024T22:40:53 - [MESSAGE][PASSED] - Text 'tranvinhphuc2002' is set on object 'Object Repository/Piggy Bank/Page_Login to Firefly III/input_password'

01-01-2024T22:40:53 - [TEST_STEP][PASSED] - sendKeys(findTestObject("Object Repository/Piggy Bank/Page_Login to Firefly III/input_password"), Keys.chord(ENTER)): Keys 'ENTER + ' sent to object: 'Object Repository/Piggy Bank/Page_Login to Firefly III/input_password'

01-01-2024T22:40:54 - [MESSAGE][PASSED] - Keys 'ENTER + ' sent to object: 'Object Repository/Piggy Bank/Page_Login to Firefly III/input_password'

01-01-2024T22:40:54 - [TEST_STEP][PASSED] - click(findTestObject("Object Repository/Piggy Bank/Page_Whats playing  Firefly III/a_Piggy banks")): Object: 'Object Repository/Piggy Bank/Page_Whats playing  Firefly III/a_Piggy banks' is clicked on

01-01-2024T22:40:56 - [MESSAGE][PASSED] - Object: 'Object Repository/Piggy Bank/Page_Whats playing  Firefly III/a_Piggy banks' is clicked on

01-01-2024T22:40:56 - [TEST_STEP][PASSED] - click(findTestObject("Piggy Bank/Page_Piggy banks  Firefly III/a_Create new piggy bank")): Object: 'Object Repository/Piggy Bank/Page_Piggy banks  Firefly III/a_Create new piggy bank' is clicked on

01-01-2024T22:40:57 - [MESSAGE][PASSED] - Object: 'Object Repository/Piggy Bank/Page_Piggy banks  Firefly III/a_Create new piggy bank' is clicked on

01-01-2024T22:40:57 - [TEST_STEP][PASSED] - setText(findTestObject("Object Repository/Piggy Bank/Page_New piggy bank  Piggy banks  Firefly III/input_name"), name): Text 'STAAR Surgical Company' is set on object 'Object Repository/Piggy Bank/Page_New piggy bank  Piggy banks  Firefly III/input_name'

01-01-2024T22:40:58 - [MESSAGE][PASSED] - Text 'STAAR Surgical Company' is set on object 'Object Repository/Piggy Bank/Page_New piggy bank  Piggy banks  Firefly III/input_name'

01-01-2024T22:40:58 - [TEST_STEP][PASSED] - selectOptionByLabel(findTestObject("Object Repository/Piggy Bank/Page_New piggy bank  Piggy banks  Firefly III/select_My Savings AccountMy Asset Account"), save_on_account, true): All options with label 'My Asset Account' are selected in object 'Object Repository/Piggy Bank/Page_New piggy bank  Piggy banks  Firefly III/select_My Savings AccountMy Asset Account'  using regular expression

01-01-2024T22:40:59 - [MESSAGE][PASSED] - All options with label 'My Asset Account' are selected in object 'Object Repository/Piggy Bank/Page_New piggy bank  Piggy banks  Firefly III/select_My Savings AccountMy Asset Account'  using regular expression

01-01-2024T22:40:59 - [TEST_STEP][PASSED] - setText(findTestObject("Object Repository/Piggy Bank/Page_New piggy bank  Piggy banks  Firefly III/input_targetamount"), target_amount): Text '10035' is set on object 'Object Repository/Piggy Bank/Page_New piggy bank  Piggy banks  Firefly III/input_targetamount'

01-01-2024T22:40:59 - [MESSAGE][PASSED] - Text '10035' is set on object 'Object Repository/Piggy Bank/Page_New piggy bank  Piggy banks  Firefly III/input_targetamount'

01-01-2024T22:40:59 - [TEST_STEP][PASSED] - setText(findTestObject("Object Repository/Piggy Bank/Page_New piggy bank  Piggy banks  Firefly III/textarea_notes"), notes): Text 'velit id pretium iaculis diam erat fermentum justo nec condimentum neque sapien placerat ante nulla justo aliquam quis turpis eget elit sodales scelerisque mauris sit amet eros suspendisse accumsan tortor quis turpis sed ante vivamus tortor duis mattis egestas metus aenean fermentum donec ut mauris eget massa tempor convallis nulla neque libero convallis eget eleifend luctus ultricies eu nibh quisque id justo sit amet sapien dignissim vestibulum vestibulum ante ipsum primis in faucibus orci luctus et ultrices posuere cubilia curae nulla dapibus dolor vel est donec odio justo sollicitudin ut suscipit a feugiat et eros vestibulum ac est lacinia nisi venenatis tristique fusce congue diam id ornare imperdiet sapien urna pretium nisl ut volutpat sapien arcu sed augue aliquam erat volutpat in congue etiam justo etiam pretium iaculis justo in hac habitasse platea dictumst etiam faucibus cursus urna ut tellus nulla ut erat id mauris vulputate elementum nullam varius nulla facilisi cras non velit nec nisi vulputate nonummy maecenas tincidunt lacus at velit vivamus vel nulla eget eros elementum pellentesque quisque porta volutpat erat quisque erat eros viverra eget congue eget semper rutrum nulla nunc purus phasellus in felis donec semper sapien a libero nam dui proin leo odio porttitor id consequat in consequat ut nulla sed accumsan felis ut at dolor quis odio consequat varius integer ac leo pellentesque ultrices mattis odio donec vitae nisi nam ultrices libero non mattis pulvinar nulla pede ullamcorper augue a suscipit nulla elit ac nulla' is set on object 'Object Repository/Piggy Bank/Page_New piggy bank  Piggy banks  Firefly III/textarea_notes'

01-01-2024T22:41:04 - [MESSAGE][PASSED] - Text 'velit id pretium iaculis diam erat fermentum justo nec condimentum neque sapien placerat ante nulla justo aliquam quis turpis eget elit sodales scelerisque mauris sit amet eros suspendisse accumsan tortor quis turpis sed ante vivamus tortor duis mattis egestas metus aenean fermentum donec ut mauris eget massa tempor convallis nulla neque libero convallis eget eleifend luctus ultricies eu nibh quisque id justo sit amet sapien dignissim vestibulum vestibulum ante ipsum primis in faucibus orci luctus et ultrices posuere cubilia curae nulla dapibus dolor vel est donec odio justo sollicitudin ut suscipit a feugiat et eros vestibulum ac est lacinia nisi venenatis tristique fusce congue diam id ornare imperdiet sapien urna pretium nisl ut volutpat sapien arcu sed augue aliquam erat volutpat in congue etiam justo etiam pretium iaculis justo in hac habitasse platea dictumst etiam faucibus cursus urna ut tellus nulla ut erat id mauris vulputate elementum nullam varius nulla facilisi cras non velit nec nisi vulputate nonummy maecenas tincidunt lacus at velit vivamus vel nulla eget eros elementum pellentesque quisque porta volutpat erat quisque erat eros viverra eget congue eget semper rutrum nulla nunc purus phasellus in felis donec semper sapien a libero nam dui proin leo odio porttitor id consequat in consequat ut nulla sed accumsan felis ut at dolor quis odio consequat varius integer ac leo pellentesque ultrices mattis odio donec vitae nisi nam ultrices libero non mattis pulvinar nulla pede ullamcorper augue a suscipit nulla elit ac nulla' is set on object 'Object Repository/Piggy Bank/Page_New piggy bank  Piggy banks  Firefly III/textarea_notes'

01-01-2024T22:41:04 - [TEST_STEP][PASSED] - setText(findTestObject("Object Repository/Piggy Bank/Page_New piggy bank  Piggy banks  Firefly III/input_object_group"), group): Text '' is set on object 'Object Repository/Piggy Bank/Page_New piggy bank  Piggy banks  Firefly III/input_object_group'

01-01-2024T22:41:04 - [MESSAGE][PASSED] - Text '' is set on object 'Object Repository/Piggy Bank/Page_New piggy bank  Piggy banks  Firefly III/input_object_group'

01-01-2024T22:41:04 - [TEST_STEP][PASSED] - setText(findTestObject("Piggy Bank/Page_New piggy bank  Piggy banks  Firefly III/input_date"), target_date): Text '09/15/2023' is set on object 'Object Repository/Piggy Bank/Page_New piggy bank  Piggy banks  Firefly III/input_date'

01-01-2024T22:41:05 - [MESSAGE][PASSED] - Text '09/15/2023' is set on object 'Object Repository/Piggy Bank/Page_New piggy bank  Piggy banks  Firefly III/input_date'

01-01-2024T22:41:05 - [TEST_STEP][PASSED] - if (attachment): null

01-01-2024T22:41:05 - [TEST_STEP][PASSED] - click(findTestObject("Object Repository/Piggy Bank/Page_New piggy bank  Piggy banks  Firefly III/div_Mandatory fields                       _ed7e9e")): Object: 'Object Repository/Piggy Bank/Page_New piggy bank  Piggy banks  Firefly III/div_Mandatory fields                       _ed7e9e' is clicked on

01-01-2024T22:41:05 - [MESSAGE][PASSED] - Object: 'Object Repository/Piggy Bank/Page_New piggy bank  Piggy banks  Firefly III/div_Mandatory fields                       _ed7e9e' is clicked on

01-01-2024T22:41:05 - [TEST_STEP][PASSED] - click(findTestObject("Object Repository/Piggy Bank/Page_New piggy bank  Piggy banks  Firefly III/button_Store new piggy bank")): Object: 'Object Repository/Piggy Bank/Page_New piggy bank  Piggy banks  Firefly III/button_Store new piggy bank' is clicked on

01-01-2024T22:41:07 - [MESSAGE][PASSED] - Object: 'Object Repository/Piggy Bank/Page_New piggy bank  Piggy banks  Firefly III/button_Store new piggy bank' is clicked on

01-01-2024T22:41:07 - [TEST_STEP][FAILED] - try: Unable to verify object 'Object Repository/Shared_alert/success_alert' is not present (Root cause: com.kms.katalon.core.exception.StepFailedException: Unable to verify object 'Object Repository/Shared_alert/success_alert' is not present
	at com.kms.katalon.core.webui.keyword.internal.WebUIKeywordMain.stepFailed(WebUIKeywordMain.groovy:64)
	at com.kms.katalon.core.webui.keyword.internal.WebUIKeywordMain.runKeyword(WebUIKeywordMain.groovy:26)
	at com.kms.katalon.core.webui.keyword.internal.WebUIKeywordMain$runKeyword.call(Unknown Source)
	at com.kms.katalon.core.webui.keyword.builtin.VerifyElementNotPresentKeyword.verifyElementNotPresent(VerifyElementNotPresentKeyword.groovy:122)
	at com.kms.katalon.core.webui.keyword.builtin.VerifyElementNotPresentKeyword.execute(VerifyElementNotPresentKeyword.groovy:68)
	at com.kms.katalon.core.keyword.internal.KeywordExecutor.executeKeywordForPlatform(KeywordExecutor.groovy:74)
	at com.kms.katalon.core.webui.keyword.WebUiBuiltInKeywords.verifyElementNotPresent(WebUiBuiltInKeywords.groovy:1536)
	at Piggy Bank.run(Piggy Bank:64)
	at com.kms.katalon.core.main.ScriptEngine.run(ScriptEngine.java:194)
	at com.kms.katalon.core.main.ScriptEngine.runScriptAsRawText(ScriptEngine.java:119)
	at com.kms.katalon.core.main.TestCaseExecutor.runScript(TestCaseExecutor.java:448)
	at com.kms.katalon.core.main.TestCaseExecutor.doExecute(TestCaseExecutor.java:439)
	at com.kms.katalon.core.main.TestCaseExecutor.processExecutionPhase(TestCaseExecutor.java:418)
	at com.kms.katalon.core.main.TestCaseExecutor.accessMainPhase(TestCaseExecutor.java:410)
	at com.kms.katalon.core.main.TestCaseExecutor.execute(TestCaseExecutor.java:285)
	at com.kms.katalon.core.common.CommonExecutor.accessTestCaseMainPhase(CommonExecutor.java:65)
	at com.kms.katalon.core.main.TestSuiteExecutor.accessTestSuiteMainPhase(TestSuiteExecutor.java:148)
	at com.kms.katalon.core.main.TestSuiteExecutor.execute(TestSuiteExecutor.java:106)
	at com.kms.katalon.core.main.TestCaseMain.startTestSuite(TestCaseMain.java:180)
	at TempTestSuite1704123577203.run(TempTestSuite1704123577203.groovy:36)
	at java.base/jdk.internal.reflect.NativeMethodAccessorImpl.invoke0(Native Method)
	at java.base/jdk.internal.reflect.NativeMethodAccessorImpl.invoke(NativeMethodAccessorImpl.java:77)
	at java.base/jdk.internal.reflect.DelegatingMethodAccessorImpl.invoke(DelegatingMethodAccessorImpl.java:43)
Caused by: com.kms.katalon.core.exception.StepFailedException: Web element with id: 'Object Repository/Shared_alert/success_alert' located by 'By.cssSelector: #app > div.content-wrapper > section.content > div' is present after '1' second(s)
	at com.kms.katalon.core.webui.keyword.internal.WebUIKeywordMain.stepFailed(WebUIKeywordMain.groovy:64)
	at com.kms.katalon.core.webui.keyword.internal.WebUIKeywordMain$stepFailed$0.call(Unknown Source)
	at com.kms.katalon.core.webui.keyword.builtin.VerifyElementNotPresentKeyword$_verifyElementNotPresent_closure1.doCall(VerifyElementNotPresentKeyword.groovy:113)
	at com.kms.katalon.core.webui.keyword.builtin.VerifyElementNotPresentKeyword$_verifyElementNotPresent_closure1.doCall(VerifyElementNotPresentKeyword.groovy)
	at java.base/jdk.internal.reflect.NativeMethodAccessorImpl.invoke0(Native Method)
	at java.base/jdk.internal.reflect.NativeMethodAccessorImpl.invoke(NativeMethodAccessorImpl.java:77)
	at java.base/jdk.internal.reflect.DelegatingMethodAccessorImpl.invoke(DelegatingMethodAccessorImpl.java:43)
	at com.kms.katalon.core.webui.keyword.internal.WebUIKeywordMain.runKeyword(WebUIKeywordMain.groovy:20)
	... 21 more
)

01-01-2024T22:41:07 - [TEST_STEP][PASSED] - verifyElementPresent(findTestObject("Shared_alert/text_dangers"), 1): Object 'Object Repository/Shared_alert/text_dangers' is present

01-01-2024T22:41:07 - [MESSAGE][PASSED] - Object 'Object Repository/Shared_alert/text_dangers' is present

01-01-2024T22:41:07 - [TEST_STEP][FAILED] - verifyElementNotPresent(findTestObject("Shared_alert/success_alert"), 1): Unable to verify object 'Object Repository/Shared_alert/success_alert' is not present (Root cause: com.kms.katalon.core.exception.StepFailedException: Unable to verify object 'Object Repository/Shared_alert/success_alert' is not present
	at com.kms.katalon.core.webui.keyword.internal.WebUIKeywordMain.stepFailed(WebUIKeywordMain.groovy:64)
	at com.kms.katalon.core.webui.keyword.internal.WebUIKeywordMain.runKeyword(WebUIKeywordMain.groovy:26)
	at com.kms.katalon.core.webui.keyword.internal.WebUIKeywordMain$runKeyword.call(Unknown Source)
	at com.kms.katalon.core.webui.keyword.builtin.VerifyElementNotPresentKeyword.verifyElementNotPresent(VerifyElementNotPresentKeyword.groovy:122)
	at com.kms.katalon.core.webui.keyword.builtin.VerifyElementNotPresentKeyword.execute(VerifyElementNotPresentKeyword.groovy:68)
	at com.kms.katalon.core.keyword.internal.KeywordExecutor.executeKeywordForPlatform(KeywordExecutor.groovy:74)
	at com.kms.katalon.core.webui.keyword.WebUiBuiltInKeywords.verifyElementNotPresent(WebUiBuiltInKeywords.groovy:1536)
	at Piggy Bank.run(Piggy Bank:64)
	at com.kms.katalon.core.main.ScriptEngine.run(ScriptEngine.java:194)
	at com.kms.katalon.core.main.ScriptEngine.runScriptAsRawText(ScriptEngine.java:119)
	at com.kms.katalon.core.main.TestCaseExecutor.runScript(TestCaseExecutor.java:448)
	at com.kms.katalon.core.main.TestCaseExecutor.doExecute(TestCaseExecutor.java:439)
	at com.kms.katalon.core.main.TestCaseExecutor.processExecutionPhase(TestCaseExecutor.java:418)
	at com.kms.katalon.core.main.TestCaseExecutor.accessMainPhase(TestCaseExecutor.java:410)
	at com.kms.katalon.core.main.TestCaseExecutor.execute(TestCaseExecutor.java:285)
	at com.kms.katalon.core.common.CommonExecutor.accessTestCaseMainPhase(CommonExecutor.java:65)
	at com.kms.katalon.core.main.TestSuiteExecutor.accessTestSuiteMainPhase(TestSuiteExecutor.java:148)
	at com.kms.katalon.core.main.TestSuiteExecutor.execute(TestSuiteExecutor.java:106)
	at com.kms.katalon.core.main.TestCaseMain.startTestSuite(TestCaseMain.java:180)
	at TempTestSuite1704123577203.run(TempTestSuite1704123577203.groovy:36)
	at java.base/jdk.internal.reflect.NativeMethodAccessorImpl.invoke0(Native Method)
	at java.base/jdk.internal.reflect.NativeMethodAccessorImpl.invoke(NativeMethodAccessorImpl.java:77)
	at java.base/jdk.internal.reflect.DelegatingMethodAccessorImpl.invoke(DelegatingMethodAccessorImpl.java:43)
Caused by: com.kms.katalon.core.exception.StepFailedException: Web element with id: 'Object Repository/Shared_alert/success_alert' located by 'By.cssSelector: #app > div.content-wrapper > section.content > div' is present after '1' second(s)
	at com.kms.katalon.core.webui.keyword.internal.WebUIKeywordMain.stepFailed(WebUIKeywordMain.groovy:64)
	at com.kms.katalon.core.webui.keyword.internal.WebUIKeywordMain$stepFailed$0.call(Unknown Source)
	at com.kms.katalon.core.webui.keyword.builtin.VerifyElementNotPresentKeyword$_verifyElementNotPresent_closure1.doCall(VerifyElementNotPresentKeyword.groovy:113)
	at com.kms.katalon.core.webui.keyword.builtin.VerifyElementNotPresentKeyword$_verifyElementNotPresent_closure1.doCall(VerifyElementNotPresentKeyword.groovy)
	at java.base/jdk.internal.reflect.NativeMethodAccessorImpl.invoke0(Native Method)
	at java.base/jdk.internal.reflect.NativeMethodAccessorImpl.invoke(NativeMethodAccessorImpl.java:77)
	at java.base/jdk.internal.reflect.DelegatingMethodAccessorImpl.invoke(DelegatingMethodAccessorImpl.java:43)
	at com.kms.katalon.core.webui.keyword.internal.WebUIKeywordMain.runKeyword(WebUIKeywordMain.groovy:20)
	... 21 more
)

01-01-2024T22:41:08 - [MESSAGE][FAILED] - Web element with id: 'Object Repository/Shared_alert/success_alert' located by 'By.cssSelector: #app > div.content-wrapper > section.content > div' is present after '1' second(s) (Root cause: com.kms.katalon.core.exception.StepFailedException: Web element with id: 'Object Repository/Shared_alert/success_alert' located by 'By.cssSelector: #app > div.content-wrapper > section.content > div' is present after '1' second(s)
	at com.kms.katalon.core.webui.keyword.internal.WebUIKeywordMain.stepFailed(WebUIKeywordMain.groovy:64)
	at com.kms.katalon.core.webui.keyword.internal.WebUIKeywordMain$stepFailed$0.call(Unknown Source)
	at com.kms.katalon.core.webui.keyword.builtin.VerifyElementNotPresentKeyword$_verifyElementNotPresent_closure1.doCall(VerifyElementNotPresentKeyword.groovy:113)
	at com.kms.katalon.core.webui.keyword.builtin.VerifyElementNotPresentKeyword$_verifyElementNotPresent_closure1.doCall(VerifyElementNotPresentKeyword.groovy)
	at java.base/jdk.internal.reflect.NativeMethodAccessorImpl.invoke0(Native Method)
	at java.base/jdk.internal.reflect.NativeMethodAccessorImpl.invoke(NativeMethodAccessorImpl.java:77)
	at java.base/jdk.internal.reflect.DelegatingMethodAccessorImpl.invoke(DelegatingMethodAccessorImpl.java:43)
	at com.kms.katalon.core.webui.keyword.internal.WebUIKeywordMain.runKeyword(WebUIKeywordMain.groovy:20)
	at com.kms.katalon.core.webui.keyword.internal.WebUIKeywordMain$runKeyword.call(Unknown Source)
	at com.kms.katalon.core.webui.keyword.builtin.VerifyElementNotPresentKeyword.verifyElementNotPresent(VerifyElementNotPresentKeyword.groovy:122)
	at com.kms.katalon.core.webui.keyword.builtin.VerifyElementNotPresentKeyword.execute(VerifyElementNotPresentKeyword.groovy:68)
	at com.kms.katalon.core.keyword.internal.KeywordExecutor.executeKeywordForPlatform(KeywordExecutor.groovy:74)
	at com.kms.katalon.core.webui.keyword.WebUiBuiltInKeywords.verifyElementNotPresent(WebUiBuiltInKeywords.groovy:1536)
	at Piggy Bank.run(Piggy Bank:64)
	at com.kms.katalon.core.main.ScriptEngine.run(ScriptEngine.java:194)
	at com.kms.katalon.core.main.ScriptEngine.runScriptAsRawText(ScriptEngine.java:119)
	at com.kms.katalon.core.main.TestCaseExecutor.runScript(TestCaseExecutor.java:448)
	at com.kms.katalon.core.main.TestCaseExecutor.doExecute(TestCaseExecutor.java:439)
	at com.kms.katalon.core.main.TestCaseExecutor.processExecutionPhase(TestCaseExecutor.java:418)
	at com.kms.katalon.core.main.TestCaseExecutor.accessMainPhase(TestCaseExecutor.java:410)
	at com.kms.katalon.core.main.TestCaseExecutor.execute(TestCaseExecutor.java:285)
	at com.kms.katalon.core.common.CommonExecutor.accessTestCaseMainPhase(CommonExecutor.java:65)
	at com.kms.katalon.core.main.TestSuiteExecutor.accessTestSuiteMainPhase(TestSuiteExecutor.java:148)
	at com.kms.katalon.core.main.TestSuiteExecutor.execute(TestSuiteExecutor.java:106)
	at com.kms.katalon.core.main.TestCaseMain.startTestSuite(TestCaseMain.java:180)
	at TempTestSuite1704123577203.run(TempTestSuite1704123577203.groovy:36)
	at java.base/jdk.internal.reflect.NativeMethodAccessorImpl.invoke0(Native Method)
	at java.base/jdk.internal.reflect.NativeMethodAccessorImpl.invoke(NativeMethodAccessorImpl.java:77)
	at java.base/jdk.internal.reflect.DelegatingMethodAccessorImpl.invoke(DelegatingMethodAccessorImpl.java:43)
)
[[ATTACHMENT|C:\\Users\\MODERN 15\\git\\G1_Firefly_testing\\Reports\\20240101_223937\\Piggy Bank\\20240101_223937\\1704123668848.png]]

01-01-2024T22:41:09 - [MESSAGE][FAILED] - Unable to verify object 'Object Repository/Shared_alert/success_alert' is not present (Root cause: com.kms.katalon.core.exception.StepFailedException: Unable to verify object 'Object Repository/Shared_alert/success_alert' is not present
	at com.kms.katalon.core.webui.keyword.internal.WebUIKeywordMain.stepFailed(WebUIKeywordMain.groovy:64)
	at com.kms.katalon.core.webui.keyword.internal.WebUIKeywordMain.runKeyword(WebUIKeywordMain.groovy:26)
	at com.kms.katalon.core.webui.keyword.internal.WebUIKeywordMain$runKeyword.call(Unknown Source)
	at com.kms.katalon.core.webui.keyword.builtin.VerifyElementNotPresentKeyword.verifyElementNotPresent(VerifyElementNotPresentKeyword.groovy:122)
	at com.kms.katalon.core.webui.keyword.builtin.VerifyElementNotPresentKeyword.execute(VerifyElementNotPresentKeyword.groovy:68)
	at com.kms.katalon.core.keyword.internal.KeywordExecutor.executeKeywordForPlatform(KeywordExecutor.groovy:74)
	at com.kms.katalon.core.webui.keyword.WebUiBuiltInKeywords.verifyElementNotPresent(WebUiBuiltInKeywords.groovy:1536)
	at Piggy Bank.run(Piggy Bank:64)
	at com.kms.katalon.core.main.ScriptEngine.run(ScriptEngine.java:194)
	at com.kms.katalon.core.main.ScriptEngine.runScriptAsRawText(ScriptEngine.java:119)
	at com.kms.katalon.core.main.TestCaseExecutor.runScript(TestCaseExecutor.java:448)
	at com.kms.katalon.core.main.TestCaseExecutor.doExecute(TestCaseExecutor.java:439)
	at com.kms.katalon.core.main.TestCaseExecutor.processExecutionPhase(TestCaseExecutor.java:418)
	at com.kms.katalon.core.main.TestCaseExecutor.accessMainPhase(TestCaseExecutor.java:410)
	at com.kms.katalon.core.main.TestCaseExecutor.execute(TestCaseExecutor.java:285)
	at com.kms.katalon.core.common.CommonExecutor.accessTestCaseMainPhase(CommonExecutor.java:65)
	at com.kms.katalon.core.main.TestSuiteExecutor.accessTestSuiteMainPhase(TestSuiteExecutor.java:148)
	at com.kms.katalon.core.main.TestSuiteExecutor.execute(TestSuiteExecutor.java:106)
	at com.kms.katalon.core.main.TestCaseMain.startTestSuite(TestCaseMain.java:180)
	at TempTestSuite1704123577203.run(TempTestSuite1704123577203.groovy:36)
	at java.base/jdk.internal.reflect.NativeMethodAccessorImpl.invoke0(Native Method)
	at java.base/jdk.internal.reflect.NativeMethodAccessorImpl.invoke(NativeMethodAccessorImpl.java:77)
	at java.base/jdk.internal.reflect.DelegatingMethodAccessorImpl.invoke(DelegatingMethodAccessorImpl.java:43)
Caused by: com.kms.katalon.core.exception.StepFailedException: Web element with id: 'Object Repository/Shared_alert/success_alert' located by 'By.cssSelector: #app > div.content-wrapper > section.content > div' is present after '1' second(s)
	at com.kms.katalon.core.webui.keyword.internal.WebUIKeywordMain.stepFailed(WebUIKeywordMain.groovy:64)
	at com.kms.katalon.core.webui.keyword.internal.WebUIKeywordMain$stepFailed$0.call(Unknown Source)
	at com.kms.katalon.core.webui.keyword.builtin.VerifyElementNotPresentKeyword$_verifyElementNotPresent_closure1.doCall(VerifyElementNotPresentKeyword.groovy:113)
	at com.kms.katalon.core.webui.keyword.builtin.VerifyElementNotPresentKeyword$_verifyElementNotPresent_closure1.doCall(VerifyElementNotPresentKeyword.groovy)
	at java.base/jdk.internal.reflect.NativeMethodAccessorImpl.invoke0(Native Method)
	at java.base/jdk.internal.reflect.NativeMethodAccessorImpl.invoke(NativeMethodAccessorImpl.java:77)
	at java.base/jdk.internal.reflect.DelegatingMethodAccessorImpl.invoke(DelegatingMethodAccessorImpl.java:43)
	at com.kms.katalon.core.webui.keyword.internal.WebUIKeywordMain.runKeyword(WebUIKeywordMain.groovy:20)
	... 21 more
)
[[ATTACHMENT|C:\\Users\\MODERN 15\\git\\G1_Firefly_testing\\Reports\\20240101_223937\\Piggy Bank\\20240101_223937\\1704123668987.png]]

01-01-2024T22:41:09 - [TEST_STEP][PASSED] - catch (Exception err): null

01-01-2024T22:41:09 - [TEST_STEP][PASSED] - verifyElementPresent(findTestObject("Shared_alert/success_alert"), 1): Object 'Object Repository/Shared_alert/success_alert' is present

01-01-2024T22:41:09 - [MESSAGE][PASSED] - Object 'Object Repository/Shared_alert/success_alert' is present

01-01-2024T22:41:09 - [TEST_STEP][PASSED] - out.println("success"): null

01-01-2024T22:41:09 - [TEST_STEP][PASSED] - closeBrowser(): Browser is closed

01-01-2024T22:41:09 - [MESSAGE][PASSED] - Browser is closed]]></system-out>
         <system-err><![CDATA[]]></system-err>
      </testcase>
      <testcase name="Test Cases/Piggy Bank" time="18.404" classname="Test Cases/Piggy Bank" status="PASSED">
         <system-out><![CDATA[01-01-2024T22:41:09 - [TEST_CASE][PASSED] - Test Cases/Piggy Bank: Test Cases/Piggy Bank

01-01-2024T22:41:09 - [TEST_STEP][PASSED] - openBrowser(""): Browser is opened with url: ''

01-01-2024T22:41:09 - [MESSAGE][INFO] - Starting 'Chrome' driver

01-01-2024T22:41:09 - [MESSAGE][INFO] - Action delay is set to 0 milliseconds

01-01-2024T22:41:10 - [MESSAGE][PASSED] - Browser is opened with url: ''

01-01-2024T22:41:10 - [TEST_STEP][PASSED] - navigateToUrl("https://firefly.buudadawg.online/login"): Navigate to 'https://firefly.buudadawg.online/login' successfully

01-01-2024T22:41:13 - [MESSAGE][PASSED] - Navigate to 'https://firefly.buudadawg.online/login' successfully

01-01-2024T22:41:13 - [TEST_STEP][PASSED] - setText(findTestObject("Object Repository/Piggy Bank/Page_Login to Firefly III/input_email"), username): Text 'killermh1352@gmail.com' is set on object 'Object Repository/Piggy Bank/Page_Login to Firefly III/input_email'

01-01-2024T22:41:14 - [MESSAGE][PASSED] - Text 'killermh1352@gmail.com' is set on object 'Object Repository/Piggy Bank/Page_Login to Firefly III/input_email'

01-01-2024T22:41:14 - [TEST_STEP][PASSED] - setText(findTestObject("Object Repository/Piggy Bank/Page_Login to Firefly III/input_password"), password): Text 'tranvinhphuc2002' is set on object 'Object Repository/Piggy Bank/Page_Login to Firefly III/input_password'

01-01-2024T22:41:15 - [MESSAGE][PASSED] - Text 'tranvinhphuc2002' is set on object 'Object Repository/Piggy Bank/Page_Login to Firefly III/input_password'

01-01-2024T22:41:15 - [TEST_STEP][PASSED] - sendKeys(findTestObject("Object Repository/Piggy Bank/Page_Login to Firefly III/input_password"), Keys.chord(ENTER)): Keys 'ENTER + ' sent to object: 'Object Repository/Piggy Bank/Page_Login to Firefly III/input_password'

01-01-2024T22:41:16 - [MESSAGE][PASSED] - Keys 'ENTER + ' sent to object: 'Object Repository/Piggy Bank/Page_Login to Firefly III/input_password'

01-01-2024T22:41:16 - [TEST_STEP][PASSED] - click(findTestObject("Object Repository/Piggy Bank/Page_Whats playing  Firefly III/a_Piggy banks")): Object: 'Object Repository/Piggy Bank/Page_Whats playing  Firefly III/a_Piggy banks' is clicked on

01-01-2024T22:41:18 - [MESSAGE][PASSED] - Object: 'Object Repository/Piggy Bank/Page_Whats playing  Firefly III/a_Piggy banks' is clicked on

01-01-2024T22:41:18 - [TEST_STEP][PASSED] - click(findTestObject("Piggy Bank/Page_Piggy banks  Firefly III/a_Create new piggy bank")): Object: 'Object Repository/Piggy Bank/Page_Piggy banks  Firefly III/a_Create new piggy bank' is clicked on

01-01-2024T22:41:19 - [MESSAGE][PASSED] - Object: 'Object Repository/Piggy Bank/Page_Piggy banks  Firefly III/a_Create new piggy bank' is clicked on

01-01-2024T22:41:19 - [TEST_STEP][PASSED] - setText(findTestObject("Object Repository/Piggy Bank/Page_New piggy bank  Piggy banks  Firefly III/input_name"), name): Text 'Cone Midstream Partners LP' is set on object 'Object Repository/Piggy Bank/Page_New piggy bank  Piggy banks  Firefly III/input_name'

01-01-2024T22:41:19 - [MESSAGE][PASSED] - Text 'Cone Midstream Partners LP' is set on object 'Object Repository/Piggy Bank/Page_New piggy bank  Piggy banks  Firefly III/input_name'

01-01-2024T22:41:19 - [TEST_STEP][PASSED] - selectOptionByLabel(findTestObject("Object Repository/Piggy Bank/Page_New piggy bank  Piggy banks  Firefly III/select_My Savings AccountMy Asset Account"), save_on_account, true): All options with label 'My Asset Account' are selected in object 'Object Repository/Piggy Bank/Page_New piggy bank  Piggy banks  Firefly III/select_My Savings AccountMy Asset Account'  using regular expression

01-01-2024T22:41:20 - [MESSAGE][PASSED] - All options with label 'My Asset Account' are selected in object 'Object Repository/Piggy Bank/Page_New piggy bank  Piggy banks  Firefly III/select_My Savings AccountMy Asset Account'  using regular expression

01-01-2024T22:41:20 - [TEST_STEP][PASSED] - setText(findTestObject("Object Repository/Piggy Bank/Page_New piggy bank  Piggy banks  Firefly III/input_targetamount"), target_amount): Text '55054' is set on object 'Object Repository/Piggy Bank/Page_New piggy bank  Piggy banks  Firefly III/input_targetamount'

01-01-2024T22:41:21 - [MESSAGE][PASSED] - Text '55054' is set on object 'Object Repository/Piggy Bank/Page_New piggy bank  Piggy banks  Firefly III/input_targetamount'

01-01-2024T22:41:21 - [TEST_STEP][PASSED] - setText(findTestObject("Object Repository/Piggy Bank/Page_New piggy bank  Piggy banks  Firefly III/textarea_notes"), notes): Text '' is set on object 'Object Repository/Piggy Bank/Page_New piggy bank  Piggy banks  Firefly III/textarea_notes'

01-01-2024T22:41:22 - [MESSAGE][PASSED] - Text '' is set on object 'Object Repository/Piggy Bank/Page_New piggy bank  Piggy banks  Firefly III/textarea_notes'

01-01-2024T22:41:22 - [TEST_STEP][PASSED] - setText(findTestObject("Object Repository/Piggy Bank/Page_New piggy bank  Piggy banks  Firefly III/input_object_group"), group): Text 'vel ipsum praesent blandit lacinia erat vestibulum sed magna at nunc commodo placerat praesent blandit' is set on object 'Object Repository/Piggy Bank/Page_New piggy bank  Piggy banks  Firefly III/input_object_group'

01-01-2024T22:41:22 - [MESSAGE][PASSED] - Text 'vel ipsum praesent blandit lacinia erat vestibulum sed magna at nunc commodo placerat praesent blandit' is set on object 'Object Repository/Piggy Bank/Page_New piggy bank  Piggy banks  Firefly III/input_object_group'

01-01-2024T22:41:22 - [TEST_STEP][PASSED] - setText(findTestObject("Piggy Bank/Page_New piggy bank  Piggy banks  Firefly III/input_date"), target_date): Text '08/27/2023' is set on object 'Object Repository/Piggy Bank/Page_New piggy bank  Piggy banks  Firefly III/input_date'

01-01-2024T22:41:24 - [MESSAGE][PASSED] - Text '08/27/2023' is set on object 'Object Repository/Piggy Bank/Page_New piggy bank  Piggy banks  Firefly III/input_date'

01-01-2024T22:41:24 - [TEST_STEP][PASSED] - if (attachment): null

01-01-2024T22:41:24 - [TEST_STEP][PASSED] - click(findTestObject("Object Repository/Piggy Bank/Page_New piggy bank  Piggy banks  Firefly III/div_Mandatory fields                       _ed7e9e")): Object: 'Object Repository/Piggy Bank/Page_New piggy bank  Piggy banks  Firefly III/div_Mandatory fields                       _ed7e9e' is clicked on

01-01-2024T22:41:24 - [MESSAGE][PASSED] - Object: 'Object Repository/Piggy Bank/Page_New piggy bank  Piggy banks  Firefly III/div_Mandatory fields                       _ed7e9e' is clicked on

01-01-2024T22:41:24 - [TEST_STEP][PASSED] - click(findTestObject("Object Repository/Piggy Bank/Page_New piggy bank  Piggy banks  Firefly III/button_Store new piggy bank")): Object: 'Object Repository/Piggy Bank/Page_New piggy bank  Piggy banks  Firefly III/button_Store new piggy bank' is clicked on

01-01-2024T22:41:25 - [MESSAGE][PASSED] - Object: 'Object Repository/Piggy Bank/Page_New piggy bank  Piggy banks  Firefly III/button_Store new piggy bank' is clicked on

01-01-2024T22:41:25 - [TEST_STEP][FAILED] - try: Unable to verify object 'Object Repository/Shared_alert/success_alert' is not present (Root cause: com.kms.katalon.core.exception.StepFailedException: Unable to verify object 'Object Repository/Shared_alert/success_alert' is not present
	at com.kms.katalon.core.webui.keyword.internal.WebUIKeywordMain.stepFailed(WebUIKeywordMain.groovy:64)
	at com.kms.katalon.core.webui.keyword.internal.WebUIKeywordMain.runKeyword(WebUIKeywordMain.groovy:26)
	at com.kms.katalon.core.webui.keyword.internal.WebUIKeywordMain$runKeyword.call(Unknown Source)
	at com.kms.katalon.core.webui.keyword.builtin.VerifyElementNotPresentKeyword.verifyElementNotPresent(VerifyElementNotPresentKeyword.groovy:122)
	at com.kms.katalon.core.webui.keyword.builtin.VerifyElementNotPresentKeyword.execute(VerifyElementNotPresentKeyword.groovy:68)
	at com.kms.katalon.core.keyword.internal.KeywordExecutor.executeKeywordForPlatform(KeywordExecutor.groovy:74)
	at com.kms.katalon.core.webui.keyword.WebUiBuiltInKeywords.verifyElementNotPresent(WebUiBuiltInKeywords.groovy:1536)
	at Piggy Bank.run(Piggy Bank:64)
	at com.kms.katalon.core.main.ScriptEngine.run(ScriptEngine.java:194)
	at com.kms.katalon.core.main.ScriptEngine.runScriptAsRawText(ScriptEngine.java:119)
	at com.kms.katalon.core.main.TestCaseExecutor.runScript(TestCaseExecutor.java:448)
	at com.kms.katalon.core.main.TestCaseExecutor.doExecute(TestCaseExecutor.java:439)
	at com.kms.katalon.core.main.TestCaseExecutor.processExecutionPhase(TestCaseExecutor.java:418)
	at com.kms.katalon.core.main.TestCaseExecutor.accessMainPhase(TestCaseExecutor.java:410)
	at com.kms.katalon.core.main.TestCaseExecutor.execute(TestCaseExecutor.java:285)
	at com.kms.katalon.core.common.CommonExecutor.accessTestCaseMainPhase(CommonExecutor.java:65)
	at com.kms.katalon.core.main.TestSuiteExecutor.accessTestSuiteMainPhase(TestSuiteExecutor.java:148)
	at com.kms.katalon.core.main.TestSuiteExecutor.execute(TestSuiteExecutor.java:106)
	at com.kms.katalon.core.main.TestCaseMain.startTestSuite(TestCaseMain.java:180)
	at TempTestSuite1704123577203.run(TempTestSuite1704123577203.groovy:36)
	at java.base/jdk.internal.reflect.NativeMethodAccessorImpl.invoke0(Native Method)
	at java.base/jdk.internal.reflect.NativeMethodAccessorImpl.invoke(NativeMethodAccessorImpl.java:77)
	at java.base/jdk.internal.reflect.DelegatingMethodAccessorImpl.invoke(DelegatingMethodAccessorImpl.java:43)
Caused by: com.kms.katalon.core.exception.StepFailedException: Web element with id: 'Object Repository/Shared_alert/success_alert' located by 'By.cssSelector: #app > div.content-wrapper > section.content > div' is present after '1' second(s)
	at com.kms.katalon.core.webui.keyword.internal.WebUIKeywordMain.stepFailed(WebUIKeywordMain.groovy:64)
	at com.kms.katalon.core.webui.keyword.internal.WebUIKeywordMain$stepFailed$0.call(Unknown Source)
	at com.kms.katalon.core.webui.keyword.builtin.VerifyElementNotPresentKeyword$_verifyElementNotPresent_closure1.doCall(VerifyElementNotPresentKeyword.groovy:113)
	at com.kms.katalon.core.webui.keyword.builtin.VerifyElementNotPresentKeyword$_verifyElementNotPresent_closure1.doCall(VerifyElementNotPresentKeyword.groovy)
	at java.base/jdk.internal.reflect.NativeMethodAccessorImpl.invoke0(Native Method)
	at java.base/jdk.internal.reflect.NativeMethodAccessorImpl.invoke(NativeMethodAccessorImpl.java:77)
	at java.base/jdk.internal.reflect.DelegatingMethodAccessorImpl.invoke(DelegatingMethodAccessorImpl.java:43)
	at com.kms.katalon.core.webui.keyword.internal.WebUIKeywordMain.runKeyword(WebUIKeywordMain.groovy:20)
	... 21 more
)

01-01-2024T22:41:25 - [TEST_STEP][PASSED] - verifyElementPresent(findTestObject("Shared_alert/text_dangers"), 1): Object 'Object Repository/Shared_alert/text_dangers' is present

01-01-2024T22:41:26 - [MESSAGE][PASSED] - Object 'Object Repository/Shared_alert/text_dangers' is present

01-01-2024T22:41:26 - [TEST_STEP][FAILED] - verifyElementNotPresent(findTestObject("Shared_alert/success_alert"), 1): Unable to verify object 'Object Repository/Shared_alert/success_alert' is not present (Root cause: com.kms.katalon.core.exception.StepFailedException: Unable to verify object 'Object Repository/Shared_alert/success_alert' is not present
	at com.kms.katalon.core.webui.keyword.internal.WebUIKeywordMain.stepFailed(WebUIKeywordMain.groovy:64)
	at com.kms.katalon.core.webui.keyword.internal.WebUIKeywordMain.runKeyword(WebUIKeywordMain.groovy:26)
	at com.kms.katalon.core.webui.keyword.internal.WebUIKeywordMain$runKeyword.call(Unknown Source)
	at com.kms.katalon.core.webui.keyword.builtin.VerifyElementNotPresentKeyword.verifyElementNotPresent(VerifyElementNotPresentKeyword.groovy:122)
	at com.kms.katalon.core.webui.keyword.builtin.VerifyElementNotPresentKeyword.execute(VerifyElementNotPresentKeyword.groovy:68)
	at com.kms.katalon.core.keyword.internal.KeywordExecutor.executeKeywordForPlatform(KeywordExecutor.groovy:74)
	at com.kms.katalon.core.webui.keyword.WebUiBuiltInKeywords.verifyElementNotPresent(WebUiBuiltInKeywords.groovy:1536)
	at Piggy Bank.run(Piggy Bank:64)
	at com.kms.katalon.core.main.ScriptEngine.run(ScriptEngine.java:194)
	at com.kms.katalon.core.main.ScriptEngine.runScriptAsRawText(ScriptEngine.java:119)
	at com.kms.katalon.core.main.TestCaseExecutor.runScript(TestCaseExecutor.java:448)
	at com.kms.katalon.core.main.TestCaseExecutor.doExecute(TestCaseExecutor.java:439)
	at com.kms.katalon.core.main.TestCaseExecutor.processExecutionPhase(TestCaseExecutor.java:418)
	at com.kms.katalon.core.main.TestCaseExecutor.accessMainPhase(TestCaseExecutor.java:410)
	at com.kms.katalon.core.main.TestCaseExecutor.execute(TestCaseExecutor.java:285)
	at com.kms.katalon.core.common.CommonExecutor.accessTestCaseMainPhase(CommonExecutor.java:65)
	at com.kms.katalon.core.main.TestSuiteExecutor.accessTestSuiteMainPhase(TestSuiteExecutor.java:148)
	at com.kms.katalon.core.main.TestSuiteExecutor.execute(TestSuiteExecutor.java:106)
	at com.kms.katalon.core.main.TestCaseMain.startTestSuite(TestCaseMain.java:180)
	at TempTestSuite1704123577203.run(TempTestSuite1704123577203.groovy:36)
	at java.base/jdk.internal.reflect.NativeMethodAccessorImpl.invoke0(Native Method)
	at java.base/jdk.internal.reflect.NativeMethodAccessorImpl.invoke(NativeMethodAccessorImpl.java:77)
	at java.base/jdk.internal.reflect.DelegatingMethodAccessorImpl.invoke(DelegatingMethodAccessorImpl.java:43)
Caused by: com.kms.katalon.core.exception.StepFailedException: Web element with id: 'Object Repository/Shared_alert/success_alert' located by 'By.cssSelector: #app > div.content-wrapper > section.content > div' is present after '1' second(s)
	at com.kms.katalon.core.webui.keyword.internal.WebUIKeywordMain.stepFailed(WebUIKeywordMain.groovy:64)
	at com.kms.katalon.core.webui.keyword.internal.WebUIKeywordMain$stepFailed$0.call(Unknown Source)
	at com.kms.katalon.core.webui.keyword.builtin.VerifyElementNotPresentKeyword$_verifyElementNotPresent_closure1.doCall(VerifyElementNotPresentKeyword.groovy:113)
	at com.kms.katalon.core.webui.keyword.builtin.VerifyElementNotPresentKeyword$_verifyElementNotPresent_closure1.doCall(VerifyElementNotPresentKeyword.groovy)
	at java.base/jdk.internal.reflect.NativeMethodAccessorImpl.invoke0(Native Method)
	at java.base/jdk.internal.reflect.NativeMethodAccessorImpl.invoke(NativeMethodAccessorImpl.java:77)
	at java.base/jdk.internal.reflect.DelegatingMethodAccessorImpl.invoke(DelegatingMethodAccessorImpl.java:43)
	at com.kms.katalon.core.webui.keyword.internal.WebUIKeywordMain.runKeyword(WebUIKeywordMain.groovy:20)
	... 21 more
)

01-01-2024T22:41:27 - [MESSAGE][FAILED] - Web element with id: 'Object Repository/Shared_alert/success_alert' located by 'By.cssSelector: #app > div.content-wrapper > section.content > div' is present after '1' second(s) (Root cause: com.kms.katalon.core.exception.StepFailedException: Web element with id: 'Object Repository/Shared_alert/success_alert' located by 'By.cssSelector: #app > div.content-wrapper > section.content > div' is present after '1' second(s)
	at com.kms.katalon.core.webui.keyword.internal.WebUIKeywordMain.stepFailed(WebUIKeywordMain.groovy:64)
	at com.kms.katalon.core.webui.keyword.internal.WebUIKeywordMain$stepFailed$0.call(Unknown Source)
	at com.kms.katalon.core.webui.keyword.builtin.VerifyElementNotPresentKeyword$_verifyElementNotPresent_closure1.doCall(VerifyElementNotPresentKeyword.groovy:113)
	at com.kms.katalon.core.webui.keyword.builtin.VerifyElementNotPresentKeyword$_verifyElementNotPresent_closure1.doCall(VerifyElementNotPresentKeyword.groovy)
	at java.base/jdk.internal.reflect.NativeMethodAccessorImpl.invoke0(Native Method)
	at java.base/jdk.internal.reflect.NativeMethodAccessorImpl.invoke(NativeMethodAccessorImpl.java:77)
	at java.base/jdk.internal.reflect.DelegatingMethodAccessorImpl.invoke(DelegatingMethodAccessorImpl.java:43)
	at com.kms.katalon.core.webui.keyword.internal.WebUIKeywordMain.runKeyword(WebUIKeywordMain.groovy:20)
	at com.kms.katalon.core.webui.keyword.internal.WebUIKeywordMain$runKeyword.call(Unknown Source)
	at com.kms.katalon.core.webui.keyword.builtin.VerifyElementNotPresentKeyword.verifyElementNotPresent(VerifyElementNotPresentKeyword.groovy:122)
	at com.kms.katalon.core.webui.keyword.builtin.VerifyElementNotPresentKeyword.execute(VerifyElementNotPresentKeyword.groovy:68)
	at com.kms.katalon.core.keyword.internal.KeywordExecutor.executeKeywordForPlatform(KeywordExecutor.groovy:74)
	at com.kms.katalon.core.webui.keyword.WebUiBuiltInKeywords.verifyElementNotPresent(WebUiBuiltInKeywords.groovy:1536)
	at Piggy Bank.run(Piggy Bank:64)
	at com.kms.katalon.core.main.ScriptEngine.run(ScriptEngine.java:194)
	at com.kms.katalon.core.main.ScriptEngine.runScriptAsRawText(ScriptEngine.java:119)
	at com.kms.katalon.core.main.TestCaseExecutor.runScript(TestCaseExecutor.java:448)
	at com.kms.katalon.core.main.TestCaseExecutor.doExecute(TestCaseExecutor.java:439)
	at com.kms.katalon.core.main.TestCaseExecutor.processExecutionPhase(TestCaseExecutor.java:418)
	at com.kms.katalon.core.main.TestCaseExecutor.accessMainPhase(TestCaseExecutor.java:410)
	at com.kms.katalon.core.main.TestCaseExecutor.execute(TestCaseExecutor.java:285)
	at com.kms.katalon.core.common.CommonExecutor.accessTestCaseMainPhase(CommonExecutor.java:65)
	at com.kms.katalon.core.main.TestSuiteExecutor.accessTestSuiteMainPhase(TestSuiteExecutor.java:148)
	at com.kms.katalon.core.main.TestSuiteExecutor.execute(TestSuiteExecutor.java:106)
	at com.kms.katalon.core.main.TestCaseMain.startTestSuite(TestCaseMain.java:180)
	at TempTestSuite1704123577203.run(TempTestSuite1704123577203.groovy:36)
	at java.base/jdk.internal.reflect.NativeMethodAccessorImpl.invoke0(Native Method)
	at java.base/jdk.internal.reflect.NativeMethodAccessorImpl.invoke(NativeMethodAccessorImpl.java:77)
	at java.base/jdk.internal.reflect.DelegatingMethodAccessorImpl.invoke(DelegatingMethodAccessorImpl.java:43)
)
[[ATTACHMENT|C:\\Users\\MODERN 15\\git\\G1_Firefly_testing\\Reports\\20240101_223937\\Piggy Bank\\20240101_223937\\1704123687344.png]]

01-01-2024T22:41:27 - [MESSAGE][FAILED] - Unable to verify object 'Object Repository/Shared_alert/success_alert' is not present (Root cause: com.kms.katalon.core.exception.StepFailedException: Unable to verify object 'Object Repository/Shared_alert/success_alert' is not present
	at com.kms.katalon.core.webui.keyword.internal.WebUIKeywordMain.stepFailed(WebUIKeywordMain.groovy:64)
	at com.kms.katalon.core.webui.keyword.internal.WebUIKeywordMain.runKeyword(WebUIKeywordMain.groovy:26)
	at com.kms.katalon.core.webui.keyword.internal.WebUIKeywordMain$runKeyword.call(Unknown Source)
	at com.kms.katalon.core.webui.keyword.builtin.VerifyElementNotPresentKeyword.verifyElementNotPresent(VerifyElementNotPresentKeyword.groovy:122)
	at com.kms.katalon.core.webui.keyword.builtin.VerifyElementNotPresentKeyword.execute(VerifyElementNotPresentKeyword.groovy:68)
	at com.kms.katalon.core.keyword.internal.KeywordExecutor.executeKeywordForPlatform(KeywordExecutor.groovy:74)
	at com.kms.katalon.core.webui.keyword.WebUiBuiltInKeywords.verifyElementNotPresent(WebUiBuiltInKeywords.groovy:1536)
	at Piggy Bank.run(Piggy Bank:64)
	at com.kms.katalon.core.main.ScriptEngine.run(ScriptEngine.java:194)
	at com.kms.katalon.core.main.ScriptEngine.runScriptAsRawText(ScriptEngine.java:119)
	at com.kms.katalon.core.main.TestCaseExecutor.runScript(TestCaseExecutor.java:448)
	at com.kms.katalon.core.main.TestCaseExecutor.doExecute(TestCaseExecutor.java:439)
	at com.kms.katalon.core.main.TestCaseExecutor.processExecutionPhase(TestCaseExecutor.java:418)
	at com.kms.katalon.core.main.TestCaseExecutor.accessMainPhase(TestCaseExecutor.java:410)
	at com.kms.katalon.core.main.TestCaseExecutor.execute(TestCaseExecutor.java:285)
	at com.kms.katalon.core.common.CommonExecutor.accessTestCaseMainPhase(CommonExecutor.java:65)
	at com.kms.katalon.core.main.TestSuiteExecutor.accessTestSuiteMainPhase(TestSuiteExecutor.java:148)
	at com.kms.katalon.core.main.TestSuiteExecutor.execute(TestSuiteExecutor.java:106)
	at com.kms.katalon.core.main.TestCaseMain.startTestSuite(TestCaseMain.java:180)
	at TempTestSuite1704123577203.run(TempTestSuite1704123577203.groovy:36)
	at java.base/jdk.internal.reflect.NativeMethodAccessorImpl.invoke0(Native Method)
	at java.base/jdk.internal.reflect.NativeMethodAccessorImpl.invoke(NativeMethodAccessorImpl.java:77)
	at java.base/jdk.internal.reflect.DelegatingMethodAccessorImpl.invoke(DelegatingMethodAccessorImpl.java:43)
Caused by: com.kms.katalon.core.exception.StepFailedException: Web element with id: 'Object Repository/Shared_alert/success_alert' located by 'By.cssSelector: #app > div.content-wrapper > section.content > div' is present after '1' second(s)
	at com.kms.katalon.core.webui.keyword.internal.WebUIKeywordMain.stepFailed(WebUIKeywordMain.groovy:64)
	at com.kms.katalon.core.webui.keyword.internal.WebUIKeywordMain$stepFailed$0.call(Unknown Source)
	at com.kms.katalon.core.webui.keyword.builtin.VerifyElementNotPresentKeyword$_verifyElementNotPresent_closure1.doCall(VerifyElementNotPresentKeyword.groovy:113)
	at com.kms.katalon.core.webui.keyword.builtin.VerifyElementNotPresentKeyword$_verifyElementNotPresent_closure1.doCall(VerifyElementNotPresentKeyword.groovy)
	at java.base/jdk.internal.reflect.NativeMethodAccessorImpl.invoke0(Native Method)
	at java.base/jdk.internal.reflect.NativeMethodAccessorImpl.invoke(NativeMethodAccessorImpl.java:77)
	at java.base/jdk.internal.reflect.DelegatingMethodAccessorImpl.invoke(DelegatingMethodAccessorImpl.java:43)
	at com.kms.katalon.core.webui.keyword.internal.WebUIKeywordMain.runKeyword(WebUIKeywordMain.groovy:20)
	... 21 more
)
[[ATTACHMENT|C:\\Users\\MODERN 15\\git\\G1_Firefly_testing\\Reports\\20240101_223937\\Piggy Bank\\20240101_223937\\1704123687471.png]]

01-01-2024T22:41:27 - [TEST_STEP][PASSED] - catch (Exception err): null

01-01-2024T22:41:27 - [TEST_STEP][PASSED] - verifyElementPresent(findTestObject("Shared_alert/success_alert"), 1): Object 'Object Repository/Shared_alert/success_alert' is present

01-01-2024T22:41:27 - [MESSAGE][PASSED] - Object 'Object Repository/Shared_alert/success_alert' is present

01-01-2024T22:41:27 - [TEST_STEP][PASSED] - out.println("success"): null

01-01-2024T22:41:27 - [TEST_STEP][PASSED] - closeBrowser(): Browser is closed

01-01-2024T22:41:28 - [MESSAGE][PASSED] - Browser is closed]]></system-out>
         <system-err><![CDATA[]]></system-err>
      </testcase>
      <testcase name="Test Cases/Piggy Bank" time="20.589" classname="Test Cases/Piggy Bank" status="PASSED">
         <system-out><![CDATA[01-01-2024T22:41:28 - [TEST_CASE][PASSED] - Test Cases/Piggy Bank: Test Cases/Piggy Bank

01-01-2024T22:41:28 - [TEST_STEP][PASSED] - openBrowser(""): Browser is opened with url: ''

01-01-2024T22:41:28 - [MESSAGE][INFO] - Starting 'Chrome' driver

01-01-2024T22:41:28 - [MESSAGE][INFO] - Action delay is set to 0 milliseconds

01-01-2024T22:41:29 - [MESSAGE][PASSED] - Browser is opened with url: ''

01-01-2024T22:41:29 - [TEST_STEP][PASSED] - navigateToUrl("https://firefly.buudadawg.online/login"): Navigate to 'https://firefly.buudadawg.online/login' successfully

01-01-2024T22:41:32 - [MESSAGE][PASSED] - Navigate to 'https://firefly.buudadawg.online/login' successfully

01-01-2024T22:41:32 - [TEST_STEP][PASSED] - setText(findTestObject("Object Repository/Piggy Bank/Page_Login to Firefly III/input_email"), username): Text 'killermh1352@gmail.com' is set on object 'Object Repository/Piggy Bank/Page_Login to Firefly III/input_email'

01-01-2024T22:41:33 - [MESSAGE][PASSED] - Text 'killermh1352@gmail.com' is set on object 'Object Repository/Piggy Bank/Page_Login to Firefly III/input_email'

01-01-2024T22:41:33 - [TEST_STEP][PASSED] - setText(findTestObject("Object Repository/Piggy Bank/Page_Login to Firefly III/input_password"), password): Text 'tranvinhphuc2002' is set on object 'Object Repository/Piggy Bank/Page_Login to Firefly III/input_password'

01-01-2024T22:41:33 - [MESSAGE][PASSED] - Text 'tranvinhphuc2002' is set on object 'Object Repository/Piggy Bank/Page_Login to Firefly III/input_password'

01-01-2024T22:41:33 - [TEST_STEP][PASSED] - sendKeys(findTestObject("Object Repository/Piggy Bank/Page_Login to Firefly III/input_password"), Keys.chord(ENTER)): Keys 'ENTER + ' sent to object: 'Object Repository/Piggy Bank/Page_Login to Firefly III/input_password'

01-01-2024T22:41:34 - [MESSAGE][PASSED] - Keys 'ENTER + ' sent to object: 'Object Repository/Piggy Bank/Page_Login to Firefly III/input_password'

01-01-2024T22:41:34 - [TEST_STEP][PASSED] - click(findTestObject("Object Repository/Piggy Bank/Page_Whats playing  Firefly III/a_Piggy banks")): Object: 'Object Repository/Piggy Bank/Page_Whats playing  Firefly III/a_Piggy banks' is clicked on

01-01-2024T22:41:37 - [MESSAGE][PASSED] - Object: 'Object Repository/Piggy Bank/Page_Whats playing  Firefly III/a_Piggy banks' is clicked on

01-01-2024T22:41:37 - [TEST_STEP][PASSED] - click(findTestObject("Piggy Bank/Page_Piggy banks  Firefly III/a_Create new piggy bank")): Object: 'Object Repository/Piggy Bank/Page_Piggy banks  Firefly III/a_Create new piggy bank' is clicked on

01-01-2024T22:41:37 - [MESSAGE][PASSED] - Object: 'Object Repository/Piggy Bank/Page_Piggy banks  Firefly III/a_Create new piggy bank' is clicked on

01-01-2024T22:41:37 - [TEST_STEP][PASSED] - setText(findTestObject("Object Repository/Piggy Bank/Page_New piggy bank  Piggy banks  Firefly III/input_name"), name): Text 'Perma-Fix Environmental Services, Inc.' is set on object 'Object Repository/Piggy Bank/Page_New piggy bank  Piggy banks  Firefly III/input_name'

01-01-2024T22:41:38 - [MESSAGE][PASSED] - Text 'Perma-Fix Environmental Services, Inc.' is set on object 'Object Repository/Piggy Bank/Page_New piggy bank  Piggy banks  Firefly III/input_name'

01-01-2024T22:41:38 - [TEST_STEP][PASSED] - selectOptionByLabel(findTestObject("Object Repository/Piggy Bank/Page_New piggy bank  Piggy banks  Firefly III/select_My Savings AccountMy Asset Account"), save_on_account, true): All options with label 'My Asset Account' are selected in object 'Object Repository/Piggy Bank/Page_New piggy bank  Piggy banks  Firefly III/select_My Savings AccountMy Asset Account'  using regular expression

01-01-2024T22:41:39 - [MESSAGE][PASSED] - All options with label 'My Asset Account' are selected in object 'Object Repository/Piggy Bank/Page_New piggy bank  Piggy banks  Firefly III/select_My Savings AccountMy Asset Account'  using regular expression

01-01-2024T22:41:39 - [TEST_STEP][PASSED] - setText(findTestObject("Object Repository/Piggy Bank/Page_New piggy bank  Piggy banks  Firefly III/input_targetamount"), target_amount): Text '44976' is set on object 'Object Repository/Piggy Bank/Page_New piggy bank  Piggy banks  Firefly III/input_targetamount'

01-01-2024T22:41:40 - [MESSAGE][PASSED] - Text '44976' is set on object 'Object Repository/Piggy Bank/Page_New piggy bank  Piggy banks  Firefly III/input_targetamount'

01-01-2024T22:41:40 - [TEST_STEP][PASSED] - setText(findTestObject("Object Repository/Piggy Bank/Page_New piggy bank  Piggy banks  Firefly III/textarea_notes"), notes): Text 'ipsum primis in faucibus orci luctus et ultrices posuere cubilia curae nulla dapibus dolor vel est donec odio justo sollicitudin ut suscipit a feugiat et eros vestibulum ac est lacinia nisi venenatis tristique fusce congue diam id ornare imperdiet sapien urna pretium nisl ut volutpat sapien arcu sed augue aliquam erat volutpat in congue etiam justo etiam pretium iaculis justo in hac habitasse platea dictumst etiam faucibus cursus urna ut tellus nulla ut erat id mauris vulputate elementum nullam varius nulla facilisi cras non velit nec nisi vulputate nonummy maecenas tincidunt lacus at velit vivamus vel nulla eget eros elementum pellentesque quisque porta volutpat erat quisque erat eros viverra eget congue eget semper rutrum nulla nunc purus phasellus in felis donec semper sapien a libero nam dui proin leo odio porttitor id consequat in' is set on object 'Object Repository/Piggy Bank/Page_New piggy bank  Piggy banks  Firefly III/textarea_notes'

01-01-2024T22:41:42 - [MESSAGE][PASSED] - Text 'ipsum primis in faucibus orci luctus et ultrices posuere cubilia curae nulla dapibus dolor vel est donec odio justo sollicitudin ut suscipit a feugiat et eros vestibulum ac est lacinia nisi venenatis tristique fusce congue diam id ornare imperdiet sapien urna pretium nisl ut volutpat sapien arcu sed augue aliquam erat volutpat in congue etiam justo etiam pretium iaculis justo in hac habitasse platea dictumst etiam faucibus cursus urna ut tellus nulla ut erat id mauris vulputate elementum nullam varius nulla facilisi cras non velit nec nisi vulputate nonummy maecenas tincidunt lacus at velit vivamus vel nulla eget eros elementum pellentesque quisque porta volutpat erat quisque erat eros viverra eget congue eget semper rutrum nulla nunc purus phasellus in felis donec semper sapien a libero nam dui proin leo odio porttitor id consequat in' is set on object 'Object Repository/Piggy Bank/Page_New piggy bank  Piggy banks  Firefly III/textarea_notes'

01-01-2024T22:41:42 - [TEST_STEP][PASSED] - setText(findTestObject("Object Repository/Piggy Bank/Page_New piggy bank  Piggy banks  Firefly III/input_object_group"), group): Text 'sit amet lobortis sapien sapien non mi integer ac neque duis bibendum morbi non' is set on object 'Object Repository/Piggy Bank/Page_New piggy bank  Piggy banks  Firefly III/input_object_group'

01-01-2024T22:41:43 - [MESSAGE][PASSED] - Text 'sit amet lobortis sapien sapien non mi integer ac neque duis bibendum morbi non' is set on object 'Object Repository/Piggy Bank/Page_New piggy bank  Piggy banks  Firefly III/input_object_group'

01-01-2024T22:41:43 - [TEST_STEP][PASSED] - setText(findTestObject("Piggy Bank/Page_New piggy bank  Piggy banks  Firefly III/input_date"), target_date): Text '06/10/2023' is set on object 'Object Repository/Piggy Bank/Page_New piggy bank  Piggy banks  Firefly III/input_date'

01-01-2024T22:41:44 - [MESSAGE][PASSED] - Text '06/10/2023' is set on object 'Object Repository/Piggy Bank/Page_New piggy bank  Piggy banks  Firefly III/input_date'

01-01-2024T22:41:44 - [TEST_STEP][PASSED] - if (attachment): null

01-01-2024T22:41:44 - [TEST_STEP][PASSED] - click(findTestObject("Object Repository/Piggy Bank/Page_New piggy bank  Piggy banks  Firefly III/div_Mandatory fields                       _ed7e9e")): Object: 'Object Repository/Piggy Bank/Page_New piggy bank  Piggy banks  Firefly III/div_Mandatory fields                       _ed7e9e' is clicked on

01-01-2024T22:41:45 - [MESSAGE][PASSED] - Object: 'Object Repository/Piggy Bank/Page_New piggy bank  Piggy banks  Firefly III/div_Mandatory fields                       _ed7e9e' is clicked on

01-01-2024T22:41:45 - [TEST_STEP][PASSED] - click(findTestObject("Object Repository/Piggy Bank/Page_New piggy bank  Piggy banks  Firefly III/button_Store new piggy bank")): Object: 'Object Repository/Piggy Bank/Page_New piggy bank  Piggy banks  Firefly III/button_Store new piggy bank' is clicked on

01-01-2024T22:41:46 - [MESSAGE][PASSED] - Object: 'Object Repository/Piggy Bank/Page_New piggy bank  Piggy banks  Firefly III/button_Store new piggy bank' is clicked on

01-01-2024T22:41:46 - [TEST_STEP][FAILED] - try: Unable to verify object 'Object Repository/Shared_alert/success_alert' is not present (Root cause: com.kms.katalon.core.exception.StepFailedException: Unable to verify object 'Object Repository/Shared_alert/success_alert' is not present
	at com.kms.katalon.core.webui.keyword.internal.WebUIKeywordMain.stepFailed(WebUIKeywordMain.groovy:64)
	at com.kms.katalon.core.webui.keyword.internal.WebUIKeywordMain.runKeyword(WebUIKeywordMain.groovy:26)
	at com.kms.katalon.core.webui.keyword.internal.WebUIKeywordMain$runKeyword.call(Unknown Source)
	at com.kms.katalon.core.webui.keyword.builtin.VerifyElementNotPresentKeyword.verifyElementNotPresent(VerifyElementNotPresentKeyword.groovy:122)
	at com.kms.katalon.core.webui.keyword.builtin.VerifyElementNotPresentKeyword.execute(VerifyElementNotPresentKeyword.groovy:68)
	at com.kms.katalon.core.keyword.internal.KeywordExecutor.executeKeywordForPlatform(KeywordExecutor.groovy:74)
	at com.kms.katalon.core.webui.keyword.WebUiBuiltInKeywords.verifyElementNotPresent(WebUiBuiltInKeywords.groovy:1536)
	at Piggy Bank.run(Piggy Bank:64)
	at com.kms.katalon.core.main.ScriptEngine.run(ScriptEngine.java:194)
	at com.kms.katalon.core.main.ScriptEngine.runScriptAsRawText(ScriptEngine.java:119)
	at com.kms.katalon.core.main.TestCaseExecutor.runScript(TestCaseExecutor.java:448)
	at com.kms.katalon.core.main.TestCaseExecutor.doExecute(TestCaseExecutor.java:439)
	at com.kms.katalon.core.main.TestCaseExecutor.processExecutionPhase(TestCaseExecutor.java:418)
	at com.kms.katalon.core.main.TestCaseExecutor.accessMainPhase(TestCaseExecutor.java:410)
	at com.kms.katalon.core.main.TestCaseExecutor.execute(TestCaseExecutor.java:285)
	at com.kms.katalon.core.common.CommonExecutor.accessTestCaseMainPhase(CommonExecutor.java:65)
	at com.kms.katalon.core.main.TestSuiteExecutor.accessTestSuiteMainPhase(TestSuiteExecutor.java:148)
	at com.kms.katalon.core.main.TestSuiteExecutor.execute(TestSuiteExecutor.java:106)
	at com.kms.katalon.core.main.TestCaseMain.startTestSuite(TestCaseMain.java:180)
	at TempTestSuite1704123577203.run(TempTestSuite1704123577203.groovy:36)
	at java.base/jdk.internal.reflect.NativeMethodAccessorImpl.invoke0(Native Method)
	at java.base/jdk.internal.reflect.NativeMethodAccessorImpl.invoke(NativeMethodAccessorImpl.java:77)
	at java.base/jdk.internal.reflect.DelegatingMethodAccessorImpl.invoke(DelegatingMethodAccessorImpl.java:43)
Caused by: com.kms.katalon.core.exception.StepFailedException: Web element with id: 'Object Repository/Shared_alert/success_alert' located by 'By.cssSelector: #app > div.content-wrapper > section.content > div' is present after '1' second(s)
	at com.kms.katalon.core.webui.keyword.internal.WebUIKeywordMain.stepFailed(WebUIKeywordMain.groovy:64)
	at com.kms.katalon.core.webui.keyword.internal.WebUIKeywordMain$stepFailed$0.call(Unknown Source)
	at com.kms.katalon.core.webui.keyword.builtin.VerifyElementNotPresentKeyword$_verifyElementNotPresent_closure1.doCall(VerifyElementNotPresentKeyword.groovy:113)
	at com.kms.katalon.core.webui.keyword.builtin.VerifyElementNotPresentKeyword$_verifyElementNotPresent_closure1.doCall(VerifyElementNotPresentKeyword.groovy)
	at java.base/jdk.internal.reflect.NativeMethodAccessorImpl.invoke0(Native Method)
	at java.base/jdk.internal.reflect.NativeMethodAccessorImpl.invoke(NativeMethodAccessorImpl.java:77)
	at java.base/jdk.internal.reflect.DelegatingMethodAccessorImpl.invoke(DelegatingMethodAccessorImpl.java:43)
	at com.kms.katalon.core.webui.keyword.internal.WebUIKeywordMain.runKeyword(WebUIKeywordMain.groovy:20)
	... 21 more
)

01-01-2024T22:41:46 - [TEST_STEP][PASSED] - verifyElementPresent(findTestObject("Shared_alert/text_dangers"), 1): Object 'Object Repository/Shared_alert/text_dangers' is present

01-01-2024T22:41:46 - [MESSAGE][PASSED] - Object 'Object Repository/Shared_alert/text_dangers' is present

01-01-2024T22:41:46 - [TEST_STEP][FAILED] - verifyElementNotPresent(findTestObject("Shared_alert/success_alert"), 1): Unable to verify object 'Object Repository/Shared_alert/success_alert' is not present (Root cause: com.kms.katalon.core.exception.StepFailedException: Unable to verify object 'Object Repository/Shared_alert/success_alert' is not present
	at com.kms.katalon.core.webui.keyword.internal.WebUIKeywordMain.stepFailed(WebUIKeywordMain.groovy:64)
	at com.kms.katalon.core.webui.keyword.internal.WebUIKeywordMain.runKeyword(WebUIKeywordMain.groovy:26)
	at com.kms.katalon.core.webui.keyword.internal.WebUIKeywordMain$runKeyword.call(Unknown Source)
	at com.kms.katalon.core.webui.keyword.builtin.VerifyElementNotPresentKeyword.verifyElementNotPresent(VerifyElementNotPresentKeyword.groovy:122)
	at com.kms.katalon.core.webui.keyword.builtin.VerifyElementNotPresentKeyword.execute(VerifyElementNotPresentKeyword.groovy:68)
	at com.kms.katalon.core.keyword.internal.KeywordExecutor.executeKeywordForPlatform(KeywordExecutor.groovy:74)
	at com.kms.katalon.core.webui.keyword.WebUiBuiltInKeywords.verifyElementNotPresent(WebUiBuiltInKeywords.groovy:1536)
	at Piggy Bank.run(Piggy Bank:64)
	at com.kms.katalon.core.main.ScriptEngine.run(ScriptEngine.java:194)
	at com.kms.katalon.core.main.ScriptEngine.runScriptAsRawText(ScriptEngine.java:119)
	at com.kms.katalon.core.main.TestCaseExecutor.runScript(TestCaseExecutor.java:448)
	at com.kms.katalon.core.main.TestCaseExecutor.doExecute(TestCaseExecutor.java:439)
	at com.kms.katalon.core.main.TestCaseExecutor.processExecutionPhase(TestCaseExecutor.java:418)
	at com.kms.katalon.core.main.TestCaseExecutor.accessMainPhase(TestCaseExecutor.java:410)
	at com.kms.katalon.core.main.TestCaseExecutor.execute(TestCaseExecutor.java:285)
	at com.kms.katalon.core.common.CommonExecutor.accessTestCaseMainPhase(CommonExecutor.java:65)
	at com.kms.katalon.core.main.TestSuiteExecutor.accessTestSuiteMainPhase(TestSuiteExecutor.java:148)
	at com.kms.katalon.core.main.TestSuiteExecutor.execute(TestSuiteExecutor.java:106)
	at com.kms.katalon.core.main.TestCaseMain.startTestSuite(TestCaseMain.java:180)
	at TempTestSuite1704123577203.run(TempTestSuite1704123577203.groovy:36)
	at java.base/jdk.internal.reflect.NativeMethodAccessorImpl.invoke0(Native Method)
	at java.base/jdk.internal.reflect.NativeMethodAccessorImpl.invoke(NativeMethodAccessorImpl.java:77)
	at java.base/jdk.internal.reflect.DelegatingMethodAccessorImpl.invoke(DelegatingMethodAccessorImpl.java:43)
Caused by: com.kms.katalon.core.exception.StepFailedException: Web element with id: 'Object Repository/Shared_alert/success_alert' located by 'By.cssSelector: #app > div.content-wrapper > section.content > div' is present after '1' second(s)
	at com.kms.katalon.core.webui.keyword.internal.WebUIKeywordMain.stepFailed(WebUIKeywordMain.groovy:64)
	at com.kms.katalon.core.webui.keyword.internal.WebUIKeywordMain$stepFailed$0.call(Unknown Source)
	at com.kms.katalon.core.webui.keyword.builtin.VerifyElementNotPresentKeyword$_verifyElementNotPresent_closure1.doCall(VerifyElementNotPresentKeyword.groovy:113)
	at com.kms.katalon.core.webui.keyword.builtin.VerifyElementNotPresentKeyword$_verifyElementNotPresent_closure1.doCall(VerifyElementNotPresentKeyword.groovy)
	at java.base/jdk.internal.reflect.NativeMethodAccessorImpl.invoke0(Native Method)
	at java.base/jdk.internal.reflect.NativeMethodAccessorImpl.invoke(NativeMethodAccessorImpl.java:77)
	at java.base/jdk.internal.reflect.DelegatingMethodAccessorImpl.invoke(DelegatingMethodAccessorImpl.java:43)
	at com.kms.katalon.core.webui.keyword.internal.WebUIKeywordMain.runKeyword(WebUIKeywordMain.groovy:20)
	... 21 more
)

01-01-2024T22:41:48 - [MESSAGE][FAILED] - Web element with id: 'Object Repository/Shared_alert/success_alert' located by 'By.cssSelector: #app > div.content-wrapper > section.content > div' is present after '1' second(s) (Root cause: com.kms.katalon.core.exception.StepFailedException: Web element with id: 'Object Repository/Shared_alert/success_alert' located by 'By.cssSelector: #app > div.content-wrapper > section.content > div' is present after '1' second(s)
	at com.kms.katalon.core.webui.keyword.internal.WebUIKeywordMain.stepFailed(WebUIKeywordMain.groovy:64)
	at com.kms.katalon.core.webui.keyword.internal.WebUIKeywordMain$stepFailed$0.call(Unknown Source)
	at com.kms.katalon.core.webui.keyword.builtin.VerifyElementNotPresentKeyword$_verifyElementNotPresent_closure1.doCall(VerifyElementNotPresentKeyword.groovy:113)
	at com.kms.katalon.core.webui.keyword.builtin.VerifyElementNotPresentKeyword$_verifyElementNotPresent_closure1.doCall(VerifyElementNotPresentKeyword.groovy)
	at java.base/jdk.internal.reflect.NativeMethodAccessorImpl.invoke0(Native Method)
	at java.base/jdk.internal.reflect.NativeMethodAccessorImpl.invoke(NativeMethodAccessorImpl.java:77)
	at java.base/jdk.internal.reflect.DelegatingMethodAccessorImpl.invoke(DelegatingMethodAccessorImpl.java:43)
	at com.kms.katalon.core.webui.keyword.internal.WebUIKeywordMain.runKeyword(WebUIKeywordMain.groovy:20)
	at com.kms.katalon.core.webui.keyword.internal.WebUIKeywordMain$runKeyword.call(Unknown Source)
	at com.kms.katalon.core.webui.keyword.builtin.VerifyElementNotPresentKeyword.verifyElementNotPresent(VerifyElementNotPresentKeyword.groovy:122)
	at com.kms.katalon.core.webui.keyword.builtin.VerifyElementNotPresentKeyword.execute(VerifyElementNotPresentKeyword.groovy:68)
	at com.kms.katalon.core.keyword.internal.KeywordExecutor.executeKeywordForPlatform(KeywordExecutor.groovy:74)
	at com.kms.katalon.core.webui.keyword.WebUiBuiltInKeywords.verifyElementNotPresent(WebUiBuiltInKeywords.groovy:1536)
	at Piggy Bank.run(Piggy Bank:64)
	at com.kms.katalon.core.main.ScriptEngine.run(ScriptEngine.java:194)
	at com.kms.katalon.core.main.ScriptEngine.runScriptAsRawText(ScriptEngine.java:119)
	at com.kms.katalon.core.main.TestCaseExecutor.runScript(TestCaseExecutor.java:448)
	at com.kms.katalon.core.main.TestCaseExecutor.doExecute(TestCaseExecutor.java:439)
	at com.kms.katalon.core.main.TestCaseExecutor.processExecutionPhase(TestCaseExecutor.java:418)
	at com.kms.katalon.core.main.TestCaseExecutor.accessMainPhase(TestCaseExecutor.java:410)
	at com.kms.katalon.core.main.TestCaseExecutor.execute(TestCaseExecutor.java:285)
	at com.kms.katalon.core.common.CommonExecutor.accessTestCaseMainPhase(CommonExecutor.java:65)
	at com.kms.katalon.core.main.TestSuiteExecutor.accessTestSuiteMainPhase(TestSuiteExecutor.java:148)
	at com.kms.katalon.core.main.TestSuiteExecutor.execute(TestSuiteExecutor.java:106)
	at com.kms.katalon.core.main.TestCaseMain.startTestSuite(TestCaseMain.java:180)
	at TempTestSuite1704123577203.run(TempTestSuite1704123577203.groovy:36)
	at java.base/jdk.internal.reflect.NativeMethodAccessorImpl.invoke0(Native Method)
	at java.base/jdk.internal.reflect.NativeMethodAccessorImpl.invoke(NativeMethodAccessorImpl.java:77)
	at java.base/jdk.internal.reflect.DelegatingMethodAccessorImpl.invoke(DelegatingMethodAccessorImpl.java:43)
)
[[ATTACHMENT|C:\\Users\\MODERN 15\\git\\G1_Firefly_testing\\Reports\\20240101_223937\\Piggy Bank\\20240101_223937\\1704123707967.png]]

01-01-2024T22:41:48 - [MESSAGE][FAILED] - Unable to verify object 'Object Repository/Shared_alert/success_alert' is not present (Root cause: com.kms.katalon.core.exception.StepFailedException: Unable to verify object 'Object Repository/Shared_alert/success_alert' is not present
	at com.kms.katalon.core.webui.keyword.internal.WebUIKeywordMain.stepFailed(WebUIKeywordMain.groovy:64)
	at com.kms.katalon.core.webui.keyword.internal.WebUIKeywordMain.runKeyword(WebUIKeywordMain.groovy:26)
	at com.kms.katalon.core.webui.keyword.internal.WebUIKeywordMain$runKeyword.call(Unknown Source)
	at com.kms.katalon.core.webui.keyword.builtin.VerifyElementNotPresentKeyword.verifyElementNotPresent(VerifyElementNotPresentKeyword.groovy:122)
	at com.kms.katalon.core.webui.keyword.builtin.VerifyElementNotPresentKeyword.execute(VerifyElementNotPresentKeyword.groovy:68)
	at com.kms.katalon.core.keyword.internal.KeywordExecutor.executeKeywordForPlatform(KeywordExecutor.groovy:74)
	at com.kms.katalon.core.webui.keyword.WebUiBuiltInKeywords.verifyElementNotPresent(WebUiBuiltInKeywords.groovy:1536)
	at Piggy Bank.run(Piggy Bank:64)
	at com.kms.katalon.core.main.ScriptEngine.run(ScriptEngine.java:194)
	at com.kms.katalon.core.main.ScriptEngine.runScriptAsRawText(ScriptEngine.java:119)
	at com.kms.katalon.core.main.TestCaseExecutor.runScript(TestCaseExecutor.java:448)
	at com.kms.katalon.core.main.TestCaseExecutor.doExecute(TestCaseExecutor.java:439)
	at com.kms.katalon.core.main.TestCaseExecutor.processExecutionPhase(TestCaseExecutor.java:418)
	at com.kms.katalon.core.main.TestCaseExecutor.accessMainPhase(TestCaseExecutor.java:410)
	at com.kms.katalon.core.main.TestCaseExecutor.execute(TestCaseExecutor.java:285)
	at com.kms.katalon.core.common.CommonExecutor.accessTestCaseMainPhase(CommonExecutor.java:65)
	at com.kms.katalon.core.main.TestSuiteExecutor.accessTestSuiteMainPhase(TestSuiteExecutor.java:148)
	at com.kms.katalon.core.main.TestSuiteExecutor.execute(TestSuiteExecutor.java:106)
	at com.kms.katalon.core.main.TestCaseMain.startTestSuite(TestCaseMain.java:180)
	at TempTestSuite1704123577203.run(TempTestSuite1704123577203.groovy:36)
	at java.base/jdk.internal.reflect.NativeMethodAccessorImpl.invoke0(Native Method)
	at java.base/jdk.internal.reflect.NativeMethodAccessorImpl.invoke(NativeMethodAccessorImpl.java:77)
	at java.base/jdk.internal.reflect.DelegatingMethodAccessorImpl.invoke(DelegatingMethodAccessorImpl.java:43)
Caused by: com.kms.katalon.core.exception.StepFailedException: Web element with id: 'Object Repository/Shared_alert/success_alert' located by 'By.cssSelector: #app > div.content-wrapper > section.content > div' is present after '1' second(s)
	at com.kms.katalon.core.webui.keyword.internal.WebUIKeywordMain.stepFailed(WebUIKeywordMain.groovy:64)
	at com.kms.katalon.core.webui.keyword.internal.WebUIKeywordMain$stepFailed$0.call(Unknown Source)
	at com.kms.katalon.core.webui.keyword.builtin.VerifyElementNotPresentKeyword$_verifyElementNotPresent_closure1.doCall(VerifyElementNotPresentKeyword.groovy:113)
	at com.kms.katalon.core.webui.keyword.builtin.VerifyElementNotPresentKeyword$_verifyElementNotPresent_closure1.doCall(VerifyElementNotPresentKeyword.groovy)
	at java.base/jdk.internal.reflect.NativeMethodAccessorImpl.invoke0(Native Method)
	at java.base/jdk.internal.reflect.NativeMethodAccessorImpl.invoke(NativeMethodAccessorImpl.java:77)
	at java.base/jdk.internal.reflect.DelegatingMethodAccessorImpl.invoke(DelegatingMethodAccessorImpl.java:43)
	at com.kms.katalon.core.webui.keyword.internal.WebUIKeywordMain.runKeyword(WebUIKeywordMain.groovy:20)
	... 21 more
)
[[ATTACHMENT|C:\\Users\\MODERN 15\\git\\G1_Firefly_testing\\Reports\\20240101_223937\\Piggy Bank\\20240101_223937\\1704123708117.png]]

01-01-2024T22:41:48 - [TEST_STEP][PASSED] - catch (Exception err): null

01-01-2024T22:41:48 - [TEST_STEP][PASSED] - verifyElementPresent(findTestObject("Shared_alert/success_alert"), 1): Object 'Object Repository/Shared_alert/success_alert' is present

01-01-2024T22:41:48 - [MESSAGE][PASSED] - Object 'Object Repository/Shared_alert/success_alert' is present

01-01-2024T22:41:48 - [TEST_STEP][PASSED] - out.println("success"): null

01-01-2024T22:41:48 - [TEST_STEP][PASSED] - closeBrowser(): Browser is closed

01-01-2024T22:41:48 - [MESSAGE][PASSED] - Browser is closed]]></system-out>
         <system-err><![CDATA[]]></system-err>
      </testcase>
      <testcase name="Test Cases/Piggy Bank" time="44.465" classname="Test Cases/Piggy Bank" status="PASSED">
         <system-out><![CDATA[01-01-2024T22:41:48 - [TEST_CASE][PASSED] - Test Cases/Piggy Bank: Test Cases/Piggy Bank

01-01-2024T22:41:48 - [TEST_STEP][PASSED] - openBrowser(""): Browser is opened with url: ''

01-01-2024T22:41:49 - [MESSAGE][INFO] - Starting 'Chrome' driver

01-01-2024T22:41:49 - [MESSAGE][INFO] - Action delay is set to 0 milliseconds

01-01-2024T22:41:49 - [MESSAGE][PASSED] - Browser is opened with url: ''

01-01-2024T22:41:49 - [TEST_STEP][PASSED] - navigateToUrl("https://firefly.buudadawg.online/login"): Navigate to 'https://firefly.buudadawg.online/login' successfully

01-01-2024T22:41:52 - [MESSAGE][PASSED] - Navigate to 'https://firefly.buudadawg.online/login' successfully

01-01-2024T22:41:52 - [TEST_STEP][PASSED] - setText(findTestObject("Object Repository/Piggy Bank/Page_Login to Firefly III/input_email"), username): Text 'killermh1352@gmail.com' is set on object 'Object Repository/Piggy Bank/Page_Login to Firefly III/input_email'

01-01-2024T22:41:53 - [MESSAGE][PASSED] - Text 'killermh1352@gmail.com' is set on object 'Object Repository/Piggy Bank/Page_Login to Firefly III/input_email'

01-01-2024T22:41:53 - [TEST_STEP][PASSED] - setText(findTestObject("Object Repository/Piggy Bank/Page_Login to Firefly III/input_password"), password): Text 'tranvinhphuc2002' is set on object 'Object Repository/Piggy Bank/Page_Login to Firefly III/input_password'

01-01-2024T22:41:54 - [MESSAGE][PASSED] - Text 'tranvinhphuc2002' is set on object 'Object Repository/Piggy Bank/Page_Login to Firefly III/input_password'

01-01-2024T22:41:54 - [TEST_STEP][PASSED] - sendKeys(findTestObject("Object Repository/Piggy Bank/Page_Login to Firefly III/input_password"), Keys.chord(ENTER)): Keys 'ENTER + ' sent to object: 'Object Repository/Piggy Bank/Page_Login to Firefly III/input_password'

01-01-2024T22:41:55 - [MESSAGE][PASSED] - Keys 'ENTER + ' sent to object: 'Object Repository/Piggy Bank/Page_Login to Firefly III/input_password'

01-01-2024T22:41:55 - [TEST_STEP][PASSED] - click(findTestObject("Object Repository/Piggy Bank/Page_Whats playing  Firefly III/a_Piggy banks")): Object: 'Object Repository/Piggy Bank/Page_Whats playing  Firefly III/a_Piggy banks' is clicked on

01-01-2024T22:41:57 - [MESSAGE][PASSED] - Object: 'Object Repository/Piggy Bank/Page_Whats playing  Firefly III/a_Piggy banks' is clicked on

01-01-2024T22:41:57 - [TEST_STEP][PASSED] - click(findTestObject("Piggy Bank/Page_Piggy banks  Firefly III/a_Create new piggy bank")): Object: 'Object Repository/Piggy Bank/Page_Piggy banks  Firefly III/a_Create new piggy bank' is clicked on

01-01-2024T22:41:57 - [MESSAGE][PASSED] - Object: 'Object Repository/Piggy Bank/Page_Piggy banks  Firefly III/a_Create new piggy bank' is clicked on

01-01-2024T22:41:57 - [TEST_STEP][PASSED] - setText(findTestObject("Object Repository/Piggy Bank/Page_New piggy bank  Piggy banks  Firefly III/input_name"), name): Text 'iShares MSCI EAFE Small-Cap ETF' is set on object 'Object Repository/Piggy Bank/Page_New piggy bank  Piggy banks  Firefly III/input_name'

01-01-2024T22:41:58 - [MESSAGE][PASSED] - Text 'iShares MSCI EAFE Small-Cap ETF' is set on object 'Object Repository/Piggy Bank/Page_New piggy bank  Piggy banks  Firefly III/input_name'

01-01-2024T22:41:58 - [TEST_STEP][PASSED] - selectOptionByLabel(findTestObject("Object Repository/Piggy Bank/Page_New piggy bank  Piggy banks  Firefly III/select_My Savings AccountMy Asset Account"), save_on_account, true): All options with label 'My Savings Account' are selected in object 'Object Repository/Piggy Bank/Page_New piggy bank  Piggy banks  Firefly III/select_My Savings AccountMy Asset Account'  using regular expression

01-01-2024T22:41:59 - [MESSAGE][PASSED] - All options with label 'My Savings Account' are selected in object 'Object Repository/Piggy Bank/Page_New piggy bank  Piggy banks  Firefly III/select_My Savings AccountMy Asset Account'  using regular expression

01-01-2024T22:41:59 - [TEST_STEP][PASSED] - setText(findTestObject("Object Repository/Piggy Bank/Page_New piggy bank  Piggy banks  Firefly III/input_targetamount"), target_amount): Text '54271' is set on object 'Object Repository/Piggy Bank/Page_New piggy bank  Piggy banks  Firefly III/input_targetamount'

01-01-2024T22:42:00 - [MESSAGE][PASSED] - Text '54271' is set on object 'Object Repository/Piggy Bank/Page_New piggy bank  Piggy banks  Firefly III/input_targetamount'

01-01-2024T22:42:00 - [TEST_STEP][PASSED] - setText(findTestObject("Object Repository/Piggy Bank/Page_New piggy bank  Piggy banks  Firefly III/textarea_notes"), notes): Text '' is set on object 'Object Repository/Piggy Bank/Page_New piggy bank  Piggy banks  Firefly III/textarea_notes'

01-01-2024T22:42:00 - [MESSAGE][PASSED] - Text '' is set on object 'Object Repository/Piggy Bank/Page_New piggy bank  Piggy banks  Firefly III/textarea_notes'

01-01-2024T22:42:00 - [TEST_STEP][PASSED] - setText(findTestObject("Object Repository/Piggy Bank/Page_New piggy bank  Piggy banks  Firefly III/input_object_group"), group): Text '' is set on object 'Object Repository/Piggy Bank/Page_New piggy bank  Piggy banks  Firefly III/input_object_group'

01-01-2024T22:42:01 - [MESSAGE][PASSED] - Text '' is set on object 'Object Repository/Piggy Bank/Page_New piggy bank  Piggy banks  Firefly III/input_object_group'

01-01-2024T22:42:01 - [TEST_STEP][PASSED] - setText(findTestObject("Piggy Bank/Page_New piggy bank  Piggy banks  Firefly III/input_date"), target_date): Text '' is set on object 'Object Repository/Piggy Bank/Page_New piggy bank  Piggy banks  Firefly III/input_date'

01-01-2024T22:42:02 - [MESSAGE][PASSED] - Text '' is set on object 'Object Repository/Piggy Bank/Page_New piggy bank  Piggy banks  Firefly III/input_date'

01-01-2024T22:42:02 - [TEST_STEP][PASSED] - if (attachment): File 'C:\Users\MODERN 15\git\G1_Firefly_testing\Attachments File\Report_May.xlsx' sent to object: 'Object Repository/Piggy Bank/Page_New piggy bank  Piggy banks  Firefly III/button_upload'

01-01-2024T22:42:02 - [TEST_STEP][PASSED] - absolutePath = normalize().toString(): null

01-01-2024T22:42:02 - [TEST_STEP][PASSED] - uploadFile(findTestObject("Piggy Bank/Page_New piggy bank  Piggy banks  Firefly III/button_upload"), absolutePath): File 'C:\Users\MODERN 15\git\G1_Firefly_testing\Attachments File\Report_May.xlsx' sent to object: 'Object Repository/Piggy Bank/Page_New piggy bank  Piggy banks  Firefly III/button_upload'

01-01-2024T22:42:02 - [MESSAGE][PASSED] - File 'C:\Users\MODERN 15\git\G1_Firefly_testing\Attachments File\Report_May.xlsx' sent to object: 'Object Repository/Piggy Bank/Page_New piggy bank  Piggy banks  Firefly III/button_upload'

01-01-2024T22:42:02 - [TEST_STEP][PASSED] - click(findTestObject("Object Repository/Piggy Bank/Page_New piggy bank  Piggy banks  Firefly III/div_Mandatory fields                       _ed7e9e")): Object: 'Object Repository/Piggy Bank/Page_New piggy bank  Piggy banks  Firefly III/div_Mandatory fields                       _ed7e9e' is clicked on

01-01-2024T22:42:02 - [MESSAGE][PASSED] - Object: 'Object Repository/Piggy Bank/Page_New piggy bank  Piggy banks  Firefly III/div_Mandatory fields                       _ed7e9e' is clicked on

01-01-2024T22:42:02 - [TEST_STEP][PASSED] - click(findTestObject("Object Repository/Piggy Bank/Page_New piggy bank  Piggy banks  Firefly III/button_Store new piggy bank")): Object: 'Object Repository/Piggy Bank/Page_New piggy bank  Piggy banks  Firefly III/button_Store new piggy bank' is clicked on

01-01-2024T22:42:31 - [MESSAGE][PASSED] - Object: 'Object Repository/Piggy Bank/Page_New piggy bank  Piggy banks  Firefly III/button_Store new piggy bank' is clicked on

01-01-2024T22:42:31 - [TEST_STEP][FAILED] - try: Unable to verify object 'Object Repository/Shared_alert/success_alert' is not present (Root cause: com.kms.katalon.core.exception.StepFailedException: Unable to verify object 'Object Repository/Shared_alert/success_alert' is not present
	at com.kms.katalon.core.webui.keyword.internal.WebUIKeywordMain.stepFailed(WebUIKeywordMain.groovy:64)
	at com.kms.katalon.core.webui.keyword.internal.WebUIKeywordMain.runKeyword(WebUIKeywordMain.groovy:26)
	at com.kms.katalon.core.webui.keyword.internal.WebUIKeywordMain$runKeyword.call(Unknown Source)
	at com.kms.katalon.core.webui.keyword.builtin.VerifyElementNotPresentKeyword.verifyElementNotPresent(VerifyElementNotPresentKeyword.groovy:122)
	at com.kms.katalon.core.webui.keyword.builtin.VerifyElementNotPresentKeyword.execute(VerifyElementNotPresentKeyword.groovy:68)
	at com.kms.katalon.core.keyword.internal.KeywordExecutor.executeKeywordForPlatform(KeywordExecutor.groovy:74)
	at com.kms.katalon.core.webui.keyword.WebUiBuiltInKeywords.verifyElementNotPresent(WebUiBuiltInKeywords.groovy:1536)
	at Piggy Bank.run(Piggy Bank:64)
	at com.kms.katalon.core.main.ScriptEngine.run(ScriptEngine.java:194)
	at com.kms.katalon.core.main.ScriptEngine.runScriptAsRawText(ScriptEngine.java:119)
	at com.kms.katalon.core.main.TestCaseExecutor.runScript(TestCaseExecutor.java:448)
	at com.kms.katalon.core.main.TestCaseExecutor.doExecute(TestCaseExecutor.java:439)
	at com.kms.katalon.core.main.TestCaseExecutor.processExecutionPhase(TestCaseExecutor.java:418)
	at com.kms.katalon.core.main.TestCaseExecutor.accessMainPhase(TestCaseExecutor.java:410)
	at com.kms.katalon.core.main.TestCaseExecutor.execute(TestCaseExecutor.java:285)
	at com.kms.katalon.core.common.CommonExecutor.accessTestCaseMainPhase(CommonExecutor.java:65)
	at com.kms.katalon.core.main.TestSuiteExecutor.accessTestSuiteMainPhase(TestSuiteExecutor.java:148)
	at com.kms.katalon.core.main.TestSuiteExecutor.execute(TestSuiteExecutor.java:106)
	at com.kms.katalon.core.main.TestCaseMain.startTestSuite(TestCaseMain.java:180)
	at TempTestSuite1704123577203.run(TempTestSuite1704123577203.groovy:36)
	at java.base/jdk.internal.reflect.NativeMethodAccessorImpl.invoke0(Native Method)
	at java.base/jdk.internal.reflect.NativeMethodAccessorImpl.invoke(NativeMethodAccessorImpl.java:77)
	at java.base/jdk.internal.reflect.DelegatingMethodAccessorImpl.invoke(DelegatingMethodAccessorImpl.java:43)
Caused by: com.kms.katalon.core.exception.StepFailedException: Web element with id: 'Object Repository/Shared_alert/success_alert' located by 'By.cssSelector: #app > div.content-wrapper > section.content > div' is present after '1' second(s)
	at com.kms.katalon.core.webui.keyword.internal.WebUIKeywordMain.stepFailed(WebUIKeywordMain.groovy:64)
	at com.kms.katalon.core.webui.keyword.internal.WebUIKeywordMain$stepFailed$0.call(Unknown Source)
	at com.kms.katalon.core.webui.keyword.builtin.VerifyElementNotPresentKeyword$_verifyElementNotPresent_closure1.doCall(VerifyElementNotPresentKeyword.groovy:113)
	at com.kms.katalon.core.webui.keyword.builtin.VerifyElementNotPresentKeyword$_verifyElementNotPresent_closure1.doCall(VerifyElementNotPresentKeyword.groovy)
	at java.base/jdk.internal.reflect.NativeMethodAccessorImpl.invoke0(Native Method)
	at java.base/jdk.internal.reflect.NativeMethodAccessorImpl.invoke(NativeMethodAccessorImpl.java:77)
	at java.base/jdk.internal.reflect.DelegatingMethodAccessorImpl.invoke(DelegatingMethodAccessorImpl.java:43)
	at com.kms.katalon.core.webui.keyword.internal.WebUIKeywordMain.runKeyword(WebUIKeywordMain.groovy:20)
	... 21 more
)

01-01-2024T22:42:31 - [TEST_STEP][PASSED] - verifyElementPresent(findTestObject("Shared_alert/text_dangers"), 1): Object 'Object Repository/Shared_alert/text_dangers' is present

01-01-2024T22:42:31 - [MESSAGE][PASSED] - Object 'Object Repository/Shared_alert/text_dangers' is present

01-01-2024T22:42:31 - [TEST_STEP][FAILED] - verifyElementNotPresent(findTestObject("Shared_alert/success_alert"), 1): Unable to verify object 'Object Repository/Shared_alert/success_alert' is not present (Root cause: com.kms.katalon.core.exception.StepFailedException: Unable to verify object 'Object Repository/Shared_alert/success_alert' is not present
	at com.kms.katalon.core.webui.keyword.internal.WebUIKeywordMain.stepFailed(WebUIKeywordMain.groovy:64)
	at com.kms.katalon.core.webui.keyword.internal.WebUIKeywordMain.runKeyword(WebUIKeywordMain.groovy:26)
	at com.kms.katalon.core.webui.keyword.internal.WebUIKeywordMain$runKeyword.call(Unknown Source)
	at com.kms.katalon.core.webui.keyword.builtin.VerifyElementNotPresentKeyword.verifyElementNotPresent(VerifyElementNotPresentKeyword.groovy:122)
	at com.kms.katalon.core.webui.keyword.builtin.VerifyElementNotPresentKeyword.execute(VerifyElementNotPresentKeyword.groovy:68)
	at com.kms.katalon.core.keyword.internal.KeywordExecutor.executeKeywordForPlatform(KeywordExecutor.groovy:74)
	at com.kms.katalon.core.webui.keyword.WebUiBuiltInKeywords.verifyElementNotPresent(WebUiBuiltInKeywords.groovy:1536)
	at Piggy Bank.run(Piggy Bank:64)
	at com.kms.katalon.core.main.ScriptEngine.run(ScriptEngine.java:194)
	at com.kms.katalon.core.main.ScriptEngine.runScriptAsRawText(ScriptEngine.java:119)
	at com.kms.katalon.core.main.TestCaseExecutor.runScript(TestCaseExecutor.java:448)
	at com.kms.katalon.core.main.TestCaseExecutor.doExecute(TestCaseExecutor.java:439)
	at com.kms.katalon.core.main.TestCaseExecutor.processExecutionPhase(TestCaseExecutor.java:418)
	at com.kms.katalon.core.main.TestCaseExecutor.accessMainPhase(TestCaseExecutor.java:410)
	at com.kms.katalon.core.main.TestCaseExecutor.execute(TestCaseExecutor.java:285)
	at com.kms.katalon.core.common.CommonExecutor.accessTestCaseMainPhase(CommonExecutor.java:65)
	at com.kms.katalon.core.main.TestSuiteExecutor.accessTestSuiteMainPhase(TestSuiteExecutor.java:148)
	at com.kms.katalon.core.main.TestSuiteExecutor.execute(TestSuiteExecutor.java:106)
	at com.kms.katalon.core.main.TestCaseMain.startTestSuite(TestCaseMain.java:180)
	at TempTestSuite1704123577203.run(TempTestSuite1704123577203.groovy:36)
	at java.base/jdk.internal.reflect.NativeMethodAccessorImpl.invoke0(Native Method)
	at java.base/jdk.internal.reflect.NativeMethodAccessorImpl.invoke(NativeMethodAccessorImpl.java:77)
	at java.base/jdk.internal.reflect.DelegatingMethodAccessorImpl.invoke(DelegatingMethodAccessorImpl.java:43)
Caused by: com.kms.katalon.core.exception.StepFailedException: Web element with id: 'Object Repository/Shared_alert/success_alert' located by 'By.cssSelector: #app > div.content-wrapper > section.content > div' is present after '1' second(s)
	at com.kms.katalon.core.webui.keyword.internal.WebUIKeywordMain.stepFailed(WebUIKeywordMain.groovy:64)
	at com.kms.katalon.core.webui.keyword.internal.WebUIKeywordMain$stepFailed$0.call(Unknown Source)
	at com.kms.katalon.core.webui.keyword.builtin.VerifyElementNotPresentKeyword$_verifyElementNotPresent_closure1.doCall(VerifyElementNotPresentKeyword.groovy:113)
	at com.kms.katalon.core.webui.keyword.builtin.VerifyElementNotPresentKeyword$_verifyElementNotPresent_closure1.doCall(VerifyElementNotPresentKeyword.groovy)
	at java.base/jdk.internal.reflect.NativeMethodAccessorImpl.invoke0(Native Method)
	at java.base/jdk.internal.reflect.NativeMethodAccessorImpl.invoke(NativeMethodAccessorImpl.java:77)
	at java.base/jdk.internal.reflect.DelegatingMethodAccessorImpl.invoke(DelegatingMethodAccessorImpl.java:43)
	at com.kms.katalon.core.webui.keyword.internal.WebUIKeywordMain.runKeyword(WebUIKeywordMain.groovy:20)
	... 21 more
)

01-01-2024T22:42:32 - [MESSAGE][FAILED] - Web element with id: 'Object Repository/Shared_alert/success_alert' located by 'By.cssSelector: #app > div.content-wrapper > section.content > div' is present after '1' second(s) (Root cause: com.kms.katalon.core.exception.StepFailedException: Web element with id: 'Object Repository/Shared_alert/success_alert' located by 'By.cssSelector: #app > div.content-wrapper > section.content > div' is present after '1' second(s)
	at com.kms.katalon.core.webui.keyword.internal.WebUIKeywordMain.stepFailed(WebUIKeywordMain.groovy:64)
	at com.kms.katalon.core.webui.keyword.internal.WebUIKeywordMain$stepFailed$0.call(Unknown Source)
	at com.kms.katalon.core.webui.keyword.builtin.VerifyElementNotPresentKeyword$_verifyElementNotPresent_closure1.doCall(VerifyElementNotPresentKeyword.groovy:113)
	at com.kms.katalon.core.webui.keyword.builtin.VerifyElementNotPresentKeyword$_verifyElementNotPresent_closure1.doCall(VerifyElementNotPresentKeyword.groovy)
	at java.base/jdk.internal.reflect.NativeMethodAccessorImpl.invoke0(Native Method)
	at java.base/jdk.internal.reflect.NativeMethodAccessorImpl.invoke(NativeMethodAccessorImpl.java:77)
	at java.base/jdk.internal.reflect.DelegatingMethodAccessorImpl.invoke(DelegatingMethodAccessorImpl.java:43)
	at com.kms.katalon.core.webui.keyword.internal.WebUIKeywordMain.runKeyword(WebUIKeywordMain.groovy:20)
	at com.kms.katalon.core.webui.keyword.internal.WebUIKeywordMain$runKeyword.call(Unknown Source)
	at com.kms.katalon.core.webui.keyword.builtin.VerifyElementNotPresentKeyword.verifyElementNotPresent(VerifyElementNotPresentKeyword.groovy:122)
	at com.kms.katalon.core.webui.keyword.builtin.VerifyElementNotPresentKeyword.execute(VerifyElementNotPresentKeyword.groovy:68)
	at com.kms.katalon.core.keyword.internal.KeywordExecutor.executeKeywordForPlatform(KeywordExecutor.groovy:74)
	at com.kms.katalon.core.webui.keyword.WebUiBuiltInKeywords.verifyElementNotPresent(WebUiBuiltInKeywords.groovy:1536)
	at Piggy Bank.run(Piggy Bank:64)
	at com.kms.katalon.core.main.ScriptEngine.run(ScriptEngine.java:194)
	at com.kms.katalon.core.main.ScriptEngine.runScriptAsRawText(ScriptEngine.java:119)
	at com.kms.katalon.core.main.TestCaseExecutor.runScript(TestCaseExecutor.java:448)
	at com.kms.katalon.core.main.TestCaseExecutor.doExecute(TestCaseExecutor.java:439)
	at com.kms.katalon.core.main.TestCaseExecutor.processExecutionPhase(TestCaseExecutor.java:418)
	at com.kms.katalon.core.main.TestCaseExecutor.accessMainPhase(TestCaseExecutor.java:410)
	at com.kms.katalon.core.main.TestCaseExecutor.execute(TestCaseExecutor.java:285)
	at com.kms.katalon.core.common.CommonExecutor.accessTestCaseMainPhase(CommonExecutor.java:65)
	at com.kms.katalon.core.main.TestSuiteExecutor.accessTestSuiteMainPhase(TestSuiteExecutor.java:148)
	at com.kms.katalon.core.main.TestSuiteExecutor.execute(TestSuiteExecutor.java:106)
	at com.kms.katalon.core.main.TestCaseMain.startTestSuite(TestCaseMain.java:180)
	at TempTestSuite1704123577203.run(TempTestSuite1704123577203.groovy:36)
	at java.base/jdk.internal.reflect.NativeMethodAccessorImpl.invoke0(Native Method)
	at java.base/jdk.internal.reflect.NativeMethodAccessorImpl.invoke(NativeMethodAccessorImpl.java:77)
	at java.base/jdk.internal.reflect.DelegatingMethodAccessorImpl.invoke(DelegatingMethodAccessorImpl.java:43)
)
[[ATTACHMENT|C:\\Users\\MODERN 15\\git\\G1_Firefly_testing\\Reports\\20240101_223937\\Piggy Bank\\20240101_223937\\1704123752648.png]]

01-01-2024T22:42:32 - [MESSAGE][FAILED] - Unable to verify object 'Object Repository/Shared_alert/success_alert' is not present (Root cause: com.kms.katalon.core.exception.StepFailedException: Unable to verify object 'Object Repository/Shared_alert/success_alert' is not present
	at com.kms.katalon.core.webui.keyword.internal.WebUIKeywordMain.stepFailed(WebUIKeywordMain.groovy:64)
	at com.kms.katalon.core.webui.keyword.internal.WebUIKeywordMain.runKeyword(WebUIKeywordMain.groovy:26)
	at com.kms.katalon.core.webui.keyword.internal.WebUIKeywordMain$runKeyword.call(Unknown Source)
	at com.kms.katalon.core.webui.keyword.builtin.VerifyElementNotPresentKeyword.verifyElementNotPresent(VerifyElementNotPresentKeyword.groovy:122)
	at com.kms.katalon.core.webui.keyword.builtin.VerifyElementNotPresentKeyword.execute(VerifyElementNotPresentKeyword.groovy:68)
	at com.kms.katalon.core.keyword.internal.KeywordExecutor.executeKeywordForPlatform(KeywordExecutor.groovy:74)
	at com.kms.katalon.core.webui.keyword.WebUiBuiltInKeywords.verifyElementNotPresent(WebUiBuiltInKeywords.groovy:1536)
	at Piggy Bank.run(Piggy Bank:64)
	at com.kms.katalon.core.main.ScriptEngine.run(ScriptEngine.java:194)
	at com.kms.katalon.core.main.ScriptEngine.runScriptAsRawText(ScriptEngine.java:119)
	at com.kms.katalon.core.main.TestCaseExecutor.runScript(TestCaseExecutor.java:448)
	at com.kms.katalon.core.main.TestCaseExecutor.doExecute(TestCaseExecutor.java:439)
	at com.kms.katalon.core.main.TestCaseExecutor.processExecutionPhase(TestCaseExecutor.java:418)
	at com.kms.katalon.core.main.TestCaseExecutor.accessMainPhase(TestCaseExecutor.java:410)
	at com.kms.katalon.core.main.TestCaseExecutor.execute(TestCaseExecutor.java:285)
	at com.kms.katalon.core.common.CommonExecutor.accessTestCaseMainPhase(CommonExecutor.java:65)
	at com.kms.katalon.core.main.TestSuiteExecutor.accessTestSuiteMainPhase(TestSuiteExecutor.java:148)
	at com.kms.katalon.core.main.TestSuiteExecutor.execute(TestSuiteExecutor.java:106)
	at com.kms.katalon.core.main.TestCaseMain.startTestSuite(TestCaseMain.java:180)
	at TempTestSuite1704123577203.run(TempTestSuite1704123577203.groovy:36)
	at java.base/jdk.internal.reflect.NativeMethodAccessorImpl.invoke0(Native Method)
	at java.base/jdk.internal.reflect.NativeMethodAccessorImpl.invoke(NativeMethodAccessorImpl.java:77)
	at java.base/jdk.internal.reflect.DelegatingMethodAccessorImpl.invoke(DelegatingMethodAccessorImpl.java:43)
Caused by: com.kms.katalon.core.exception.StepFailedException: Web element with id: 'Object Repository/Shared_alert/success_alert' located by 'By.cssSelector: #app > div.content-wrapper > section.content > div' is present after '1' second(s)
	at com.kms.katalon.core.webui.keyword.internal.WebUIKeywordMain.stepFailed(WebUIKeywordMain.groovy:64)
	at com.kms.katalon.core.webui.keyword.internal.WebUIKeywordMain$stepFailed$0.call(Unknown Source)
	at com.kms.katalon.core.webui.keyword.builtin.VerifyElementNotPresentKeyword$_verifyElementNotPresent_closure1.doCall(VerifyElementNotPresentKeyword.groovy:113)
	at com.kms.katalon.core.webui.keyword.builtin.VerifyElementNotPresentKeyword$_verifyElementNotPresent_closure1.doCall(VerifyElementNotPresentKeyword.groovy)
	at java.base/jdk.internal.reflect.NativeMethodAccessorImpl.invoke0(Native Method)
	at java.base/jdk.internal.reflect.NativeMethodAccessorImpl.invoke(NativeMethodAccessorImpl.java:77)
	at java.base/jdk.internal.reflect.DelegatingMethodAccessorImpl.invoke(DelegatingMethodAccessorImpl.java:43)
	at com.kms.katalon.core.webui.keyword.internal.WebUIKeywordMain.runKeyword(WebUIKeywordMain.groovy:20)
	... 21 more
)
[[ATTACHMENT|C:\\Users\\MODERN 15\\git\\G1_Firefly_testing\\Reports\\20240101_223937\\Piggy Bank\\20240101_223937\\1704123752802.png]]

01-01-2024T22:42:32 - [TEST_STEP][PASSED] - catch (Exception err): null

01-01-2024T22:42:32 - [TEST_STEP][PASSED] - verifyElementPresent(findTestObject("Shared_alert/success_alert"), 1): Object 'Object Repository/Shared_alert/success_alert' is present

01-01-2024T22:42:33 - [MESSAGE][PASSED] - Object 'Object Repository/Shared_alert/success_alert' is present

01-01-2024T22:42:33 - [TEST_STEP][PASSED] - out.println("success"): null

01-01-2024T22:42:33 - [TEST_STEP][PASSED] - closeBrowser(): Browser is closed

01-01-2024T22:42:33 - [MESSAGE][PASSED] - Browser is closed]]></system-out>
         <system-err><![CDATA[]]></system-err>
      </testcase>
      <testcase name="Test Cases/Piggy Bank" time="19.581" classname="Test Cases/Piggy Bank" status="PASSED">
         <system-out><![CDATA[01-01-2024T22:42:33 - [TEST_CASE][PASSED] - Test Cases/Piggy Bank: Test Cases/Piggy Bank

01-01-2024T22:42:33 - [TEST_STEP][PASSED] - openBrowser(""): Browser is opened with url: ''

01-01-2024T22:42:33 - [MESSAGE][INFO] - Starting 'Chrome' driver

01-01-2024T22:42:33 - [MESSAGE][INFO] - Action delay is set to 0 milliseconds

01-01-2024T22:42:34 - [MESSAGE][PASSED] - Browser is opened with url: ''

01-01-2024T22:42:34 - [TEST_STEP][PASSED] - navigateToUrl("https://firefly.buudadawg.online/login"): Navigate to 'https://firefly.buudadawg.online/login' successfully

01-01-2024T22:42:37 - [MESSAGE][PASSED] - Navigate to 'https://firefly.buudadawg.online/login' successfully

01-01-2024T22:42:37 - [TEST_STEP][PASSED] - setText(findTestObject("Object Repository/Piggy Bank/Page_Login to Firefly III/input_email"), username): Text 'killermh1352@gmail.com' is set on object 'Object Repository/Piggy Bank/Page_Login to Firefly III/input_email'

01-01-2024T22:42:38 - [MESSAGE][PASSED] - Text 'killermh1352@gmail.com' is set on object 'Object Repository/Piggy Bank/Page_Login to Firefly III/input_email'

01-01-2024T22:42:38 - [TEST_STEP][PASSED] - setText(findTestObject("Object Repository/Piggy Bank/Page_Login to Firefly III/input_password"), password): Text 'tranvinhphuc2002' is set on object 'Object Repository/Piggy Bank/Page_Login to Firefly III/input_password'

01-01-2024T22:42:39 - [MESSAGE][PASSED] - Text 'tranvinhphuc2002' is set on object 'Object Repository/Piggy Bank/Page_Login to Firefly III/input_password'

01-01-2024T22:42:39 - [TEST_STEP][PASSED] - sendKeys(findTestObject("Object Repository/Piggy Bank/Page_Login to Firefly III/input_password"), Keys.chord(ENTER)): Keys 'ENTER + ' sent to object: 'Object Repository/Piggy Bank/Page_Login to Firefly III/input_password'

01-01-2024T22:42:39 - [MESSAGE][PASSED] - Keys 'ENTER + ' sent to object: 'Object Repository/Piggy Bank/Page_Login to Firefly III/input_password'

01-01-2024T22:42:39 - [TEST_STEP][PASSED] - click(findTestObject("Object Repository/Piggy Bank/Page_Whats playing  Firefly III/a_Piggy banks")): Object: 'Object Repository/Piggy Bank/Page_Whats playing  Firefly III/a_Piggy banks' is clicked on

01-01-2024T22:42:42 - [MESSAGE][PASSED] - Object: 'Object Repository/Piggy Bank/Page_Whats playing  Firefly III/a_Piggy banks' is clicked on

01-01-2024T22:42:42 - [TEST_STEP][PASSED] - click(findTestObject("Piggy Bank/Page_Piggy banks  Firefly III/a_Create new piggy bank")): Object: 'Object Repository/Piggy Bank/Page_Piggy banks  Firefly III/a_Create new piggy bank' is clicked on

01-01-2024T22:42:42 - [MESSAGE][PASSED] - Object: 'Object Repository/Piggy Bank/Page_Piggy banks  Firefly III/a_Create new piggy bank' is clicked on

01-01-2024T22:42:42 - [TEST_STEP][PASSED] - setText(findTestObject("Object Repository/Piggy Bank/Page_New piggy bank  Piggy banks  Firefly III/input_name"), name): Text 'Axalta Coating Systems Ltd.' is set on object 'Object Repository/Piggy Bank/Page_New piggy bank  Piggy banks  Firefly III/input_name'

01-01-2024T22:42:43 - [MESSAGE][PASSED] - Text 'Axalta Coating Systems Ltd.' is set on object 'Object Repository/Piggy Bank/Page_New piggy bank  Piggy banks  Firefly III/input_name'

01-01-2024T22:42:43 - [TEST_STEP][PASSED] - selectOptionByLabel(findTestObject("Object Repository/Piggy Bank/Page_New piggy bank  Piggy banks  Firefly III/select_My Savings AccountMy Asset Account"), save_on_account, true): All options with label 'My Savings Account' are selected in object 'Object Repository/Piggy Bank/Page_New piggy bank  Piggy banks  Firefly III/select_My Savings AccountMy Asset Account'  using regular expression

01-01-2024T22:42:44 - [MESSAGE][PASSED] - All options with label 'My Savings Account' are selected in object 'Object Repository/Piggy Bank/Page_New piggy bank  Piggy banks  Firefly III/select_My Savings AccountMy Asset Account'  using regular expression

01-01-2024T22:42:44 - [TEST_STEP][PASSED] - setText(findTestObject("Object Repository/Piggy Bank/Page_New piggy bank  Piggy banks  Firefly III/input_targetamount"), target_amount): Text '26902' is set on object 'Object Repository/Piggy Bank/Page_New piggy bank  Piggy banks  Firefly III/input_targetamount'

01-01-2024T22:42:45 - [MESSAGE][PASSED] - Text '26902' is set on object 'Object Repository/Piggy Bank/Page_New piggy bank  Piggy banks  Firefly III/input_targetamount'

01-01-2024T22:42:45 - [TEST_STEP][PASSED] - setText(findTestObject("Object Repository/Piggy Bank/Page_New piggy bank  Piggy banks  Firefly III/textarea_notes"), notes): Text 'quisque ut erat curabitur gravida nisi at nibh in hac habitasse platea dictumst aliquam augue quam sollicitudin vitae consectetuer eget rutrum at lorem integer tincidunt ante vel ipsum praesent blandit lacinia erat vestibulum sed magna at nunc commodo placerat praesent blandit nam nulla integer pede justo lacinia eget tincidunt eget tempus vel pede morbi porttitor lorem id ligula suspendisse ornare consequat lectus in est risus auctor sed tristique in tempus' is set on object 'Object Repository/Piggy Bank/Page_New piggy bank  Piggy banks  Firefly III/textarea_notes'

01-01-2024T22:42:46 - [MESSAGE][PASSED] - Text 'quisque ut erat curabitur gravida nisi at nibh in hac habitasse platea dictumst aliquam augue quam sollicitudin vitae consectetuer eget rutrum at lorem integer tincidunt ante vel ipsum praesent blandit lacinia erat vestibulum sed magna at nunc commodo placerat praesent blandit nam nulla integer pede justo lacinia eget tincidunt eget tempus vel pede morbi porttitor lorem id ligula suspendisse ornare consequat lectus in est risus auctor sed tristique in tempus' is set on object 'Object Repository/Piggy Bank/Page_New piggy bank  Piggy banks  Firefly III/textarea_notes'

01-01-2024T22:42:46 - [TEST_STEP][PASSED] - setText(findTestObject("Object Repository/Piggy Bank/Page_New piggy bank  Piggy banks  Firefly III/input_object_group"), group): Text 'orci luctus et ultrices posuere cubilia curae donec pharetra magna vestibulum aliquet ultrices erat tortor sollicitudin mi sit amet' is set on object 'Object Repository/Piggy Bank/Page_New piggy bank  Piggy banks  Firefly III/input_object_group'

01-01-2024T22:42:47 - [MESSAGE][PASSED] - Text 'orci luctus et ultrices posuere cubilia curae donec pharetra magna vestibulum aliquet ultrices erat tortor sollicitudin mi sit amet' is set on object 'Object Repository/Piggy Bank/Page_New piggy bank  Piggy banks  Firefly III/input_object_group'

01-01-2024T22:42:47 - [TEST_STEP][PASSED] - setText(findTestObject("Piggy Bank/Page_New piggy bank  Piggy banks  Firefly III/input_date"), target_date): Text '02/22/2023' is set on object 'Object Repository/Piggy Bank/Page_New piggy bank  Piggy banks  Firefly III/input_date'

01-01-2024T22:42:49 - [MESSAGE][PASSED] - Text '02/22/2023' is set on object 'Object Repository/Piggy Bank/Page_New piggy bank  Piggy banks  Firefly III/input_date'

01-01-2024T22:42:49 - [TEST_STEP][PASSED] - if (attachment): null

01-01-2024T22:42:49 - [TEST_STEP][PASSED] - click(findTestObject("Object Repository/Piggy Bank/Page_New piggy bank  Piggy banks  Firefly III/div_Mandatory fields                       _ed7e9e")): Object: 'Object Repository/Piggy Bank/Page_New piggy bank  Piggy banks  Firefly III/div_Mandatory fields                       _ed7e9e' is clicked on

01-01-2024T22:42:49 - [MESSAGE][PASSED] - Object: 'Object Repository/Piggy Bank/Page_New piggy bank  Piggy banks  Firefly III/div_Mandatory fields                       _ed7e9e' is clicked on

01-01-2024T22:42:49 - [TEST_STEP][PASSED] - click(findTestObject("Object Repository/Piggy Bank/Page_New piggy bank  Piggy banks  Firefly III/button_Store new piggy bank")): Object: 'Object Repository/Piggy Bank/Page_New piggy bank  Piggy banks  Firefly III/button_Store new piggy bank' is clicked on

01-01-2024T22:42:50 - [MESSAGE][PASSED] - Object: 'Object Repository/Piggy Bank/Page_New piggy bank  Piggy banks  Firefly III/button_Store new piggy bank' is clicked on

01-01-2024T22:42:50 - [TEST_STEP][FAILED] - try: Unable to verify object 'Object Repository/Shared_alert/success_alert' is not present (Root cause: com.kms.katalon.core.exception.StepFailedException: Unable to verify object 'Object Repository/Shared_alert/success_alert' is not present
	at com.kms.katalon.core.webui.keyword.internal.WebUIKeywordMain.stepFailed(WebUIKeywordMain.groovy:64)
	at com.kms.katalon.core.webui.keyword.internal.WebUIKeywordMain.runKeyword(WebUIKeywordMain.groovy:26)
	at com.kms.katalon.core.webui.keyword.internal.WebUIKeywordMain$runKeyword.call(Unknown Source)
	at com.kms.katalon.core.webui.keyword.builtin.VerifyElementNotPresentKeyword.verifyElementNotPresent(VerifyElementNotPresentKeyword.groovy:122)
	at com.kms.katalon.core.webui.keyword.builtin.VerifyElementNotPresentKeyword.execute(VerifyElementNotPresentKeyword.groovy:68)
	at com.kms.katalon.core.keyword.internal.KeywordExecutor.executeKeywordForPlatform(KeywordExecutor.groovy:74)
	at com.kms.katalon.core.webui.keyword.WebUiBuiltInKeywords.verifyElementNotPresent(WebUiBuiltInKeywords.groovy:1536)
	at Piggy Bank.run(Piggy Bank:64)
	at com.kms.katalon.core.main.ScriptEngine.run(ScriptEngine.java:194)
	at com.kms.katalon.core.main.ScriptEngine.runScriptAsRawText(ScriptEngine.java:119)
	at com.kms.katalon.core.main.TestCaseExecutor.runScript(TestCaseExecutor.java:448)
	at com.kms.katalon.core.main.TestCaseExecutor.doExecute(TestCaseExecutor.java:439)
	at com.kms.katalon.core.main.TestCaseExecutor.processExecutionPhase(TestCaseExecutor.java:418)
	at com.kms.katalon.core.main.TestCaseExecutor.accessMainPhase(TestCaseExecutor.java:410)
	at com.kms.katalon.core.main.TestCaseExecutor.execute(TestCaseExecutor.java:285)
	at com.kms.katalon.core.common.CommonExecutor.accessTestCaseMainPhase(CommonExecutor.java:65)
	at com.kms.katalon.core.main.TestSuiteExecutor.accessTestSuiteMainPhase(TestSuiteExecutor.java:148)
	at com.kms.katalon.core.main.TestSuiteExecutor.execute(TestSuiteExecutor.java:106)
	at com.kms.katalon.core.main.TestCaseMain.startTestSuite(TestCaseMain.java:180)
	at TempTestSuite1704123577203.run(TempTestSuite1704123577203.groovy:36)
	at java.base/jdk.internal.reflect.NativeMethodAccessorImpl.invoke0(Native Method)
	at java.base/jdk.internal.reflect.NativeMethodAccessorImpl.invoke(NativeMethodAccessorImpl.java:77)
	at java.base/jdk.internal.reflect.DelegatingMethodAccessorImpl.invoke(DelegatingMethodAccessorImpl.java:43)
Caused by: com.kms.katalon.core.exception.StepFailedException: Web element with id: 'Object Repository/Shared_alert/success_alert' located by 'By.cssSelector: #app > div.content-wrapper > section.content > div' is present after '1' second(s)
	at com.kms.katalon.core.webui.keyword.internal.WebUIKeywordMain.stepFailed(WebUIKeywordMain.groovy:64)
	at com.kms.katalon.core.webui.keyword.internal.WebUIKeywordMain$stepFailed$0.call(Unknown Source)
	at com.kms.katalon.core.webui.keyword.builtin.VerifyElementNotPresentKeyword$_verifyElementNotPresent_closure1.doCall(VerifyElementNotPresentKeyword.groovy:113)
	at com.kms.katalon.core.webui.keyword.builtin.VerifyElementNotPresentKeyword$_verifyElementNotPresent_closure1.doCall(VerifyElementNotPresentKeyword.groovy)
	at java.base/jdk.internal.reflect.NativeMethodAccessorImpl.invoke0(Native Method)
	at java.base/jdk.internal.reflect.NativeMethodAccessorImpl.invoke(NativeMethodAccessorImpl.java:77)
	at java.base/jdk.internal.reflect.DelegatingMethodAccessorImpl.invoke(DelegatingMethodAccessorImpl.java:43)
	at com.kms.katalon.core.webui.keyword.internal.WebUIKeywordMain.runKeyword(WebUIKeywordMain.groovy:20)
	... 21 more
)

01-01-2024T22:42:50 - [TEST_STEP][PASSED] - verifyElementPresent(findTestObject("Shared_alert/text_dangers"), 1): Object 'Object Repository/Shared_alert/text_dangers' is present

01-01-2024T22:42:51 - [MESSAGE][PASSED] - Object 'Object Repository/Shared_alert/text_dangers' is present

01-01-2024T22:42:51 - [TEST_STEP][FAILED] - verifyElementNotPresent(findTestObject("Shared_alert/success_alert"), 1): Unable to verify object 'Object Repository/Shared_alert/success_alert' is not present (Root cause: com.kms.katalon.core.exception.StepFailedException: Unable to verify object 'Object Repository/Shared_alert/success_alert' is not present
	at com.kms.katalon.core.webui.keyword.internal.WebUIKeywordMain.stepFailed(WebUIKeywordMain.groovy:64)
	at com.kms.katalon.core.webui.keyword.internal.WebUIKeywordMain.runKeyword(WebUIKeywordMain.groovy:26)
	at com.kms.katalon.core.webui.keyword.internal.WebUIKeywordMain$runKeyword.call(Unknown Source)
	at com.kms.katalon.core.webui.keyword.builtin.VerifyElementNotPresentKeyword.verifyElementNotPresent(VerifyElementNotPresentKeyword.groovy:122)
	at com.kms.katalon.core.webui.keyword.builtin.VerifyElementNotPresentKeyword.execute(VerifyElementNotPresentKeyword.groovy:68)
	at com.kms.katalon.core.keyword.internal.KeywordExecutor.executeKeywordForPlatform(KeywordExecutor.groovy:74)
	at com.kms.katalon.core.webui.keyword.WebUiBuiltInKeywords.verifyElementNotPresent(WebUiBuiltInKeywords.groovy:1536)
	at Piggy Bank.run(Piggy Bank:64)
	at com.kms.katalon.core.main.ScriptEngine.run(ScriptEngine.java:194)
	at com.kms.katalon.core.main.ScriptEngine.runScriptAsRawText(ScriptEngine.java:119)
	at com.kms.katalon.core.main.TestCaseExecutor.runScript(TestCaseExecutor.java:448)
	at com.kms.katalon.core.main.TestCaseExecutor.doExecute(TestCaseExecutor.java:439)
	at com.kms.katalon.core.main.TestCaseExecutor.processExecutionPhase(TestCaseExecutor.java:418)
	at com.kms.katalon.core.main.TestCaseExecutor.accessMainPhase(TestCaseExecutor.java:410)
	at com.kms.katalon.core.main.TestCaseExecutor.execute(TestCaseExecutor.java:285)
	at com.kms.katalon.core.common.CommonExecutor.accessTestCaseMainPhase(CommonExecutor.java:65)
	at com.kms.katalon.core.main.TestSuiteExecutor.accessTestSuiteMainPhase(TestSuiteExecutor.java:148)
	at com.kms.katalon.core.main.TestSuiteExecutor.execute(TestSuiteExecutor.java:106)
	at com.kms.katalon.core.main.TestCaseMain.startTestSuite(TestCaseMain.java:180)
	at TempTestSuite1704123577203.run(TempTestSuite1704123577203.groovy:36)
	at java.base/jdk.internal.reflect.NativeMethodAccessorImpl.invoke0(Native Method)
	at java.base/jdk.internal.reflect.NativeMethodAccessorImpl.invoke(NativeMethodAccessorImpl.java:77)
	at java.base/jdk.internal.reflect.DelegatingMethodAccessorImpl.invoke(DelegatingMethodAccessorImpl.java:43)
Caused by: com.kms.katalon.core.exception.StepFailedException: Web element with id: 'Object Repository/Shared_alert/success_alert' located by 'By.cssSelector: #app > div.content-wrapper > section.content > div' is present after '1' second(s)
	at com.kms.katalon.core.webui.keyword.internal.WebUIKeywordMain.stepFailed(WebUIKeywordMain.groovy:64)
	at com.kms.katalon.core.webui.keyword.internal.WebUIKeywordMain$stepFailed$0.call(Unknown Source)
	at com.kms.katalon.core.webui.keyword.builtin.VerifyElementNotPresentKeyword$_verifyElementNotPresent_closure1.doCall(VerifyElementNotPresentKeyword.groovy:113)
	at com.kms.katalon.core.webui.keyword.builtin.VerifyElementNotPresentKeyword$_verifyElementNotPresent_closure1.doCall(VerifyElementNotPresentKeyword.groovy)
	at java.base/jdk.internal.reflect.NativeMethodAccessorImpl.invoke0(Native Method)
	at java.base/jdk.internal.reflect.NativeMethodAccessorImpl.invoke(NativeMethodAccessorImpl.java:77)
	at java.base/jdk.internal.reflect.DelegatingMethodAccessorImpl.invoke(DelegatingMethodAccessorImpl.java:43)
	at com.kms.katalon.core.webui.keyword.internal.WebUIKeywordMain.runKeyword(WebUIKeywordMain.groovy:20)
	... 21 more
)

01-01-2024T22:42:52 - [MESSAGE][FAILED] - Web element with id: 'Object Repository/Shared_alert/success_alert' located by 'By.cssSelector: #app > div.content-wrapper > section.content > div' is present after '1' second(s) (Root cause: com.kms.katalon.core.exception.StepFailedException: Web element with id: 'Object Repository/Shared_alert/success_alert' located by 'By.cssSelector: #app > div.content-wrapper > section.content > div' is present after '1' second(s)
	at com.kms.katalon.core.webui.keyword.internal.WebUIKeywordMain.stepFailed(WebUIKeywordMain.groovy:64)
	at com.kms.katalon.core.webui.keyword.internal.WebUIKeywordMain$stepFailed$0.call(Unknown Source)
	at com.kms.katalon.core.webui.keyword.builtin.VerifyElementNotPresentKeyword$_verifyElementNotPresent_closure1.doCall(VerifyElementNotPresentKeyword.groovy:113)
	at com.kms.katalon.core.webui.keyword.builtin.VerifyElementNotPresentKeyword$_verifyElementNotPresent_closure1.doCall(VerifyElementNotPresentKeyword.groovy)
	at java.base/jdk.internal.reflect.NativeMethodAccessorImpl.invoke0(Native Method)
	at java.base/jdk.internal.reflect.NativeMethodAccessorImpl.invoke(NativeMethodAccessorImpl.java:77)
	at java.base/jdk.internal.reflect.DelegatingMethodAccessorImpl.invoke(DelegatingMethodAccessorImpl.java:43)
	at com.kms.katalon.core.webui.keyword.internal.WebUIKeywordMain.runKeyword(WebUIKeywordMain.groovy:20)
	at com.kms.katalon.core.webui.keyword.internal.WebUIKeywordMain$runKeyword.call(Unknown Source)
	at com.kms.katalon.core.webui.keyword.builtin.VerifyElementNotPresentKeyword.verifyElementNotPresent(VerifyElementNotPresentKeyword.groovy:122)
	at com.kms.katalon.core.webui.keyword.builtin.VerifyElementNotPresentKeyword.execute(VerifyElementNotPresentKeyword.groovy:68)
	at com.kms.katalon.core.keyword.internal.KeywordExecutor.executeKeywordForPlatform(KeywordExecutor.groovy:74)
	at com.kms.katalon.core.webui.keyword.WebUiBuiltInKeywords.verifyElementNotPresent(WebUiBuiltInKeywords.groovy:1536)
	at Piggy Bank.run(Piggy Bank:64)
	at com.kms.katalon.core.main.ScriptEngine.run(ScriptEngine.java:194)
	at com.kms.katalon.core.main.ScriptEngine.runScriptAsRawText(ScriptEngine.java:119)
	at com.kms.katalon.core.main.TestCaseExecutor.runScript(TestCaseExecutor.java:448)
	at com.kms.katalon.core.main.TestCaseExecutor.doExecute(TestCaseExecutor.java:439)
	at com.kms.katalon.core.main.TestCaseExecutor.processExecutionPhase(TestCaseExecutor.java:418)
	at com.kms.katalon.core.main.TestCaseExecutor.accessMainPhase(TestCaseExecutor.java:410)
	at com.kms.katalon.core.main.TestCaseExecutor.execute(TestCaseExecutor.java:285)
	at com.kms.katalon.core.common.CommonExecutor.accessTestCaseMainPhase(CommonExecutor.java:65)
	at com.kms.katalon.core.main.TestSuiteExecutor.accessTestSuiteMainPhase(TestSuiteExecutor.java:148)
	at com.kms.katalon.core.main.TestSuiteExecutor.execute(TestSuiteExecutor.java:106)
	at com.kms.katalon.core.main.TestCaseMain.startTestSuite(TestCaseMain.java:180)
	at TempTestSuite1704123577203.run(TempTestSuite1704123577203.groovy:36)
	at java.base/jdk.internal.reflect.NativeMethodAccessorImpl.invoke0(Native Method)
	at java.base/jdk.internal.reflect.NativeMethodAccessorImpl.invoke(NativeMethodAccessorImpl.java:77)
	at java.base/jdk.internal.reflect.DelegatingMethodAccessorImpl.invoke(DelegatingMethodAccessorImpl.java:43)
)
[[ATTACHMENT|C:\\Users\\MODERN 15\\git\\G1_Firefly_testing\\Reports\\20240101_223937\\Piggy Bank\\20240101_223937\\1704123772345.png]]

01-01-2024T22:42:52 - [MESSAGE][FAILED] - Unable to verify object 'Object Repository/Shared_alert/success_alert' is not present (Root cause: com.kms.katalon.core.exception.StepFailedException: Unable to verify object 'Object Repository/Shared_alert/success_alert' is not present
	at com.kms.katalon.core.webui.keyword.internal.WebUIKeywordMain.stepFailed(WebUIKeywordMain.groovy:64)
	at com.kms.katalon.core.webui.keyword.internal.WebUIKeywordMain.runKeyword(WebUIKeywordMain.groovy:26)
	at com.kms.katalon.core.webui.keyword.internal.WebUIKeywordMain$runKeyword.call(Unknown Source)
	at com.kms.katalon.core.webui.keyword.builtin.VerifyElementNotPresentKeyword.verifyElementNotPresent(VerifyElementNotPresentKeyword.groovy:122)
	at com.kms.katalon.core.webui.keyword.builtin.VerifyElementNotPresentKeyword.execute(VerifyElementNotPresentKeyword.groovy:68)
	at com.kms.katalon.core.keyword.internal.KeywordExecutor.executeKeywordForPlatform(KeywordExecutor.groovy:74)
	at com.kms.katalon.core.webui.keyword.WebUiBuiltInKeywords.verifyElementNotPresent(WebUiBuiltInKeywords.groovy:1536)
	at Piggy Bank.run(Piggy Bank:64)
	at com.kms.katalon.core.main.ScriptEngine.run(ScriptEngine.java:194)
	at com.kms.katalon.core.main.ScriptEngine.runScriptAsRawText(ScriptEngine.java:119)
	at com.kms.katalon.core.main.TestCaseExecutor.runScript(TestCaseExecutor.java:448)
	at com.kms.katalon.core.main.TestCaseExecutor.doExecute(TestCaseExecutor.java:439)
	at com.kms.katalon.core.main.TestCaseExecutor.processExecutionPhase(TestCaseExecutor.java:418)
	at com.kms.katalon.core.main.TestCaseExecutor.accessMainPhase(TestCaseExecutor.java:410)
	at com.kms.katalon.core.main.TestCaseExecutor.execute(TestCaseExecutor.java:285)
	at com.kms.katalon.core.common.CommonExecutor.accessTestCaseMainPhase(CommonExecutor.java:65)
	at com.kms.katalon.core.main.TestSuiteExecutor.accessTestSuiteMainPhase(TestSuiteExecutor.java:148)
	at com.kms.katalon.core.main.TestSuiteExecutor.execute(TestSuiteExecutor.java:106)
	at com.kms.katalon.core.main.TestCaseMain.startTestSuite(TestCaseMain.java:180)
	at TempTestSuite1704123577203.run(TempTestSuite1704123577203.groovy:36)
	at java.base/jdk.internal.reflect.NativeMethodAccessorImpl.invoke0(Native Method)
	at java.base/jdk.internal.reflect.NativeMethodAccessorImpl.invoke(NativeMethodAccessorImpl.java:77)
	at java.base/jdk.internal.reflect.DelegatingMethodAccessorImpl.invoke(DelegatingMethodAccessorImpl.java:43)
Caused by: com.kms.katalon.core.exception.StepFailedException: Web element with id: 'Object Repository/Shared_alert/success_alert' located by 'By.cssSelector: #app > div.content-wrapper > section.content > div' is present after '1' second(s)
	at com.kms.katalon.core.webui.keyword.internal.WebUIKeywordMain.stepFailed(WebUIKeywordMain.groovy:64)
	at com.kms.katalon.core.webui.keyword.internal.WebUIKeywordMain$stepFailed$0.call(Unknown Source)
	at com.kms.katalon.core.webui.keyword.builtin.VerifyElementNotPresentKeyword$_verifyElementNotPresent_closure1.doCall(VerifyElementNotPresentKeyword.groovy:113)
	at com.kms.katalon.core.webui.keyword.builtin.VerifyElementNotPresentKeyword$_verifyElementNotPresent_closure1.doCall(VerifyElementNotPresentKeyword.groovy)
	at java.base/jdk.internal.reflect.NativeMethodAccessorImpl.invoke0(Native Method)
	at java.base/jdk.internal.reflect.NativeMethodAccessorImpl.invoke(NativeMethodAccessorImpl.java:77)
	at java.base/jdk.internal.reflect.DelegatingMethodAccessorImpl.invoke(DelegatingMethodAccessorImpl.java:43)
	at com.kms.katalon.core.webui.keyword.internal.WebUIKeywordMain.runKeyword(WebUIKeywordMain.groovy:20)
	... 21 more
)
[[ATTACHMENT|C:\\Users\\MODERN 15\\git\\G1_Firefly_testing\\Reports\\20240101_223937\\Piggy Bank\\20240101_223937\\1704123772462.png]]

01-01-2024T22:42:52 - [TEST_STEP][PASSED] - catch (Exception err): null

01-01-2024T22:42:52 - [TEST_STEP][PASSED] - verifyElementPresent(findTestObject("Shared_alert/success_alert"), 1): Object 'Object Repository/Shared_alert/success_alert' is present

01-01-2024T22:42:52 - [MESSAGE][PASSED] - Object 'Object Repository/Shared_alert/success_alert' is present

01-01-2024T22:42:52 - [TEST_STEP][PASSED] - out.println("success"): null

01-01-2024T22:42:52 - [TEST_STEP][PASSED] - closeBrowser(): Browser is closed

01-01-2024T22:42:53 - [MESSAGE][PASSED] - Browser is closed]]></system-out>
         <system-err><![CDATA[]]></system-err>
      </testcase>
      <testcase name="Test Cases/Piggy Bank" time="21.844" classname="Test Cases/Piggy Bank" status="PASSED">
         <system-out><![CDATA[01-01-2024T22:42:53 - [TEST_CASE][PASSED] - Test Cases/Piggy Bank: Test Cases/Piggy Bank

01-01-2024T22:42:53 - [TEST_STEP][PASSED] - openBrowser(""): Browser is opened with url: ''

01-01-2024T22:42:53 - [MESSAGE][INFO] - Starting 'Chrome' driver

01-01-2024T22:42:53 - [MESSAGE][INFO] - Action delay is set to 0 milliseconds

01-01-2024T22:42:54 - [MESSAGE][PASSED] - Browser is opened with url: ''

01-01-2024T22:42:54 - [TEST_STEP][PASSED] - navigateToUrl("https://firefly.buudadawg.online/login"): Navigate to 'https://firefly.buudadawg.online/login' successfully

01-01-2024T22:42:57 - [MESSAGE][PASSED] - Navigate to 'https://firefly.buudadawg.online/login' successfully

01-01-2024T22:42:57 - [TEST_STEP][PASSED] - setText(findTestObject("Object Repository/Piggy Bank/Page_Login to Firefly III/input_email"), username): Text 'killermh1352@gmail.com' is set on object 'Object Repository/Piggy Bank/Page_Login to Firefly III/input_email'

01-01-2024T22:42:58 - [MESSAGE][PASSED] - Text 'killermh1352@gmail.com' is set on object 'Object Repository/Piggy Bank/Page_Login to Firefly III/input_email'

01-01-2024T22:42:58 - [TEST_STEP][PASSED] - setText(findTestObject("Object Repository/Piggy Bank/Page_Login to Firefly III/input_password"), password): Text 'tranvinhphuc2002' is set on object 'Object Repository/Piggy Bank/Page_Login to Firefly III/input_password'

01-01-2024T22:42:58 - [MESSAGE][PASSED] - Text 'tranvinhphuc2002' is set on object 'Object Repository/Piggy Bank/Page_Login to Firefly III/input_password'

01-01-2024T22:42:58 - [TEST_STEP][PASSED] - sendKeys(findTestObject("Object Repository/Piggy Bank/Page_Login to Firefly III/input_password"), Keys.chord(ENTER)): Keys 'ENTER + ' sent to object: 'Object Repository/Piggy Bank/Page_Login to Firefly III/input_password'

01-01-2024T22:42:59 - [MESSAGE][PASSED] - Keys 'ENTER + ' sent to object: 'Object Repository/Piggy Bank/Page_Login to Firefly III/input_password'

01-01-2024T22:42:59 - [TEST_STEP][PASSED] - click(findTestObject("Object Repository/Piggy Bank/Page_Whats playing  Firefly III/a_Piggy banks")): Object: 'Object Repository/Piggy Bank/Page_Whats playing  Firefly III/a_Piggy banks' is clicked on

01-01-2024T22:43:02 - [MESSAGE][PASSED] - Object: 'Object Repository/Piggy Bank/Page_Whats playing  Firefly III/a_Piggy banks' is clicked on

01-01-2024T22:43:02 - [TEST_STEP][PASSED] - click(findTestObject("Piggy Bank/Page_Piggy banks  Firefly III/a_Create new piggy bank")): Object: 'Object Repository/Piggy Bank/Page_Piggy banks  Firefly III/a_Create new piggy bank' is clicked on

01-01-2024T22:43:03 - [MESSAGE][PASSED] - Object: 'Object Repository/Piggy Bank/Page_Piggy banks  Firefly III/a_Create new piggy bank' is clicked on

01-01-2024T22:43:03 - [TEST_STEP][PASSED] - setText(findTestObject("Object Repository/Piggy Bank/Page_New piggy bank  Piggy banks  Firefly III/input_name"), name): Text 'Columbia Seligman Premium Technology Growth Fund, Inc' is set on object 'Object Repository/Piggy Bank/Page_New piggy bank  Piggy banks  Firefly III/input_name'

01-01-2024T22:43:04 - [MESSAGE][PASSED] - Text 'Columbia Seligman Premium Technology Growth Fund, Inc' is set on object 'Object Repository/Piggy Bank/Page_New piggy bank  Piggy banks  Firefly III/input_name'

01-01-2024T22:43:04 - [TEST_STEP][PASSED] - selectOptionByLabel(findTestObject("Object Repository/Piggy Bank/Page_New piggy bank  Piggy banks  Firefly III/select_My Savings AccountMy Asset Account"), save_on_account, true): All options with label 'My Asset Account' are selected in object 'Object Repository/Piggy Bank/Page_New piggy bank  Piggy banks  Firefly III/select_My Savings AccountMy Asset Account'  using regular expression

01-01-2024T22:43:04 - [MESSAGE][PASSED] - All options with label 'My Asset Account' are selected in object 'Object Repository/Piggy Bank/Page_New piggy bank  Piggy banks  Firefly III/select_My Savings AccountMy Asset Account'  using regular expression

01-01-2024T22:43:04 - [TEST_STEP][PASSED] - setText(findTestObject("Object Repository/Piggy Bank/Page_New piggy bank  Piggy banks  Firefly III/input_targetamount"), target_amount): Text '79617' is set on object 'Object Repository/Piggy Bank/Page_New piggy bank  Piggy banks  Firefly III/input_targetamount'

01-01-2024T22:43:05 - [MESSAGE][PASSED] - Text '79617' is set on object 'Object Repository/Piggy Bank/Page_New piggy bank  Piggy banks  Firefly III/input_targetamount'

01-01-2024T22:43:05 - [TEST_STEP][PASSED] - setText(findTestObject("Object Repository/Piggy Bank/Page_New piggy bank  Piggy banks  Firefly III/textarea_notes"), notes): Text 'non mauris morbi non lectus aliquam sit amet diam in magna bibendum imperdiet nullam orci pede venenatis non sodales sed tincidunt eu felis fusce posuere felis sed lacus morbi sem mauris laoreet ut rhoncus aliquet pulvinar sed nisl nunc rhoncus dui vel sem sed sagittis nam congue risus semper porta volutpat quam pede lobortis ligula sit amet eleifend pede libero quis orci nullam molestie nibh in lectus pellentesque at nulla suspendisse potenti cras in purus eu magna vulputate luctus cum sociis natoque penatibus et magnis dis parturient montes nascetur ridiculus mus vivamus vestibulum sagittis sapien cum sociis natoque penatibus et magnis dis parturient montes nascetur ridiculus mus etiam vel augue vestibulum rutrum rutrum neque aenean auctor gravida sem praesent id massa id nisl venenatis lacinia aenean sit amet justo' is set on object 'Object Repository/Piggy Bank/Page_New piggy bank  Piggy banks  Firefly III/textarea_notes'

01-01-2024T22:43:08 - [MESSAGE][PASSED] - Text 'non mauris morbi non lectus aliquam sit amet diam in magna bibendum imperdiet nullam orci pede venenatis non sodales sed tincidunt eu felis fusce posuere felis sed lacus morbi sem mauris laoreet ut rhoncus aliquet pulvinar sed nisl nunc rhoncus dui vel sem sed sagittis nam congue risus semper porta volutpat quam pede lobortis ligula sit amet eleifend pede libero quis orci nullam molestie nibh in lectus pellentesque at nulla suspendisse potenti cras in purus eu magna vulputate luctus cum sociis natoque penatibus et magnis dis parturient montes nascetur ridiculus mus vivamus vestibulum sagittis sapien cum sociis natoque penatibus et magnis dis parturient montes nascetur ridiculus mus etiam vel augue vestibulum rutrum rutrum neque aenean auctor gravida sem praesent id massa id nisl venenatis lacinia aenean sit amet justo' is set on object 'Object Repository/Piggy Bank/Page_New piggy bank  Piggy banks  Firefly III/textarea_notes'

01-01-2024T22:43:08 - [TEST_STEP][PASSED] - setText(findTestObject("Object Repository/Piggy Bank/Page_New piggy bank  Piggy banks  Firefly III/input_object_group"), group): Text 'montes nascetur ridiculus mus vivamus vestibulum sagittis sapien cum sociis natoque penatibus et magnis dis parturient montes nascetur' is set on object 'Object Repository/Piggy Bank/Page_New piggy bank  Piggy banks  Firefly III/input_object_group'

01-01-2024T22:43:08 - [MESSAGE][PASSED] - Text 'montes nascetur ridiculus mus vivamus vestibulum sagittis sapien cum sociis natoque penatibus et magnis dis parturient montes nascetur' is set on object 'Object Repository/Piggy Bank/Page_New piggy bank  Piggy banks  Firefly III/input_object_group'

01-01-2024T22:43:08 - [TEST_STEP][PASSED] - setText(findTestObject("Piggy Bank/Page_New piggy bank  Piggy banks  Firefly III/input_date"), target_date): Text '04/23/2023' is set on object 'Object Repository/Piggy Bank/Page_New piggy bank  Piggy banks  Firefly III/input_date'

01-01-2024T22:43:10 - [MESSAGE][PASSED] - Text '04/23/2023' is set on object 'Object Repository/Piggy Bank/Page_New piggy bank  Piggy banks  Firefly III/input_date'

01-01-2024T22:43:10 - [TEST_STEP][PASSED] - if (attachment): File 'C:\Users\MODERN 15\git\G1_Firefly_testing\Attachments File\MOCK_DATA.csv' sent to object: 'Object Repository/Piggy Bank/Page_New piggy bank  Piggy banks  Firefly III/button_upload'

01-01-2024T22:43:10 - [TEST_STEP][PASSED] - absolutePath = normalize().toString(): null

01-01-2024T22:43:10 - [TEST_STEP][PASSED] - uploadFile(findTestObject("Piggy Bank/Page_New piggy bank  Piggy banks  Firefly III/button_upload"), absolutePath): File 'C:\Users\MODERN 15\git\G1_Firefly_testing\Attachments File\MOCK_DATA.csv' sent to object: 'Object Repository/Piggy Bank/Page_New piggy bank  Piggy banks  Firefly III/button_upload'

01-01-2024T22:43:10 - [MESSAGE][PASSED] - File 'C:\Users\MODERN 15\git\G1_Firefly_testing\Attachments File\MOCK_DATA.csv' sent to object: 'Object Repository/Piggy Bank/Page_New piggy bank  Piggy banks  Firefly III/button_upload'

01-01-2024T22:43:10 - [TEST_STEP][PASSED] - click(findTestObject("Object Repository/Piggy Bank/Page_New piggy bank  Piggy banks  Firefly III/div_Mandatory fields                       _ed7e9e")): Object: 'Object Repository/Piggy Bank/Page_New piggy bank  Piggy banks  Firefly III/div_Mandatory fields                       _ed7e9e' is clicked on

01-01-2024T22:43:10 - [MESSAGE][PASSED] - Object: 'Object Repository/Piggy Bank/Page_New piggy bank  Piggy banks  Firefly III/div_Mandatory fields                       _ed7e9e' is clicked on

01-01-2024T22:43:10 - [TEST_STEP][PASSED] - click(findTestObject("Object Repository/Piggy Bank/Page_New piggy bank  Piggy banks  Firefly III/button_Store new piggy bank")): Object: 'Object Repository/Piggy Bank/Page_New piggy bank  Piggy banks  Firefly III/button_Store new piggy bank' is clicked on

01-01-2024T22:43:12 - [MESSAGE][PASSED] - Object: 'Object Repository/Piggy Bank/Page_New piggy bank  Piggy banks  Firefly III/button_Store new piggy bank' is clicked on

01-01-2024T22:43:12 - [TEST_STEP][FAILED] - try: Unable to verify object 'Object Repository/Shared_alert/success_alert' is not present (Root cause: com.kms.katalon.core.exception.StepFailedException: Unable to verify object 'Object Repository/Shared_alert/success_alert' is not present
	at com.kms.katalon.core.webui.keyword.internal.WebUIKeywordMain.stepFailed(WebUIKeywordMain.groovy:64)
	at com.kms.katalon.core.webui.keyword.internal.WebUIKeywordMain.runKeyword(WebUIKeywordMain.groovy:26)
	at com.kms.katalon.core.webui.keyword.internal.WebUIKeywordMain$runKeyword.call(Unknown Source)
	at com.kms.katalon.core.webui.keyword.builtin.VerifyElementNotPresentKeyword.verifyElementNotPresent(VerifyElementNotPresentKeyword.groovy:122)
	at com.kms.katalon.core.webui.keyword.builtin.VerifyElementNotPresentKeyword.execute(VerifyElementNotPresentKeyword.groovy:68)
	at com.kms.katalon.core.keyword.internal.KeywordExecutor.executeKeywordForPlatform(KeywordExecutor.groovy:74)
	at com.kms.katalon.core.webui.keyword.WebUiBuiltInKeywords.verifyElementNotPresent(WebUiBuiltInKeywords.groovy:1536)
	at Piggy Bank.run(Piggy Bank:64)
	at com.kms.katalon.core.main.ScriptEngine.run(ScriptEngine.java:194)
	at com.kms.katalon.core.main.ScriptEngine.runScriptAsRawText(ScriptEngine.java:119)
	at com.kms.katalon.core.main.TestCaseExecutor.runScript(TestCaseExecutor.java:448)
	at com.kms.katalon.core.main.TestCaseExecutor.doExecute(TestCaseExecutor.java:439)
	at com.kms.katalon.core.main.TestCaseExecutor.processExecutionPhase(TestCaseExecutor.java:418)
	at com.kms.katalon.core.main.TestCaseExecutor.accessMainPhase(TestCaseExecutor.java:410)
	at com.kms.katalon.core.main.TestCaseExecutor.execute(TestCaseExecutor.java:285)
	at com.kms.katalon.core.common.CommonExecutor.accessTestCaseMainPhase(CommonExecutor.java:65)
	at com.kms.katalon.core.main.TestSuiteExecutor.accessTestSuiteMainPhase(TestSuiteExecutor.java:148)
	at com.kms.katalon.core.main.TestSuiteExecutor.execute(TestSuiteExecutor.java:106)
	at com.kms.katalon.core.main.TestCaseMain.startTestSuite(TestCaseMain.java:180)
	at TempTestSuite1704123577203.run(TempTestSuite1704123577203.groovy:36)
	at java.base/jdk.internal.reflect.NativeMethodAccessorImpl.invoke0(Native Method)
	at java.base/jdk.internal.reflect.NativeMethodAccessorImpl.invoke(NativeMethodAccessorImpl.java:77)
	at java.base/jdk.internal.reflect.DelegatingMethodAccessorImpl.invoke(DelegatingMethodAccessorImpl.java:43)
Caused by: com.kms.katalon.core.exception.StepFailedException: Web element with id: 'Object Repository/Shared_alert/success_alert' located by 'By.cssSelector: #app > div.content-wrapper > section.content > div' is present after '1' second(s)
	at com.kms.katalon.core.webui.keyword.internal.WebUIKeywordMain.stepFailed(WebUIKeywordMain.groovy:64)
	at com.kms.katalon.core.webui.keyword.internal.WebUIKeywordMain$stepFailed$0.call(Unknown Source)
	at com.kms.katalon.core.webui.keyword.builtin.VerifyElementNotPresentKeyword$_verifyElementNotPresent_closure1.doCall(VerifyElementNotPresentKeyword.groovy:113)
	at com.kms.katalon.core.webui.keyword.builtin.VerifyElementNotPresentKeyword$_verifyElementNotPresent_closure1.doCall(VerifyElementNotPresentKeyword.groovy)
	at java.base/jdk.internal.reflect.NativeMethodAccessorImpl.invoke0(Native Method)
	at java.base/jdk.internal.reflect.NativeMethodAccessorImpl.invoke(NativeMethodAccessorImpl.java:77)
	at java.base/jdk.internal.reflect.DelegatingMethodAccessorImpl.invoke(DelegatingMethodAccessorImpl.java:43)
	at com.kms.katalon.core.webui.keyword.internal.WebUIKeywordMain.runKeyword(WebUIKeywordMain.groovy:20)
	... 21 more
)

01-01-2024T22:43:12 - [TEST_STEP][PASSED] - verifyElementPresent(findTestObject("Shared_alert/text_dangers"), 1): Object 'Object Repository/Shared_alert/text_dangers' is present

01-01-2024T22:43:13 - [MESSAGE][PASSED] - Object 'Object Repository/Shared_alert/text_dangers' is present

01-01-2024T22:43:13 - [TEST_STEP][FAILED] - verifyElementNotPresent(findTestObject("Shared_alert/success_alert"), 1): Unable to verify object 'Object Repository/Shared_alert/success_alert' is not present (Root cause: com.kms.katalon.core.exception.StepFailedException: Unable to verify object 'Object Repository/Shared_alert/success_alert' is not present
	at com.kms.katalon.core.webui.keyword.internal.WebUIKeywordMain.stepFailed(WebUIKeywordMain.groovy:64)
	at com.kms.katalon.core.webui.keyword.internal.WebUIKeywordMain.runKeyword(WebUIKeywordMain.groovy:26)
	at com.kms.katalon.core.webui.keyword.internal.WebUIKeywordMain$runKeyword.call(Unknown Source)
	at com.kms.katalon.core.webui.keyword.builtin.VerifyElementNotPresentKeyword.verifyElementNotPresent(VerifyElementNotPresentKeyword.groovy:122)
	at com.kms.katalon.core.webui.keyword.builtin.VerifyElementNotPresentKeyword.execute(VerifyElementNotPresentKeyword.groovy:68)
	at com.kms.katalon.core.keyword.internal.KeywordExecutor.executeKeywordForPlatform(KeywordExecutor.groovy:74)
	at com.kms.katalon.core.webui.keyword.WebUiBuiltInKeywords.verifyElementNotPresent(WebUiBuiltInKeywords.groovy:1536)
	at Piggy Bank.run(Piggy Bank:64)
	at com.kms.katalon.core.main.ScriptEngine.run(ScriptEngine.java:194)
	at com.kms.katalon.core.main.ScriptEngine.runScriptAsRawText(ScriptEngine.java:119)
	at com.kms.katalon.core.main.TestCaseExecutor.runScript(TestCaseExecutor.java:448)
	at com.kms.katalon.core.main.TestCaseExecutor.doExecute(TestCaseExecutor.java:439)
	at com.kms.katalon.core.main.TestCaseExecutor.processExecutionPhase(TestCaseExecutor.java:418)
	at com.kms.katalon.core.main.TestCaseExecutor.accessMainPhase(TestCaseExecutor.java:410)
	at com.kms.katalon.core.main.TestCaseExecutor.execute(TestCaseExecutor.java:285)
	at com.kms.katalon.core.common.CommonExecutor.accessTestCaseMainPhase(CommonExecutor.java:65)
	at com.kms.katalon.core.main.TestSuiteExecutor.accessTestSuiteMainPhase(TestSuiteExecutor.java:148)
	at com.kms.katalon.core.main.TestSuiteExecutor.execute(TestSuiteExecutor.java:106)
	at com.kms.katalon.core.main.TestCaseMain.startTestSuite(TestCaseMain.java:180)
	at TempTestSuite1704123577203.run(TempTestSuite1704123577203.groovy:36)
	at java.base/jdk.internal.reflect.NativeMethodAccessorImpl.invoke0(Native Method)
	at java.base/jdk.internal.reflect.NativeMethodAccessorImpl.invoke(NativeMethodAccessorImpl.java:77)
	at java.base/jdk.internal.reflect.DelegatingMethodAccessorImpl.invoke(DelegatingMethodAccessorImpl.java:43)
Caused by: com.kms.katalon.core.exception.StepFailedException: Web element with id: 'Object Repository/Shared_alert/success_alert' located by 'By.cssSelector: #app > div.content-wrapper > section.content > div' is present after '1' second(s)
	at com.kms.katalon.core.webui.keyword.internal.WebUIKeywordMain.stepFailed(WebUIKeywordMain.groovy:64)
	at com.kms.katalon.core.webui.keyword.internal.WebUIKeywordMain$stepFailed$0.call(Unknown Source)
	at com.kms.katalon.core.webui.keyword.builtin.VerifyElementNotPresentKeyword$_verifyElementNotPresent_closure1.doCall(VerifyElementNotPresentKeyword.groovy:113)
	at com.kms.katalon.core.webui.keyword.builtin.VerifyElementNotPresentKeyword$_verifyElementNotPresent_closure1.doCall(VerifyElementNotPresentKeyword.groovy)
	at java.base/jdk.internal.reflect.NativeMethodAccessorImpl.invoke0(Native Method)
	at java.base/jdk.internal.reflect.NativeMethodAccessorImpl.invoke(NativeMethodAccessorImpl.java:77)
	at java.base/jdk.internal.reflect.DelegatingMethodAccessorImpl.invoke(DelegatingMethodAccessorImpl.java:43)
	at com.kms.katalon.core.webui.keyword.internal.WebUIKeywordMain.runKeyword(WebUIKeywordMain.groovy:20)
	... 21 more
)

01-01-2024T22:43:14 - [MESSAGE][FAILED] - Web element with id: 'Object Repository/Shared_alert/success_alert' located by 'By.cssSelector: #app > div.content-wrapper > section.content > div' is present after '1' second(s) (Root cause: com.kms.katalon.core.exception.StepFailedException: Web element with id: 'Object Repository/Shared_alert/success_alert' located by 'By.cssSelector: #app > div.content-wrapper > section.content > div' is present after '1' second(s)
	at com.kms.katalon.core.webui.keyword.internal.WebUIKeywordMain.stepFailed(WebUIKeywordMain.groovy:64)
	at com.kms.katalon.core.webui.keyword.internal.WebUIKeywordMain$stepFailed$0.call(Unknown Source)
	at com.kms.katalon.core.webui.keyword.builtin.VerifyElementNotPresentKeyword$_verifyElementNotPresent_closure1.doCall(VerifyElementNotPresentKeyword.groovy:113)
	at com.kms.katalon.core.webui.keyword.builtin.VerifyElementNotPresentKeyword$_verifyElementNotPresent_closure1.doCall(VerifyElementNotPresentKeyword.groovy)
	at java.base/jdk.internal.reflect.NativeMethodAccessorImpl.invoke0(Native Method)
	at java.base/jdk.internal.reflect.NativeMethodAccessorImpl.invoke(NativeMethodAccessorImpl.java:77)
	at java.base/jdk.internal.reflect.DelegatingMethodAccessorImpl.invoke(DelegatingMethodAccessorImpl.java:43)
	at com.kms.katalon.core.webui.keyword.internal.WebUIKeywordMain.runKeyword(WebUIKeywordMain.groovy:20)
	at com.kms.katalon.core.webui.keyword.internal.WebUIKeywordMain$runKeyword.call(Unknown Source)
	at com.kms.katalon.core.webui.keyword.builtin.VerifyElementNotPresentKeyword.verifyElementNotPresent(VerifyElementNotPresentKeyword.groovy:122)
	at com.kms.katalon.core.webui.keyword.builtin.VerifyElementNotPresentKeyword.execute(VerifyElementNotPresentKeyword.groovy:68)
	at com.kms.katalon.core.keyword.internal.KeywordExecutor.executeKeywordForPlatform(KeywordExecutor.groovy:74)
	at com.kms.katalon.core.webui.keyword.WebUiBuiltInKeywords.verifyElementNotPresent(WebUiBuiltInKeywords.groovy:1536)
	at Piggy Bank.run(Piggy Bank:64)
	at com.kms.katalon.core.main.ScriptEngine.run(ScriptEngine.java:194)
	at com.kms.katalon.core.main.ScriptEngine.runScriptAsRawText(ScriptEngine.java:119)
	at com.kms.katalon.core.main.TestCaseExecutor.runScript(TestCaseExecutor.java:448)
	at com.kms.katalon.core.main.TestCaseExecutor.doExecute(TestCaseExecutor.java:439)
	at com.kms.katalon.core.main.TestCaseExecutor.processExecutionPhase(TestCaseExecutor.java:418)
	at com.kms.katalon.core.main.TestCaseExecutor.accessMainPhase(TestCaseExecutor.java:410)
	at com.kms.katalon.core.main.TestCaseExecutor.execute(TestCaseExecutor.java:285)
	at com.kms.katalon.core.common.CommonExecutor.accessTestCaseMainPhase(CommonExecutor.java:65)
	at com.kms.katalon.core.main.TestSuiteExecutor.accessTestSuiteMainPhase(TestSuiteExecutor.java:148)
	at com.kms.katalon.core.main.TestSuiteExecutor.execute(TestSuiteExecutor.java:106)
	at com.kms.katalon.core.main.TestCaseMain.startTestSuite(TestCaseMain.java:180)
	at TempTestSuite1704123577203.run(TempTestSuite1704123577203.groovy:36)
	at java.base/jdk.internal.reflect.NativeMethodAccessorImpl.invoke0(Native Method)
	at java.base/jdk.internal.reflect.NativeMethodAccessorImpl.invoke(NativeMethodAccessorImpl.java:77)
	at java.base/jdk.internal.reflect.DelegatingMethodAccessorImpl.invoke(DelegatingMethodAccessorImpl.java:43)
)
[[ATTACHMENT|C:\\Users\\MODERN 15\\git\\G1_Firefly_testing\\Reports\\20240101_223937\\Piggy Bank\\20240101_223937\\1704123794192.png]]

01-01-2024T22:43:14 - [MESSAGE][FAILED] - Unable to verify object 'Object Repository/Shared_alert/success_alert' is not present (Root cause: com.kms.katalon.core.exception.StepFailedException: Unable to verify object 'Object Repository/Shared_alert/success_alert' is not present
	at com.kms.katalon.core.webui.keyword.internal.WebUIKeywordMain.stepFailed(WebUIKeywordMain.groovy:64)
	at com.kms.katalon.core.webui.keyword.internal.WebUIKeywordMain.runKeyword(WebUIKeywordMain.groovy:26)
	at com.kms.katalon.core.webui.keyword.internal.WebUIKeywordMain$runKeyword.call(Unknown Source)
	at com.kms.katalon.core.webui.keyword.builtin.VerifyElementNotPresentKeyword.verifyElementNotPresent(VerifyElementNotPresentKeyword.groovy:122)
	at com.kms.katalon.core.webui.keyword.builtin.VerifyElementNotPresentKeyword.execute(VerifyElementNotPresentKeyword.groovy:68)
	at com.kms.katalon.core.keyword.internal.KeywordExecutor.executeKeywordForPlatform(KeywordExecutor.groovy:74)
	at com.kms.katalon.core.webui.keyword.WebUiBuiltInKeywords.verifyElementNotPresent(WebUiBuiltInKeywords.groovy:1536)
	at Piggy Bank.run(Piggy Bank:64)
	at com.kms.katalon.core.main.ScriptEngine.run(ScriptEngine.java:194)
	at com.kms.katalon.core.main.ScriptEngine.runScriptAsRawText(ScriptEngine.java:119)
	at com.kms.katalon.core.main.TestCaseExecutor.runScript(TestCaseExecutor.java:448)
	at com.kms.katalon.core.main.TestCaseExecutor.doExecute(TestCaseExecutor.java:439)
	at com.kms.katalon.core.main.TestCaseExecutor.processExecutionPhase(TestCaseExecutor.java:418)
	at com.kms.katalon.core.main.TestCaseExecutor.accessMainPhase(TestCaseExecutor.java:410)
	at com.kms.katalon.core.main.TestCaseExecutor.execute(TestCaseExecutor.java:285)
	at com.kms.katalon.core.common.CommonExecutor.accessTestCaseMainPhase(CommonExecutor.java:65)
	at com.kms.katalon.core.main.TestSuiteExecutor.accessTestSuiteMainPhase(TestSuiteExecutor.java:148)
	at com.kms.katalon.core.main.TestSuiteExecutor.execute(TestSuiteExecutor.java:106)
	at com.kms.katalon.core.main.TestCaseMain.startTestSuite(TestCaseMain.java:180)
	at TempTestSuite1704123577203.run(TempTestSuite1704123577203.groovy:36)
	at java.base/jdk.internal.reflect.NativeMethodAccessorImpl.invoke0(Native Method)
	at java.base/jdk.internal.reflect.NativeMethodAccessorImpl.invoke(NativeMethodAccessorImpl.java:77)
	at java.base/jdk.internal.reflect.DelegatingMethodAccessorImpl.invoke(DelegatingMethodAccessorImpl.java:43)
Caused by: com.kms.katalon.core.exception.StepFailedException: Web element with id: 'Object Repository/Shared_alert/success_alert' located by 'By.cssSelector: #app > div.content-wrapper > section.content > div' is present after '1' second(s)
	at com.kms.katalon.core.webui.keyword.internal.WebUIKeywordMain.stepFailed(WebUIKeywordMain.groovy:64)
	at com.kms.katalon.core.webui.keyword.internal.WebUIKeywordMain$stepFailed$0.call(Unknown Source)
	at com.kms.katalon.core.webui.keyword.builtin.VerifyElementNotPresentKeyword$_verifyElementNotPresent_closure1.doCall(VerifyElementNotPresentKeyword.groovy:113)
	at com.kms.katalon.core.webui.keyword.builtin.VerifyElementNotPresentKeyword$_verifyElementNotPresent_closure1.doCall(VerifyElementNotPresentKeyword.groovy)
	at java.base/jdk.internal.reflect.NativeMethodAccessorImpl.invoke0(Native Method)
	at java.base/jdk.internal.reflect.NativeMethodAccessorImpl.invoke(NativeMethodAccessorImpl.java:77)
	at java.base/jdk.internal.reflect.DelegatingMethodAccessorImpl.invoke(DelegatingMethodAccessorImpl.java:43)
	at com.kms.katalon.core.webui.keyword.internal.WebUIKeywordMain.runKeyword(WebUIKeywordMain.groovy:20)
	... 21 more
)
[[ATTACHMENT|C:\\Users\\MODERN 15\\git\\G1_Firefly_testing\\Reports\\20240101_223937\\Piggy Bank\\20240101_223937\\1704123794334.png]]

01-01-2024T22:43:14 - [TEST_STEP][PASSED] - catch (Exception err): null

01-01-2024T22:43:14 - [TEST_STEP][PASSED] - verifyElementPresent(findTestObject("Shared_alert/success_alert"), 1): Object 'Object Repository/Shared_alert/success_alert' is present

01-01-2024T22:43:14 - [MESSAGE][PASSED] - Object 'Object Repository/Shared_alert/success_alert' is present

01-01-2024T22:43:14 - [TEST_STEP][PASSED] - out.println("success"): null

01-01-2024T22:43:14 - [TEST_STEP][PASSED] - closeBrowser(): Browser is closed

01-01-2024T22:43:15 - [MESSAGE][PASSED] - Browser is closed]]></system-out>
         <system-err><![CDATA[]]></system-err>
      </testcase>
      <testcase name="Test Cases/Piggy Bank" time="19.75" classname="Test Cases/Piggy Bank" status="PASSED">
         <system-out><![CDATA[01-01-2024T22:43:15 - [TEST_CASE][PASSED] - Test Cases/Piggy Bank: Test Cases/Piggy Bank

01-01-2024T22:43:15 - [TEST_STEP][PASSED] - openBrowser(""): Browser is opened with url: ''

01-01-2024T22:43:15 - [MESSAGE][INFO] - Starting 'Chrome' driver

01-01-2024T22:43:15 - [MESSAGE][INFO] - Action delay is set to 0 milliseconds

01-01-2024T22:43:16 - [MESSAGE][PASSED] - Browser is opened with url: ''

01-01-2024T22:43:16 - [TEST_STEP][PASSED] - navigateToUrl("https://firefly.buudadawg.online/login"): Navigate to 'https://firefly.buudadawg.online/login' successfully

01-01-2024T22:43:19 - [MESSAGE][PASSED] - Navigate to 'https://firefly.buudadawg.online/login' successfully

01-01-2024T22:43:19 - [TEST_STEP][PASSED] - setText(findTestObject("Object Repository/Piggy Bank/Page_Login to Firefly III/input_email"), username): Text 'killermh1352@gmail.com' is set on object 'Object Repository/Piggy Bank/Page_Login to Firefly III/input_email'

01-01-2024T22:43:19 - [MESSAGE][PASSED] - Text 'killermh1352@gmail.com' is set on object 'Object Repository/Piggy Bank/Page_Login to Firefly III/input_email'

01-01-2024T22:43:19 - [TEST_STEP][PASSED] - setText(findTestObject("Object Repository/Piggy Bank/Page_Login to Firefly III/input_password"), password): Text 'tranvinhphuc2002' is set on object 'Object Repository/Piggy Bank/Page_Login to Firefly III/input_password'

01-01-2024T22:43:20 - [MESSAGE][PASSED] - Text 'tranvinhphuc2002' is set on object 'Object Repository/Piggy Bank/Page_Login to Firefly III/input_password'

01-01-2024T22:43:20 - [TEST_STEP][PASSED] - sendKeys(findTestObject("Object Repository/Piggy Bank/Page_Login to Firefly III/input_password"), Keys.chord(ENTER)): Keys 'ENTER + ' sent to object: 'Object Repository/Piggy Bank/Page_Login to Firefly III/input_password'

01-01-2024T22:43:21 - [MESSAGE][PASSED] - Keys 'ENTER + ' sent to object: 'Object Repository/Piggy Bank/Page_Login to Firefly III/input_password'

01-01-2024T22:43:21 - [TEST_STEP][PASSED] - click(findTestObject("Object Repository/Piggy Bank/Page_Whats playing  Firefly III/a_Piggy banks")): Object: 'Object Repository/Piggy Bank/Page_Whats playing  Firefly III/a_Piggy banks' is clicked on

01-01-2024T22:43:23 - [MESSAGE][PASSED] - Object: 'Object Repository/Piggy Bank/Page_Whats playing  Firefly III/a_Piggy banks' is clicked on

01-01-2024T22:43:23 - [TEST_STEP][PASSED] - click(findTestObject("Piggy Bank/Page_Piggy banks  Firefly III/a_Create new piggy bank")): Object: 'Object Repository/Piggy Bank/Page_Piggy banks  Firefly III/a_Create new piggy bank' is clicked on

01-01-2024T22:43:24 - [MESSAGE][PASSED] - Object: 'Object Repository/Piggy Bank/Page_Piggy banks  Firefly III/a_Create new piggy bank' is clicked on

01-01-2024T22:43:24 - [TEST_STEP][PASSED] - setText(findTestObject("Object Repository/Piggy Bank/Page_New piggy bank  Piggy banks  Firefly III/input_name"), name): Text 'CoBiz Financial Inc.' is set on object 'Object Repository/Piggy Bank/Page_New piggy bank  Piggy banks  Firefly III/input_name'

01-01-2024T22:43:25 - [MESSAGE][PASSED] - Text 'CoBiz Financial Inc.' is set on object 'Object Repository/Piggy Bank/Page_New piggy bank  Piggy banks  Firefly III/input_name'

01-01-2024T22:43:25 - [TEST_STEP][PASSED] - selectOptionByLabel(findTestObject("Object Repository/Piggy Bank/Page_New piggy bank  Piggy banks  Firefly III/select_My Savings AccountMy Asset Account"), save_on_account, true): All options with label 'My Savings Account' are selected in object 'Object Repository/Piggy Bank/Page_New piggy bank  Piggy banks  Firefly III/select_My Savings AccountMy Asset Account'  using regular expression

01-01-2024T22:43:25 - [MESSAGE][PASSED] - All options with label 'My Savings Account' are selected in object 'Object Repository/Piggy Bank/Page_New piggy bank  Piggy banks  Firefly III/select_My Savings AccountMy Asset Account'  using regular expression

01-01-2024T22:43:25 - [TEST_STEP][PASSED] - setText(findTestObject("Object Repository/Piggy Bank/Page_New piggy bank  Piggy banks  Firefly III/input_targetamount"), target_amount): Text '27759' is set on object 'Object Repository/Piggy Bank/Page_New piggy bank  Piggy banks  Firefly III/input_targetamount'

01-01-2024T22:43:26 - [MESSAGE][PASSED] - Text '27759' is set on object 'Object Repository/Piggy Bank/Page_New piggy bank  Piggy banks  Firefly III/input_targetamount'

01-01-2024T22:43:26 - [TEST_STEP][PASSED] - setText(findTestObject("Object Repository/Piggy Bank/Page_New piggy bank  Piggy banks  Firefly III/textarea_notes"), notes): Text 'nulla nisl nunc nisl duis bibendum felis sed interdum venenatis turpis enim blandit mi in porttitor pede justo eu massa donec dapibus duis at velit eu est congue elementum in hac habitasse platea dictumst morbi vestibulum velit id pretium iaculis diam erat fermentum justo nec condimentum neque sapien placerat ante nulla justo aliquam quis turpis eget elit sodales scelerisque mauris sit amet eros suspendisse accumsan tortor quis turpis sed ante vivamus tortor duis mattis egestas metus aenean fermentum donec ut mauris eget massa tempor convallis nulla neque libero convallis eget eleifend luctus ultricies eu nibh quisque id justo sit amet sapien dignissim vestibulum vestibulum ante ipsum primis in' is set on object 'Object Repository/Piggy Bank/Page_New piggy bank  Piggy banks  Firefly III/textarea_notes'

01-01-2024T22:43:29 - [MESSAGE][PASSED] - Text 'nulla nisl nunc nisl duis bibendum felis sed interdum venenatis turpis enim blandit mi in porttitor pede justo eu massa donec dapibus duis at velit eu est congue elementum in hac habitasse platea dictumst morbi vestibulum velit id pretium iaculis diam erat fermentum justo nec condimentum neque sapien placerat ante nulla justo aliquam quis turpis eget elit sodales scelerisque mauris sit amet eros suspendisse accumsan tortor quis turpis sed ante vivamus tortor duis mattis egestas metus aenean fermentum donec ut mauris eget massa tempor convallis nulla neque libero convallis eget eleifend luctus ultricies eu nibh quisque id justo sit amet sapien dignissim vestibulum vestibulum ante ipsum primis in' is set on object 'Object Repository/Piggy Bank/Page_New piggy bank  Piggy banks  Firefly III/textarea_notes'

01-01-2024T22:43:29 - [TEST_STEP][PASSED] - setText(findTestObject("Object Repository/Piggy Bank/Page_New piggy bank  Piggy banks  Firefly III/input_object_group"), group): Text '' is set on object 'Object Repository/Piggy Bank/Page_New piggy bank  Piggy banks  Firefly III/input_object_group'

01-01-2024T22:43:29 - [MESSAGE][PASSED] - Text '' is set on object 'Object Repository/Piggy Bank/Page_New piggy bank  Piggy banks  Firefly III/input_object_group'

01-01-2024T22:43:29 - [TEST_STEP][PASSED] - setText(findTestObject("Piggy Bank/Page_New piggy bank  Piggy banks  Firefly III/input_date"), target_date): Text '09/22/2023' is set on object 'Object Repository/Piggy Bank/Page_New piggy bank  Piggy banks  Firefly III/input_date'

01-01-2024T22:43:30 - [MESSAGE][PASSED] - Text '09/22/2023' is set on object 'Object Repository/Piggy Bank/Page_New piggy bank  Piggy banks  Firefly III/input_date'

01-01-2024T22:43:30 - [TEST_STEP][PASSED] - if (attachment): null

01-01-2024T22:43:30 - [TEST_STEP][PASSED] - click(findTestObject("Object Repository/Piggy Bank/Page_New piggy bank  Piggy banks  Firefly III/div_Mandatory fields                       _ed7e9e")): Object: 'Object Repository/Piggy Bank/Page_New piggy bank  Piggy banks  Firefly III/div_Mandatory fields                       _ed7e9e' is clicked on

01-01-2024T22:43:30 - [MESSAGE][PASSED] - Object: 'Object Repository/Piggy Bank/Page_New piggy bank  Piggy banks  Firefly III/div_Mandatory fields                       _ed7e9e' is clicked on

01-01-2024T22:43:30 - [TEST_STEP][PASSED] - click(findTestObject("Object Repository/Piggy Bank/Page_New piggy bank  Piggy banks  Firefly III/button_Store new piggy bank")): Object: 'Object Repository/Piggy Bank/Page_New piggy bank  Piggy banks  Firefly III/button_Store new piggy bank' is clicked on

01-01-2024T22:43:32 - [MESSAGE][PASSED] - Object: 'Object Repository/Piggy Bank/Page_New piggy bank  Piggy banks  Firefly III/button_Store new piggy bank' is clicked on

01-01-2024T22:43:32 - [TEST_STEP][FAILED] - try: Unable to verify object 'Object Repository/Shared_alert/success_alert' is not present (Root cause: com.kms.katalon.core.exception.StepFailedException: Unable to verify object 'Object Repository/Shared_alert/success_alert' is not present
	at com.kms.katalon.core.webui.keyword.internal.WebUIKeywordMain.stepFailed(WebUIKeywordMain.groovy:64)
	at com.kms.katalon.core.webui.keyword.internal.WebUIKeywordMain.runKeyword(WebUIKeywordMain.groovy:26)
	at com.kms.katalon.core.webui.keyword.internal.WebUIKeywordMain$runKeyword.call(Unknown Source)
	at com.kms.katalon.core.webui.keyword.builtin.VerifyElementNotPresentKeyword.verifyElementNotPresent(VerifyElementNotPresentKeyword.groovy:122)
	at com.kms.katalon.core.webui.keyword.builtin.VerifyElementNotPresentKeyword.execute(VerifyElementNotPresentKeyword.groovy:68)
	at com.kms.katalon.core.keyword.internal.KeywordExecutor.executeKeywordForPlatform(KeywordExecutor.groovy:74)
	at com.kms.katalon.core.webui.keyword.WebUiBuiltInKeywords.verifyElementNotPresent(WebUiBuiltInKeywords.groovy:1536)
	at Piggy Bank.run(Piggy Bank:64)
	at com.kms.katalon.core.main.ScriptEngine.run(ScriptEngine.java:194)
	at com.kms.katalon.core.main.ScriptEngine.runScriptAsRawText(ScriptEngine.java:119)
	at com.kms.katalon.core.main.TestCaseExecutor.runScript(TestCaseExecutor.java:448)
	at com.kms.katalon.core.main.TestCaseExecutor.doExecute(TestCaseExecutor.java:439)
	at com.kms.katalon.core.main.TestCaseExecutor.processExecutionPhase(TestCaseExecutor.java:418)
	at com.kms.katalon.core.main.TestCaseExecutor.accessMainPhase(TestCaseExecutor.java:410)
	at com.kms.katalon.core.main.TestCaseExecutor.execute(TestCaseExecutor.java:285)
	at com.kms.katalon.core.common.CommonExecutor.accessTestCaseMainPhase(CommonExecutor.java:65)
	at com.kms.katalon.core.main.TestSuiteExecutor.accessTestSuiteMainPhase(TestSuiteExecutor.java:148)
	at com.kms.katalon.core.main.TestSuiteExecutor.execute(TestSuiteExecutor.java:106)
	at com.kms.katalon.core.main.TestCaseMain.startTestSuite(TestCaseMain.java:180)
	at TempTestSuite1704123577203.run(TempTestSuite1704123577203.groovy:36)
	at java.base/jdk.internal.reflect.NativeMethodAccessorImpl.invoke0(Native Method)
	at java.base/jdk.internal.reflect.NativeMethodAccessorImpl.invoke(NativeMethodAccessorImpl.java:77)
	at java.base/jdk.internal.reflect.DelegatingMethodAccessorImpl.invoke(DelegatingMethodAccessorImpl.java:43)
Caused by: com.kms.katalon.core.exception.StepFailedException: Web element with id: 'Object Repository/Shared_alert/success_alert' located by 'By.cssSelector: #app > div.content-wrapper > section.content > div' is present after '1' second(s)
	at com.kms.katalon.core.webui.keyword.internal.WebUIKeywordMain.stepFailed(WebUIKeywordMain.groovy:64)
	at com.kms.katalon.core.webui.keyword.internal.WebUIKeywordMain$stepFailed$0.call(Unknown Source)
	at com.kms.katalon.core.webui.keyword.builtin.VerifyElementNotPresentKeyword$_verifyElementNotPresent_closure1.doCall(VerifyElementNotPresentKeyword.groovy:113)
	at com.kms.katalon.core.webui.keyword.builtin.VerifyElementNotPresentKeyword$_verifyElementNotPresent_closure1.doCall(VerifyElementNotPresentKeyword.groovy)
	at java.base/jdk.internal.reflect.NativeMethodAccessorImpl.invoke0(Native Method)
	at java.base/jdk.internal.reflect.NativeMethodAccessorImpl.invoke(NativeMethodAccessorImpl.java:77)
	at java.base/jdk.internal.reflect.DelegatingMethodAccessorImpl.invoke(DelegatingMethodAccessorImpl.java:43)
	at com.kms.katalon.core.webui.keyword.internal.WebUIKeywordMain.runKeyword(WebUIKeywordMain.groovy:20)
	... 21 more
)

01-01-2024T22:43:32 - [TEST_STEP][PASSED] - verifyElementPresent(findTestObject("Shared_alert/text_dangers"), 1): Object 'Object Repository/Shared_alert/text_dangers' is present

01-01-2024T22:43:33 - [MESSAGE][PASSED] - Object 'Object Repository/Shared_alert/text_dangers' is present

01-01-2024T22:43:33 - [TEST_STEP][FAILED] - verifyElementNotPresent(findTestObject("Shared_alert/success_alert"), 1): Unable to verify object 'Object Repository/Shared_alert/success_alert' is not present (Root cause: com.kms.katalon.core.exception.StepFailedException: Unable to verify object 'Object Repository/Shared_alert/success_alert' is not present
	at com.kms.katalon.core.webui.keyword.internal.WebUIKeywordMain.stepFailed(WebUIKeywordMain.groovy:64)
	at com.kms.katalon.core.webui.keyword.internal.WebUIKeywordMain.runKeyword(WebUIKeywordMain.groovy:26)
	at com.kms.katalon.core.webui.keyword.internal.WebUIKeywordMain$runKeyword.call(Unknown Source)
	at com.kms.katalon.core.webui.keyword.builtin.VerifyElementNotPresentKeyword.verifyElementNotPresent(VerifyElementNotPresentKeyword.groovy:122)
	at com.kms.katalon.core.webui.keyword.builtin.VerifyElementNotPresentKeyword.execute(VerifyElementNotPresentKeyword.groovy:68)
	at com.kms.katalon.core.keyword.internal.KeywordExecutor.executeKeywordForPlatform(KeywordExecutor.groovy:74)
	at com.kms.katalon.core.webui.keyword.WebUiBuiltInKeywords.verifyElementNotPresent(WebUiBuiltInKeywords.groovy:1536)
	at Piggy Bank.run(Piggy Bank:64)
	at com.kms.katalon.core.main.ScriptEngine.run(ScriptEngine.java:194)
	at com.kms.katalon.core.main.ScriptEngine.runScriptAsRawText(ScriptEngine.java:119)
	at com.kms.katalon.core.main.TestCaseExecutor.runScript(TestCaseExecutor.java:448)
	at com.kms.katalon.core.main.TestCaseExecutor.doExecute(TestCaseExecutor.java:439)
	at com.kms.katalon.core.main.TestCaseExecutor.processExecutionPhase(TestCaseExecutor.java:418)
	at com.kms.katalon.core.main.TestCaseExecutor.accessMainPhase(TestCaseExecutor.java:410)
	at com.kms.katalon.core.main.TestCaseExecutor.execute(TestCaseExecutor.java:285)
	at com.kms.katalon.core.common.CommonExecutor.accessTestCaseMainPhase(CommonExecutor.java:65)
	at com.kms.katalon.core.main.TestSuiteExecutor.accessTestSuiteMainPhase(TestSuiteExecutor.java:148)
	at com.kms.katalon.core.main.TestSuiteExecutor.execute(TestSuiteExecutor.java:106)
	at com.kms.katalon.core.main.TestCaseMain.startTestSuite(TestCaseMain.java:180)
	at TempTestSuite1704123577203.run(TempTestSuite1704123577203.groovy:36)
	at java.base/jdk.internal.reflect.NativeMethodAccessorImpl.invoke0(Native Method)
	at java.base/jdk.internal.reflect.NativeMethodAccessorImpl.invoke(NativeMethodAccessorImpl.java:77)
	at java.base/jdk.internal.reflect.DelegatingMethodAccessorImpl.invoke(DelegatingMethodAccessorImpl.java:43)
Caused by: com.kms.katalon.core.exception.StepFailedException: Web element with id: 'Object Repository/Shared_alert/success_alert' located by 'By.cssSelector: #app > div.content-wrapper > section.content > div' is present after '1' second(s)
	at com.kms.katalon.core.webui.keyword.internal.WebUIKeywordMain.stepFailed(WebUIKeywordMain.groovy:64)
	at com.kms.katalon.core.webui.keyword.internal.WebUIKeywordMain$stepFailed$0.call(Unknown Source)
	at com.kms.katalon.core.webui.keyword.builtin.VerifyElementNotPresentKeyword$_verifyElementNotPresent_closure1.doCall(VerifyElementNotPresentKeyword.groovy:113)
	at com.kms.katalon.core.webui.keyword.builtin.VerifyElementNotPresentKeyword$_verifyElementNotPresent_closure1.doCall(VerifyElementNotPresentKeyword.groovy)
	at java.base/jdk.internal.reflect.NativeMethodAccessorImpl.invoke0(Native Method)
	at java.base/jdk.internal.reflect.NativeMethodAccessorImpl.invoke(NativeMethodAccessorImpl.java:77)
	at java.base/jdk.internal.reflect.DelegatingMethodAccessorImpl.invoke(DelegatingMethodAccessorImpl.java:43)
	at com.kms.katalon.core.webui.keyword.internal.WebUIKeywordMain.runKeyword(WebUIKeywordMain.groovy:20)
	... 21 more
)

01-01-2024T22:43:34 - [MESSAGE][FAILED] - Web element with id: 'Object Repository/Shared_alert/success_alert' located by 'By.cssSelector: #app > div.content-wrapper > section.content > div' is present after '1' second(s) (Root cause: com.kms.katalon.core.exception.StepFailedException: Web element with id: 'Object Repository/Shared_alert/success_alert' located by 'By.cssSelector: #app > div.content-wrapper > section.content > div' is present after '1' second(s)
	at com.kms.katalon.core.webui.keyword.internal.WebUIKeywordMain.stepFailed(WebUIKeywordMain.groovy:64)
	at com.kms.katalon.core.webui.keyword.internal.WebUIKeywordMain$stepFailed$0.call(Unknown Source)
	at com.kms.katalon.core.webui.keyword.builtin.VerifyElementNotPresentKeyword$_verifyElementNotPresent_closure1.doCall(VerifyElementNotPresentKeyword.groovy:113)
	at com.kms.katalon.core.webui.keyword.builtin.VerifyElementNotPresentKeyword$_verifyElementNotPresent_closure1.doCall(VerifyElementNotPresentKeyword.groovy)
	at java.base/jdk.internal.reflect.NativeMethodAccessorImpl.invoke0(Native Method)
	at java.base/jdk.internal.reflect.NativeMethodAccessorImpl.invoke(NativeMethodAccessorImpl.java:77)
	at java.base/jdk.internal.reflect.DelegatingMethodAccessorImpl.invoke(DelegatingMethodAccessorImpl.java:43)
	at com.kms.katalon.core.webui.keyword.internal.WebUIKeywordMain.runKeyword(WebUIKeywordMain.groovy:20)
	at com.kms.katalon.core.webui.keyword.internal.WebUIKeywordMain$runKeyword.call(Unknown Source)
	at com.kms.katalon.core.webui.keyword.builtin.VerifyElementNotPresentKeyword.verifyElementNotPresent(VerifyElementNotPresentKeyword.groovy:122)
	at com.kms.katalon.core.webui.keyword.builtin.VerifyElementNotPresentKeyword.execute(VerifyElementNotPresentKeyword.groovy:68)
	at com.kms.katalon.core.keyword.internal.KeywordExecutor.executeKeywordForPlatform(KeywordExecutor.groovy:74)
	at com.kms.katalon.core.webui.keyword.WebUiBuiltInKeywords.verifyElementNotPresent(WebUiBuiltInKeywords.groovy:1536)
	at Piggy Bank.run(Piggy Bank:64)
	at com.kms.katalon.core.main.ScriptEngine.run(ScriptEngine.java:194)
	at com.kms.katalon.core.main.ScriptEngine.runScriptAsRawText(ScriptEngine.java:119)
	at com.kms.katalon.core.main.TestCaseExecutor.runScript(TestCaseExecutor.java:448)
	at com.kms.katalon.core.main.TestCaseExecutor.doExecute(TestCaseExecutor.java:439)
	at com.kms.katalon.core.main.TestCaseExecutor.processExecutionPhase(TestCaseExecutor.java:418)
	at com.kms.katalon.core.main.TestCaseExecutor.accessMainPhase(TestCaseExecutor.java:410)
	at com.kms.katalon.core.main.TestCaseExecutor.execute(TestCaseExecutor.java:285)
	at com.kms.katalon.core.common.CommonExecutor.accessTestCaseMainPhase(CommonExecutor.java:65)
	at com.kms.katalon.core.main.TestSuiteExecutor.accessTestSuiteMainPhase(TestSuiteExecutor.java:148)
	at com.kms.katalon.core.main.TestSuiteExecutor.execute(TestSuiteExecutor.java:106)
	at com.kms.katalon.core.main.TestCaseMain.startTestSuite(TestCaseMain.java:180)
	at TempTestSuite1704123577203.run(TempTestSuite1704123577203.groovy:36)
	at java.base/jdk.internal.reflect.NativeMethodAccessorImpl.invoke0(Native Method)
	at java.base/jdk.internal.reflect.NativeMethodAccessorImpl.invoke(NativeMethodAccessorImpl.java:77)
	at java.base/jdk.internal.reflect.DelegatingMethodAccessorImpl.invoke(DelegatingMethodAccessorImpl.java:43)
)
[[ATTACHMENT|C:\\Users\\MODERN 15\\git\\G1_Firefly_testing\\Reports\\20240101_223937\\Piggy Bank\\20240101_223937\\1704123814094.png]]

01-01-2024T22:43:34 - [MESSAGE][FAILED] - Unable to verify object 'Object Repository/Shared_alert/success_alert' is not present (Root cause: com.kms.katalon.core.exception.StepFailedException: Unable to verify object 'Object Repository/Shared_alert/success_alert' is not present
	at com.kms.katalon.core.webui.keyword.internal.WebUIKeywordMain.stepFailed(WebUIKeywordMain.groovy:64)
	at com.kms.katalon.core.webui.keyword.internal.WebUIKeywordMain.runKeyword(WebUIKeywordMain.groovy:26)
	at com.kms.katalon.core.webui.keyword.internal.WebUIKeywordMain$runKeyword.call(Unknown Source)
	at com.kms.katalon.core.webui.keyword.builtin.VerifyElementNotPresentKeyword.verifyElementNotPresent(VerifyElementNotPresentKeyword.groovy:122)
	at com.kms.katalon.core.webui.keyword.builtin.VerifyElementNotPresentKeyword.execute(VerifyElementNotPresentKeyword.groovy:68)
	at com.kms.katalon.core.keyword.internal.KeywordExecutor.executeKeywordForPlatform(KeywordExecutor.groovy:74)
	at com.kms.katalon.core.webui.keyword.WebUiBuiltInKeywords.verifyElementNotPresent(WebUiBuiltInKeywords.groovy:1536)
	at Piggy Bank.run(Piggy Bank:64)
	at com.kms.katalon.core.main.ScriptEngine.run(ScriptEngine.java:194)
	at com.kms.katalon.core.main.ScriptEngine.runScriptAsRawText(ScriptEngine.java:119)
	at com.kms.katalon.core.main.TestCaseExecutor.runScript(TestCaseExecutor.java:448)
	at com.kms.katalon.core.main.TestCaseExecutor.doExecute(TestCaseExecutor.java:439)
	at com.kms.katalon.core.main.TestCaseExecutor.processExecutionPhase(TestCaseExecutor.java:418)
	at com.kms.katalon.core.main.TestCaseExecutor.accessMainPhase(TestCaseExecutor.java:410)
	at com.kms.katalon.core.main.TestCaseExecutor.execute(TestCaseExecutor.java:285)
	at com.kms.katalon.core.common.CommonExecutor.accessTestCaseMainPhase(CommonExecutor.java:65)
	at com.kms.katalon.core.main.TestSuiteExecutor.accessTestSuiteMainPhase(TestSuiteExecutor.java:148)
	at com.kms.katalon.core.main.TestSuiteExecutor.execute(TestSuiteExecutor.java:106)
	at com.kms.katalon.core.main.TestCaseMain.startTestSuite(TestCaseMain.java:180)
	at TempTestSuite1704123577203.run(TempTestSuite1704123577203.groovy:36)
	at java.base/jdk.internal.reflect.NativeMethodAccessorImpl.invoke0(Native Method)
	at java.base/jdk.internal.reflect.NativeMethodAccessorImpl.invoke(NativeMethodAccessorImpl.java:77)
	at java.base/jdk.internal.reflect.DelegatingMethodAccessorImpl.invoke(DelegatingMethodAccessorImpl.java:43)
Caused by: com.kms.katalon.core.exception.StepFailedException: Web element with id: 'Object Repository/Shared_alert/success_alert' located by 'By.cssSelector: #app > div.content-wrapper > section.content > div' is present after '1' second(s)
	at com.kms.katalon.core.webui.keyword.internal.WebUIKeywordMain.stepFailed(WebUIKeywordMain.groovy:64)
	at com.kms.katalon.core.webui.keyword.internal.WebUIKeywordMain$stepFailed$0.call(Unknown Source)
	at com.kms.katalon.core.webui.keyword.builtin.VerifyElementNotPresentKeyword$_verifyElementNotPresent_closure1.doCall(VerifyElementNotPresentKeyword.groovy:113)
	at com.kms.katalon.core.webui.keyword.builtin.VerifyElementNotPresentKeyword$_verifyElementNotPresent_closure1.doCall(VerifyElementNotPresentKeyword.groovy)
	at java.base/jdk.internal.reflect.NativeMethodAccessorImpl.invoke0(Native Method)
	at java.base/jdk.internal.reflect.NativeMethodAccessorImpl.invoke(NativeMethodAccessorImpl.java:77)
	at java.base/jdk.internal.reflect.DelegatingMethodAccessorImpl.invoke(DelegatingMethodAccessorImpl.java:43)
	at com.kms.katalon.core.webui.keyword.internal.WebUIKeywordMain.runKeyword(WebUIKeywordMain.groovy:20)
	... 21 more
)
[[ATTACHMENT|C:\\Users\\MODERN 15\\git\\G1_Firefly_testing\\Reports\\20240101_223937\\Piggy Bank\\20240101_223937\\1704123814230.png]]

01-01-2024T22:43:34 - [TEST_STEP][PASSED] - catch (Exception err): null

01-01-2024T22:43:34 - [TEST_STEP][PASSED] - verifyElementPresent(findTestObject("Shared_alert/success_alert"), 1): Object 'Object Repository/Shared_alert/success_alert' is present

01-01-2024T22:43:34 - [MESSAGE][PASSED] - Object 'Object Repository/Shared_alert/success_alert' is present

01-01-2024T22:43:34 - [TEST_STEP][PASSED] - out.println("success"): null

01-01-2024T22:43:34 - [TEST_STEP][PASSED] - closeBrowser(): Browser is closed

01-01-2024T22:43:34 - [MESSAGE][PASSED] - Browser is closed]]></system-out>
         <system-err><![CDATA[]]></system-err>
      </testcase>
      <system-out><![CDATA[01-01-2024T22:39:41 - [TEST_SUITE][PASSED] - Piggy Bank: Test Cases/Piggy Bank]]></system-out>
      <system-err><![CDATA[]]></system-err>
   </testsuite>
</testsuites>
