<?xml version="1.0" encoding="UTF-8"?>
<testsuites name="Report" time="251.611" tests="10" failures="0" errors="0">
   <testsuite name="Report" tests="10" failures="0" errors="0" time="251.611" skipped="0" timestamp="02-01-2024T21:09:40" hostname="ACER - KHANH" id="Test Suites/Report">
      <properties>
         <property name="deviceName" value=""/>
         <property name="devicePlatform" value=""/>
         <property name="logFolder" value="C:\\Users\\ACER\\git\\G1_Firefly_testing\\Reports\\20240102_210934\\Report\\20240102_210934"/>
         <property name="logFiles" value="C:\\Users\\ACER\\git\\G1_Firefly_testing\\Reports\\20240102_210934\\Report\\20240102_210934\\execution0.log"/>
         <property name="attachments" value="C:\\Users\\ACER\\git\\G1_Firefly_testing\\Reports\\20240102_210934\\Report\\20240102_210934\\1704204605164.png, C:\\Users\\ACER\\git\\G1_Firefly_testing\\Reports\\20240102_210934\\Report\\20240102_210934\\1704204605330.png, C:\\Users\\ACER\\git\\G1_Firefly_testing\\Reports\\20240102_210934\\Report\\20240102_210934\\1704204631003.png, C:\\Users\\ACER\\git\\G1_Firefly_testing\\Reports\\20240102_210934\\Report\\20240102_210934\\1704204631168.png, C:\\Users\\ACER\\git\\G1_Firefly_testing\\Reports\\20240102_210934\\Report\\20240102_210934\\1704204657300.png, C:\\Users\\ACER\\git\\G1_Firefly_testing\\Reports\\20240102_210934\\Report\\20240102_210934\\1704204657451.png, C:\\Users\\ACER\\git\\G1_Firefly_testing\\Reports\\20240102_210934\\Report\\20240102_210934\\1704204683924.png, C:\\Users\\ACER\\git\\G1_Firefly_testing\\Reports\\20240102_210934\\Report\\20240102_210934\\1704204684061.png, C:\\Users\\ACER\\git\\G1_Firefly_testing\\Reports\\20240102_210934\\Report\\20240102_210934\\1704204706193.png, C:\\Users\\ACER\\git\\G1_Firefly_testing\\Reports\\20240102_210934\\Report\\20240102_210934\\1704204706379.png, C:\\Users\\ACER\\git\\G1_Firefly_testing\\Reports\\20240102_210934\\Report\\20240102_210934\\1704204732181.png, C:\\Users\\ACER\\git\\G1_Firefly_testing\\Reports\\20240102_210934\\Report\\20240102_210934\\1704204732330.png, C:\\Users\\ACER\\git\\G1_Firefly_testing\\Reports\\20240102_210934\\Report\\20240102_210934\\1704204756477.png, C:\\Users\\ACER\\git\\G1_Firefly_testing\\Reports\\20240102_210934\\Report\\20240102_210934\\1704204756731.png, C:\\Users\\ACER\\git\\G1_Firefly_testing\\Reports\\20240102_210934\\Report\\20240102_210934\\1704204781892.png, C:\\Users\\ACER\\git\\G1_Firefly_testing\\Reports\\20240102_210934\\Report\\20240102_210934\\1704204782051.png, C:\\Users\\ACER\\git\\G1_Firefly_testing\\Reports\\20240102_210934\\Report\\20240102_210934\\1704204804628.png, C:\\Users\\ACER\\git\\G1_Firefly_testing\\Reports\\20240102_210934\\Report\\20240102_210934\\1704204804888.png, C:\\Users\\ACER\\git\\G1_Firefly_testing\\Reports\\20240102_210934\\Report\\20240102_210934\\1704204830893.png, C:\\Users\\ACER\\git\\G1_Firefly_testing\\Reports\\20240102_210934\\Report\\20240102_210934\\1704204831146.png"/>
         <property name="hostName" value="ACER - KHANH"/>
         <property name="os" value="Windows 10 64bit"/>
         <property name="katalonVersion" value="9.1.0.212"/>
         <property name="browser" value="Chrome 120.0.0.0"/>
         <property name="hostAddress" value="192.168.1.6"/>
         <property name="sessionId" value="e2392e862fef4a558465b9c0a14754bb"/>
         <property name="seleniumVersion" value="3.141.59"/>
         <property name="proxyInformation" value="ProxyInformation { proxyOption=NO_PROXY, proxyServerType=HTTP, username=, password=********, proxyServerAddress=, proxyServerPort=0, executionList=&quot;&quot;, isApplyToDesiredCapabilities=true }"/>
         <property name="platform" value="Windows 10"/>
      </properties>
      <testcase name="Test Cases/Report" time="25.399" classname="Test Cases/Report" status="PASSED">
         <system-out><![CDATA[02-01-2024T21:09:40 - [TEST_CASE][PASSED] - Test Cases/Report: Test Cases/Report

02-01-2024T21:09:41 - [TEST_STEP][PASSED] - openBrowser(""): Browser is opened with url: ''

02-01-2024T21:09:42 - [MESSAGE][INFO] - Starting 'Chrome' driver

02-01-2024T21:09:42 - [MESSAGE][INFO] - Action delay is set to 0 milliseconds

02-01-2024T21:09:43 - [MESSAGE][PASSED] - Browser is opened with url: ''

02-01-2024T21:09:43 - [TEST_STEP][PASSED] - navigateToUrl("https://firefly.buudadawg.online/login"): Navigate to 'https://firefly.buudadawg.online/login' successfully

02-01-2024T21:09:47 - [MESSAGE][PASSED] - Navigate to 'https://firefly.buudadawg.online/login' successfully

02-01-2024T21:09:47 - [TEST_STEP][PASSED] - click(findTestObject("Object Repository/Report/Page_Login to Firefly III/p_Sign in to start your session")): Object: 'Object Repository/Report/Page_Login to Firefly III/p_Sign in to start your session' is clicked on

02-01-2024T21:09:47 - [MESSAGE][PASSED] - Object: 'Object Repository/Report/Page_Login to Firefly III/p_Sign in to start your session' is clicked on

02-01-2024T21:09:47 - [TEST_STEP][PASSED] - setText(findTestObject("Object Repository/Report/Page_Login to Firefly III/input_email"), "klot12022002@gmail.com"): Text 'klot12022002@gmail.com' is set on object 'Object Repository/Report/Page_Login to Firefly III/input_email'

02-01-2024T21:09:49 - [MESSAGE][PASSED] - Text 'klot12022002@gmail.com' is set on object 'Object Repository/Report/Page_Login to Firefly III/input_email'

02-01-2024T21:09:49 - [TEST_STEP][PASSED] - setEncryptedText(findTestObject("Object Repository/Report/Page_Login to Firefly III/input_password"), "A0OWLKT5igxVrUm1hOyDrVf3RsK4FPOM"): Text ****** has been set on object 'Object Repository/Report/Page_Login to Firefly III/input_password'

02-01-2024T21:09:49 - [MESSAGE][PASSED] - Text ****** has been set on object 'Object Repository/Report/Page_Login to Firefly III/input_password'

02-01-2024T21:09:49 - [TEST_STEP][PASSED] - click(findTestObject("Object Repository/Report/Page_Login to Firefly III/button_Sign in")): Object: 'Object Repository/Report/Page_Login to Firefly III/button_Sign in' is clicked on

02-01-2024T21:09:50 - [MESSAGE][PASSED] - Object: 'Object Repository/Report/Page_Login to Firefly III/button_Sign in' is clicked on

02-01-2024T21:09:50 - [TEST_STEP][PASSED] - click(findTestObject("Object Repository/Report/Page_Whats playing  Firefly III/span_Reports")): Object: 'Object Repository/Report/Page_Whats playing  Firefly III/span_Reports' is clicked on

02-01-2024T21:09:52 - [MESSAGE][PASSED] - Object: 'Object Repository/Report/Page_Whats playing  Firefly III/span_Reports' is clicked on

02-01-2024T21:09:52 - [TEST_STEP][PASSED] - selectOptionByValue(findTestObject("Object Repository/Report/Page_Reports  Firefly III/select_Default financial report            _3699a2"), report_type, true): All options with value 'double' are selected in object 'Object Repository/Report/Page_Reports  Firefly III/select_Default financial report            _3699a2'  using regular expression

02-01-2024T21:09:54 - [MESSAGE][PASSED] - All options with value 'double' are selected in object 'Object Repository/Report/Page_Reports  Firefly III/select_Default financial report            _3699a2'  using regular expression

02-01-2024T21:09:54 - [TEST_STEP][PASSED] - selectOptionByValue(findTestObject("Object Repository/Report/Page_Reports  Firefly III/input_checkbox"), included_amount, false): All options with value '627' are selected in object 'Object Repository/Report/Page_Reports  Firefly III/input_checkbox' 

02-01-2024T21:09:55 - [MESSAGE][PASSED] - All options with value '627' are selected in object 'Object Repository/Report/Page_Reports  Firefly III/input_checkbox' 

02-01-2024T21:09:55 - [TEST_STEP][PASSED] - setText(findTestObject("Object Repository/Report/Page_Reports  Firefly III/input_daterange"), date_from + " - " + date_to): Text '10/29/2023 - 07-12-2023' is set on object 'Object Repository/Report/Page_Reports  Firefly III/input_daterange'

02-01-2024T21:09:56 - [MESSAGE][PASSED] - Text '10/29/2023 - 07-12-2023' is set on object 'Object Repository/Report/Page_Reports  Firefly III/input_daterange'

02-01-2024T21:09:56 - [TEST_STEP][PASSED] - if (extra_budget && waitForElementPresent(findTestObject("Object Repository/Report/Page_Reports  Firefly III/input_extra_budget"), 1)): null

02-01-2024T21:09:56 - [TEST_STEP][PASSED] - else: null

02-01-2024T21:09:56 - [TEST_STEP][PASSED] - out.println("no extras budget value"): null

02-01-2024T21:09:56 - [TEST_STEP][PASSED] - if (extra_category && waitForElementPresent(findTestObject("Object Repository/Report/Page_Reports  Firefly III/input_extra_category"), 1)): Object 'Object Repository/Report/Page_Reports  Firefly III/input_extra_category' is not present after 1 second(s)

02-01-2024T21:09:58 - [MESSAGE][INFO] - Unable to find the element located by 'By.xpath: //*[@id="inputCategories"]'. Please recheck the objects properties to make sure the desired element is located. 

02-01-2024T21:09:58 - [MESSAGE][WARNING] - [SELF-HEALING] Failed to find element with id 'Object Repository/Report/Page_Reports  Firefly III/input_extra_category'. Try using Self-healing.

02-01-2024T21:10:00 - [MESSAGE][INFO] - [SELF-HEALING] No working XPath is found.

02-01-2024T21:10:00 - [MESSAGE][WARNING] - [SELF-HEALING] Cannot find elements when the selector is null

02-01-2024T21:10:01 - [MESSAGE][INFO] - Unable to find the element located by 'By.xpath: '. Please recheck the objects properties to make sure the desired element is located. 

02-01-2024T21:10:01 - [MESSAGE][WARNING] - Object 'Object Repository/Report/Page_Reports  Firefly III/input_extra_category' is not present after 1 second(s)

02-01-2024T21:10:01 - [TEST_STEP][PASSED] - else: null

02-01-2024T21:10:01 - [TEST_STEP][PASSED] - out.println("no extras category value"): null

02-01-2024T21:10:01 - [TEST_STEP][PASSED] - if (extra_tag && waitForElementPresent(findTestObject("Object Repository/Report/Page_Reports  Firefly III/input_extra_tag"), 1)): null

02-01-2024T21:10:01 - [TEST_STEP][PASSED] - else: null

02-01-2024T21:10:01 - [TEST_STEP][PASSED] - out.println("no extras tag value"): null

02-01-2024T21:10:01 - [TEST_STEP][PASSED] - if (extra_expense && waitForElementPresent(findTestObject("Object Repository/Report/Page_Reports  Firefly III/input_extra_expense"), 1)): null

02-01-2024T21:10:01 - [MESSAGE][PASSED] - Object 'Object Repository/Report/Page_Reports  Firefly III/input_extra_expense' is present

02-01-2024T21:10:01 - [TEST_STEP][PASSED] - selectOptionByValue(findTestObject("Object Repository/Report/Page_Reports  Firefly III/input_extra_expense"), extra_expense, false): All options with value '69' are selected in object 'Object Repository/Report/Page_Reports  Firefly III/input_extra_expense' 

02-01-2024T21:10:02 - [MESSAGE][PASSED] - All options with value '69' are selected in object 'Object Repository/Report/Page_Reports  Firefly III/input_extra_expense' 

02-01-2024T21:10:02 - [TEST_STEP][PASSED] - click(findTestObject("Object Repository/Report/Page_Reports  Firefly III/button_Submit")): Object: 'Object Repository/Report/Page_Reports  Firefly III/button_Submit' is clicked on

02-01-2024T21:10:02 - [MESSAGE][PASSED] - Object: 'Object Repository/Report/Page_Reports  Firefly III/button_Submit' is clicked on

02-01-2024T21:10:02 - [TEST_STEP][FAILED] - try: Unable to verify object 'Object Repository/Shared_alert/text_dangers' is present (Root cause: com.kms.katalon.core.exception.StepFailedException: Unable to verify object 'Object Repository/Shared_alert/text_dangers' is present
	at com.kms.katalon.core.webui.keyword.internal.WebUIKeywordMain.stepFailed(WebUIKeywordMain.groovy:64)
	at com.kms.katalon.core.webui.keyword.internal.WebUIKeywordMain.runKeyword(WebUIKeywordMain.groovy:26)
	at com.kms.katalon.core.webui.keyword.builtin.VerifyElementPresentKeyword.verifyElementPresent(VerifyElementPresentKeyword.groovy:92)
	at com.kms.katalon.core.webui.keyword.builtin.VerifyElementPresentKeyword.execute(VerifyElementPresentKeyword.groovy:68)
	at com.kms.katalon.core.keyword.internal.KeywordExecutor.executeKeywordForPlatform(KeywordExecutor.groovy:74)
	at com.kms.katalon.core.webui.keyword.WebUiBuiltInKeywords.verifyElementPresent(WebUiBuiltInKeywords.groovy:1503)
	at Report.run(Report:70)
	at com.kms.katalon.core.main.ScriptEngine.run(ScriptEngine.java:194)
	at com.kms.katalon.core.main.ScriptEngine.runScriptAsRawText(ScriptEngine.java:119)
	at com.kms.katalon.core.main.TestCaseExecutor.runScript(TestCaseExecutor.java:448)
	at com.kms.katalon.core.main.TestCaseExecutor.doExecute(TestCaseExecutor.java:439)
	at com.kms.katalon.core.main.TestCaseExecutor.processExecutionPhase(TestCaseExecutor.java:418)
	at com.kms.katalon.core.main.TestCaseExecutor.accessMainPhase(TestCaseExecutor.java:410)
	at com.kms.katalon.core.main.TestCaseExecutor.execute(TestCaseExecutor.java:285)
	at com.kms.katalon.core.common.CommonExecutor.accessTestCaseMainPhase(CommonExecutor.java:65)
	at com.kms.katalon.core.main.TestSuiteExecutor.accessTestSuiteMainPhase(TestSuiteExecutor.java:148)
	at com.kms.katalon.core.main.TestSuiteExecutor.execute(TestSuiteExecutor.java:106)
	at com.kms.katalon.core.main.TestCaseMain.startTestSuite(TestCaseMain.java:180)
	at TempTestSuite1704204574882.run(TempTestSuite1704204574882.groovy:36)
	at java.base/jdk.internal.reflect.NativeMethodAccessorImpl.invoke0(Native Method)
	at java.base/jdk.internal.reflect.NativeMethodAccessorImpl.invoke(NativeMethodAccessorImpl.java:77)
	at java.base/jdk.internal.reflect.DelegatingMethodAccessorImpl.invoke(DelegatingMethodAccessorImpl.java:43)
Caused by: com.kms.katalon.core.exception.StepFailedException: com.kms.katalon.core.webui.exception.WebElementNotFoundException: Web element with id: 'Object Repository/Shared_alert/text_dangers' located by '.text-danger' not found
	at com.kms.katalon.core.webui.keyword.internal.WebUIKeywordMain.stepFailed(WebUIKeywordMain.groovy:64)
	at com.kms.katalon.core.webui.keyword.builtin.VerifyElementPresentKeyword$_verifyElementPresent_closure1.doCall(VerifyElementPresentKeyword.groovy:85)
	at com.kms.katalon.core.webui.keyword.builtin.VerifyElementPresentKeyword$_verifyElementPresent_closure1.call(VerifyElementPresentKeyword.groovy)
	at com.kms.katalon.core.webui.keyword.internal.WebUIKeywordMain.runKeyword(WebUIKeywordMain.groovy:20)
	... 20 more
)

02-01-2024T21:10:02 - [TEST_STEP][FAILED] - verifyElementPresent(findTestObject("Shared_alert/text_dangers"), 1): Unable to verify object 'Object Repository/Shared_alert/text_dangers' is present (Root cause: com.kms.katalon.core.exception.StepFailedException: Unable to verify object 'Object Repository/Shared_alert/text_dangers' is present
	at com.kms.katalon.core.webui.keyword.internal.WebUIKeywordMain.stepFailed(WebUIKeywordMain.groovy:64)
	at com.kms.katalon.core.webui.keyword.internal.WebUIKeywordMain.runKeyword(WebUIKeywordMain.groovy:26)
	at com.kms.katalon.core.webui.keyword.builtin.VerifyElementPresentKeyword.verifyElementPresent(VerifyElementPresentKeyword.groovy:92)
	at com.kms.katalon.core.webui.keyword.builtin.VerifyElementPresentKeyword.execute(VerifyElementPresentKeyword.groovy:68)
	at com.kms.katalon.core.keyword.internal.KeywordExecutor.executeKeywordForPlatform(KeywordExecutor.groovy:74)
	at com.kms.katalon.core.webui.keyword.WebUiBuiltInKeywords.verifyElementPresent(WebUiBuiltInKeywords.groovy:1503)
	at Report.run(Report:70)
	at com.kms.katalon.core.main.ScriptEngine.run(ScriptEngine.java:194)
	at com.kms.katalon.core.main.ScriptEngine.runScriptAsRawText(ScriptEngine.java:119)
	at com.kms.katalon.core.main.TestCaseExecutor.runScript(TestCaseExecutor.java:448)
	at com.kms.katalon.core.main.TestCaseExecutor.doExecute(TestCaseExecutor.java:439)
	at com.kms.katalon.core.main.TestCaseExecutor.processExecutionPhase(TestCaseExecutor.java:418)
	at com.kms.katalon.core.main.TestCaseExecutor.accessMainPhase(TestCaseExecutor.java:410)
	at com.kms.katalon.core.main.TestCaseExecutor.execute(TestCaseExecutor.java:285)
	at com.kms.katalon.core.common.CommonExecutor.accessTestCaseMainPhase(CommonExecutor.java:65)
	at com.kms.katalon.core.main.TestSuiteExecutor.accessTestSuiteMainPhase(TestSuiteExecutor.java:148)
	at com.kms.katalon.core.main.TestSuiteExecutor.execute(TestSuiteExecutor.java:106)
	at com.kms.katalon.core.main.TestCaseMain.startTestSuite(TestCaseMain.java:180)
	at TempTestSuite1704204574882.run(TempTestSuite1704204574882.groovy:36)
	at java.base/jdk.internal.reflect.NativeMethodAccessorImpl.invoke0(Native Method)
	at java.base/jdk.internal.reflect.NativeMethodAccessorImpl.invoke(NativeMethodAccessorImpl.java:77)
	at java.base/jdk.internal.reflect.DelegatingMethodAccessorImpl.invoke(DelegatingMethodAccessorImpl.java:43)
Caused by: com.kms.katalon.core.exception.StepFailedException: com.kms.katalon.core.webui.exception.WebElementNotFoundException: Web element with id: 'Object Repository/Shared_alert/text_dangers' located by '.text-danger' not found
	at com.kms.katalon.core.webui.keyword.internal.WebUIKeywordMain.stepFailed(WebUIKeywordMain.groovy:64)
	at com.kms.katalon.core.webui.keyword.builtin.VerifyElementPresentKeyword$_verifyElementPresent_closure1.doCall(VerifyElementPresentKeyword.groovy:85)
	at com.kms.katalon.core.webui.keyword.builtin.VerifyElementPresentKeyword$_verifyElementPresent_closure1.call(VerifyElementPresentKeyword.groovy)
	at com.kms.katalon.core.webui.keyword.internal.WebUIKeywordMain.runKeyword(WebUIKeywordMain.groovy:20)
	... 20 more
)

02-01-2024T21:10:05 - [MESSAGE][INFO] - Unable to find the element located by 'By.cssSelector: .text-danger'. Please recheck the objects properties to make sure the desired element is located. 

02-01-2024T21:10:05 - [MESSAGE][FAILED] - com.kms.katalon.core.webui.exception.WebElementNotFoundException: Web element with id: 'Object Repository/Shared_alert/text_dangers' located by '.text-danger' not found (Root cause: com.kms.katalon.core.exception.StepFailedException: com.kms.katalon.core.webui.exception.WebElementNotFoundException: Web element with id: 'Object Repository/Shared_alert/text_dangers' located by '.text-danger' not found
	at com.kms.katalon.core.webui.keyword.internal.WebUIKeywordMain.stepFailed(WebUIKeywordMain.groovy:64)
	at com.kms.katalon.core.webui.keyword.builtin.VerifyElementPresentKeyword$_verifyElementPresent_closure1.doCall(VerifyElementPresentKeyword.groovy:85)
	at com.kms.katalon.core.webui.keyword.builtin.VerifyElementPresentKeyword$_verifyElementPresent_closure1.call(VerifyElementPresentKeyword.groovy)
	at com.kms.katalon.core.webui.keyword.internal.WebUIKeywordMain.runKeyword(WebUIKeywordMain.groovy:20)
	at com.kms.katalon.core.webui.keyword.builtin.VerifyElementPresentKeyword.verifyElementPresent(VerifyElementPresentKeyword.groovy:92)
	at com.kms.katalon.core.webui.keyword.builtin.VerifyElementPresentKeyword.execute(VerifyElementPresentKeyword.groovy:68)
	at com.kms.katalon.core.keyword.internal.KeywordExecutor.executeKeywordForPlatform(KeywordExecutor.groovy:74)
	at com.kms.katalon.core.webui.keyword.WebUiBuiltInKeywords.verifyElementPresent(WebUiBuiltInKeywords.groovy:1503)
	at Report.run(Report:70)
	at com.kms.katalon.core.main.ScriptEngine.run(ScriptEngine.java:194)
	at com.kms.katalon.core.main.ScriptEngine.runScriptAsRawText(ScriptEngine.java:119)
	at com.kms.katalon.core.main.TestCaseExecutor.runScript(TestCaseExecutor.java:448)
	at com.kms.katalon.core.main.TestCaseExecutor.doExecute(TestCaseExecutor.java:439)
	at com.kms.katalon.core.main.TestCaseExecutor.processExecutionPhase(TestCaseExecutor.java:418)
	at com.kms.katalon.core.main.TestCaseExecutor.accessMainPhase(TestCaseExecutor.java:410)
	at com.kms.katalon.core.main.TestCaseExecutor.execute(TestCaseExecutor.java:285)
	at com.kms.katalon.core.common.CommonExecutor.accessTestCaseMainPhase(CommonExecutor.java:65)
	at com.kms.katalon.core.main.TestSuiteExecutor.accessTestSuiteMainPhase(TestSuiteExecutor.java:148)
	at com.kms.katalon.core.main.TestSuiteExecutor.execute(TestSuiteExecutor.java:106)
	at com.kms.katalon.core.main.TestCaseMain.startTestSuite(TestCaseMain.java:180)
	at TempTestSuite1704204574882.run(TempTestSuite1704204574882.groovy:36)
	at java.base/jdk.internal.reflect.NativeMethodAccessorImpl.invoke0(Native Method)
	at java.base/jdk.internal.reflect.NativeMethodAccessorImpl.invoke(NativeMethodAccessorImpl.java:77)
	at java.base/jdk.internal.reflect.DelegatingMethodAccessorImpl.invoke(DelegatingMethodAccessorImpl.java:43)
)
[[ATTACHMENT|C:\\Users\\ACER\\git\\G1_Firefly_testing\\Reports\\20240102_210934\\Report\\20240102_210934\\1704204605164.png]]

02-01-2024T21:10:05 - [MESSAGE][FAILED] - Unable to verify object 'Object Repository/Shared_alert/text_dangers' is present (Root cause: com.kms.katalon.core.exception.StepFailedException: Unable to verify object 'Object Repository/Shared_alert/text_dangers' is present
	at com.kms.katalon.core.webui.keyword.internal.WebUIKeywordMain.stepFailed(WebUIKeywordMain.groovy:64)
	at com.kms.katalon.core.webui.keyword.internal.WebUIKeywordMain.runKeyword(WebUIKeywordMain.groovy:26)
	at com.kms.katalon.core.webui.keyword.builtin.VerifyElementPresentKeyword.verifyElementPresent(VerifyElementPresentKeyword.groovy:92)
	at com.kms.katalon.core.webui.keyword.builtin.VerifyElementPresentKeyword.execute(VerifyElementPresentKeyword.groovy:68)
	at com.kms.katalon.core.keyword.internal.KeywordExecutor.executeKeywordForPlatform(KeywordExecutor.groovy:74)
	at com.kms.katalon.core.webui.keyword.WebUiBuiltInKeywords.verifyElementPresent(WebUiBuiltInKeywords.groovy:1503)
	at Report.run(Report:70)
	at com.kms.katalon.core.main.ScriptEngine.run(ScriptEngine.java:194)
	at com.kms.katalon.core.main.ScriptEngine.runScriptAsRawText(ScriptEngine.java:119)
	at com.kms.katalon.core.main.TestCaseExecutor.runScript(TestCaseExecutor.java:448)
	at com.kms.katalon.core.main.TestCaseExecutor.doExecute(TestCaseExecutor.java:439)
	at com.kms.katalon.core.main.TestCaseExecutor.processExecutionPhase(TestCaseExecutor.java:418)
	at com.kms.katalon.core.main.TestCaseExecutor.accessMainPhase(TestCaseExecutor.java:410)
	at com.kms.katalon.core.main.TestCaseExecutor.execute(TestCaseExecutor.java:285)
	at com.kms.katalon.core.common.CommonExecutor.accessTestCaseMainPhase(CommonExecutor.java:65)
	at com.kms.katalon.core.main.TestSuiteExecutor.accessTestSuiteMainPhase(TestSuiteExecutor.java:148)
	at com.kms.katalon.core.main.TestSuiteExecutor.execute(TestSuiteExecutor.java:106)
	at com.kms.katalon.core.main.TestCaseMain.startTestSuite(TestCaseMain.java:180)
	at TempTestSuite1704204574882.run(TempTestSuite1704204574882.groovy:36)
	at java.base/jdk.internal.reflect.NativeMethodAccessorImpl.invoke0(Native Method)
	at java.base/jdk.internal.reflect.NativeMethodAccessorImpl.invoke(NativeMethodAccessorImpl.java:77)
	at java.base/jdk.internal.reflect.DelegatingMethodAccessorImpl.invoke(DelegatingMethodAccessorImpl.java:43)
Caused by: com.kms.katalon.core.exception.StepFailedException: com.kms.katalon.core.webui.exception.WebElementNotFoundException: Web element with id: 'Object Repository/Shared_alert/text_dangers' located by '.text-danger' not found
	at com.kms.katalon.core.webui.keyword.internal.WebUIKeywordMain.stepFailed(WebUIKeywordMain.groovy:64)
	at com.kms.katalon.core.webui.keyword.builtin.VerifyElementPresentKeyword$_verifyElementPresent_closure1.doCall(VerifyElementPresentKeyword.groovy:85)
	at com.kms.katalon.core.webui.keyword.builtin.VerifyElementPresentKeyword$_verifyElementPresent_closure1.call(VerifyElementPresentKeyword.groovy)
	at com.kms.katalon.core.webui.keyword.internal.WebUIKeywordMain.runKeyword(WebUIKeywordMain.groovy:20)
	... 20 more
)
[[ATTACHMENT|C:\\Users\\ACER\\git\\G1_Firefly_testing\\Reports\\20240102_210934\\Report\\20240102_210934\\1704204605330.png]]

02-01-2024T21:10:05 - [TEST_STEP][PASSED] - catch (Exception err): null

02-01-2024T21:10:05 - [TEST_STEP][PASSED] - verifyElementPresent(findTestObject("Shared_alert/success_alert"), 1): Object 'Object Repository/Shared_alert/success_alert' is present

02-01-2024T21:10:05 - [MESSAGE][PASSED] - Object 'Object Repository/Shared_alert/success_alert' is present

02-01-2024T21:10:05 - [TEST_STEP][PASSED] - out.println("success"): null

02-01-2024T21:10:05 - [TEST_STEP][PASSED] - closeBrowser(): Browser is closed

02-01-2024T21:10:06 - [MESSAGE][PASSED] - Browser is closed]]></system-out>
         <system-err><![CDATA[]]></system-err>
      </testcase>
      <testcase name="Test Cases/Report" time="25.541" classname="Test Cases/Report" status="PASSED">
         <system-out><![CDATA[02-01-2024T21:10:06 - [TEST_CASE][PASSED] - Test Cases/Report: Test Cases/Report

02-01-2024T21:10:06 - [TEST_STEP][PASSED] - openBrowser(""): Browser is opened with url: ''

02-01-2024T21:10:06 - [MESSAGE][INFO] - Starting 'Chrome' driver

02-01-2024T21:10:06 - [MESSAGE][INFO] - Action delay is set to 0 milliseconds

02-01-2024T21:10:07 - [MESSAGE][PASSED] - Browser is opened with url: ''

02-01-2024T21:10:07 - [TEST_STEP][PASSED] - navigateToUrl("https://firefly.buudadawg.online/login"): Navigate to 'https://firefly.buudadawg.online/login' successfully

02-01-2024T21:10:10 - [MESSAGE][PASSED] - Navigate to 'https://firefly.buudadawg.online/login' successfully

02-01-2024T21:10:10 - [TEST_STEP][PASSED] - click(findTestObject("Object Repository/Report/Page_Login to Firefly III/p_Sign in to start your session")): Object: 'Object Repository/Report/Page_Login to Firefly III/p_Sign in to start your session' is clicked on

02-01-2024T21:10:11 - [MESSAGE][PASSED] - Object: 'Object Repository/Report/Page_Login to Firefly III/p_Sign in to start your session' is clicked on

02-01-2024T21:10:11 - [TEST_STEP][PASSED] - setText(findTestObject("Object Repository/Report/Page_Login to Firefly III/input_email"), "klot12022002@gmail.com"): Text 'klot12022002@gmail.com' is set on object 'Object Repository/Report/Page_Login to Firefly III/input_email'

02-01-2024T21:10:12 - [MESSAGE][PASSED] - Text 'klot12022002@gmail.com' is set on object 'Object Repository/Report/Page_Login to Firefly III/input_email'

02-01-2024T21:10:12 - [TEST_STEP][PASSED] - setEncryptedText(findTestObject("Object Repository/Report/Page_Login to Firefly III/input_password"), "A0OWLKT5igxVrUm1hOyDrVf3RsK4FPOM"): Text ****** has been set on object 'Object Repository/Report/Page_Login to Firefly III/input_password'

02-01-2024T21:10:13 - [MESSAGE][PASSED] - Text ****** has been set on object 'Object Repository/Report/Page_Login to Firefly III/input_password'

02-01-2024T21:10:13 - [TEST_STEP][PASSED] - click(findTestObject("Object Repository/Report/Page_Login to Firefly III/button_Sign in")): Object: 'Object Repository/Report/Page_Login to Firefly III/button_Sign in' is clicked on

02-01-2024T21:10:13 - [MESSAGE][PASSED] - Object: 'Object Repository/Report/Page_Login to Firefly III/button_Sign in' is clicked on

02-01-2024T21:10:13 - [TEST_STEP][PASSED] - click(findTestObject("Object Repository/Report/Page_Whats playing  Firefly III/span_Reports")): Object: 'Object Repository/Report/Page_Whats playing  Firefly III/span_Reports' is clicked on

02-01-2024T21:10:15 - [MESSAGE][PASSED] - Object: 'Object Repository/Report/Page_Whats playing  Firefly III/span_Reports' is clicked on

02-01-2024T21:10:15 - [TEST_STEP][PASSED] - selectOptionByValue(findTestObject("Object Repository/Report/Page_Reports  Firefly III/select_Default financial report            _3699a2"), report_type, true): All options with value 'audit' are selected in object 'Object Repository/Report/Page_Reports  Firefly III/select_Default financial report            _3699a2'  using regular expression

02-01-2024T21:10:17 - [MESSAGE][PASSED] - All options with value 'audit' are selected in object 'Object Repository/Report/Page_Reports  Firefly III/select_Default financial report            _3699a2'  using regular expression

02-01-2024T21:10:17 - [TEST_STEP][PASSED] - selectOptionByValue(findTestObject("Object Repository/Report/Page_Reports  Firefly III/input_checkbox"), included_amount, false): All options with value '623' are selected in object 'Object Repository/Report/Page_Reports  Firefly III/input_checkbox' 

02-01-2024T21:10:18 - [MESSAGE][PASSED] - All options with value '623' are selected in object 'Object Repository/Report/Page_Reports  Firefly III/input_checkbox' 

02-01-2024T21:10:18 - [TEST_STEP][PASSED] - setText(findTestObject("Object Repository/Report/Page_Reports  Firefly III/input_daterange"), date_from + " - " + date_to): Text '09/28/2023 - 19-12-2023' is set on object 'Object Repository/Report/Page_Reports  Firefly III/input_daterange'

02-01-2024T21:10:19 - [MESSAGE][PASSED] - Text '09/28/2023 - 19-12-2023' is set on object 'Object Repository/Report/Page_Reports  Firefly III/input_daterange'

02-01-2024T21:10:19 - [TEST_STEP][PASSED] - if (extra_budget && waitForElementPresent(findTestObject("Object Repository/Report/Page_Reports  Firefly III/input_extra_budget"), 1)): null

02-01-2024T21:10:19 - [TEST_STEP][PASSED] - else: null

02-01-2024T21:10:19 - [TEST_STEP][PASSED] - out.println("no extras budget value"): null

02-01-2024T21:10:19 - [TEST_STEP][PASSED] - if (extra_category && waitForElementPresent(findTestObject("Object Repository/Report/Page_Reports  Firefly III/input_extra_category"), 1)): Object 'Object Repository/Report/Page_Reports  Firefly III/input_extra_category' is not present after 1 second(s)

02-01-2024T21:10:21 - [MESSAGE][INFO] - Unable to find the element located by 'By.xpath: //*[@id="inputCategories"]'. Please recheck the objects properties to make sure the desired element is located. 

02-01-2024T21:10:21 - [MESSAGE][WARNING] - [SELF-HEALING] Failed to find element with id 'Object Repository/Report/Page_Reports  Firefly III/input_extra_category'. Try using Self-healing.

02-01-2024T21:10:22 - [MESSAGE][INFO] - [SELF-HEALING] No working XPath is found.

02-01-2024T21:10:22 - [MESSAGE][WARNING] - [SELF-HEALING] Cannot find elements when the selector is null

02-01-2024T21:10:23 - [MESSAGE][INFO] - Unable to find the element located by 'By.xpath: '. Please recheck the objects properties to make sure the desired element is located. 

02-01-2024T21:10:23 - [MESSAGE][WARNING] - Object 'Object Repository/Report/Page_Reports  Firefly III/input_extra_category' is not present after 1 second(s)

02-01-2024T21:10:23 - [TEST_STEP][PASSED] - else: null

02-01-2024T21:10:23 - [TEST_STEP][PASSED] - out.println("no extras category value"): null

02-01-2024T21:10:23 - [TEST_STEP][PASSED] - if (extra_tag && waitForElementPresent(findTestObject("Object Repository/Report/Page_Reports  Firefly III/input_extra_tag"), 1)): null

02-01-2024T21:10:23 - [TEST_STEP][PASSED] - else: null

02-01-2024T21:10:23 - [TEST_STEP][PASSED] - out.println("no extras tag value"): null

02-01-2024T21:10:23 - [TEST_STEP][PASSED] - if (extra_expense && waitForElementPresent(findTestObject("Object Repository/Report/Page_Reports  Firefly III/input_extra_expense"), 1)): Object 'Object Repository/Report/Page_Reports  Firefly III/input_extra_expense' is not present after 1 second(s)

02-01-2024T21:10:26 - [MESSAGE][INFO] - Unable to find the element located by 'By.xpath: //*[@id="inputDoubleAccounts"]'. Please recheck the objects properties to make sure the desired element is located. 

02-01-2024T21:10:26 - [MESSAGE][WARNING] - [SELF-HEALING] Failed to find element with id 'Object Repository/Report/Page_Reports  Firefly III/input_extra_expense'. Try using Self-healing.

02-01-2024T21:10:27 - [MESSAGE][INFO] - [SELF-HEALING] No working XPath is found.

02-01-2024T21:10:27 - [MESSAGE][WARNING] - [SELF-HEALING] Cannot find elements when the selector is null

02-01-2024T21:10:28 - [MESSAGE][INFO] - Unable to find the element located by 'By.xpath: '. Please recheck the objects properties to make sure the desired element is located. 

02-01-2024T21:10:28 - [MESSAGE][WARNING] - Object 'Object Repository/Report/Page_Reports  Firefly III/input_extra_expense' is not present after 1 second(s)

02-01-2024T21:10:28 - [TEST_STEP][PASSED] - else: null

02-01-2024T21:10:28 - [TEST_STEP][PASSED] - out.println("no extras expense value"): null

02-01-2024T21:10:28 - [TEST_STEP][PASSED] - click(findTestObject("Object Repository/Report/Page_Reports  Firefly III/button_Submit")): Object: 'Object Repository/Report/Page_Reports  Firefly III/button_Submit' is clicked on

02-01-2024T21:10:28 - [MESSAGE][PASSED] - Object: 'Object Repository/Report/Page_Reports  Firefly III/button_Submit' is clicked on

02-01-2024T21:10:28 - [TEST_STEP][FAILED] - try: Unable to verify object 'Object Repository/Shared_alert/text_dangers' is present (Root cause: com.kms.katalon.core.exception.StepFailedException: Unable to verify object 'Object Repository/Shared_alert/text_dangers' is present
	at com.kms.katalon.core.webui.keyword.internal.WebUIKeywordMain.stepFailed(WebUIKeywordMain.groovy:64)
	at com.kms.katalon.core.webui.keyword.internal.WebUIKeywordMain.runKeyword(WebUIKeywordMain.groovy:26)
	at com.kms.katalon.core.webui.keyword.builtin.VerifyElementPresentKeyword.verifyElementPresent(VerifyElementPresentKeyword.groovy:92)
	at com.kms.katalon.core.webui.keyword.builtin.VerifyElementPresentKeyword.execute(VerifyElementPresentKeyword.groovy:68)
	at com.kms.katalon.core.keyword.internal.KeywordExecutor.executeKeywordForPlatform(KeywordExecutor.groovy:74)
	at com.kms.katalon.core.webui.keyword.WebUiBuiltInKeywords.verifyElementPresent(WebUiBuiltInKeywords.groovy:1503)
	at Report.run(Report:70)
	at com.kms.katalon.core.main.ScriptEngine.run(ScriptEngine.java:194)
	at com.kms.katalon.core.main.ScriptEngine.runScriptAsRawText(ScriptEngine.java:119)
	at com.kms.katalon.core.main.TestCaseExecutor.runScript(TestCaseExecutor.java:448)
	at com.kms.katalon.core.main.TestCaseExecutor.doExecute(TestCaseExecutor.java:439)
	at com.kms.katalon.core.main.TestCaseExecutor.processExecutionPhase(TestCaseExecutor.java:418)
	at com.kms.katalon.core.main.TestCaseExecutor.accessMainPhase(TestCaseExecutor.java:410)
	at com.kms.katalon.core.main.TestCaseExecutor.execute(TestCaseExecutor.java:285)
	at com.kms.katalon.core.common.CommonExecutor.accessTestCaseMainPhase(CommonExecutor.java:65)
	at com.kms.katalon.core.main.TestSuiteExecutor.accessTestSuiteMainPhase(TestSuiteExecutor.java:148)
	at com.kms.katalon.core.main.TestSuiteExecutor.execute(TestSuiteExecutor.java:106)
	at com.kms.katalon.core.main.TestCaseMain.startTestSuite(TestCaseMain.java:180)
	at TempTestSuite1704204574882.run(TempTestSuite1704204574882.groovy:36)
	at java.base/jdk.internal.reflect.NativeMethodAccessorImpl.invoke0(Native Method)
	at java.base/jdk.internal.reflect.NativeMethodAccessorImpl.invoke(NativeMethodAccessorImpl.java:77)
	at java.base/jdk.internal.reflect.DelegatingMethodAccessorImpl.invoke(DelegatingMethodAccessorImpl.java:43)
Caused by: com.kms.katalon.core.exception.StepFailedException: com.kms.katalon.core.webui.exception.WebElementNotFoundException: Web element with id: 'Object Repository/Shared_alert/text_dangers' located by '.text-danger' not found
	at com.kms.katalon.core.webui.keyword.internal.WebUIKeywordMain.stepFailed(WebUIKeywordMain.groovy:64)
	at com.kms.katalon.core.webui.keyword.builtin.VerifyElementPresentKeyword$_verifyElementPresent_closure1.doCall(VerifyElementPresentKeyword.groovy:85)
	at com.kms.katalon.core.webui.keyword.builtin.VerifyElementPresentKeyword$_verifyElementPresent_closure1.call(VerifyElementPresentKeyword.groovy)
	at com.kms.katalon.core.webui.keyword.internal.WebUIKeywordMain.runKeyword(WebUIKeywordMain.groovy:20)
	... 20 more
)

02-01-2024T21:10:28 - [TEST_STEP][FAILED] - verifyElementPresent(findTestObject("Shared_alert/text_dangers"), 1): Unable to verify object 'Object Repository/Shared_alert/text_dangers' is present (Root cause: com.kms.katalon.core.exception.StepFailedException: Unable to verify object 'Object Repository/Shared_alert/text_dangers' is present
	at com.kms.katalon.core.webui.keyword.internal.WebUIKeywordMain.stepFailed(WebUIKeywordMain.groovy:64)
	at com.kms.katalon.core.webui.keyword.internal.WebUIKeywordMain.runKeyword(WebUIKeywordMain.groovy:26)
	at com.kms.katalon.core.webui.keyword.builtin.VerifyElementPresentKeyword.verifyElementPresent(VerifyElementPresentKeyword.groovy:92)
	at com.kms.katalon.core.webui.keyword.builtin.VerifyElementPresentKeyword.execute(VerifyElementPresentKeyword.groovy:68)
	at com.kms.katalon.core.keyword.internal.KeywordExecutor.executeKeywordForPlatform(KeywordExecutor.groovy:74)
	at com.kms.katalon.core.webui.keyword.WebUiBuiltInKeywords.verifyElementPresent(WebUiBuiltInKeywords.groovy:1503)
	at Report.run(Report:70)
	at com.kms.katalon.core.main.ScriptEngine.run(ScriptEngine.java:194)
	at com.kms.katalon.core.main.ScriptEngine.runScriptAsRawText(ScriptEngine.java:119)
	at com.kms.katalon.core.main.TestCaseExecutor.runScript(TestCaseExecutor.java:448)
	at com.kms.katalon.core.main.TestCaseExecutor.doExecute(TestCaseExecutor.java:439)
	at com.kms.katalon.core.main.TestCaseExecutor.processExecutionPhase(TestCaseExecutor.java:418)
	at com.kms.katalon.core.main.TestCaseExecutor.accessMainPhase(TestCaseExecutor.java:410)
	at com.kms.katalon.core.main.TestCaseExecutor.execute(TestCaseExecutor.java:285)
	at com.kms.katalon.core.common.CommonExecutor.accessTestCaseMainPhase(CommonExecutor.java:65)
	at com.kms.katalon.core.main.TestSuiteExecutor.accessTestSuiteMainPhase(TestSuiteExecutor.java:148)
	at com.kms.katalon.core.main.TestSuiteExecutor.execute(TestSuiteExecutor.java:106)
	at com.kms.katalon.core.main.TestCaseMain.startTestSuite(TestCaseMain.java:180)
	at TempTestSuite1704204574882.run(TempTestSuite1704204574882.groovy:36)
	at java.base/jdk.internal.reflect.NativeMethodAccessorImpl.invoke0(Native Method)
	at java.base/jdk.internal.reflect.NativeMethodAccessorImpl.invoke(NativeMethodAccessorImpl.java:77)
	at java.base/jdk.internal.reflect.DelegatingMethodAccessorImpl.invoke(DelegatingMethodAccessorImpl.java:43)
Caused by: com.kms.katalon.core.exception.StepFailedException: com.kms.katalon.core.webui.exception.WebElementNotFoundException: Web element with id: 'Object Repository/Shared_alert/text_dangers' located by '.text-danger' not found
	at com.kms.katalon.core.webui.keyword.internal.WebUIKeywordMain.stepFailed(WebUIKeywordMain.groovy:64)
	at com.kms.katalon.core.webui.keyword.builtin.VerifyElementPresentKeyword$_verifyElementPresent_closure1.doCall(VerifyElementPresentKeyword.groovy:85)
	at com.kms.katalon.core.webui.keyword.builtin.VerifyElementPresentKeyword$_verifyElementPresent_closure1.call(VerifyElementPresentKeyword.groovy)
	at com.kms.katalon.core.webui.keyword.internal.WebUIKeywordMain.runKeyword(WebUIKeywordMain.groovy:20)
	... 20 more
)

02-01-2024T21:10:31 - [MESSAGE][INFO] - Unable to find the element located by 'By.cssSelector: .text-danger'. Please recheck the objects properties to make sure the desired element is located. 

02-01-2024T21:10:31 - [MESSAGE][FAILED] - com.kms.katalon.core.webui.exception.WebElementNotFoundException: Web element with id: 'Object Repository/Shared_alert/text_dangers' located by '.text-danger' not found (Root cause: com.kms.katalon.core.exception.StepFailedException: com.kms.katalon.core.webui.exception.WebElementNotFoundException: Web element with id: 'Object Repository/Shared_alert/text_dangers' located by '.text-danger' not found
	at com.kms.katalon.core.webui.keyword.internal.WebUIKeywordMain.stepFailed(WebUIKeywordMain.groovy:64)
	at com.kms.katalon.core.webui.keyword.builtin.VerifyElementPresentKeyword$_verifyElementPresent_closure1.doCall(VerifyElementPresentKeyword.groovy:85)
	at com.kms.katalon.core.webui.keyword.builtin.VerifyElementPresentKeyword$_verifyElementPresent_closure1.call(VerifyElementPresentKeyword.groovy)
	at com.kms.katalon.core.webui.keyword.internal.WebUIKeywordMain.runKeyword(WebUIKeywordMain.groovy:20)
	at com.kms.katalon.core.webui.keyword.builtin.VerifyElementPresentKeyword.verifyElementPresent(VerifyElementPresentKeyword.groovy:92)
	at com.kms.katalon.core.webui.keyword.builtin.VerifyElementPresentKeyword.execute(VerifyElementPresentKeyword.groovy:68)
	at com.kms.katalon.core.keyword.internal.KeywordExecutor.executeKeywordForPlatform(KeywordExecutor.groovy:74)
	at com.kms.katalon.core.webui.keyword.WebUiBuiltInKeywords.verifyElementPresent(WebUiBuiltInKeywords.groovy:1503)
	at Report.run(Report:70)
	at com.kms.katalon.core.main.ScriptEngine.run(ScriptEngine.java:194)
	at com.kms.katalon.core.main.ScriptEngine.runScriptAsRawText(ScriptEngine.java:119)
	at com.kms.katalon.core.main.TestCaseExecutor.runScript(TestCaseExecutor.java:448)
	at com.kms.katalon.core.main.TestCaseExecutor.doExecute(TestCaseExecutor.java:439)
	at com.kms.katalon.core.main.TestCaseExecutor.processExecutionPhase(TestCaseExecutor.java:418)
	at com.kms.katalon.core.main.TestCaseExecutor.accessMainPhase(TestCaseExecutor.java:410)
	at com.kms.katalon.core.main.TestCaseExecutor.execute(TestCaseExecutor.java:285)
	at com.kms.katalon.core.common.CommonExecutor.accessTestCaseMainPhase(CommonExecutor.java:65)
	at com.kms.katalon.core.main.TestSuiteExecutor.accessTestSuiteMainPhase(TestSuiteExecutor.java:148)
	at com.kms.katalon.core.main.TestSuiteExecutor.execute(TestSuiteExecutor.java:106)
	at com.kms.katalon.core.main.TestCaseMain.startTestSuite(TestCaseMain.java:180)
	at TempTestSuite1704204574882.run(TempTestSuite1704204574882.groovy:36)
	at java.base/jdk.internal.reflect.NativeMethodAccessorImpl.invoke0(Native Method)
	at java.base/jdk.internal.reflect.NativeMethodAccessorImpl.invoke(NativeMethodAccessorImpl.java:77)
	at java.base/jdk.internal.reflect.DelegatingMethodAccessorImpl.invoke(DelegatingMethodAccessorImpl.java:43)
)
[[ATTACHMENT|C:\\Users\\ACER\\git\\G1_Firefly_testing\\Reports\\20240102_210934\\Report\\20240102_210934\\1704204631003.png]]

02-01-2024T21:10:31 - [MESSAGE][FAILED] - Unable to verify object 'Object Repository/Shared_alert/text_dangers' is present (Root cause: com.kms.katalon.core.exception.StepFailedException: Unable to verify object 'Object Repository/Shared_alert/text_dangers' is present
	at com.kms.katalon.core.webui.keyword.internal.WebUIKeywordMain.stepFailed(WebUIKeywordMain.groovy:64)
	at com.kms.katalon.core.webui.keyword.internal.WebUIKeywordMain.runKeyword(WebUIKeywordMain.groovy:26)
	at com.kms.katalon.core.webui.keyword.builtin.VerifyElementPresentKeyword.verifyElementPresent(VerifyElementPresentKeyword.groovy:92)
	at com.kms.katalon.core.webui.keyword.builtin.VerifyElementPresentKeyword.execute(VerifyElementPresentKeyword.groovy:68)
	at com.kms.katalon.core.keyword.internal.KeywordExecutor.executeKeywordForPlatform(KeywordExecutor.groovy:74)
	at com.kms.katalon.core.webui.keyword.WebUiBuiltInKeywords.verifyElementPresent(WebUiBuiltInKeywords.groovy:1503)
	at Report.run(Report:70)
	at com.kms.katalon.core.main.ScriptEngine.run(ScriptEngine.java:194)
	at com.kms.katalon.core.main.ScriptEngine.runScriptAsRawText(ScriptEngine.java:119)
	at com.kms.katalon.core.main.TestCaseExecutor.runScript(TestCaseExecutor.java:448)
	at com.kms.katalon.core.main.TestCaseExecutor.doExecute(TestCaseExecutor.java:439)
	at com.kms.katalon.core.main.TestCaseExecutor.processExecutionPhase(TestCaseExecutor.java:418)
	at com.kms.katalon.core.main.TestCaseExecutor.accessMainPhase(TestCaseExecutor.java:410)
	at com.kms.katalon.core.main.TestCaseExecutor.execute(TestCaseExecutor.java:285)
	at com.kms.katalon.core.common.CommonExecutor.accessTestCaseMainPhase(CommonExecutor.java:65)
	at com.kms.katalon.core.main.TestSuiteExecutor.accessTestSuiteMainPhase(TestSuiteExecutor.java:148)
	at com.kms.katalon.core.main.TestSuiteExecutor.execute(TestSuiteExecutor.java:106)
	at com.kms.katalon.core.main.TestCaseMain.startTestSuite(TestCaseMain.java:180)
	at TempTestSuite1704204574882.run(TempTestSuite1704204574882.groovy:36)
	at java.base/jdk.internal.reflect.NativeMethodAccessorImpl.invoke0(Native Method)
	at java.base/jdk.internal.reflect.NativeMethodAccessorImpl.invoke(NativeMethodAccessorImpl.java:77)
	at java.base/jdk.internal.reflect.DelegatingMethodAccessorImpl.invoke(DelegatingMethodAccessorImpl.java:43)
Caused by: com.kms.katalon.core.exception.StepFailedException: com.kms.katalon.core.webui.exception.WebElementNotFoundException: Web element with id: 'Object Repository/Shared_alert/text_dangers' located by '.text-danger' not found
	at com.kms.katalon.core.webui.keyword.internal.WebUIKeywordMain.stepFailed(WebUIKeywordMain.groovy:64)
	at com.kms.katalon.core.webui.keyword.builtin.VerifyElementPresentKeyword$_verifyElementPresent_closure1.doCall(VerifyElementPresentKeyword.groovy:85)
	at com.kms.katalon.core.webui.keyword.builtin.VerifyElementPresentKeyword$_verifyElementPresent_closure1.call(VerifyElementPresentKeyword.groovy)
	at com.kms.katalon.core.webui.keyword.internal.WebUIKeywordMain.runKeyword(WebUIKeywordMain.groovy:20)
	... 20 more
)
[[ATTACHMENT|C:\\Users\\ACER\\git\\G1_Firefly_testing\\Reports\\20240102_210934\\Report\\20240102_210934\\1704204631168.png]]

02-01-2024T21:10:31 - [TEST_STEP][PASSED] - catch (Exception err): null

02-01-2024T21:10:31 - [TEST_STEP][PASSED] - verifyElementPresent(findTestObject("Shared_alert/success_alert"), 1): Object 'Object Repository/Shared_alert/success_alert' is present

02-01-2024T21:10:31 - [MESSAGE][PASSED] - Object 'Object Repository/Shared_alert/success_alert' is present

02-01-2024T21:10:31 - [TEST_STEP][PASSED] - out.println("success"): null

02-01-2024T21:10:31 - [TEST_STEP][PASSED] - closeBrowser(): Browser is closed

02-01-2024T21:10:31 - [MESSAGE][PASSED] - Browser is closed]]></system-out>
         <system-err><![CDATA[]]></system-err>
      </testcase>
      <testcase name="Test Cases/Report" time="27.119" classname="Test Cases/Report" status="PASSED">
         <system-out><![CDATA[02-01-2024T21:10:32 - [TEST_CASE][PASSED] - Test Cases/Report: Test Cases/Report

02-01-2024T21:10:32 - [TEST_STEP][PASSED] - openBrowser(""): Browser is opened with url: ''

02-01-2024T21:10:32 - [MESSAGE][INFO] - Starting 'Chrome' driver

02-01-2024T21:10:32 - [MESSAGE][INFO] - Action delay is set to 0 milliseconds

02-01-2024T21:10:33 - [MESSAGE][PASSED] - Browser is opened with url: ''

02-01-2024T21:10:33 - [TEST_STEP][PASSED] - navigateToUrl("https://firefly.buudadawg.online/login"): Navigate to 'https://firefly.buudadawg.online/login' successfully

02-01-2024T21:10:36 - [MESSAGE][PASSED] - Navigate to 'https://firefly.buudadawg.online/login' successfully

02-01-2024T21:10:36 - [TEST_STEP][PASSED] - click(findTestObject("Object Repository/Report/Page_Login to Firefly III/p_Sign in to start your session")): Object: 'Object Repository/Report/Page_Login to Firefly III/p_Sign in to start your session' is clicked on

02-01-2024T21:10:36 - [MESSAGE][PASSED] - Object: 'Object Repository/Report/Page_Login to Firefly III/p_Sign in to start your session' is clicked on

02-01-2024T21:10:36 - [TEST_STEP][PASSED] - setText(findTestObject("Object Repository/Report/Page_Login to Firefly III/input_email"), "klot12022002@gmail.com"): Text 'klot12022002@gmail.com' is set on object 'Object Repository/Report/Page_Login to Firefly III/input_email'

02-01-2024T21:10:38 - [MESSAGE][PASSED] - Text 'klot12022002@gmail.com' is set on object 'Object Repository/Report/Page_Login to Firefly III/input_email'

02-01-2024T21:10:38 - [TEST_STEP][PASSED] - setEncryptedText(findTestObject("Object Repository/Report/Page_Login to Firefly III/input_password"), "A0OWLKT5igxVrUm1hOyDrVf3RsK4FPOM"): Text ****** has been set on object 'Object Repository/Report/Page_Login to Firefly III/input_password'

02-01-2024T21:10:38 - [MESSAGE][PASSED] - Text ****** has been set on object 'Object Repository/Report/Page_Login to Firefly III/input_password'

02-01-2024T21:10:38 - [TEST_STEP][PASSED] - click(findTestObject("Object Repository/Report/Page_Login to Firefly III/button_Sign in")): Object: 'Object Repository/Report/Page_Login to Firefly III/button_Sign in' is clicked on

02-01-2024T21:10:39 - [MESSAGE][PASSED] - Object: 'Object Repository/Report/Page_Login to Firefly III/button_Sign in' is clicked on

02-01-2024T21:10:39 - [TEST_STEP][PASSED] - click(findTestObject("Object Repository/Report/Page_Whats playing  Firefly III/span_Reports")): Object: 'Object Repository/Report/Page_Whats playing  Firefly III/span_Reports' is clicked on

02-01-2024T21:10:41 - [MESSAGE][PASSED] - Object: 'Object Repository/Report/Page_Whats playing  Firefly III/span_Reports' is clicked on

02-01-2024T21:10:41 - [TEST_STEP][PASSED] - selectOptionByValue(findTestObject("Object Repository/Report/Page_Reports  Firefly III/select_Default financial report            _3699a2"), report_type, true): All options with value 'default' are selected in object 'Object Repository/Report/Page_Reports  Firefly III/select_Default financial report            _3699a2'  using regular expression

02-01-2024T21:10:42 - [MESSAGE][PASSED] - All options with value 'default' are selected in object 'Object Repository/Report/Page_Reports  Firefly III/select_Default financial report            _3699a2'  using regular expression

02-01-2024T21:10:42 - [TEST_STEP][PASSED] - selectOptionByValue(findTestObject("Object Repository/Report/Page_Reports  Firefly III/input_checkbox"), included_amount, false): All options with value '625' are selected in object 'Object Repository/Report/Page_Reports  Firefly III/input_checkbox' 

02-01-2024T21:10:43 - [MESSAGE][PASSED] - All options with value '625' are selected in object 'Object Repository/Report/Page_Reports  Firefly III/input_checkbox' 

02-01-2024T21:10:43 - [TEST_STEP][PASSED] - setText(findTestObject("Object Repository/Report/Page_Reports  Firefly III/input_daterange"), date_from + " - " + date_to): Text '10/03/2023 - 19-12-2023' is set on object 'Object Repository/Report/Page_Reports  Firefly III/input_daterange'

02-01-2024T21:10:45 - [MESSAGE][PASSED] - Text '10/03/2023 - 19-12-2023' is set on object 'Object Repository/Report/Page_Reports  Firefly III/input_daterange'

02-01-2024T21:10:45 - [TEST_STEP][PASSED] - if (extra_budget && waitForElementPresent(findTestObject("Object Repository/Report/Page_Reports  Firefly III/input_extra_budget"), 1)): null

02-01-2024T21:10:45 - [TEST_STEP][PASSED] - else: null

02-01-2024T21:10:45 - [TEST_STEP][PASSED] - out.println("no extras budget value"): null

02-01-2024T21:10:45 - [TEST_STEP][PASSED] - if (extra_category && waitForElementPresent(findTestObject("Object Repository/Report/Page_Reports  Firefly III/input_extra_category"), 1)): Object 'Object Repository/Report/Page_Reports  Firefly III/input_extra_category' is not present after 1 second(s)

02-01-2024T21:10:47 - [MESSAGE][INFO] - Unable to find the element located by 'By.xpath: //*[@id="inputCategories"]'. Please recheck the objects properties to make sure the desired element is located. 

02-01-2024T21:10:47 - [MESSAGE][WARNING] - [SELF-HEALING] Failed to find element with id 'Object Repository/Report/Page_Reports  Firefly III/input_extra_category'. Try using Self-healing.

02-01-2024T21:10:48 - [MESSAGE][INFO] - [SELF-HEALING] No working XPath is found.

02-01-2024T21:10:48 - [MESSAGE][WARNING] - [SELF-HEALING] Cannot find elements when the selector is null

02-01-2024T21:10:49 - [MESSAGE][INFO] - Unable to find the element located by 'By.xpath: '. Please recheck the objects properties to make sure the desired element is located. 

02-01-2024T21:10:49 - [MESSAGE][WARNING] - Object 'Object Repository/Report/Page_Reports  Firefly III/input_extra_category' is not present after 1 second(s)

02-01-2024T21:10:49 - [TEST_STEP][PASSED] - else: null

02-01-2024T21:10:49 - [TEST_STEP][PASSED] - out.println("no extras category value"): null

02-01-2024T21:10:49 - [TEST_STEP][PASSED] - if (extra_tag && waitForElementPresent(findTestObject("Object Repository/Report/Page_Reports  Firefly III/input_extra_tag"), 1)): null

02-01-2024T21:10:49 - [TEST_STEP][PASSED] - else: null

02-01-2024T21:10:49 - [TEST_STEP][PASSED] - out.println("no extras tag value"): null

02-01-2024T21:10:49 - [TEST_STEP][PASSED] - if (extra_expense && waitForElementPresent(findTestObject("Object Repository/Report/Page_Reports  Firefly III/input_extra_expense"), 1)): Object 'Object Repository/Report/Page_Reports  Firefly III/input_extra_expense' is not present after 1 second(s)

02-01-2024T21:10:52 - [MESSAGE][INFO] - Unable to find the element located by 'By.xpath: //*[@id="inputDoubleAccounts"]'. Please recheck the objects properties to make sure the desired element is located. 

02-01-2024T21:10:52 - [MESSAGE][WARNING] - [SELF-HEALING] Failed to find element with id 'Object Repository/Report/Page_Reports  Firefly III/input_extra_expense'. Try using Self-healing.

02-01-2024T21:10:53 - [MESSAGE][INFO] - [SELF-HEALING] No working XPath is found.

02-01-2024T21:10:53 - [MESSAGE][WARNING] - [SELF-HEALING] Cannot find elements when the selector is null

02-01-2024T21:10:54 - [MESSAGE][INFO] - Unable to find the element located by 'By.xpath: '. Please recheck the objects properties to make sure the desired element is located. 

02-01-2024T21:10:54 - [MESSAGE][WARNING] - Object 'Object Repository/Report/Page_Reports  Firefly III/input_extra_expense' is not present after 1 second(s)

02-01-2024T21:10:54 - [TEST_STEP][PASSED] - else: null

02-01-2024T21:10:54 - [TEST_STEP][PASSED] - out.println("no extras expense value"): null

02-01-2024T21:10:54 - [TEST_STEP][PASSED] - click(findTestObject("Object Repository/Report/Page_Reports  Firefly III/button_Submit")): Object: 'Object Repository/Report/Page_Reports  Firefly III/button_Submit' is clicked on

02-01-2024T21:10:55 - [MESSAGE][PASSED] - Object: 'Object Repository/Report/Page_Reports  Firefly III/button_Submit' is clicked on

02-01-2024T21:10:55 - [TEST_STEP][FAILED] - try: Unable to verify object 'Object Repository/Shared_alert/text_dangers' is present (Root cause: com.kms.katalon.core.exception.StepFailedException: Unable to verify object 'Object Repository/Shared_alert/text_dangers' is present
	at com.kms.katalon.core.webui.keyword.internal.WebUIKeywordMain.stepFailed(WebUIKeywordMain.groovy:64)
	at com.kms.katalon.core.webui.keyword.internal.WebUIKeywordMain.runKeyword(WebUIKeywordMain.groovy:26)
	at com.kms.katalon.core.webui.keyword.builtin.VerifyElementPresentKeyword.verifyElementPresent(VerifyElementPresentKeyword.groovy:92)
	at com.kms.katalon.core.webui.keyword.builtin.VerifyElementPresentKeyword.execute(VerifyElementPresentKeyword.groovy:68)
	at com.kms.katalon.core.keyword.internal.KeywordExecutor.executeKeywordForPlatform(KeywordExecutor.groovy:74)
	at com.kms.katalon.core.webui.keyword.WebUiBuiltInKeywords.verifyElementPresent(WebUiBuiltInKeywords.groovy:1503)
	at Report.run(Report:70)
	at com.kms.katalon.core.main.ScriptEngine.run(ScriptEngine.java:194)
	at com.kms.katalon.core.main.ScriptEngine.runScriptAsRawText(ScriptEngine.java:119)
	at com.kms.katalon.core.main.TestCaseExecutor.runScript(TestCaseExecutor.java:448)
	at com.kms.katalon.core.main.TestCaseExecutor.doExecute(TestCaseExecutor.java:439)
	at com.kms.katalon.core.main.TestCaseExecutor.processExecutionPhase(TestCaseExecutor.java:418)
	at com.kms.katalon.core.main.TestCaseExecutor.accessMainPhase(TestCaseExecutor.java:410)
	at com.kms.katalon.core.main.TestCaseExecutor.execute(TestCaseExecutor.java:285)
	at com.kms.katalon.core.common.CommonExecutor.accessTestCaseMainPhase(CommonExecutor.java:65)
	at com.kms.katalon.core.main.TestSuiteExecutor.accessTestSuiteMainPhase(TestSuiteExecutor.java:148)
	at com.kms.katalon.core.main.TestSuiteExecutor.execute(TestSuiteExecutor.java:106)
	at com.kms.katalon.core.main.TestCaseMain.startTestSuite(TestCaseMain.java:180)
	at TempTestSuite1704204574882.run(TempTestSuite1704204574882.groovy:36)
	at java.base/jdk.internal.reflect.NativeMethodAccessorImpl.invoke0(Native Method)
	at java.base/jdk.internal.reflect.NativeMethodAccessorImpl.invoke(NativeMethodAccessorImpl.java:77)
	at java.base/jdk.internal.reflect.DelegatingMethodAccessorImpl.invoke(DelegatingMethodAccessorImpl.java:43)
Caused by: com.kms.katalon.core.exception.StepFailedException: com.kms.katalon.core.webui.exception.WebElementNotFoundException: Web element with id: 'Object Repository/Shared_alert/text_dangers' located by '.text-danger' not found
	at com.kms.katalon.core.webui.keyword.internal.WebUIKeywordMain.stepFailed(WebUIKeywordMain.groovy:64)
	at com.kms.katalon.core.webui.keyword.builtin.VerifyElementPresentKeyword$_verifyElementPresent_closure1.doCall(VerifyElementPresentKeyword.groovy:85)
	at com.kms.katalon.core.webui.keyword.builtin.VerifyElementPresentKeyword$_verifyElementPresent_closure1.call(VerifyElementPresentKeyword.groovy)
	at com.kms.katalon.core.webui.keyword.internal.WebUIKeywordMain.runKeyword(WebUIKeywordMain.groovy:20)
	... 20 more
)

02-01-2024T21:10:55 - [TEST_STEP][FAILED] - verifyElementPresent(findTestObject("Shared_alert/text_dangers"), 1): Unable to verify object 'Object Repository/Shared_alert/text_dangers' is present (Root cause: com.kms.katalon.core.exception.StepFailedException: Unable to verify object 'Object Repository/Shared_alert/text_dangers' is present
	at com.kms.katalon.core.webui.keyword.internal.WebUIKeywordMain.stepFailed(WebUIKeywordMain.groovy:64)
	at com.kms.katalon.core.webui.keyword.internal.WebUIKeywordMain.runKeyword(WebUIKeywordMain.groovy:26)
	at com.kms.katalon.core.webui.keyword.builtin.VerifyElementPresentKeyword.verifyElementPresent(VerifyElementPresentKeyword.groovy:92)
	at com.kms.katalon.core.webui.keyword.builtin.VerifyElementPresentKeyword.execute(VerifyElementPresentKeyword.groovy:68)
	at com.kms.katalon.core.keyword.internal.KeywordExecutor.executeKeywordForPlatform(KeywordExecutor.groovy:74)
	at com.kms.katalon.core.webui.keyword.WebUiBuiltInKeywords.verifyElementPresent(WebUiBuiltInKeywords.groovy:1503)
	at Report.run(Report:70)
	at com.kms.katalon.core.main.ScriptEngine.run(ScriptEngine.java:194)
	at com.kms.katalon.core.main.ScriptEngine.runScriptAsRawText(ScriptEngine.java:119)
	at com.kms.katalon.core.main.TestCaseExecutor.runScript(TestCaseExecutor.java:448)
	at com.kms.katalon.core.main.TestCaseExecutor.doExecute(TestCaseExecutor.java:439)
	at com.kms.katalon.core.main.TestCaseExecutor.processExecutionPhase(TestCaseExecutor.java:418)
	at com.kms.katalon.core.main.TestCaseExecutor.accessMainPhase(TestCaseExecutor.java:410)
	at com.kms.katalon.core.main.TestCaseExecutor.execute(TestCaseExecutor.java:285)
	at com.kms.katalon.core.common.CommonExecutor.accessTestCaseMainPhase(CommonExecutor.java:65)
	at com.kms.katalon.core.main.TestSuiteExecutor.accessTestSuiteMainPhase(TestSuiteExecutor.java:148)
	at com.kms.katalon.core.main.TestSuiteExecutor.execute(TestSuiteExecutor.java:106)
	at com.kms.katalon.core.main.TestCaseMain.startTestSuite(TestCaseMain.java:180)
	at TempTestSuite1704204574882.run(TempTestSuite1704204574882.groovy:36)
	at java.base/jdk.internal.reflect.NativeMethodAccessorImpl.invoke0(Native Method)
	at java.base/jdk.internal.reflect.NativeMethodAccessorImpl.invoke(NativeMethodAccessorImpl.java:77)
	at java.base/jdk.internal.reflect.DelegatingMethodAccessorImpl.invoke(DelegatingMethodAccessorImpl.java:43)
Caused by: com.kms.katalon.core.exception.StepFailedException: com.kms.katalon.core.webui.exception.WebElementNotFoundException: Web element with id: 'Object Repository/Shared_alert/text_dangers' located by '.text-danger' not found
	at com.kms.katalon.core.webui.keyword.internal.WebUIKeywordMain.stepFailed(WebUIKeywordMain.groovy:64)
	at com.kms.katalon.core.webui.keyword.builtin.VerifyElementPresentKeyword$_verifyElementPresent_closure1.doCall(VerifyElementPresentKeyword.groovy:85)
	at com.kms.katalon.core.webui.keyword.builtin.VerifyElementPresentKeyword$_verifyElementPresent_closure1.call(VerifyElementPresentKeyword.groovy)
	at com.kms.katalon.core.webui.keyword.internal.WebUIKeywordMain.runKeyword(WebUIKeywordMain.groovy:20)
	... 20 more
)

02-01-2024T21:10:57 - [MESSAGE][INFO] - Unable to find the element located by 'By.cssSelector: .text-danger'. Please recheck the objects properties to make sure the desired element is located. 

02-01-2024T21:10:57 - [MESSAGE][FAILED] - com.kms.katalon.core.webui.exception.WebElementNotFoundException: Web element with id: 'Object Repository/Shared_alert/text_dangers' located by '.text-danger' not found (Root cause: com.kms.katalon.core.exception.StepFailedException: com.kms.katalon.core.webui.exception.WebElementNotFoundException: Web element with id: 'Object Repository/Shared_alert/text_dangers' located by '.text-danger' not found
	at com.kms.katalon.core.webui.keyword.internal.WebUIKeywordMain.stepFailed(WebUIKeywordMain.groovy:64)
	at com.kms.katalon.core.webui.keyword.builtin.VerifyElementPresentKeyword$_verifyElementPresent_closure1.doCall(VerifyElementPresentKeyword.groovy:85)
	at com.kms.katalon.core.webui.keyword.builtin.VerifyElementPresentKeyword$_verifyElementPresent_closure1.call(VerifyElementPresentKeyword.groovy)
	at com.kms.katalon.core.webui.keyword.internal.WebUIKeywordMain.runKeyword(WebUIKeywordMain.groovy:20)
	at com.kms.katalon.core.webui.keyword.builtin.VerifyElementPresentKeyword.verifyElementPresent(VerifyElementPresentKeyword.groovy:92)
	at com.kms.katalon.core.webui.keyword.builtin.VerifyElementPresentKeyword.execute(VerifyElementPresentKeyword.groovy:68)
	at com.kms.katalon.core.keyword.internal.KeywordExecutor.executeKeywordForPlatform(KeywordExecutor.groovy:74)
	at com.kms.katalon.core.webui.keyword.WebUiBuiltInKeywords.verifyElementPresent(WebUiBuiltInKeywords.groovy:1503)
	at Report.run(Report:70)
	at com.kms.katalon.core.main.ScriptEngine.run(ScriptEngine.java:194)
	at com.kms.katalon.core.main.ScriptEngine.runScriptAsRawText(ScriptEngine.java:119)
	at com.kms.katalon.core.main.TestCaseExecutor.runScript(TestCaseExecutor.java:448)
	at com.kms.katalon.core.main.TestCaseExecutor.doExecute(TestCaseExecutor.java:439)
	at com.kms.katalon.core.main.TestCaseExecutor.processExecutionPhase(TestCaseExecutor.java:418)
	at com.kms.katalon.core.main.TestCaseExecutor.accessMainPhase(TestCaseExecutor.java:410)
	at com.kms.katalon.core.main.TestCaseExecutor.execute(TestCaseExecutor.java:285)
	at com.kms.katalon.core.common.CommonExecutor.accessTestCaseMainPhase(CommonExecutor.java:65)
	at com.kms.katalon.core.main.TestSuiteExecutor.accessTestSuiteMainPhase(TestSuiteExecutor.java:148)
	at com.kms.katalon.core.main.TestSuiteExecutor.execute(TestSuiteExecutor.java:106)
	at com.kms.katalon.core.main.TestCaseMain.startTestSuite(TestCaseMain.java:180)
	at TempTestSuite1704204574882.run(TempTestSuite1704204574882.groovy:36)
	at java.base/jdk.internal.reflect.NativeMethodAccessorImpl.invoke0(Native Method)
	at java.base/jdk.internal.reflect.NativeMethodAccessorImpl.invoke(NativeMethodAccessorImpl.java:77)
	at java.base/jdk.internal.reflect.DelegatingMethodAccessorImpl.invoke(DelegatingMethodAccessorImpl.java:43)
)
[[ATTACHMENT|C:\\Users\\ACER\\git\\G1_Firefly_testing\\Reports\\20240102_210934\\Report\\20240102_210934\\1704204657300.png]]

02-01-2024T21:10:57 - [MESSAGE][FAILED] - Unable to verify object 'Object Repository/Shared_alert/text_dangers' is present (Root cause: com.kms.katalon.core.exception.StepFailedException: Unable to verify object 'Object Repository/Shared_alert/text_dangers' is present
	at com.kms.katalon.core.webui.keyword.internal.WebUIKeywordMain.stepFailed(WebUIKeywordMain.groovy:64)
	at com.kms.katalon.core.webui.keyword.internal.WebUIKeywordMain.runKeyword(WebUIKeywordMain.groovy:26)
	at com.kms.katalon.core.webui.keyword.builtin.VerifyElementPresentKeyword.verifyElementPresent(VerifyElementPresentKeyword.groovy:92)
	at com.kms.katalon.core.webui.keyword.builtin.VerifyElementPresentKeyword.execute(VerifyElementPresentKeyword.groovy:68)
	at com.kms.katalon.core.keyword.internal.KeywordExecutor.executeKeywordForPlatform(KeywordExecutor.groovy:74)
	at com.kms.katalon.core.webui.keyword.WebUiBuiltInKeywords.verifyElementPresent(WebUiBuiltInKeywords.groovy:1503)
	at Report.run(Report:70)
	at com.kms.katalon.core.main.ScriptEngine.run(ScriptEngine.java:194)
	at com.kms.katalon.core.main.ScriptEngine.runScriptAsRawText(ScriptEngine.java:119)
	at com.kms.katalon.core.main.TestCaseExecutor.runScript(TestCaseExecutor.java:448)
	at com.kms.katalon.core.main.TestCaseExecutor.doExecute(TestCaseExecutor.java:439)
	at com.kms.katalon.core.main.TestCaseExecutor.processExecutionPhase(TestCaseExecutor.java:418)
	at com.kms.katalon.core.main.TestCaseExecutor.accessMainPhase(TestCaseExecutor.java:410)
	at com.kms.katalon.core.main.TestCaseExecutor.execute(TestCaseExecutor.java:285)
	at com.kms.katalon.core.common.CommonExecutor.accessTestCaseMainPhase(CommonExecutor.java:65)
	at com.kms.katalon.core.main.TestSuiteExecutor.accessTestSuiteMainPhase(TestSuiteExecutor.java:148)
	at com.kms.katalon.core.main.TestSuiteExecutor.execute(TestSuiteExecutor.java:106)
	at com.kms.katalon.core.main.TestCaseMain.startTestSuite(TestCaseMain.java:180)
	at TempTestSuite1704204574882.run(TempTestSuite1704204574882.groovy:36)
	at java.base/jdk.internal.reflect.NativeMethodAccessorImpl.invoke0(Native Method)
	at java.base/jdk.internal.reflect.NativeMethodAccessorImpl.invoke(NativeMethodAccessorImpl.java:77)
	at java.base/jdk.internal.reflect.DelegatingMethodAccessorImpl.invoke(DelegatingMethodAccessorImpl.java:43)
Caused by: com.kms.katalon.core.exception.StepFailedException: com.kms.katalon.core.webui.exception.WebElementNotFoundException: Web element with id: 'Object Repository/Shared_alert/text_dangers' located by '.text-danger' not found
	at com.kms.katalon.core.webui.keyword.internal.WebUIKeywordMain.stepFailed(WebUIKeywordMain.groovy:64)
	at com.kms.katalon.core.webui.keyword.builtin.VerifyElementPresentKeyword$_verifyElementPresent_closure1.doCall(VerifyElementPresentKeyword.groovy:85)
	at com.kms.katalon.core.webui.keyword.builtin.VerifyElementPresentKeyword$_verifyElementPresent_closure1.call(VerifyElementPresentKeyword.groovy)
	at com.kms.katalon.core.webui.keyword.internal.WebUIKeywordMain.runKeyword(WebUIKeywordMain.groovy:20)
	... 20 more
)
[[ATTACHMENT|C:\\Users\\ACER\\git\\G1_Firefly_testing\\Reports\\20240102_210934\\Report\\20240102_210934\\1704204657451.png]]

02-01-2024T21:10:57 - [TEST_STEP][PASSED] - catch (Exception err): null

02-01-2024T21:10:57 - [TEST_STEP][PASSED] - verifyElementPresent(findTestObject("Shared_alert/success_alert"), 1): Object 'Object Repository/Shared_alert/success_alert' is present

02-01-2024T21:10:57 - [MESSAGE][PASSED] - Object 'Object Repository/Shared_alert/success_alert' is present

02-01-2024T21:10:57 - [TEST_STEP][PASSED] - out.println("success"): null

02-01-2024T21:10:57 - [TEST_STEP][PASSED] - closeBrowser(): Browser is closed

02-01-2024T21:10:59 - [MESSAGE][PASSED] - Browser is closed]]></system-out>
         <system-err><![CDATA[]]></system-err>
      </testcase>
      <testcase name="Test Cases/Report" time="25.595" classname="Test Cases/Report" status="PASSED">
         <system-out><![CDATA[02-01-2024T21:10:59 - [TEST_CASE][PASSED] - Test Cases/Report: Test Cases/Report

02-01-2024T21:10:59 - [TEST_STEP][PASSED] - openBrowser(""): Browser is opened with url: ''

02-01-2024T21:10:59 - [MESSAGE][INFO] - Starting 'Chrome' driver

02-01-2024T21:10:59 - [MESSAGE][INFO] - Action delay is set to 0 milliseconds

02-01-2024T21:11:00 - [MESSAGE][PASSED] - Browser is opened with url: ''

02-01-2024T21:11:00 - [TEST_STEP][PASSED] - navigateToUrl("https://firefly.buudadawg.online/login"): Navigate to 'https://firefly.buudadawg.online/login' successfully

02-01-2024T21:11:03 - [MESSAGE][PASSED] - Navigate to 'https://firefly.buudadawg.online/login' successfully

02-01-2024T21:11:03 - [TEST_STEP][PASSED] - click(findTestObject("Object Repository/Report/Page_Login to Firefly III/p_Sign in to start your session")): Object: 'Object Repository/Report/Page_Login to Firefly III/p_Sign in to start your session' is clicked on

02-01-2024T21:11:04 - [MESSAGE][PASSED] - Object: 'Object Repository/Report/Page_Login to Firefly III/p_Sign in to start your session' is clicked on

02-01-2024T21:11:04 - [TEST_STEP][PASSED] - setText(findTestObject("Object Repository/Report/Page_Login to Firefly III/input_email"), "klot12022002@gmail.com"): Text 'klot12022002@gmail.com' is set on object 'Object Repository/Report/Page_Login to Firefly III/input_email'

02-01-2024T21:11:05 - [MESSAGE][PASSED] - Text 'klot12022002@gmail.com' is set on object 'Object Repository/Report/Page_Login to Firefly III/input_email'

02-01-2024T21:11:05 - [TEST_STEP][PASSED] - setEncryptedText(findTestObject("Object Repository/Report/Page_Login to Firefly III/input_password"), "A0OWLKT5igxVrUm1hOyDrVf3RsK4FPOM"): Text ****** has been set on object 'Object Repository/Report/Page_Login to Firefly III/input_password'

02-01-2024T21:11:05 - [MESSAGE][PASSED] - Text ****** has been set on object 'Object Repository/Report/Page_Login to Firefly III/input_password'

02-01-2024T21:11:05 - [TEST_STEP][PASSED] - click(findTestObject("Object Repository/Report/Page_Login to Firefly III/button_Sign in")): Object: 'Object Repository/Report/Page_Login to Firefly III/button_Sign in' is clicked on

02-01-2024T21:11:06 - [MESSAGE][PASSED] - Object: 'Object Repository/Report/Page_Login to Firefly III/button_Sign in' is clicked on

02-01-2024T21:11:06 - [TEST_STEP][PASSED] - click(findTestObject("Object Repository/Report/Page_Whats playing  Firefly III/span_Reports")): Object: 'Object Repository/Report/Page_Whats playing  Firefly III/span_Reports' is clicked on

02-01-2024T21:11:08 - [MESSAGE][PASSED] - Object: 'Object Repository/Report/Page_Whats playing  Firefly III/span_Reports' is clicked on

02-01-2024T21:11:08 - [TEST_STEP][PASSED] - selectOptionByValue(findTestObject("Object Repository/Report/Page_Reports  Firefly III/select_Default financial report            _3699a2"), report_type, true): All options with value 'default' are selected in object 'Object Repository/Report/Page_Reports  Firefly III/select_Default financial report            _3699a2'  using regular expression

02-01-2024T21:11:09 - [MESSAGE][PASSED] - All options with value 'default' are selected in object 'Object Repository/Report/Page_Reports  Firefly III/select_Default financial report            _3699a2'  using regular expression

02-01-2024T21:11:09 - [TEST_STEP][PASSED] - selectOptionByValue(findTestObject("Object Repository/Report/Page_Reports  Firefly III/input_checkbox"), included_amount, false): All options with value '621' are selected in object 'Object Repository/Report/Page_Reports  Firefly III/input_checkbox' 

02-01-2024T21:11:10 - [MESSAGE][PASSED] - All options with value '621' are selected in object 'Object Repository/Report/Page_Reports  Firefly III/input_checkbox' 

02-01-2024T21:11:10 - [TEST_STEP][PASSED] - setText(findTestObject("Object Repository/Report/Page_Reports  Firefly III/input_daterange"), date_from + " - " + date_to): Text '09/03/2023 - 20-12-2023' is set on object 'Object Repository/Report/Page_Reports  Firefly III/input_daterange'

02-01-2024T21:11:12 - [MESSAGE][PASSED] - Text '09/03/2023 - 20-12-2023' is set on object 'Object Repository/Report/Page_Reports  Firefly III/input_daterange'

02-01-2024T21:11:12 - [TEST_STEP][PASSED] - if (extra_budget && waitForElementPresent(findTestObject("Object Repository/Report/Page_Reports  Firefly III/input_extra_budget"), 1)): null

02-01-2024T21:11:12 - [TEST_STEP][PASSED] - else: null

02-01-2024T21:11:12 - [TEST_STEP][PASSED] - out.println("no extras budget value"): null

02-01-2024T21:11:12 - [TEST_STEP][PASSED] - if (extra_category && waitForElementPresent(findTestObject("Object Repository/Report/Page_Reports  Firefly III/input_extra_category"), 1)): Object 'Object Repository/Report/Page_Reports  Firefly III/input_extra_category' is not present after 1 second(s)

02-01-2024T21:11:14 - [MESSAGE][INFO] - Unable to find the element located by 'By.xpath: //*[@id="inputCategories"]'. Please recheck the objects properties to make sure the desired element is located. 

02-01-2024T21:11:14 - [MESSAGE][WARNING] - [SELF-HEALING] Failed to find element with id 'Object Repository/Report/Page_Reports  Firefly III/input_extra_category'. Try using Self-healing.

02-01-2024T21:11:15 - [MESSAGE][INFO] - [SELF-HEALING] No working XPath is found.

02-01-2024T21:11:15 - [MESSAGE][WARNING] - [SELF-HEALING] Cannot find elements when the selector is null

02-01-2024T21:11:16 - [MESSAGE][INFO] - Unable to find the element located by 'By.xpath: '. Please recheck the objects properties to make sure the desired element is located. 

02-01-2024T21:11:16 - [MESSAGE][WARNING] - Object 'Object Repository/Report/Page_Reports  Firefly III/input_extra_category' is not present after 1 second(s)

02-01-2024T21:11:16 - [TEST_STEP][PASSED] - else: null

02-01-2024T21:11:16 - [TEST_STEP][PASSED] - out.println("no extras category value"): null

02-01-2024T21:11:16 - [TEST_STEP][PASSED] - if (extra_tag && waitForElementPresent(findTestObject("Object Repository/Report/Page_Reports  Firefly III/input_extra_tag"), 1)): null

02-01-2024T21:11:16 - [TEST_STEP][PASSED] - else: null

02-01-2024T21:11:16 - [TEST_STEP][PASSED] - out.println("no extras tag value"): null

02-01-2024T21:11:16 - [TEST_STEP][PASSED] - if (extra_expense && waitForElementPresent(findTestObject("Object Repository/Report/Page_Reports  Firefly III/input_extra_expense"), 1)): Object 'Object Repository/Report/Page_Reports  Firefly III/input_extra_expense' is not present after 1 second(s)

02-01-2024T21:11:18 - [MESSAGE][INFO] - Unable to find the element located by 'By.xpath: //*[@id="inputDoubleAccounts"]'. Please recheck the objects properties to make sure the desired element is located. 

02-01-2024T21:11:18 - [MESSAGE][WARNING] - [SELF-HEALING] Failed to find element with id 'Object Repository/Report/Page_Reports  Firefly III/input_extra_expense'. Try using Self-healing.

02-01-2024T21:11:19 - [MESSAGE][INFO] - [SELF-HEALING] No working XPath is found.

02-01-2024T21:11:19 - [MESSAGE][WARNING] - [SELF-HEALING] Cannot find elements when the selector is null

02-01-2024T21:11:20 - [MESSAGE][INFO] - Unable to find the element located by 'By.xpath: '. Please recheck the objects properties to make sure the desired element is located. 

02-01-2024T21:11:20 - [MESSAGE][WARNING] - Object 'Object Repository/Report/Page_Reports  Firefly III/input_extra_expense' is not present after 1 second(s)

02-01-2024T21:11:20 - [TEST_STEP][PASSED] - else: null

02-01-2024T21:11:20 - [TEST_STEP][PASSED] - out.println("no extras expense value"): null

02-01-2024T21:11:20 - [TEST_STEP][PASSED] - click(findTestObject("Object Repository/Report/Page_Reports  Firefly III/button_Submit")): Object: 'Object Repository/Report/Page_Reports  Firefly III/button_Submit' is clicked on

02-01-2024T21:11:21 - [MESSAGE][PASSED] - Object: 'Object Repository/Report/Page_Reports  Firefly III/button_Submit' is clicked on

02-01-2024T21:11:21 - [TEST_STEP][FAILED] - try: Unable to verify object 'Object Repository/Shared_alert/text_dangers' is present (Root cause: com.kms.katalon.core.exception.StepFailedException: Unable to verify object 'Object Repository/Shared_alert/text_dangers' is present
	at com.kms.katalon.core.webui.keyword.internal.WebUIKeywordMain.stepFailed(WebUIKeywordMain.groovy:64)
	at com.kms.katalon.core.webui.keyword.internal.WebUIKeywordMain.runKeyword(WebUIKeywordMain.groovy:26)
	at com.kms.katalon.core.webui.keyword.builtin.VerifyElementPresentKeyword.verifyElementPresent(VerifyElementPresentKeyword.groovy:92)
	at com.kms.katalon.core.webui.keyword.builtin.VerifyElementPresentKeyword.execute(VerifyElementPresentKeyword.groovy:68)
	at com.kms.katalon.core.keyword.internal.KeywordExecutor.executeKeywordForPlatform(KeywordExecutor.groovy:74)
	at com.kms.katalon.core.webui.keyword.WebUiBuiltInKeywords.verifyElementPresent(WebUiBuiltInKeywords.groovy:1503)
	at Report.run(Report:70)
	at com.kms.katalon.core.main.ScriptEngine.run(ScriptEngine.java:194)
	at com.kms.katalon.core.main.ScriptEngine.runScriptAsRawText(ScriptEngine.java:119)
	at com.kms.katalon.core.main.TestCaseExecutor.runScript(TestCaseExecutor.java:448)
	at com.kms.katalon.core.main.TestCaseExecutor.doExecute(TestCaseExecutor.java:439)
	at com.kms.katalon.core.main.TestCaseExecutor.processExecutionPhase(TestCaseExecutor.java:418)
	at com.kms.katalon.core.main.TestCaseExecutor.accessMainPhase(TestCaseExecutor.java:410)
	at com.kms.katalon.core.main.TestCaseExecutor.execute(TestCaseExecutor.java:285)
	at com.kms.katalon.core.common.CommonExecutor.accessTestCaseMainPhase(CommonExecutor.java:65)
	at com.kms.katalon.core.main.TestSuiteExecutor.accessTestSuiteMainPhase(TestSuiteExecutor.java:148)
	at com.kms.katalon.core.main.TestSuiteExecutor.execute(TestSuiteExecutor.java:106)
	at com.kms.katalon.core.main.TestCaseMain.startTestSuite(TestCaseMain.java:180)
	at TempTestSuite1704204574882.run(TempTestSuite1704204574882.groovy:36)
	at java.base/jdk.internal.reflect.NativeMethodAccessorImpl.invoke0(Native Method)
	at java.base/jdk.internal.reflect.NativeMethodAccessorImpl.invoke(NativeMethodAccessorImpl.java:77)
	at java.base/jdk.internal.reflect.DelegatingMethodAccessorImpl.invoke(DelegatingMethodAccessorImpl.java:43)
Caused by: com.kms.katalon.core.exception.StepFailedException: com.kms.katalon.core.webui.exception.WebElementNotFoundException: Web element with id: 'Object Repository/Shared_alert/text_dangers' located by '.text-danger' not found
	at com.kms.katalon.core.webui.keyword.internal.WebUIKeywordMain.stepFailed(WebUIKeywordMain.groovy:64)
	at com.kms.katalon.core.webui.keyword.builtin.VerifyElementPresentKeyword$_verifyElementPresent_closure1.doCall(VerifyElementPresentKeyword.groovy:85)
	at com.kms.katalon.core.webui.keyword.builtin.VerifyElementPresentKeyword$_verifyElementPresent_closure1.call(VerifyElementPresentKeyword.groovy)
	at com.kms.katalon.core.webui.keyword.internal.WebUIKeywordMain.runKeyword(WebUIKeywordMain.groovy:20)
	... 20 more
)

02-01-2024T21:11:21 - [TEST_STEP][FAILED] - verifyElementPresent(findTestObject("Shared_alert/text_dangers"), 1): Unable to verify object 'Object Repository/Shared_alert/text_dangers' is present (Root cause: com.kms.katalon.core.exception.StepFailedException: Unable to verify object 'Object Repository/Shared_alert/text_dangers' is present
	at com.kms.katalon.core.webui.keyword.internal.WebUIKeywordMain.stepFailed(WebUIKeywordMain.groovy:64)
	at com.kms.katalon.core.webui.keyword.internal.WebUIKeywordMain.runKeyword(WebUIKeywordMain.groovy:26)
	at com.kms.katalon.core.webui.keyword.builtin.VerifyElementPresentKeyword.verifyElementPresent(VerifyElementPresentKeyword.groovy:92)
	at com.kms.katalon.core.webui.keyword.builtin.VerifyElementPresentKeyword.execute(VerifyElementPresentKeyword.groovy:68)
	at com.kms.katalon.core.keyword.internal.KeywordExecutor.executeKeywordForPlatform(KeywordExecutor.groovy:74)
	at com.kms.katalon.core.webui.keyword.WebUiBuiltInKeywords.verifyElementPresent(WebUiBuiltInKeywords.groovy:1503)
	at Report.run(Report:70)
	at com.kms.katalon.core.main.ScriptEngine.run(ScriptEngine.java:194)
	at com.kms.katalon.core.main.ScriptEngine.runScriptAsRawText(ScriptEngine.java:119)
	at com.kms.katalon.core.main.TestCaseExecutor.runScript(TestCaseExecutor.java:448)
	at com.kms.katalon.core.main.TestCaseExecutor.doExecute(TestCaseExecutor.java:439)
	at com.kms.katalon.core.main.TestCaseExecutor.processExecutionPhase(TestCaseExecutor.java:418)
	at com.kms.katalon.core.main.TestCaseExecutor.accessMainPhase(TestCaseExecutor.java:410)
	at com.kms.katalon.core.main.TestCaseExecutor.execute(TestCaseExecutor.java:285)
	at com.kms.katalon.core.common.CommonExecutor.accessTestCaseMainPhase(CommonExecutor.java:65)
	at com.kms.katalon.core.main.TestSuiteExecutor.accessTestSuiteMainPhase(TestSuiteExecutor.java:148)
	at com.kms.katalon.core.main.TestSuiteExecutor.execute(TestSuiteExecutor.java:106)
	at com.kms.katalon.core.main.TestCaseMain.startTestSuite(TestCaseMain.java:180)
	at TempTestSuite1704204574882.run(TempTestSuite1704204574882.groovy:36)
	at java.base/jdk.internal.reflect.NativeMethodAccessorImpl.invoke0(Native Method)
	at java.base/jdk.internal.reflect.NativeMethodAccessorImpl.invoke(NativeMethodAccessorImpl.java:77)
	at java.base/jdk.internal.reflect.DelegatingMethodAccessorImpl.invoke(DelegatingMethodAccessorImpl.java:43)
Caused by: com.kms.katalon.core.exception.StepFailedException: com.kms.katalon.core.webui.exception.WebElementNotFoundException: Web element with id: 'Object Repository/Shared_alert/text_dangers' located by '.text-danger' not found
	at com.kms.katalon.core.webui.keyword.internal.WebUIKeywordMain.stepFailed(WebUIKeywordMain.groovy:64)
	at com.kms.katalon.core.webui.keyword.builtin.VerifyElementPresentKeyword$_verifyElementPresent_closure1.doCall(VerifyElementPresentKeyword.groovy:85)
	at com.kms.katalon.core.webui.keyword.builtin.VerifyElementPresentKeyword$_verifyElementPresent_closure1.call(VerifyElementPresentKeyword.groovy)
	at com.kms.katalon.core.webui.keyword.internal.WebUIKeywordMain.runKeyword(WebUIKeywordMain.groovy:20)
	... 20 more
)

02-01-2024T21:11:23 - [MESSAGE][INFO] - Unable to find the element located by 'By.cssSelector: .text-danger'. Please recheck the objects properties to make sure the desired element is located. 

02-01-2024T21:11:24 - [MESSAGE][FAILED] - com.kms.katalon.core.webui.exception.WebElementNotFoundException: Web element with id: 'Object Repository/Shared_alert/text_dangers' located by '.text-danger' not found (Root cause: com.kms.katalon.core.exception.StepFailedException: com.kms.katalon.core.webui.exception.WebElementNotFoundException: Web element with id: 'Object Repository/Shared_alert/text_dangers' located by '.text-danger' not found
	at com.kms.katalon.core.webui.keyword.internal.WebUIKeywordMain.stepFailed(WebUIKeywordMain.groovy:64)
	at com.kms.katalon.core.webui.keyword.builtin.VerifyElementPresentKeyword$_verifyElementPresent_closure1.doCall(VerifyElementPresentKeyword.groovy:85)
	at com.kms.katalon.core.webui.keyword.builtin.VerifyElementPresentKeyword$_verifyElementPresent_closure1.call(VerifyElementPresentKeyword.groovy)
	at com.kms.katalon.core.webui.keyword.internal.WebUIKeywordMain.runKeyword(WebUIKeywordMain.groovy:20)
	at com.kms.katalon.core.webui.keyword.builtin.VerifyElementPresentKeyword.verifyElementPresent(VerifyElementPresentKeyword.groovy:92)
	at com.kms.katalon.core.webui.keyword.builtin.VerifyElementPresentKeyword.execute(VerifyElementPresentKeyword.groovy:68)
	at com.kms.katalon.core.keyword.internal.KeywordExecutor.executeKeywordForPlatform(KeywordExecutor.groovy:74)
	at com.kms.katalon.core.webui.keyword.WebUiBuiltInKeywords.verifyElementPresent(WebUiBuiltInKeywords.groovy:1503)
	at Report.run(Report:70)
	at com.kms.katalon.core.main.ScriptEngine.run(ScriptEngine.java:194)
	at com.kms.katalon.core.main.ScriptEngine.runScriptAsRawText(ScriptEngine.java:119)
	at com.kms.katalon.core.main.TestCaseExecutor.runScript(TestCaseExecutor.java:448)
	at com.kms.katalon.core.main.TestCaseExecutor.doExecute(TestCaseExecutor.java:439)
	at com.kms.katalon.core.main.TestCaseExecutor.processExecutionPhase(TestCaseExecutor.java:418)
	at com.kms.katalon.core.main.TestCaseExecutor.accessMainPhase(TestCaseExecutor.java:410)
	at com.kms.katalon.core.main.TestCaseExecutor.execute(TestCaseExecutor.java:285)
	at com.kms.katalon.core.common.CommonExecutor.accessTestCaseMainPhase(CommonExecutor.java:65)
	at com.kms.katalon.core.main.TestSuiteExecutor.accessTestSuiteMainPhase(TestSuiteExecutor.java:148)
	at com.kms.katalon.core.main.TestSuiteExecutor.execute(TestSuiteExecutor.java:106)
	at com.kms.katalon.core.main.TestCaseMain.startTestSuite(TestCaseMain.java:180)
	at TempTestSuite1704204574882.run(TempTestSuite1704204574882.groovy:36)
	at java.base/jdk.internal.reflect.NativeMethodAccessorImpl.invoke0(Native Method)
	at java.base/jdk.internal.reflect.NativeMethodAccessorImpl.invoke(NativeMethodAccessorImpl.java:77)
	at java.base/jdk.internal.reflect.DelegatingMethodAccessorImpl.invoke(DelegatingMethodAccessorImpl.java:43)
)
[[ATTACHMENT|C:\\Users\\ACER\\git\\G1_Firefly_testing\\Reports\\20240102_210934\\Report\\20240102_210934\\1704204683924.png]]

02-01-2024T21:11:24 - [MESSAGE][FAILED] - Unable to verify object 'Object Repository/Shared_alert/text_dangers' is present (Root cause: com.kms.katalon.core.exception.StepFailedException: Unable to verify object 'Object Repository/Shared_alert/text_dangers' is present
	at com.kms.katalon.core.webui.keyword.internal.WebUIKeywordMain.stepFailed(WebUIKeywordMain.groovy:64)
	at com.kms.katalon.core.webui.keyword.internal.WebUIKeywordMain.runKeyword(WebUIKeywordMain.groovy:26)
	at com.kms.katalon.core.webui.keyword.builtin.VerifyElementPresentKeyword.verifyElementPresent(VerifyElementPresentKeyword.groovy:92)
	at com.kms.katalon.core.webui.keyword.builtin.VerifyElementPresentKeyword.execute(VerifyElementPresentKeyword.groovy:68)
	at com.kms.katalon.core.keyword.internal.KeywordExecutor.executeKeywordForPlatform(KeywordExecutor.groovy:74)
	at com.kms.katalon.core.webui.keyword.WebUiBuiltInKeywords.verifyElementPresent(WebUiBuiltInKeywords.groovy:1503)
	at Report.run(Report:70)
	at com.kms.katalon.core.main.ScriptEngine.run(ScriptEngine.java:194)
	at com.kms.katalon.core.main.ScriptEngine.runScriptAsRawText(ScriptEngine.java:119)
	at com.kms.katalon.core.main.TestCaseExecutor.runScript(TestCaseExecutor.java:448)
	at com.kms.katalon.core.main.TestCaseExecutor.doExecute(TestCaseExecutor.java:439)
	at com.kms.katalon.core.main.TestCaseExecutor.processExecutionPhase(TestCaseExecutor.java:418)
	at com.kms.katalon.core.main.TestCaseExecutor.accessMainPhase(TestCaseExecutor.java:410)
	at com.kms.katalon.core.main.TestCaseExecutor.execute(TestCaseExecutor.java:285)
	at com.kms.katalon.core.common.CommonExecutor.accessTestCaseMainPhase(CommonExecutor.java:65)
	at com.kms.katalon.core.main.TestSuiteExecutor.accessTestSuiteMainPhase(TestSuiteExecutor.java:148)
	at com.kms.katalon.core.main.TestSuiteExecutor.execute(TestSuiteExecutor.java:106)
	at com.kms.katalon.core.main.TestCaseMain.startTestSuite(TestCaseMain.java:180)
	at TempTestSuite1704204574882.run(TempTestSuite1704204574882.groovy:36)
	at java.base/jdk.internal.reflect.NativeMethodAccessorImpl.invoke0(Native Method)
	at java.base/jdk.internal.reflect.NativeMethodAccessorImpl.invoke(NativeMethodAccessorImpl.java:77)
	at java.base/jdk.internal.reflect.DelegatingMethodAccessorImpl.invoke(DelegatingMethodAccessorImpl.java:43)
Caused by: com.kms.katalon.core.exception.StepFailedException: com.kms.katalon.core.webui.exception.WebElementNotFoundException: Web element with id: 'Object Repository/Shared_alert/text_dangers' located by '.text-danger' not found
	at com.kms.katalon.core.webui.keyword.internal.WebUIKeywordMain.stepFailed(WebUIKeywordMain.groovy:64)
	at com.kms.katalon.core.webui.keyword.builtin.VerifyElementPresentKeyword$_verifyElementPresent_closure1.doCall(VerifyElementPresentKeyword.groovy:85)
	at com.kms.katalon.core.webui.keyword.builtin.VerifyElementPresentKeyword$_verifyElementPresent_closure1.call(VerifyElementPresentKeyword.groovy)
	at com.kms.katalon.core.webui.keyword.internal.WebUIKeywordMain.runKeyword(WebUIKeywordMain.groovy:20)
	... 20 more
)
[[ATTACHMENT|C:\\Users\\ACER\\git\\G1_Firefly_testing\\Reports\\20240102_210934\\Report\\20240102_210934\\1704204684061.png]]

02-01-2024T21:11:24 - [TEST_STEP][PASSED] - catch (Exception err): null

02-01-2024T21:11:24 - [TEST_STEP][PASSED] - verifyElementPresent(findTestObject("Shared_alert/success_alert"), 1): Object 'Object Repository/Shared_alert/success_alert' is present

02-01-2024T21:11:24 - [MESSAGE][PASSED] - Object 'Object Repository/Shared_alert/success_alert' is present

02-01-2024T21:11:24 - [TEST_STEP][PASSED] - out.println("success"): null

02-01-2024T21:11:24 - [TEST_STEP][PASSED] - closeBrowser(): Browser is closed

02-01-2024T21:11:24 - [MESSAGE][PASSED] - Browser is closed]]></system-out>
         <system-err><![CDATA[]]></system-err>
      </testcase>
      <testcase name="Test Cases/Report" time="22.214" classname="Test Cases/Report" status="PASSED">
         <system-out><![CDATA[02-01-2024T21:11:24 - [TEST_CASE][PASSED] - Test Cases/Report: Test Cases/Report

02-01-2024T21:11:25 - [TEST_STEP][PASSED] - openBrowser(""): Browser is opened with url: ''

02-01-2024T21:11:25 - [MESSAGE][INFO] - Starting 'Chrome' driver

02-01-2024T21:11:25 - [MESSAGE][INFO] - Action delay is set to 0 milliseconds

02-01-2024T21:11:25 - [MESSAGE][PASSED] - Browser is opened with url: ''

02-01-2024T21:11:25 - [TEST_STEP][PASSED] - navigateToUrl("https://firefly.buudadawg.online/login"): Navigate to 'https://firefly.buudadawg.online/login' successfully

02-01-2024T21:11:29 - [MESSAGE][PASSED] - Navigate to 'https://firefly.buudadawg.online/login' successfully

02-01-2024T21:11:29 - [TEST_STEP][PASSED] - click(findTestObject("Object Repository/Report/Page_Login to Firefly III/p_Sign in to start your session")): Object: 'Object Repository/Report/Page_Login to Firefly III/p_Sign in to start your session' is clicked on

02-01-2024T21:11:29 - [MESSAGE][PASSED] - Object: 'Object Repository/Report/Page_Login to Firefly III/p_Sign in to start your session' is clicked on

02-01-2024T21:11:29 - [TEST_STEP][PASSED] - setText(findTestObject("Object Repository/Report/Page_Login to Firefly III/input_email"), "klot12022002@gmail.com"): Text 'klot12022002@gmail.com' is set on object 'Object Repository/Report/Page_Login to Firefly III/input_email'

02-01-2024T21:11:30 - [MESSAGE][PASSED] - Text 'klot12022002@gmail.com' is set on object 'Object Repository/Report/Page_Login to Firefly III/input_email'

02-01-2024T21:11:30 - [TEST_STEP][PASSED] - setEncryptedText(findTestObject("Object Repository/Report/Page_Login to Firefly III/input_password"), "A0OWLKT5igxVrUm1hOyDrVf3RsK4FPOM"): Text ****** has been set on object 'Object Repository/Report/Page_Login to Firefly III/input_password'

02-01-2024T21:11:31 - [MESSAGE][PASSED] - Text ****** has been set on object 'Object Repository/Report/Page_Login to Firefly III/input_password'

02-01-2024T21:11:31 - [TEST_STEP][PASSED] - click(findTestObject("Object Repository/Report/Page_Login to Firefly III/button_Sign in")): Object: 'Object Repository/Report/Page_Login to Firefly III/button_Sign in' is clicked on

02-01-2024T21:11:31 - [MESSAGE][PASSED] - Object: 'Object Repository/Report/Page_Login to Firefly III/button_Sign in' is clicked on

02-01-2024T21:11:31 - [TEST_STEP][PASSED] - click(findTestObject("Object Repository/Report/Page_Whats playing  Firefly III/span_Reports")): Object: 'Object Repository/Report/Page_Whats playing  Firefly III/span_Reports' is clicked on

02-01-2024T21:11:33 - [MESSAGE][PASSED] - Object: 'Object Repository/Report/Page_Whats playing  Firefly III/span_Reports' is clicked on

02-01-2024T21:11:33 - [TEST_STEP][PASSED] - selectOptionByValue(findTestObject("Object Repository/Report/Page_Reports  Firefly III/select_Default financial report            _3699a2"), report_type, true): All options with value 'double' are selected in object 'Object Repository/Report/Page_Reports  Firefly III/select_Default financial report            _3699a2'  using regular expression

02-01-2024T21:11:35 - [MESSAGE][PASSED] - All options with value 'double' are selected in object 'Object Repository/Report/Page_Reports  Firefly III/select_Default financial report            _3699a2'  using regular expression

02-01-2024T21:11:35 - [TEST_STEP][PASSED] - selectOptionByValue(findTestObject("Object Repository/Report/Page_Reports  Firefly III/input_checkbox"), included_amount, false): All options with value '623' are selected in object 'Object Repository/Report/Page_Reports  Firefly III/input_checkbox' 

02-01-2024T21:11:36 - [MESSAGE][PASSED] - All options with value '623' are selected in object 'Object Repository/Report/Page_Reports  Firefly III/input_checkbox' 

02-01-2024T21:11:36 - [TEST_STEP][PASSED] - setText(findTestObject("Object Repository/Report/Page_Reports  Firefly III/input_daterange"), date_from + " - " + date_to): Text '09/14/2023 - 07-12-2023' is set on object 'Object Repository/Report/Page_Reports  Firefly III/input_daterange'

02-01-2024T21:11:37 - [MESSAGE][PASSED] - Text '09/14/2023 - 07-12-2023' is set on object 'Object Repository/Report/Page_Reports  Firefly III/input_daterange'

02-01-2024T21:11:37 - [TEST_STEP][PASSED] - if (extra_budget && waitForElementPresent(findTestObject("Object Repository/Report/Page_Reports  Firefly III/input_extra_budget"), 1)): null

02-01-2024T21:11:37 - [TEST_STEP][PASSED] - else: null

02-01-2024T21:11:37 - [TEST_STEP][PASSED] - out.println("no extras budget value"): null

02-01-2024T21:11:37 - [TEST_STEP][PASSED] - if (extra_category && waitForElementPresent(findTestObject("Object Repository/Report/Page_Reports  Firefly III/input_extra_category"), 1)): Object 'Object Repository/Report/Page_Reports  Firefly III/input_extra_category' is not present after 1 second(s)

02-01-2024T21:11:40 - [MESSAGE][INFO] - Unable to find the element located by 'By.xpath: //*[@id="inputCategories"]'. Please recheck the objects properties to make sure the desired element is located. 

02-01-2024T21:11:40 - [MESSAGE][WARNING] - [SELF-HEALING] Failed to find element with id 'Object Repository/Report/Page_Reports  Firefly III/input_extra_category'. Try using Self-healing.

02-01-2024T21:11:41 - [MESSAGE][INFO] - [SELF-HEALING] No working XPath is found.

02-01-2024T21:11:41 - [MESSAGE][WARNING] - [SELF-HEALING] Cannot find elements when the selector is null

02-01-2024T21:11:42 - [MESSAGE][INFO] - Unable to find the element located by 'By.xpath: '. Please recheck the objects properties to make sure the desired element is located. 

02-01-2024T21:11:42 - [MESSAGE][WARNING] - Object 'Object Repository/Report/Page_Reports  Firefly III/input_extra_category' is not present after 1 second(s)

02-01-2024T21:11:42 - [TEST_STEP][PASSED] - else: null

02-01-2024T21:11:42 - [TEST_STEP][PASSED] - out.println("no extras category value"): null

02-01-2024T21:11:42 - [TEST_STEP][PASSED] - if (extra_tag && waitForElementPresent(findTestObject("Object Repository/Report/Page_Reports  Firefly III/input_extra_tag"), 1)): null

02-01-2024T21:11:42 - [TEST_STEP][PASSED] - else: null

02-01-2024T21:11:42 - [TEST_STEP][PASSED] - out.println("no extras tag value"): null

02-01-2024T21:11:42 - [TEST_STEP][PASSED] - if (extra_expense && waitForElementPresent(findTestObject("Object Repository/Report/Page_Reports  Firefly III/input_extra_expense"), 1)): null

02-01-2024T21:11:42 - [MESSAGE][PASSED] - Object 'Object Repository/Report/Page_Reports  Firefly III/input_extra_expense' is present

02-01-2024T21:11:42 - [TEST_STEP][PASSED] - selectOptionByValue(findTestObject("Object Repository/Report/Page_Reports  Firefly III/input_extra_expense"), extra_expense, false): All options with value '69' are selected in object 'Object Repository/Report/Page_Reports  Firefly III/input_extra_expense' 

02-01-2024T21:11:43 - [MESSAGE][PASSED] - All options with value '69' are selected in object 'Object Repository/Report/Page_Reports  Firefly III/input_extra_expense' 

02-01-2024T21:11:43 - [TEST_STEP][PASSED] - click(findTestObject("Object Repository/Report/Page_Reports  Firefly III/button_Submit")): Object: 'Object Repository/Report/Page_Reports  Firefly III/button_Submit' is clicked on

02-01-2024T21:11:43 - [MESSAGE][PASSED] - Object: 'Object Repository/Report/Page_Reports  Firefly III/button_Submit' is clicked on

02-01-2024T21:11:43 - [TEST_STEP][FAILED] - try: Unable to verify object 'Object Repository/Shared_alert/text_dangers' is present (Root cause: com.kms.katalon.core.exception.StepFailedException: Unable to verify object 'Object Repository/Shared_alert/text_dangers' is present
	at com.kms.katalon.core.webui.keyword.internal.WebUIKeywordMain.stepFailed(WebUIKeywordMain.groovy:64)
	at com.kms.katalon.core.webui.keyword.internal.WebUIKeywordMain.runKeyword(WebUIKeywordMain.groovy:26)
	at com.kms.katalon.core.webui.keyword.builtin.VerifyElementPresentKeyword.verifyElementPresent(VerifyElementPresentKeyword.groovy:92)
	at com.kms.katalon.core.webui.keyword.builtin.VerifyElementPresentKeyword.execute(VerifyElementPresentKeyword.groovy:68)
	at com.kms.katalon.core.keyword.internal.KeywordExecutor.executeKeywordForPlatform(KeywordExecutor.groovy:74)
	at com.kms.katalon.core.webui.keyword.WebUiBuiltInKeywords.verifyElementPresent(WebUiBuiltInKeywords.groovy:1503)
	at Report.run(Report:70)
	at com.kms.katalon.core.main.ScriptEngine.run(ScriptEngine.java:194)
	at com.kms.katalon.core.main.ScriptEngine.runScriptAsRawText(ScriptEngine.java:119)
	at com.kms.katalon.core.main.TestCaseExecutor.runScript(TestCaseExecutor.java:448)
	at com.kms.katalon.core.main.TestCaseExecutor.doExecute(TestCaseExecutor.java:439)
	at com.kms.katalon.core.main.TestCaseExecutor.processExecutionPhase(TestCaseExecutor.java:418)
	at com.kms.katalon.core.main.TestCaseExecutor.accessMainPhase(TestCaseExecutor.java:410)
	at com.kms.katalon.core.main.TestCaseExecutor.execute(TestCaseExecutor.java:285)
	at com.kms.katalon.core.common.CommonExecutor.accessTestCaseMainPhase(CommonExecutor.java:65)
	at com.kms.katalon.core.main.TestSuiteExecutor.accessTestSuiteMainPhase(TestSuiteExecutor.java:148)
	at com.kms.katalon.core.main.TestSuiteExecutor.execute(TestSuiteExecutor.java:106)
	at com.kms.katalon.core.main.TestCaseMain.startTestSuite(TestCaseMain.java:180)
	at TempTestSuite1704204574882.run(TempTestSuite1704204574882.groovy:36)
	at java.base/jdk.internal.reflect.NativeMethodAccessorImpl.invoke0(Native Method)
	at java.base/jdk.internal.reflect.NativeMethodAccessorImpl.invoke(NativeMethodAccessorImpl.java:77)
	at java.base/jdk.internal.reflect.DelegatingMethodAccessorImpl.invoke(DelegatingMethodAccessorImpl.java:43)
Caused by: com.kms.katalon.core.exception.StepFailedException: com.kms.katalon.core.webui.exception.WebElementNotFoundException: Web element with id: 'Object Repository/Shared_alert/text_dangers' located by '.text-danger' not found
	at com.kms.katalon.core.webui.keyword.internal.WebUIKeywordMain.stepFailed(WebUIKeywordMain.groovy:64)
	at com.kms.katalon.core.webui.keyword.builtin.VerifyElementPresentKeyword$_verifyElementPresent_closure1.doCall(VerifyElementPresentKeyword.groovy:85)
	at com.kms.katalon.core.webui.keyword.builtin.VerifyElementPresentKeyword$_verifyElementPresent_closure1.call(VerifyElementPresentKeyword.groovy)
	at com.kms.katalon.core.webui.keyword.internal.WebUIKeywordMain.runKeyword(WebUIKeywordMain.groovy:20)
	... 20 more
)

02-01-2024T21:11:43 - [TEST_STEP][FAILED] - verifyElementPresent(findTestObject("Shared_alert/text_dangers"), 1): Unable to verify object 'Object Repository/Shared_alert/text_dangers' is present (Root cause: com.kms.katalon.core.exception.StepFailedException: Unable to verify object 'Object Repository/Shared_alert/text_dangers' is present
	at com.kms.katalon.core.webui.keyword.internal.WebUIKeywordMain.stepFailed(WebUIKeywordMain.groovy:64)
	at com.kms.katalon.core.webui.keyword.internal.WebUIKeywordMain.runKeyword(WebUIKeywordMain.groovy:26)
	at com.kms.katalon.core.webui.keyword.builtin.VerifyElementPresentKeyword.verifyElementPresent(VerifyElementPresentKeyword.groovy:92)
	at com.kms.katalon.core.webui.keyword.builtin.VerifyElementPresentKeyword.execute(VerifyElementPresentKeyword.groovy:68)
	at com.kms.katalon.core.keyword.internal.KeywordExecutor.executeKeywordForPlatform(KeywordExecutor.groovy:74)
	at com.kms.katalon.core.webui.keyword.WebUiBuiltInKeywords.verifyElementPresent(WebUiBuiltInKeywords.groovy:1503)
	at Report.run(Report:70)
	at com.kms.katalon.core.main.ScriptEngine.run(ScriptEngine.java:194)
	at com.kms.katalon.core.main.ScriptEngine.runScriptAsRawText(ScriptEngine.java:119)
	at com.kms.katalon.core.main.TestCaseExecutor.runScript(TestCaseExecutor.java:448)
	at com.kms.katalon.core.main.TestCaseExecutor.doExecute(TestCaseExecutor.java:439)
	at com.kms.katalon.core.main.TestCaseExecutor.processExecutionPhase(TestCaseExecutor.java:418)
	at com.kms.katalon.core.main.TestCaseExecutor.accessMainPhase(TestCaseExecutor.java:410)
	at com.kms.katalon.core.main.TestCaseExecutor.execute(TestCaseExecutor.java:285)
	at com.kms.katalon.core.common.CommonExecutor.accessTestCaseMainPhase(CommonExecutor.java:65)
	at com.kms.katalon.core.main.TestSuiteExecutor.accessTestSuiteMainPhase(TestSuiteExecutor.java:148)
	at com.kms.katalon.core.main.TestSuiteExecutor.execute(TestSuiteExecutor.java:106)
	at com.kms.katalon.core.main.TestCaseMain.startTestSuite(TestCaseMain.java:180)
	at TempTestSuite1704204574882.run(TempTestSuite1704204574882.groovy:36)
	at java.base/jdk.internal.reflect.NativeMethodAccessorImpl.invoke0(Native Method)
	at java.base/jdk.internal.reflect.NativeMethodAccessorImpl.invoke(NativeMethodAccessorImpl.java:77)
	at java.base/jdk.internal.reflect.DelegatingMethodAccessorImpl.invoke(DelegatingMethodAccessorImpl.java:43)
Caused by: com.kms.katalon.core.exception.StepFailedException: com.kms.katalon.core.webui.exception.WebElementNotFoundException: Web element with id: 'Object Repository/Shared_alert/text_dangers' located by '.text-danger' not found
	at com.kms.katalon.core.webui.keyword.internal.WebUIKeywordMain.stepFailed(WebUIKeywordMain.groovy:64)
	at com.kms.katalon.core.webui.keyword.builtin.VerifyElementPresentKeyword$_verifyElementPresent_closure1.doCall(VerifyElementPresentKeyword.groovy:85)
	at com.kms.katalon.core.webui.keyword.builtin.VerifyElementPresentKeyword$_verifyElementPresent_closure1.call(VerifyElementPresentKeyword.groovy)
	at com.kms.katalon.core.webui.keyword.internal.WebUIKeywordMain.runKeyword(WebUIKeywordMain.groovy:20)
	... 20 more
)

02-01-2024T21:11:46 - [MESSAGE][INFO] - Unable to find the element located by 'By.cssSelector: .text-danger'. Please recheck the objects properties to make sure the desired element is located. 

02-01-2024T21:11:46 - [MESSAGE][FAILED] - com.kms.katalon.core.webui.exception.WebElementNotFoundException: Web element with id: 'Object Repository/Shared_alert/text_dangers' located by '.text-danger' not found (Root cause: com.kms.katalon.core.exception.StepFailedException: com.kms.katalon.core.webui.exception.WebElementNotFoundException: Web element with id: 'Object Repository/Shared_alert/text_dangers' located by '.text-danger' not found
	at com.kms.katalon.core.webui.keyword.internal.WebUIKeywordMain.stepFailed(WebUIKeywordMain.groovy:64)
	at com.kms.katalon.core.webui.keyword.builtin.VerifyElementPresentKeyword$_verifyElementPresent_closure1.doCall(VerifyElementPresentKeyword.groovy:85)
	at com.kms.katalon.core.webui.keyword.builtin.VerifyElementPresentKeyword$_verifyElementPresent_closure1.call(VerifyElementPresentKeyword.groovy)
	at com.kms.katalon.core.webui.keyword.internal.WebUIKeywordMain.runKeyword(WebUIKeywordMain.groovy:20)
	at com.kms.katalon.core.webui.keyword.builtin.VerifyElementPresentKeyword.verifyElementPresent(VerifyElementPresentKeyword.groovy:92)
	at com.kms.katalon.core.webui.keyword.builtin.VerifyElementPresentKeyword.execute(VerifyElementPresentKeyword.groovy:68)
	at com.kms.katalon.core.keyword.internal.KeywordExecutor.executeKeywordForPlatform(KeywordExecutor.groovy:74)
	at com.kms.katalon.core.webui.keyword.WebUiBuiltInKeywords.verifyElementPresent(WebUiBuiltInKeywords.groovy:1503)
	at Report.run(Report:70)
	at com.kms.katalon.core.main.ScriptEngine.run(ScriptEngine.java:194)
	at com.kms.katalon.core.main.ScriptEngine.runScriptAsRawText(ScriptEngine.java:119)
	at com.kms.katalon.core.main.TestCaseExecutor.runScript(TestCaseExecutor.java:448)
	at com.kms.katalon.core.main.TestCaseExecutor.doExecute(TestCaseExecutor.java:439)
	at com.kms.katalon.core.main.TestCaseExecutor.processExecutionPhase(TestCaseExecutor.java:418)
	at com.kms.katalon.core.main.TestCaseExecutor.accessMainPhase(TestCaseExecutor.java:410)
	at com.kms.katalon.core.main.TestCaseExecutor.execute(TestCaseExecutor.java:285)
	at com.kms.katalon.core.common.CommonExecutor.accessTestCaseMainPhase(CommonExecutor.java:65)
	at com.kms.katalon.core.main.TestSuiteExecutor.accessTestSuiteMainPhase(TestSuiteExecutor.java:148)
	at com.kms.katalon.core.main.TestSuiteExecutor.execute(TestSuiteExecutor.java:106)
	at com.kms.katalon.core.main.TestCaseMain.startTestSuite(TestCaseMain.java:180)
	at TempTestSuite1704204574882.run(TempTestSuite1704204574882.groovy:36)
	at java.base/jdk.internal.reflect.NativeMethodAccessorImpl.invoke0(Native Method)
	at java.base/jdk.internal.reflect.NativeMethodAccessorImpl.invoke(NativeMethodAccessorImpl.java:77)
	at java.base/jdk.internal.reflect.DelegatingMethodAccessorImpl.invoke(DelegatingMethodAccessorImpl.java:43)
)
[[ATTACHMENT|C:\\Users\\ACER\\git\\G1_Firefly_testing\\Reports\\20240102_210934\\Report\\20240102_210934\\1704204706193.png]]

02-01-2024T21:11:46 - [MESSAGE][FAILED] - Unable to verify object 'Object Repository/Shared_alert/text_dangers' is present (Root cause: com.kms.katalon.core.exception.StepFailedException: Unable to verify object 'Object Repository/Shared_alert/text_dangers' is present
	at com.kms.katalon.core.webui.keyword.internal.WebUIKeywordMain.stepFailed(WebUIKeywordMain.groovy:64)
	at com.kms.katalon.core.webui.keyword.internal.WebUIKeywordMain.runKeyword(WebUIKeywordMain.groovy:26)
	at com.kms.katalon.core.webui.keyword.builtin.VerifyElementPresentKeyword.verifyElementPresent(VerifyElementPresentKeyword.groovy:92)
	at com.kms.katalon.core.webui.keyword.builtin.VerifyElementPresentKeyword.execute(VerifyElementPresentKeyword.groovy:68)
	at com.kms.katalon.core.keyword.internal.KeywordExecutor.executeKeywordForPlatform(KeywordExecutor.groovy:74)
	at com.kms.katalon.core.webui.keyword.WebUiBuiltInKeywords.verifyElementPresent(WebUiBuiltInKeywords.groovy:1503)
	at Report.run(Report:70)
	at com.kms.katalon.core.main.ScriptEngine.run(ScriptEngine.java:194)
	at com.kms.katalon.core.main.ScriptEngine.runScriptAsRawText(ScriptEngine.java:119)
	at com.kms.katalon.core.main.TestCaseExecutor.runScript(TestCaseExecutor.java:448)
	at com.kms.katalon.core.main.TestCaseExecutor.doExecute(TestCaseExecutor.java:439)
	at com.kms.katalon.core.main.TestCaseExecutor.processExecutionPhase(TestCaseExecutor.java:418)
	at com.kms.katalon.core.main.TestCaseExecutor.accessMainPhase(TestCaseExecutor.java:410)
	at com.kms.katalon.core.main.TestCaseExecutor.execute(TestCaseExecutor.java:285)
	at com.kms.katalon.core.common.CommonExecutor.accessTestCaseMainPhase(CommonExecutor.java:65)
	at com.kms.katalon.core.main.TestSuiteExecutor.accessTestSuiteMainPhase(TestSuiteExecutor.java:148)
	at com.kms.katalon.core.main.TestSuiteExecutor.execute(TestSuiteExecutor.java:106)
	at com.kms.katalon.core.main.TestCaseMain.startTestSuite(TestCaseMain.java:180)
	at TempTestSuite1704204574882.run(TempTestSuite1704204574882.groovy:36)
	at java.base/jdk.internal.reflect.NativeMethodAccessorImpl.invoke0(Native Method)
	at java.base/jdk.internal.reflect.NativeMethodAccessorImpl.invoke(NativeMethodAccessorImpl.java:77)
	at java.base/jdk.internal.reflect.DelegatingMethodAccessorImpl.invoke(DelegatingMethodAccessorImpl.java:43)
Caused by: com.kms.katalon.core.exception.StepFailedException: com.kms.katalon.core.webui.exception.WebElementNotFoundException: Web element with id: 'Object Repository/Shared_alert/text_dangers' located by '.text-danger' not found
	at com.kms.katalon.core.webui.keyword.internal.WebUIKeywordMain.stepFailed(WebUIKeywordMain.groovy:64)
	at com.kms.katalon.core.webui.keyword.builtin.VerifyElementPresentKeyword$_verifyElementPresent_closure1.doCall(VerifyElementPresentKeyword.groovy:85)
	at com.kms.katalon.core.webui.keyword.builtin.VerifyElementPresentKeyword$_verifyElementPresent_closure1.call(VerifyElementPresentKeyword.groovy)
	at com.kms.katalon.core.webui.keyword.internal.WebUIKeywordMain.runKeyword(WebUIKeywordMain.groovy:20)
	... 20 more
)
[[ATTACHMENT|C:\\Users\\ACER\\git\\G1_Firefly_testing\\Reports\\20240102_210934\\Report\\20240102_210934\\1704204706379.png]]

02-01-2024T21:11:46 - [TEST_STEP][PASSED] - catch (Exception err): null

02-01-2024T21:11:46 - [TEST_STEP][PASSED] - verifyElementPresent(findTestObject("Shared_alert/success_alert"), 1): Object 'Object Repository/Shared_alert/success_alert' is present

02-01-2024T21:11:46 - [MESSAGE][PASSED] - Object 'Object Repository/Shared_alert/success_alert' is present

02-01-2024T21:11:46 - [TEST_STEP][PASSED] - out.println("success"): null

02-01-2024T21:11:46 - [TEST_STEP][PASSED] - closeBrowser(): Browser is closed

02-01-2024T21:11:47 - [MESSAGE][PASSED] - Browser is closed]]></system-out>
         <system-err><![CDATA[]]></system-err>
      </testcase>
      <testcase name="Test Cases/Report" time="25.859" classname="Test Cases/Report" status="PASSED">
         <system-out><![CDATA[02-01-2024T21:11:47 - [TEST_CASE][PASSED] - Test Cases/Report: Test Cases/Report

02-01-2024T21:11:47 - [TEST_STEP][PASSED] - openBrowser(""): Browser is opened with url: ''

02-01-2024T21:11:47 - [MESSAGE][INFO] - Starting 'Chrome' driver

02-01-2024T21:11:47 - [MESSAGE][INFO] - Action delay is set to 0 milliseconds

02-01-2024T21:11:48 - [MESSAGE][PASSED] - Browser is opened with url: ''

02-01-2024T21:11:48 - [TEST_STEP][PASSED] - navigateToUrl("https://firefly.buudadawg.online/login"): Navigate to 'https://firefly.buudadawg.online/login' successfully

02-01-2024T21:11:51 - [MESSAGE][PASSED] - Navigate to 'https://firefly.buudadawg.online/login' successfully

02-01-2024T21:11:51 - [TEST_STEP][PASSED] - click(findTestObject("Object Repository/Report/Page_Login to Firefly III/p_Sign in to start your session")): Object: 'Object Repository/Report/Page_Login to Firefly III/p_Sign in to start your session' is clicked on

02-01-2024T21:11:52 - [MESSAGE][PASSED] - Object: 'Object Repository/Report/Page_Login to Firefly III/p_Sign in to start your session' is clicked on

02-01-2024T21:11:52 - [TEST_STEP][PASSED] - setText(findTestObject("Object Repository/Report/Page_Login to Firefly III/input_email"), "klot12022002@gmail.com"): Text 'klot12022002@gmail.com' is set on object 'Object Repository/Report/Page_Login to Firefly III/input_email'

02-01-2024T21:11:53 - [MESSAGE][PASSED] - Text 'klot12022002@gmail.com' is set on object 'Object Repository/Report/Page_Login to Firefly III/input_email'

02-01-2024T21:11:53 - [TEST_STEP][PASSED] - setEncryptedText(findTestObject("Object Repository/Report/Page_Login to Firefly III/input_password"), "A0OWLKT5igxVrUm1hOyDrVf3RsK4FPOM"): Text ****** has been set on object 'Object Repository/Report/Page_Login to Firefly III/input_password'

02-01-2024T21:11:53 - [MESSAGE][PASSED] - Text ****** has been set on object 'Object Repository/Report/Page_Login to Firefly III/input_password'

02-01-2024T21:11:53 - [TEST_STEP][PASSED] - click(findTestObject("Object Repository/Report/Page_Login to Firefly III/button_Sign in")): Object: 'Object Repository/Report/Page_Login to Firefly III/button_Sign in' is clicked on

02-01-2024T21:11:54 - [MESSAGE][PASSED] - Object: 'Object Repository/Report/Page_Login to Firefly III/button_Sign in' is clicked on

02-01-2024T21:11:54 - [TEST_STEP][PASSED] - click(findTestObject("Object Repository/Report/Page_Whats playing  Firefly III/span_Reports")): Object: 'Object Repository/Report/Page_Whats playing  Firefly III/span_Reports' is clicked on

02-01-2024T21:11:56 - [MESSAGE][PASSED] - Object: 'Object Repository/Report/Page_Whats playing  Firefly III/span_Reports' is clicked on

02-01-2024T21:11:56 - [TEST_STEP][PASSED] - selectOptionByValue(findTestObject("Object Repository/Report/Page_Reports  Firefly III/select_Default financial report            _3699a2"), report_type, true): All options with value 'audit' are selected in object 'Object Repository/Report/Page_Reports  Firefly III/select_Default financial report            _3699a2'  using regular expression

02-01-2024T21:11:58 - [MESSAGE][PASSED] - All options with value 'audit' are selected in object 'Object Repository/Report/Page_Reports  Firefly III/select_Default financial report            _3699a2'  using regular expression

02-01-2024T21:11:58 - [TEST_STEP][PASSED] - selectOptionByValue(findTestObject("Object Repository/Report/Page_Reports  Firefly III/input_checkbox"), included_amount, false): All options with value '620' are selected in object 'Object Repository/Report/Page_Reports  Firefly III/input_checkbox' 

02-01-2024T21:11:59 - [MESSAGE][PASSED] - All options with value '620' are selected in object 'Object Repository/Report/Page_Reports  Firefly III/input_checkbox' 

02-01-2024T21:11:59 - [TEST_STEP][PASSED] - setText(findTestObject("Object Repository/Report/Page_Reports  Firefly III/input_daterange"), date_from + " - " + date_to): Text '11/21/2023 - 13-12-2023' is set on object 'Object Repository/Report/Page_Reports  Firefly III/input_daterange'

02-01-2024T21:12:00 - [MESSAGE][PASSED] - Text '11/21/2023 - 13-12-2023' is set on object 'Object Repository/Report/Page_Reports  Firefly III/input_daterange'

02-01-2024T21:12:00 - [TEST_STEP][PASSED] - if (extra_budget && waitForElementPresent(findTestObject("Object Repository/Report/Page_Reports  Firefly III/input_extra_budget"), 1)): null

02-01-2024T21:12:00 - [TEST_STEP][PASSED] - else: null

02-01-2024T21:12:00 - [TEST_STEP][PASSED] - out.println("no extras budget value"): null

02-01-2024T21:12:00 - [TEST_STEP][PASSED] - if (extra_category && waitForElementPresent(findTestObject("Object Repository/Report/Page_Reports  Firefly III/input_extra_category"), 1)): Object 'Object Repository/Report/Page_Reports  Firefly III/input_extra_category' is not present after 1 second(s)

02-01-2024T21:12:02 - [MESSAGE][INFO] - Unable to find the element located by 'By.xpath: //*[@id="inputCategories"]'. Please recheck the objects properties to make sure the desired element is located. 

02-01-2024T21:12:02 - [MESSAGE][WARNING] - [SELF-HEALING] Failed to find element with id 'Object Repository/Report/Page_Reports  Firefly III/input_extra_category'. Try using Self-healing.

02-01-2024T21:12:03 - [MESSAGE][INFO] - [SELF-HEALING] No working XPath is found.

02-01-2024T21:12:03 - [MESSAGE][WARNING] - [SELF-HEALING] Cannot find elements when the selector is null

02-01-2024T21:12:04 - [MESSAGE][INFO] - Unable to find the element located by 'By.xpath: '. Please recheck the objects properties to make sure the desired element is located. 

02-01-2024T21:12:04 - [MESSAGE][WARNING] - Object 'Object Repository/Report/Page_Reports  Firefly III/input_extra_category' is not present after 1 second(s)

02-01-2024T21:12:04 - [TEST_STEP][PASSED] - else: null

02-01-2024T21:12:04 - [TEST_STEP][PASSED] - out.println("no extras category value"): null

02-01-2024T21:12:04 - [TEST_STEP][PASSED] - if (extra_tag && waitForElementPresent(findTestObject("Object Repository/Report/Page_Reports  Firefly III/input_extra_tag"), 1)): null

02-01-2024T21:12:04 - [TEST_STEP][PASSED] - else: null

02-01-2024T21:12:04 - [TEST_STEP][PASSED] - out.println("no extras tag value"): null

02-01-2024T21:12:04 - [TEST_STEP][PASSED] - if (extra_expense && waitForElementPresent(findTestObject("Object Repository/Report/Page_Reports  Firefly III/input_extra_expense"), 1)): Object 'Object Repository/Report/Page_Reports  Firefly III/input_extra_expense' is not present after 1 second(s)

02-01-2024T21:12:07 - [MESSAGE][INFO] - Unable to find the element located by 'By.xpath: //*[@id="inputDoubleAccounts"]'. Please recheck the objects properties to make sure the desired element is located. 

02-01-2024T21:12:07 - [MESSAGE][WARNING] - [SELF-HEALING] Failed to find element with id 'Object Repository/Report/Page_Reports  Firefly III/input_extra_expense'. Try using Self-healing.

02-01-2024T21:12:08 - [MESSAGE][INFO] - [SELF-HEALING] No working XPath is found.

02-01-2024T21:12:08 - [MESSAGE][WARNING] - [SELF-HEALING] Cannot find elements when the selector is null

02-01-2024T21:12:09 - [MESSAGE][INFO] - Unable to find the element located by 'By.xpath: '. Please recheck the objects properties to make sure the desired element is located. 

02-01-2024T21:12:09 - [MESSAGE][WARNING] - Object 'Object Repository/Report/Page_Reports  Firefly III/input_extra_expense' is not present after 1 second(s)

02-01-2024T21:12:09 - [TEST_STEP][PASSED] - else: null

02-01-2024T21:12:09 - [TEST_STEP][PASSED] - out.println("no extras expense value"): null

02-01-2024T21:12:09 - [TEST_STEP][PASSED] - click(findTestObject("Object Repository/Report/Page_Reports  Firefly III/button_Submit")): Object: 'Object Repository/Report/Page_Reports  Firefly III/button_Submit' is clicked on

02-01-2024T21:12:09 - [MESSAGE][PASSED] - Object: 'Object Repository/Report/Page_Reports  Firefly III/button_Submit' is clicked on

02-01-2024T21:12:09 - [TEST_STEP][FAILED] - try: Unable to verify object 'Object Repository/Shared_alert/text_dangers' is present (Root cause: com.kms.katalon.core.exception.StepFailedException: Unable to verify object 'Object Repository/Shared_alert/text_dangers' is present
	at com.kms.katalon.core.webui.keyword.internal.WebUIKeywordMain.stepFailed(WebUIKeywordMain.groovy:64)
	at com.kms.katalon.core.webui.keyword.internal.WebUIKeywordMain.runKeyword(WebUIKeywordMain.groovy:26)
	at com.kms.katalon.core.webui.keyword.builtin.VerifyElementPresentKeyword.verifyElementPresent(VerifyElementPresentKeyword.groovy:92)
	at com.kms.katalon.core.webui.keyword.builtin.VerifyElementPresentKeyword.execute(VerifyElementPresentKeyword.groovy:68)
	at com.kms.katalon.core.keyword.internal.KeywordExecutor.executeKeywordForPlatform(KeywordExecutor.groovy:74)
	at com.kms.katalon.core.webui.keyword.WebUiBuiltInKeywords.verifyElementPresent(WebUiBuiltInKeywords.groovy:1503)
	at Report.run(Report:70)
	at com.kms.katalon.core.main.ScriptEngine.run(ScriptEngine.java:194)
	at com.kms.katalon.core.main.ScriptEngine.runScriptAsRawText(ScriptEngine.java:119)
	at com.kms.katalon.core.main.TestCaseExecutor.runScript(TestCaseExecutor.java:448)
	at com.kms.katalon.core.main.TestCaseExecutor.doExecute(TestCaseExecutor.java:439)
	at com.kms.katalon.core.main.TestCaseExecutor.processExecutionPhase(TestCaseExecutor.java:418)
	at com.kms.katalon.core.main.TestCaseExecutor.accessMainPhase(TestCaseExecutor.java:410)
	at com.kms.katalon.core.main.TestCaseExecutor.execute(TestCaseExecutor.java:285)
	at com.kms.katalon.core.common.CommonExecutor.accessTestCaseMainPhase(CommonExecutor.java:65)
	at com.kms.katalon.core.main.TestSuiteExecutor.accessTestSuiteMainPhase(TestSuiteExecutor.java:148)
	at com.kms.katalon.core.main.TestSuiteExecutor.execute(TestSuiteExecutor.java:106)
	at com.kms.katalon.core.main.TestCaseMain.startTestSuite(TestCaseMain.java:180)
	at TempTestSuite1704204574882.run(TempTestSuite1704204574882.groovy:36)
	at java.base/jdk.internal.reflect.NativeMethodAccessorImpl.invoke0(Native Method)
	at java.base/jdk.internal.reflect.NativeMethodAccessorImpl.invoke(NativeMethodAccessorImpl.java:77)
	at java.base/jdk.internal.reflect.DelegatingMethodAccessorImpl.invoke(DelegatingMethodAccessorImpl.java:43)
Caused by: com.kms.katalon.core.exception.StepFailedException: com.kms.katalon.core.webui.exception.WebElementNotFoundException: Web element with id: 'Object Repository/Shared_alert/text_dangers' located by '.text-danger' not found
	at com.kms.katalon.core.webui.keyword.internal.WebUIKeywordMain.stepFailed(WebUIKeywordMain.groovy:64)
	at com.kms.katalon.core.webui.keyword.builtin.VerifyElementPresentKeyword$_verifyElementPresent_closure1.doCall(VerifyElementPresentKeyword.groovy:85)
	at com.kms.katalon.core.webui.keyword.builtin.VerifyElementPresentKeyword$_verifyElementPresent_closure1.call(VerifyElementPresentKeyword.groovy)
	at com.kms.katalon.core.webui.keyword.internal.WebUIKeywordMain.runKeyword(WebUIKeywordMain.groovy:20)
	... 20 more
)

02-01-2024T21:12:09 - [TEST_STEP][FAILED] - verifyElementPresent(findTestObject("Shared_alert/text_dangers"), 1): Unable to verify object 'Object Repository/Shared_alert/text_dangers' is present (Root cause: com.kms.katalon.core.exception.StepFailedException: Unable to verify object 'Object Repository/Shared_alert/text_dangers' is present
	at com.kms.katalon.core.webui.keyword.internal.WebUIKeywordMain.stepFailed(WebUIKeywordMain.groovy:64)
	at com.kms.katalon.core.webui.keyword.internal.WebUIKeywordMain.runKeyword(WebUIKeywordMain.groovy:26)
	at com.kms.katalon.core.webui.keyword.builtin.VerifyElementPresentKeyword.verifyElementPresent(VerifyElementPresentKeyword.groovy:92)
	at com.kms.katalon.core.webui.keyword.builtin.VerifyElementPresentKeyword.execute(VerifyElementPresentKeyword.groovy:68)
	at com.kms.katalon.core.keyword.internal.KeywordExecutor.executeKeywordForPlatform(KeywordExecutor.groovy:74)
	at com.kms.katalon.core.webui.keyword.WebUiBuiltInKeywords.verifyElementPresent(WebUiBuiltInKeywords.groovy:1503)
	at Report.run(Report:70)
	at com.kms.katalon.core.main.ScriptEngine.run(ScriptEngine.java:194)
	at com.kms.katalon.core.main.ScriptEngine.runScriptAsRawText(ScriptEngine.java:119)
	at com.kms.katalon.core.main.TestCaseExecutor.runScript(TestCaseExecutor.java:448)
	at com.kms.katalon.core.main.TestCaseExecutor.doExecute(TestCaseExecutor.java:439)
	at com.kms.katalon.core.main.TestCaseExecutor.processExecutionPhase(TestCaseExecutor.java:418)
	at com.kms.katalon.core.main.TestCaseExecutor.accessMainPhase(TestCaseExecutor.java:410)
	at com.kms.katalon.core.main.TestCaseExecutor.execute(TestCaseExecutor.java:285)
	at com.kms.katalon.core.common.CommonExecutor.accessTestCaseMainPhase(CommonExecutor.java:65)
	at com.kms.katalon.core.main.TestSuiteExecutor.accessTestSuiteMainPhase(TestSuiteExecutor.java:148)
	at com.kms.katalon.core.main.TestSuiteExecutor.execute(TestSuiteExecutor.java:106)
	at com.kms.katalon.core.main.TestCaseMain.startTestSuite(TestCaseMain.java:180)
	at TempTestSuite1704204574882.run(TempTestSuite1704204574882.groovy:36)
	at java.base/jdk.internal.reflect.NativeMethodAccessorImpl.invoke0(Native Method)
	at java.base/jdk.internal.reflect.NativeMethodAccessorImpl.invoke(NativeMethodAccessorImpl.java:77)
	at java.base/jdk.internal.reflect.DelegatingMethodAccessorImpl.invoke(DelegatingMethodAccessorImpl.java:43)
Caused by: com.kms.katalon.core.exception.StepFailedException: com.kms.katalon.core.webui.exception.WebElementNotFoundException: Web element with id: 'Object Repository/Shared_alert/text_dangers' located by '.text-danger' not found
	at com.kms.katalon.core.webui.keyword.internal.WebUIKeywordMain.stepFailed(WebUIKeywordMain.groovy:64)
	at com.kms.katalon.core.webui.keyword.builtin.VerifyElementPresentKeyword$_verifyElementPresent_closure1.doCall(VerifyElementPresentKeyword.groovy:85)
	at com.kms.katalon.core.webui.keyword.builtin.VerifyElementPresentKeyword$_verifyElementPresent_closure1.call(VerifyElementPresentKeyword.groovy)
	at com.kms.katalon.core.webui.keyword.internal.WebUIKeywordMain.runKeyword(WebUIKeywordMain.groovy:20)
	... 20 more
)

02-01-2024T21:12:12 - [MESSAGE][INFO] - Unable to find the element located by 'By.cssSelector: .text-danger'. Please recheck the objects properties to make sure the desired element is located. 

02-01-2024T21:12:12 - [MESSAGE][FAILED] - com.kms.katalon.core.webui.exception.WebElementNotFoundException: Web element with id: 'Object Repository/Shared_alert/text_dangers' located by '.text-danger' not found (Root cause: com.kms.katalon.core.exception.StepFailedException: com.kms.katalon.core.webui.exception.WebElementNotFoundException: Web element with id: 'Object Repository/Shared_alert/text_dangers' located by '.text-danger' not found
	at com.kms.katalon.core.webui.keyword.internal.WebUIKeywordMain.stepFailed(WebUIKeywordMain.groovy:64)
	at com.kms.katalon.core.webui.keyword.builtin.VerifyElementPresentKeyword$_verifyElementPresent_closure1.doCall(VerifyElementPresentKeyword.groovy:85)
	at com.kms.katalon.core.webui.keyword.builtin.VerifyElementPresentKeyword$_verifyElementPresent_closure1.call(VerifyElementPresentKeyword.groovy)
	at com.kms.katalon.core.webui.keyword.internal.WebUIKeywordMain.runKeyword(WebUIKeywordMain.groovy:20)
	at com.kms.katalon.core.webui.keyword.builtin.VerifyElementPresentKeyword.verifyElementPresent(VerifyElementPresentKeyword.groovy:92)
	at com.kms.katalon.core.webui.keyword.builtin.VerifyElementPresentKeyword.execute(VerifyElementPresentKeyword.groovy:68)
	at com.kms.katalon.core.keyword.internal.KeywordExecutor.executeKeywordForPlatform(KeywordExecutor.groovy:74)
	at com.kms.katalon.core.webui.keyword.WebUiBuiltInKeywords.verifyElementPresent(WebUiBuiltInKeywords.groovy:1503)
	at Report.run(Report:70)
	at com.kms.katalon.core.main.ScriptEngine.run(ScriptEngine.java:194)
	at com.kms.katalon.core.main.ScriptEngine.runScriptAsRawText(ScriptEngine.java:119)
	at com.kms.katalon.core.main.TestCaseExecutor.runScript(TestCaseExecutor.java:448)
	at com.kms.katalon.core.main.TestCaseExecutor.doExecute(TestCaseExecutor.java:439)
	at com.kms.katalon.core.main.TestCaseExecutor.processExecutionPhase(TestCaseExecutor.java:418)
	at com.kms.katalon.core.main.TestCaseExecutor.accessMainPhase(TestCaseExecutor.java:410)
	at com.kms.katalon.core.main.TestCaseExecutor.execute(TestCaseExecutor.java:285)
	at com.kms.katalon.core.common.CommonExecutor.accessTestCaseMainPhase(CommonExecutor.java:65)
	at com.kms.katalon.core.main.TestSuiteExecutor.accessTestSuiteMainPhase(TestSuiteExecutor.java:148)
	at com.kms.katalon.core.main.TestSuiteExecutor.execute(TestSuiteExecutor.java:106)
	at com.kms.katalon.core.main.TestCaseMain.startTestSuite(TestCaseMain.java:180)
	at TempTestSuite1704204574882.run(TempTestSuite1704204574882.groovy:36)
	at java.base/jdk.internal.reflect.NativeMethodAccessorImpl.invoke0(Native Method)
	at java.base/jdk.internal.reflect.NativeMethodAccessorImpl.invoke(NativeMethodAccessorImpl.java:77)
	at java.base/jdk.internal.reflect.DelegatingMethodAccessorImpl.invoke(DelegatingMethodAccessorImpl.java:43)
)
[[ATTACHMENT|C:\\Users\\ACER\\git\\G1_Firefly_testing\\Reports\\20240102_210934\\Report\\20240102_210934\\1704204732181.png]]

02-01-2024T21:12:12 - [MESSAGE][FAILED] - Unable to verify object 'Object Repository/Shared_alert/text_dangers' is present (Root cause: com.kms.katalon.core.exception.StepFailedException: Unable to verify object 'Object Repository/Shared_alert/text_dangers' is present
	at com.kms.katalon.core.webui.keyword.internal.WebUIKeywordMain.stepFailed(WebUIKeywordMain.groovy:64)
	at com.kms.katalon.core.webui.keyword.internal.WebUIKeywordMain.runKeyword(WebUIKeywordMain.groovy:26)
	at com.kms.katalon.core.webui.keyword.builtin.VerifyElementPresentKeyword.verifyElementPresent(VerifyElementPresentKeyword.groovy:92)
	at com.kms.katalon.core.webui.keyword.builtin.VerifyElementPresentKeyword.execute(VerifyElementPresentKeyword.groovy:68)
	at com.kms.katalon.core.keyword.internal.KeywordExecutor.executeKeywordForPlatform(KeywordExecutor.groovy:74)
	at com.kms.katalon.core.webui.keyword.WebUiBuiltInKeywords.verifyElementPresent(WebUiBuiltInKeywords.groovy:1503)
	at Report.run(Report:70)
	at com.kms.katalon.core.main.ScriptEngine.run(ScriptEngine.java:194)
	at com.kms.katalon.core.main.ScriptEngine.runScriptAsRawText(ScriptEngine.java:119)
	at com.kms.katalon.core.main.TestCaseExecutor.runScript(TestCaseExecutor.java:448)
	at com.kms.katalon.core.main.TestCaseExecutor.doExecute(TestCaseExecutor.java:439)
	at com.kms.katalon.core.main.TestCaseExecutor.processExecutionPhase(TestCaseExecutor.java:418)
	at com.kms.katalon.core.main.TestCaseExecutor.accessMainPhase(TestCaseExecutor.java:410)
	at com.kms.katalon.core.main.TestCaseExecutor.execute(TestCaseExecutor.java:285)
	at com.kms.katalon.core.common.CommonExecutor.accessTestCaseMainPhase(CommonExecutor.java:65)
	at com.kms.katalon.core.main.TestSuiteExecutor.accessTestSuiteMainPhase(TestSuiteExecutor.java:148)
	at com.kms.katalon.core.main.TestSuiteExecutor.execute(TestSuiteExecutor.java:106)
	at com.kms.katalon.core.main.TestCaseMain.startTestSuite(TestCaseMain.java:180)
	at TempTestSuite1704204574882.run(TempTestSuite1704204574882.groovy:36)
	at java.base/jdk.internal.reflect.NativeMethodAccessorImpl.invoke0(Native Method)
	at java.base/jdk.internal.reflect.NativeMethodAccessorImpl.invoke(NativeMethodAccessorImpl.java:77)
	at java.base/jdk.internal.reflect.DelegatingMethodAccessorImpl.invoke(DelegatingMethodAccessorImpl.java:43)
Caused by: com.kms.katalon.core.exception.StepFailedException: com.kms.katalon.core.webui.exception.WebElementNotFoundException: Web element with id: 'Object Repository/Shared_alert/text_dangers' located by '.text-danger' not found
	at com.kms.katalon.core.webui.keyword.internal.WebUIKeywordMain.stepFailed(WebUIKeywordMain.groovy:64)
	at com.kms.katalon.core.webui.keyword.builtin.VerifyElementPresentKeyword$_verifyElementPresent_closure1.doCall(VerifyElementPresentKeyword.groovy:85)
	at com.kms.katalon.core.webui.keyword.builtin.VerifyElementPresentKeyword$_verifyElementPresent_closure1.call(VerifyElementPresentKeyword.groovy)
	at com.kms.katalon.core.webui.keyword.internal.WebUIKeywordMain.runKeyword(WebUIKeywordMain.groovy:20)
	... 20 more
)
[[ATTACHMENT|C:\\Users\\ACER\\git\\G1_Firefly_testing\\Reports\\20240102_210934\\Report\\20240102_210934\\1704204732330.png]]

02-01-2024T21:12:12 - [TEST_STEP][PASSED] - catch (Exception err): null

02-01-2024T21:12:12 - [TEST_STEP][PASSED] - verifyElementPresent(findTestObject("Shared_alert/success_alert"), 1): Object 'Object Repository/Shared_alert/success_alert' is present

02-01-2024T21:12:12 - [MESSAGE][PASSED] - Object 'Object Repository/Shared_alert/success_alert' is present

02-01-2024T21:12:12 - [TEST_STEP][PASSED] - out.println("success"): null

02-01-2024T21:12:12 - [TEST_STEP][PASSED] - closeBrowser(): Browser is closed

02-01-2024T21:12:13 - [MESSAGE][PASSED] - Browser is closed]]></system-out>
         <system-err><![CDATA[]]></system-err>
      </testcase>
      <testcase name="Test Cases/Report" time="24.457" classname="Test Cases/Report" status="PASSED">
         <system-out><![CDATA[02-01-2024T21:12:13 - [TEST_CASE][PASSED] - Test Cases/Report: Test Cases/Report

02-01-2024T21:12:13 - [TEST_STEP][PASSED] - openBrowser(""): Browser is opened with url: ''

02-01-2024T21:12:13 - [MESSAGE][INFO] - Starting 'Chrome' driver

02-01-2024T21:12:13 - [MESSAGE][INFO] - Action delay is set to 0 milliseconds

02-01-2024T21:12:14 - [MESSAGE][PASSED] - Browser is opened with url: ''

02-01-2024T21:12:14 - [TEST_STEP][PASSED] - navigateToUrl("https://firefly.buudadawg.online/login"): Navigate to 'https://firefly.buudadawg.online/login' successfully

02-01-2024T21:12:17 - [MESSAGE][PASSED] - Navigate to 'https://firefly.buudadawg.online/login' successfully

02-01-2024T21:12:17 - [TEST_STEP][PASSED] - click(findTestObject("Object Repository/Report/Page_Login to Firefly III/p_Sign in to start your session")): Object: 'Object Repository/Report/Page_Login to Firefly III/p_Sign in to start your session' is clicked on

02-01-2024T21:12:18 - [MESSAGE][PASSED] - Object: 'Object Repository/Report/Page_Login to Firefly III/p_Sign in to start your session' is clicked on

02-01-2024T21:12:18 - [TEST_STEP][PASSED] - setText(findTestObject("Object Repository/Report/Page_Login to Firefly III/input_email"), "klot12022002@gmail.com"): Text 'klot12022002@gmail.com' is set on object 'Object Repository/Report/Page_Login to Firefly III/input_email'

02-01-2024T21:12:19 - [MESSAGE][PASSED] - Text 'klot12022002@gmail.com' is set on object 'Object Repository/Report/Page_Login to Firefly III/input_email'

02-01-2024T21:12:19 - [TEST_STEP][PASSED] - setEncryptedText(findTestObject("Object Repository/Report/Page_Login to Firefly III/input_password"), "A0OWLKT5igxVrUm1hOyDrVf3RsK4FPOM"): Text ****** has been set on object 'Object Repository/Report/Page_Login to Firefly III/input_password'

02-01-2024T21:12:19 - [MESSAGE][PASSED] - Text ****** has been set on object 'Object Repository/Report/Page_Login to Firefly III/input_password'

02-01-2024T21:12:19 - [TEST_STEP][PASSED] - click(findTestObject("Object Repository/Report/Page_Login to Firefly III/button_Sign in")): Object: 'Object Repository/Report/Page_Login to Firefly III/button_Sign in' is clicked on

02-01-2024T21:12:20 - [MESSAGE][PASSED] - Object: 'Object Repository/Report/Page_Login to Firefly III/button_Sign in' is clicked on

02-01-2024T21:12:20 - [TEST_STEP][PASSED] - click(findTestObject("Object Repository/Report/Page_Whats playing  Firefly III/span_Reports")): Object: 'Object Repository/Report/Page_Whats playing  Firefly III/span_Reports' is clicked on

02-01-2024T21:12:22 - [MESSAGE][PASSED] - Object: 'Object Repository/Report/Page_Whats playing  Firefly III/span_Reports' is clicked on

02-01-2024T21:12:22 - [TEST_STEP][PASSED] - selectOptionByValue(findTestObject("Object Repository/Report/Page_Reports  Firefly III/select_Default financial report            _3699a2"), report_type, true): All options with value 'double' are selected in object 'Object Repository/Report/Page_Reports  Firefly III/select_Default financial report            _3699a2'  using regular expression

02-01-2024T21:12:24 - [MESSAGE][PASSED] - All options with value 'double' are selected in object 'Object Repository/Report/Page_Reports  Firefly III/select_Default financial report            _3699a2'  using regular expression

02-01-2024T21:12:24 - [TEST_STEP][PASSED] - selectOptionByValue(findTestObject("Object Repository/Report/Page_Reports  Firefly III/input_checkbox"), included_amount, false): All options with value '620' are selected in object 'Object Repository/Report/Page_Reports  Firefly III/input_checkbox' 

02-01-2024T21:12:25 - [MESSAGE][PASSED] - All options with value '620' are selected in object 'Object Repository/Report/Page_Reports  Firefly III/input_checkbox' 

02-01-2024T21:12:25 - [TEST_STEP][PASSED] - setText(findTestObject("Object Repository/Report/Page_Reports  Firefly III/input_daterange"), date_from + " - " + date_to): Text '09/23/2023 - 07-12-2023' is set on object 'Object Repository/Report/Page_Reports  Firefly III/input_daterange'

02-01-2024T21:12:27 - [MESSAGE][PASSED] - Text '09/23/2023 - 07-12-2023' is set on object 'Object Repository/Report/Page_Reports  Firefly III/input_daterange'

02-01-2024T21:12:27 - [TEST_STEP][PASSED] - if (extra_budget && waitForElementPresent(findTestObject("Object Repository/Report/Page_Reports  Firefly III/input_extra_budget"), 1)): null

02-01-2024T21:12:27 - [TEST_STEP][PASSED] - else: null

02-01-2024T21:12:27 - [TEST_STEP][PASSED] - out.println("no extras budget value"): null

02-01-2024T21:12:27 - [TEST_STEP][PASSED] - if (extra_category && waitForElementPresent(findTestObject("Object Repository/Report/Page_Reports  Firefly III/input_extra_category"), 1)): Object 'Object Repository/Report/Page_Reports  Firefly III/input_extra_category' is not present after 1 second(s)

02-01-2024T21:12:29 - [MESSAGE][INFO] - Unable to find the element located by 'By.xpath: //*[@id="inputCategories"]'. Please recheck the objects properties to make sure the desired element is located. 

02-01-2024T21:12:29 - [MESSAGE][WARNING] - [SELF-HEALING] Failed to find element with id 'Object Repository/Report/Page_Reports  Firefly III/input_extra_category'. Try using Self-healing.

02-01-2024T21:12:30 - [MESSAGE][INFO] - [SELF-HEALING] No working XPath is found.

02-01-2024T21:12:30 - [MESSAGE][WARNING] - [SELF-HEALING] Cannot find elements when the selector is null

02-01-2024T21:12:31 - [MESSAGE][INFO] - Unable to find the element located by 'By.xpath: '. Please recheck the objects properties to make sure the desired element is located. 

02-01-2024T21:12:31 - [MESSAGE][WARNING] - Object 'Object Repository/Report/Page_Reports  Firefly III/input_extra_category' is not present after 1 second(s)

02-01-2024T21:12:31 - [TEST_STEP][PASSED] - else: null

02-01-2024T21:12:31 - [TEST_STEP][PASSED] - out.println("no extras category value"): null

02-01-2024T21:12:31 - [TEST_STEP][PASSED] - if (extra_tag && waitForElementPresent(findTestObject("Object Repository/Report/Page_Reports  Firefly III/input_extra_tag"), 1)): null

02-01-2024T21:12:31 - [TEST_STEP][PASSED] - else: null

02-01-2024T21:12:31 - [TEST_STEP][PASSED] - out.println("no extras tag value"): null

02-01-2024T21:12:31 - [TEST_STEP][PASSED] - if (extra_expense && waitForElementPresent(findTestObject("Object Repository/Report/Page_Reports  Firefly III/input_extra_expense"), 1)): null

02-01-2024T21:12:31 - [MESSAGE][PASSED] - Object 'Object Repository/Report/Page_Reports  Firefly III/input_extra_expense' is present

02-01-2024T21:12:31 - [TEST_STEP][PASSED] - selectOptionByValue(findTestObject("Object Repository/Report/Page_Reports  Firefly III/input_extra_expense"), extra_expense, false): All options with value '69' are selected in object 'Object Repository/Report/Page_Reports  Firefly III/input_extra_expense' 

02-01-2024T21:12:32 - [MESSAGE][PASSED] - All options with value '69' are selected in object 'Object Repository/Report/Page_Reports  Firefly III/input_extra_expense' 

02-01-2024T21:12:32 - [TEST_STEP][PASSED] - click(findTestObject("Object Repository/Report/Page_Reports  Firefly III/button_Submit")): Object: 'Object Repository/Report/Page_Reports  Firefly III/button_Submit' is clicked on

02-01-2024T21:12:33 - [MESSAGE][PASSED] - Object: 'Object Repository/Report/Page_Reports  Firefly III/button_Submit' is clicked on

02-01-2024T21:12:33 - [TEST_STEP][FAILED] - try: Unable to verify object 'Object Repository/Shared_alert/text_dangers' is present (Root cause: com.kms.katalon.core.exception.StepFailedException: Unable to verify object 'Object Repository/Shared_alert/text_dangers' is present
	at com.kms.katalon.core.webui.keyword.internal.WebUIKeywordMain.stepFailed(WebUIKeywordMain.groovy:64)
	at com.kms.katalon.core.webui.keyword.internal.WebUIKeywordMain.runKeyword(WebUIKeywordMain.groovy:26)
	at com.kms.katalon.core.webui.keyword.builtin.VerifyElementPresentKeyword.verifyElementPresent(VerifyElementPresentKeyword.groovy:92)
	at com.kms.katalon.core.webui.keyword.builtin.VerifyElementPresentKeyword.execute(VerifyElementPresentKeyword.groovy:68)
	at com.kms.katalon.core.keyword.internal.KeywordExecutor.executeKeywordForPlatform(KeywordExecutor.groovy:74)
	at com.kms.katalon.core.webui.keyword.WebUiBuiltInKeywords.verifyElementPresent(WebUiBuiltInKeywords.groovy:1503)
	at Report.run(Report:70)
	at com.kms.katalon.core.main.ScriptEngine.run(ScriptEngine.java:194)
	at com.kms.katalon.core.main.ScriptEngine.runScriptAsRawText(ScriptEngine.java:119)
	at com.kms.katalon.core.main.TestCaseExecutor.runScript(TestCaseExecutor.java:448)
	at com.kms.katalon.core.main.TestCaseExecutor.doExecute(TestCaseExecutor.java:439)
	at com.kms.katalon.core.main.TestCaseExecutor.processExecutionPhase(TestCaseExecutor.java:418)
	at com.kms.katalon.core.main.TestCaseExecutor.accessMainPhase(TestCaseExecutor.java:410)
	at com.kms.katalon.core.main.TestCaseExecutor.execute(TestCaseExecutor.java:285)
	at com.kms.katalon.core.common.CommonExecutor.accessTestCaseMainPhase(CommonExecutor.java:65)
	at com.kms.katalon.core.main.TestSuiteExecutor.accessTestSuiteMainPhase(TestSuiteExecutor.java:148)
	at com.kms.katalon.core.main.TestSuiteExecutor.execute(TestSuiteExecutor.java:106)
	at com.kms.katalon.core.main.TestCaseMain.startTestSuite(TestCaseMain.java:180)
	at TempTestSuite1704204574882.run(TempTestSuite1704204574882.groovy:36)
	at java.base/jdk.internal.reflect.NativeMethodAccessorImpl.invoke0(Native Method)
	at java.base/jdk.internal.reflect.NativeMethodAccessorImpl.invoke(NativeMethodAccessorImpl.java:77)
	at java.base/jdk.internal.reflect.DelegatingMethodAccessorImpl.invoke(DelegatingMethodAccessorImpl.java:43)
Caused by: com.kms.katalon.core.exception.StepFailedException: com.kms.katalon.core.webui.exception.WebElementNotFoundException: Web element with id: 'Object Repository/Shared_alert/text_dangers' located by '.text-danger' not found
	at com.kms.katalon.core.webui.keyword.internal.WebUIKeywordMain.stepFailed(WebUIKeywordMain.groovy:64)
	at com.kms.katalon.core.webui.keyword.builtin.VerifyElementPresentKeyword$_verifyElementPresent_closure1.doCall(VerifyElementPresentKeyword.groovy:85)
	at com.kms.katalon.core.webui.keyword.builtin.VerifyElementPresentKeyword$_verifyElementPresent_closure1.call(VerifyElementPresentKeyword.groovy)
	at com.kms.katalon.core.webui.keyword.internal.WebUIKeywordMain.runKeyword(WebUIKeywordMain.groovy:20)
	... 20 more
)

02-01-2024T21:12:33 - [TEST_STEP][FAILED] - verifyElementPresent(findTestObject("Shared_alert/text_dangers"), 1): Unable to verify object 'Object Repository/Shared_alert/text_dangers' is present (Root cause: com.kms.katalon.core.exception.StepFailedException: Unable to verify object 'Object Repository/Shared_alert/text_dangers' is present
	at com.kms.katalon.core.webui.keyword.internal.WebUIKeywordMain.stepFailed(WebUIKeywordMain.groovy:64)
	at com.kms.katalon.core.webui.keyword.internal.WebUIKeywordMain.runKeyword(WebUIKeywordMain.groovy:26)
	at com.kms.katalon.core.webui.keyword.builtin.VerifyElementPresentKeyword.verifyElementPresent(VerifyElementPresentKeyword.groovy:92)
	at com.kms.katalon.core.webui.keyword.builtin.VerifyElementPresentKeyword.execute(VerifyElementPresentKeyword.groovy:68)
	at com.kms.katalon.core.keyword.internal.KeywordExecutor.executeKeywordForPlatform(KeywordExecutor.groovy:74)
	at com.kms.katalon.core.webui.keyword.WebUiBuiltInKeywords.verifyElementPresent(WebUiBuiltInKeywords.groovy:1503)
	at Report.run(Report:70)
	at com.kms.katalon.core.main.ScriptEngine.run(ScriptEngine.java:194)
	at com.kms.katalon.core.main.ScriptEngine.runScriptAsRawText(ScriptEngine.java:119)
	at com.kms.katalon.core.main.TestCaseExecutor.runScript(TestCaseExecutor.java:448)
	at com.kms.katalon.core.main.TestCaseExecutor.doExecute(TestCaseExecutor.java:439)
	at com.kms.katalon.core.main.TestCaseExecutor.processExecutionPhase(TestCaseExecutor.java:418)
	at com.kms.katalon.core.main.TestCaseExecutor.accessMainPhase(TestCaseExecutor.java:410)
	at com.kms.katalon.core.main.TestCaseExecutor.execute(TestCaseExecutor.java:285)
	at com.kms.katalon.core.common.CommonExecutor.accessTestCaseMainPhase(CommonExecutor.java:65)
	at com.kms.katalon.core.main.TestSuiteExecutor.accessTestSuiteMainPhase(TestSuiteExecutor.java:148)
	at com.kms.katalon.core.main.TestSuiteExecutor.execute(TestSuiteExecutor.java:106)
	at com.kms.katalon.core.main.TestCaseMain.startTestSuite(TestCaseMain.java:180)
	at TempTestSuite1704204574882.run(TempTestSuite1704204574882.groovy:36)
	at java.base/jdk.internal.reflect.NativeMethodAccessorImpl.invoke0(Native Method)
	at java.base/jdk.internal.reflect.NativeMethodAccessorImpl.invoke(NativeMethodAccessorImpl.java:77)
	at java.base/jdk.internal.reflect.DelegatingMethodAccessorImpl.invoke(DelegatingMethodAccessorImpl.java:43)
Caused by: com.kms.katalon.core.exception.StepFailedException: com.kms.katalon.core.webui.exception.WebElementNotFoundException: Web element with id: 'Object Repository/Shared_alert/text_dangers' located by '.text-danger' not found
	at com.kms.katalon.core.webui.keyword.internal.WebUIKeywordMain.stepFailed(WebUIKeywordMain.groovy:64)
	at com.kms.katalon.core.webui.keyword.builtin.VerifyElementPresentKeyword$_verifyElementPresent_closure1.doCall(VerifyElementPresentKeyword.groovy:85)
	at com.kms.katalon.core.webui.keyword.builtin.VerifyElementPresentKeyword$_verifyElementPresent_closure1.call(VerifyElementPresentKeyword.groovy)
	at com.kms.katalon.core.webui.keyword.internal.WebUIKeywordMain.runKeyword(WebUIKeywordMain.groovy:20)
	... 20 more
)

02-01-2024T21:12:36 - [MESSAGE][INFO] - Unable to find the element located by 'By.cssSelector: .text-danger'. Please recheck the objects properties to make sure the desired element is located. 

02-01-2024T21:12:36 - [MESSAGE][FAILED] - com.kms.katalon.core.webui.exception.WebElementNotFoundException: Web element with id: 'Object Repository/Shared_alert/text_dangers' located by '.text-danger' not found (Root cause: com.kms.katalon.core.exception.StepFailedException: com.kms.katalon.core.webui.exception.WebElementNotFoundException: Web element with id: 'Object Repository/Shared_alert/text_dangers' located by '.text-danger' not found
	at com.kms.katalon.core.webui.keyword.internal.WebUIKeywordMain.stepFailed(WebUIKeywordMain.groovy:64)
	at com.kms.katalon.core.webui.keyword.builtin.VerifyElementPresentKeyword$_verifyElementPresent_closure1.doCall(VerifyElementPresentKeyword.groovy:85)
	at com.kms.katalon.core.webui.keyword.builtin.VerifyElementPresentKeyword$_verifyElementPresent_closure1.call(VerifyElementPresentKeyword.groovy)
	at com.kms.katalon.core.webui.keyword.internal.WebUIKeywordMain.runKeyword(WebUIKeywordMain.groovy:20)
	at com.kms.katalon.core.webui.keyword.builtin.VerifyElementPresentKeyword.verifyElementPresent(VerifyElementPresentKeyword.groovy:92)
	at com.kms.katalon.core.webui.keyword.builtin.VerifyElementPresentKeyword.execute(VerifyElementPresentKeyword.groovy:68)
	at com.kms.katalon.core.keyword.internal.KeywordExecutor.executeKeywordForPlatform(KeywordExecutor.groovy:74)
	at com.kms.katalon.core.webui.keyword.WebUiBuiltInKeywords.verifyElementPresent(WebUiBuiltInKeywords.groovy:1503)
	at Report.run(Report:70)
	at com.kms.katalon.core.main.ScriptEngine.run(ScriptEngine.java:194)
	at com.kms.katalon.core.main.ScriptEngine.runScriptAsRawText(ScriptEngine.java:119)
	at com.kms.katalon.core.main.TestCaseExecutor.runScript(TestCaseExecutor.java:448)
	at com.kms.katalon.core.main.TestCaseExecutor.doExecute(TestCaseExecutor.java:439)
	at com.kms.katalon.core.main.TestCaseExecutor.processExecutionPhase(TestCaseExecutor.java:418)
	at com.kms.katalon.core.main.TestCaseExecutor.accessMainPhase(TestCaseExecutor.java:410)
	at com.kms.katalon.core.main.TestCaseExecutor.execute(TestCaseExecutor.java:285)
	at com.kms.katalon.core.common.CommonExecutor.accessTestCaseMainPhase(CommonExecutor.java:65)
	at com.kms.katalon.core.main.TestSuiteExecutor.accessTestSuiteMainPhase(TestSuiteExecutor.java:148)
	at com.kms.katalon.core.main.TestSuiteExecutor.execute(TestSuiteExecutor.java:106)
	at com.kms.katalon.core.main.TestCaseMain.startTestSuite(TestCaseMain.java:180)
	at TempTestSuite1704204574882.run(TempTestSuite1704204574882.groovy:36)
	at java.base/jdk.internal.reflect.NativeMethodAccessorImpl.invoke0(Native Method)
	at java.base/jdk.internal.reflect.NativeMethodAccessorImpl.invoke(NativeMethodAccessorImpl.java:77)
	at java.base/jdk.internal.reflect.DelegatingMethodAccessorImpl.invoke(DelegatingMethodAccessorImpl.java:43)
)
[[ATTACHMENT|C:\\Users\\ACER\\git\\G1_Firefly_testing\\Reports\\20240102_210934\\Report\\20240102_210934\\1704204756477.png]]

02-01-2024T21:12:37 - [MESSAGE][FAILED] - Unable to verify object 'Object Repository/Shared_alert/text_dangers' is present (Root cause: com.kms.katalon.core.exception.StepFailedException: Unable to verify object 'Object Repository/Shared_alert/text_dangers' is present
	at com.kms.katalon.core.webui.keyword.internal.WebUIKeywordMain.stepFailed(WebUIKeywordMain.groovy:64)
	at com.kms.katalon.core.webui.keyword.internal.WebUIKeywordMain.runKeyword(WebUIKeywordMain.groovy:26)
	at com.kms.katalon.core.webui.keyword.builtin.VerifyElementPresentKeyword.verifyElementPresent(VerifyElementPresentKeyword.groovy:92)
	at com.kms.katalon.core.webui.keyword.builtin.VerifyElementPresentKeyword.execute(VerifyElementPresentKeyword.groovy:68)
	at com.kms.katalon.core.keyword.internal.KeywordExecutor.executeKeywordForPlatform(KeywordExecutor.groovy:74)
	at com.kms.katalon.core.webui.keyword.WebUiBuiltInKeywords.verifyElementPresent(WebUiBuiltInKeywords.groovy:1503)
	at Report.run(Report:70)
	at com.kms.katalon.core.main.ScriptEngine.run(ScriptEngine.java:194)
	at com.kms.katalon.core.main.ScriptEngine.runScriptAsRawText(ScriptEngine.java:119)
	at com.kms.katalon.core.main.TestCaseExecutor.runScript(TestCaseExecutor.java:448)
	at com.kms.katalon.core.main.TestCaseExecutor.doExecute(TestCaseExecutor.java:439)
	at com.kms.katalon.core.main.TestCaseExecutor.processExecutionPhase(TestCaseExecutor.java:418)
	at com.kms.katalon.core.main.TestCaseExecutor.accessMainPhase(TestCaseExecutor.java:410)
	at com.kms.katalon.core.main.TestCaseExecutor.execute(TestCaseExecutor.java:285)
	at com.kms.katalon.core.common.CommonExecutor.accessTestCaseMainPhase(CommonExecutor.java:65)
	at com.kms.katalon.core.main.TestSuiteExecutor.accessTestSuiteMainPhase(TestSuiteExecutor.java:148)
	at com.kms.katalon.core.main.TestSuiteExecutor.execute(TestSuiteExecutor.java:106)
	at com.kms.katalon.core.main.TestCaseMain.startTestSuite(TestCaseMain.java:180)
	at TempTestSuite1704204574882.run(TempTestSuite1704204574882.groovy:36)
	at java.base/jdk.internal.reflect.NativeMethodAccessorImpl.invoke0(Native Method)
	at java.base/jdk.internal.reflect.NativeMethodAccessorImpl.invoke(NativeMethodAccessorImpl.java:77)
	at java.base/jdk.internal.reflect.DelegatingMethodAccessorImpl.invoke(DelegatingMethodAccessorImpl.java:43)
Caused by: com.kms.katalon.core.exception.StepFailedException: com.kms.katalon.core.webui.exception.WebElementNotFoundException: Web element with id: 'Object Repository/Shared_alert/text_dangers' located by '.text-danger' not found
	at com.kms.katalon.core.webui.keyword.internal.WebUIKeywordMain.stepFailed(WebUIKeywordMain.groovy:64)
	at com.kms.katalon.core.webui.keyword.builtin.VerifyElementPresentKeyword$_verifyElementPresent_closure1.doCall(VerifyElementPresentKeyword.groovy:85)
	at com.kms.katalon.core.webui.keyword.builtin.VerifyElementPresentKeyword$_verifyElementPresent_closure1.call(VerifyElementPresentKeyword.groovy)
	at com.kms.katalon.core.webui.keyword.internal.WebUIKeywordMain.runKeyword(WebUIKeywordMain.groovy:20)
	... 20 more
)
[[ATTACHMENT|C:\\Users\\ACER\\git\\G1_Firefly_testing\\Reports\\20240102_210934\\Report\\20240102_210934\\1704204756731.png]]

02-01-2024T21:12:37 - [TEST_STEP][PASSED] - catch (Exception err): null

02-01-2024T21:12:37 - [TEST_STEP][PASSED] - verifyElementPresent(findTestObject("Shared_alert/success_alert"), 1): Object 'Object Repository/Shared_alert/success_alert' is present

02-01-2024T21:12:37 - [MESSAGE][PASSED] - Object 'Object Repository/Shared_alert/success_alert' is present

02-01-2024T21:12:37 - [TEST_STEP][PASSED] - out.println("success"): null

02-01-2024T21:12:37 - [TEST_STEP][PASSED] - closeBrowser(): Browser is closed

02-01-2024T21:12:37 - [MESSAGE][PASSED] - Browser is closed]]></system-out>
         <system-err><![CDATA[]]></system-err>
      </testcase>
      <testcase name="Test Cases/Report" time="24.942" classname="Test Cases/Report" status="PASSED">
         <system-out><![CDATA[02-01-2024T21:12:37 - [TEST_CASE][PASSED] - Test Cases/Report: Test Cases/Report

02-01-2024T21:12:37 - [TEST_STEP][PASSED] - openBrowser(""): Browser is opened with url: ''

02-01-2024T21:12:37 - [MESSAGE][INFO] - Starting 'Chrome' driver

02-01-2024T21:12:37 - [MESSAGE][INFO] - Action delay is set to 0 milliseconds

02-01-2024T21:12:38 - [MESSAGE][PASSED] - Browser is opened with url: ''

02-01-2024T21:12:38 - [TEST_STEP][PASSED] - navigateToUrl("https://firefly.buudadawg.online/login"): Navigate to 'https://firefly.buudadawg.online/login' successfully

02-01-2024T21:12:42 - [MESSAGE][PASSED] - Navigate to 'https://firefly.buudadawg.online/login' successfully

02-01-2024T21:12:42 - [TEST_STEP][PASSED] - click(findTestObject("Object Repository/Report/Page_Login to Firefly III/p_Sign in to start your session")): Object: 'Object Repository/Report/Page_Login to Firefly III/p_Sign in to start your session' is clicked on

02-01-2024T21:12:42 - [MESSAGE][PASSED] - Object: 'Object Repository/Report/Page_Login to Firefly III/p_Sign in to start your session' is clicked on

02-01-2024T21:12:42 - [TEST_STEP][PASSED] - setText(findTestObject("Object Repository/Report/Page_Login to Firefly III/input_email"), "klot12022002@gmail.com"): Text 'klot12022002@gmail.com' is set on object 'Object Repository/Report/Page_Login to Firefly III/input_email'

02-01-2024T21:12:43 - [MESSAGE][PASSED] - Text 'klot12022002@gmail.com' is set on object 'Object Repository/Report/Page_Login to Firefly III/input_email'

02-01-2024T21:12:43 - [TEST_STEP][PASSED] - setEncryptedText(findTestObject("Object Repository/Report/Page_Login to Firefly III/input_password"), "A0OWLKT5igxVrUm1hOyDrVf3RsK4FPOM"): Text ****** has been set on object 'Object Repository/Report/Page_Login to Firefly III/input_password'

02-01-2024T21:12:43 - [MESSAGE][PASSED] - Text ****** has been set on object 'Object Repository/Report/Page_Login to Firefly III/input_password'

02-01-2024T21:12:43 - [TEST_STEP][PASSED] - click(findTestObject("Object Repository/Report/Page_Login to Firefly III/button_Sign in")): Object: 'Object Repository/Report/Page_Login to Firefly III/button_Sign in' is clicked on

02-01-2024T21:12:44 - [MESSAGE][PASSED] - Object: 'Object Repository/Report/Page_Login to Firefly III/button_Sign in' is clicked on

02-01-2024T21:12:44 - [TEST_STEP][PASSED] - click(findTestObject("Object Repository/Report/Page_Whats playing  Firefly III/span_Reports")): Object: 'Object Repository/Report/Page_Whats playing  Firefly III/span_Reports' is clicked on

02-01-2024T21:12:46 - [MESSAGE][PASSED] - Object: 'Object Repository/Report/Page_Whats playing  Firefly III/span_Reports' is clicked on

02-01-2024T21:12:46 - [TEST_STEP][PASSED] - selectOptionByValue(findTestObject("Object Repository/Report/Page_Reports  Firefly III/select_Default financial report            _3699a2"), report_type, true): All options with value 'audit' are selected in object 'Object Repository/Report/Page_Reports  Firefly III/select_Default financial report            _3699a2'  using regular expression

02-01-2024T21:12:47 - [MESSAGE][PASSED] - All options with value 'audit' are selected in object 'Object Repository/Report/Page_Reports  Firefly III/select_Default financial report            _3699a2'  using regular expression

02-01-2024T21:12:47 - [TEST_STEP][PASSED] - selectOptionByValue(findTestObject("Object Repository/Report/Page_Reports  Firefly III/input_checkbox"), included_amount, false): All options with value '625' are selected in object 'Object Repository/Report/Page_Reports  Firefly III/input_checkbox' 

02-01-2024T21:12:49 - [MESSAGE][PASSED] - All options with value '625' are selected in object 'Object Repository/Report/Page_Reports  Firefly III/input_checkbox' 

02-01-2024T21:12:49 - [TEST_STEP][PASSED] - setText(findTestObject("Object Repository/Report/Page_Reports  Firefly III/input_daterange"), date_from + " - " + date_to): Text '09/12/2023 - 13-12-2023' is set on object 'Object Repository/Report/Page_Reports  Firefly III/input_daterange'

02-01-2024T21:12:50 - [MESSAGE][PASSED] - Text '09/12/2023 - 13-12-2023' is set on object 'Object Repository/Report/Page_Reports  Firefly III/input_daterange'

02-01-2024T21:12:50 - [TEST_STEP][PASSED] - if (extra_budget && waitForElementPresent(findTestObject("Object Repository/Report/Page_Reports  Firefly III/input_extra_budget"), 1)): null

02-01-2024T21:12:50 - [TEST_STEP][PASSED] - else: null

02-01-2024T21:12:50 - [TEST_STEP][PASSED] - out.println("no extras budget value"): null

02-01-2024T21:12:50 - [TEST_STEP][PASSED] - if (extra_category && waitForElementPresent(findTestObject("Object Repository/Report/Page_Reports  Firefly III/input_extra_category"), 1)): Object 'Object Repository/Report/Page_Reports  Firefly III/input_extra_category' is not present after 1 second(s)

02-01-2024T21:12:52 - [MESSAGE][INFO] - Unable to find the element located by 'By.xpath: //*[@id="inputCategories"]'. Please recheck the objects properties to make sure the desired element is located. 

02-01-2024T21:12:52 - [MESSAGE][WARNING] - [SELF-HEALING] Failed to find element with id 'Object Repository/Report/Page_Reports  Firefly III/input_extra_category'. Try using Self-healing.

02-01-2024T21:12:53 - [MESSAGE][INFO] - [SELF-HEALING] No working XPath is found.

02-01-2024T21:12:53 - [MESSAGE][WARNING] - [SELF-HEALING] Cannot find elements when the selector is null

02-01-2024T21:12:54 - [MESSAGE][INFO] - Unable to find the element located by 'By.xpath: '. Please recheck the objects properties to make sure the desired element is located. 

02-01-2024T21:12:54 - [MESSAGE][WARNING] - Object 'Object Repository/Report/Page_Reports  Firefly III/input_extra_category' is not present after 1 second(s)

02-01-2024T21:12:54 - [TEST_STEP][PASSED] - else: null

02-01-2024T21:12:54 - [TEST_STEP][PASSED] - out.println("no extras category value"): null

02-01-2024T21:12:54 - [TEST_STEP][PASSED] - if (extra_tag && waitForElementPresent(findTestObject("Object Repository/Report/Page_Reports  Firefly III/input_extra_tag"), 1)): null

02-01-2024T21:12:54 - [TEST_STEP][PASSED] - else: null

02-01-2024T21:12:54 - [TEST_STEP][PASSED] - out.println("no extras tag value"): null

02-01-2024T21:12:54 - [TEST_STEP][PASSED] - if (extra_expense && waitForElementPresent(findTestObject("Object Repository/Report/Page_Reports  Firefly III/input_extra_expense"), 1)): Object 'Object Repository/Report/Page_Reports  Firefly III/input_extra_expense' is not present after 1 second(s)

02-01-2024T21:12:57 - [MESSAGE][INFO] - Unable to find the element located by 'By.xpath: //*[@id="inputDoubleAccounts"]'. Please recheck the objects properties to make sure the desired element is located. 

02-01-2024T21:12:57 - [MESSAGE][WARNING] - [SELF-HEALING] Failed to find element with id 'Object Repository/Report/Page_Reports  Firefly III/input_extra_expense'. Try using Self-healing.

02-01-2024T21:12:58 - [MESSAGE][INFO] - [SELF-HEALING] No working XPath is found.

02-01-2024T21:12:58 - [MESSAGE][WARNING] - [SELF-HEALING] Cannot find elements when the selector is null

02-01-2024T21:12:59 - [MESSAGE][INFO] - Unable to find the element located by 'By.xpath: '. Please recheck the objects properties to make sure the desired element is located. 

02-01-2024T21:12:59 - [MESSAGE][WARNING] - Object 'Object Repository/Report/Page_Reports  Firefly III/input_extra_expense' is not present after 1 second(s)

02-01-2024T21:12:59 - [TEST_STEP][PASSED] - else: null

02-01-2024T21:12:59 - [TEST_STEP][PASSED] - out.println("no extras expense value"): null

02-01-2024T21:12:59 - [TEST_STEP][PASSED] - click(findTestObject("Object Repository/Report/Page_Reports  Firefly III/button_Submit")): Object: 'Object Repository/Report/Page_Reports  Firefly III/button_Submit' is clicked on

02-01-2024T21:12:59 - [MESSAGE][PASSED] - Object: 'Object Repository/Report/Page_Reports  Firefly III/button_Submit' is clicked on

02-01-2024T21:12:59 - [TEST_STEP][FAILED] - try: Unable to verify object 'Object Repository/Shared_alert/text_dangers' is present (Root cause: com.kms.katalon.core.exception.StepFailedException: Unable to verify object 'Object Repository/Shared_alert/text_dangers' is present
	at com.kms.katalon.core.webui.keyword.internal.WebUIKeywordMain.stepFailed(WebUIKeywordMain.groovy:64)
	at com.kms.katalon.core.webui.keyword.internal.WebUIKeywordMain.runKeyword(WebUIKeywordMain.groovy:26)
	at com.kms.katalon.core.webui.keyword.builtin.VerifyElementPresentKeyword.verifyElementPresent(VerifyElementPresentKeyword.groovy:92)
	at com.kms.katalon.core.webui.keyword.builtin.VerifyElementPresentKeyword.execute(VerifyElementPresentKeyword.groovy:68)
	at com.kms.katalon.core.keyword.internal.KeywordExecutor.executeKeywordForPlatform(KeywordExecutor.groovy:74)
	at com.kms.katalon.core.webui.keyword.WebUiBuiltInKeywords.verifyElementPresent(WebUiBuiltInKeywords.groovy:1503)
	at Report.run(Report:70)
	at com.kms.katalon.core.main.ScriptEngine.run(ScriptEngine.java:194)
	at com.kms.katalon.core.main.ScriptEngine.runScriptAsRawText(ScriptEngine.java:119)
	at com.kms.katalon.core.main.TestCaseExecutor.runScript(TestCaseExecutor.java:448)
	at com.kms.katalon.core.main.TestCaseExecutor.doExecute(TestCaseExecutor.java:439)
	at com.kms.katalon.core.main.TestCaseExecutor.processExecutionPhase(TestCaseExecutor.java:418)
	at com.kms.katalon.core.main.TestCaseExecutor.accessMainPhase(TestCaseExecutor.java:410)
	at com.kms.katalon.core.main.TestCaseExecutor.execute(TestCaseExecutor.java:285)
	at com.kms.katalon.core.common.CommonExecutor.accessTestCaseMainPhase(CommonExecutor.java:65)
	at com.kms.katalon.core.main.TestSuiteExecutor.accessTestSuiteMainPhase(TestSuiteExecutor.java:148)
	at com.kms.katalon.core.main.TestSuiteExecutor.execute(TestSuiteExecutor.java:106)
	at com.kms.katalon.core.main.TestCaseMain.startTestSuite(TestCaseMain.java:180)
	at TempTestSuite1704204574882.run(TempTestSuite1704204574882.groovy:36)
	at java.base/jdk.internal.reflect.NativeMethodAccessorImpl.invoke0(Native Method)
	at java.base/jdk.internal.reflect.NativeMethodAccessorImpl.invoke(NativeMethodAccessorImpl.java:77)
	at java.base/jdk.internal.reflect.DelegatingMethodAccessorImpl.invoke(DelegatingMethodAccessorImpl.java:43)
Caused by: com.kms.katalon.core.exception.StepFailedException: com.kms.katalon.core.webui.exception.WebElementNotFoundException: Web element with id: 'Object Repository/Shared_alert/text_dangers' located by '.text-danger' not found
	at com.kms.katalon.core.webui.keyword.internal.WebUIKeywordMain.stepFailed(WebUIKeywordMain.groovy:64)
	at com.kms.katalon.core.webui.keyword.builtin.VerifyElementPresentKeyword$_verifyElementPresent_closure1.doCall(VerifyElementPresentKeyword.groovy:85)
	at com.kms.katalon.core.webui.keyword.builtin.VerifyElementPresentKeyword$_verifyElementPresent_closure1.call(VerifyElementPresentKeyword.groovy)
	at com.kms.katalon.core.webui.keyword.internal.WebUIKeywordMain.runKeyword(WebUIKeywordMain.groovy:20)
	... 20 more
)

02-01-2024T21:12:59 - [TEST_STEP][FAILED] - verifyElementPresent(findTestObject("Shared_alert/text_dangers"), 1): Unable to verify object 'Object Repository/Shared_alert/text_dangers' is present (Root cause: com.kms.katalon.core.exception.StepFailedException: Unable to verify object 'Object Repository/Shared_alert/text_dangers' is present
	at com.kms.katalon.core.webui.keyword.internal.WebUIKeywordMain.stepFailed(WebUIKeywordMain.groovy:64)
	at com.kms.katalon.core.webui.keyword.internal.WebUIKeywordMain.runKeyword(WebUIKeywordMain.groovy:26)
	at com.kms.katalon.core.webui.keyword.builtin.VerifyElementPresentKeyword.verifyElementPresent(VerifyElementPresentKeyword.groovy:92)
	at com.kms.katalon.core.webui.keyword.builtin.VerifyElementPresentKeyword.execute(VerifyElementPresentKeyword.groovy:68)
	at com.kms.katalon.core.keyword.internal.KeywordExecutor.executeKeywordForPlatform(KeywordExecutor.groovy:74)
	at com.kms.katalon.core.webui.keyword.WebUiBuiltInKeywords.verifyElementPresent(WebUiBuiltInKeywords.groovy:1503)
	at Report.run(Report:70)
	at com.kms.katalon.core.main.ScriptEngine.run(ScriptEngine.java:194)
	at com.kms.katalon.core.main.ScriptEngine.runScriptAsRawText(ScriptEngine.java:119)
	at com.kms.katalon.core.main.TestCaseExecutor.runScript(TestCaseExecutor.java:448)
	at com.kms.katalon.core.main.TestCaseExecutor.doExecute(TestCaseExecutor.java:439)
	at com.kms.katalon.core.main.TestCaseExecutor.processExecutionPhase(TestCaseExecutor.java:418)
	at com.kms.katalon.core.main.TestCaseExecutor.accessMainPhase(TestCaseExecutor.java:410)
	at com.kms.katalon.core.main.TestCaseExecutor.execute(TestCaseExecutor.java:285)
	at com.kms.katalon.core.common.CommonExecutor.accessTestCaseMainPhase(CommonExecutor.java:65)
	at com.kms.katalon.core.main.TestSuiteExecutor.accessTestSuiteMainPhase(TestSuiteExecutor.java:148)
	at com.kms.katalon.core.main.TestSuiteExecutor.execute(TestSuiteExecutor.java:106)
	at com.kms.katalon.core.main.TestCaseMain.startTestSuite(TestCaseMain.java:180)
	at TempTestSuite1704204574882.run(TempTestSuite1704204574882.groovy:36)
	at java.base/jdk.internal.reflect.NativeMethodAccessorImpl.invoke0(Native Method)
	at java.base/jdk.internal.reflect.NativeMethodAccessorImpl.invoke(NativeMethodAccessorImpl.java:77)
	at java.base/jdk.internal.reflect.DelegatingMethodAccessorImpl.invoke(DelegatingMethodAccessorImpl.java:43)
Caused by: com.kms.katalon.core.exception.StepFailedException: com.kms.katalon.core.webui.exception.WebElementNotFoundException: Web element with id: 'Object Repository/Shared_alert/text_dangers' located by '.text-danger' not found
	at com.kms.katalon.core.webui.keyword.internal.WebUIKeywordMain.stepFailed(WebUIKeywordMain.groovy:64)
	at com.kms.katalon.core.webui.keyword.builtin.VerifyElementPresentKeyword$_verifyElementPresent_closure1.doCall(VerifyElementPresentKeyword.groovy:85)
	at com.kms.katalon.core.webui.keyword.builtin.VerifyElementPresentKeyword$_verifyElementPresent_closure1.call(VerifyElementPresentKeyword.groovy)
	at com.kms.katalon.core.webui.keyword.internal.WebUIKeywordMain.runKeyword(WebUIKeywordMain.groovy:20)
	... 20 more
)

02-01-2024T21:13:01 - [MESSAGE][INFO] - Unable to find the element located by 'By.cssSelector: .text-danger'. Please recheck the objects properties to make sure the desired element is located. 

02-01-2024T21:13:02 - [MESSAGE][FAILED] - com.kms.katalon.core.webui.exception.WebElementNotFoundException: Web element with id: 'Object Repository/Shared_alert/text_dangers' located by '.text-danger' not found (Root cause: com.kms.katalon.core.exception.StepFailedException: com.kms.katalon.core.webui.exception.WebElementNotFoundException: Web element with id: 'Object Repository/Shared_alert/text_dangers' located by '.text-danger' not found
	at com.kms.katalon.core.webui.keyword.internal.WebUIKeywordMain.stepFailed(WebUIKeywordMain.groovy:64)
	at com.kms.katalon.core.webui.keyword.builtin.VerifyElementPresentKeyword$_verifyElementPresent_closure1.doCall(VerifyElementPresentKeyword.groovy:85)
	at com.kms.katalon.core.webui.keyword.builtin.VerifyElementPresentKeyword$_verifyElementPresent_closure1.call(VerifyElementPresentKeyword.groovy)
	at com.kms.katalon.core.webui.keyword.internal.WebUIKeywordMain.runKeyword(WebUIKeywordMain.groovy:20)
	at com.kms.katalon.core.webui.keyword.builtin.VerifyElementPresentKeyword.verifyElementPresent(VerifyElementPresentKeyword.groovy:92)
	at com.kms.katalon.core.webui.keyword.builtin.VerifyElementPresentKeyword.execute(VerifyElementPresentKeyword.groovy:68)
	at com.kms.katalon.core.keyword.internal.KeywordExecutor.executeKeywordForPlatform(KeywordExecutor.groovy:74)
	at com.kms.katalon.core.webui.keyword.WebUiBuiltInKeywords.verifyElementPresent(WebUiBuiltInKeywords.groovy:1503)
	at Report.run(Report:70)
	at com.kms.katalon.core.main.ScriptEngine.run(ScriptEngine.java:194)
	at com.kms.katalon.core.main.ScriptEngine.runScriptAsRawText(ScriptEngine.java:119)
	at com.kms.katalon.core.main.TestCaseExecutor.runScript(TestCaseExecutor.java:448)
	at com.kms.katalon.core.main.TestCaseExecutor.doExecute(TestCaseExecutor.java:439)
	at com.kms.katalon.core.main.TestCaseExecutor.processExecutionPhase(TestCaseExecutor.java:418)
	at com.kms.katalon.core.main.TestCaseExecutor.accessMainPhase(TestCaseExecutor.java:410)
	at com.kms.katalon.core.main.TestCaseExecutor.execute(TestCaseExecutor.java:285)
	at com.kms.katalon.core.common.CommonExecutor.accessTestCaseMainPhase(CommonExecutor.java:65)
	at com.kms.katalon.core.main.TestSuiteExecutor.accessTestSuiteMainPhase(TestSuiteExecutor.java:148)
	at com.kms.katalon.core.main.TestSuiteExecutor.execute(TestSuiteExecutor.java:106)
	at com.kms.katalon.core.main.TestCaseMain.startTestSuite(TestCaseMain.java:180)
	at TempTestSuite1704204574882.run(TempTestSuite1704204574882.groovy:36)
	at java.base/jdk.internal.reflect.NativeMethodAccessorImpl.invoke0(Native Method)
	at java.base/jdk.internal.reflect.NativeMethodAccessorImpl.invoke(NativeMethodAccessorImpl.java:77)
	at java.base/jdk.internal.reflect.DelegatingMethodAccessorImpl.invoke(DelegatingMethodAccessorImpl.java:43)
)
[[ATTACHMENT|C:\\Users\\ACER\\git\\G1_Firefly_testing\\Reports\\20240102_210934\\Report\\20240102_210934\\1704204781892.png]]

02-01-2024T21:13:02 - [MESSAGE][FAILED] - Unable to verify object 'Object Repository/Shared_alert/text_dangers' is present (Root cause: com.kms.katalon.core.exception.StepFailedException: Unable to verify object 'Object Repository/Shared_alert/text_dangers' is present
	at com.kms.katalon.core.webui.keyword.internal.WebUIKeywordMain.stepFailed(WebUIKeywordMain.groovy:64)
	at com.kms.katalon.core.webui.keyword.internal.WebUIKeywordMain.runKeyword(WebUIKeywordMain.groovy:26)
	at com.kms.katalon.core.webui.keyword.builtin.VerifyElementPresentKeyword.verifyElementPresent(VerifyElementPresentKeyword.groovy:92)
	at com.kms.katalon.core.webui.keyword.builtin.VerifyElementPresentKeyword.execute(VerifyElementPresentKeyword.groovy:68)
	at com.kms.katalon.core.keyword.internal.KeywordExecutor.executeKeywordForPlatform(KeywordExecutor.groovy:74)
	at com.kms.katalon.core.webui.keyword.WebUiBuiltInKeywords.verifyElementPresent(WebUiBuiltInKeywords.groovy:1503)
	at Report.run(Report:70)
	at com.kms.katalon.core.main.ScriptEngine.run(ScriptEngine.java:194)
	at com.kms.katalon.core.main.ScriptEngine.runScriptAsRawText(ScriptEngine.java:119)
	at com.kms.katalon.core.main.TestCaseExecutor.runScript(TestCaseExecutor.java:448)
	at com.kms.katalon.core.main.TestCaseExecutor.doExecute(TestCaseExecutor.java:439)
	at com.kms.katalon.core.main.TestCaseExecutor.processExecutionPhase(TestCaseExecutor.java:418)
	at com.kms.katalon.core.main.TestCaseExecutor.accessMainPhase(TestCaseExecutor.java:410)
	at com.kms.katalon.core.main.TestCaseExecutor.execute(TestCaseExecutor.java:285)
	at com.kms.katalon.core.common.CommonExecutor.accessTestCaseMainPhase(CommonExecutor.java:65)
	at com.kms.katalon.core.main.TestSuiteExecutor.accessTestSuiteMainPhase(TestSuiteExecutor.java:148)
	at com.kms.katalon.core.main.TestSuiteExecutor.execute(TestSuiteExecutor.java:106)
	at com.kms.katalon.core.main.TestCaseMain.startTestSuite(TestCaseMain.java:180)
	at TempTestSuite1704204574882.run(TempTestSuite1704204574882.groovy:36)
	at java.base/jdk.internal.reflect.NativeMethodAccessorImpl.invoke0(Native Method)
	at java.base/jdk.internal.reflect.NativeMethodAccessorImpl.invoke(NativeMethodAccessorImpl.java:77)
	at java.base/jdk.internal.reflect.DelegatingMethodAccessorImpl.invoke(DelegatingMethodAccessorImpl.java:43)
Caused by: com.kms.katalon.core.exception.StepFailedException: com.kms.katalon.core.webui.exception.WebElementNotFoundException: Web element with id: 'Object Repository/Shared_alert/text_dangers' located by '.text-danger' not found
	at com.kms.katalon.core.webui.keyword.internal.WebUIKeywordMain.stepFailed(WebUIKeywordMain.groovy:64)
	at com.kms.katalon.core.webui.keyword.builtin.VerifyElementPresentKeyword$_verifyElementPresent_closure1.doCall(VerifyElementPresentKeyword.groovy:85)
	at com.kms.katalon.core.webui.keyword.builtin.VerifyElementPresentKeyword$_verifyElementPresent_closure1.call(VerifyElementPresentKeyword.groovy)
	at com.kms.katalon.core.webui.keyword.internal.WebUIKeywordMain.runKeyword(WebUIKeywordMain.groovy:20)
	... 20 more
)
[[ATTACHMENT|C:\\Users\\ACER\\git\\G1_Firefly_testing\\Reports\\20240102_210934\\Report\\20240102_210934\\1704204782051.png]]

02-01-2024T21:13:02 - [TEST_STEP][PASSED] - catch (Exception err): null

02-01-2024T21:13:02 - [TEST_STEP][PASSED] - verifyElementPresent(findTestObject("Shared_alert/success_alert"), 1): Object 'Object Repository/Shared_alert/success_alert' is present

02-01-2024T21:13:02 - [MESSAGE][PASSED] - Object 'Object Repository/Shared_alert/success_alert' is present

02-01-2024T21:13:02 - [TEST_STEP][PASSED] - out.println("success"): null

02-01-2024T21:13:02 - [TEST_STEP][PASSED] - closeBrowser(): Browser is closed

02-01-2024T21:13:02 - [MESSAGE][PASSED] - Browser is closed]]></system-out>
         <system-err><![CDATA[]]></system-err>
      </testcase>
      <testcase name="Test Cases/Report" time="22.759" classname="Test Cases/Report" status="PASSED">
         <system-out><![CDATA[02-01-2024T21:13:02 - [TEST_CASE][PASSED] - Test Cases/Report: Test Cases/Report

02-01-2024T21:13:02 - [TEST_STEP][PASSED] - openBrowser(""): Browser is opened with url: ''

02-01-2024T21:13:02 - [MESSAGE][INFO] - Starting 'Chrome' driver

02-01-2024T21:13:02 - [MESSAGE][INFO] - Action delay is set to 0 milliseconds

02-01-2024T21:13:03 - [MESSAGE][PASSED] - Browser is opened with url: ''

02-01-2024T21:13:03 - [TEST_STEP][PASSED] - navigateToUrl("https://firefly.buudadawg.online/login"): Navigate to 'https://firefly.buudadawg.online/login' successfully

02-01-2024T21:13:07 - [MESSAGE][PASSED] - Navigate to 'https://firefly.buudadawg.online/login' successfully

02-01-2024T21:13:07 - [TEST_STEP][PASSED] - click(findTestObject("Object Repository/Report/Page_Login to Firefly III/p_Sign in to start your session")): Object: 'Object Repository/Report/Page_Login to Firefly III/p_Sign in to start your session' is clicked on

02-01-2024T21:13:08 - [MESSAGE][PASSED] - Object: 'Object Repository/Report/Page_Login to Firefly III/p_Sign in to start your session' is clicked on

02-01-2024T21:13:08 - [TEST_STEP][PASSED] - setText(findTestObject("Object Repository/Report/Page_Login to Firefly III/input_email"), "klot12022002@gmail.com"): Text 'klot12022002@gmail.com' is set on object 'Object Repository/Report/Page_Login to Firefly III/input_email'

02-01-2024T21:13:08 - [MESSAGE][PASSED] - Text 'klot12022002@gmail.com' is set on object 'Object Repository/Report/Page_Login to Firefly III/input_email'

02-01-2024T21:13:08 - [TEST_STEP][PASSED] - setEncryptedText(findTestObject("Object Repository/Report/Page_Login to Firefly III/input_password"), "A0OWLKT5igxVrUm1hOyDrVf3RsK4FPOM"): Text ****** has been set on object 'Object Repository/Report/Page_Login to Firefly III/input_password'

02-01-2024T21:13:09 - [MESSAGE][PASSED] - Text ****** has been set on object 'Object Repository/Report/Page_Login to Firefly III/input_password'

02-01-2024T21:13:09 - [TEST_STEP][PASSED] - click(findTestObject("Object Repository/Report/Page_Login to Firefly III/button_Sign in")): Object: 'Object Repository/Report/Page_Login to Firefly III/button_Sign in' is clicked on

02-01-2024T21:13:10 - [MESSAGE][PASSED] - Object: 'Object Repository/Report/Page_Login to Firefly III/button_Sign in' is clicked on

02-01-2024T21:13:10 - [TEST_STEP][PASSED] - click(findTestObject("Object Repository/Report/Page_Whats playing  Firefly III/span_Reports")): Object: 'Object Repository/Report/Page_Whats playing  Firefly III/span_Reports' is clicked on

02-01-2024T21:13:12 - [MESSAGE][PASSED] - Object: 'Object Repository/Report/Page_Whats playing  Firefly III/span_Reports' is clicked on

02-01-2024T21:13:12 - [TEST_STEP][PASSED] - selectOptionByValue(findTestObject("Object Repository/Report/Page_Reports  Firefly III/select_Default financial report            _3699a2"), report_type, true): All options with value 'double' are selected in object 'Object Repository/Report/Page_Reports  Firefly III/select_Default financial report            _3699a2'  using regular expression

02-01-2024T21:13:13 - [MESSAGE][PASSED] - All options with value 'double' are selected in object 'Object Repository/Report/Page_Reports  Firefly III/select_Default financial report            _3699a2'  using regular expression

02-01-2024T21:13:13 - [TEST_STEP][PASSED] - selectOptionByValue(findTestObject("Object Repository/Report/Page_Reports  Firefly III/input_checkbox"), included_amount, false): All options with value '625' are selected in object 'Object Repository/Report/Page_Reports  Firefly III/input_checkbox' 

02-01-2024T21:13:14 - [MESSAGE][PASSED] - All options with value '625' are selected in object 'Object Repository/Report/Page_Reports  Firefly III/input_checkbox' 

02-01-2024T21:13:14 - [TEST_STEP][PASSED] - setText(findTestObject("Object Repository/Report/Page_Reports  Firefly III/input_daterange"), date_from + " - " + date_to): Text '11/29/2023 - 23-12-2023' is set on object 'Object Repository/Report/Page_Reports  Firefly III/input_daterange'

02-01-2024T21:13:16 - [MESSAGE][PASSED] - Text '11/29/2023 - 23-12-2023' is set on object 'Object Repository/Report/Page_Reports  Firefly III/input_daterange'

02-01-2024T21:13:16 - [TEST_STEP][PASSED] - if (extra_budget && waitForElementPresent(findTestObject("Object Repository/Report/Page_Reports  Firefly III/input_extra_budget"), 1)): null

02-01-2024T21:13:16 - [TEST_STEP][PASSED] - else: null

02-01-2024T21:13:16 - [TEST_STEP][PASSED] - out.println("no extras budget value"): null

02-01-2024T21:13:16 - [TEST_STEP][PASSED] - if (extra_category && waitForElementPresent(findTestObject("Object Repository/Report/Page_Reports  Firefly III/input_extra_category"), 1)): Object 'Object Repository/Report/Page_Reports  Firefly III/input_extra_category' is not present after 1 second(s)

02-01-2024T21:13:18 - [MESSAGE][INFO] - Unable to find the element located by 'By.xpath: //*[@id="inputCategories"]'. Please recheck the objects properties to make sure the desired element is located. 

02-01-2024T21:13:18 - [MESSAGE][WARNING] - [SELF-HEALING] Failed to find element with id 'Object Repository/Report/Page_Reports  Firefly III/input_extra_category'. Try using Self-healing.

02-01-2024T21:13:19 - [MESSAGE][INFO] - [SELF-HEALING] No working XPath is found.

02-01-2024T21:13:19 - [MESSAGE][WARNING] - [SELF-HEALING] Cannot find elements when the selector is null

02-01-2024T21:13:20 - [MESSAGE][INFO] - Unable to find the element located by 'By.xpath: '. Please recheck the objects properties to make sure the desired element is located. 

02-01-2024T21:13:20 - [MESSAGE][WARNING] - Object 'Object Repository/Report/Page_Reports  Firefly III/input_extra_category' is not present after 1 second(s)

02-01-2024T21:13:20 - [TEST_STEP][PASSED] - else: null

02-01-2024T21:13:20 - [TEST_STEP][PASSED] - out.println("no extras category value"): null

02-01-2024T21:13:20 - [TEST_STEP][PASSED] - if (extra_tag && waitForElementPresent(findTestObject("Object Repository/Report/Page_Reports  Firefly III/input_extra_tag"), 1)): null

02-01-2024T21:13:20 - [TEST_STEP][PASSED] - else: null

02-01-2024T21:13:20 - [TEST_STEP][PASSED] - out.println("no extras tag value"): null

02-01-2024T21:13:20 - [TEST_STEP][PASSED] - if (extra_expense && waitForElementPresent(findTestObject("Object Repository/Report/Page_Reports  Firefly III/input_extra_expense"), 1)): null

02-01-2024T21:13:20 - [MESSAGE][PASSED] - Object 'Object Repository/Report/Page_Reports  Firefly III/input_extra_expense' is present

02-01-2024T21:13:20 - [TEST_STEP][PASSED] - selectOptionByValue(findTestObject("Object Repository/Report/Page_Reports  Firefly III/input_extra_expense"), extra_expense, false): All options with value '69' are selected in object 'Object Repository/Report/Page_Reports  Firefly III/input_extra_expense' 

02-01-2024T21:13:21 - [MESSAGE][PASSED] - All options with value '69' are selected in object 'Object Repository/Report/Page_Reports  Firefly III/input_extra_expense' 

02-01-2024T21:13:21 - [TEST_STEP][PASSED] - click(findTestObject("Object Repository/Report/Page_Reports  Firefly III/button_Submit")): Object: 'Object Repository/Report/Page_Reports  Firefly III/button_Submit' is clicked on

02-01-2024T21:13:22 - [MESSAGE][PASSED] - Object: 'Object Repository/Report/Page_Reports  Firefly III/button_Submit' is clicked on

02-01-2024T21:13:22 - [TEST_STEP][FAILED] - try: Unable to verify object 'Object Repository/Shared_alert/text_dangers' is present (Root cause: com.kms.katalon.core.exception.StepFailedException: Unable to verify object 'Object Repository/Shared_alert/text_dangers' is present
	at com.kms.katalon.core.webui.keyword.internal.WebUIKeywordMain.stepFailed(WebUIKeywordMain.groovy:64)
	at com.kms.katalon.core.webui.keyword.internal.WebUIKeywordMain.runKeyword(WebUIKeywordMain.groovy:26)
	at com.kms.katalon.core.webui.keyword.builtin.VerifyElementPresentKeyword.verifyElementPresent(VerifyElementPresentKeyword.groovy:92)
	at com.kms.katalon.core.webui.keyword.builtin.VerifyElementPresentKeyword.execute(VerifyElementPresentKeyword.groovy:68)
	at com.kms.katalon.core.keyword.internal.KeywordExecutor.executeKeywordForPlatform(KeywordExecutor.groovy:74)
	at com.kms.katalon.core.webui.keyword.WebUiBuiltInKeywords.verifyElementPresent(WebUiBuiltInKeywords.groovy:1503)
	at Report.run(Report:70)
	at com.kms.katalon.core.main.ScriptEngine.run(ScriptEngine.java:194)
	at com.kms.katalon.core.main.ScriptEngine.runScriptAsRawText(ScriptEngine.java:119)
	at com.kms.katalon.core.main.TestCaseExecutor.runScript(TestCaseExecutor.java:448)
	at com.kms.katalon.core.main.TestCaseExecutor.doExecute(TestCaseExecutor.java:439)
	at com.kms.katalon.core.main.TestCaseExecutor.processExecutionPhase(TestCaseExecutor.java:418)
	at com.kms.katalon.core.main.TestCaseExecutor.accessMainPhase(TestCaseExecutor.java:410)
	at com.kms.katalon.core.main.TestCaseExecutor.execute(TestCaseExecutor.java:285)
	at com.kms.katalon.core.common.CommonExecutor.accessTestCaseMainPhase(CommonExecutor.java:65)
	at com.kms.katalon.core.main.TestSuiteExecutor.accessTestSuiteMainPhase(TestSuiteExecutor.java:148)
	at com.kms.katalon.core.main.TestSuiteExecutor.execute(TestSuiteExecutor.java:106)
	at com.kms.katalon.core.main.TestCaseMain.startTestSuite(TestCaseMain.java:180)
	at TempTestSuite1704204574882.run(TempTestSuite1704204574882.groovy:36)
	at java.base/jdk.internal.reflect.NativeMethodAccessorImpl.invoke0(Native Method)
	at java.base/jdk.internal.reflect.NativeMethodAccessorImpl.invoke(NativeMethodAccessorImpl.java:77)
	at java.base/jdk.internal.reflect.DelegatingMethodAccessorImpl.invoke(DelegatingMethodAccessorImpl.java:43)
Caused by: com.kms.katalon.core.exception.StepFailedException: com.kms.katalon.core.webui.exception.WebElementNotFoundException: Web element with id: 'Object Repository/Shared_alert/text_dangers' located by '.text-danger' not found
	at com.kms.katalon.core.webui.keyword.internal.WebUIKeywordMain.stepFailed(WebUIKeywordMain.groovy:64)
	at com.kms.katalon.core.webui.keyword.builtin.VerifyElementPresentKeyword$_verifyElementPresent_closure1.doCall(VerifyElementPresentKeyword.groovy:85)
	at com.kms.katalon.core.webui.keyword.builtin.VerifyElementPresentKeyword$_verifyElementPresent_closure1.call(VerifyElementPresentKeyword.groovy)
	at com.kms.katalon.core.webui.keyword.internal.WebUIKeywordMain.runKeyword(WebUIKeywordMain.groovy:20)
	... 20 more
)

02-01-2024T21:13:22 - [TEST_STEP][FAILED] - verifyElementPresent(findTestObject("Shared_alert/text_dangers"), 1): Unable to verify object 'Object Repository/Shared_alert/text_dangers' is present (Root cause: com.kms.katalon.core.exception.StepFailedException: Unable to verify object 'Object Repository/Shared_alert/text_dangers' is present
	at com.kms.katalon.core.webui.keyword.internal.WebUIKeywordMain.stepFailed(WebUIKeywordMain.groovy:64)
	at com.kms.katalon.core.webui.keyword.internal.WebUIKeywordMain.runKeyword(WebUIKeywordMain.groovy:26)
	at com.kms.katalon.core.webui.keyword.builtin.VerifyElementPresentKeyword.verifyElementPresent(VerifyElementPresentKeyword.groovy:92)
	at com.kms.katalon.core.webui.keyword.builtin.VerifyElementPresentKeyword.execute(VerifyElementPresentKeyword.groovy:68)
	at com.kms.katalon.core.keyword.internal.KeywordExecutor.executeKeywordForPlatform(KeywordExecutor.groovy:74)
	at com.kms.katalon.core.webui.keyword.WebUiBuiltInKeywords.verifyElementPresent(WebUiBuiltInKeywords.groovy:1503)
	at Report.run(Report:70)
	at com.kms.katalon.core.main.ScriptEngine.run(ScriptEngine.java:194)
	at com.kms.katalon.core.main.ScriptEngine.runScriptAsRawText(ScriptEngine.java:119)
	at com.kms.katalon.core.main.TestCaseExecutor.runScript(TestCaseExecutor.java:448)
	at com.kms.katalon.core.main.TestCaseExecutor.doExecute(TestCaseExecutor.java:439)
	at com.kms.katalon.core.main.TestCaseExecutor.processExecutionPhase(TestCaseExecutor.java:418)
	at com.kms.katalon.core.main.TestCaseExecutor.accessMainPhase(TestCaseExecutor.java:410)
	at com.kms.katalon.core.main.TestCaseExecutor.execute(TestCaseExecutor.java:285)
	at com.kms.katalon.core.common.CommonExecutor.accessTestCaseMainPhase(CommonExecutor.java:65)
	at com.kms.katalon.core.main.TestSuiteExecutor.accessTestSuiteMainPhase(TestSuiteExecutor.java:148)
	at com.kms.katalon.core.main.TestSuiteExecutor.execute(TestSuiteExecutor.java:106)
	at com.kms.katalon.core.main.TestCaseMain.startTestSuite(TestCaseMain.java:180)
	at TempTestSuite1704204574882.run(TempTestSuite1704204574882.groovy:36)
	at java.base/jdk.internal.reflect.NativeMethodAccessorImpl.invoke0(Native Method)
	at java.base/jdk.internal.reflect.NativeMethodAccessorImpl.invoke(NativeMethodAccessorImpl.java:77)
	at java.base/jdk.internal.reflect.DelegatingMethodAccessorImpl.invoke(DelegatingMethodAccessorImpl.java:43)
Caused by: com.kms.katalon.core.exception.StepFailedException: com.kms.katalon.core.webui.exception.WebElementNotFoundException: Web element with id: 'Object Repository/Shared_alert/text_dangers' located by '.text-danger' not found
	at com.kms.katalon.core.webui.keyword.internal.WebUIKeywordMain.stepFailed(WebUIKeywordMain.groovy:64)
	at com.kms.katalon.core.webui.keyword.builtin.VerifyElementPresentKeyword$_verifyElementPresent_closure1.doCall(VerifyElementPresentKeyword.groovy:85)
	at com.kms.katalon.core.webui.keyword.builtin.VerifyElementPresentKeyword$_verifyElementPresent_closure1.call(VerifyElementPresentKeyword.groovy)
	at com.kms.katalon.core.webui.keyword.internal.WebUIKeywordMain.runKeyword(WebUIKeywordMain.groovy:20)
	... 20 more
)

02-01-2024T21:13:24 - [MESSAGE][INFO] - Unable to find the element located by 'By.cssSelector: .text-danger'. Please recheck the objects properties to make sure the desired element is located. 

02-01-2024T21:13:24 - [MESSAGE][FAILED] - com.kms.katalon.core.webui.exception.WebElementNotFoundException: Web element with id: 'Object Repository/Shared_alert/text_dangers' located by '.text-danger' not found (Root cause: com.kms.katalon.core.exception.StepFailedException: com.kms.katalon.core.webui.exception.WebElementNotFoundException: Web element with id: 'Object Repository/Shared_alert/text_dangers' located by '.text-danger' not found
	at com.kms.katalon.core.webui.keyword.internal.WebUIKeywordMain.stepFailed(WebUIKeywordMain.groovy:64)
	at com.kms.katalon.core.webui.keyword.builtin.VerifyElementPresentKeyword$_verifyElementPresent_closure1.doCall(VerifyElementPresentKeyword.groovy:85)
	at com.kms.katalon.core.webui.keyword.builtin.VerifyElementPresentKeyword$_verifyElementPresent_closure1.call(VerifyElementPresentKeyword.groovy)
	at com.kms.katalon.core.webui.keyword.internal.WebUIKeywordMain.runKeyword(WebUIKeywordMain.groovy:20)
	at com.kms.katalon.core.webui.keyword.builtin.VerifyElementPresentKeyword.verifyElementPresent(VerifyElementPresentKeyword.groovy:92)
	at com.kms.katalon.core.webui.keyword.builtin.VerifyElementPresentKeyword.execute(VerifyElementPresentKeyword.groovy:68)
	at com.kms.katalon.core.keyword.internal.KeywordExecutor.executeKeywordForPlatform(KeywordExecutor.groovy:74)
	at com.kms.katalon.core.webui.keyword.WebUiBuiltInKeywords.verifyElementPresent(WebUiBuiltInKeywords.groovy:1503)
	at Report.run(Report:70)
	at com.kms.katalon.core.main.ScriptEngine.run(ScriptEngine.java:194)
	at com.kms.katalon.core.main.ScriptEngine.runScriptAsRawText(ScriptEngine.java:119)
	at com.kms.katalon.core.main.TestCaseExecutor.runScript(TestCaseExecutor.java:448)
	at com.kms.katalon.core.main.TestCaseExecutor.doExecute(TestCaseExecutor.java:439)
	at com.kms.katalon.core.main.TestCaseExecutor.processExecutionPhase(TestCaseExecutor.java:418)
	at com.kms.katalon.core.main.TestCaseExecutor.accessMainPhase(TestCaseExecutor.java:410)
	at com.kms.katalon.core.main.TestCaseExecutor.execute(TestCaseExecutor.java:285)
	at com.kms.katalon.core.common.CommonExecutor.accessTestCaseMainPhase(CommonExecutor.java:65)
	at com.kms.katalon.core.main.TestSuiteExecutor.accessTestSuiteMainPhase(TestSuiteExecutor.java:148)
	at com.kms.katalon.core.main.TestSuiteExecutor.execute(TestSuiteExecutor.java:106)
	at com.kms.katalon.core.main.TestCaseMain.startTestSuite(TestCaseMain.java:180)
	at TempTestSuite1704204574882.run(TempTestSuite1704204574882.groovy:36)
	at java.base/jdk.internal.reflect.NativeMethodAccessorImpl.invoke0(Native Method)
	at java.base/jdk.internal.reflect.NativeMethodAccessorImpl.invoke(NativeMethodAccessorImpl.java:77)
	at java.base/jdk.internal.reflect.DelegatingMethodAccessorImpl.invoke(DelegatingMethodAccessorImpl.java:43)
)
[[ATTACHMENT|C:\\Users\\ACER\\git\\G1_Firefly_testing\\Reports\\20240102_210934\\Report\\20240102_210934\\1704204804628.png]]

02-01-2024T21:13:25 - [MESSAGE][FAILED] - Unable to verify object 'Object Repository/Shared_alert/text_dangers' is present (Root cause: com.kms.katalon.core.exception.StepFailedException: Unable to verify object 'Object Repository/Shared_alert/text_dangers' is present
	at com.kms.katalon.core.webui.keyword.internal.WebUIKeywordMain.stepFailed(WebUIKeywordMain.groovy:64)
	at com.kms.katalon.core.webui.keyword.internal.WebUIKeywordMain.runKeyword(WebUIKeywordMain.groovy:26)
	at com.kms.katalon.core.webui.keyword.builtin.VerifyElementPresentKeyword.verifyElementPresent(VerifyElementPresentKeyword.groovy:92)
	at com.kms.katalon.core.webui.keyword.builtin.VerifyElementPresentKeyword.execute(VerifyElementPresentKeyword.groovy:68)
	at com.kms.katalon.core.keyword.internal.KeywordExecutor.executeKeywordForPlatform(KeywordExecutor.groovy:74)
	at com.kms.katalon.core.webui.keyword.WebUiBuiltInKeywords.verifyElementPresent(WebUiBuiltInKeywords.groovy:1503)
	at Report.run(Report:70)
	at com.kms.katalon.core.main.ScriptEngine.run(ScriptEngine.java:194)
	at com.kms.katalon.core.main.ScriptEngine.runScriptAsRawText(ScriptEngine.java:119)
	at com.kms.katalon.core.main.TestCaseExecutor.runScript(TestCaseExecutor.java:448)
	at com.kms.katalon.core.main.TestCaseExecutor.doExecute(TestCaseExecutor.java:439)
	at com.kms.katalon.core.main.TestCaseExecutor.processExecutionPhase(TestCaseExecutor.java:418)
	at com.kms.katalon.core.main.TestCaseExecutor.accessMainPhase(TestCaseExecutor.java:410)
	at com.kms.katalon.core.main.TestCaseExecutor.execute(TestCaseExecutor.java:285)
	at com.kms.katalon.core.common.CommonExecutor.accessTestCaseMainPhase(CommonExecutor.java:65)
	at com.kms.katalon.core.main.TestSuiteExecutor.accessTestSuiteMainPhase(TestSuiteExecutor.java:148)
	at com.kms.katalon.core.main.TestSuiteExecutor.execute(TestSuiteExecutor.java:106)
	at com.kms.katalon.core.main.TestCaseMain.startTestSuite(TestCaseMain.java:180)
	at TempTestSuite1704204574882.run(TempTestSuite1704204574882.groovy:36)
	at java.base/jdk.internal.reflect.NativeMethodAccessorImpl.invoke0(Native Method)
	at java.base/jdk.internal.reflect.NativeMethodAccessorImpl.invoke(NativeMethodAccessorImpl.java:77)
	at java.base/jdk.internal.reflect.DelegatingMethodAccessorImpl.invoke(DelegatingMethodAccessorImpl.java:43)
Caused by: com.kms.katalon.core.exception.StepFailedException: com.kms.katalon.core.webui.exception.WebElementNotFoundException: Web element with id: 'Object Repository/Shared_alert/text_dangers' located by '.text-danger' not found
	at com.kms.katalon.core.webui.keyword.internal.WebUIKeywordMain.stepFailed(WebUIKeywordMain.groovy:64)
	at com.kms.katalon.core.webui.keyword.builtin.VerifyElementPresentKeyword$_verifyElementPresent_closure1.doCall(VerifyElementPresentKeyword.groovy:85)
	at com.kms.katalon.core.webui.keyword.builtin.VerifyElementPresentKeyword$_verifyElementPresent_closure1.call(VerifyElementPresentKeyword.groovy)
	at com.kms.katalon.core.webui.keyword.internal.WebUIKeywordMain.runKeyword(WebUIKeywordMain.groovy:20)
	... 20 more
)
[[ATTACHMENT|C:\\Users\\ACER\\git\\G1_Firefly_testing\\Reports\\20240102_210934\\Report\\20240102_210934\\1704204804888.png]]

02-01-2024T21:13:25 - [TEST_STEP][PASSED] - catch (Exception err): null

02-01-2024T21:13:25 - [TEST_STEP][PASSED] - verifyElementPresent(findTestObject("Shared_alert/success_alert"), 1): Object 'Object Repository/Shared_alert/success_alert' is present

02-01-2024T21:13:25 - [MESSAGE][PASSED] - Object 'Object Repository/Shared_alert/success_alert' is present

02-01-2024T21:13:25 - [TEST_STEP][PASSED] - out.println("success"): null

02-01-2024T21:13:25 - [TEST_STEP][PASSED] - closeBrowser(): Browser is closed

02-01-2024T21:13:25 - [MESSAGE][PASSED] - Browser is closed]]></system-out>
         <system-err><![CDATA[]]></system-err>
      </testcase>
      <testcase name="Test Cases/Report" time="26.184" classname="Test Cases/Report" status="PASSED">
         <system-out><![CDATA[02-01-2024T21:13:25 - [TEST_CASE][PASSED] - Test Cases/Report: Test Cases/Report

02-01-2024T21:13:25 - [TEST_STEP][PASSED] - openBrowser(""): Browser is opened with url: ''

02-01-2024T21:13:25 - [MESSAGE][INFO] - Starting 'Chrome' driver

02-01-2024T21:13:25 - [MESSAGE][INFO] - Action delay is set to 0 milliseconds

02-01-2024T21:13:26 - [MESSAGE][PASSED] - Browser is opened with url: ''

02-01-2024T21:13:26 - [TEST_STEP][PASSED] - navigateToUrl("https://firefly.buudadawg.online/login"): Navigate to 'https://firefly.buudadawg.online/login' successfully

02-01-2024T21:13:30 - [MESSAGE][PASSED] - Navigate to 'https://firefly.buudadawg.online/login' successfully

02-01-2024T21:13:30 - [TEST_STEP][PASSED] - click(findTestObject("Object Repository/Report/Page_Login to Firefly III/p_Sign in to start your session")): Object: 'Object Repository/Report/Page_Login to Firefly III/p_Sign in to start your session' is clicked on

02-01-2024T21:13:30 - [MESSAGE][PASSED] - Object: 'Object Repository/Report/Page_Login to Firefly III/p_Sign in to start your session' is clicked on

02-01-2024T21:13:30 - [TEST_STEP][PASSED] - setText(findTestObject("Object Repository/Report/Page_Login to Firefly III/input_email"), "klot12022002@gmail.com"): Text 'klot12022002@gmail.com' is set on object 'Object Repository/Report/Page_Login to Firefly III/input_email'

02-01-2024T21:13:31 - [MESSAGE][PASSED] - Text 'klot12022002@gmail.com' is set on object 'Object Repository/Report/Page_Login to Firefly III/input_email'

02-01-2024T21:13:31 - [TEST_STEP][PASSED] - setEncryptedText(findTestObject("Object Repository/Report/Page_Login to Firefly III/input_password"), "A0OWLKT5igxVrUm1hOyDrVf3RsK4FPOM"): Text ****** has been set on object 'Object Repository/Report/Page_Login to Firefly III/input_password'

02-01-2024T21:13:32 - [MESSAGE][PASSED] - Text ****** has been set on object 'Object Repository/Report/Page_Login to Firefly III/input_password'

02-01-2024T21:13:32 - [TEST_STEP][PASSED] - click(findTestObject("Object Repository/Report/Page_Login to Firefly III/button_Sign in")): Object: 'Object Repository/Report/Page_Login to Firefly III/button_Sign in' is clicked on

02-01-2024T21:13:33 - [MESSAGE][PASSED] - Object: 'Object Repository/Report/Page_Login to Firefly III/button_Sign in' is clicked on

02-01-2024T21:13:33 - [TEST_STEP][PASSED] - click(findTestObject("Object Repository/Report/Page_Whats playing  Firefly III/span_Reports")): Object: 'Object Repository/Report/Page_Whats playing  Firefly III/span_Reports' is clicked on

02-01-2024T21:13:35 - [MESSAGE][PASSED] - Object: 'Object Repository/Report/Page_Whats playing  Firefly III/span_Reports' is clicked on

02-01-2024T21:13:35 - [TEST_STEP][PASSED] - selectOptionByValue(findTestObject("Object Repository/Report/Page_Reports  Firefly III/select_Default financial report            _3699a2"), report_type, true): All options with value 'budget' are selected in object 'Object Repository/Report/Page_Reports  Firefly III/select_Default financial report            _3699a2'  using regular expression

02-01-2024T21:13:36 - [MESSAGE][PASSED] - All options with value 'budget' are selected in object 'Object Repository/Report/Page_Reports  Firefly III/select_Default financial report            _3699a2'  using regular expression

02-01-2024T21:13:36 - [TEST_STEP][PASSED] - selectOptionByValue(findTestObject("Object Repository/Report/Page_Reports  Firefly III/input_checkbox"), included_amount, false): All options with value '621' are selected in object 'Object Repository/Report/Page_Reports  Firefly III/input_checkbox' 

02-01-2024T21:13:37 - [MESSAGE][PASSED] - All options with value '621' are selected in object 'Object Repository/Report/Page_Reports  Firefly III/input_checkbox' 

02-01-2024T21:13:37 - [TEST_STEP][PASSED] - setText(findTestObject("Object Repository/Report/Page_Reports  Firefly III/input_daterange"), date_from + " - " + date_to): Text '10/18/2023 - 21-12-2023' is set on object 'Object Repository/Report/Page_Reports  Firefly III/input_daterange'

02-01-2024T21:13:38 - [MESSAGE][PASSED] - Text '10/18/2023 - 21-12-2023' is set on object 'Object Repository/Report/Page_Reports  Firefly III/input_daterange'

02-01-2024T21:13:38 - [TEST_STEP][PASSED] - if (extra_budget && waitForElementPresent(findTestObject("Object Repository/Report/Page_Reports  Firefly III/input_extra_budget"), 1)): null

02-01-2024T21:13:38 - [TEST_STEP][PASSED] - else: null

02-01-2024T21:13:38 - [TEST_STEP][PASSED] - out.println("no extras budget value"): null

02-01-2024T21:13:38 - [TEST_STEP][PASSED] - if (extra_category && waitForElementPresent(findTestObject("Object Repository/Report/Page_Reports  Firefly III/input_extra_category"), 1)): Object 'Object Repository/Report/Page_Reports  Firefly III/input_extra_category' is not present after 1 second(s)

02-01-2024T21:13:41 - [MESSAGE][INFO] - Unable to find the element located by 'By.xpath: //*[@id="inputCategories"]'. Please recheck the objects properties to make sure the desired element is located. 

02-01-2024T21:13:41 - [MESSAGE][WARNING] - [SELF-HEALING] Failed to find element with id 'Object Repository/Report/Page_Reports  Firefly III/input_extra_category'. Try using Self-healing.

02-01-2024T21:13:42 - [MESSAGE][INFO] - [SELF-HEALING] No working XPath is found.

02-01-2024T21:13:42 - [MESSAGE][WARNING] - [SELF-HEALING] Cannot find elements when the selector is null

02-01-2024T21:13:43 - [MESSAGE][INFO] - Unable to find the element located by 'By.xpath: '. Please recheck the objects properties to make sure the desired element is located. 

02-01-2024T21:13:43 - [MESSAGE][WARNING] - Object 'Object Repository/Report/Page_Reports  Firefly III/input_extra_category' is not present after 1 second(s)

02-01-2024T21:13:43 - [TEST_STEP][PASSED] - else: null

02-01-2024T21:13:43 - [TEST_STEP][PASSED] - out.println("no extras category value"): null

02-01-2024T21:13:43 - [TEST_STEP][PASSED] - if (extra_tag && waitForElementPresent(findTestObject("Object Repository/Report/Page_Reports  Firefly III/input_extra_tag"), 1)): null

02-01-2024T21:13:43 - [TEST_STEP][PASSED] - else: null

02-01-2024T21:13:43 - [TEST_STEP][PASSED] - out.println("no extras tag value"): null

02-01-2024T21:13:43 - [TEST_STEP][PASSED] - if (extra_expense && waitForElementPresent(findTestObject("Object Repository/Report/Page_Reports  Firefly III/input_extra_expense"), 1)): Object 'Object Repository/Report/Page_Reports  Firefly III/input_extra_expense' is not present after 1 second(s)

02-01-2024T21:13:45 - [MESSAGE][INFO] - Unable to find the element located by 'By.xpath: //*[@id="inputDoubleAccounts"]'. Please recheck the objects properties to make sure the desired element is located. 

02-01-2024T21:13:45 - [MESSAGE][WARNING] - [SELF-HEALING] Failed to find element with id 'Object Repository/Report/Page_Reports  Firefly III/input_extra_expense'. Try using Self-healing.

02-01-2024T21:13:46 - [MESSAGE][INFO] - [SELF-HEALING] No working XPath is found.

02-01-2024T21:13:46 - [MESSAGE][WARNING] - [SELF-HEALING] Cannot find elements when the selector is null

02-01-2024T21:13:47 - [MESSAGE][INFO] - Unable to find the element located by 'By.xpath: '. Please recheck the objects properties to make sure the desired element is located. 

02-01-2024T21:13:47 - [MESSAGE][WARNING] - Object 'Object Repository/Report/Page_Reports  Firefly III/input_extra_expense' is not present after 1 second(s)

02-01-2024T21:13:47 - [TEST_STEP][PASSED] - else: null

02-01-2024T21:13:47 - [TEST_STEP][PASSED] - out.println("no extras expense value"): null

02-01-2024T21:13:47 - [TEST_STEP][PASSED] - click(findTestObject("Object Repository/Report/Page_Reports  Firefly III/button_Submit")): Object: 'Object Repository/Report/Page_Reports  Firefly III/button_Submit' is clicked on

02-01-2024T21:13:48 - [MESSAGE][PASSED] - Object: 'Object Repository/Report/Page_Reports  Firefly III/button_Submit' is clicked on

02-01-2024T21:13:48 - [TEST_STEP][FAILED] - try: Unable to verify object 'Object Repository/Shared_alert/text_dangers' is present (Root cause: com.kms.katalon.core.exception.StepFailedException: Unable to verify object 'Object Repository/Shared_alert/text_dangers' is present
	at com.kms.katalon.core.webui.keyword.internal.WebUIKeywordMain.stepFailed(WebUIKeywordMain.groovy:64)
	at com.kms.katalon.core.webui.keyword.internal.WebUIKeywordMain.runKeyword(WebUIKeywordMain.groovy:26)
	at com.kms.katalon.core.webui.keyword.builtin.VerifyElementPresentKeyword.verifyElementPresent(VerifyElementPresentKeyword.groovy:92)
	at com.kms.katalon.core.webui.keyword.builtin.VerifyElementPresentKeyword.execute(VerifyElementPresentKeyword.groovy:68)
	at com.kms.katalon.core.keyword.internal.KeywordExecutor.executeKeywordForPlatform(KeywordExecutor.groovy:74)
	at com.kms.katalon.core.webui.keyword.WebUiBuiltInKeywords.verifyElementPresent(WebUiBuiltInKeywords.groovy:1503)
	at Report.run(Report:70)
	at com.kms.katalon.core.main.ScriptEngine.run(ScriptEngine.java:194)
	at com.kms.katalon.core.main.ScriptEngine.runScriptAsRawText(ScriptEngine.java:119)
	at com.kms.katalon.core.main.TestCaseExecutor.runScript(TestCaseExecutor.java:448)
	at com.kms.katalon.core.main.TestCaseExecutor.doExecute(TestCaseExecutor.java:439)
	at com.kms.katalon.core.main.TestCaseExecutor.processExecutionPhase(TestCaseExecutor.java:418)
	at com.kms.katalon.core.main.TestCaseExecutor.accessMainPhase(TestCaseExecutor.java:410)
	at com.kms.katalon.core.main.TestCaseExecutor.execute(TestCaseExecutor.java:285)
	at com.kms.katalon.core.common.CommonExecutor.accessTestCaseMainPhase(CommonExecutor.java:65)
	at com.kms.katalon.core.main.TestSuiteExecutor.accessTestSuiteMainPhase(TestSuiteExecutor.java:148)
	at com.kms.katalon.core.main.TestSuiteExecutor.execute(TestSuiteExecutor.java:106)
	at com.kms.katalon.core.main.TestCaseMain.startTestSuite(TestCaseMain.java:180)
	at TempTestSuite1704204574882.run(TempTestSuite1704204574882.groovy:36)
	at java.base/jdk.internal.reflect.NativeMethodAccessorImpl.invoke0(Native Method)
	at java.base/jdk.internal.reflect.NativeMethodAccessorImpl.invoke(NativeMethodAccessorImpl.java:77)
	at java.base/jdk.internal.reflect.DelegatingMethodAccessorImpl.invoke(DelegatingMethodAccessorImpl.java:43)
Caused by: com.kms.katalon.core.exception.StepFailedException: com.kms.katalon.core.webui.exception.WebElementNotFoundException: Web element with id: 'Object Repository/Shared_alert/text_dangers' located by '.text-danger' not found
	at com.kms.katalon.core.webui.keyword.internal.WebUIKeywordMain.stepFailed(WebUIKeywordMain.groovy:64)
	at com.kms.katalon.core.webui.keyword.builtin.VerifyElementPresentKeyword$_verifyElementPresent_closure1.doCall(VerifyElementPresentKeyword.groovy:85)
	at com.kms.katalon.core.webui.keyword.builtin.VerifyElementPresentKeyword$_verifyElementPresent_closure1.call(VerifyElementPresentKeyword.groovy)
	at com.kms.katalon.core.webui.keyword.internal.WebUIKeywordMain.runKeyword(WebUIKeywordMain.groovy:20)
	... 20 more
)

02-01-2024T21:13:48 - [TEST_STEP][FAILED] - verifyElementPresent(findTestObject("Shared_alert/text_dangers"), 1): Unable to verify object 'Object Repository/Shared_alert/text_dangers' is present (Root cause: com.kms.katalon.core.exception.StepFailedException: Unable to verify object 'Object Repository/Shared_alert/text_dangers' is present
	at com.kms.katalon.core.webui.keyword.internal.WebUIKeywordMain.stepFailed(WebUIKeywordMain.groovy:64)
	at com.kms.katalon.core.webui.keyword.internal.WebUIKeywordMain.runKeyword(WebUIKeywordMain.groovy:26)
	at com.kms.katalon.core.webui.keyword.builtin.VerifyElementPresentKeyword.verifyElementPresent(VerifyElementPresentKeyword.groovy:92)
	at com.kms.katalon.core.webui.keyword.builtin.VerifyElementPresentKeyword.execute(VerifyElementPresentKeyword.groovy:68)
	at com.kms.katalon.core.keyword.internal.KeywordExecutor.executeKeywordForPlatform(KeywordExecutor.groovy:74)
	at com.kms.katalon.core.webui.keyword.WebUiBuiltInKeywords.verifyElementPresent(WebUiBuiltInKeywords.groovy:1503)
	at Report.run(Report:70)
	at com.kms.katalon.core.main.ScriptEngine.run(ScriptEngine.java:194)
	at com.kms.katalon.core.main.ScriptEngine.runScriptAsRawText(ScriptEngine.java:119)
	at com.kms.katalon.core.main.TestCaseExecutor.runScript(TestCaseExecutor.java:448)
	at com.kms.katalon.core.main.TestCaseExecutor.doExecute(TestCaseExecutor.java:439)
	at com.kms.katalon.core.main.TestCaseExecutor.processExecutionPhase(TestCaseExecutor.java:418)
	at com.kms.katalon.core.main.TestCaseExecutor.accessMainPhase(TestCaseExecutor.java:410)
	at com.kms.katalon.core.main.TestCaseExecutor.execute(TestCaseExecutor.java:285)
	at com.kms.katalon.core.common.CommonExecutor.accessTestCaseMainPhase(CommonExecutor.java:65)
	at com.kms.katalon.core.main.TestSuiteExecutor.accessTestSuiteMainPhase(TestSuiteExecutor.java:148)
	at com.kms.katalon.core.main.TestSuiteExecutor.execute(TestSuiteExecutor.java:106)
	at com.kms.katalon.core.main.TestCaseMain.startTestSuite(TestCaseMain.java:180)
	at TempTestSuite1704204574882.run(TempTestSuite1704204574882.groovy:36)
	at java.base/jdk.internal.reflect.NativeMethodAccessorImpl.invoke0(Native Method)
	at java.base/jdk.internal.reflect.NativeMethodAccessorImpl.invoke(NativeMethodAccessorImpl.java:77)
	at java.base/jdk.internal.reflect.DelegatingMethodAccessorImpl.invoke(DelegatingMethodAccessorImpl.java:43)
Caused by: com.kms.katalon.core.exception.StepFailedException: com.kms.katalon.core.webui.exception.WebElementNotFoundException: Web element with id: 'Object Repository/Shared_alert/text_dangers' located by '.text-danger' not found
	at com.kms.katalon.core.webui.keyword.internal.WebUIKeywordMain.stepFailed(WebUIKeywordMain.groovy:64)
	at com.kms.katalon.core.webui.keyword.builtin.VerifyElementPresentKeyword$_verifyElementPresent_closure1.doCall(VerifyElementPresentKeyword.groovy:85)
	at com.kms.katalon.core.webui.keyword.builtin.VerifyElementPresentKeyword$_verifyElementPresent_closure1.call(VerifyElementPresentKeyword.groovy)
	at com.kms.katalon.core.webui.keyword.internal.WebUIKeywordMain.runKeyword(WebUIKeywordMain.groovy:20)
	... 20 more
)

02-01-2024T21:13:50 - [MESSAGE][INFO] - Unable to find the element located by 'By.cssSelector: .text-danger'. Please recheck the objects properties to make sure the desired element is located. 

02-01-2024T21:13:51 - [MESSAGE][FAILED] - com.kms.katalon.core.webui.exception.WebElementNotFoundException: Web element with id: 'Object Repository/Shared_alert/text_dangers' located by '.text-danger' not found (Root cause: com.kms.katalon.core.exception.StepFailedException: com.kms.katalon.core.webui.exception.WebElementNotFoundException: Web element with id: 'Object Repository/Shared_alert/text_dangers' located by '.text-danger' not found
	at com.kms.katalon.core.webui.keyword.internal.WebUIKeywordMain.stepFailed(WebUIKeywordMain.groovy:64)
	at com.kms.katalon.core.webui.keyword.builtin.VerifyElementPresentKeyword$_verifyElementPresent_closure1.doCall(VerifyElementPresentKeyword.groovy:85)
	at com.kms.katalon.core.webui.keyword.builtin.VerifyElementPresentKeyword$_verifyElementPresent_closure1.call(VerifyElementPresentKeyword.groovy)
	at com.kms.katalon.core.webui.keyword.internal.WebUIKeywordMain.runKeyword(WebUIKeywordMain.groovy:20)
	at com.kms.katalon.core.webui.keyword.builtin.VerifyElementPresentKeyword.verifyElementPresent(VerifyElementPresentKeyword.groovy:92)
	at com.kms.katalon.core.webui.keyword.builtin.VerifyElementPresentKeyword.execute(VerifyElementPresentKeyword.groovy:68)
	at com.kms.katalon.core.keyword.internal.KeywordExecutor.executeKeywordForPlatform(KeywordExecutor.groovy:74)
	at com.kms.katalon.core.webui.keyword.WebUiBuiltInKeywords.verifyElementPresent(WebUiBuiltInKeywords.groovy:1503)
	at Report.run(Report:70)
	at com.kms.katalon.core.main.ScriptEngine.run(ScriptEngine.java:194)
	at com.kms.katalon.core.main.ScriptEngine.runScriptAsRawText(ScriptEngine.java:119)
	at com.kms.katalon.core.main.TestCaseExecutor.runScript(TestCaseExecutor.java:448)
	at com.kms.katalon.core.main.TestCaseExecutor.doExecute(TestCaseExecutor.java:439)
	at com.kms.katalon.core.main.TestCaseExecutor.processExecutionPhase(TestCaseExecutor.java:418)
	at com.kms.katalon.core.main.TestCaseExecutor.accessMainPhase(TestCaseExecutor.java:410)
	at com.kms.katalon.core.main.TestCaseExecutor.execute(TestCaseExecutor.java:285)
	at com.kms.katalon.core.common.CommonExecutor.accessTestCaseMainPhase(CommonExecutor.java:65)
	at com.kms.katalon.core.main.TestSuiteExecutor.accessTestSuiteMainPhase(TestSuiteExecutor.java:148)
	at com.kms.katalon.core.main.TestSuiteExecutor.execute(TestSuiteExecutor.java:106)
	at com.kms.katalon.core.main.TestCaseMain.startTestSuite(TestCaseMain.java:180)
	at TempTestSuite1704204574882.run(TempTestSuite1704204574882.groovy:36)
	at java.base/jdk.internal.reflect.NativeMethodAccessorImpl.invoke0(Native Method)
	at java.base/jdk.internal.reflect.NativeMethodAccessorImpl.invoke(NativeMethodAccessorImpl.java:77)
	at java.base/jdk.internal.reflect.DelegatingMethodAccessorImpl.invoke(DelegatingMethodAccessorImpl.java:43)
)
[[ATTACHMENT|C:\\Users\\ACER\\git\\G1_Firefly_testing\\Reports\\20240102_210934\\Report\\20240102_210934\\1704204830893.png]]

02-01-2024T21:13:51 - [MESSAGE][FAILED] - Unable to verify object 'Object Repository/Shared_alert/text_dangers' is present (Root cause: com.kms.katalon.core.exception.StepFailedException: Unable to verify object 'Object Repository/Shared_alert/text_dangers' is present
	at com.kms.katalon.core.webui.keyword.internal.WebUIKeywordMain.stepFailed(WebUIKeywordMain.groovy:64)
	at com.kms.katalon.core.webui.keyword.internal.WebUIKeywordMain.runKeyword(WebUIKeywordMain.groovy:26)
	at com.kms.katalon.core.webui.keyword.builtin.VerifyElementPresentKeyword.verifyElementPresent(VerifyElementPresentKeyword.groovy:92)
	at com.kms.katalon.core.webui.keyword.builtin.VerifyElementPresentKeyword.execute(VerifyElementPresentKeyword.groovy:68)
	at com.kms.katalon.core.keyword.internal.KeywordExecutor.executeKeywordForPlatform(KeywordExecutor.groovy:74)
	at com.kms.katalon.core.webui.keyword.WebUiBuiltInKeywords.verifyElementPresent(WebUiBuiltInKeywords.groovy:1503)
	at Report.run(Report:70)
	at com.kms.katalon.core.main.ScriptEngine.run(ScriptEngine.java:194)
	at com.kms.katalon.core.main.ScriptEngine.runScriptAsRawText(ScriptEngine.java:119)
	at com.kms.katalon.core.main.TestCaseExecutor.runScript(TestCaseExecutor.java:448)
	at com.kms.katalon.core.main.TestCaseExecutor.doExecute(TestCaseExecutor.java:439)
	at com.kms.katalon.core.main.TestCaseExecutor.processExecutionPhase(TestCaseExecutor.java:418)
	at com.kms.katalon.core.main.TestCaseExecutor.accessMainPhase(TestCaseExecutor.java:410)
	at com.kms.katalon.core.main.TestCaseExecutor.execute(TestCaseExecutor.java:285)
	at com.kms.katalon.core.common.CommonExecutor.accessTestCaseMainPhase(CommonExecutor.java:65)
	at com.kms.katalon.core.main.TestSuiteExecutor.accessTestSuiteMainPhase(TestSuiteExecutor.java:148)
	at com.kms.katalon.core.main.TestSuiteExecutor.execute(TestSuiteExecutor.java:106)
	at com.kms.katalon.core.main.TestCaseMain.startTestSuite(TestCaseMain.java:180)
	at TempTestSuite1704204574882.run(TempTestSuite1704204574882.groovy:36)
	at java.base/jdk.internal.reflect.NativeMethodAccessorImpl.invoke0(Native Method)
	at java.base/jdk.internal.reflect.NativeMethodAccessorImpl.invoke(NativeMethodAccessorImpl.java:77)
	at java.base/jdk.internal.reflect.DelegatingMethodAccessorImpl.invoke(DelegatingMethodAccessorImpl.java:43)
Caused by: com.kms.katalon.core.exception.StepFailedException: com.kms.katalon.core.webui.exception.WebElementNotFoundException: Web element with id: 'Object Repository/Shared_alert/text_dangers' located by '.text-danger' not found
	at com.kms.katalon.core.webui.keyword.internal.WebUIKeywordMain.stepFailed(WebUIKeywordMain.groovy:64)
	at com.kms.katalon.core.webui.keyword.builtin.VerifyElementPresentKeyword$_verifyElementPresent_closure1.doCall(VerifyElementPresentKeyword.groovy:85)
	at com.kms.katalon.core.webui.keyword.builtin.VerifyElementPresentKeyword$_verifyElementPresent_closure1.call(VerifyElementPresentKeyword.groovy)
	at com.kms.katalon.core.webui.keyword.internal.WebUIKeywordMain.runKeyword(WebUIKeywordMain.groovy:20)
	... 20 more
)
[[ATTACHMENT|C:\\Users\\ACER\\git\\G1_Firefly_testing\\Reports\\20240102_210934\\Report\\20240102_210934\\1704204831146.png]]

02-01-2024T21:13:51 - [TEST_STEP][PASSED] - catch (Exception err): null

02-01-2024T21:13:51 - [TEST_STEP][PASSED] - verifyElementPresent(findTestObject("Shared_alert/success_alert"), 1): Object 'Object Repository/Shared_alert/success_alert' is present

02-01-2024T21:13:51 - [MESSAGE][PASSED] - Object 'Object Repository/Shared_alert/success_alert' is present

02-01-2024T21:13:51 - [TEST_STEP][PASSED] - out.println("success"): null

02-01-2024T21:13:51 - [TEST_STEP][PASSED] - closeBrowser(): Browser is closed

02-01-2024T21:13:51 - [MESSAGE][PASSED] - Browser is closed]]></system-out>
         <system-err><![CDATA[]]></system-err>
      </testcase>
      <system-out><![CDATA[02-01-2024T21:09:40 - [TEST_SUITE][PASSED] - Report: Test Cases/Report]]></system-out>
      <system-err><![CDATA[]]></system-err>
   </testsuite>
</testsuites>
