<?xml version="1.0" encoding="UTF-8"?>
<testsuites name="Transaction" time="37.244" tests="2" failures="2" errors="0">
   <testsuite name="Transaction" tests="2" failures="2" errors="0" time="37.244" skipped="0" timestamp="01-01-2024T18:12:21" hostname="MODERN 15 - Phuc" id="Test Suites/Transaction">
      <properties>
         <property name="deviceName" value=""/>
         <property name="devicePlatform" value=""/>
         <property name="logFolder" value="C:\\Users\\MODERN 15\\git\\G1_Firefly_testing\\Reports\\20240101_181216\\Transaction\\20240101_181217"/>
         <property name="logFiles" value="C:\\Users\\MODERN 15\\git\\G1_Firefly_testing\\Reports\\20240101_181216\\Transaction\\20240101_181217\\execution0.log"/>
         <property name="attachments" value="C:\\Users\\MODERN 15\\git\\G1_Firefly_testing\\Reports\\20240101_181216\\Transaction\\20240101_181217\\1704107561255.png, C:\\Users\\MODERN 15\\git\\G1_Firefly_testing\\Reports\\20240101_181216\\Transaction\\20240101_181217\\1704107578847.png"/>
         <property name="hostName" value="MODERN 15 - Phuc"/>
         <property name="os" value="Windows 11 64bit"/>
         <property name="katalonVersion" value="9.1.0.212"/>
         <property name="browser" value="Chrome 120.0.0.0"/>
         <property name="hostAddress" value="192.168.1.4"/>
         <property name="sessionId" value="ae1b7e4940815c0fd97f56a36998af8e"/>
         <property name="seleniumVersion" value="3.141.59"/>
         <property name="proxyInformation" value="ProxyInformation { proxyOption=NO_PROXY, proxyServerType=HTTP, username=, password=********, proxyServerAddress=, proxyServerPort=0, executionList=&quot;&quot;, isApplyToDesiredCapabilities=true }"/>
         <property name="platform" value="Windows 11"/>
      </properties>
      <testcase name="Test Cases/Transaction" time="19.287" classname="Test Cases/Transaction" status="FAILED">
         <failure type="FAILED" message="Test Cases/Transaction FAILED.&#xa;Reason:&#xa;com.kms.katalon.core.exception.StepFailedException: Unable to select option by label '(no piggy bank)' of object 'Object Repository/Transaction/Page_Create new withdrawal  Transactions  F_057ce1/select_(no piggy bank)                  1 (_6b16ef'  using regular expression&#xa;	at com.kms.katalon.core.webui.keyword.internal.WebUIKeywordMain.stepFailed(WebUIKeywordMain.groovy:64)&#xa;	at com.kms.katalon.core.webui.keyword.internal.WebUIKeywordMain.runKeyword(WebUIKeywordMain.groovy:26)&#xa;	at com.kms.katalon.core.webui.keyword.builtin.SelectOptionByLabelKeyword.selectOptionByLabel(SelectOptionByLabelKeyword.groovy:98)&#xa;	at com.kms.katalon.core.webui.keyword.builtin.SelectOptionByLabelKeyword.execute(SelectOptionByLabelKeyword.groovy:71)&#xa;	at com.kms.katalon.core.keyword.internal.KeywordExecutor.executeKeywordForPlatform(KeywordExecutor.groovy:74)&#xa;	at com.kms.katalon.core.webui.keyword.WebUiBuiltInKeywords.selectOptionByLabel(WebUiBuiltInKeywords.groovy:1269)&#xa;	at Transaction.run(Transaction:59)&#xa;	at com.kms.katalon.core.main.ScriptEngine.run(ScriptEngine.java:194)&#xa;	at com.kms.katalon.core.main.ScriptEngine.runScriptAsRawText(ScriptEngine.java:119)&#xa;	at com.kms.katalon.core.main.TestCaseExecutor.runScript(TestCaseExecutor.java:448)&#xa;	at com.kms.katalon.core.main.TestCaseExecutor.doExecute(TestCaseExecutor.java:439)&#xa;	at com.kms.katalon.core.main.TestCaseExecutor.processExecutionPhase(TestCaseExecutor.java:418)&#xa;	at com.kms.katalon.core.main.TestCaseExecutor.accessMainPhase(TestCaseExecutor.java:410)&#xa;	at com.kms.katalon.core.main.TestCaseExecutor.execute(TestCaseExecutor.java:285)&#xa;	at com.kms.katalon.core.common.CommonExecutor.accessTestCaseMainPhase(CommonExecutor.java:65)&#xa;	at com.kms.katalon.core.main.TestSuiteExecutor.accessTestSuiteMainPhase(TestSuiteExecutor.java:148)&#xa;	at com.kms.katalon.core.main.TestSuiteExecutor.execute(TestSuiteExecutor.java:106)&#xa;	at com.kms.katalon.core.main.TestCaseMain.startTestSuite(TestCaseMain.java:180)&#xa;	at TempTestSuite1704107537777.run(TempTestSuite1704107537777.groovy:36)&#xa;	at java.base/jdk.internal.reflect.NativeMethodAccessorImpl.invoke0(Native Method)&#xa;	at java.base/jdk.internal.reflect.NativeMethodAccessorImpl.invoke(NativeMethodAccessorImpl.java:77)&#xa;	at java.base/jdk.internal.reflect.DelegatingMethodAccessorImpl.invoke(DelegatingMethodAccessorImpl.java:43)&#xa;Caused by: com.kms.katalon.core.exception.StepFailedException: No option matched.&#xa;	at com.kms.katalon.core.keyword.internal.KeywordMain.stepFailed(KeywordMain.groovy:51)&#xa;	at com.kms.katalon.core.keyword.internal.KeywordMain.stepFailed(KeywordMain.groovy)&#xa;	at com.kms.katalon.core.keyword.internal.KeywordMain.stepFailed(KeywordMain.groovy:23)&#xa;	at com.kms.katalon.core.webui.keyword.builtin.SelectOptionByLabelKeyword$_selectOptionByLabel_closure1.doCall(SelectOptionByLabelKeyword.groovy:91)&#xa;	at com.kms.katalon.core.webui.keyword.builtin.SelectOptionByLabelKeyword$_selectOptionByLabel_closure1.call(SelectOptionByLabelKeyword.groovy)&#xa;	at com.kms.katalon.core.webui.keyword.internal.WebUIKeywordMain.runKeyword(WebUIKeywordMain.groovy:20)&#xa;	... 20 more&#xa;"/>
         <system-out><![CDATA[01-01-2024T18:12:22 - [TEST_CASE][FAILED] - Test Cases/Transaction: Test Cases/Transaction FAILED.
Reason:
com.kms.katalon.core.exception.StepFailedException: Unable to select option by label '(no piggy bank)' of object 'Object Repository/Transaction/Page_Create new withdrawal  Transactions  F_057ce1/select_(no piggy bank)                  1 (_6b16ef'  using regular expression
	at com.kms.katalon.core.webui.keyword.internal.WebUIKeywordMain.stepFailed(WebUIKeywordMain.groovy:64)
	at com.kms.katalon.core.webui.keyword.internal.WebUIKeywordMain.runKeyword(WebUIKeywordMain.groovy:26)
	at com.kms.katalon.core.webui.keyword.builtin.SelectOptionByLabelKeyword.selectOptionByLabel(SelectOptionByLabelKeyword.groovy:98)
	at com.kms.katalon.core.webui.keyword.builtin.SelectOptionByLabelKeyword.execute(SelectOptionByLabelKeyword.groovy:71)
	at com.kms.katalon.core.keyword.internal.KeywordExecutor.executeKeywordForPlatform(KeywordExecutor.groovy:74)
	at com.kms.katalon.core.webui.keyword.WebUiBuiltInKeywords.selectOptionByLabel(WebUiBuiltInKeywords.groovy:1269)
	at Transaction.run(Transaction:59)
	at com.kms.katalon.core.main.ScriptEngine.run(ScriptEngine.java:194)
	at com.kms.katalon.core.main.ScriptEngine.runScriptAsRawText(ScriptEngine.java:119)
	at com.kms.katalon.core.main.TestCaseExecutor.runScript(TestCaseExecutor.java:448)
	at com.kms.katalon.core.main.TestCaseExecutor.doExecute(TestCaseExecutor.java:439)
	at com.kms.katalon.core.main.TestCaseExecutor.processExecutionPhase(TestCaseExecutor.java:418)
	at com.kms.katalon.core.main.TestCaseExecutor.accessMainPhase(TestCaseExecutor.java:410)
	at com.kms.katalon.core.main.TestCaseExecutor.execute(TestCaseExecutor.java:285)
	at com.kms.katalon.core.common.CommonExecutor.accessTestCaseMainPhase(CommonExecutor.java:65)
	at com.kms.katalon.core.main.TestSuiteExecutor.accessTestSuiteMainPhase(TestSuiteExecutor.java:148)
	at com.kms.katalon.core.main.TestSuiteExecutor.execute(TestSuiteExecutor.java:106)
	at com.kms.katalon.core.main.TestCaseMain.startTestSuite(TestCaseMain.java:180)
	at TempTestSuite1704107537777.run(TempTestSuite1704107537777.groovy:36)
	at java.base/jdk.internal.reflect.NativeMethodAccessorImpl.invoke0(Native Method)
	at java.base/jdk.internal.reflect.NativeMethodAccessorImpl.invoke(NativeMethodAccessorImpl.java:77)
	at java.base/jdk.internal.reflect.DelegatingMethodAccessorImpl.invoke(DelegatingMethodAccessorImpl.java:43)
Caused by: com.kms.katalon.core.exception.StepFailedException: No option matched.
	at com.kms.katalon.core.keyword.internal.KeywordMain.stepFailed(KeywordMain.groovy:51)
	at com.kms.katalon.core.keyword.internal.KeywordMain.stepFailed(KeywordMain.groovy)
	at com.kms.katalon.core.keyword.internal.KeywordMain.stepFailed(KeywordMain.groovy:23)
	at com.kms.katalon.core.webui.keyword.builtin.SelectOptionByLabelKeyword$_selectOptionByLabel_closure1.doCall(SelectOptionByLabelKeyword.groovy:91)
	at com.kms.katalon.core.webui.keyword.builtin.SelectOptionByLabelKeyword$_selectOptionByLabel_closure1.call(SelectOptionByLabelKeyword.groovy)
	at com.kms.katalon.core.webui.keyword.internal.WebUIKeywordMain.runKeyword(WebUIKeywordMain.groovy:20)
	... 20 more


01-01-2024T18:12:22 - [TEST_STEP][PASSED] - openBrowser(""): Browser is opened with url: ''

01-01-2024T18:12:22 - [MESSAGE][INFO] - Starting 'Chrome' driver

01-01-2024T18:12:22 - [MESSAGE][INFO] - Action delay is set to 0 milliseconds

01-01-2024T18:12:24 - [MESSAGE][PASSED] - Browser is opened with url: ''

01-01-2024T18:12:24 - [TEST_STEP][PASSED] - navigateToUrl("https://firefly.buudadawg.online/login"): Navigate to 'https://firefly.buudadawg.online/login' successfully

01-01-2024T18:12:27 - [MESSAGE][PASSED] - Navigate to 'https://firefly.buudadawg.online/login' successfully

01-01-2024T18:12:27 - [TEST_STEP][PASSED] - setText(findTestObject("Object Repository/Transaction/Page_Login to Firefly III/input_email"), "killermh1352@gmail.com"): Text 'killermh1352@gmail.com' is set on object 'Object Repository/Transaction/Page_Login to Firefly III/input_email'

01-01-2024T18:12:28 - [MESSAGE][PASSED] - Text 'killermh1352@gmail.com' is set on object 'Object Repository/Transaction/Page_Login to Firefly III/input_email'

01-01-2024T18:12:28 - [TEST_STEP][PASSED] - setEncryptedText(findTestObject("Object Repository/Transaction/Page_Login to Firefly III/input_password"), "6oCTgB1F4BsRIglOqBBBioLQaRY939LF"): Text ****** has been set on object 'Object Repository/Transaction/Page_Login to Firefly III/input_password'

01-01-2024T18:12:28 - [MESSAGE][PASSED] - Text ****** has been set on object 'Object Repository/Transaction/Page_Login to Firefly III/input_password'

01-01-2024T18:12:28 - [TEST_STEP][PASSED] - sendKeys(findTestObject("Object Repository/Transaction/Page_Login to Firefly III/input_password"), Keys.chord(ENTER)): Keys 'ENTER + ' sent to object: 'Object Repository/Transaction/Page_Login to Firefly III/input_password'

01-01-2024T18:12:29 - [MESSAGE][PASSED] - Keys 'ENTER + ' sent to object: 'Object Repository/Transaction/Page_Login to Firefly III/input_password'

01-01-2024T18:12:29 - [TEST_STEP][PASSED] - click(findTestObject("Object Repository/Transaction/Page_Whats playing  Firefly III/a_Transactions")): Object: 'Object Repository/Transaction/Page_Whats playing  Firefly III/a_Transactions' is clicked on

01-01-2024T18:12:30 - [MESSAGE][PASSED] - Object: 'Object Repository/Transaction/Page_Whats playing  Firefly III/a_Transactions' is clicked on

01-01-2024T18:12:30 - [TEST_STEP][PASSED] - click(findTestObject("Object Repository/Transaction/Page_Whats playing  Firefly III/a_Expenses")): Object: 'Object Repository/Transaction/Page_Whats playing  Firefly III/a_Expenses' is clicked on

01-01-2024T18:12:31 - [MESSAGE][PASSED] - Object: 'Object Repository/Transaction/Page_Whats playing  Firefly III/a_Expenses' is clicked on

01-01-2024T18:12:31 - [TEST_STEP][PASSED] - click(findTestObject("Object Repository/Transaction/Page_All expenses between January 1st, 2024_d388e7/a_Create a new transaction")): Object: 'Object Repository/Transaction/Page_All expenses between January 1st, 2024_d388e7/a_Create a new transaction' is clicked on

01-01-2024T18:12:32 - [MESSAGE][PASSED] - Object: 'Object Repository/Transaction/Page_All expenses between January 1st, 2024_d388e7/a_Create a new transaction' is clicked on

01-01-2024T18:12:32 - [TEST_STEP][PASSED] - setText(findTestObject("Transaction/Page_Create new withdrawal  Transactions  F_057ce1/input_description"), description): Text 'Oil Refining/Marketing' is set on object 'Object Repository/Transaction/Page_Create new withdrawal  Transactions  F_057ce1/input_description'

01-01-2024T18:12:33 - [MESSAGE][PASSED] - Text 'Oil Refining/Marketing' is set on object 'Object Repository/Transaction/Page_Create new withdrawal  Transactions  F_057ce1/input_description'

01-01-2024T18:12:33 - [TEST_STEP][PASSED] - setText(findTestObject("Object Repository/Transaction/Page_Create new withdrawal  Transactions  F_057ce1/input_source"), source_account, STOP_ON_FAILURE): Text 'My Asset Account' is set on object 'Object Repository/Transaction/Page_Create new withdrawal  Transactions  F_057ce1/input_source'

01-01-2024T18:12:34 - [MESSAGE][PASSED] - Text 'My Asset Account' is set on object 'Object Repository/Transaction/Page_Create new withdrawal  Transactions  F_057ce1/input_source'

01-01-2024T18:12:34 - [TEST_STEP][PASSED] - setText(findTestObject("Object Repository/Transaction/Page_Create new withdrawal  Transactions  F_057ce1/input_destination"), destination_account, STOP_ON_FAILURE): Text 'My Expense Account' is set on object 'Object Repository/Transaction/Page_Create new withdrawal  Transactions  F_057ce1/input_destination'

01-01-2024T18:12:35 - [MESSAGE][PASSED] - Text 'My Expense Account' is set on object 'Object Repository/Transaction/Page_Create new withdrawal  Transactions  F_057ce1/input_destination'

01-01-2024T18:12:35 - [TEST_STEP][PASSED] - setText(findTestObject("Object Repository/Transaction/Page_Create new withdrawal  Transactions  F_057ce1/input_amount"), amount): Text '83' is set on object 'Object Repository/Transaction/Page_Create new withdrawal  Transactions  F_057ce1/input_amount'

01-01-2024T18:12:36 - [MESSAGE][PASSED] - Text '83' is set on object 'Object Repository/Transaction/Page_Create new withdrawal  Transactions  F_057ce1/input_amount'

01-01-2024T18:12:36 - [TEST_STEP][PASSED] - if (getText(findTestObject("Object Repository/Transaction/Page_Create new withdrawal  Transactions  F_057ce1/select_foreign_currency")) != "0"): null

01-01-2024T18:12:37 - [MESSAGE][PASSED] - Text of object 'Object Repository/Transaction/Page_Create new withdrawal  Transactions  F_057ce1/select_foreign_currency' is: 'Euro'

01-01-2024T18:12:37 - [TEST_STEP][PASSED] - setText(findTestObject("Object Repository/Transaction/Page_Create new withdrawal  Transactions  F_057ce1/input_foreign_amount"), foreign_amount): Text '0.01' is set on object 'Object Repository/Transaction/Page_Create new withdrawal  Transactions  F_057ce1/input_foreign_amount'

01-01-2024T18:12:38 - [MESSAGE][PASSED] - Text '0.01' is set on object 'Object Repository/Transaction/Page_Create new withdrawal  Transactions  F_057ce1/input_foreign_amount'

01-01-2024T18:12:38 - [TEST_STEP][PASSED] - selectOptionByLabel(findTestObject("Object Repository/Transaction/Page_Create new withdrawal  Transactions  F_057ce1/select_(none)      My Budget"), budget, true): All options with label 'My Budget' are selected in object 'Object Repository/Transaction/Page_Create new withdrawal  Transactions  F_057ce1/select_(none)      My Budget'  using regular expression

01-01-2024T18:12:39 - [MESSAGE][PASSED] - All options with label 'My Budget' are selected in object 'Object Repository/Transaction/Page_Create new withdrawal  Transactions  F_057ce1/select_(none)      My Budget'  using regular expression

01-01-2024T18:12:39 - [TEST_STEP][PASSED] - setText(findTestObject("Object Repository/Transaction/Page_Create new withdrawal  Transactions  F_057ce1/input_category"), category): Text 'Landscaping & Irrigation' is set on object 'Object Repository/Transaction/Page_Create new withdrawal  Transactions  F_057ce1/input_category'

01-01-2024T18:12:39 - [MESSAGE][PASSED] - Text 'Landscaping & Irrigation' is set on object 'Object Repository/Transaction/Page_Create new withdrawal  Transactions  F_057ce1/input_category'

01-01-2024T18:12:39 - [TEST_STEP][FAILED] - selectOptionByLabel(findTestObject("Object Repository/Transaction/Page_Create new withdrawal  Transactions  F_057ce1/select_(no piggy bank)                  1 (_6b16ef"), piggy_bank, true): Unable to select option by label '(no piggy bank)' of object 'Object Repository/Transaction/Page_Create new withdrawal  Transactions  F_057ce1/select_(no piggy bank)                  1 (_6b16ef'  using regular expression (Root cause: com.kms.katalon.core.exception.StepFailedException: Unable to select option by label '(no piggy bank)' of object 'Object Repository/Transaction/Page_Create new withdrawal  Transactions  F_057ce1/select_(no piggy bank)                  1 (_6b16ef'  using regular expression
	at com.kms.katalon.core.webui.keyword.internal.WebUIKeywordMain.stepFailed(WebUIKeywordMain.groovy:64)
	at com.kms.katalon.core.webui.keyword.internal.WebUIKeywordMain.runKeyword(WebUIKeywordMain.groovy:26)
	at com.kms.katalon.core.webui.keyword.builtin.SelectOptionByLabelKeyword.selectOptionByLabel(SelectOptionByLabelKeyword.groovy:98)
	at com.kms.katalon.core.webui.keyword.builtin.SelectOptionByLabelKeyword.execute(SelectOptionByLabelKeyword.groovy:71)
	at com.kms.katalon.core.keyword.internal.KeywordExecutor.executeKeywordForPlatform(KeywordExecutor.groovy:74)
	at com.kms.katalon.core.webui.keyword.WebUiBuiltInKeywords.selectOptionByLabel(WebUiBuiltInKeywords.groovy:1269)
	at Transaction.run(Transaction:59)
	at com.kms.katalon.core.main.ScriptEngine.run(ScriptEngine.java:194)
	at com.kms.katalon.core.main.ScriptEngine.runScriptAsRawText(ScriptEngine.java:119)
	at com.kms.katalon.core.main.TestCaseExecutor.runScript(TestCaseExecutor.java:448)
	at com.kms.katalon.core.main.TestCaseExecutor.doExecute(TestCaseExecutor.java:439)
	at com.kms.katalon.core.main.TestCaseExecutor.processExecutionPhase(TestCaseExecutor.java:418)
	at com.kms.katalon.core.main.TestCaseExecutor.accessMainPhase(TestCaseExecutor.java:410)
	at com.kms.katalon.core.main.TestCaseExecutor.execute(TestCaseExecutor.java:285)
	at com.kms.katalon.core.common.CommonExecutor.accessTestCaseMainPhase(CommonExecutor.java:65)
	at com.kms.katalon.core.main.TestSuiteExecutor.accessTestSuiteMainPhase(TestSuiteExecutor.java:148)
	at com.kms.katalon.core.main.TestSuiteExecutor.execute(TestSuiteExecutor.java:106)
	at com.kms.katalon.core.main.TestCaseMain.startTestSuite(TestCaseMain.java:180)
	at TempTestSuite1704107537777.run(TempTestSuite1704107537777.groovy:36)
	at java.base/jdk.internal.reflect.NativeMethodAccessorImpl.invoke0(Native Method)
	at java.base/jdk.internal.reflect.NativeMethodAccessorImpl.invoke(NativeMethodAccessorImpl.java:77)
	at java.base/jdk.internal.reflect.DelegatingMethodAccessorImpl.invoke(DelegatingMethodAccessorImpl.java:43)
Caused by: com.kms.katalon.core.exception.StepFailedException: No option matched.
	at com.kms.katalon.core.keyword.internal.KeywordMain.stepFailed(KeywordMain.groovy:51)
	at com.kms.katalon.core.keyword.internal.KeywordMain.stepFailed(KeywordMain.groovy)
	at com.kms.katalon.core.keyword.internal.KeywordMain.stepFailed(KeywordMain.groovy:23)
	at com.kms.katalon.core.webui.keyword.builtin.SelectOptionByLabelKeyword$_selectOptionByLabel_closure1.doCall(SelectOptionByLabelKeyword.groovy:91)
	at com.kms.katalon.core.webui.keyword.builtin.SelectOptionByLabelKeyword$_selectOptionByLabel_closure1.call(SelectOptionByLabelKeyword.groovy)
	at com.kms.katalon.core.webui.keyword.internal.WebUIKeywordMain.runKeyword(WebUIKeywordMain.groovy:20)
	at com.kms.katalon.core.webui.keyword.builtin.SelectOptionByLabelKeyword.selectOptionByLabel(SelectOptionByLabelKeyword.groovy:98)
	at com.kms.katalon.core.webui.keyword.builtin.SelectOptionByLabelKeyword.execute(SelectOptionByLabelKeyword.groovy:71)
	at com.kms.katalon.core.keyword.internal.KeywordExecutor.executeKeywordForPlatform(KeywordExecutor.groovy:74)
	at com.kms.katalon.core.webui.keyword.WebUiBuiltInKeywords.selectOptionByLabel(WebUiBuiltInKeywords.groovy:1269)
	at Script1704099170054.run(Script1704099170054.groovy:59)
	... 15 more
)

01-01-2024T18:12:41 - [MESSAGE][FAILED] - No option matched.

01-01-2024T18:12:41 - [MESSAGE][FAILED] - Unable to select option by label '(no piggy bank)' of object 'Object Repository/Transaction/Page_Create new withdrawal  Transactions  F_057ce1/select_(no piggy bank)                  1 (_6b16ef'  using regular expression (Root cause: com.kms.katalon.core.exception.StepFailedException: Unable to select option by label '(no piggy bank)' of object 'Object Repository/Transaction/Page_Create new withdrawal  Transactions  F_057ce1/select_(no piggy bank)                  1 (_6b16ef'  using regular expression
	at com.kms.katalon.core.webui.keyword.internal.WebUIKeywordMain.stepFailed(WebUIKeywordMain.groovy:64)
	at com.kms.katalon.core.webui.keyword.internal.WebUIKeywordMain.runKeyword(WebUIKeywordMain.groovy:26)
	at com.kms.katalon.core.webui.keyword.builtin.SelectOptionByLabelKeyword.selectOptionByLabel(SelectOptionByLabelKeyword.groovy:98)
	at com.kms.katalon.core.webui.keyword.builtin.SelectOptionByLabelKeyword.execute(SelectOptionByLabelKeyword.groovy:71)
	at com.kms.katalon.core.keyword.internal.KeywordExecutor.executeKeywordForPlatform(KeywordExecutor.groovy:74)
	at com.kms.katalon.core.webui.keyword.WebUiBuiltInKeywords.selectOptionByLabel(WebUiBuiltInKeywords.groovy:1269)
	at Transaction.run(Transaction:59)
	at com.kms.katalon.core.main.ScriptEngine.run(ScriptEngine.java:194)
	at com.kms.katalon.core.main.ScriptEngine.runScriptAsRawText(ScriptEngine.java:119)
	at com.kms.katalon.core.main.TestCaseExecutor.runScript(TestCaseExecutor.java:448)
	at com.kms.katalon.core.main.TestCaseExecutor.doExecute(TestCaseExecutor.java:439)
	at com.kms.katalon.core.main.TestCaseExecutor.processExecutionPhase(TestCaseExecutor.java:418)
	at com.kms.katalon.core.main.TestCaseExecutor.accessMainPhase(TestCaseExecutor.java:410)
	at com.kms.katalon.core.main.TestCaseExecutor.execute(TestCaseExecutor.java:285)
	at com.kms.katalon.core.common.CommonExecutor.accessTestCaseMainPhase(CommonExecutor.java:65)
	at com.kms.katalon.core.main.TestSuiteExecutor.accessTestSuiteMainPhase(TestSuiteExecutor.java:148)
	at com.kms.katalon.core.main.TestSuiteExecutor.execute(TestSuiteExecutor.java:106)
	at com.kms.katalon.core.main.TestCaseMain.startTestSuite(TestCaseMain.java:180)
	at TempTestSuite1704107537777.run(TempTestSuite1704107537777.groovy:36)
	at java.base/jdk.internal.reflect.NativeMethodAccessorImpl.invoke0(Native Method)
	at java.base/jdk.internal.reflect.NativeMethodAccessorImpl.invoke(NativeMethodAccessorImpl.java:77)
	at java.base/jdk.internal.reflect.DelegatingMethodAccessorImpl.invoke(DelegatingMethodAccessorImpl.java:43)
Caused by: com.kms.katalon.core.exception.StepFailedException: No option matched.
	at com.kms.katalon.core.keyword.internal.KeywordMain.stepFailed(KeywordMain.groovy:51)
	at com.kms.katalon.core.keyword.internal.KeywordMain.stepFailed(KeywordMain.groovy)
	at com.kms.katalon.core.keyword.internal.KeywordMain.stepFailed(KeywordMain.groovy:23)
	at com.kms.katalon.core.webui.keyword.builtin.SelectOptionByLabelKeyword$_selectOptionByLabel_closure1.doCall(SelectOptionByLabelKeyword.groovy:91)
	at com.kms.katalon.core.webui.keyword.builtin.SelectOptionByLabelKeyword$_selectOptionByLabel_closure1.call(SelectOptionByLabelKeyword.groovy)
	at com.kms.katalon.core.webui.keyword.internal.WebUIKeywordMain.runKeyword(WebUIKeywordMain.groovy:20)
	at com.kms.katalon.core.webui.keyword.builtin.SelectOptionByLabelKeyword.selectOptionByLabel(SelectOptionByLabelKeyword.groovy:98)
	at com.kms.katalon.core.webui.keyword.builtin.SelectOptionByLabelKeyword.execute(SelectOptionByLabelKeyword.groovy:71)
	at com.kms.katalon.core.keyword.internal.KeywordExecutor.executeKeywordForPlatform(KeywordExecutor.groovy:74)
	at com.kms.katalon.core.webui.keyword.WebUiBuiltInKeywords.selectOptionByLabel(WebUiBuiltInKeywords.groovy:1269)
	at Script1704099170054.run(Script1704099170054.groovy:59)
	... 15 more
)
[[ATTACHMENT|C:\\Users\\MODERN 15\\git\\G1_Firefly_testing\\Reports\\20240101_181216\\Transaction\\20240101_181217\\1704107561255.png]]]]></system-out>
         <system-err><![CDATA[01-01-2024T18:12:22 - [TEST_CASE][FAILED] - Test Cases/Transaction: Test Cases/Transaction FAILED.
Reason:
com.kms.katalon.core.exception.StepFailedException: Unable to select option by label '(no piggy bank)' of object 'Object Repository/Transaction/Page_Create new withdrawal  Transactions  F_057ce1/select_(no piggy bank)                  1 (_6b16ef'  using regular expression
	at com.kms.katalon.core.webui.keyword.internal.WebUIKeywordMain.stepFailed(WebUIKeywordMain.groovy:64)
	at com.kms.katalon.core.webui.keyword.internal.WebUIKeywordMain.runKeyword(WebUIKeywordMain.groovy:26)
	at com.kms.katalon.core.webui.keyword.builtin.SelectOptionByLabelKeyword.selectOptionByLabel(SelectOptionByLabelKeyword.groovy:98)
	at com.kms.katalon.core.webui.keyword.builtin.SelectOptionByLabelKeyword.execute(SelectOptionByLabelKeyword.groovy:71)
	at com.kms.katalon.core.keyword.internal.KeywordExecutor.executeKeywordForPlatform(KeywordExecutor.groovy:74)
	at com.kms.katalon.core.webui.keyword.WebUiBuiltInKeywords.selectOptionByLabel(WebUiBuiltInKeywords.groovy:1269)
	at Transaction.run(Transaction:59)
	at com.kms.katalon.core.main.ScriptEngine.run(ScriptEngine.java:194)
	at com.kms.katalon.core.main.ScriptEngine.runScriptAsRawText(ScriptEngine.java:119)
	at com.kms.katalon.core.main.TestCaseExecutor.runScript(TestCaseExecutor.java:448)
	at com.kms.katalon.core.main.TestCaseExecutor.doExecute(TestCaseExecutor.java:439)
	at com.kms.katalon.core.main.TestCaseExecutor.processExecutionPhase(TestCaseExecutor.java:418)
	at com.kms.katalon.core.main.TestCaseExecutor.accessMainPhase(TestCaseExecutor.java:410)
	at com.kms.katalon.core.main.TestCaseExecutor.execute(TestCaseExecutor.java:285)
	at com.kms.katalon.core.common.CommonExecutor.accessTestCaseMainPhase(CommonExecutor.java:65)
	at com.kms.katalon.core.main.TestSuiteExecutor.accessTestSuiteMainPhase(TestSuiteExecutor.java:148)
	at com.kms.katalon.core.main.TestSuiteExecutor.execute(TestSuiteExecutor.java:106)
	at com.kms.katalon.core.main.TestCaseMain.startTestSuite(TestCaseMain.java:180)
	at TempTestSuite1704107537777.run(TempTestSuite1704107537777.groovy:36)
	at java.base/jdk.internal.reflect.NativeMethodAccessorImpl.invoke0(Native Method)
	at java.base/jdk.internal.reflect.NativeMethodAccessorImpl.invoke(NativeMethodAccessorImpl.java:77)
	at java.base/jdk.internal.reflect.DelegatingMethodAccessorImpl.invoke(DelegatingMethodAccessorImpl.java:43)
Caused by: com.kms.katalon.core.exception.StepFailedException: No option matched.
	at com.kms.katalon.core.keyword.internal.KeywordMain.stepFailed(KeywordMain.groovy:51)
	at com.kms.katalon.core.keyword.internal.KeywordMain.stepFailed(KeywordMain.groovy)
	at com.kms.katalon.core.keyword.internal.KeywordMain.stepFailed(KeywordMain.groovy:23)
	at com.kms.katalon.core.webui.keyword.builtin.SelectOptionByLabelKeyword$_selectOptionByLabel_closure1.doCall(SelectOptionByLabelKeyword.groovy:91)
	at com.kms.katalon.core.webui.keyword.builtin.SelectOptionByLabelKeyword$_selectOptionByLabel_closure1.call(SelectOptionByLabelKeyword.groovy)
	at com.kms.katalon.core.webui.keyword.internal.WebUIKeywordMain.runKeyword(WebUIKeywordMain.groovy:20)
	... 20 more]]></system-err>
      </testcase>
      <testcase name="Test Cases/Transaction" time="17.468" classname="Test Cases/Transaction" status="FAILED">
         <failure type="FAILED" message="Test Cases/Transaction FAILED.&#xa;Reason:&#xa;com.kms.katalon.core.exception.StepFailedException: Unable to select option by label 'My Piggy Bank' of object 'Object Repository/Transaction/Page_Create new withdrawal  Transactions  F_057ce1/select_(no piggy bank)                  1 (_6b16ef'  using regular expression&#xa;	at com.kms.katalon.core.webui.keyword.internal.WebUIKeywordMain.stepFailed(WebUIKeywordMain.groovy:64)&#xa;	at com.kms.katalon.core.webui.keyword.internal.WebUIKeywordMain.runKeyword(WebUIKeywordMain.groovy:26)&#xa;	at com.kms.katalon.core.webui.keyword.builtin.SelectOptionByLabelKeyword.selectOptionByLabel(SelectOptionByLabelKeyword.groovy:98)&#xa;	at com.kms.katalon.core.webui.keyword.builtin.SelectOptionByLabelKeyword.execute(SelectOptionByLabelKeyword.groovy:71)&#xa;	at com.kms.katalon.core.keyword.internal.KeywordExecutor.executeKeywordForPlatform(KeywordExecutor.groovy:74)&#xa;	at com.kms.katalon.core.webui.keyword.WebUiBuiltInKeywords.selectOptionByLabel(WebUiBuiltInKeywords.groovy:1269)&#xa;	at Transaction.run(Transaction:59)&#xa;	at com.kms.katalon.core.main.ScriptEngine.run(ScriptEngine.java:194)&#xa;	at com.kms.katalon.core.main.ScriptEngine.runScriptAsRawText(ScriptEngine.java:119)&#xa;	at com.kms.katalon.core.main.TestCaseExecutor.runScript(TestCaseExecutor.java:448)&#xa;	at com.kms.katalon.core.main.TestCaseExecutor.doExecute(TestCaseExecutor.java:439)&#xa;	at com.kms.katalon.core.main.TestCaseExecutor.processExecutionPhase(TestCaseExecutor.java:418)&#xa;	at com.kms.katalon.core.main.TestCaseExecutor.accessMainPhase(TestCaseExecutor.java:410)&#xa;	at com.kms.katalon.core.main.TestCaseExecutor.execute(TestCaseExecutor.java:285)&#xa;	at com.kms.katalon.core.common.CommonExecutor.accessTestCaseMainPhase(CommonExecutor.java:65)&#xa;	at com.kms.katalon.core.main.TestSuiteExecutor.accessTestSuiteMainPhase(TestSuiteExecutor.java:148)&#xa;	at com.kms.katalon.core.main.TestSuiteExecutor.execute(TestSuiteExecutor.java:106)&#xa;	at com.kms.katalon.core.main.TestCaseMain.startTestSuite(TestCaseMain.java:180)&#xa;	at TempTestSuite1704107537777.run(TempTestSuite1704107537777.groovy:36)&#xa;	at java.base/jdk.internal.reflect.NativeMethodAccessorImpl.invoke0(Native Method)&#xa;	at java.base/jdk.internal.reflect.NativeMethodAccessorImpl.invoke(NativeMethodAccessorImpl.java:77)&#xa;	at java.base/jdk.internal.reflect.DelegatingMethodAccessorImpl.invoke(DelegatingMethodAccessorImpl.java:43)&#xa;Caused by: com.kms.katalon.core.exception.StepFailedException: No option matched.&#xa;	at com.kms.katalon.core.keyword.internal.KeywordMain.stepFailed(KeywordMain.groovy:51)&#xa;	at com.kms.katalon.core.keyword.internal.KeywordMain.stepFailed(KeywordMain.groovy)&#xa;	at com.kms.katalon.core.keyword.internal.KeywordMain.stepFailed(KeywordMain.groovy:23)&#xa;	at com.kms.katalon.core.webui.keyword.builtin.SelectOptionByLabelKeyword$_selectOptionByLabel_closure1.doCall(SelectOptionByLabelKeyword.groovy:91)&#xa;	at com.kms.katalon.core.webui.keyword.builtin.SelectOptionByLabelKeyword$_selectOptionByLabel_closure1.call(SelectOptionByLabelKeyword.groovy)&#xa;	at com.kms.katalon.core.webui.keyword.internal.WebUIKeywordMain.runKeyword(WebUIKeywordMain.groovy:20)&#xa;	... 20 more&#xa;"/>
         <system-out><![CDATA[01-01-2024T18:12:41 - [TEST_CASE][FAILED] - Test Cases/Transaction: Test Cases/Transaction FAILED.
Reason:
com.kms.katalon.core.exception.StepFailedException: Unable to select option by label 'My Piggy Bank' of object 'Object Repository/Transaction/Page_Create new withdrawal  Transactions  F_057ce1/select_(no piggy bank)                  1 (_6b16ef'  using regular expression
	at com.kms.katalon.core.webui.keyword.internal.WebUIKeywordMain.stepFailed(WebUIKeywordMain.groovy:64)
	at com.kms.katalon.core.webui.keyword.internal.WebUIKeywordMain.runKeyword(WebUIKeywordMain.groovy:26)
	at com.kms.katalon.core.webui.keyword.builtin.SelectOptionByLabelKeyword.selectOptionByLabel(SelectOptionByLabelKeyword.groovy:98)
	at com.kms.katalon.core.webui.keyword.builtin.SelectOptionByLabelKeyword.execute(SelectOptionByLabelKeyword.groovy:71)
	at com.kms.katalon.core.keyword.internal.KeywordExecutor.executeKeywordForPlatform(KeywordExecutor.groovy:74)
	at com.kms.katalon.core.webui.keyword.WebUiBuiltInKeywords.selectOptionByLabel(WebUiBuiltInKeywords.groovy:1269)
	at Transaction.run(Transaction:59)
	at com.kms.katalon.core.main.ScriptEngine.run(ScriptEngine.java:194)
	at com.kms.katalon.core.main.ScriptEngine.runScriptAsRawText(ScriptEngine.java:119)
	at com.kms.katalon.core.main.TestCaseExecutor.runScript(TestCaseExecutor.java:448)
	at com.kms.katalon.core.main.TestCaseExecutor.doExecute(TestCaseExecutor.java:439)
	at com.kms.katalon.core.main.TestCaseExecutor.processExecutionPhase(TestCaseExecutor.java:418)
	at com.kms.katalon.core.main.TestCaseExecutor.accessMainPhase(TestCaseExecutor.java:410)
	at com.kms.katalon.core.main.TestCaseExecutor.execute(TestCaseExecutor.java:285)
	at com.kms.katalon.core.common.CommonExecutor.accessTestCaseMainPhase(CommonExecutor.java:65)
	at com.kms.katalon.core.main.TestSuiteExecutor.accessTestSuiteMainPhase(TestSuiteExecutor.java:148)
	at com.kms.katalon.core.main.TestSuiteExecutor.execute(TestSuiteExecutor.java:106)
	at com.kms.katalon.core.main.TestCaseMain.startTestSuite(TestCaseMain.java:180)
	at TempTestSuite1704107537777.run(TempTestSuite1704107537777.groovy:36)
	at java.base/jdk.internal.reflect.NativeMethodAccessorImpl.invoke0(Native Method)
	at java.base/jdk.internal.reflect.NativeMethodAccessorImpl.invoke(NativeMethodAccessorImpl.java:77)
	at java.base/jdk.internal.reflect.DelegatingMethodAccessorImpl.invoke(DelegatingMethodAccessorImpl.java:43)
Caused by: com.kms.katalon.core.exception.StepFailedException: No option matched.
	at com.kms.katalon.core.keyword.internal.KeywordMain.stepFailed(KeywordMain.groovy:51)
	at com.kms.katalon.core.keyword.internal.KeywordMain.stepFailed(KeywordMain.groovy)
	at com.kms.katalon.core.keyword.internal.KeywordMain.stepFailed(KeywordMain.groovy:23)
	at com.kms.katalon.core.webui.keyword.builtin.SelectOptionByLabelKeyword$_selectOptionByLabel_closure1.doCall(SelectOptionByLabelKeyword.groovy:91)
	at com.kms.katalon.core.webui.keyword.builtin.SelectOptionByLabelKeyword$_selectOptionByLabel_closure1.call(SelectOptionByLabelKeyword.groovy)
	at com.kms.katalon.core.webui.keyword.internal.WebUIKeywordMain.runKeyword(WebUIKeywordMain.groovy:20)
	... 20 more


01-01-2024T18:12:41 - [TEST_STEP][PASSED] - openBrowser(""): Browser is opened with url: ''

01-01-2024T18:12:41 - [MESSAGE][WARNING] - A browser is already opened. Closing browser and opening a new one

01-01-2024T18:12:41 - [MESSAGE][INFO] - Starting 'Chrome' driver

01-01-2024T18:12:41 - [MESSAGE][INFO] - Action delay is set to 0 milliseconds

01-01-2024T18:12:42 - [MESSAGE][PASSED] - Browser is opened with url: ''

01-01-2024T18:12:42 - [TEST_STEP][PASSED] - navigateToUrl("https://firefly.buudadawg.online/login"): Navigate to 'https://firefly.buudadawg.online/login' successfully

01-01-2024T18:12:45 - [MESSAGE][PASSED] - Navigate to 'https://firefly.buudadawg.online/login' successfully

01-01-2024T18:12:45 - [TEST_STEP][PASSED] - setText(findTestObject("Object Repository/Transaction/Page_Login to Firefly III/input_email"), "killermh1352@gmail.com"): Text 'killermh1352@gmail.com' is set on object 'Object Repository/Transaction/Page_Login to Firefly III/input_email'

01-01-2024T18:12:46 - [MESSAGE][PASSED] - Text 'killermh1352@gmail.com' is set on object 'Object Repository/Transaction/Page_Login to Firefly III/input_email'

01-01-2024T18:12:46 - [TEST_STEP][PASSED] - setEncryptedText(findTestObject("Object Repository/Transaction/Page_Login to Firefly III/input_password"), "6oCTgB1F4BsRIglOqBBBioLQaRY939LF"): Text ****** has been set on object 'Object Repository/Transaction/Page_Login to Firefly III/input_password'

01-01-2024T18:12:46 - [MESSAGE][PASSED] - Text ****** has been set on object 'Object Repository/Transaction/Page_Login to Firefly III/input_password'

01-01-2024T18:12:46 - [TEST_STEP][PASSED] - sendKeys(findTestObject("Object Repository/Transaction/Page_Login to Firefly III/input_password"), Keys.chord(ENTER)): Keys 'ENTER + ' sent to object: 'Object Repository/Transaction/Page_Login to Firefly III/input_password'

01-01-2024T18:12:47 - [MESSAGE][PASSED] - Keys 'ENTER + ' sent to object: 'Object Repository/Transaction/Page_Login to Firefly III/input_password'

01-01-2024T18:12:47 - [TEST_STEP][PASSED] - click(findTestObject("Object Repository/Transaction/Page_Whats playing  Firefly III/a_Transactions")): Object: 'Object Repository/Transaction/Page_Whats playing  Firefly III/a_Transactions' is clicked on

01-01-2024T18:12:48 - [MESSAGE][PASSED] - Object: 'Object Repository/Transaction/Page_Whats playing  Firefly III/a_Transactions' is clicked on

01-01-2024T18:12:48 - [TEST_STEP][PASSED] - click(findTestObject("Object Repository/Transaction/Page_Whats playing  Firefly III/a_Expenses")): Object: 'Object Repository/Transaction/Page_Whats playing  Firefly III/a_Expenses' is clicked on

01-01-2024T18:12:49 - [MESSAGE][PASSED] - Object: 'Object Repository/Transaction/Page_Whats playing  Firefly III/a_Expenses' is clicked on

01-01-2024T18:12:49 - [TEST_STEP][PASSED] - click(findTestObject("Object Repository/Transaction/Page_All expenses between January 1st, 2024_d388e7/a_Create a new transaction")): Object: 'Object Repository/Transaction/Page_All expenses between January 1st, 2024_d388e7/a_Create a new transaction' is clicked on

01-01-2024T18:12:50 - [MESSAGE][PASSED] - Object: 'Object Repository/Transaction/Page_All expenses between January 1st, 2024_d388e7/a_Create a new transaction' is clicked on

01-01-2024T18:12:50 - [TEST_STEP][PASSED] - setText(findTestObject("Transaction/Page_Create new withdrawal  Transactions  F_057ce1/input_description"), description): Text 'n/a' is set on object 'Object Repository/Transaction/Page_Create new withdrawal  Transactions  F_057ce1/input_description'

01-01-2024T18:12:51 - [MESSAGE][PASSED] - Text 'n/a' is set on object 'Object Repository/Transaction/Page_Create new withdrawal  Transactions  F_057ce1/input_description'

01-01-2024T18:12:51 - [TEST_STEP][PASSED] - setText(findTestObject("Object Repository/Transaction/Page_Create new withdrawal  Transactions  F_057ce1/input_source"), source_account, STOP_ON_FAILURE): Text 'My Savings Account' is set on object 'Object Repository/Transaction/Page_Create new withdrawal  Transactions  F_057ce1/input_source'

01-01-2024T18:12:52 - [MESSAGE][PASSED] - Text 'My Savings Account' is set on object 'Object Repository/Transaction/Page_Create new withdrawal  Transactions  F_057ce1/input_source'

01-01-2024T18:12:52 - [TEST_STEP][PASSED] - setText(findTestObject("Object Repository/Transaction/Page_Create new withdrawal  Transactions  F_057ce1/input_destination"), destination_account, STOP_ON_FAILURE): Text 'My Expense Account' is set on object 'Object Repository/Transaction/Page_Create new withdrawal  Transactions  F_057ce1/input_destination'

01-01-2024T18:12:53 - [MESSAGE][PASSED] - Text 'My Expense Account' is set on object 'Object Repository/Transaction/Page_Create new withdrawal  Transactions  F_057ce1/input_destination'

01-01-2024T18:12:53 - [TEST_STEP][PASSED] - setText(findTestObject("Object Repository/Transaction/Page_Create new withdrawal  Transactions  F_057ce1/input_amount"), amount): Text '82' is set on object 'Object Repository/Transaction/Page_Create new withdrawal  Transactions  F_057ce1/input_amount'

01-01-2024T18:12:54 - [MESSAGE][PASSED] - Text '82' is set on object 'Object Repository/Transaction/Page_Create new withdrawal  Transactions  F_057ce1/input_amount'

01-01-2024T18:12:54 - [TEST_STEP][PASSED] - if (getText(findTestObject("Object Repository/Transaction/Page_Create new withdrawal  Transactions  F_057ce1/select_foreign_currency")) != "0"): null

01-01-2024T18:12:55 - [MESSAGE][PASSED] - Text of object 'Object Repository/Transaction/Page_Create new withdrawal  Transactions  F_057ce1/select_foreign_currency' is: 'Euro'

01-01-2024T18:12:55 - [TEST_STEP][PASSED] - setText(findTestObject("Object Repository/Transaction/Page_Create new withdrawal  Transactions  F_057ce1/input_foreign_amount"), foreign_amount): Text '0.01' is set on object 'Object Repository/Transaction/Page_Create new withdrawal  Transactions  F_057ce1/input_foreign_amount'

01-01-2024T18:12:55 - [MESSAGE][PASSED] - Text '0.01' is set on object 'Object Repository/Transaction/Page_Create new withdrawal  Transactions  F_057ce1/input_foreign_amount'

01-01-2024T18:12:55 - [TEST_STEP][PASSED] - selectOptionByLabel(findTestObject("Object Repository/Transaction/Page_Create new withdrawal  Transactions  F_057ce1/select_(none)      My Budget"), budget, true): All options with label 'My Budget' are selected in object 'Object Repository/Transaction/Page_Create new withdrawal  Transactions  F_057ce1/select_(none)      My Budget'  using regular expression

01-01-2024T18:12:57 - [MESSAGE][PASSED] - All options with label 'My Budget' are selected in object 'Object Repository/Transaction/Page_Create new withdrawal  Transactions  F_057ce1/select_(none)      My Budget'  using regular expression

01-01-2024T18:12:57 - [TEST_STEP][PASSED] - setText(findTestObject("Object Repository/Transaction/Page_Create new withdrawal  Transactions  F_057ce1/input_category"), category): Text '' is set on object 'Object Repository/Transaction/Page_Create new withdrawal  Transactions  F_057ce1/input_category'

01-01-2024T18:12:57 - [MESSAGE][PASSED] - Text '' is set on object 'Object Repository/Transaction/Page_Create new withdrawal  Transactions  F_057ce1/input_category'

01-01-2024T18:12:57 - [TEST_STEP][FAILED] - selectOptionByLabel(findTestObject("Object Repository/Transaction/Page_Create new withdrawal  Transactions  F_057ce1/select_(no piggy bank)                  1 (_6b16ef"), piggy_bank, true): Unable to select option by label 'My Piggy Bank' of object 'Object Repository/Transaction/Page_Create new withdrawal  Transactions  F_057ce1/select_(no piggy bank)                  1 (_6b16ef'  using regular expression (Root cause: com.kms.katalon.core.exception.StepFailedException: Unable to select option by label 'My Piggy Bank' of object 'Object Repository/Transaction/Page_Create new withdrawal  Transactions  F_057ce1/select_(no piggy bank)                  1 (_6b16ef'  using regular expression
	at com.kms.katalon.core.webui.keyword.internal.WebUIKeywordMain.stepFailed(WebUIKeywordMain.groovy:64)
	at com.kms.katalon.core.webui.keyword.internal.WebUIKeywordMain.runKeyword(WebUIKeywordMain.groovy:26)
	at com.kms.katalon.core.webui.keyword.builtin.SelectOptionByLabelKeyword.selectOptionByLabel(SelectOptionByLabelKeyword.groovy:98)
	at com.kms.katalon.core.webui.keyword.builtin.SelectOptionByLabelKeyword.execute(SelectOptionByLabelKeyword.groovy:71)
	at com.kms.katalon.core.keyword.internal.KeywordExecutor.executeKeywordForPlatform(KeywordExecutor.groovy:74)
	at com.kms.katalon.core.webui.keyword.WebUiBuiltInKeywords.selectOptionByLabel(WebUiBuiltInKeywords.groovy:1269)
	at Transaction.run(Transaction:59)
	at com.kms.katalon.core.main.ScriptEngine.run(ScriptEngine.java:194)
	at com.kms.katalon.core.main.ScriptEngine.runScriptAsRawText(ScriptEngine.java:119)
	at com.kms.katalon.core.main.TestCaseExecutor.runScript(TestCaseExecutor.java:448)
	at com.kms.katalon.core.main.TestCaseExecutor.doExecute(TestCaseExecutor.java:439)
	at com.kms.katalon.core.main.TestCaseExecutor.processExecutionPhase(TestCaseExecutor.java:418)
	at com.kms.katalon.core.main.TestCaseExecutor.accessMainPhase(TestCaseExecutor.java:410)
	at com.kms.katalon.core.main.TestCaseExecutor.execute(TestCaseExecutor.java:285)
	at com.kms.katalon.core.common.CommonExecutor.accessTestCaseMainPhase(CommonExecutor.java:65)
	at com.kms.katalon.core.main.TestSuiteExecutor.accessTestSuiteMainPhase(TestSuiteExecutor.java:148)
	at com.kms.katalon.core.main.TestSuiteExecutor.execute(TestSuiteExecutor.java:106)
	at com.kms.katalon.core.main.TestCaseMain.startTestSuite(TestCaseMain.java:180)
	at TempTestSuite1704107537777.run(TempTestSuite1704107537777.groovy:36)
	at java.base/jdk.internal.reflect.NativeMethodAccessorImpl.invoke0(Native Method)
	at java.base/jdk.internal.reflect.NativeMethodAccessorImpl.invoke(NativeMethodAccessorImpl.java:77)
	at java.base/jdk.internal.reflect.DelegatingMethodAccessorImpl.invoke(DelegatingMethodAccessorImpl.java:43)
Caused by: com.kms.katalon.core.exception.StepFailedException: No option matched.
	at com.kms.katalon.core.keyword.internal.KeywordMain.stepFailed(KeywordMain.groovy:51)
	at com.kms.katalon.core.keyword.internal.KeywordMain.stepFailed(KeywordMain.groovy)
	at com.kms.katalon.core.keyword.internal.KeywordMain.stepFailed(KeywordMain.groovy:23)
	at com.kms.katalon.core.webui.keyword.builtin.SelectOptionByLabelKeyword$_selectOptionByLabel_closure1.doCall(SelectOptionByLabelKeyword.groovy:91)
	at com.kms.katalon.core.webui.keyword.builtin.SelectOptionByLabelKeyword$_selectOptionByLabel_closure1.call(SelectOptionByLabelKeyword.groovy)
	at com.kms.katalon.core.webui.keyword.internal.WebUIKeywordMain.runKeyword(WebUIKeywordMain.groovy:20)
	at com.kms.katalon.core.webui.keyword.builtin.SelectOptionByLabelKeyword.selectOptionByLabel(SelectOptionByLabelKeyword.groovy:98)
	at com.kms.katalon.core.webui.keyword.builtin.SelectOptionByLabelKeyword.execute(SelectOptionByLabelKeyword.groovy:71)
	at com.kms.katalon.core.keyword.internal.KeywordExecutor.executeKeywordForPlatform(KeywordExecutor.groovy:74)
	at com.kms.katalon.core.webui.keyword.WebUiBuiltInKeywords.selectOptionByLabel(WebUiBuiltInKeywords.groovy:1269)
	at Script1704099170054.run(Script1704099170054.groovy:59)
	... 15 more
)

01-01-2024T18:12:58 - [MESSAGE][FAILED] - No option matched.

01-01-2024T18:12:58 - [MESSAGE][FAILED] - Unable to select option by label 'My Piggy Bank' of object 'Object Repository/Transaction/Page_Create new withdrawal  Transactions  F_057ce1/select_(no piggy bank)                  1 (_6b16ef'  using regular expression (Root cause: com.kms.katalon.core.exception.StepFailedException: Unable to select option by label 'My Piggy Bank' of object 'Object Repository/Transaction/Page_Create new withdrawal  Transactions  F_057ce1/select_(no piggy bank)                  1 (_6b16ef'  using regular expression
	at com.kms.katalon.core.webui.keyword.internal.WebUIKeywordMain.stepFailed(WebUIKeywordMain.groovy:64)
	at com.kms.katalon.core.webui.keyword.internal.WebUIKeywordMain.runKeyword(WebUIKeywordMain.groovy:26)
	at com.kms.katalon.core.webui.keyword.builtin.SelectOptionByLabelKeyword.selectOptionByLabel(SelectOptionByLabelKeyword.groovy:98)
	at com.kms.katalon.core.webui.keyword.builtin.SelectOptionByLabelKeyword.execute(SelectOptionByLabelKeyword.groovy:71)
	at com.kms.katalon.core.keyword.internal.KeywordExecutor.executeKeywordForPlatform(KeywordExecutor.groovy:74)
	at com.kms.katalon.core.webui.keyword.WebUiBuiltInKeywords.selectOptionByLabel(WebUiBuiltInKeywords.groovy:1269)
	at Transaction.run(Transaction:59)
	at com.kms.katalon.core.main.ScriptEngine.run(ScriptEngine.java:194)
	at com.kms.katalon.core.main.ScriptEngine.runScriptAsRawText(ScriptEngine.java:119)
	at com.kms.katalon.core.main.TestCaseExecutor.runScript(TestCaseExecutor.java:448)
	at com.kms.katalon.core.main.TestCaseExecutor.doExecute(TestCaseExecutor.java:439)
	at com.kms.katalon.core.main.TestCaseExecutor.processExecutionPhase(TestCaseExecutor.java:418)
	at com.kms.katalon.core.main.TestCaseExecutor.accessMainPhase(TestCaseExecutor.java:410)
	at com.kms.katalon.core.main.TestCaseExecutor.execute(TestCaseExecutor.java:285)
	at com.kms.katalon.core.common.CommonExecutor.accessTestCaseMainPhase(CommonExecutor.java:65)
	at com.kms.katalon.core.main.TestSuiteExecutor.accessTestSuiteMainPhase(TestSuiteExecutor.java:148)
	at com.kms.katalon.core.main.TestSuiteExecutor.execute(TestSuiteExecutor.java:106)
	at com.kms.katalon.core.main.TestCaseMain.startTestSuite(TestCaseMain.java:180)
	at TempTestSuite1704107537777.run(TempTestSuite1704107537777.groovy:36)
	at java.base/jdk.internal.reflect.NativeMethodAccessorImpl.invoke0(Native Method)
	at java.base/jdk.internal.reflect.NativeMethodAccessorImpl.invoke(NativeMethodAccessorImpl.java:77)
	at java.base/jdk.internal.reflect.DelegatingMethodAccessorImpl.invoke(DelegatingMethodAccessorImpl.java:43)
Caused by: com.kms.katalon.core.exception.StepFailedException: No option matched.
	at com.kms.katalon.core.keyword.internal.KeywordMain.stepFailed(KeywordMain.groovy:51)
	at com.kms.katalon.core.keyword.internal.KeywordMain.stepFailed(KeywordMain.groovy)
	at com.kms.katalon.core.keyword.internal.KeywordMain.stepFailed(KeywordMain.groovy:23)
	at com.kms.katalon.core.webui.keyword.builtin.SelectOptionByLabelKeyword$_selectOptionByLabel_closure1.doCall(SelectOptionByLabelKeyword.groovy:91)
	at com.kms.katalon.core.webui.keyword.builtin.SelectOptionByLabelKeyword$_selectOptionByLabel_closure1.call(SelectOptionByLabelKeyword.groovy)
	at com.kms.katalon.core.webui.keyword.internal.WebUIKeywordMain.runKeyword(WebUIKeywordMain.groovy:20)
	at com.kms.katalon.core.webui.keyword.builtin.SelectOptionByLabelKeyword.selectOptionByLabel(SelectOptionByLabelKeyword.groovy:98)
	at com.kms.katalon.core.webui.keyword.builtin.SelectOptionByLabelKeyword.execute(SelectOptionByLabelKeyword.groovy:71)
	at com.kms.katalon.core.keyword.internal.KeywordExecutor.executeKeywordForPlatform(KeywordExecutor.groovy:74)
	at com.kms.katalon.core.webui.keyword.WebUiBuiltInKeywords.selectOptionByLabel(WebUiBuiltInKeywords.groovy:1269)
	at Script1704099170054.run(Script1704099170054.groovy:59)
	... 15 more
)
[[ATTACHMENT|C:\\Users\\MODERN 15\\git\\G1_Firefly_testing\\Reports\\20240101_181216\\Transaction\\20240101_181217\\1704107578847.png]]]]></system-out>
         <system-err><![CDATA[01-01-2024T18:12:41 - [TEST_CASE][FAILED] - Test Cases/Transaction: Test Cases/Transaction FAILED.
Reason:
com.kms.katalon.core.exception.StepFailedException: Unable to select option by label 'My Piggy Bank' of object 'Object Repository/Transaction/Page_Create new withdrawal  Transactions  F_057ce1/select_(no piggy bank)                  1 (_6b16ef'  using regular expression
	at com.kms.katalon.core.webui.keyword.internal.WebUIKeywordMain.stepFailed(WebUIKeywordMain.groovy:64)
	at com.kms.katalon.core.webui.keyword.internal.WebUIKeywordMain.runKeyword(WebUIKeywordMain.groovy:26)
	at com.kms.katalon.core.webui.keyword.builtin.SelectOptionByLabelKeyword.selectOptionByLabel(SelectOptionByLabelKeyword.groovy:98)
	at com.kms.katalon.core.webui.keyword.builtin.SelectOptionByLabelKeyword.execute(SelectOptionByLabelKeyword.groovy:71)
	at com.kms.katalon.core.keyword.internal.KeywordExecutor.executeKeywordForPlatform(KeywordExecutor.groovy:74)
	at com.kms.katalon.core.webui.keyword.WebUiBuiltInKeywords.selectOptionByLabel(WebUiBuiltInKeywords.groovy:1269)
	at Transaction.run(Transaction:59)
	at com.kms.katalon.core.main.ScriptEngine.run(ScriptEngine.java:194)
	at com.kms.katalon.core.main.ScriptEngine.runScriptAsRawText(ScriptEngine.java:119)
	at com.kms.katalon.core.main.TestCaseExecutor.runScript(TestCaseExecutor.java:448)
	at com.kms.katalon.core.main.TestCaseExecutor.doExecute(TestCaseExecutor.java:439)
	at com.kms.katalon.core.main.TestCaseExecutor.processExecutionPhase(TestCaseExecutor.java:418)
	at com.kms.katalon.core.main.TestCaseExecutor.accessMainPhase(TestCaseExecutor.java:410)
	at com.kms.katalon.core.main.TestCaseExecutor.execute(TestCaseExecutor.java:285)
	at com.kms.katalon.core.common.CommonExecutor.accessTestCaseMainPhase(CommonExecutor.java:65)
	at com.kms.katalon.core.main.TestSuiteExecutor.accessTestSuiteMainPhase(TestSuiteExecutor.java:148)
	at com.kms.katalon.core.main.TestSuiteExecutor.execute(TestSuiteExecutor.java:106)
	at com.kms.katalon.core.main.TestCaseMain.startTestSuite(TestCaseMain.java:180)
	at TempTestSuite1704107537777.run(TempTestSuite1704107537777.groovy:36)
	at java.base/jdk.internal.reflect.NativeMethodAccessorImpl.invoke0(Native Method)
	at java.base/jdk.internal.reflect.NativeMethodAccessorImpl.invoke(NativeMethodAccessorImpl.java:77)
	at java.base/jdk.internal.reflect.DelegatingMethodAccessorImpl.invoke(DelegatingMethodAccessorImpl.java:43)
Caused by: com.kms.katalon.core.exception.StepFailedException: No option matched.
	at com.kms.katalon.core.keyword.internal.KeywordMain.stepFailed(KeywordMain.groovy:51)
	at com.kms.katalon.core.keyword.internal.KeywordMain.stepFailed(KeywordMain.groovy)
	at com.kms.katalon.core.keyword.internal.KeywordMain.stepFailed(KeywordMain.groovy:23)
	at com.kms.katalon.core.webui.keyword.builtin.SelectOptionByLabelKeyword$_selectOptionByLabel_closure1.doCall(SelectOptionByLabelKeyword.groovy:91)
	at com.kms.katalon.core.webui.keyword.builtin.SelectOptionByLabelKeyword$_selectOptionByLabel_closure1.call(SelectOptionByLabelKeyword.groovy)
	at com.kms.katalon.core.webui.keyword.internal.WebUIKeywordMain.runKeyword(WebUIKeywordMain.groovy:20)
	... 20 more]]></system-err>
      </testcase>
      <system-out><![CDATA[01-01-2024T18:12:21 - [TEST_SUITE][FAILED] - Transaction: Test Cases/Transaction FAILED.
Reason:
com.kms.katalon.core.exception.StepFailedException: Unable to select option by label '(no piggy bank)' of object 'Object Repository/Transaction/Page_Create new withdrawal  Transactions  F_057ce1/select_(no piggy bank)                  1 (_6b16ef'  using regular expression
	at com.kms.katalon.core.webui.keyword.internal.WebUIKeywordMain.stepFailed(WebUIKeywordMain.groovy:64)
	at com.kms.katalon.core.webui.keyword.internal.WebUIKeywordMain.runKeyword(WebUIKeywordMain.groovy:26)
	at com.kms.katalon.core.webui.keyword.builtin.SelectOptionByLabelKeyword.selectOptionByLabel(SelectOptionByLabelKeyword.groovy:98)
	at com.kms.katalon.core.webui.keyword.builtin.SelectOptionByLabelKeyword.execute(SelectOptionByLabelKeyword.groovy:71)
	at com.kms.katalon.core.keyword.internal.KeywordExecutor.executeKeywordForPlatform(KeywordExecutor.groovy:74)
	at com.kms.katalon.core.webui.keyword.WebUiBuiltInKeywords.selectOptionByLabel(WebUiBuiltInKeywords.groovy:1269)
	at Transaction.run(Transaction:59)
	at com.kms.katalon.core.main.ScriptEngine.run(ScriptEngine.java:194)
	at com.kms.katalon.core.main.ScriptEngine.runScriptAsRawText(ScriptEngine.java:119)
	at com.kms.katalon.core.main.TestCaseExecutor.runScript(TestCaseExecutor.java:448)
	at com.kms.katalon.core.main.TestCaseExecutor.doExecute(TestCaseExecutor.java:439)
	at com.kms.katalon.core.main.TestCaseExecutor.processExecutionPhase(TestCaseExecutor.java:418)
	at com.kms.katalon.core.main.TestCaseExecutor.accessMainPhase(TestCaseExecutor.java:410)
	at com.kms.katalon.core.main.TestCaseExecutor.execute(TestCaseExecutor.java:285)
	at com.kms.katalon.core.common.CommonExecutor.accessTestCaseMainPhase(CommonExecutor.java:65)
	at com.kms.katalon.core.main.TestSuiteExecutor.accessTestSuiteMainPhase(TestSuiteExecutor.java:148)
	at com.kms.katalon.core.main.TestSuiteExecutor.execute(TestSuiteExecutor.java:106)
	at com.kms.katalon.core.main.TestCaseMain.startTestSuite(TestCaseMain.java:180)
	at TempTestSuite1704107537777.run(TempTestSuite1704107537777.groovy:36)
	at java.base/jdk.internal.reflect.NativeMethodAccessorImpl.invoke0(Native Method)
	at java.base/jdk.internal.reflect.NativeMethodAccessorImpl.invoke(NativeMethodAccessorImpl.java:77)
	at java.base/jdk.internal.reflect.DelegatingMethodAccessorImpl.invoke(DelegatingMethodAccessorImpl.java:43)
Caused by: com.kms.katalon.core.exception.StepFailedException: No option matched.
	at com.kms.katalon.core.keyword.internal.KeywordMain.stepFailed(KeywordMain.groovy:51)
	at com.kms.katalon.core.keyword.internal.KeywordMain.stepFailed(KeywordMain.groovy)
	at com.kms.katalon.core.keyword.internal.KeywordMain.stepFailed(KeywordMain.groovy:23)
	at com.kms.katalon.core.webui.keyword.builtin.SelectOptionByLabelKeyword$_selectOptionByLabel_closure1.doCall(SelectOptionByLabelKeyword.groovy:91)
	at com.kms.katalon.core.webui.keyword.builtin.SelectOptionByLabelKeyword$_selectOptionByLabel_closure1.call(SelectOptionByLabelKeyword.groovy)
	at com.kms.katalon.core.webui.keyword.internal.WebUIKeywordMain.runKeyword(WebUIKeywordMain.groovy:20)
	... 20 more]]></system-out>
      <system-err><![CDATA[01-01-2024T18:12:21 - [TEST_SUITE][FAILED] - Transaction: Test Cases/Transaction FAILED.
Reason:
com.kms.katalon.core.exception.StepFailedException: Unable to select option by label '(no piggy bank)' of object 'Object Repository/Transaction/Page_Create new withdrawal  Transactions  F_057ce1/select_(no piggy bank)                  1 (_6b16ef'  using regular expression
	at com.kms.katalon.core.webui.keyword.internal.WebUIKeywordMain.stepFailed(WebUIKeywordMain.groovy:64)
	at com.kms.katalon.core.webui.keyword.internal.WebUIKeywordMain.runKeyword(WebUIKeywordMain.groovy:26)
	at com.kms.katalon.core.webui.keyword.builtin.SelectOptionByLabelKeyword.selectOptionByLabel(SelectOptionByLabelKeyword.groovy:98)
	at com.kms.katalon.core.webui.keyword.builtin.SelectOptionByLabelKeyword.execute(SelectOptionByLabelKeyword.groovy:71)
	at com.kms.katalon.core.keyword.internal.KeywordExecutor.executeKeywordForPlatform(KeywordExecutor.groovy:74)
	at com.kms.katalon.core.webui.keyword.WebUiBuiltInKeywords.selectOptionByLabel(WebUiBuiltInKeywords.groovy:1269)
	at Transaction.run(Transaction:59)
	at com.kms.katalon.core.main.ScriptEngine.run(ScriptEngine.java:194)
	at com.kms.katalon.core.main.ScriptEngine.runScriptAsRawText(ScriptEngine.java:119)
	at com.kms.katalon.core.main.TestCaseExecutor.runScript(TestCaseExecutor.java:448)
	at com.kms.katalon.core.main.TestCaseExecutor.doExecute(TestCaseExecutor.java:439)
	at com.kms.katalon.core.main.TestCaseExecutor.processExecutionPhase(TestCaseExecutor.java:418)
	at com.kms.katalon.core.main.TestCaseExecutor.accessMainPhase(TestCaseExecutor.java:410)
	at com.kms.katalon.core.main.TestCaseExecutor.execute(TestCaseExecutor.java:285)
	at com.kms.katalon.core.common.CommonExecutor.accessTestCaseMainPhase(CommonExecutor.java:65)
	at com.kms.katalon.core.main.TestSuiteExecutor.accessTestSuiteMainPhase(TestSuiteExecutor.java:148)
	at com.kms.katalon.core.main.TestSuiteExecutor.execute(TestSuiteExecutor.java:106)
	at com.kms.katalon.core.main.TestCaseMain.startTestSuite(TestCaseMain.java:180)
	at TempTestSuite1704107537777.run(TempTestSuite1704107537777.groovy:36)
	at java.base/jdk.internal.reflect.NativeMethodAccessorImpl.invoke0(Native Method)
	at java.base/jdk.internal.reflect.NativeMethodAccessorImpl.invoke(NativeMethodAccessorImpl.java:77)
	at java.base/jdk.internal.reflect.DelegatingMethodAccessorImpl.invoke(DelegatingMethodAccessorImpl.java:43)
Caused by: com.kms.katalon.core.exception.StepFailedException: No option matched.
	at com.kms.katalon.core.keyword.internal.KeywordMain.stepFailed(KeywordMain.groovy:51)
	at com.kms.katalon.core.keyword.internal.KeywordMain.stepFailed(KeywordMain.groovy)
	at com.kms.katalon.core.keyword.internal.KeywordMain.stepFailed(KeywordMain.groovy:23)
	at com.kms.katalon.core.webui.keyword.builtin.SelectOptionByLabelKeyword$_selectOptionByLabel_closure1.doCall(SelectOptionByLabelKeyword.groovy:91)
	at com.kms.katalon.core.webui.keyword.builtin.SelectOptionByLabelKeyword$_selectOptionByLabel_closure1.call(SelectOptionByLabelKeyword.groovy)
	at com.kms.katalon.core.webui.keyword.internal.WebUIKeywordMain.runKeyword(WebUIKeywordMain.groovy:20)
	... 20 more]]></system-err>
   </testsuite>
</testsuites>
