<?xml version="1.0" encoding="UTF-8"?>
<testsuites name="Transaction" time="264.076" tests="10" failures="0" errors="0">
   <testsuite name="Transaction" tests="10" failures="0" errors="0" time="264.076" skipped="0" timestamp="02-01-2024T22:08:34" hostname="MODERN 15 - Phuc" id="Test Suites/Transaction">
      <properties>
         <property name="deviceName" value=""/>
         <property name="devicePlatform" value=""/>
         <property name="logFolder" value="C:\\Users\\MODERN 15\\git\\G1_Firefly_testing\\Reports\\20240102_220828\\Transaction\\20240102_220828"/>
         <property name="logFiles" value="C:\\Users\\MODERN 15\\git\\G1_Firefly_testing\\Reports\\20240102_220828\\Transaction\\20240102_220828\\execution0.log"/>
         <property name="attachments" value="C:\\Users\\MODERN 15\\git\\G1_Firefly_testing\\Reports\\20240102_220828\\Transaction\\20240102_220828\\1704208141355.png, C:\\Users\\MODERN 15\\git\\G1_Firefly_testing\\Reports\\20240102_220828\\Transaction\\20240102_220828\\1704208219319.png, C:\\Users\\MODERN 15\\git\\G1_Firefly_testing\\Reports\\20240102_220828\\Transaction\\20240102_220828\\1704208299213.png, C:\\Users\\MODERN 15\\git\\G1_Firefly_testing\\Reports\\20240102_220828\\Transaction\\20240102_220828\\1704208350432.png"/>
         <property name="hostName" value="MODERN 15 - Phuc"/>
         <property name="os" value="Windows 11 64bit"/>
         <property name="katalonVersion" value="9.1.0.212"/>
         <property name="browser" value="Chrome 120.0.0.0"/>
         <property name="hostAddress" value="192.168.1.4"/>
         <property name="sessionId" value="9f8ddbfe86f771ffeb98444c008d9c0f"/>
         <property name="seleniumVersion" value="3.141.59"/>
         <property name="proxyInformation" value="ProxyInformation { proxyOption=NO_PROXY, proxyServerType=HTTP, username=, password=********, proxyServerAddress=, proxyServerPort=0, executionList=&quot;&quot;, isApplyToDesiredCapabilities=true }"/>
         <property name="platform" value="Windows 11"/>
      </properties>
      <testcase name="Test Cases/Transaction" time="28.655" classname="Test Cases/Transaction" status="PASSED">
         <system-out><![CDATA[02-01-2024T22:08:35 - [TEST_CASE][PASSED] - Test Cases/Transaction: Test Cases/Transaction

02-01-2024T22:08:36 - [TEST_STEP][PASSED] - openBrowser(""): Browser is opened with url: ''

02-01-2024T22:08:36 - [MESSAGE][INFO] - Starting 'Chrome' driver

02-01-2024T22:08:36 - [MESSAGE][INFO] - Action delay is set to 0 milliseconds

02-01-2024T22:08:38 - [MESSAGE][PASSED] - Browser is opened with url: ''

02-01-2024T22:08:38 - [TEST_STEP][PASSED] - navigateToUrl("https://firefly.buudadawg.online/login"): Navigate to 'https://firefly.buudadawg.online/login' successfully

02-01-2024T22:08:42 - [MESSAGE][PASSED] - Navigate to 'https://firefly.buudadawg.online/login' successfully

02-01-2024T22:08:42 - [TEST_STEP][PASSED] - setText(findTestObject("Object Repository/Transaction/Page_Login to Firefly III/input_email"), username): Text 'killermh1352@gmail.com' is set on object 'Object Repository/Transaction/Page_Login to Firefly III/input_email'

02-01-2024T22:08:43 - [MESSAGE][PASSED] - Text 'killermh1352@gmail.com' is set on object 'Object Repository/Transaction/Page_Login to Firefly III/input_email'

02-01-2024T22:08:43 - [TEST_STEP][PASSED] - setText(findTestObject("Object Repository/Transaction/Page_Login to Firefly III/input_password"), password): Text 'tranvinhphuc2002' is set on object 'Object Repository/Transaction/Page_Login to Firefly III/input_password'

02-01-2024T22:08:44 - [MESSAGE][PASSED] - Text 'tranvinhphuc2002' is set on object 'Object Repository/Transaction/Page_Login to Firefly III/input_password'

02-01-2024T22:08:44 - [TEST_STEP][PASSED] - sendKeys(findTestObject("Object Repository/Transaction/Page_Login to Firefly III/input_password"), Keys.chord(ENTER)): Keys 'ENTER + ' sent to object: 'Object Repository/Transaction/Page_Login to Firefly III/input_password'

02-01-2024T22:08:45 - [MESSAGE][PASSED] - Keys 'ENTER + ' sent to object: 'Object Repository/Transaction/Page_Login to Firefly III/input_password'

02-01-2024T22:08:45 - [TEST_STEP][PASSED] - click(findTestObject("Object Repository/Transaction/Page_Whats playing  Firefly III/a_Transactions")): Object: 'Object Repository/Transaction/Page_Whats playing  Firefly III/a_Transactions' is clicked on

02-01-2024T22:08:46 - [MESSAGE][PASSED] - Object: 'Object Repository/Transaction/Page_Whats playing  Firefly III/a_Transactions' is clicked on

02-01-2024T22:08:46 - [TEST_STEP][PASSED] - click(findTestObject("Object Repository/Transaction/Page_Whats playing  Firefly III/a_Expenses")): Object: 'Object Repository/Transaction/Page_Whats playing  Firefly III/a_Expenses' is clicked on

02-01-2024T22:08:47 - [MESSAGE][PASSED] - Object: 'Object Repository/Transaction/Page_Whats playing  Firefly III/a_Expenses' is clicked on

02-01-2024T22:08:47 - [TEST_STEP][PASSED] - click(findTestObject("Object Repository/Transaction/Page_All expenses between January 1st, 2024_d388e7/a_Create a new transaction")): Object: 'Object Repository/Transaction/Page_All expenses between January 1st, 2024_d388e7/a_Create a new transaction' is clicked on

02-01-2024T22:08:49 - [MESSAGE][PASSED] - Object: 'Object Repository/Transaction/Page_All expenses between January 1st, 2024_d388e7/a_Create a new transaction' is clicked on

02-01-2024T22:08:49 - [TEST_STEP][PASSED] - setText(findTestObject("Transaction/Page_Create new withdrawal  Transactions  F_057ce1/input_description"), description): Text 'Books' is set on object 'Object Repository/Transaction/Page_Create new withdrawal  Transactions  F_057ce1/input_description'

02-01-2024T22:08:50 - [MESSAGE][PASSED] - Text 'Books' is set on object 'Object Repository/Transaction/Page_Create new withdrawal  Transactions  F_057ce1/input_description'

02-01-2024T22:08:50 - [TEST_STEP][PASSED] - setText(findTestObject("Object Repository/Transaction/Page_Create new withdrawal  Transactions  F_057ce1/input_source"), source_account, STOP_ON_FAILURE): Text 'My Savings Account' is set on object 'Object Repository/Transaction/Page_Create new withdrawal  Transactions  F_057ce1/input_source'

02-01-2024T22:08:51 - [MESSAGE][PASSED] - Text 'My Savings Account' is set on object 'Object Repository/Transaction/Page_Create new withdrawal  Transactions  F_057ce1/input_source'

02-01-2024T22:08:51 - [TEST_STEP][PASSED] - setText(findTestObject("Object Repository/Transaction/Page_Create new withdrawal  Transactions  F_057ce1/input_destination"), destination_account, STOP_ON_FAILURE): Text 'My Savings Account' is set on object 'Object Repository/Transaction/Page_Create new withdrawal  Transactions  F_057ce1/input_destination'

02-01-2024T22:08:53 - [MESSAGE][PASSED] - Text 'My Savings Account' is set on object 'Object Repository/Transaction/Page_Create new withdrawal  Transactions  F_057ce1/input_destination'

02-01-2024T22:08:53 - [TEST_STEP][PASSED] - setText(findTestObject("Transaction/Page_Create new withdrawal  Transactions  F_057ce1/input_date"), date): Text '2023-03-06T19:32' is set on object 'Object Repository/Transaction/Page_Create new withdrawal  Transactions  F_057ce1/input_date'

02-01-2024T22:08:54 - [MESSAGE][PASSED] - Text '2023-03-06T19:32' is set on object 'Object Repository/Transaction/Page_Create new withdrawal  Transactions  F_057ce1/input_date'

02-01-2024T22:08:54 - [TEST_STEP][PASSED] - setText(findTestObject("Object Repository/Transaction/Page_Create new withdrawal  Transactions  F_057ce1/input_amount"), amount): Text '964' is set on object 'Object Repository/Transaction/Page_Create new withdrawal  Transactions  F_057ce1/input_amount'

02-01-2024T22:08:55 - [MESSAGE][PASSED] - Text '964' is set on object 'Object Repository/Transaction/Page_Create new withdrawal  Transactions  F_057ce1/input_amount'

02-01-2024T22:08:55 - [TEST_STEP][PASSED] - if (getText(findTestObject("Object Repository/Transaction/Page_Create new withdrawal  Transactions  F_057ce1/select_foreign_currency")) == ""): Text of object 'Object Repository/Transaction/Page_Create new withdrawal  Transactions  F_057ce1/select_foreign_currency' is: 'Euro'

02-01-2024T22:08:55 - [MESSAGE][PASSED] - Text of object 'Object Repository/Transaction/Page_Create new withdrawal  Transactions  F_057ce1/select_foreign_currency' is: 'Euro'

02-01-2024T22:08:55 - [TEST_STEP][PASSED] - try: null

02-01-2024T22:08:55 - [TEST_STEP][PASSED] - waitForElementPresent(findTestObject("Object Repository/Transaction/Page_Create new withdrawal  Transactions  F_057ce1/select_budget", 1)): null

02-01-2024T22:08:55 - [TEST_STEP][PASSED] - catch (Exception err): null

02-01-2024T22:08:55 - [TEST_STEP][PASSED] - out.println("not found budget"): null

02-01-2024T22:08:55 - [TEST_STEP][PASSED] - setText(findTestObject("Object Repository/Transaction/Page_Create new withdrawal  Transactions  F_057ce1/input_category"), category): Text 'RF Shielding' is set on object 'Object Repository/Transaction/Page_Create new withdrawal  Transactions  F_057ce1/input_category'

02-01-2024T22:08:56 - [MESSAGE][PASSED] - Text 'RF Shielding' is set on object 'Object Repository/Transaction/Page_Create new withdrawal  Transactions  F_057ce1/input_category'

02-01-2024T22:08:56 - [TEST_STEP][PASSED] - selectOptionByValue(findTestObject("Object Repository/Transaction/Page_Create new withdrawal  Transactions  F_057ce1/select_piggy_bank"), piggy_bank, true): All options with value '0' are selected in object 'Object Repository/Transaction/Page_Create new withdrawal  Transactions  F_057ce1/select_piggy_bank'  using regular expression

02-01-2024T22:08:59 - [MESSAGE][PASSED] - All options with value '0' are selected in object 'Object Repository/Transaction/Page_Create new withdrawal  Transactions  F_057ce1/select_piggy_bank'  using regular expression

02-01-2024T22:08:59 - [TEST_STEP][PASSED] - setText(findTestObject("Object Repository/Transaction/Page_Create new withdrawal  Transactions  F_057ce1/input_ti-new-tag-input ti-valid"), tags): Text 'Wine - George Duboeuf Rose' is set on object 'Object Repository/Transaction/Page_Create new withdrawal  Transactions  F_057ce1/input_ti-new-tag-input ti-valid'

02-01-2024T22:09:00 - [MESSAGE][PASSED] - Text 'Wine - George Duboeuf Rose' is set on object 'Object Repository/Transaction/Page_Create new withdrawal  Transactions  F_057ce1/input_ti-new-tag-input ti-valid'

02-01-2024T22:09:00 - [TEST_STEP][FAILED] - try: Unable to select option by label '(none)' of object 'Object Repository/Transaction/Page_Create new withdrawal  Transactions  F_057ce1/select_bill'  using regular expression (Root cause: com.kms.katalon.core.exception.StepFailedException: Unable to select option by label '(none)' of object 'Object Repository/Transaction/Page_Create new withdrawal  Transactions  F_057ce1/select_bill'  using regular expression
	at com.kms.katalon.core.webui.keyword.internal.WebUIKeywordMain.stepFailed(WebUIKeywordMain.groovy:64)
	at com.kms.katalon.core.webui.keyword.internal.WebUIKeywordMain.runKeyword(WebUIKeywordMain.groovy:26)
	at com.kms.katalon.core.webui.keyword.builtin.SelectOptionByLabelKeyword.selectOptionByLabel(SelectOptionByLabelKeyword.groovy:98)
	at com.kms.katalon.core.webui.keyword.builtin.SelectOptionByLabelKeyword.execute(SelectOptionByLabelKeyword.groovy:71)
	at com.kms.katalon.core.keyword.internal.KeywordExecutor.executeKeywordForPlatform(KeywordExecutor.groovy:74)
	at com.kms.katalon.core.webui.keyword.WebUiBuiltInKeywords.selectOptionByLabel(WebUiBuiltInKeywords.groovy:1269)
	at Transaction.run(Transaction:76)
	at com.kms.katalon.core.main.ScriptEngine.run(ScriptEngine.java:194)
	at com.kms.katalon.core.main.ScriptEngine.runScriptAsRawText(ScriptEngine.java:119)
	at com.kms.katalon.core.main.TestCaseExecutor.runScript(TestCaseExecutor.java:448)
	at com.kms.katalon.core.main.TestCaseExecutor.doExecute(TestCaseExecutor.java:439)
	at com.kms.katalon.core.main.TestCaseExecutor.processExecutionPhase(TestCaseExecutor.java:418)
	at com.kms.katalon.core.main.TestCaseExecutor.accessMainPhase(TestCaseExecutor.java:410)
	at com.kms.katalon.core.main.TestCaseExecutor.execute(TestCaseExecutor.java:285)
	at com.kms.katalon.core.common.CommonExecutor.accessTestCaseMainPhase(CommonExecutor.java:65)
	at com.kms.katalon.core.main.TestSuiteExecutor.accessTestSuiteMainPhase(TestSuiteExecutor.java:148)
	at com.kms.katalon.core.main.TestSuiteExecutor.execute(TestSuiteExecutor.java:106)
	at com.kms.katalon.core.main.TestCaseMain.startTestSuite(TestCaseMain.java:180)
	at TempTestSuite1704208108899.run(TempTestSuite1704208108899.groovy:36)
	at java.base/jdk.internal.reflect.NativeMethodAccessorImpl.invoke0(Native Method)
	at java.base/jdk.internal.reflect.NativeMethodAccessorImpl.invoke(NativeMethodAccessorImpl.java:77)
	at java.base/jdk.internal.reflect.DelegatingMethodAccessorImpl.invoke(DelegatingMethodAccessorImpl.java:43)
Caused by: com.kms.katalon.core.exception.StepFailedException: No option matched.
	at com.kms.katalon.core.keyword.internal.KeywordMain.stepFailed(KeywordMain.groovy:51)
	at com.kms.katalon.core.keyword.internal.KeywordMain.stepFailed(KeywordMain.groovy)
	at com.kms.katalon.core.keyword.internal.KeywordMain.stepFailed(KeywordMain.groovy:23)
	at com.kms.katalon.core.webui.keyword.builtin.SelectOptionByLabelKeyword$_selectOptionByLabel_closure1.doCall(SelectOptionByLabelKeyword.groovy:91)
	at com.kms.katalon.core.webui.keyword.builtin.SelectOptionByLabelKeyword$_selectOptionByLabel_closure1.call(SelectOptionByLabelKeyword.groovy)
	at com.kms.katalon.core.webui.keyword.internal.WebUIKeywordMain.runKeyword(WebUIKeywordMain.groovy:20)
	at com.kms.katalon.core.webui.keyword.builtin.SelectOptionByLabelKeyword.selectOptionByLabel(SelectOptionByLabelKeyword.groovy:98)
	at com.kms.katalon.core.webui.keyword.builtin.SelectOptionByLabelKeyword.execute(SelectOptionByLabelKeyword.groovy:71)
	at com.kms.katalon.core.keyword.internal.KeywordExecutor.executeKeywordForPlatform(KeywordExecutor.groovy:74)
	at com.kms.katalon.core.webui.keyword.WebUiBuiltInKeywords.selectOptionByLabel(WebUiBuiltInKeywords.groovy:1269)
	at Script1704099170054.run(Script1704099170054.groovy:76)
	... 15 more
)

02-01-2024T22:09:00 - [TEST_STEP][PASSED] - waitForElementPresent(findTestObject("Object Repository/Transaction/Page_Create new withdrawal  Transactions  F_057ce1/select_bill"), 1): Object 'Object Repository/Transaction/Page_Create new withdrawal  Transactions  F_057ce1/select_bill' is present

02-01-2024T22:09:00 - [MESSAGE][PASSED] - Object 'Object Repository/Transaction/Page_Create new withdrawal  Transactions  F_057ce1/select_bill' is present

02-01-2024T22:09:00 - [TEST_STEP][FAILED] - selectOptionByLabel(findTestObject("Object Repository/Transaction/Page_Create new withdrawal  Transactions  F_057ce1/select_bill"), bill, true): Unable to select option by label '(none)' of object 'Object Repository/Transaction/Page_Create new withdrawal  Transactions  F_057ce1/select_bill'  using regular expression (Root cause: com.kms.katalon.core.exception.StepFailedException: Unable to select option by label '(none)' of object 'Object Repository/Transaction/Page_Create new withdrawal  Transactions  F_057ce1/select_bill'  using regular expression
	at com.kms.katalon.core.webui.keyword.internal.WebUIKeywordMain.stepFailed(WebUIKeywordMain.groovy:64)
	at com.kms.katalon.core.webui.keyword.internal.WebUIKeywordMain.runKeyword(WebUIKeywordMain.groovy:26)
	at com.kms.katalon.core.webui.keyword.builtin.SelectOptionByLabelKeyword.selectOptionByLabel(SelectOptionByLabelKeyword.groovy:98)
	at com.kms.katalon.core.webui.keyword.builtin.SelectOptionByLabelKeyword.execute(SelectOptionByLabelKeyword.groovy:71)
	at com.kms.katalon.core.keyword.internal.KeywordExecutor.executeKeywordForPlatform(KeywordExecutor.groovy:74)
	at com.kms.katalon.core.webui.keyword.WebUiBuiltInKeywords.selectOptionByLabel(WebUiBuiltInKeywords.groovy:1269)
	at Transaction.run(Transaction:76)
	at com.kms.katalon.core.main.ScriptEngine.run(ScriptEngine.java:194)
	at com.kms.katalon.core.main.ScriptEngine.runScriptAsRawText(ScriptEngine.java:119)
	at com.kms.katalon.core.main.TestCaseExecutor.runScript(TestCaseExecutor.java:448)
	at com.kms.katalon.core.main.TestCaseExecutor.doExecute(TestCaseExecutor.java:439)
	at com.kms.katalon.core.main.TestCaseExecutor.processExecutionPhase(TestCaseExecutor.java:418)
	at com.kms.katalon.core.main.TestCaseExecutor.accessMainPhase(TestCaseExecutor.java:410)
	at com.kms.katalon.core.main.TestCaseExecutor.execute(TestCaseExecutor.java:285)
	at com.kms.katalon.core.common.CommonExecutor.accessTestCaseMainPhase(CommonExecutor.java:65)
	at com.kms.katalon.core.main.TestSuiteExecutor.accessTestSuiteMainPhase(TestSuiteExecutor.java:148)
	at com.kms.katalon.core.main.TestSuiteExecutor.execute(TestSuiteExecutor.java:106)
	at com.kms.katalon.core.main.TestCaseMain.startTestSuite(TestCaseMain.java:180)
	at TempTestSuite1704208108899.run(TempTestSuite1704208108899.groovy:36)
	at java.base/jdk.internal.reflect.NativeMethodAccessorImpl.invoke0(Native Method)
	at java.base/jdk.internal.reflect.NativeMethodAccessorImpl.invoke(NativeMethodAccessorImpl.java:77)
	at java.base/jdk.internal.reflect.DelegatingMethodAccessorImpl.invoke(DelegatingMethodAccessorImpl.java:43)
Caused by: com.kms.katalon.core.exception.StepFailedException: No option matched.
	at com.kms.katalon.core.keyword.internal.KeywordMain.stepFailed(KeywordMain.groovy:51)
	at com.kms.katalon.core.keyword.internal.KeywordMain.stepFailed(KeywordMain.groovy)
	at com.kms.katalon.core.keyword.internal.KeywordMain.stepFailed(KeywordMain.groovy:23)
	at com.kms.katalon.core.webui.keyword.builtin.SelectOptionByLabelKeyword$_selectOptionByLabel_closure1.doCall(SelectOptionByLabelKeyword.groovy:91)
	at com.kms.katalon.core.webui.keyword.builtin.SelectOptionByLabelKeyword$_selectOptionByLabel_closure1.call(SelectOptionByLabelKeyword.groovy)
	at com.kms.katalon.core.webui.keyword.internal.WebUIKeywordMain.runKeyword(WebUIKeywordMain.groovy:20)
	at com.kms.katalon.core.webui.keyword.builtin.SelectOptionByLabelKeyword.selectOptionByLabel(SelectOptionByLabelKeyword.groovy:98)
	at com.kms.katalon.core.webui.keyword.builtin.SelectOptionByLabelKeyword.execute(SelectOptionByLabelKeyword.groovy:71)
	at com.kms.katalon.core.keyword.internal.KeywordExecutor.executeKeywordForPlatform(KeywordExecutor.groovy:74)
	at com.kms.katalon.core.webui.keyword.WebUiBuiltInKeywords.selectOptionByLabel(WebUiBuiltInKeywords.groovy:1269)
	at Script1704099170054.run(Script1704099170054.groovy:76)
	... 15 more
)

02-01-2024T22:09:01 - [MESSAGE][FAILED] - No option matched.

02-01-2024T22:09:01 - [MESSAGE][FAILED] - Unable to select option by label '(none)' of object 'Object Repository/Transaction/Page_Create new withdrawal  Transactions  F_057ce1/select_bill'  using regular expression (Root cause: com.kms.katalon.core.exception.StepFailedException: Unable to select option by label '(none)' of object 'Object Repository/Transaction/Page_Create new withdrawal  Transactions  F_057ce1/select_bill'  using regular expression
	at com.kms.katalon.core.webui.keyword.internal.WebUIKeywordMain.stepFailed(WebUIKeywordMain.groovy:64)
	at com.kms.katalon.core.webui.keyword.internal.WebUIKeywordMain.runKeyword(WebUIKeywordMain.groovy:26)
	at com.kms.katalon.core.webui.keyword.builtin.SelectOptionByLabelKeyword.selectOptionByLabel(SelectOptionByLabelKeyword.groovy:98)
	at com.kms.katalon.core.webui.keyword.builtin.SelectOptionByLabelKeyword.execute(SelectOptionByLabelKeyword.groovy:71)
	at com.kms.katalon.core.keyword.internal.KeywordExecutor.executeKeywordForPlatform(KeywordExecutor.groovy:74)
	at com.kms.katalon.core.webui.keyword.WebUiBuiltInKeywords.selectOptionByLabel(WebUiBuiltInKeywords.groovy:1269)
	at Transaction.run(Transaction:76)
	at com.kms.katalon.core.main.ScriptEngine.run(ScriptEngine.java:194)
	at com.kms.katalon.core.main.ScriptEngine.runScriptAsRawText(ScriptEngine.java:119)
	at com.kms.katalon.core.main.TestCaseExecutor.runScript(TestCaseExecutor.java:448)
	at com.kms.katalon.core.main.TestCaseExecutor.doExecute(TestCaseExecutor.java:439)
	at com.kms.katalon.core.main.TestCaseExecutor.processExecutionPhase(TestCaseExecutor.java:418)
	at com.kms.katalon.core.main.TestCaseExecutor.accessMainPhase(TestCaseExecutor.java:410)
	at com.kms.katalon.core.main.TestCaseExecutor.execute(TestCaseExecutor.java:285)
	at com.kms.katalon.core.common.CommonExecutor.accessTestCaseMainPhase(CommonExecutor.java:65)
	at com.kms.katalon.core.main.TestSuiteExecutor.accessTestSuiteMainPhase(TestSuiteExecutor.java:148)
	at com.kms.katalon.core.main.TestSuiteExecutor.execute(TestSuiteExecutor.java:106)
	at com.kms.katalon.core.main.TestCaseMain.startTestSuite(TestCaseMain.java:180)
	at TempTestSuite1704208108899.run(TempTestSuite1704208108899.groovy:36)
	at java.base/jdk.internal.reflect.NativeMethodAccessorImpl.invoke0(Native Method)
	at java.base/jdk.internal.reflect.NativeMethodAccessorImpl.invoke(NativeMethodAccessorImpl.java:77)
	at java.base/jdk.internal.reflect.DelegatingMethodAccessorImpl.invoke(DelegatingMethodAccessorImpl.java:43)
Caused by: com.kms.katalon.core.exception.StepFailedException: No option matched.
	at com.kms.katalon.core.keyword.internal.KeywordMain.stepFailed(KeywordMain.groovy:51)
	at com.kms.katalon.core.keyword.internal.KeywordMain.stepFailed(KeywordMain.groovy)
	at com.kms.katalon.core.keyword.internal.KeywordMain.stepFailed(KeywordMain.groovy:23)
	at com.kms.katalon.core.webui.keyword.builtin.SelectOptionByLabelKeyword$_selectOptionByLabel_closure1.doCall(SelectOptionByLabelKeyword.groovy:91)
	at com.kms.katalon.core.webui.keyword.builtin.SelectOptionByLabelKeyword$_selectOptionByLabel_closure1.call(SelectOptionByLabelKeyword.groovy)
	at com.kms.katalon.core.webui.keyword.internal.WebUIKeywordMain.runKeyword(WebUIKeywordMain.groovy:20)
	at com.kms.katalon.core.webui.keyword.builtin.SelectOptionByLabelKeyword.selectOptionByLabel(SelectOptionByLabelKeyword.groovy:98)
	at com.kms.katalon.core.webui.keyword.builtin.SelectOptionByLabelKeyword.execute(SelectOptionByLabelKeyword.groovy:71)
	at com.kms.katalon.core.keyword.internal.KeywordExecutor.executeKeywordForPlatform(KeywordExecutor.groovy:74)
	at com.kms.katalon.core.webui.keyword.WebUiBuiltInKeywords.selectOptionByLabel(WebUiBuiltInKeywords.groovy:1269)
	at Script1704099170054.run(Script1704099170054.groovy:76)
	... 15 more
)
[[ATTACHMENT|C:\\Users\\MODERN 15\\git\\G1_Firefly_testing\\Reports\\20240102_220828\\Transaction\\20240102_220828\\1704208141355.png]]

02-01-2024T22:09:01 - [TEST_STEP][PASSED] - catch (Exception err): null

02-01-2024T22:09:01 - [TEST_STEP][PASSED] - out.println("not found bill"): null

02-01-2024T22:09:01 - [TEST_STEP][PASSED] - click(findTestObject("Object Repository/Transaction/Page_Create new withdrawal  Transactions  F_057ce1/button_Submit")): Object: 'Object Repository/Transaction/Page_Create new withdrawal  Transactions  F_057ce1/button_Submit' is clicked on

02-01-2024T22:09:02 - [MESSAGE][PASSED] - Object: 'Object Repository/Transaction/Page_Create new withdrawal  Transactions  F_057ce1/button_Submit' is clicked on

02-01-2024T22:09:02 - [TEST_STEP][PASSED] - try: null

02-01-2024T22:09:02 - [TEST_STEP][PASSED] - verifyElementPresent(findTestObject("Shared_alert/text_dangers"), 1): Object 'Object Repository/Shared_alert/text_dangers' is present

02-01-2024T22:09:02 - [MESSAGE][PASSED] - Object 'Object Repository/Shared_alert/text_dangers' is present

02-01-2024T22:09:02 - [TEST_STEP][PASSED] - verifyElementNotPresent(findTestObject("Shared_alert/success_alert"), 1): Web element with id: 'Object Repository/Shared_alert/success_alert' located by 'By.cssSelector: #app > div.content-wrapper > section.content > div' is not present after '1' second(s)

02-01-2024T22:09:03 - [MESSAGE][PASSED] - Web element with id: 'Object Repository/Shared_alert/success_alert' located by 'By.cssSelector: #app > div.content-wrapper > section.content > div' is not present after '1' second(s)

02-01-2024T22:09:03 - [TEST_STEP][PASSED] - out.println("text danger"): null

02-01-2024T22:09:03 - [TEST_STEP][PASSED] - closeBrowser(): Browser is closed

02-01-2024T22:09:03 - [MESSAGE][PASSED] - Browser is closed]]></system-out>
         <system-err><![CDATA[]]></system-err>
      </testcase>
      <testcase name="Test Cases/Transaction" time="24.83" classname="Test Cases/Transaction" status="PASSED">
         <system-out><![CDATA[02-01-2024T22:09:04 - [TEST_CASE][PASSED] - Test Cases/Transaction: Test Cases/Transaction

02-01-2024T22:09:04 - [TEST_STEP][PASSED] - openBrowser(""): Browser is opened with url: ''

02-01-2024T22:09:04 - [MESSAGE][INFO] - Starting 'Chrome' driver

02-01-2024T22:09:04 - [MESSAGE][INFO] - Action delay is set to 0 milliseconds

02-01-2024T22:09:05 - [MESSAGE][PASSED] - Browser is opened with url: ''

02-01-2024T22:09:05 - [TEST_STEP][PASSED] - navigateToUrl("https://firefly.buudadawg.online/login"): Navigate to 'https://firefly.buudadawg.online/login' successfully

02-01-2024T22:09:08 - [MESSAGE][PASSED] - Navigate to 'https://firefly.buudadawg.online/login' successfully

02-01-2024T22:09:08 - [TEST_STEP][PASSED] - setText(findTestObject("Object Repository/Transaction/Page_Login to Firefly III/input_email"), username): Text 'killermh1352@gmail.com' is set on object 'Object Repository/Transaction/Page_Login to Firefly III/input_email'

02-01-2024T22:09:09 - [MESSAGE][PASSED] - Text 'killermh1352@gmail.com' is set on object 'Object Repository/Transaction/Page_Login to Firefly III/input_email'

02-01-2024T22:09:09 - [TEST_STEP][PASSED] - setText(findTestObject("Object Repository/Transaction/Page_Login to Firefly III/input_password"), password): Text 'tranvinhphuc2002' is set on object 'Object Repository/Transaction/Page_Login to Firefly III/input_password'

02-01-2024T22:09:10 - [MESSAGE][PASSED] - Text 'tranvinhphuc2002' is set on object 'Object Repository/Transaction/Page_Login to Firefly III/input_password'

02-01-2024T22:09:10 - [TEST_STEP][PASSED] - sendKeys(findTestObject("Object Repository/Transaction/Page_Login to Firefly III/input_password"), Keys.chord(ENTER)): Keys 'ENTER + ' sent to object: 'Object Repository/Transaction/Page_Login to Firefly III/input_password'

02-01-2024T22:09:11 - [MESSAGE][PASSED] - Keys 'ENTER + ' sent to object: 'Object Repository/Transaction/Page_Login to Firefly III/input_password'

02-01-2024T22:09:11 - [TEST_STEP][PASSED] - click(findTestObject("Object Repository/Transaction/Page_Whats playing  Firefly III/a_Transactions")): Object: 'Object Repository/Transaction/Page_Whats playing  Firefly III/a_Transactions' is clicked on

02-01-2024T22:09:12 - [MESSAGE][PASSED] - Object: 'Object Repository/Transaction/Page_Whats playing  Firefly III/a_Transactions' is clicked on

02-01-2024T22:09:12 - [TEST_STEP][PASSED] - click(findTestObject("Object Repository/Transaction/Page_Whats playing  Firefly III/a_Expenses")): Object: 'Object Repository/Transaction/Page_Whats playing  Firefly III/a_Expenses' is clicked on

02-01-2024T22:09:13 - [MESSAGE][PASSED] - Object: 'Object Repository/Transaction/Page_Whats playing  Firefly III/a_Expenses' is clicked on

02-01-2024T22:09:13 - [TEST_STEP][PASSED] - click(findTestObject("Object Repository/Transaction/Page_All expenses between January 1st, 2024_d388e7/a_Create a new transaction")): Object: 'Object Repository/Transaction/Page_All expenses between January 1st, 2024_d388e7/a_Create a new transaction' is clicked on

02-01-2024T22:09:14 - [MESSAGE][PASSED] - Object: 'Object Repository/Transaction/Page_All expenses between January 1st, 2024_d388e7/a_Create a new transaction' is clicked on

02-01-2024T22:09:14 - [TEST_STEP][PASSED] - setText(findTestObject("Transaction/Page_Create new withdrawal  Transactions  F_057ce1/input_description"), description): Text 'n/a' is set on object 'Object Repository/Transaction/Page_Create new withdrawal  Transactions  F_057ce1/input_description'

02-01-2024T22:09:16 - [MESSAGE][PASSED] - Text 'n/a' is set on object 'Object Repository/Transaction/Page_Create new withdrawal  Transactions  F_057ce1/input_description'

02-01-2024T22:09:16 - [TEST_STEP][PASSED] - setText(findTestObject("Object Repository/Transaction/Page_Create new withdrawal  Transactions  F_057ce1/input_source"), source_account, STOP_ON_FAILURE): Text 'My Savings Account' is set on object 'Object Repository/Transaction/Page_Create new withdrawal  Transactions  F_057ce1/input_source'

02-01-2024T22:09:17 - [MESSAGE][PASSED] - Text 'My Savings Account' is set on object 'Object Repository/Transaction/Page_Create new withdrawal  Transactions  F_057ce1/input_source'

02-01-2024T22:09:17 - [TEST_STEP][PASSED] - setText(findTestObject("Object Repository/Transaction/Page_Create new withdrawal  Transactions  F_057ce1/input_destination"), destination_account, STOP_ON_FAILURE): Text 'My Asset Account' is set on object 'Object Repository/Transaction/Page_Create new withdrawal  Transactions  F_057ce1/input_destination'

02-01-2024T22:09:18 - [MESSAGE][PASSED] - Text 'My Asset Account' is set on object 'Object Repository/Transaction/Page_Create new withdrawal  Transactions  F_057ce1/input_destination'

02-01-2024T22:09:18 - [TEST_STEP][PASSED] - setText(findTestObject("Transaction/Page_Create new withdrawal  Transactions  F_057ce1/input_date"), date): Text '2023-10-28T07:25' is set on object 'Object Repository/Transaction/Page_Create new withdrawal  Transactions  F_057ce1/input_date'

02-01-2024T22:09:20 - [MESSAGE][PASSED] - Text '2023-10-28T07:25' is set on object 'Object Repository/Transaction/Page_Create new withdrawal  Transactions  F_057ce1/input_date'

02-01-2024T22:09:20 - [TEST_STEP][PASSED] - setText(findTestObject("Object Repository/Transaction/Page_Create new withdrawal  Transactions  F_057ce1/input_amount"), amount): Text '8097' is set on object 'Object Repository/Transaction/Page_Create new withdrawal  Transactions  F_057ce1/input_amount'

02-01-2024T22:09:20 - [MESSAGE][PASSED] - Text '8097' is set on object 'Object Repository/Transaction/Page_Create new withdrawal  Transactions  F_057ce1/input_amount'

02-01-2024T22:09:20 - [TEST_STEP][PASSED] - if (getText(findTestObject("Object Repository/Transaction/Page_Create new withdrawal  Transactions  F_057ce1/select_foreign_currency")) == ""): Text of object 'Object Repository/Transaction/Page_Create new withdrawal  Transactions  F_057ce1/select_foreign_currency' is: 'Euro'

02-01-2024T22:09:21 - [MESSAGE][PASSED] - Text of object 'Object Repository/Transaction/Page_Create new withdrawal  Transactions  F_057ce1/select_foreign_currency' is: 'Euro'

02-01-2024T22:09:21 - [TEST_STEP][PASSED] - try: null

02-01-2024T22:09:21 - [TEST_STEP][PASSED] - waitForElementPresent(findTestObject("Object Repository/Transaction/Page_Create new withdrawal  Transactions  F_057ce1/select_budget", 1)): null

02-01-2024T22:09:21 - [TEST_STEP][PASSED] - catch (Exception err): null

02-01-2024T22:09:21 - [TEST_STEP][PASSED] - out.println("not found budget"): null

02-01-2024T22:09:21 - [TEST_STEP][PASSED] - setText(findTestObject("Object Repository/Transaction/Page_Create new withdrawal  Transactions  F_057ce1/input_category"), category): Text 'EIFS' is set on object 'Object Repository/Transaction/Page_Create new withdrawal  Transactions  F_057ce1/input_category'

02-01-2024T22:09:21 - [MESSAGE][PASSED] - Text 'EIFS' is set on object 'Object Repository/Transaction/Page_Create new withdrawal  Transactions  F_057ce1/input_category'

02-01-2024T22:09:21 - [TEST_STEP][PASSED] - selectOptionByValue(findTestObject("Object Repository/Transaction/Page_Create new withdrawal  Transactions  F_057ce1/select_piggy_bank"), piggy_bank, true): All options with value '46' are selected in object 'Object Repository/Transaction/Page_Create new withdrawal  Transactions  F_057ce1/select_piggy_bank'  using regular expression

02-01-2024T22:09:24 - [MESSAGE][PASSED] - All options with value '46' are selected in object 'Object Repository/Transaction/Page_Create new withdrawal  Transactions  F_057ce1/select_piggy_bank'  using regular expression

02-01-2024T22:09:24 - [TEST_STEP][PASSED] - setText(findTestObject("Object Repository/Transaction/Page_Create new withdrawal  Transactions  F_057ce1/input_ti-new-tag-input ti-valid"), tags): Text 'Country Roll' is set on object 'Object Repository/Transaction/Page_Create new withdrawal  Transactions  F_057ce1/input_ti-new-tag-input ti-valid'

02-01-2024T22:09:25 - [MESSAGE][PASSED] - Text 'Country Roll' is set on object 'Object Repository/Transaction/Page_Create new withdrawal  Transactions  F_057ce1/input_ti-new-tag-input ti-valid'

02-01-2024T22:09:25 - [TEST_STEP][PASSED] - try: All options with label 'Name' are selected in object 'Object Repository/Transaction/Page_Create new withdrawal  Transactions  F_057ce1/select_bill'  using regular expression

02-01-2024T22:09:25 - [TEST_STEP][PASSED] - waitForElementPresent(findTestObject("Object Repository/Transaction/Page_Create new withdrawal  Transactions  F_057ce1/select_bill"), 1): Object 'Object Repository/Transaction/Page_Create new withdrawal  Transactions  F_057ce1/select_bill' is present

02-01-2024T22:09:25 - [MESSAGE][PASSED] - Object 'Object Repository/Transaction/Page_Create new withdrawal  Transactions  F_057ce1/select_bill' is present

02-01-2024T22:09:25 - [TEST_STEP][PASSED] - selectOptionByLabel(findTestObject("Object Repository/Transaction/Page_Create new withdrawal  Transactions  F_057ce1/select_bill"), bill, true): All options with label 'Name' are selected in object 'Object Repository/Transaction/Page_Create new withdrawal  Transactions  F_057ce1/select_bill'  using regular expression

02-01-2024T22:09:26 - [MESSAGE][PASSED] - All options with label 'Name' are selected in object 'Object Repository/Transaction/Page_Create new withdrawal  Transactions  F_057ce1/select_bill'  using regular expression

02-01-2024T22:09:26 - [TEST_STEP][PASSED] - click(findTestObject("Object Repository/Transaction/Page_Create new withdrawal  Transactions  F_057ce1/button_Submit")): Object: 'Object Repository/Transaction/Page_Create new withdrawal  Transactions  F_057ce1/button_Submit' is clicked on

02-01-2024T22:09:27 - [MESSAGE][PASSED] - Object: 'Object Repository/Transaction/Page_Create new withdrawal  Transactions  F_057ce1/button_Submit' is clicked on

02-01-2024T22:09:27 - [TEST_STEP][PASSED] - try: null

02-01-2024T22:09:27 - [TEST_STEP][PASSED] - verifyElementPresent(findTestObject("Shared_alert/text_dangers"), 1): Object 'Object Repository/Shared_alert/text_dangers' is present

02-01-2024T22:09:28 - [MESSAGE][PASSED] - Object 'Object Repository/Shared_alert/text_dangers' is present

02-01-2024T22:09:28 - [TEST_STEP][PASSED] - verifyElementNotPresent(findTestObject("Shared_alert/success_alert"), 1): Web element with id: 'Object Repository/Shared_alert/success_alert' located by 'By.cssSelector: #app > div.content-wrapper > section.content > div' is not present after '1' second(s)

02-01-2024T22:09:28 - [MESSAGE][PASSED] - Web element with id: 'Object Repository/Shared_alert/success_alert' located by 'By.cssSelector: #app > div.content-wrapper > section.content > div' is not present after '1' second(s)

02-01-2024T22:09:28 - [TEST_STEP][PASSED] - out.println("text danger"): null

02-01-2024T22:09:28 - [TEST_STEP][PASSED] - closeBrowser(): Browser is closed

02-01-2024T22:09:28 - [MESSAGE][PASSED] - Browser is closed]]></system-out>
         <system-err><![CDATA[]]></system-err>
      </testcase>
      <testcase name="Test Cases/Transaction" time="26.841" classname="Test Cases/Transaction" status="PASSED">
         <system-out><![CDATA[02-01-2024T22:09:29 - [TEST_CASE][PASSED] - Test Cases/Transaction: Test Cases/Transaction

02-01-2024T22:09:29 - [TEST_STEP][PASSED] - openBrowser(""): Browser is opened with url: ''

02-01-2024T22:09:29 - [MESSAGE][INFO] - Starting 'Chrome' driver

02-01-2024T22:09:29 - [MESSAGE][INFO] - Action delay is set to 0 milliseconds

02-01-2024T22:09:30 - [MESSAGE][PASSED] - Browser is opened with url: ''

02-01-2024T22:09:30 - [TEST_STEP][PASSED] - navigateToUrl("https://firefly.buudadawg.online/login"): Navigate to 'https://firefly.buudadawg.online/login' successfully

02-01-2024T22:09:33 - [MESSAGE][PASSED] - Navigate to 'https://firefly.buudadawg.online/login' successfully

02-01-2024T22:09:33 - [TEST_STEP][PASSED] - setText(findTestObject("Object Repository/Transaction/Page_Login to Firefly III/input_email"), username): Text 'killermh1352@gmail.com' is set on object 'Object Repository/Transaction/Page_Login to Firefly III/input_email'

02-01-2024T22:09:34 - [MESSAGE][PASSED] - Text 'killermh1352@gmail.com' is set on object 'Object Repository/Transaction/Page_Login to Firefly III/input_email'

02-01-2024T22:09:34 - [TEST_STEP][PASSED] - setText(findTestObject("Object Repository/Transaction/Page_Login to Firefly III/input_password"), password): Text 'tranvinhphuc2002' is set on object 'Object Repository/Transaction/Page_Login to Firefly III/input_password'

02-01-2024T22:09:35 - [MESSAGE][PASSED] - Text 'tranvinhphuc2002' is set on object 'Object Repository/Transaction/Page_Login to Firefly III/input_password'

02-01-2024T22:09:35 - [TEST_STEP][PASSED] - sendKeys(findTestObject("Object Repository/Transaction/Page_Login to Firefly III/input_password"), Keys.chord(ENTER)): Keys 'ENTER + ' sent to object: 'Object Repository/Transaction/Page_Login to Firefly III/input_password'

02-01-2024T22:09:36 - [MESSAGE][PASSED] - Keys 'ENTER + ' sent to object: 'Object Repository/Transaction/Page_Login to Firefly III/input_password'

02-01-2024T22:09:36 - [TEST_STEP][PASSED] - click(findTestObject("Object Repository/Transaction/Page_Whats playing  Firefly III/a_Transactions")): Object: 'Object Repository/Transaction/Page_Whats playing  Firefly III/a_Transactions' is clicked on

02-01-2024T22:09:37 - [MESSAGE][PASSED] - Object: 'Object Repository/Transaction/Page_Whats playing  Firefly III/a_Transactions' is clicked on

02-01-2024T22:09:37 - [TEST_STEP][PASSED] - click(findTestObject("Object Repository/Transaction/Page_Whats playing  Firefly III/a_Expenses")): Object: 'Object Repository/Transaction/Page_Whats playing  Firefly III/a_Expenses' is clicked on

02-01-2024T22:09:38 - [MESSAGE][PASSED] - Object: 'Object Repository/Transaction/Page_Whats playing  Firefly III/a_Expenses' is clicked on

02-01-2024T22:09:38 - [TEST_STEP][PASSED] - click(findTestObject("Object Repository/Transaction/Page_All expenses between January 1st, 2024_d388e7/a_Create a new transaction")): Object: 'Object Repository/Transaction/Page_All expenses between January 1st, 2024_d388e7/a_Create a new transaction' is clicked on

02-01-2024T22:09:39 - [MESSAGE][PASSED] - Object: 'Object Repository/Transaction/Page_All expenses between January 1st, 2024_d388e7/a_Create a new transaction' is clicked on

02-01-2024T22:09:39 - [TEST_STEP][PASSED] - setText(findTestObject("Transaction/Page_Create new withdrawal  Transactions  F_057ce1/input_description"), description): Text 'Real Estate Investment Trusts' is set on object 'Object Repository/Transaction/Page_Create new withdrawal  Transactions  F_057ce1/input_description'

02-01-2024T22:09:41 - [MESSAGE][PASSED] - Text 'Real Estate Investment Trusts' is set on object 'Object Repository/Transaction/Page_Create new withdrawal  Transactions  F_057ce1/input_description'

02-01-2024T22:09:41 - [TEST_STEP][PASSED] - setText(findTestObject("Object Repository/Transaction/Page_Create new withdrawal  Transactions  F_057ce1/input_source"), source_account, STOP_ON_FAILURE): Text 'My Savings Account' is set on object 'Object Repository/Transaction/Page_Create new withdrawal  Transactions  F_057ce1/input_source'

02-01-2024T22:09:43 - [MESSAGE][PASSED] - Text 'My Savings Account' is set on object 'Object Repository/Transaction/Page_Create new withdrawal  Transactions  F_057ce1/input_source'

02-01-2024T22:09:43 - [TEST_STEP][PASSED] - setText(findTestObject("Object Repository/Transaction/Page_Create new withdrawal  Transactions  F_057ce1/input_destination"), destination_account, STOP_ON_FAILURE): Text 'My Expense Account' is set on object 'Object Repository/Transaction/Page_Create new withdrawal  Transactions  F_057ce1/input_destination'

02-01-2024T22:09:44 - [MESSAGE][PASSED] - Text 'My Expense Account' is set on object 'Object Repository/Transaction/Page_Create new withdrawal  Transactions  F_057ce1/input_destination'

02-01-2024T22:09:44 - [TEST_STEP][PASSED] - setText(findTestObject("Transaction/Page_Create new withdrawal  Transactions  F_057ce1/input_date"), date): Text '2023-04-17T15:32' is set on object 'Object Repository/Transaction/Page_Create new withdrawal  Transactions  F_057ce1/input_date'

02-01-2024T22:09:46 - [MESSAGE][PASSED] - Text '2023-04-17T15:32' is set on object 'Object Repository/Transaction/Page_Create new withdrawal  Transactions  F_057ce1/input_date'

02-01-2024T22:09:46 - [TEST_STEP][PASSED] - setText(findTestObject("Object Repository/Transaction/Page_Create new withdrawal  Transactions  F_057ce1/input_amount"), amount): Text '4425' is set on object 'Object Repository/Transaction/Page_Create new withdrawal  Transactions  F_057ce1/input_amount'

02-01-2024T22:09:47 - [MESSAGE][PASSED] - Text '4425' is set on object 'Object Repository/Transaction/Page_Create new withdrawal  Transactions  F_057ce1/input_amount'

02-01-2024T22:09:47 - [TEST_STEP][PASSED] - if (getText(findTestObject("Object Repository/Transaction/Page_Create new withdrawal  Transactions  F_057ce1/select_foreign_currency")) == ""): Text of object 'Object Repository/Transaction/Page_Create new withdrawal  Transactions  F_057ce1/select_foreign_currency' is: 'Euro'

02-01-2024T22:09:47 - [MESSAGE][PASSED] - Text of object 'Object Repository/Transaction/Page_Create new withdrawal  Transactions  F_057ce1/select_foreign_currency' is: 'Euro'

02-01-2024T22:09:47 - [TEST_STEP][PASSED] - try: null

02-01-2024T22:09:47 - [TEST_STEP][PASSED] - waitForElementPresent(findTestObject("Object Repository/Transaction/Page_Create new withdrawal  Transactions  F_057ce1/select_budget", 1)): null

02-01-2024T22:09:47 - [TEST_STEP][PASSED] - catch (Exception err): null

02-01-2024T22:09:47 - [TEST_STEP][PASSED] - out.println("not found budget"): null

02-01-2024T22:09:47 - [TEST_STEP][PASSED] - setText(findTestObject("Object Repository/Transaction/Page_Create new withdrawal  Transactions  F_057ce1/input_category"), category): Text 'Framing (Steel)' is set on object 'Object Repository/Transaction/Page_Create new withdrawal  Transactions  F_057ce1/input_category'

02-01-2024T22:09:49 - [MESSAGE][PASSED] - Text 'Framing (Steel)' is set on object 'Object Repository/Transaction/Page_Create new withdrawal  Transactions  F_057ce1/input_category'

02-01-2024T22:09:49 - [TEST_STEP][PASSED] - selectOptionByValue(findTestObject("Object Repository/Transaction/Page_Create new withdrawal  Transactions  F_057ce1/select_piggy_bank"), piggy_bank, true): All options with value '46' are selected in object 'Object Repository/Transaction/Page_Create new withdrawal  Transactions  F_057ce1/select_piggy_bank'  using regular expression

02-01-2024T22:09:51 - [MESSAGE][PASSED] - All options with value '46' are selected in object 'Object Repository/Transaction/Page_Create new withdrawal  Transactions  F_057ce1/select_piggy_bank'  using regular expression

02-01-2024T22:09:51 - [TEST_STEP][PASSED] - setText(findTestObject("Object Repository/Transaction/Page_Create new withdrawal  Transactions  F_057ce1/input_ti-new-tag-input ti-valid"), tags): Text '' is set on object 'Object Repository/Transaction/Page_Create new withdrawal  Transactions  F_057ce1/input_ti-new-tag-input ti-valid'

02-01-2024T22:09:52 - [MESSAGE][PASSED] - Text '' is set on object 'Object Repository/Transaction/Page_Create new withdrawal  Transactions  F_057ce1/input_ti-new-tag-input ti-valid'

02-01-2024T22:09:52 - [TEST_STEP][PASSED] - try: All options with label 'Name' are selected in object 'Object Repository/Transaction/Page_Create new withdrawal  Transactions  F_057ce1/select_bill'  using regular expression

02-01-2024T22:09:52 - [TEST_STEP][PASSED] - waitForElementPresent(findTestObject("Object Repository/Transaction/Page_Create new withdrawal  Transactions  F_057ce1/select_bill"), 1): Object 'Object Repository/Transaction/Page_Create new withdrawal  Transactions  F_057ce1/select_bill' is present

02-01-2024T22:09:53 - [MESSAGE][PASSED] - Object 'Object Repository/Transaction/Page_Create new withdrawal  Transactions  F_057ce1/select_bill' is present

02-01-2024T22:09:53 - [TEST_STEP][PASSED] - selectOptionByLabel(findTestObject("Object Repository/Transaction/Page_Create new withdrawal  Transactions  F_057ce1/select_bill"), bill, true): All options with label 'Name' are selected in object 'Object Repository/Transaction/Page_Create new withdrawal  Transactions  F_057ce1/select_bill'  using regular expression

02-01-2024T22:09:54 - [MESSAGE][PASSED] - All options with label 'Name' are selected in object 'Object Repository/Transaction/Page_Create new withdrawal  Transactions  F_057ce1/select_bill'  using regular expression

02-01-2024T22:09:54 - [TEST_STEP][PASSED] - click(findTestObject("Object Repository/Transaction/Page_Create new withdrawal  Transactions  F_057ce1/button_Submit")): Object: 'Object Repository/Transaction/Page_Create new withdrawal  Transactions  F_057ce1/button_Submit' is clicked on

02-01-2024T22:09:54 - [MESSAGE][PASSED] - Object: 'Object Repository/Transaction/Page_Create new withdrawal  Transactions  F_057ce1/button_Submit' is clicked on

02-01-2024T22:09:54 - [TEST_STEP][PASSED] - try: null

02-01-2024T22:09:54 - [TEST_STEP][PASSED] - verifyElementPresent(findTestObject("Shared_alert/text_dangers"), 1): Object 'Object Repository/Shared_alert/text_dangers' is present

02-01-2024T22:09:55 - [MESSAGE][PASSED] - Object 'Object Repository/Shared_alert/text_dangers' is present

02-01-2024T22:09:55 - [TEST_STEP][PASSED] - verifyElementNotPresent(findTestObject("Shared_alert/success_alert"), 1): Web element with id: 'Object Repository/Shared_alert/success_alert' located by 'By.cssSelector: #app > div.content-wrapper > section.content > div' is not present after '1' second(s)

02-01-2024T22:09:55 - [MESSAGE][PASSED] - Web element with id: 'Object Repository/Shared_alert/success_alert' located by 'By.cssSelector: #app > div.content-wrapper > section.content > div' is not present after '1' second(s)

02-01-2024T22:09:55 - [TEST_STEP][PASSED] - out.println("text danger"): null

02-01-2024T22:09:55 - [TEST_STEP][PASSED] - closeBrowser(): Browser is closed

02-01-2024T22:09:55 - [MESSAGE][PASSED] - Browser is closed]]></system-out>
         <system-err><![CDATA[]]></system-err>
      </testcase>
      <testcase name="Test Cases/Transaction" time="24.792" classname="Test Cases/Transaction" status="PASSED">
         <system-out><![CDATA[02-01-2024T22:09:56 - [TEST_CASE][PASSED] - Test Cases/Transaction: Test Cases/Transaction

02-01-2024T22:09:56 - [TEST_STEP][PASSED] - openBrowser(""): Browser is opened with url: ''

02-01-2024T22:09:56 - [MESSAGE][INFO] - Starting 'Chrome' driver

02-01-2024T22:09:56 - [MESSAGE][INFO] - Action delay is set to 0 milliseconds

02-01-2024T22:09:57 - [MESSAGE][PASSED] - Browser is opened with url: ''

02-01-2024T22:09:57 - [TEST_STEP][PASSED] - navigateToUrl("https://firefly.buudadawg.online/login"): Navigate to 'https://firefly.buudadawg.online/login' successfully

02-01-2024T22:10:00 - [MESSAGE][PASSED] - Navigate to 'https://firefly.buudadawg.online/login' successfully

02-01-2024T22:10:00 - [TEST_STEP][PASSED] - setText(findTestObject("Object Repository/Transaction/Page_Login to Firefly III/input_email"), username): Text 'killermh1352@gmail.com' is set on object 'Object Repository/Transaction/Page_Login to Firefly III/input_email'

02-01-2024T22:10:01 - [MESSAGE][PASSED] - Text 'killermh1352@gmail.com' is set on object 'Object Repository/Transaction/Page_Login to Firefly III/input_email'

02-01-2024T22:10:01 - [TEST_STEP][PASSED] - setText(findTestObject("Object Repository/Transaction/Page_Login to Firefly III/input_password"), password): Text 'tranvinhphuc2002' is set on object 'Object Repository/Transaction/Page_Login to Firefly III/input_password'

02-01-2024T22:10:02 - [MESSAGE][PASSED] - Text 'tranvinhphuc2002' is set on object 'Object Repository/Transaction/Page_Login to Firefly III/input_password'

02-01-2024T22:10:02 - [TEST_STEP][PASSED] - sendKeys(findTestObject("Object Repository/Transaction/Page_Login to Firefly III/input_password"), Keys.chord(ENTER)): Keys 'ENTER + ' sent to object: 'Object Repository/Transaction/Page_Login to Firefly III/input_password'

02-01-2024T22:10:03 - [MESSAGE][PASSED] - Keys 'ENTER + ' sent to object: 'Object Repository/Transaction/Page_Login to Firefly III/input_password'

02-01-2024T22:10:03 - [TEST_STEP][PASSED] - click(findTestObject("Object Repository/Transaction/Page_Whats playing  Firefly III/a_Transactions")): Object: 'Object Repository/Transaction/Page_Whats playing  Firefly III/a_Transactions' is clicked on

02-01-2024T22:10:04 - [MESSAGE][PASSED] - Object: 'Object Repository/Transaction/Page_Whats playing  Firefly III/a_Transactions' is clicked on

02-01-2024T22:10:04 - [TEST_STEP][PASSED] - click(findTestObject("Object Repository/Transaction/Page_Whats playing  Firefly III/a_Expenses")): Object: 'Object Repository/Transaction/Page_Whats playing  Firefly III/a_Expenses' is clicked on

02-01-2024T22:10:05 - [MESSAGE][PASSED] - Object: 'Object Repository/Transaction/Page_Whats playing  Firefly III/a_Expenses' is clicked on

02-01-2024T22:10:05 - [TEST_STEP][PASSED] - click(findTestObject("Object Repository/Transaction/Page_All expenses between January 1st, 2024_d388e7/a_Create a new transaction")): Object: 'Object Repository/Transaction/Page_All expenses between January 1st, 2024_d388e7/a_Create a new transaction' is clicked on

02-01-2024T22:10:07 - [MESSAGE][PASSED] - Object: 'Object Repository/Transaction/Page_All expenses between January 1st, 2024_d388e7/a_Create a new transaction' is clicked on

02-01-2024T22:10:07 - [TEST_STEP][PASSED] - setText(findTestObject("Transaction/Page_Create new withdrawal  Transactions  F_057ce1/input_description"), description): Text 'Miscellaneous manufacturing industries' is set on object 'Object Repository/Transaction/Page_Create new withdrawal  Transactions  F_057ce1/input_description'

02-01-2024T22:10:09 - [MESSAGE][PASSED] - Text 'Miscellaneous manufacturing industries' is set on object 'Object Repository/Transaction/Page_Create new withdrawal  Transactions  F_057ce1/input_description'

02-01-2024T22:10:09 - [TEST_STEP][PASSED] - setText(findTestObject("Object Repository/Transaction/Page_Create new withdrawal  Transactions  F_057ce1/input_source"), source_account, STOP_ON_FAILURE): Text 'My Savings Account' is set on object 'Object Repository/Transaction/Page_Create new withdrawal  Transactions  F_057ce1/input_source'

02-01-2024T22:10:09 - [MESSAGE][PASSED] - Text 'My Savings Account' is set on object 'Object Repository/Transaction/Page_Create new withdrawal  Transactions  F_057ce1/input_source'

02-01-2024T22:10:09 - [TEST_STEP][PASSED] - setText(findTestObject("Object Repository/Transaction/Page_Create new withdrawal  Transactions  F_057ce1/input_destination"), destination_account, STOP_ON_FAILURE): Text 'My Asset Account' is set on object 'Object Repository/Transaction/Page_Create new withdrawal  Transactions  F_057ce1/input_destination'

02-01-2024T22:10:11 - [MESSAGE][PASSED] - Text 'My Asset Account' is set on object 'Object Repository/Transaction/Page_Create new withdrawal  Transactions  F_057ce1/input_destination'

02-01-2024T22:10:11 - [TEST_STEP][PASSED] - setText(findTestObject("Transaction/Page_Create new withdrawal  Transactions  F_057ce1/input_date"), date): Text '2023-04-23T10:28' is set on object 'Object Repository/Transaction/Page_Create new withdrawal  Transactions  F_057ce1/input_date'

02-01-2024T22:10:12 - [MESSAGE][PASSED] - Text '2023-04-23T10:28' is set on object 'Object Repository/Transaction/Page_Create new withdrawal  Transactions  F_057ce1/input_date'

02-01-2024T22:10:12 - [TEST_STEP][PASSED] - setText(findTestObject("Object Repository/Transaction/Page_Create new withdrawal  Transactions  F_057ce1/input_amount"), amount): Text '4080' is set on object 'Object Repository/Transaction/Page_Create new withdrawal  Transactions  F_057ce1/input_amount'

02-01-2024T22:10:13 - [MESSAGE][PASSED] - Text '4080' is set on object 'Object Repository/Transaction/Page_Create new withdrawal  Transactions  F_057ce1/input_amount'

02-01-2024T22:10:13 - [TEST_STEP][PASSED] - if (getText(findTestObject("Object Repository/Transaction/Page_Create new withdrawal  Transactions  F_057ce1/select_foreign_currency")) == ""): Text of object 'Object Repository/Transaction/Page_Create new withdrawal  Transactions  F_057ce1/select_foreign_currency' is: 'Euro'

02-01-2024T22:10:13 - [MESSAGE][PASSED] - Text of object 'Object Repository/Transaction/Page_Create new withdrawal  Transactions  F_057ce1/select_foreign_currency' is: 'Euro'

02-01-2024T22:10:13 - [TEST_STEP][PASSED] - try: null

02-01-2024T22:10:13 - [TEST_STEP][PASSED] - waitForElementPresent(findTestObject("Object Repository/Transaction/Page_Create new withdrawal  Transactions  F_057ce1/select_budget", 1)): null

02-01-2024T22:10:13 - [TEST_STEP][PASSED] - catch (Exception err): null

02-01-2024T22:10:13 - [TEST_STEP][PASSED] - out.println("not found budget"): null

02-01-2024T22:10:13 - [TEST_STEP][PASSED] - setText(findTestObject("Object Repository/Transaction/Page_Create new withdrawal  Transactions  F_057ce1/input_category"), category): Text 'Retaining Wall and Brick Pavers' is set on object 'Object Repository/Transaction/Page_Create new withdrawal  Transactions  F_057ce1/input_category'

02-01-2024T22:10:15 - [MESSAGE][PASSED] - Text 'Retaining Wall and Brick Pavers' is set on object 'Object Repository/Transaction/Page_Create new withdrawal  Transactions  F_057ce1/input_category'

02-01-2024T22:10:15 - [TEST_STEP][PASSED] - selectOptionByValue(findTestObject("Object Repository/Transaction/Page_Create new withdrawal  Transactions  F_057ce1/select_piggy_bank"), piggy_bank, true): All options with value '0' are selected in object 'Object Repository/Transaction/Page_Create new withdrawal  Transactions  F_057ce1/select_piggy_bank'  using regular expression

02-01-2024T22:10:17 - [MESSAGE][PASSED] - All options with value '0' are selected in object 'Object Repository/Transaction/Page_Create new withdrawal  Transactions  F_057ce1/select_piggy_bank'  using regular expression

02-01-2024T22:10:17 - [TEST_STEP][PASSED] - setText(findTestObject("Object Repository/Transaction/Page_Create new withdrawal  Transactions  F_057ce1/input_ti-new-tag-input ti-valid"), tags): Text '' is set on object 'Object Repository/Transaction/Page_Create new withdrawal  Transactions  F_057ce1/input_ti-new-tag-input ti-valid'

02-01-2024T22:10:18 - [MESSAGE][PASSED] - Text '' is set on object 'Object Repository/Transaction/Page_Create new withdrawal  Transactions  F_057ce1/input_ti-new-tag-input ti-valid'

02-01-2024T22:10:18 - [TEST_STEP][FAILED] - try: Unable to select option by label '(none)' of object 'Object Repository/Transaction/Page_Create new withdrawal  Transactions  F_057ce1/select_bill'  using regular expression (Root cause: com.kms.katalon.core.exception.StepFailedException: Unable to select option by label '(none)' of object 'Object Repository/Transaction/Page_Create new withdrawal  Transactions  F_057ce1/select_bill'  using regular expression
	at com.kms.katalon.core.webui.keyword.internal.WebUIKeywordMain.stepFailed(WebUIKeywordMain.groovy:64)
	at com.kms.katalon.core.webui.keyword.internal.WebUIKeywordMain.runKeyword(WebUIKeywordMain.groovy:26)
	at com.kms.katalon.core.webui.keyword.builtin.SelectOptionByLabelKeyword.selectOptionByLabel(SelectOptionByLabelKeyword.groovy:98)
	at com.kms.katalon.core.webui.keyword.builtin.SelectOptionByLabelKeyword.execute(SelectOptionByLabelKeyword.groovy:71)
	at com.kms.katalon.core.keyword.internal.KeywordExecutor.executeKeywordForPlatform(KeywordExecutor.groovy:74)
	at com.kms.katalon.core.webui.keyword.WebUiBuiltInKeywords.selectOptionByLabel(WebUiBuiltInKeywords.groovy:1269)
	at Transaction.run(Transaction:76)
	at com.kms.katalon.core.main.ScriptEngine.run(ScriptEngine.java:194)
	at com.kms.katalon.core.main.ScriptEngine.runScriptAsRawText(ScriptEngine.java:119)
	at com.kms.katalon.core.main.TestCaseExecutor.runScript(TestCaseExecutor.java:448)
	at com.kms.katalon.core.main.TestCaseExecutor.doExecute(TestCaseExecutor.java:439)
	at com.kms.katalon.core.main.TestCaseExecutor.processExecutionPhase(TestCaseExecutor.java:418)
	at com.kms.katalon.core.main.TestCaseExecutor.accessMainPhase(TestCaseExecutor.java:410)
	at com.kms.katalon.core.main.TestCaseExecutor.execute(TestCaseExecutor.java:285)
	at com.kms.katalon.core.common.CommonExecutor.accessTestCaseMainPhase(CommonExecutor.java:65)
	at com.kms.katalon.core.main.TestSuiteExecutor.accessTestSuiteMainPhase(TestSuiteExecutor.java:148)
	at com.kms.katalon.core.main.TestSuiteExecutor.execute(TestSuiteExecutor.java:106)
	at com.kms.katalon.core.main.TestCaseMain.startTestSuite(TestCaseMain.java:180)
	at TempTestSuite1704208108899.run(TempTestSuite1704208108899.groovy:36)
	at java.base/jdk.internal.reflect.NativeMethodAccessorImpl.invoke0(Native Method)
	at java.base/jdk.internal.reflect.NativeMethodAccessorImpl.invoke(NativeMethodAccessorImpl.java:77)
	at java.base/jdk.internal.reflect.DelegatingMethodAccessorImpl.invoke(DelegatingMethodAccessorImpl.java:43)
Caused by: com.kms.katalon.core.exception.StepFailedException: No option matched.
	at com.kms.katalon.core.keyword.internal.KeywordMain.stepFailed(KeywordMain.groovy:51)
	at com.kms.katalon.core.keyword.internal.KeywordMain.stepFailed(KeywordMain.groovy)
	at com.kms.katalon.core.keyword.internal.KeywordMain.stepFailed(KeywordMain.groovy:23)
	at com.kms.katalon.core.webui.keyword.builtin.SelectOptionByLabelKeyword$_selectOptionByLabel_closure1.doCall(SelectOptionByLabelKeyword.groovy:91)
	at com.kms.katalon.core.webui.keyword.builtin.SelectOptionByLabelKeyword$_selectOptionByLabel_closure1.call(SelectOptionByLabelKeyword.groovy)
	at com.kms.katalon.core.webui.keyword.internal.WebUIKeywordMain.runKeyword(WebUIKeywordMain.groovy:20)
	at com.kms.katalon.core.webui.keyword.builtin.SelectOptionByLabelKeyword.selectOptionByLabel(SelectOptionByLabelKeyword.groovy:98)
	at com.kms.katalon.core.webui.keyword.builtin.SelectOptionByLabelKeyword.execute(SelectOptionByLabelKeyword.groovy:71)
	at com.kms.katalon.core.keyword.internal.KeywordExecutor.executeKeywordForPlatform(KeywordExecutor.groovy:74)
	at com.kms.katalon.core.webui.keyword.WebUiBuiltInKeywords.selectOptionByLabel(WebUiBuiltInKeywords.groovy:1269)
	at Script1704099170054.run(Script1704099170054.groovy:76)
	... 15 more
)

02-01-2024T22:10:18 - [TEST_STEP][PASSED] - waitForElementPresent(findTestObject("Object Repository/Transaction/Page_Create new withdrawal  Transactions  F_057ce1/select_bill"), 1): Object 'Object Repository/Transaction/Page_Create new withdrawal  Transactions  F_057ce1/select_bill' is present

02-01-2024T22:10:18 - [MESSAGE][PASSED] - Object 'Object Repository/Transaction/Page_Create new withdrawal  Transactions  F_057ce1/select_bill' is present

02-01-2024T22:10:18 - [TEST_STEP][FAILED] - selectOptionByLabel(findTestObject("Object Repository/Transaction/Page_Create new withdrawal  Transactions  F_057ce1/select_bill"), bill, true): Unable to select option by label '(none)' of object 'Object Repository/Transaction/Page_Create new withdrawal  Transactions  F_057ce1/select_bill'  using regular expression (Root cause: com.kms.katalon.core.exception.StepFailedException: Unable to select option by label '(none)' of object 'Object Repository/Transaction/Page_Create new withdrawal  Transactions  F_057ce1/select_bill'  using regular expression
	at com.kms.katalon.core.webui.keyword.internal.WebUIKeywordMain.stepFailed(WebUIKeywordMain.groovy:64)
	at com.kms.katalon.core.webui.keyword.internal.WebUIKeywordMain.runKeyword(WebUIKeywordMain.groovy:26)
	at com.kms.katalon.core.webui.keyword.builtin.SelectOptionByLabelKeyword.selectOptionByLabel(SelectOptionByLabelKeyword.groovy:98)
	at com.kms.katalon.core.webui.keyword.builtin.SelectOptionByLabelKeyword.execute(SelectOptionByLabelKeyword.groovy:71)
	at com.kms.katalon.core.keyword.internal.KeywordExecutor.executeKeywordForPlatform(KeywordExecutor.groovy:74)
	at com.kms.katalon.core.webui.keyword.WebUiBuiltInKeywords.selectOptionByLabel(WebUiBuiltInKeywords.groovy:1269)
	at Transaction.run(Transaction:76)
	at com.kms.katalon.core.main.ScriptEngine.run(ScriptEngine.java:194)
	at com.kms.katalon.core.main.ScriptEngine.runScriptAsRawText(ScriptEngine.java:119)
	at com.kms.katalon.core.main.TestCaseExecutor.runScript(TestCaseExecutor.java:448)
	at com.kms.katalon.core.main.TestCaseExecutor.doExecute(TestCaseExecutor.java:439)
	at com.kms.katalon.core.main.TestCaseExecutor.processExecutionPhase(TestCaseExecutor.java:418)
	at com.kms.katalon.core.main.TestCaseExecutor.accessMainPhase(TestCaseExecutor.java:410)
	at com.kms.katalon.core.main.TestCaseExecutor.execute(TestCaseExecutor.java:285)
	at com.kms.katalon.core.common.CommonExecutor.accessTestCaseMainPhase(CommonExecutor.java:65)
	at com.kms.katalon.core.main.TestSuiteExecutor.accessTestSuiteMainPhase(TestSuiteExecutor.java:148)
	at com.kms.katalon.core.main.TestSuiteExecutor.execute(TestSuiteExecutor.java:106)
	at com.kms.katalon.core.main.TestCaseMain.startTestSuite(TestCaseMain.java:180)
	at TempTestSuite1704208108899.run(TempTestSuite1704208108899.groovy:36)
	at java.base/jdk.internal.reflect.NativeMethodAccessorImpl.invoke0(Native Method)
	at java.base/jdk.internal.reflect.NativeMethodAccessorImpl.invoke(NativeMethodAccessorImpl.java:77)
	at java.base/jdk.internal.reflect.DelegatingMethodAccessorImpl.invoke(DelegatingMethodAccessorImpl.java:43)
Caused by: com.kms.katalon.core.exception.StepFailedException: No option matched.
	at com.kms.katalon.core.keyword.internal.KeywordMain.stepFailed(KeywordMain.groovy:51)
	at com.kms.katalon.core.keyword.internal.KeywordMain.stepFailed(KeywordMain.groovy)
	at com.kms.katalon.core.keyword.internal.KeywordMain.stepFailed(KeywordMain.groovy:23)
	at com.kms.katalon.core.webui.keyword.builtin.SelectOptionByLabelKeyword$_selectOptionByLabel_closure1.doCall(SelectOptionByLabelKeyword.groovy:91)
	at com.kms.katalon.core.webui.keyword.builtin.SelectOptionByLabelKeyword$_selectOptionByLabel_closure1.call(SelectOptionByLabelKeyword.groovy)
	at com.kms.katalon.core.webui.keyword.internal.WebUIKeywordMain.runKeyword(WebUIKeywordMain.groovy:20)
	at com.kms.katalon.core.webui.keyword.builtin.SelectOptionByLabelKeyword.selectOptionByLabel(SelectOptionByLabelKeyword.groovy:98)
	at com.kms.katalon.core.webui.keyword.builtin.SelectOptionByLabelKeyword.execute(SelectOptionByLabelKeyword.groovy:71)
	at com.kms.katalon.core.keyword.internal.KeywordExecutor.executeKeywordForPlatform(KeywordExecutor.groovy:74)
	at com.kms.katalon.core.webui.keyword.WebUiBuiltInKeywords.selectOptionByLabel(WebUiBuiltInKeywords.groovy:1269)
	at Script1704099170054.run(Script1704099170054.groovy:76)
	... 15 more
)

02-01-2024T22:10:19 - [MESSAGE][FAILED] - No option matched.

02-01-2024T22:10:19 - [MESSAGE][FAILED] - Unable to select option by label '(none)' of object 'Object Repository/Transaction/Page_Create new withdrawal  Transactions  F_057ce1/select_bill'  using regular expression (Root cause: com.kms.katalon.core.exception.StepFailedException: Unable to select option by label '(none)' of object 'Object Repository/Transaction/Page_Create new withdrawal  Transactions  F_057ce1/select_bill'  using regular expression
	at com.kms.katalon.core.webui.keyword.internal.WebUIKeywordMain.stepFailed(WebUIKeywordMain.groovy:64)
	at com.kms.katalon.core.webui.keyword.internal.WebUIKeywordMain.runKeyword(WebUIKeywordMain.groovy:26)
	at com.kms.katalon.core.webui.keyword.builtin.SelectOptionByLabelKeyword.selectOptionByLabel(SelectOptionByLabelKeyword.groovy:98)
	at com.kms.katalon.core.webui.keyword.builtin.SelectOptionByLabelKeyword.execute(SelectOptionByLabelKeyword.groovy:71)
	at com.kms.katalon.core.keyword.internal.KeywordExecutor.executeKeywordForPlatform(KeywordExecutor.groovy:74)
	at com.kms.katalon.core.webui.keyword.WebUiBuiltInKeywords.selectOptionByLabel(WebUiBuiltInKeywords.groovy:1269)
	at Transaction.run(Transaction:76)
	at com.kms.katalon.core.main.ScriptEngine.run(ScriptEngine.java:194)
	at com.kms.katalon.core.main.ScriptEngine.runScriptAsRawText(ScriptEngine.java:119)
	at com.kms.katalon.core.main.TestCaseExecutor.runScript(TestCaseExecutor.java:448)
	at com.kms.katalon.core.main.TestCaseExecutor.doExecute(TestCaseExecutor.java:439)
	at com.kms.katalon.core.main.TestCaseExecutor.processExecutionPhase(TestCaseExecutor.java:418)
	at com.kms.katalon.core.main.TestCaseExecutor.accessMainPhase(TestCaseExecutor.java:410)
	at com.kms.katalon.core.main.TestCaseExecutor.execute(TestCaseExecutor.java:285)
	at com.kms.katalon.core.common.CommonExecutor.accessTestCaseMainPhase(CommonExecutor.java:65)
	at com.kms.katalon.core.main.TestSuiteExecutor.accessTestSuiteMainPhase(TestSuiteExecutor.java:148)
	at com.kms.katalon.core.main.TestSuiteExecutor.execute(TestSuiteExecutor.java:106)
	at com.kms.katalon.core.main.TestCaseMain.startTestSuite(TestCaseMain.java:180)
	at TempTestSuite1704208108899.run(TempTestSuite1704208108899.groovy:36)
	at java.base/jdk.internal.reflect.NativeMethodAccessorImpl.invoke0(Native Method)
	at java.base/jdk.internal.reflect.NativeMethodAccessorImpl.invoke(NativeMethodAccessorImpl.java:77)
	at java.base/jdk.internal.reflect.DelegatingMethodAccessorImpl.invoke(DelegatingMethodAccessorImpl.java:43)
Caused by: com.kms.katalon.core.exception.StepFailedException: No option matched.
	at com.kms.katalon.core.keyword.internal.KeywordMain.stepFailed(KeywordMain.groovy:51)
	at com.kms.katalon.core.keyword.internal.KeywordMain.stepFailed(KeywordMain.groovy)
	at com.kms.katalon.core.keyword.internal.KeywordMain.stepFailed(KeywordMain.groovy:23)
	at com.kms.katalon.core.webui.keyword.builtin.SelectOptionByLabelKeyword$_selectOptionByLabel_closure1.doCall(SelectOptionByLabelKeyword.groovy:91)
	at com.kms.katalon.core.webui.keyword.builtin.SelectOptionByLabelKeyword$_selectOptionByLabel_closure1.call(SelectOptionByLabelKeyword.groovy)
	at com.kms.katalon.core.webui.keyword.internal.WebUIKeywordMain.runKeyword(WebUIKeywordMain.groovy:20)
	at com.kms.katalon.core.webui.keyword.builtin.SelectOptionByLabelKeyword.selectOptionByLabel(SelectOptionByLabelKeyword.groovy:98)
	at com.kms.katalon.core.webui.keyword.builtin.SelectOptionByLabelKeyword.execute(SelectOptionByLabelKeyword.groovy:71)
	at com.kms.katalon.core.keyword.internal.KeywordExecutor.executeKeywordForPlatform(KeywordExecutor.groovy:74)
	at com.kms.katalon.core.webui.keyword.WebUiBuiltInKeywords.selectOptionByLabel(WebUiBuiltInKeywords.groovy:1269)
	at Script1704099170054.run(Script1704099170054.groovy:76)
	... 15 more
)
[[ATTACHMENT|C:\\Users\\MODERN 15\\git\\G1_Firefly_testing\\Reports\\20240102_220828\\Transaction\\20240102_220828\\1704208219319.png]]

02-01-2024T22:10:19 - [TEST_STEP][PASSED] - catch (Exception err): null

02-01-2024T22:10:19 - [TEST_STEP][PASSED] - out.println("not found bill"): null

02-01-2024T22:10:19 - [TEST_STEP][PASSED] - click(findTestObject("Object Repository/Transaction/Page_Create new withdrawal  Transactions  F_057ce1/button_Submit")): Object: 'Object Repository/Transaction/Page_Create new withdrawal  Transactions  F_057ce1/button_Submit' is clicked on

02-01-2024T22:10:19 - [MESSAGE][PASSED] - Object: 'Object Repository/Transaction/Page_Create new withdrawal  Transactions  F_057ce1/button_Submit' is clicked on

02-01-2024T22:10:19 - [TEST_STEP][PASSED] - try: null

02-01-2024T22:10:19 - [TEST_STEP][PASSED] - verifyElementPresent(findTestObject("Shared_alert/text_dangers"), 1): Object 'Object Repository/Shared_alert/text_dangers' is present

02-01-2024T22:10:20 - [MESSAGE][PASSED] - Object 'Object Repository/Shared_alert/text_dangers' is present

02-01-2024T22:10:20 - [TEST_STEP][PASSED] - verifyElementNotPresent(findTestObject("Shared_alert/success_alert"), 1): Web element with id: 'Object Repository/Shared_alert/success_alert' located by 'By.cssSelector: #app > div.content-wrapper > section.content > div' is not present after '1' second(s)

02-01-2024T22:10:20 - [MESSAGE][PASSED] - Web element with id: 'Object Repository/Shared_alert/success_alert' located by 'By.cssSelector: #app > div.content-wrapper > section.content > div' is not present after '1' second(s)

02-01-2024T22:10:20 - [TEST_STEP][PASSED] - out.println("text danger"): null

02-01-2024T22:10:20 - [TEST_STEP][PASSED] - closeBrowser(): Browser is closed

02-01-2024T22:10:20 - [MESSAGE][PASSED] - Browser is closed]]></system-out>
         <system-err><![CDATA[]]></system-err>
      </testcase>
      <testcase name="Test Cases/Transaction" time="27.126" classname="Test Cases/Transaction" status="PASSED">
         <system-out><![CDATA[02-01-2024T22:10:21 - [TEST_CASE][PASSED] - Test Cases/Transaction: Test Cases/Transaction

02-01-2024T22:10:21 - [TEST_STEP][PASSED] - openBrowser(""): Browser is opened with url: ''

02-01-2024T22:10:21 - [MESSAGE][INFO] - Starting 'Chrome' driver

02-01-2024T22:10:21 - [MESSAGE][INFO] - Action delay is set to 0 milliseconds

02-01-2024T22:10:22 - [MESSAGE][PASSED] - Browser is opened with url: ''

02-01-2024T22:10:22 - [TEST_STEP][PASSED] - navigateToUrl("https://firefly.buudadawg.online/login"): Navigate to 'https://firefly.buudadawg.online/login' successfully

02-01-2024T22:10:25 - [MESSAGE][PASSED] - Navigate to 'https://firefly.buudadawg.online/login' successfully

02-01-2024T22:10:25 - [TEST_STEP][PASSED] - setText(findTestObject("Object Repository/Transaction/Page_Login to Firefly III/input_email"), username): Text 'killermh1352@gmail.com' is set on object 'Object Repository/Transaction/Page_Login to Firefly III/input_email'

02-01-2024T22:10:26 - [MESSAGE][PASSED] - Text 'killermh1352@gmail.com' is set on object 'Object Repository/Transaction/Page_Login to Firefly III/input_email'

02-01-2024T22:10:26 - [TEST_STEP][PASSED] - setText(findTestObject("Object Repository/Transaction/Page_Login to Firefly III/input_password"), password): Text 'tranvinhphuc2002' is set on object 'Object Repository/Transaction/Page_Login to Firefly III/input_password'

02-01-2024T22:10:27 - [MESSAGE][PASSED] - Text 'tranvinhphuc2002' is set on object 'Object Repository/Transaction/Page_Login to Firefly III/input_password'

02-01-2024T22:10:27 - [TEST_STEP][PASSED] - sendKeys(findTestObject("Object Repository/Transaction/Page_Login to Firefly III/input_password"), Keys.chord(ENTER)): Keys 'ENTER + ' sent to object: 'Object Repository/Transaction/Page_Login to Firefly III/input_password'

02-01-2024T22:10:29 - [MESSAGE][PASSED] - Keys 'ENTER + ' sent to object: 'Object Repository/Transaction/Page_Login to Firefly III/input_password'

02-01-2024T22:10:29 - [TEST_STEP][PASSED] - click(findTestObject("Object Repository/Transaction/Page_Whats playing  Firefly III/a_Transactions")): Object: 'Object Repository/Transaction/Page_Whats playing  Firefly III/a_Transactions' is clicked on

02-01-2024T22:10:30 - [MESSAGE][PASSED] - Object: 'Object Repository/Transaction/Page_Whats playing  Firefly III/a_Transactions' is clicked on

02-01-2024T22:10:30 - [TEST_STEP][PASSED] - click(findTestObject("Object Repository/Transaction/Page_Whats playing  Firefly III/a_Expenses")): Object: 'Object Repository/Transaction/Page_Whats playing  Firefly III/a_Expenses' is clicked on

02-01-2024T22:10:31 - [MESSAGE][PASSED] - Object: 'Object Repository/Transaction/Page_Whats playing  Firefly III/a_Expenses' is clicked on

02-01-2024T22:10:31 - [TEST_STEP][PASSED] - click(findTestObject("Object Repository/Transaction/Page_All expenses between January 1st, 2024_d388e7/a_Create a new transaction")): Object: 'Object Repository/Transaction/Page_All expenses between January 1st, 2024_d388e7/a_Create a new transaction' is clicked on

02-01-2024T22:10:33 - [MESSAGE][PASSED] - Object: 'Object Repository/Transaction/Page_All expenses between January 1st, 2024_d388e7/a_Create a new transaction' is clicked on

02-01-2024T22:10:33 - [TEST_STEP][PASSED] - setText(findTestObject("Transaction/Page_Create new withdrawal  Transactions  F_057ce1/input_description"), description): Text 'Auto Manufacturing' is set on object 'Object Repository/Transaction/Page_Create new withdrawal  Transactions  F_057ce1/input_description'

02-01-2024T22:10:35 - [MESSAGE][PASSED] - Text 'Auto Manufacturing' is set on object 'Object Repository/Transaction/Page_Create new withdrawal  Transactions  F_057ce1/input_description'

02-01-2024T22:10:35 - [TEST_STEP][PASSED] - setText(findTestObject("Object Repository/Transaction/Page_Create new withdrawal  Transactions  F_057ce1/input_source"), source_account, STOP_ON_FAILURE): Text 'My Asset Account' is set on object 'Object Repository/Transaction/Page_Create new withdrawal  Transactions  F_057ce1/input_source'

02-01-2024T22:10:35 - [MESSAGE][PASSED] - Text 'My Asset Account' is set on object 'Object Repository/Transaction/Page_Create new withdrawal  Transactions  F_057ce1/input_source'

02-01-2024T22:10:35 - [TEST_STEP][PASSED] - setText(findTestObject("Object Repository/Transaction/Page_Create new withdrawal  Transactions  F_057ce1/input_destination"), destination_account, STOP_ON_FAILURE): Text 'My Savings Account' is set on object 'Object Repository/Transaction/Page_Create new withdrawal  Transactions  F_057ce1/input_destination'

02-01-2024T22:10:37 - [MESSAGE][PASSED] - Text 'My Savings Account' is set on object 'Object Repository/Transaction/Page_Create new withdrawal  Transactions  F_057ce1/input_destination'

02-01-2024T22:10:37 - [TEST_STEP][PASSED] - setText(findTestObject("Transaction/Page_Create new withdrawal  Transactions  F_057ce1/input_date"), date): Text '2023-12-17T18:10' is set on object 'Object Repository/Transaction/Page_Create new withdrawal  Transactions  F_057ce1/input_date'

02-01-2024T22:10:38 - [MESSAGE][PASSED] - Text '2023-12-17T18:10' is set on object 'Object Repository/Transaction/Page_Create new withdrawal  Transactions  F_057ce1/input_date'

02-01-2024T22:10:38 - [TEST_STEP][PASSED] - setText(findTestObject("Object Repository/Transaction/Page_Create new withdrawal  Transactions  F_057ce1/input_amount"), amount): Text '7394' is set on object 'Object Repository/Transaction/Page_Create new withdrawal  Transactions  F_057ce1/input_amount'

02-01-2024T22:10:39 - [MESSAGE][PASSED] - Text '7394' is set on object 'Object Repository/Transaction/Page_Create new withdrawal  Transactions  F_057ce1/input_amount'

02-01-2024T22:10:39 - [TEST_STEP][PASSED] - if (getText(findTestObject("Object Repository/Transaction/Page_Create new withdrawal  Transactions  F_057ce1/select_foreign_currency")) == ""): Text of object 'Object Repository/Transaction/Page_Create new withdrawal  Transactions  F_057ce1/select_foreign_currency' is: 'Euro'

02-01-2024T22:10:40 - [MESSAGE][PASSED] - Text of object 'Object Repository/Transaction/Page_Create new withdrawal  Transactions  F_057ce1/select_foreign_currency' is: 'Euro'

02-01-2024T22:10:40 - [TEST_STEP][PASSED] - try: null

02-01-2024T22:10:40 - [TEST_STEP][PASSED] - waitForElementPresent(findTestObject("Object Repository/Transaction/Page_Create new withdrawal  Transactions  F_057ce1/select_budget", 1)): null

02-01-2024T22:10:40 - [TEST_STEP][PASSED] - catch (Exception err): null

02-01-2024T22:10:40 - [TEST_STEP][PASSED] - out.println("not found budget"): null

02-01-2024T22:10:40 - [TEST_STEP][PASSED] - setText(findTestObject("Object Repository/Transaction/Page_Create new withdrawal  Transactions  F_057ce1/input_category"), category): Text '' is set on object 'Object Repository/Transaction/Page_Create new withdrawal  Transactions  F_057ce1/input_category'

02-01-2024T22:10:41 - [MESSAGE][PASSED] - Text '' is set on object 'Object Repository/Transaction/Page_Create new withdrawal  Transactions  F_057ce1/input_category'

02-01-2024T22:10:41 - [TEST_STEP][PASSED] - selectOptionByValue(findTestObject("Object Repository/Transaction/Page_Create new withdrawal  Transactions  F_057ce1/select_piggy_bank"), piggy_bank, true): All options with value '46' are selected in object 'Object Repository/Transaction/Page_Create new withdrawal  Transactions  F_057ce1/select_piggy_bank'  using regular expression

02-01-2024T22:10:44 - [MESSAGE][PASSED] - All options with value '46' are selected in object 'Object Repository/Transaction/Page_Create new withdrawal  Transactions  F_057ce1/select_piggy_bank'  using regular expression

02-01-2024T22:10:44 - [TEST_STEP][PASSED] - setText(findTestObject("Object Repository/Transaction/Page_Create new withdrawal  Transactions  F_057ce1/input_ti-new-tag-input ti-valid"), tags): Text '' is set on object 'Object Repository/Transaction/Page_Create new withdrawal  Transactions  F_057ce1/input_ti-new-tag-input ti-valid'

02-01-2024T22:10:45 - [MESSAGE][PASSED] - Text '' is set on object 'Object Repository/Transaction/Page_Create new withdrawal  Transactions  F_057ce1/input_ti-new-tag-input ti-valid'

02-01-2024T22:10:45 - [TEST_STEP][PASSED] - try: All options with label 'Name' are selected in object 'Object Repository/Transaction/Page_Create new withdrawal  Transactions  F_057ce1/select_bill'  using regular expression

02-01-2024T22:10:45 - [TEST_STEP][PASSED] - waitForElementPresent(findTestObject("Object Repository/Transaction/Page_Create new withdrawal  Transactions  F_057ce1/select_bill"), 1): Object 'Object Repository/Transaction/Page_Create new withdrawal  Transactions  F_057ce1/select_bill' is present

02-01-2024T22:10:45 - [MESSAGE][PASSED] - Object 'Object Repository/Transaction/Page_Create new withdrawal  Transactions  F_057ce1/select_bill' is present

02-01-2024T22:10:45 - [TEST_STEP][PASSED] - selectOptionByLabel(findTestObject("Object Repository/Transaction/Page_Create new withdrawal  Transactions  F_057ce1/select_bill"), bill, true): All options with label 'Name' are selected in object 'Object Repository/Transaction/Page_Create new withdrawal  Transactions  F_057ce1/select_bill'  using regular expression

02-01-2024T22:10:46 - [MESSAGE][PASSED] - All options with label 'Name' are selected in object 'Object Repository/Transaction/Page_Create new withdrawal  Transactions  F_057ce1/select_bill'  using regular expression

02-01-2024T22:10:46 - [TEST_STEP][PASSED] - click(findTestObject("Object Repository/Transaction/Page_Create new withdrawal  Transactions  F_057ce1/button_Submit")): Object: 'Object Repository/Transaction/Page_Create new withdrawal  Transactions  F_057ce1/button_Submit' is clicked on

02-01-2024T22:10:47 - [MESSAGE][PASSED] - Object: 'Object Repository/Transaction/Page_Create new withdrawal  Transactions  F_057ce1/button_Submit' is clicked on

02-01-2024T22:10:47 - [TEST_STEP][PASSED] - try: null

02-01-2024T22:10:47 - [TEST_STEP][PASSED] - verifyElementPresent(findTestObject("Shared_alert/text_dangers"), 1): Object 'Object Repository/Shared_alert/text_dangers' is present

02-01-2024T22:10:47 - [MESSAGE][PASSED] - Object 'Object Repository/Shared_alert/text_dangers' is present

02-01-2024T22:10:47 - [TEST_STEP][PASSED] - verifyElementNotPresent(findTestObject("Shared_alert/success_alert"), 1): Web element with id: 'Object Repository/Shared_alert/success_alert' located by 'By.cssSelector: #app > div.content-wrapper > section.content > div' is not present after '1' second(s)

02-01-2024T22:10:47 - [MESSAGE][PASSED] - Web element with id: 'Object Repository/Shared_alert/success_alert' located by 'By.cssSelector: #app > div.content-wrapper > section.content > div' is not present after '1' second(s)

02-01-2024T22:10:47 - [TEST_STEP][PASSED] - out.println("text danger"): null

02-01-2024T22:10:47 - [TEST_STEP][PASSED] - closeBrowser(): Browser is closed

02-01-2024T22:10:48 - [MESSAGE][PASSED] - Browser is closed]]></system-out>
         <system-err><![CDATA[]]></system-err>
      </testcase>
      <testcase name="Test Cases/Transaction" time="26.543" classname="Test Cases/Transaction" status="PASSED">
         <system-out><![CDATA[02-01-2024T22:10:48 - [TEST_CASE][PASSED] - Test Cases/Transaction: Test Cases/Transaction

02-01-2024T22:10:48 - [TEST_STEP][PASSED] - openBrowser(""): Browser is opened with url: ''

02-01-2024T22:10:48 - [MESSAGE][INFO] - Starting 'Chrome' driver

02-01-2024T22:10:48 - [MESSAGE][INFO] - Action delay is set to 0 milliseconds

02-01-2024T22:10:49 - [MESSAGE][PASSED] - Browser is opened with url: ''

02-01-2024T22:10:49 - [TEST_STEP][PASSED] - navigateToUrl("https://firefly.buudadawg.online/login"): Navigate to 'https://firefly.buudadawg.online/login' successfully

02-01-2024T22:10:52 - [MESSAGE][PASSED] - Navigate to 'https://firefly.buudadawg.online/login' successfully

02-01-2024T22:10:52 - [TEST_STEP][PASSED] - setText(findTestObject("Object Repository/Transaction/Page_Login to Firefly III/input_email"), username): Text 'killermh1352@gmail.com' is set on object 'Object Repository/Transaction/Page_Login to Firefly III/input_email'

02-01-2024T22:10:54 - [MESSAGE][PASSED] - Text 'killermh1352@gmail.com' is set on object 'Object Repository/Transaction/Page_Login to Firefly III/input_email'

02-01-2024T22:10:54 - [TEST_STEP][PASSED] - setText(findTestObject("Object Repository/Transaction/Page_Login to Firefly III/input_password"), password): Text 'tranvinhphuc2002' is set on object 'Object Repository/Transaction/Page_Login to Firefly III/input_password'

02-01-2024T22:10:55 - [MESSAGE][PASSED] - Text 'tranvinhphuc2002' is set on object 'Object Repository/Transaction/Page_Login to Firefly III/input_password'

02-01-2024T22:10:55 - [TEST_STEP][PASSED] - sendKeys(findTestObject("Object Repository/Transaction/Page_Login to Firefly III/input_password"), Keys.chord(ENTER)): Keys 'ENTER + ' sent to object: 'Object Repository/Transaction/Page_Login to Firefly III/input_password'

02-01-2024T22:10:56 - [MESSAGE][PASSED] - Keys 'ENTER + ' sent to object: 'Object Repository/Transaction/Page_Login to Firefly III/input_password'

02-01-2024T22:10:56 - [TEST_STEP][PASSED] - click(findTestObject("Object Repository/Transaction/Page_Whats playing  Firefly III/a_Transactions")): Object: 'Object Repository/Transaction/Page_Whats playing  Firefly III/a_Transactions' is clicked on

02-01-2024T22:10:57 - [MESSAGE][PASSED] - Object: 'Object Repository/Transaction/Page_Whats playing  Firefly III/a_Transactions' is clicked on

02-01-2024T22:10:57 - [TEST_STEP][PASSED] - click(findTestObject("Object Repository/Transaction/Page_Whats playing  Firefly III/a_Expenses")): Object: 'Object Repository/Transaction/Page_Whats playing  Firefly III/a_Expenses' is clicked on

02-01-2024T22:10:58 - [MESSAGE][PASSED] - Object: 'Object Repository/Transaction/Page_Whats playing  Firefly III/a_Expenses' is clicked on

02-01-2024T22:10:58 - [TEST_STEP][PASSED] - click(findTestObject("Object Repository/Transaction/Page_All expenses between January 1st, 2024_d388e7/a_Create a new transaction")): Object: 'Object Repository/Transaction/Page_All expenses between January 1st, 2024_d388e7/a_Create a new transaction' is clicked on

02-01-2024T22:10:59 - [MESSAGE][PASSED] - Object: 'Object Repository/Transaction/Page_All expenses between January 1st, 2024_d388e7/a_Create a new transaction' is clicked on

02-01-2024T22:10:59 - [TEST_STEP][PASSED] - setText(findTestObject("Transaction/Page_Create new withdrawal  Transactions  F_057ce1/input_description"), description): Text 'Major Chemicals' is set on object 'Object Repository/Transaction/Page_Create new withdrawal  Transactions  F_057ce1/input_description'

02-01-2024T22:11:02 - [MESSAGE][PASSED] - Text 'Major Chemicals' is set on object 'Object Repository/Transaction/Page_Create new withdrawal  Transactions  F_057ce1/input_description'

02-01-2024T22:11:02 - [TEST_STEP][PASSED] - setText(findTestObject("Object Repository/Transaction/Page_Create new withdrawal  Transactions  F_057ce1/input_source"), source_account, STOP_ON_FAILURE): Text 'My Savings Account' is set on object 'Object Repository/Transaction/Page_Create new withdrawal  Transactions  F_057ce1/input_source'

02-01-2024T22:11:03 - [MESSAGE][PASSED] - Text 'My Savings Account' is set on object 'Object Repository/Transaction/Page_Create new withdrawal  Transactions  F_057ce1/input_source'

02-01-2024T22:11:03 - [TEST_STEP][PASSED] - setText(findTestObject("Object Repository/Transaction/Page_Create new withdrawal  Transactions  F_057ce1/input_destination"), destination_account, STOP_ON_FAILURE): Text 'My Savings Account' is set on object 'Object Repository/Transaction/Page_Create new withdrawal  Transactions  F_057ce1/input_destination'

02-01-2024T22:11:05 - [MESSAGE][PASSED] - Text 'My Savings Account' is set on object 'Object Repository/Transaction/Page_Create new withdrawal  Transactions  F_057ce1/input_destination'

02-01-2024T22:11:05 - [TEST_STEP][PASSED] - setText(findTestObject("Transaction/Page_Create new withdrawal  Transactions  F_057ce1/input_date"), date): Text '2023-04-26T16:53' is set on object 'Object Repository/Transaction/Page_Create new withdrawal  Transactions  F_057ce1/input_date'

02-01-2024T22:11:06 - [MESSAGE][PASSED] - Text '2023-04-26T16:53' is set on object 'Object Repository/Transaction/Page_Create new withdrawal  Transactions  F_057ce1/input_date'

02-01-2024T22:11:06 - [TEST_STEP][PASSED] - setText(findTestObject("Object Repository/Transaction/Page_Create new withdrawal  Transactions  F_057ce1/input_amount"), amount): Text '8704' is set on object 'Object Repository/Transaction/Page_Create new withdrawal  Transactions  F_057ce1/input_amount'

02-01-2024T22:11:07 - [MESSAGE][PASSED] - Text '8704' is set on object 'Object Repository/Transaction/Page_Create new withdrawal  Transactions  F_057ce1/input_amount'

02-01-2024T22:11:07 - [TEST_STEP][PASSED] - if (getText(findTestObject("Object Repository/Transaction/Page_Create new withdrawal  Transactions  F_057ce1/select_foreign_currency")) == ""): Text of object 'Object Repository/Transaction/Page_Create new withdrawal  Transactions  F_057ce1/select_foreign_currency' is: 'Euro'

02-01-2024T22:11:07 - [MESSAGE][PASSED] - Text of object 'Object Repository/Transaction/Page_Create new withdrawal  Transactions  F_057ce1/select_foreign_currency' is: 'Euro'

02-01-2024T22:11:07 - [TEST_STEP][PASSED] - try: null

02-01-2024T22:11:07 - [TEST_STEP][PASSED] - waitForElementPresent(findTestObject("Object Repository/Transaction/Page_Create new withdrawal  Transactions  F_057ce1/select_budget", 1)): null

02-01-2024T22:11:07 - [TEST_STEP][PASSED] - catch (Exception err): null

02-01-2024T22:11:07 - [TEST_STEP][PASSED] - out.println("not found budget"): null

02-01-2024T22:11:07 - [TEST_STEP][PASSED] - setText(findTestObject("Object Repository/Transaction/Page_Create new withdrawal  Transactions  F_057ce1/input_category"), category): Text '' is set on object 'Object Repository/Transaction/Page_Create new withdrawal  Transactions  F_057ce1/input_category'

02-01-2024T22:11:08 - [MESSAGE][PASSED] - Text '' is set on object 'Object Repository/Transaction/Page_Create new withdrawal  Transactions  F_057ce1/input_category'

02-01-2024T22:11:08 - [TEST_STEP][PASSED] - selectOptionByValue(findTestObject("Object Repository/Transaction/Page_Create new withdrawal  Transactions  F_057ce1/select_piggy_bank"), piggy_bank, true): All options with value '0' are selected in object 'Object Repository/Transaction/Page_Create new withdrawal  Transactions  F_057ce1/select_piggy_bank'  using regular expression

02-01-2024T22:11:10 - [MESSAGE][PASSED] - All options with value '0' are selected in object 'Object Repository/Transaction/Page_Create new withdrawal  Transactions  F_057ce1/select_piggy_bank'  using regular expression

02-01-2024T22:11:10 - [TEST_STEP][PASSED] - setText(findTestObject("Object Repository/Transaction/Page_Create new withdrawal  Transactions  F_057ce1/input_ti-new-tag-input ti-valid"), tags): Text 'Russian Prince' is set on object 'Object Repository/Transaction/Page_Create new withdrawal  Transactions  F_057ce1/input_ti-new-tag-input ti-valid'

02-01-2024T22:11:11 - [MESSAGE][PASSED] - Text 'Russian Prince' is set on object 'Object Repository/Transaction/Page_Create new withdrawal  Transactions  F_057ce1/input_ti-new-tag-input ti-valid'

02-01-2024T22:11:11 - [TEST_STEP][PASSED] - try: All options with label 'Name' are selected in object 'Object Repository/Transaction/Page_Create new withdrawal  Transactions  F_057ce1/select_bill'  using regular expression

02-01-2024T22:11:11 - [TEST_STEP][PASSED] - waitForElementPresent(findTestObject("Object Repository/Transaction/Page_Create new withdrawal  Transactions  F_057ce1/select_bill"), 1): Object 'Object Repository/Transaction/Page_Create new withdrawal  Transactions  F_057ce1/select_bill' is present

02-01-2024T22:11:11 - [MESSAGE][PASSED] - Object 'Object Repository/Transaction/Page_Create new withdrawal  Transactions  F_057ce1/select_bill' is present

02-01-2024T22:11:11 - [TEST_STEP][PASSED] - selectOptionByLabel(findTestObject("Object Repository/Transaction/Page_Create new withdrawal  Transactions  F_057ce1/select_bill"), bill, true): All options with label 'Name' are selected in object 'Object Repository/Transaction/Page_Create new withdrawal  Transactions  F_057ce1/select_bill'  using regular expression

02-01-2024T22:11:12 - [MESSAGE][PASSED] - All options with label 'Name' are selected in object 'Object Repository/Transaction/Page_Create new withdrawal  Transactions  F_057ce1/select_bill'  using regular expression

02-01-2024T22:11:12 - [TEST_STEP][PASSED] - click(findTestObject("Object Repository/Transaction/Page_Create new withdrawal  Transactions  F_057ce1/button_Submit")): Object: 'Object Repository/Transaction/Page_Create new withdrawal  Transactions  F_057ce1/button_Submit' is clicked on

02-01-2024T22:11:13 - [MESSAGE][PASSED] - Object: 'Object Repository/Transaction/Page_Create new withdrawal  Transactions  F_057ce1/button_Submit' is clicked on

02-01-2024T22:11:13 - [TEST_STEP][PASSED] - try: null

02-01-2024T22:11:13 - [TEST_STEP][PASSED] - verifyElementPresent(findTestObject("Shared_alert/text_dangers"), 1): Object 'Object Repository/Shared_alert/text_dangers' is present

02-01-2024T22:11:14 - [MESSAGE][PASSED] - Object 'Object Repository/Shared_alert/text_dangers' is present

02-01-2024T22:11:14 - [TEST_STEP][PASSED] - verifyElementNotPresent(findTestObject("Shared_alert/success_alert"), 1): Web element with id: 'Object Repository/Shared_alert/success_alert' located by 'By.cssSelector: #app > div.content-wrapper > section.content > div' is not present after '1' second(s)

02-01-2024T22:11:14 - [MESSAGE][PASSED] - Web element with id: 'Object Repository/Shared_alert/success_alert' located by 'By.cssSelector: #app > div.content-wrapper > section.content > div' is not present after '1' second(s)

02-01-2024T22:11:14 - [TEST_STEP][PASSED] - out.println("text danger"): null

02-01-2024T22:11:14 - [TEST_STEP][PASSED] - closeBrowser(): Browser is closed

02-01-2024T22:11:14 - [MESSAGE][PASSED] - Browser is closed]]></system-out>
         <system-err><![CDATA[]]></system-err>
      </testcase>
      <testcase name="Test Cases/Transaction" time="26.006" classname="Test Cases/Transaction" status="PASSED">
         <system-out><![CDATA[02-01-2024T22:11:15 - [TEST_CASE][PASSED] - Test Cases/Transaction: Test Cases/Transaction

02-01-2024T22:11:15 - [TEST_STEP][PASSED] - openBrowser(""): Browser is opened with url: ''

02-01-2024T22:11:15 - [MESSAGE][INFO] - Starting 'Chrome' driver

02-01-2024T22:11:15 - [MESSAGE][INFO] - Action delay is set to 0 milliseconds

02-01-2024T22:11:16 - [MESSAGE][PASSED] - Browser is opened with url: ''

02-01-2024T22:11:16 - [TEST_STEP][PASSED] - navigateToUrl("https://firefly.buudadawg.online/login"): Navigate to 'https://firefly.buudadawg.online/login' successfully

02-01-2024T22:11:19 - [MESSAGE][PASSED] - Navigate to 'https://firefly.buudadawg.online/login' successfully

02-01-2024T22:11:19 - [TEST_STEP][PASSED] - setText(findTestObject("Object Repository/Transaction/Page_Login to Firefly III/input_email"), username): Text 'killermh1352@gmail.com' is set on object 'Object Repository/Transaction/Page_Login to Firefly III/input_email'

02-01-2024T22:11:20 - [MESSAGE][PASSED] - Text 'killermh1352@gmail.com' is set on object 'Object Repository/Transaction/Page_Login to Firefly III/input_email'

02-01-2024T22:11:20 - [TEST_STEP][PASSED] - setText(findTestObject("Object Repository/Transaction/Page_Login to Firefly III/input_password"), password): Text 'tranvinhphuc2002' is set on object 'Object Repository/Transaction/Page_Login to Firefly III/input_password'

02-01-2024T22:11:21 - [MESSAGE][PASSED] - Text 'tranvinhphuc2002' is set on object 'Object Repository/Transaction/Page_Login to Firefly III/input_password'

02-01-2024T22:11:21 - [TEST_STEP][PASSED] - sendKeys(findTestObject("Object Repository/Transaction/Page_Login to Firefly III/input_password"), Keys.chord(ENTER)): Keys 'ENTER + ' sent to object: 'Object Repository/Transaction/Page_Login to Firefly III/input_password'

02-01-2024T22:11:22 - [MESSAGE][PASSED] - Keys 'ENTER + ' sent to object: 'Object Repository/Transaction/Page_Login to Firefly III/input_password'

02-01-2024T22:11:22 - [TEST_STEP][PASSED] - click(findTestObject("Object Repository/Transaction/Page_Whats playing  Firefly III/a_Transactions")): Object: 'Object Repository/Transaction/Page_Whats playing  Firefly III/a_Transactions' is clicked on

02-01-2024T22:11:23 - [MESSAGE][PASSED] - Object: 'Object Repository/Transaction/Page_Whats playing  Firefly III/a_Transactions' is clicked on

02-01-2024T22:11:23 - [TEST_STEP][PASSED] - click(findTestObject("Object Repository/Transaction/Page_Whats playing  Firefly III/a_Expenses")): Object: 'Object Repository/Transaction/Page_Whats playing  Firefly III/a_Expenses' is clicked on

02-01-2024T22:11:24 - [MESSAGE][PASSED] - Object: 'Object Repository/Transaction/Page_Whats playing  Firefly III/a_Expenses' is clicked on

02-01-2024T22:11:24 - [TEST_STEP][PASSED] - click(findTestObject("Object Repository/Transaction/Page_All expenses between January 1st, 2024_d388e7/a_Create a new transaction")): Object: 'Object Repository/Transaction/Page_All expenses between January 1st, 2024_d388e7/a_Create a new transaction' is clicked on

02-01-2024T22:11:26 - [MESSAGE][PASSED] - Object: 'Object Repository/Transaction/Page_All expenses between January 1st, 2024_d388e7/a_Create a new transaction' is clicked on

02-01-2024T22:11:26 - [TEST_STEP][PASSED] - setText(findTestObject("Transaction/Page_Create new withdrawal  Transactions  F_057ce1/input_description"), description): Text 'n/a' is set on object 'Object Repository/Transaction/Page_Create new withdrawal  Transactions  F_057ce1/input_description'

02-01-2024T22:11:28 - [MESSAGE][PASSED] - Text 'n/a' is set on object 'Object Repository/Transaction/Page_Create new withdrawal  Transactions  F_057ce1/input_description'

02-01-2024T22:11:28 - [TEST_STEP][PASSED] - setText(findTestObject("Object Repository/Transaction/Page_Create new withdrawal  Transactions  F_057ce1/input_source"), source_account, STOP_ON_FAILURE): Text 'My Asset Account' is set on object 'Object Repository/Transaction/Page_Create new withdrawal  Transactions  F_057ce1/input_source'

02-01-2024T22:11:29 - [MESSAGE][PASSED] - Text 'My Asset Account' is set on object 'Object Repository/Transaction/Page_Create new withdrawal  Transactions  F_057ce1/input_source'

02-01-2024T22:11:29 - [TEST_STEP][PASSED] - setText(findTestObject("Object Repository/Transaction/Page_Create new withdrawal  Transactions  F_057ce1/input_destination"), destination_account, STOP_ON_FAILURE): Text 'My Expense Account' is set on object 'Object Repository/Transaction/Page_Create new withdrawal  Transactions  F_057ce1/input_destination'

02-01-2024T22:11:30 - [MESSAGE][PASSED] - Text 'My Expense Account' is set on object 'Object Repository/Transaction/Page_Create new withdrawal  Transactions  F_057ce1/input_destination'

02-01-2024T22:11:30 - [TEST_STEP][PASSED] - setText(findTestObject("Transaction/Page_Create new withdrawal  Transactions  F_057ce1/input_date"), date): Text '2023-06-17T18:57' is set on object 'Object Repository/Transaction/Page_Create new withdrawal  Transactions  F_057ce1/input_date'

02-01-2024T22:11:32 - [MESSAGE][PASSED] - Text '2023-06-17T18:57' is set on object 'Object Repository/Transaction/Page_Create new withdrawal  Transactions  F_057ce1/input_date'

02-01-2024T22:11:32 - [TEST_STEP][PASSED] - setText(findTestObject("Object Repository/Transaction/Page_Create new withdrawal  Transactions  F_057ce1/input_amount"), amount): Text '3360' is set on object 'Object Repository/Transaction/Page_Create new withdrawal  Transactions  F_057ce1/input_amount'

02-01-2024T22:11:33 - [MESSAGE][PASSED] - Text '3360' is set on object 'Object Repository/Transaction/Page_Create new withdrawal  Transactions  F_057ce1/input_amount'

02-01-2024T22:11:33 - [TEST_STEP][PASSED] - if (getText(findTestObject("Object Repository/Transaction/Page_Create new withdrawal  Transactions  F_057ce1/select_foreign_currency")) == ""): Text of object 'Object Repository/Transaction/Page_Create new withdrawal  Transactions  F_057ce1/select_foreign_currency' is: 'Euro'

02-01-2024T22:11:33 - [MESSAGE][PASSED] - Text of object 'Object Repository/Transaction/Page_Create new withdrawal  Transactions  F_057ce1/select_foreign_currency' is: 'Euro'

02-01-2024T22:11:33 - [TEST_STEP][PASSED] - try: null

02-01-2024T22:11:33 - [TEST_STEP][PASSED] - waitForElementPresent(findTestObject("Object Repository/Transaction/Page_Create new withdrawal  Transactions  F_057ce1/select_budget", 1)): null

02-01-2024T22:11:33 - [TEST_STEP][PASSED] - catch (Exception err): null

02-01-2024T22:11:33 - [TEST_STEP][PASSED] - out.println("not found budget"): null

02-01-2024T22:11:33 - [TEST_STEP][PASSED] - setText(findTestObject("Object Repository/Transaction/Page_Create new withdrawal  Transactions  F_057ce1/input_category"), category): Text '' is set on object 'Object Repository/Transaction/Page_Create new withdrawal  Transactions  F_057ce1/input_category'

02-01-2024T22:11:34 - [MESSAGE][PASSED] - Text '' is set on object 'Object Repository/Transaction/Page_Create new withdrawal  Transactions  F_057ce1/input_category'

02-01-2024T22:11:34 - [TEST_STEP][PASSED] - selectOptionByValue(findTestObject("Object Repository/Transaction/Page_Create new withdrawal  Transactions  F_057ce1/select_piggy_bank"), piggy_bank, true): All options with value '46' are selected in object 'Object Repository/Transaction/Page_Create new withdrawal  Transactions  F_057ce1/select_piggy_bank'  using regular expression

02-01-2024T22:11:37 - [MESSAGE][PASSED] - All options with value '46' are selected in object 'Object Repository/Transaction/Page_Create new withdrawal  Transactions  F_057ce1/select_piggy_bank'  using regular expression

02-01-2024T22:11:37 - [TEST_STEP][PASSED] - setText(findTestObject("Object Repository/Transaction/Page_Create new withdrawal  Transactions  F_057ce1/input_ti-new-tag-input ti-valid"), tags): Text '' is set on object 'Object Repository/Transaction/Page_Create new withdrawal  Transactions  F_057ce1/input_ti-new-tag-input ti-valid'

02-01-2024T22:11:38 - [MESSAGE][PASSED] - Text '' is set on object 'Object Repository/Transaction/Page_Create new withdrawal  Transactions  F_057ce1/input_ti-new-tag-input ti-valid'

02-01-2024T22:11:38 - [TEST_STEP][FAILED] - try: Unable to select option by label '(none)' of object 'Object Repository/Transaction/Page_Create new withdrawal  Transactions  F_057ce1/select_bill'  using regular expression (Root cause: com.kms.katalon.core.exception.StepFailedException: Unable to select option by label '(none)' of object 'Object Repository/Transaction/Page_Create new withdrawal  Transactions  F_057ce1/select_bill'  using regular expression
	at com.kms.katalon.core.webui.keyword.internal.WebUIKeywordMain.stepFailed(WebUIKeywordMain.groovy:64)
	at com.kms.katalon.core.webui.keyword.internal.WebUIKeywordMain.runKeyword(WebUIKeywordMain.groovy:26)
	at com.kms.katalon.core.webui.keyword.builtin.SelectOptionByLabelKeyword.selectOptionByLabel(SelectOptionByLabelKeyword.groovy:98)
	at com.kms.katalon.core.webui.keyword.builtin.SelectOptionByLabelKeyword.execute(SelectOptionByLabelKeyword.groovy:71)
	at com.kms.katalon.core.keyword.internal.KeywordExecutor.executeKeywordForPlatform(KeywordExecutor.groovy:74)
	at com.kms.katalon.core.webui.keyword.WebUiBuiltInKeywords.selectOptionByLabel(WebUiBuiltInKeywords.groovy:1269)
	at Transaction.run(Transaction:76)
	at com.kms.katalon.core.main.ScriptEngine.run(ScriptEngine.java:194)
	at com.kms.katalon.core.main.ScriptEngine.runScriptAsRawText(ScriptEngine.java:119)
	at com.kms.katalon.core.main.TestCaseExecutor.runScript(TestCaseExecutor.java:448)
	at com.kms.katalon.core.main.TestCaseExecutor.doExecute(TestCaseExecutor.java:439)
	at com.kms.katalon.core.main.TestCaseExecutor.processExecutionPhase(TestCaseExecutor.java:418)
	at com.kms.katalon.core.main.TestCaseExecutor.accessMainPhase(TestCaseExecutor.java:410)
	at com.kms.katalon.core.main.TestCaseExecutor.execute(TestCaseExecutor.java:285)
	at com.kms.katalon.core.common.CommonExecutor.accessTestCaseMainPhase(CommonExecutor.java:65)
	at com.kms.katalon.core.main.TestSuiteExecutor.accessTestSuiteMainPhase(TestSuiteExecutor.java:148)
	at com.kms.katalon.core.main.TestSuiteExecutor.execute(TestSuiteExecutor.java:106)
	at com.kms.katalon.core.main.TestCaseMain.startTestSuite(TestCaseMain.java:180)
	at TempTestSuite1704208108899.run(TempTestSuite1704208108899.groovy:36)
	at java.base/jdk.internal.reflect.NativeMethodAccessorImpl.invoke0(Native Method)
	at java.base/jdk.internal.reflect.NativeMethodAccessorImpl.invoke(NativeMethodAccessorImpl.java:77)
	at java.base/jdk.internal.reflect.DelegatingMethodAccessorImpl.invoke(DelegatingMethodAccessorImpl.java:43)
Caused by: com.kms.katalon.core.exception.StepFailedException: No option matched.
	at com.kms.katalon.core.keyword.internal.KeywordMain.stepFailed(KeywordMain.groovy:51)
	at com.kms.katalon.core.keyword.internal.KeywordMain.stepFailed(KeywordMain.groovy)
	at com.kms.katalon.core.keyword.internal.KeywordMain.stepFailed(KeywordMain.groovy:23)
	at com.kms.katalon.core.webui.keyword.builtin.SelectOptionByLabelKeyword$_selectOptionByLabel_closure1.doCall(SelectOptionByLabelKeyword.groovy:91)
	at com.kms.katalon.core.webui.keyword.builtin.SelectOptionByLabelKeyword$_selectOptionByLabel_closure1.call(SelectOptionByLabelKeyword.groovy)
	at com.kms.katalon.core.webui.keyword.internal.WebUIKeywordMain.runKeyword(WebUIKeywordMain.groovy:20)
	at com.kms.katalon.core.webui.keyword.builtin.SelectOptionByLabelKeyword.selectOptionByLabel(SelectOptionByLabelKeyword.groovy:98)
	at com.kms.katalon.core.webui.keyword.builtin.SelectOptionByLabelKeyword.execute(SelectOptionByLabelKeyword.groovy:71)
	at com.kms.katalon.core.keyword.internal.KeywordExecutor.executeKeywordForPlatform(KeywordExecutor.groovy:74)
	at com.kms.katalon.core.webui.keyword.WebUiBuiltInKeywords.selectOptionByLabel(WebUiBuiltInKeywords.groovy:1269)
	at Script1704099170054.run(Script1704099170054.groovy:76)
	... 15 more
)

02-01-2024T22:11:38 - [TEST_STEP][PASSED] - waitForElementPresent(findTestObject("Object Repository/Transaction/Page_Create new withdrawal  Transactions  F_057ce1/select_bill"), 1): Object 'Object Repository/Transaction/Page_Create new withdrawal  Transactions  F_057ce1/select_bill' is present

02-01-2024T22:11:38 - [MESSAGE][PASSED] - Object 'Object Repository/Transaction/Page_Create new withdrawal  Transactions  F_057ce1/select_bill' is present

02-01-2024T22:11:38 - [TEST_STEP][FAILED] - selectOptionByLabel(findTestObject("Object Repository/Transaction/Page_Create new withdrawal  Transactions  F_057ce1/select_bill"), bill, true): Unable to select option by label '(none)' of object 'Object Repository/Transaction/Page_Create new withdrawal  Transactions  F_057ce1/select_bill'  using regular expression (Root cause: com.kms.katalon.core.exception.StepFailedException: Unable to select option by label '(none)' of object 'Object Repository/Transaction/Page_Create new withdrawal  Transactions  F_057ce1/select_bill'  using regular expression
	at com.kms.katalon.core.webui.keyword.internal.WebUIKeywordMain.stepFailed(WebUIKeywordMain.groovy:64)
	at com.kms.katalon.core.webui.keyword.internal.WebUIKeywordMain.runKeyword(WebUIKeywordMain.groovy:26)
	at com.kms.katalon.core.webui.keyword.builtin.SelectOptionByLabelKeyword.selectOptionByLabel(SelectOptionByLabelKeyword.groovy:98)
	at com.kms.katalon.core.webui.keyword.builtin.SelectOptionByLabelKeyword.execute(SelectOptionByLabelKeyword.groovy:71)
	at com.kms.katalon.core.keyword.internal.KeywordExecutor.executeKeywordForPlatform(KeywordExecutor.groovy:74)
	at com.kms.katalon.core.webui.keyword.WebUiBuiltInKeywords.selectOptionByLabel(WebUiBuiltInKeywords.groovy:1269)
	at Transaction.run(Transaction:76)
	at com.kms.katalon.core.main.ScriptEngine.run(ScriptEngine.java:194)
	at com.kms.katalon.core.main.ScriptEngine.runScriptAsRawText(ScriptEngine.java:119)
	at com.kms.katalon.core.main.TestCaseExecutor.runScript(TestCaseExecutor.java:448)
	at com.kms.katalon.core.main.TestCaseExecutor.doExecute(TestCaseExecutor.java:439)
	at com.kms.katalon.core.main.TestCaseExecutor.processExecutionPhase(TestCaseExecutor.java:418)
	at com.kms.katalon.core.main.TestCaseExecutor.accessMainPhase(TestCaseExecutor.java:410)
	at com.kms.katalon.core.main.TestCaseExecutor.execute(TestCaseExecutor.java:285)
	at com.kms.katalon.core.common.CommonExecutor.accessTestCaseMainPhase(CommonExecutor.java:65)
	at com.kms.katalon.core.main.TestSuiteExecutor.accessTestSuiteMainPhase(TestSuiteExecutor.java:148)
	at com.kms.katalon.core.main.TestSuiteExecutor.execute(TestSuiteExecutor.java:106)
	at com.kms.katalon.core.main.TestCaseMain.startTestSuite(TestCaseMain.java:180)
	at TempTestSuite1704208108899.run(TempTestSuite1704208108899.groovy:36)
	at java.base/jdk.internal.reflect.NativeMethodAccessorImpl.invoke0(Native Method)
	at java.base/jdk.internal.reflect.NativeMethodAccessorImpl.invoke(NativeMethodAccessorImpl.java:77)
	at java.base/jdk.internal.reflect.DelegatingMethodAccessorImpl.invoke(DelegatingMethodAccessorImpl.java:43)
Caused by: com.kms.katalon.core.exception.StepFailedException: No option matched.
	at com.kms.katalon.core.keyword.internal.KeywordMain.stepFailed(KeywordMain.groovy:51)
	at com.kms.katalon.core.keyword.internal.KeywordMain.stepFailed(KeywordMain.groovy)
	at com.kms.katalon.core.keyword.internal.KeywordMain.stepFailed(KeywordMain.groovy:23)
	at com.kms.katalon.core.webui.keyword.builtin.SelectOptionByLabelKeyword$_selectOptionByLabel_closure1.doCall(SelectOptionByLabelKeyword.groovy:91)
	at com.kms.katalon.core.webui.keyword.builtin.SelectOptionByLabelKeyword$_selectOptionByLabel_closure1.call(SelectOptionByLabelKeyword.groovy)
	at com.kms.katalon.core.webui.keyword.internal.WebUIKeywordMain.runKeyword(WebUIKeywordMain.groovy:20)
	at com.kms.katalon.core.webui.keyword.builtin.SelectOptionByLabelKeyword.selectOptionByLabel(SelectOptionByLabelKeyword.groovy:98)
	at com.kms.katalon.core.webui.keyword.builtin.SelectOptionByLabelKeyword.execute(SelectOptionByLabelKeyword.groovy:71)
	at com.kms.katalon.core.keyword.internal.KeywordExecutor.executeKeywordForPlatform(KeywordExecutor.groovy:74)
	at com.kms.katalon.core.webui.keyword.WebUiBuiltInKeywords.selectOptionByLabel(WebUiBuiltInKeywords.groovy:1269)
	at Script1704099170054.run(Script1704099170054.groovy:76)
	... 15 more
)

02-01-2024T22:11:39 - [MESSAGE][FAILED] - No option matched.

02-01-2024T22:11:39 - [MESSAGE][FAILED] - Unable to select option by label '(none)' of object 'Object Repository/Transaction/Page_Create new withdrawal  Transactions  F_057ce1/select_bill'  using regular expression (Root cause: com.kms.katalon.core.exception.StepFailedException: Unable to select option by label '(none)' of object 'Object Repository/Transaction/Page_Create new withdrawal  Transactions  F_057ce1/select_bill'  using regular expression
	at com.kms.katalon.core.webui.keyword.internal.WebUIKeywordMain.stepFailed(WebUIKeywordMain.groovy:64)
	at com.kms.katalon.core.webui.keyword.internal.WebUIKeywordMain.runKeyword(WebUIKeywordMain.groovy:26)
	at com.kms.katalon.core.webui.keyword.builtin.SelectOptionByLabelKeyword.selectOptionByLabel(SelectOptionByLabelKeyword.groovy:98)
	at com.kms.katalon.core.webui.keyword.builtin.SelectOptionByLabelKeyword.execute(SelectOptionByLabelKeyword.groovy:71)
	at com.kms.katalon.core.keyword.internal.KeywordExecutor.executeKeywordForPlatform(KeywordExecutor.groovy:74)
	at com.kms.katalon.core.webui.keyword.WebUiBuiltInKeywords.selectOptionByLabel(WebUiBuiltInKeywords.groovy:1269)
	at Transaction.run(Transaction:76)
	at com.kms.katalon.core.main.ScriptEngine.run(ScriptEngine.java:194)
	at com.kms.katalon.core.main.ScriptEngine.runScriptAsRawText(ScriptEngine.java:119)
	at com.kms.katalon.core.main.TestCaseExecutor.runScript(TestCaseExecutor.java:448)
	at com.kms.katalon.core.main.TestCaseExecutor.doExecute(TestCaseExecutor.java:439)
	at com.kms.katalon.core.main.TestCaseExecutor.processExecutionPhase(TestCaseExecutor.java:418)
	at com.kms.katalon.core.main.TestCaseExecutor.accessMainPhase(TestCaseExecutor.java:410)
	at com.kms.katalon.core.main.TestCaseExecutor.execute(TestCaseExecutor.java:285)
	at com.kms.katalon.core.common.CommonExecutor.accessTestCaseMainPhase(CommonExecutor.java:65)
	at com.kms.katalon.core.main.TestSuiteExecutor.accessTestSuiteMainPhase(TestSuiteExecutor.java:148)
	at com.kms.katalon.core.main.TestSuiteExecutor.execute(TestSuiteExecutor.java:106)
	at com.kms.katalon.core.main.TestCaseMain.startTestSuite(TestCaseMain.java:180)
	at TempTestSuite1704208108899.run(TempTestSuite1704208108899.groovy:36)
	at java.base/jdk.internal.reflect.NativeMethodAccessorImpl.invoke0(Native Method)
	at java.base/jdk.internal.reflect.NativeMethodAccessorImpl.invoke(NativeMethodAccessorImpl.java:77)
	at java.base/jdk.internal.reflect.DelegatingMethodAccessorImpl.invoke(DelegatingMethodAccessorImpl.java:43)
Caused by: com.kms.katalon.core.exception.StepFailedException: No option matched.
	at com.kms.katalon.core.keyword.internal.KeywordMain.stepFailed(KeywordMain.groovy:51)
	at com.kms.katalon.core.keyword.internal.KeywordMain.stepFailed(KeywordMain.groovy)
	at com.kms.katalon.core.keyword.internal.KeywordMain.stepFailed(KeywordMain.groovy:23)
	at com.kms.katalon.core.webui.keyword.builtin.SelectOptionByLabelKeyword$_selectOptionByLabel_closure1.doCall(SelectOptionByLabelKeyword.groovy:91)
	at com.kms.katalon.core.webui.keyword.builtin.SelectOptionByLabelKeyword$_selectOptionByLabel_closure1.call(SelectOptionByLabelKeyword.groovy)
	at com.kms.katalon.core.webui.keyword.internal.WebUIKeywordMain.runKeyword(WebUIKeywordMain.groovy:20)
	at com.kms.katalon.core.webui.keyword.builtin.SelectOptionByLabelKeyword.selectOptionByLabel(SelectOptionByLabelKeyword.groovy:98)
	at com.kms.katalon.core.webui.keyword.builtin.SelectOptionByLabelKeyword.execute(SelectOptionByLabelKeyword.groovy:71)
	at com.kms.katalon.core.keyword.internal.KeywordExecutor.executeKeywordForPlatform(KeywordExecutor.groovy:74)
	at com.kms.katalon.core.webui.keyword.WebUiBuiltInKeywords.selectOptionByLabel(WebUiBuiltInKeywords.groovy:1269)
	at Script1704099170054.run(Script1704099170054.groovy:76)
	... 15 more
)
[[ATTACHMENT|C:\\Users\\MODERN 15\\git\\G1_Firefly_testing\\Reports\\20240102_220828\\Transaction\\20240102_220828\\1704208299213.png]]

02-01-2024T22:11:39 - [TEST_STEP][PASSED] - catch (Exception err): null

02-01-2024T22:11:39 - [TEST_STEP][PASSED] - out.println("not found bill"): null

02-01-2024T22:11:39 - [TEST_STEP][PASSED] - click(findTestObject("Object Repository/Transaction/Page_Create new withdrawal  Transactions  F_057ce1/button_Submit")): Object: 'Object Repository/Transaction/Page_Create new withdrawal  Transactions  F_057ce1/button_Submit' is clicked on

02-01-2024T22:11:39 - [MESSAGE][PASSED] - Object: 'Object Repository/Transaction/Page_Create new withdrawal  Transactions  F_057ce1/button_Submit' is clicked on

02-01-2024T22:11:39 - [TEST_STEP][PASSED] - try: null

02-01-2024T22:11:39 - [TEST_STEP][PASSED] - verifyElementPresent(findTestObject("Shared_alert/text_dangers"), 1): Object 'Object Repository/Shared_alert/text_dangers' is present

02-01-2024T22:11:40 - [MESSAGE][PASSED] - Object 'Object Repository/Shared_alert/text_dangers' is present

02-01-2024T22:11:40 - [TEST_STEP][PASSED] - verifyElementNotPresent(findTestObject("Shared_alert/success_alert"), 1): Web element with id: 'Object Repository/Shared_alert/success_alert' located by 'By.cssSelector: #app > div.content-wrapper > section.content > div' is not present after '1' second(s)

02-01-2024T22:11:40 - [MESSAGE][PASSED] - Web element with id: 'Object Repository/Shared_alert/success_alert' located by 'By.cssSelector: #app > div.content-wrapper > section.content > div' is not present after '1' second(s)

02-01-2024T22:11:40 - [TEST_STEP][PASSED] - out.println("text danger"): null

02-01-2024T22:11:40 - [TEST_STEP][PASSED] - closeBrowser(): Browser is closed

02-01-2024T22:11:41 - [MESSAGE][PASSED] - Browser is closed]]></system-out>
         <system-err><![CDATA[]]></system-err>
      </testcase>
      <testcase name="Test Cases/Transaction" time="25.51" classname="Test Cases/Transaction" status="PASSED">
         <system-out><![CDATA[02-01-2024T22:11:41 - [TEST_CASE][PASSED] - Test Cases/Transaction: Test Cases/Transaction

02-01-2024T22:11:41 - [TEST_STEP][PASSED] - openBrowser(""): Browser is opened with url: ''

02-01-2024T22:11:41 - [MESSAGE][INFO] - Starting 'Chrome' driver

02-01-2024T22:11:41 - [MESSAGE][INFO] - Action delay is set to 0 milliseconds

02-01-2024T22:11:42 - [MESSAGE][PASSED] - Browser is opened with url: ''

02-01-2024T22:11:42 - [TEST_STEP][PASSED] - navigateToUrl("https://firefly.buudadawg.online/login"): Navigate to 'https://firefly.buudadawg.online/login' successfully

02-01-2024T22:11:45 - [MESSAGE][PASSED] - Navigate to 'https://firefly.buudadawg.online/login' successfully

02-01-2024T22:11:45 - [TEST_STEP][PASSED] - setText(findTestObject("Object Repository/Transaction/Page_Login to Firefly III/input_email"), username): Text 'killermh1352@gmail.com' is set on object 'Object Repository/Transaction/Page_Login to Firefly III/input_email'

02-01-2024T22:11:46 - [MESSAGE][PASSED] - Text 'killermh1352@gmail.com' is set on object 'Object Repository/Transaction/Page_Login to Firefly III/input_email'

02-01-2024T22:11:46 - [TEST_STEP][PASSED] - setText(findTestObject("Object Repository/Transaction/Page_Login to Firefly III/input_password"), password): Text 'tranvinhphuc2002' is set on object 'Object Repository/Transaction/Page_Login to Firefly III/input_password'

02-01-2024T22:11:47 - [MESSAGE][PASSED] - Text 'tranvinhphuc2002' is set on object 'Object Repository/Transaction/Page_Login to Firefly III/input_password'

02-01-2024T22:11:47 - [TEST_STEP][PASSED] - sendKeys(findTestObject("Object Repository/Transaction/Page_Login to Firefly III/input_password"), Keys.chord(ENTER)): Keys 'ENTER + ' sent to object: 'Object Repository/Transaction/Page_Login to Firefly III/input_password'

02-01-2024T22:11:48 - [MESSAGE][PASSED] - Keys 'ENTER + ' sent to object: 'Object Repository/Transaction/Page_Login to Firefly III/input_password'

02-01-2024T22:11:48 - [TEST_STEP][PASSED] - click(findTestObject("Object Repository/Transaction/Page_Whats playing  Firefly III/a_Transactions")): Object: 'Object Repository/Transaction/Page_Whats playing  Firefly III/a_Transactions' is clicked on

02-01-2024T22:11:50 - [MESSAGE][PASSED] - Object: 'Object Repository/Transaction/Page_Whats playing  Firefly III/a_Transactions' is clicked on

02-01-2024T22:11:50 - [TEST_STEP][PASSED] - click(findTestObject("Object Repository/Transaction/Page_Whats playing  Firefly III/a_Expenses")): Object: 'Object Repository/Transaction/Page_Whats playing  Firefly III/a_Expenses' is clicked on

02-01-2024T22:11:51 - [MESSAGE][PASSED] - Object: 'Object Repository/Transaction/Page_Whats playing  Firefly III/a_Expenses' is clicked on

02-01-2024T22:11:51 - [TEST_STEP][PASSED] - click(findTestObject("Object Repository/Transaction/Page_All expenses between January 1st, 2024_d388e7/a_Create a new transaction")): Object: 'Object Repository/Transaction/Page_All expenses between January 1st, 2024_d388e7/a_Create a new transaction' is clicked on

02-01-2024T22:11:52 - [MESSAGE][PASSED] - Object: 'Object Repository/Transaction/Page_All expenses between January 1st, 2024_d388e7/a_Create a new transaction' is clicked on

02-01-2024T22:11:52 - [TEST_STEP][PASSED] - setText(findTestObject("Transaction/Page_Create new withdrawal  Transactions  F_057ce1/input_description"), description): Text 'n/a' is set on object 'Object Repository/Transaction/Page_Create new withdrawal  Transactions  F_057ce1/input_description'

02-01-2024T22:11:54 - [MESSAGE][PASSED] - Text 'n/a' is set on object 'Object Repository/Transaction/Page_Create new withdrawal  Transactions  F_057ce1/input_description'

02-01-2024T22:11:54 - [TEST_STEP][PASSED] - setText(findTestObject("Object Repository/Transaction/Page_Create new withdrawal  Transactions  F_057ce1/input_source"), source_account, STOP_ON_FAILURE): Text 'My Savings Account' is set on object 'Object Repository/Transaction/Page_Create new withdrawal  Transactions  F_057ce1/input_source'

02-01-2024T22:11:55 - [MESSAGE][PASSED] - Text 'My Savings Account' is set on object 'Object Repository/Transaction/Page_Create new withdrawal  Transactions  F_057ce1/input_source'

02-01-2024T22:11:55 - [TEST_STEP][PASSED] - setText(findTestObject("Object Repository/Transaction/Page_Create new withdrawal  Transactions  F_057ce1/input_destination"), destination_account, STOP_ON_FAILURE): Text 'My Expense Account' is set on object 'Object Repository/Transaction/Page_Create new withdrawal  Transactions  F_057ce1/input_destination'

02-01-2024T22:11:57 - [MESSAGE][PASSED] - Text 'My Expense Account' is set on object 'Object Repository/Transaction/Page_Create new withdrawal  Transactions  F_057ce1/input_destination'

02-01-2024T22:11:57 - [TEST_STEP][PASSED] - setText(findTestObject("Transaction/Page_Create new withdrawal  Transactions  F_057ce1/input_date"), date): Text '2023-10-27T23:06' is set on object 'Object Repository/Transaction/Page_Create new withdrawal  Transactions  F_057ce1/input_date'

02-01-2024T22:11:58 - [MESSAGE][PASSED] - Text '2023-10-27T23:06' is set on object 'Object Repository/Transaction/Page_Create new withdrawal  Transactions  F_057ce1/input_date'

02-01-2024T22:11:58 - [TEST_STEP][PASSED] - setText(findTestObject("Object Repository/Transaction/Page_Create new withdrawal  Transactions  F_057ce1/input_amount"), amount): Text '4373' is set on object 'Object Repository/Transaction/Page_Create new withdrawal  Transactions  F_057ce1/input_amount'

02-01-2024T22:11:59 - [MESSAGE][PASSED] - Text '4373' is set on object 'Object Repository/Transaction/Page_Create new withdrawal  Transactions  F_057ce1/input_amount'

02-01-2024T22:11:59 - [TEST_STEP][PASSED] - if (getText(findTestObject("Object Repository/Transaction/Page_Create new withdrawal  Transactions  F_057ce1/select_foreign_currency")) == ""): Text of object 'Object Repository/Transaction/Page_Create new withdrawal  Transactions  F_057ce1/select_foreign_currency' is: 'Euro'

02-01-2024T22:11:59 - [MESSAGE][PASSED] - Text of object 'Object Repository/Transaction/Page_Create new withdrawal  Transactions  F_057ce1/select_foreign_currency' is: 'Euro'

02-01-2024T22:11:59 - [TEST_STEP][PASSED] - try: null

02-01-2024T22:11:59 - [TEST_STEP][PASSED] - waitForElementPresent(findTestObject("Object Repository/Transaction/Page_Create new withdrawal  Transactions  F_057ce1/select_budget", 1)): null

02-01-2024T22:11:59 - [TEST_STEP][PASSED] - catch (Exception err): null

02-01-2024T22:11:59 - [TEST_STEP][PASSED] - out.println("not found budget"): null

02-01-2024T22:11:59 - [TEST_STEP][PASSED] - setText(findTestObject("Object Repository/Transaction/Page_Create new withdrawal  Transactions  F_057ce1/input_category"), category): Text 'Framing (Steel)' is set on object 'Object Repository/Transaction/Page_Create new withdrawal  Transactions  F_057ce1/input_category'

02-01-2024T22:12:00 - [MESSAGE][PASSED] - Text 'Framing (Steel)' is set on object 'Object Repository/Transaction/Page_Create new withdrawal  Transactions  F_057ce1/input_category'

02-01-2024T22:12:00 - [TEST_STEP][PASSED] - selectOptionByValue(findTestObject("Object Repository/Transaction/Page_Create new withdrawal  Transactions  F_057ce1/select_piggy_bank"), piggy_bank, true): All options with value '46' are selected in object 'Object Repository/Transaction/Page_Create new withdrawal  Transactions  F_057ce1/select_piggy_bank'  using regular expression

02-01-2024T22:12:02 - [MESSAGE][PASSED] - All options with value '46' are selected in object 'Object Repository/Transaction/Page_Create new withdrawal  Transactions  F_057ce1/select_piggy_bank'  using regular expression

02-01-2024T22:12:02 - [TEST_STEP][PASSED] - setText(findTestObject("Object Repository/Transaction/Page_Create new withdrawal  Transactions  F_057ce1/input_ti-new-tag-input ti-valid"), tags): Text '' is set on object 'Object Repository/Transaction/Page_Create new withdrawal  Transactions  F_057ce1/input_ti-new-tag-input ti-valid'

02-01-2024T22:12:03 - [MESSAGE][PASSED] - Text '' is set on object 'Object Repository/Transaction/Page_Create new withdrawal  Transactions  F_057ce1/input_ti-new-tag-input ti-valid'

02-01-2024T22:12:03 - [TEST_STEP][PASSED] - try: All options with label 'Name' are selected in object 'Object Repository/Transaction/Page_Create new withdrawal  Transactions  F_057ce1/select_bill'  using regular expression

02-01-2024T22:12:03 - [TEST_STEP][PASSED] - waitForElementPresent(findTestObject("Object Repository/Transaction/Page_Create new withdrawal  Transactions  F_057ce1/select_bill"), 1): Object 'Object Repository/Transaction/Page_Create new withdrawal  Transactions  F_057ce1/select_bill' is present

02-01-2024T22:12:04 - [MESSAGE][PASSED] - Object 'Object Repository/Transaction/Page_Create new withdrawal  Transactions  F_057ce1/select_bill' is present

02-01-2024T22:12:04 - [TEST_STEP][PASSED] - selectOptionByLabel(findTestObject("Object Repository/Transaction/Page_Create new withdrawal  Transactions  F_057ce1/select_bill"), bill, true): All options with label 'Name' are selected in object 'Object Repository/Transaction/Page_Create new withdrawal  Transactions  F_057ce1/select_bill'  using regular expression

02-01-2024T22:12:05 - [MESSAGE][PASSED] - All options with label 'Name' are selected in object 'Object Repository/Transaction/Page_Create new withdrawal  Transactions  F_057ce1/select_bill'  using regular expression

02-01-2024T22:12:05 - [TEST_STEP][PASSED] - click(findTestObject("Object Repository/Transaction/Page_Create new withdrawal  Transactions  F_057ce1/button_Submit")): Object: 'Object Repository/Transaction/Page_Create new withdrawal  Transactions  F_057ce1/button_Submit' is clicked on

02-01-2024T22:12:05 - [MESSAGE][PASSED] - Object: 'Object Repository/Transaction/Page_Create new withdrawal  Transactions  F_057ce1/button_Submit' is clicked on

02-01-2024T22:12:05 - [TEST_STEP][PASSED] - try: null

02-01-2024T22:12:05 - [TEST_STEP][PASSED] - verifyElementPresent(findTestObject("Shared_alert/text_dangers"), 1): Object 'Object Repository/Shared_alert/text_dangers' is present

02-01-2024T22:12:05 - [MESSAGE][PASSED] - Object 'Object Repository/Shared_alert/text_dangers' is present

02-01-2024T22:12:05 - [TEST_STEP][PASSED] - verifyElementNotPresent(findTestObject("Shared_alert/success_alert"), 1): Web element with id: 'Object Repository/Shared_alert/success_alert' located by 'By.cssSelector: #app > div.content-wrapper > section.content > div' is not present after '1' second(s)

02-01-2024T22:12:06 - [MESSAGE][PASSED] - Web element with id: 'Object Repository/Shared_alert/success_alert' located by 'By.cssSelector: #app > div.content-wrapper > section.content > div' is not present after '1' second(s)

02-01-2024T22:12:06 - [TEST_STEP][PASSED] - out.println("text danger"): null

02-01-2024T22:12:06 - [TEST_STEP][PASSED] - closeBrowser(): Browser is closed

02-01-2024T22:12:06 - [MESSAGE][PASSED] - Browser is closed]]></system-out>
         <system-err><![CDATA[]]></system-err>
      </testcase>
      <testcase name="Test Cases/Transaction" time="25.757" classname="Test Cases/Transaction" status="PASSED">
         <system-out><![CDATA[02-01-2024T22:12:06 - [TEST_CASE][PASSED] - Test Cases/Transaction: Test Cases/Transaction

02-01-2024T22:12:06 - [TEST_STEP][PASSED] - openBrowser(""): Browser is opened with url: ''

02-01-2024T22:12:06 - [MESSAGE][INFO] - Starting 'Chrome' driver

02-01-2024T22:12:06 - [MESSAGE][INFO] - Action delay is set to 0 milliseconds

02-01-2024T22:12:07 - [MESSAGE][PASSED] - Browser is opened with url: ''

02-01-2024T22:12:07 - [TEST_STEP][PASSED] - navigateToUrl("https://firefly.buudadawg.online/login"): Navigate to 'https://firefly.buudadawg.online/login' successfully

02-01-2024T22:12:11 - [MESSAGE][PASSED] - Navigate to 'https://firefly.buudadawg.online/login' successfully

02-01-2024T22:12:11 - [TEST_STEP][PASSED] - setText(findTestObject("Object Repository/Transaction/Page_Login to Firefly III/input_email"), username): Text 'killermh1352@gmail.com' is set on object 'Object Repository/Transaction/Page_Login to Firefly III/input_email'

02-01-2024T22:12:12 - [MESSAGE][PASSED] - Text 'killermh1352@gmail.com' is set on object 'Object Repository/Transaction/Page_Login to Firefly III/input_email'

02-01-2024T22:12:12 - [TEST_STEP][PASSED] - setText(findTestObject("Object Repository/Transaction/Page_Login to Firefly III/input_password"), password): Text 'tranvinhphuc2002' is set on object 'Object Repository/Transaction/Page_Login to Firefly III/input_password'

02-01-2024T22:12:12 - [MESSAGE][PASSED] - Text 'tranvinhphuc2002' is set on object 'Object Repository/Transaction/Page_Login to Firefly III/input_password'

02-01-2024T22:12:12 - [TEST_STEP][PASSED] - sendKeys(findTestObject("Object Repository/Transaction/Page_Login to Firefly III/input_password"), Keys.chord(ENTER)): Keys 'ENTER + ' sent to object: 'Object Repository/Transaction/Page_Login to Firefly III/input_password'

02-01-2024T22:12:14 - [MESSAGE][PASSED] - Keys 'ENTER + ' sent to object: 'Object Repository/Transaction/Page_Login to Firefly III/input_password'

02-01-2024T22:12:14 - [TEST_STEP][PASSED] - click(findTestObject("Object Repository/Transaction/Page_Whats playing  Firefly III/a_Transactions")): Object: 'Object Repository/Transaction/Page_Whats playing  Firefly III/a_Transactions' is clicked on

02-01-2024T22:12:15 - [MESSAGE][PASSED] - Object: 'Object Repository/Transaction/Page_Whats playing  Firefly III/a_Transactions' is clicked on

02-01-2024T22:12:15 - [TEST_STEP][PASSED] - click(findTestObject("Object Repository/Transaction/Page_Whats playing  Firefly III/a_Expenses")): Object: 'Object Repository/Transaction/Page_Whats playing  Firefly III/a_Expenses' is clicked on

02-01-2024T22:12:16 - [MESSAGE][PASSED] - Object: 'Object Repository/Transaction/Page_Whats playing  Firefly III/a_Expenses' is clicked on

02-01-2024T22:12:16 - [TEST_STEP][PASSED] - click(findTestObject("Object Repository/Transaction/Page_All expenses between January 1st, 2024_d388e7/a_Create a new transaction")): Object: 'Object Repository/Transaction/Page_All expenses between January 1st, 2024_d388e7/a_Create a new transaction' is clicked on

02-01-2024T22:12:17 - [MESSAGE][PASSED] - Object: 'Object Repository/Transaction/Page_All expenses between January 1st, 2024_d388e7/a_Create a new transaction' is clicked on

02-01-2024T22:12:17 - [TEST_STEP][PASSED] - setText(findTestObject("Transaction/Page_Create new withdrawal  Transactions  F_057ce1/input_description"), description): Text 'Computer Manufacturing' is set on object 'Object Repository/Transaction/Page_Create new withdrawal  Transactions  F_057ce1/input_description'

02-01-2024T22:12:20 - [MESSAGE][PASSED] - Text 'Computer Manufacturing' is set on object 'Object Repository/Transaction/Page_Create new withdrawal  Transactions  F_057ce1/input_description'

02-01-2024T22:12:20 - [TEST_STEP][PASSED] - setText(findTestObject("Object Repository/Transaction/Page_Create new withdrawal  Transactions  F_057ce1/input_source"), source_account, STOP_ON_FAILURE): Text 'My Savings Account' is set on object 'Object Repository/Transaction/Page_Create new withdrawal  Transactions  F_057ce1/input_source'

02-01-2024T22:12:21 - [MESSAGE][PASSED] - Text 'My Savings Account' is set on object 'Object Repository/Transaction/Page_Create new withdrawal  Transactions  F_057ce1/input_source'

02-01-2024T22:12:21 - [TEST_STEP][PASSED] - setText(findTestObject("Object Repository/Transaction/Page_Create new withdrawal  Transactions  F_057ce1/input_destination"), destination_account, STOP_ON_FAILURE): Text 'My Asset Account' is set on object 'Object Repository/Transaction/Page_Create new withdrawal  Transactions  F_057ce1/input_destination'

02-01-2024T22:12:22 - [MESSAGE][PASSED] - Text 'My Asset Account' is set on object 'Object Repository/Transaction/Page_Create new withdrawal  Transactions  F_057ce1/input_destination'

02-01-2024T22:12:22 - [TEST_STEP][PASSED] - setText(findTestObject("Transaction/Page_Create new withdrawal  Transactions  F_057ce1/input_date"), date): Text '2023-01-31T21:20' is set on object 'Object Repository/Transaction/Page_Create new withdrawal  Transactions  F_057ce1/input_date'

02-01-2024T22:12:23 - [MESSAGE][PASSED] - Text '2023-01-31T21:20' is set on object 'Object Repository/Transaction/Page_Create new withdrawal  Transactions  F_057ce1/input_date'

02-01-2024T22:12:23 - [TEST_STEP][PASSED] - setText(findTestObject("Object Repository/Transaction/Page_Create new withdrawal  Transactions  F_057ce1/input_amount"), amount): Text '7863' is set on object 'Object Repository/Transaction/Page_Create new withdrawal  Transactions  F_057ce1/input_amount'

02-01-2024T22:12:24 - [MESSAGE][PASSED] - Text '7863' is set on object 'Object Repository/Transaction/Page_Create new withdrawal  Transactions  F_057ce1/input_amount'

02-01-2024T22:12:24 - [TEST_STEP][PASSED] - if (getText(findTestObject("Object Repository/Transaction/Page_Create new withdrawal  Transactions  F_057ce1/select_foreign_currency")) == ""): Text of object 'Object Repository/Transaction/Page_Create new withdrawal  Transactions  F_057ce1/select_foreign_currency' is: 'Euro'

02-01-2024T22:12:25 - [MESSAGE][PASSED] - Text of object 'Object Repository/Transaction/Page_Create new withdrawal  Transactions  F_057ce1/select_foreign_currency' is: 'Euro'

02-01-2024T22:12:25 - [TEST_STEP][PASSED] - try: null

02-01-2024T22:12:25 - [TEST_STEP][PASSED] - waitForElementPresent(findTestObject("Object Repository/Transaction/Page_Create new withdrawal  Transactions  F_057ce1/select_budget", 1)): null

02-01-2024T22:12:25 - [TEST_STEP][PASSED] - catch (Exception err): null

02-01-2024T22:12:25 - [TEST_STEP][PASSED] - out.println("not found budget"): null

02-01-2024T22:12:25 - [TEST_STEP][PASSED] - setText(findTestObject("Object Repository/Transaction/Page_Create new withdrawal  Transactions  F_057ce1/input_category"), category): Text '' is set on object 'Object Repository/Transaction/Page_Create new withdrawal  Transactions  F_057ce1/input_category'

02-01-2024T22:12:25 - [MESSAGE][PASSED] - Text '' is set on object 'Object Repository/Transaction/Page_Create new withdrawal  Transactions  F_057ce1/input_category'

02-01-2024T22:12:25 - [TEST_STEP][PASSED] - selectOptionByValue(findTestObject("Object Repository/Transaction/Page_Create new withdrawal  Transactions  F_057ce1/select_piggy_bank"), piggy_bank, true): All options with value '46' are selected in object 'Object Repository/Transaction/Page_Create new withdrawal  Transactions  F_057ce1/select_piggy_bank'  using regular expression

02-01-2024T22:12:28 - [MESSAGE][PASSED] - All options with value '46' are selected in object 'Object Repository/Transaction/Page_Create new withdrawal  Transactions  F_057ce1/select_piggy_bank'  using regular expression

02-01-2024T22:12:28 - [TEST_STEP][PASSED] - setText(findTestObject("Object Repository/Transaction/Page_Create new withdrawal  Transactions  F_057ce1/input_ti-new-tag-input ti-valid"), tags): Text 'Mayonnaise - Individual Pkg' is set on object 'Object Repository/Transaction/Page_Create new withdrawal  Transactions  F_057ce1/input_ti-new-tag-input ti-valid'

02-01-2024T22:12:29 - [MESSAGE][PASSED] - Text 'Mayonnaise - Individual Pkg' is set on object 'Object Repository/Transaction/Page_Create new withdrawal  Transactions  F_057ce1/input_ti-new-tag-input ti-valid'

02-01-2024T22:12:29 - [TEST_STEP][FAILED] - try: Unable to select option by label '(none)' of object 'Object Repository/Transaction/Page_Create new withdrawal  Transactions  F_057ce1/select_bill'  using regular expression (Root cause: com.kms.katalon.core.exception.StepFailedException: Unable to select option by label '(none)' of object 'Object Repository/Transaction/Page_Create new withdrawal  Transactions  F_057ce1/select_bill'  using regular expression
	at com.kms.katalon.core.webui.keyword.internal.WebUIKeywordMain.stepFailed(WebUIKeywordMain.groovy:64)
	at com.kms.katalon.core.webui.keyword.internal.WebUIKeywordMain.runKeyword(WebUIKeywordMain.groovy:26)
	at com.kms.katalon.core.webui.keyword.builtin.SelectOptionByLabelKeyword.selectOptionByLabel(SelectOptionByLabelKeyword.groovy:98)
	at com.kms.katalon.core.webui.keyword.builtin.SelectOptionByLabelKeyword.execute(SelectOptionByLabelKeyword.groovy:71)
	at com.kms.katalon.core.keyword.internal.KeywordExecutor.executeKeywordForPlatform(KeywordExecutor.groovy:74)
	at com.kms.katalon.core.webui.keyword.WebUiBuiltInKeywords.selectOptionByLabel(WebUiBuiltInKeywords.groovy:1269)
	at Transaction.run(Transaction:76)
	at com.kms.katalon.core.main.ScriptEngine.run(ScriptEngine.java:194)
	at com.kms.katalon.core.main.ScriptEngine.runScriptAsRawText(ScriptEngine.java:119)
	at com.kms.katalon.core.main.TestCaseExecutor.runScript(TestCaseExecutor.java:448)
	at com.kms.katalon.core.main.TestCaseExecutor.doExecute(TestCaseExecutor.java:439)
	at com.kms.katalon.core.main.TestCaseExecutor.processExecutionPhase(TestCaseExecutor.java:418)
	at com.kms.katalon.core.main.TestCaseExecutor.accessMainPhase(TestCaseExecutor.java:410)
	at com.kms.katalon.core.main.TestCaseExecutor.execute(TestCaseExecutor.java:285)
	at com.kms.katalon.core.common.CommonExecutor.accessTestCaseMainPhase(CommonExecutor.java:65)
	at com.kms.katalon.core.main.TestSuiteExecutor.accessTestSuiteMainPhase(TestSuiteExecutor.java:148)
	at com.kms.katalon.core.main.TestSuiteExecutor.execute(TestSuiteExecutor.java:106)
	at com.kms.katalon.core.main.TestCaseMain.startTestSuite(TestCaseMain.java:180)
	at TempTestSuite1704208108899.run(TempTestSuite1704208108899.groovy:36)
	at java.base/jdk.internal.reflect.NativeMethodAccessorImpl.invoke0(Native Method)
	at java.base/jdk.internal.reflect.NativeMethodAccessorImpl.invoke(NativeMethodAccessorImpl.java:77)
	at java.base/jdk.internal.reflect.DelegatingMethodAccessorImpl.invoke(DelegatingMethodAccessorImpl.java:43)
Caused by: com.kms.katalon.core.exception.StepFailedException: No option matched.
	at com.kms.katalon.core.keyword.internal.KeywordMain.stepFailed(KeywordMain.groovy:51)
	at com.kms.katalon.core.keyword.internal.KeywordMain.stepFailed(KeywordMain.groovy)
	at com.kms.katalon.core.keyword.internal.KeywordMain.stepFailed(KeywordMain.groovy:23)
	at com.kms.katalon.core.webui.keyword.builtin.SelectOptionByLabelKeyword$_selectOptionByLabel_closure1.doCall(SelectOptionByLabelKeyword.groovy:91)
	at com.kms.katalon.core.webui.keyword.builtin.SelectOptionByLabelKeyword$_selectOptionByLabel_closure1.call(SelectOptionByLabelKeyword.groovy)
	at com.kms.katalon.core.webui.keyword.internal.WebUIKeywordMain.runKeyword(WebUIKeywordMain.groovy:20)
	at com.kms.katalon.core.webui.keyword.builtin.SelectOptionByLabelKeyword.selectOptionByLabel(SelectOptionByLabelKeyword.groovy:98)
	at com.kms.katalon.core.webui.keyword.builtin.SelectOptionByLabelKeyword.execute(SelectOptionByLabelKeyword.groovy:71)
	at com.kms.katalon.core.keyword.internal.KeywordExecutor.executeKeywordForPlatform(KeywordExecutor.groovy:74)
	at com.kms.katalon.core.webui.keyword.WebUiBuiltInKeywords.selectOptionByLabel(WebUiBuiltInKeywords.groovy:1269)
	at Script1704099170054.run(Script1704099170054.groovy:76)
	... 15 more
)

02-01-2024T22:12:29 - [TEST_STEP][PASSED] - waitForElementPresent(findTestObject("Object Repository/Transaction/Page_Create new withdrawal  Transactions  F_057ce1/select_bill"), 1): Object 'Object Repository/Transaction/Page_Create new withdrawal  Transactions  F_057ce1/select_bill' is present

02-01-2024T22:12:29 - [MESSAGE][PASSED] - Object 'Object Repository/Transaction/Page_Create new withdrawal  Transactions  F_057ce1/select_bill' is present

02-01-2024T22:12:29 - [TEST_STEP][FAILED] - selectOptionByLabel(findTestObject("Object Repository/Transaction/Page_Create new withdrawal  Transactions  F_057ce1/select_bill"), bill, true): Unable to select option by label '(none)' of object 'Object Repository/Transaction/Page_Create new withdrawal  Transactions  F_057ce1/select_bill'  using regular expression (Root cause: com.kms.katalon.core.exception.StepFailedException: Unable to select option by label '(none)' of object 'Object Repository/Transaction/Page_Create new withdrawal  Transactions  F_057ce1/select_bill'  using regular expression
	at com.kms.katalon.core.webui.keyword.internal.WebUIKeywordMain.stepFailed(WebUIKeywordMain.groovy:64)
	at com.kms.katalon.core.webui.keyword.internal.WebUIKeywordMain.runKeyword(WebUIKeywordMain.groovy:26)
	at com.kms.katalon.core.webui.keyword.builtin.SelectOptionByLabelKeyword.selectOptionByLabel(SelectOptionByLabelKeyword.groovy:98)
	at com.kms.katalon.core.webui.keyword.builtin.SelectOptionByLabelKeyword.execute(SelectOptionByLabelKeyword.groovy:71)
	at com.kms.katalon.core.keyword.internal.KeywordExecutor.executeKeywordForPlatform(KeywordExecutor.groovy:74)
	at com.kms.katalon.core.webui.keyword.WebUiBuiltInKeywords.selectOptionByLabel(WebUiBuiltInKeywords.groovy:1269)
	at Transaction.run(Transaction:76)
	at com.kms.katalon.core.main.ScriptEngine.run(ScriptEngine.java:194)
	at com.kms.katalon.core.main.ScriptEngine.runScriptAsRawText(ScriptEngine.java:119)
	at com.kms.katalon.core.main.TestCaseExecutor.runScript(TestCaseExecutor.java:448)
	at com.kms.katalon.core.main.TestCaseExecutor.doExecute(TestCaseExecutor.java:439)
	at com.kms.katalon.core.main.TestCaseExecutor.processExecutionPhase(TestCaseExecutor.java:418)
	at com.kms.katalon.core.main.TestCaseExecutor.accessMainPhase(TestCaseExecutor.java:410)
	at com.kms.katalon.core.main.TestCaseExecutor.execute(TestCaseExecutor.java:285)
	at com.kms.katalon.core.common.CommonExecutor.accessTestCaseMainPhase(CommonExecutor.java:65)
	at com.kms.katalon.core.main.TestSuiteExecutor.accessTestSuiteMainPhase(TestSuiteExecutor.java:148)
	at com.kms.katalon.core.main.TestSuiteExecutor.execute(TestSuiteExecutor.java:106)
	at com.kms.katalon.core.main.TestCaseMain.startTestSuite(TestCaseMain.java:180)
	at TempTestSuite1704208108899.run(TempTestSuite1704208108899.groovy:36)
	at java.base/jdk.internal.reflect.NativeMethodAccessorImpl.invoke0(Native Method)
	at java.base/jdk.internal.reflect.NativeMethodAccessorImpl.invoke(NativeMethodAccessorImpl.java:77)
	at java.base/jdk.internal.reflect.DelegatingMethodAccessorImpl.invoke(DelegatingMethodAccessorImpl.java:43)
Caused by: com.kms.katalon.core.exception.StepFailedException: No option matched.
	at com.kms.katalon.core.keyword.internal.KeywordMain.stepFailed(KeywordMain.groovy:51)
	at com.kms.katalon.core.keyword.internal.KeywordMain.stepFailed(KeywordMain.groovy)
	at com.kms.katalon.core.keyword.internal.KeywordMain.stepFailed(KeywordMain.groovy:23)
	at com.kms.katalon.core.webui.keyword.builtin.SelectOptionByLabelKeyword$_selectOptionByLabel_closure1.doCall(SelectOptionByLabelKeyword.groovy:91)
	at com.kms.katalon.core.webui.keyword.builtin.SelectOptionByLabelKeyword$_selectOptionByLabel_closure1.call(SelectOptionByLabelKeyword.groovy)
	at com.kms.katalon.core.webui.keyword.internal.WebUIKeywordMain.runKeyword(WebUIKeywordMain.groovy:20)
	at com.kms.katalon.core.webui.keyword.builtin.SelectOptionByLabelKeyword.selectOptionByLabel(SelectOptionByLabelKeyword.groovy:98)
	at com.kms.katalon.core.webui.keyword.builtin.SelectOptionByLabelKeyword.execute(SelectOptionByLabelKeyword.groovy:71)
	at com.kms.katalon.core.keyword.internal.KeywordExecutor.executeKeywordForPlatform(KeywordExecutor.groovy:74)
	at com.kms.katalon.core.webui.keyword.WebUiBuiltInKeywords.selectOptionByLabel(WebUiBuiltInKeywords.groovy:1269)
	at Script1704099170054.run(Script1704099170054.groovy:76)
	... 15 more
)

02-01-2024T22:12:30 - [MESSAGE][FAILED] - No option matched.

02-01-2024T22:12:30 - [MESSAGE][FAILED] - Unable to select option by label '(none)' of object 'Object Repository/Transaction/Page_Create new withdrawal  Transactions  F_057ce1/select_bill'  using regular expression (Root cause: com.kms.katalon.core.exception.StepFailedException: Unable to select option by label '(none)' of object 'Object Repository/Transaction/Page_Create new withdrawal  Transactions  F_057ce1/select_bill'  using regular expression
	at com.kms.katalon.core.webui.keyword.internal.WebUIKeywordMain.stepFailed(WebUIKeywordMain.groovy:64)
	at com.kms.katalon.core.webui.keyword.internal.WebUIKeywordMain.runKeyword(WebUIKeywordMain.groovy:26)
	at com.kms.katalon.core.webui.keyword.builtin.SelectOptionByLabelKeyword.selectOptionByLabel(SelectOptionByLabelKeyword.groovy:98)
	at com.kms.katalon.core.webui.keyword.builtin.SelectOptionByLabelKeyword.execute(SelectOptionByLabelKeyword.groovy:71)
	at com.kms.katalon.core.keyword.internal.KeywordExecutor.executeKeywordForPlatform(KeywordExecutor.groovy:74)
	at com.kms.katalon.core.webui.keyword.WebUiBuiltInKeywords.selectOptionByLabel(WebUiBuiltInKeywords.groovy:1269)
	at Transaction.run(Transaction:76)
	at com.kms.katalon.core.main.ScriptEngine.run(ScriptEngine.java:194)
	at com.kms.katalon.core.main.ScriptEngine.runScriptAsRawText(ScriptEngine.java:119)
	at com.kms.katalon.core.main.TestCaseExecutor.runScript(TestCaseExecutor.java:448)
	at com.kms.katalon.core.main.TestCaseExecutor.doExecute(TestCaseExecutor.java:439)
	at com.kms.katalon.core.main.TestCaseExecutor.processExecutionPhase(TestCaseExecutor.java:418)
	at com.kms.katalon.core.main.TestCaseExecutor.accessMainPhase(TestCaseExecutor.java:410)
	at com.kms.katalon.core.main.TestCaseExecutor.execute(TestCaseExecutor.java:285)
	at com.kms.katalon.core.common.CommonExecutor.accessTestCaseMainPhase(CommonExecutor.java:65)
	at com.kms.katalon.core.main.TestSuiteExecutor.accessTestSuiteMainPhase(TestSuiteExecutor.java:148)
	at com.kms.katalon.core.main.TestSuiteExecutor.execute(TestSuiteExecutor.java:106)
	at com.kms.katalon.core.main.TestCaseMain.startTestSuite(TestCaseMain.java:180)
	at TempTestSuite1704208108899.run(TempTestSuite1704208108899.groovy:36)
	at java.base/jdk.internal.reflect.NativeMethodAccessorImpl.invoke0(Native Method)
	at java.base/jdk.internal.reflect.NativeMethodAccessorImpl.invoke(NativeMethodAccessorImpl.java:77)
	at java.base/jdk.internal.reflect.DelegatingMethodAccessorImpl.invoke(DelegatingMethodAccessorImpl.java:43)
Caused by: com.kms.katalon.core.exception.StepFailedException: No option matched.
	at com.kms.katalon.core.keyword.internal.KeywordMain.stepFailed(KeywordMain.groovy:51)
	at com.kms.katalon.core.keyword.internal.KeywordMain.stepFailed(KeywordMain.groovy)
	at com.kms.katalon.core.keyword.internal.KeywordMain.stepFailed(KeywordMain.groovy:23)
	at com.kms.katalon.core.webui.keyword.builtin.SelectOptionByLabelKeyword$_selectOptionByLabel_closure1.doCall(SelectOptionByLabelKeyword.groovy:91)
	at com.kms.katalon.core.webui.keyword.builtin.SelectOptionByLabelKeyword$_selectOptionByLabel_closure1.call(SelectOptionByLabelKeyword.groovy)
	at com.kms.katalon.core.webui.keyword.internal.WebUIKeywordMain.runKeyword(WebUIKeywordMain.groovy:20)
	at com.kms.katalon.core.webui.keyword.builtin.SelectOptionByLabelKeyword.selectOptionByLabel(SelectOptionByLabelKeyword.groovy:98)
	at com.kms.katalon.core.webui.keyword.builtin.SelectOptionByLabelKeyword.execute(SelectOptionByLabelKeyword.groovy:71)
	at com.kms.katalon.core.keyword.internal.KeywordExecutor.executeKeywordForPlatform(KeywordExecutor.groovy:74)
	at com.kms.katalon.core.webui.keyword.WebUiBuiltInKeywords.selectOptionByLabel(WebUiBuiltInKeywords.groovy:1269)
	at Script1704099170054.run(Script1704099170054.groovy:76)
	... 15 more
)
[[ATTACHMENT|C:\\Users\\MODERN 15\\git\\G1_Firefly_testing\\Reports\\20240102_220828\\Transaction\\20240102_220828\\1704208350432.png]]

02-01-2024T22:12:30 - [TEST_STEP][PASSED] - catch (Exception err): null

02-01-2024T22:12:30 - [TEST_STEP][PASSED] - out.println("not found bill"): null

02-01-2024T22:12:30 - [TEST_STEP][PASSED] - click(findTestObject("Object Repository/Transaction/Page_Create new withdrawal  Transactions  F_057ce1/button_Submit")): Object: 'Object Repository/Transaction/Page_Create new withdrawal  Transactions  F_057ce1/button_Submit' is clicked on

02-01-2024T22:12:31 - [MESSAGE][PASSED] - Object: 'Object Repository/Transaction/Page_Create new withdrawal  Transactions  F_057ce1/button_Submit' is clicked on

02-01-2024T22:12:31 - [TEST_STEP][PASSED] - try: null

02-01-2024T22:12:31 - [TEST_STEP][PASSED] - verifyElementPresent(findTestObject("Shared_alert/text_dangers"), 1): Object 'Object Repository/Shared_alert/text_dangers' is present

02-01-2024T22:12:31 - [MESSAGE][PASSED] - Object 'Object Repository/Shared_alert/text_dangers' is present

02-01-2024T22:12:31 - [TEST_STEP][PASSED] - verifyElementNotPresent(findTestObject("Shared_alert/success_alert"), 1): Web element with id: 'Object Repository/Shared_alert/success_alert' located by 'By.cssSelector: #app > div.content-wrapper > section.content > div' is not present after '1' second(s)

02-01-2024T22:12:32 - [MESSAGE][PASSED] - Web element with id: 'Object Repository/Shared_alert/success_alert' located by 'By.cssSelector: #app > div.content-wrapper > section.content > div' is not present after '1' second(s)

02-01-2024T22:12:32 - [TEST_STEP][PASSED] - out.println("text danger"): null

02-01-2024T22:12:32 - [TEST_STEP][PASSED] - closeBrowser(): Browser is closed

02-01-2024T22:12:32 - [MESSAGE][PASSED] - Browser is closed]]></system-out>
         <system-err><![CDATA[]]></system-err>
      </testcase>
      <testcase name="Test Cases/Transaction" time="25.934" classname="Test Cases/Transaction" status="PASSED">
         <system-out><![CDATA[02-01-2024T22:12:32 - [TEST_CASE][PASSED] - Test Cases/Transaction: Test Cases/Transaction

02-01-2024T22:12:32 - [TEST_STEP][PASSED] - openBrowser(""): Browser is opened with url: ''

02-01-2024T22:12:32 - [MESSAGE][INFO] - Starting 'Chrome' driver

02-01-2024T22:12:32 - [MESSAGE][INFO] - Action delay is set to 0 milliseconds

02-01-2024T22:12:33 - [MESSAGE][PASSED] - Browser is opened with url: ''

02-01-2024T22:12:33 - [TEST_STEP][PASSED] - navigateToUrl("https://firefly.buudadawg.online/login"): Navigate to 'https://firefly.buudadawg.online/login' successfully

02-01-2024T22:12:37 - [MESSAGE][PASSED] - Navigate to 'https://firefly.buudadawg.online/login' successfully

02-01-2024T22:12:37 - [TEST_STEP][PASSED] - setText(findTestObject("Object Repository/Transaction/Page_Login to Firefly III/input_email"), username): Text 'killermh1352@gmail.com' is set on object 'Object Repository/Transaction/Page_Login to Firefly III/input_email'

02-01-2024T22:12:38 - [MESSAGE][PASSED] - Text 'killermh1352@gmail.com' is set on object 'Object Repository/Transaction/Page_Login to Firefly III/input_email'

02-01-2024T22:12:38 - [TEST_STEP][PASSED] - setText(findTestObject("Object Repository/Transaction/Page_Login to Firefly III/input_password"), password): Text 'tranvinhphuc2002' is set on object 'Object Repository/Transaction/Page_Login to Firefly III/input_password'

02-01-2024T22:12:39 - [MESSAGE][PASSED] - Text 'tranvinhphuc2002' is set on object 'Object Repository/Transaction/Page_Login to Firefly III/input_password'

02-01-2024T22:12:39 - [TEST_STEP][PASSED] - sendKeys(findTestObject("Object Repository/Transaction/Page_Login to Firefly III/input_password"), Keys.chord(ENTER)): Keys 'ENTER + ' sent to object: 'Object Repository/Transaction/Page_Login to Firefly III/input_password'

02-01-2024T22:12:40 - [MESSAGE][PASSED] - Keys 'ENTER + ' sent to object: 'Object Repository/Transaction/Page_Login to Firefly III/input_password'

02-01-2024T22:12:40 - [TEST_STEP][PASSED] - click(findTestObject("Object Repository/Transaction/Page_Whats playing  Firefly III/a_Transactions")): Object: 'Object Repository/Transaction/Page_Whats playing  Firefly III/a_Transactions' is clicked on

02-01-2024T22:12:41 - [MESSAGE][PASSED] - Object: 'Object Repository/Transaction/Page_Whats playing  Firefly III/a_Transactions' is clicked on

02-01-2024T22:12:41 - [TEST_STEP][PASSED] - click(findTestObject("Object Repository/Transaction/Page_Whats playing  Firefly III/a_Expenses")): Object: 'Object Repository/Transaction/Page_Whats playing  Firefly III/a_Expenses' is clicked on

02-01-2024T22:12:42 - [MESSAGE][PASSED] - Object: 'Object Repository/Transaction/Page_Whats playing  Firefly III/a_Expenses' is clicked on

02-01-2024T22:12:42 - [TEST_STEP][PASSED] - click(findTestObject("Object Repository/Transaction/Page_All expenses between January 1st, 2024_d388e7/a_Create a new transaction")): Object: 'Object Repository/Transaction/Page_All expenses between January 1st, 2024_d388e7/a_Create a new transaction' is clicked on

02-01-2024T22:12:44 - [MESSAGE][PASSED] - Object: 'Object Repository/Transaction/Page_All expenses between January 1st, 2024_d388e7/a_Create a new transaction' is clicked on

02-01-2024T22:12:44 - [TEST_STEP][PASSED] - setText(findTestObject("Transaction/Page_Create new withdrawal  Transactions  F_057ce1/input_description"), description): Text 'n/a' is set on object 'Object Repository/Transaction/Page_Create new withdrawal  Transactions  F_057ce1/input_description'

02-01-2024T22:12:46 - [MESSAGE][PASSED] - Text 'n/a' is set on object 'Object Repository/Transaction/Page_Create new withdrawal  Transactions  F_057ce1/input_description'

02-01-2024T22:12:46 - [TEST_STEP][PASSED] - setText(findTestObject("Object Repository/Transaction/Page_Create new withdrawal  Transactions  F_057ce1/input_source"), source_account, STOP_ON_FAILURE): Text 'My Savings Account' is set on object 'Object Repository/Transaction/Page_Create new withdrawal  Transactions  F_057ce1/input_source'

02-01-2024T22:12:47 - [MESSAGE][PASSED] - Text 'My Savings Account' is set on object 'Object Repository/Transaction/Page_Create new withdrawal  Transactions  F_057ce1/input_source'

02-01-2024T22:12:47 - [TEST_STEP][PASSED] - setText(findTestObject("Object Repository/Transaction/Page_Create new withdrawal  Transactions  F_057ce1/input_destination"), destination_account, STOP_ON_FAILURE): Text 'My Expense Account' is set on object 'Object Repository/Transaction/Page_Create new withdrawal  Transactions  F_057ce1/input_destination'

02-01-2024T22:12:49 - [MESSAGE][PASSED] - Text 'My Expense Account' is set on object 'Object Repository/Transaction/Page_Create new withdrawal  Transactions  F_057ce1/input_destination'

02-01-2024T22:12:49 - [TEST_STEP][PASSED] - setText(findTestObject("Transaction/Page_Create new withdrawal  Transactions  F_057ce1/input_date"), date): Text '2023-05-17T10:03' is set on object 'Object Repository/Transaction/Page_Create new withdrawal  Transactions  F_057ce1/input_date'

02-01-2024T22:12:50 - [MESSAGE][PASSED] - Text '2023-05-17T10:03' is set on object 'Object Repository/Transaction/Page_Create new withdrawal  Transactions  F_057ce1/input_date'

02-01-2024T22:12:50 - [TEST_STEP][PASSED] - setText(findTestObject("Object Repository/Transaction/Page_Create new withdrawal  Transactions  F_057ce1/input_amount"), amount): Text '9532' is set on object 'Object Repository/Transaction/Page_Create new withdrawal  Transactions  F_057ce1/input_amount'

02-01-2024T22:12:51 - [MESSAGE][PASSED] - Text '9532' is set on object 'Object Repository/Transaction/Page_Create new withdrawal  Transactions  F_057ce1/input_amount'

02-01-2024T22:12:51 - [TEST_STEP][PASSED] - if (getText(findTestObject("Object Repository/Transaction/Page_Create new withdrawal  Transactions  F_057ce1/select_foreign_currency")) == ""): Text of object 'Object Repository/Transaction/Page_Create new withdrawal  Transactions  F_057ce1/select_foreign_currency' is: 'Euro'

02-01-2024T22:12:51 - [MESSAGE][PASSED] - Text of object 'Object Repository/Transaction/Page_Create new withdrawal  Transactions  F_057ce1/select_foreign_currency' is: 'Euro'

02-01-2024T22:12:51 - [TEST_STEP][PASSED] - try: null

02-01-2024T22:12:51 - [TEST_STEP][PASSED] - waitForElementPresent(findTestObject("Object Repository/Transaction/Page_Create new withdrawal  Transactions  F_057ce1/select_budget", 1)): null

02-01-2024T22:12:51 - [TEST_STEP][PASSED] - catch (Exception err): null

02-01-2024T22:12:51 - [TEST_STEP][PASSED] - out.println("not found budget"): null

02-01-2024T22:12:51 - [TEST_STEP][PASSED] - setText(findTestObject("Object Repository/Transaction/Page_Create new withdrawal  Transactions  F_057ce1/input_category"), category): Text '' is set on object 'Object Repository/Transaction/Page_Create new withdrawal  Transactions  F_057ce1/input_category'

02-01-2024T22:12:52 - [MESSAGE][PASSED] - Text '' is set on object 'Object Repository/Transaction/Page_Create new withdrawal  Transactions  F_057ce1/input_category'

02-01-2024T22:12:52 - [TEST_STEP][PASSED] - selectOptionByValue(findTestObject("Object Repository/Transaction/Page_Create new withdrawal  Transactions  F_057ce1/select_piggy_bank"), piggy_bank, true): All options with value '0' are selected in object 'Object Repository/Transaction/Page_Create new withdrawal  Transactions  F_057ce1/select_piggy_bank'  using regular expression

02-01-2024T22:12:54 - [MESSAGE][PASSED] - All options with value '0' are selected in object 'Object Repository/Transaction/Page_Create new withdrawal  Transactions  F_057ce1/select_piggy_bank'  using regular expression

02-01-2024T22:12:54 - [TEST_STEP][PASSED] - setText(findTestObject("Object Repository/Transaction/Page_Create new withdrawal  Transactions  F_057ce1/input_ti-new-tag-input ti-valid"), tags): Text 'Roe - Flying Fish' is set on object 'Object Repository/Transaction/Page_Create new withdrawal  Transactions  F_057ce1/input_ti-new-tag-input ti-valid'

02-01-2024T22:12:55 - [MESSAGE][PASSED] - Text 'Roe - Flying Fish' is set on object 'Object Repository/Transaction/Page_Create new withdrawal  Transactions  F_057ce1/input_ti-new-tag-input ti-valid'

02-01-2024T22:12:55 - [TEST_STEP][PASSED] - try: All options with label 'Name' are selected in object 'Object Repository/Transaction/Page_Create new withdrawal  Transactions  F_057ce1/select_bill'  using regular expression

02-01-2024T22:12:55 - [TEST_STEP][PASSED] - waitForElementPresent(findTestObject("Object Repository/Transaction/Page_Create new withdrawal  Transactions  F_057ce1/select_bill"), 1): Object 'Object Repository/Transaction/Page_Create new withdrawal  Transactions  F_057ce1/select_bill' is present

02-01-2024T22:12:55 - [MESSAGE][PASSED] - Object 'Object Repository/Transaction/Page_Create new withdrawal  Transactions  F_057ce1/select_bill' is present

02-01-2024T22:12:55 - [TEST_STEP][PASSED] - selectOptionByLabel(findTestObject("Object Repository/Transaction/Page_Create new withdrawal  Transactions  F_057ce1/select_bill"), bill, true): All options with label 'Name' are selected in object 'Object Repository/Transaction/Page_Create new withdrawal  Transactions  F_057ce1/select_bill'  using regular expression

02-01-2024T22:12:56 - [MESSAGE][PASSED] - All options with label 'Name' are selected in object 'Object Repository/Transaction/Page_Create new withdrawal  Transactions  F_057ce1/select_bill'  using regular expression

02-01-2024T22:12:56 - [TEST_STEP][PASSED] - click(findTestObject("Object Repository/Transaction/Page_Create new withdrawal  Transactions  F_057ce1/button_Submit")): Object: 'Object Repository/Transaction/Page_Create new withdrawal  Transactions  F_057ce1/button_Submit' is clicked on

02-01-2024T22:12:57 - [MESSAGE][PASSED] - Object: 'Object Repository/Transaction/Page_Create new withdrawal  Transactions  F_057ce1/button_Submit' is clicked on

02-01-2024T22:12:57 - [TEST_STEP][PASSED] - try: null

02-01-2024T22:12:57 - [TEST_STEP][PASSED] - verifyElementPresent(findTestObject("Shared_alert/text_dangers"), 1): Object 'Object Repository/Shared_alert/text_dangers' is present

02-01-2024T22:12:57 - [MESSAGE][PASSED] - Object 'Object Repository/Shared_alert/text_dangers' is present

02-01-2024T22:12:57 - [TEST_STEP][PASSED] - verifyElementNotPresent(findTestObject("Shared_alert/success_alert"), 1): Web element with id: 'Object Repository/Shared_alert/success_alert' located by 'By.cssSelector: #app > div.content-wrapper > section.content > div' is not present after '1' second(s)

02-01-2024T22:12:58 - [MESSAGE][PASSED] - Web element with id: 'Object Repository/Shared_alert/success_alert' located by 'By.cssSelector: #app > div.content-wrapper > section.content > div' is not present after '1' second(s)

02-01-2024T22:12:58 - [TEST_STEP][PASSED] - out.println("text danger"): null

02-01-2024T22:12:58 - [TEST_STEP][PASSED] - closeBrowser(): Browser is closed

02-01-2024T22:12:58 - [MESSAGE][PASSED] - Browser is closed]]></system-out>
         <system-err><![CDATA[]]></system-err>
      </testcase>
      <system-out><![CDATA[02-01-2024T22:08:34 - [TEST_SUITE][PASSED] - Transaction: Test Cases/Transaction]]></system-out>
      <system-err><![CDATA[]]></system-err>
   </testsuite>
</testsuites>
