<?xml version="1.0" encoding="UTF-8"?>
<testsuites name="Create a new liability" time="230.694" tests="10" failures="1" errors="0">
   <testsuite name="Create a new liability" tests="10" failures="1" errors="0" time="230.694" skipped="0" timestamp="02-01-2024T01:18:36" hostname="Luat Huynh - LuatHuynh.mshome.net" id="Test Suites/Create a new liability">
      <properties>
         <property name="deviceName" value=""/>
         <property name="devicePlatform" value=""/>
         <property name="logFolder" value="D:\\ktpm\\G1_Firefly_testing\\Reports\\20240102_011830\\Create a new liability\\20240102_011831"/>
         <property name="logFiles" value="D:\\ktpm\\G1_Firefly_testing\\Reports\\20240102_011830\\Create a new liability\\20240102_011831\\execution0.log"/>
         <property name="attachments" value="D:\\ktpm\\G1_Firefly_testing\\Reports\\20240102_011830\\Create a new liability\\20240102_011831\\1704133141583.png, D:\\ktpm\\G1_Firefly_testing\\Reports\\20240102_011830\\Create a new liability\\20240102_011831\\1704133141730.png, D:\\ktpm\\G1_Firefly_testing\\Reports\\20240102_011830\\Create a new liability\\20240102_011831\\1704133164664.png, D:\\ktpm\\G1_Firefly_testing\\Reports\\20240102_011830\\Create a new liability\\20240102_011831\\1704133164769.png, D:\\ktpm\\G1_Firefly_testing\\Reports\\20240102_011830\\Create a new liability\\20240102_011831\\1704133183895.png, D:\\ktpm\\G1_Firefly_testing\\Reports\\20240102_011830\\Create a new liability\\20240102_011831\\1704133184009.png, D:\\ktpm\\G1_Firefly_testing\\Reports\\20240102_011830\\Create a new liability\\20240102_011831\\1704133238928.png, D:\\ktpm\\G1_Firefly_testing\\Reports\\20240102_011830\\Create a new liability\\20240102_011831\\1704133239017.png, D:\\ktpm\\G1_Firefly_testing\\Reports\\20240102_011830\\Create a new liability\\20240102_011831\\1704133290828.png, D:\\ktpm\\G1_Firefly_testing\\Reports\\20240102_011830\\Create a new liability\\20240102_011831\\1704133290931.png, D:\\ktpm\\G1_Firefly_testing\\Reports\\20240102_011830\\Create a new liability\\20240102_011831\\1704133309426.png, D:\\ktpm\\G1_Firefly_testing\\Reports\\20240102_011830\\Create a new liability\\20240102_011831\\1704133309528.png, D:\\ktpm\\G1_Firefly_testing\\Reports\\20240102_011830\\Create a new liability\\20240102_011831\\1704133328339.png, D:\\ktpm\\G1_Firefly_testing\\Reports\\20240102_011830\\Create a new liability\\20240102_011831\\1704133328458.png, D:\\ktpm\\G1_Firefly_testing\\Reports\\20240102_011830\\Create a new liability\\20240102_011831\\1704133346908.png, D:\\ktpm\\G1_Firefly_testing\\Reports\\20240102_011830\\Create a new liability\\20240102_011831\\1704133347015.png"/>
         <property name="hostName" value="Luat Huynh - LuatHuynh.mshome.net"/>
         <property name="os" value="Windows 11 64bit"/>
         <property name="katalonVersion" value="9.2.0.212"/>
         <property name="browser" value="Chrome 120.0.0.0"/>
         <property name="hostAddress" value="192.168.137.1"/>
         <property name="sessionId" value="0382057cad3c70aadc27ac4d4d80997f"/>
         <property name="seleniumVersion" value="3.141.59"/>
         <property name="proxyInformation" value="ProxyInformation { proxyOption=USE_SYSTEM, proxyServerType=HTTP, username=, password=********, proxyServerAddress=, proxyServerPort=0, executionList=&quot;&quot;, isApplyToDesiredCapabilities=true }"/>
         <property name="platform" value="Windows 11"/>
      </properties>
      <testcase name="Test Cases/Create a new liability" time="25.067" classname="Test Cases/Create a new liability" status="PASSED">
         <system-out><![CDATA[02-01-2024T01:18:37 - [TEST_CASE][PASSED] - Test Cases/Create a new liability: Test Cases/Create a new liability

02-01-2024T01:18:38 - [TEST_STEP][PASSED] - openBrowser(""): Browser is opened with url: ''

02-01-2024T01:18:38 - [MESSAGE][INFO] - Starting 'Chrome' driver

02-01-2024T01:18:38 - [MESSAGE][INFO] - Action delay is set to 0 milliseconds

02-01-2024T01:18:40 - [MESSAGE][PASSED] - Browser is opened with url: ''

02-01-2024T01:18:40 - [TEST_STEP][PASSED] - navigateToUrl("https://firefly.buudadawg.online/accounts/create/liabilities"): Navigate to 'https://firefly.buudadawg.online/accounts/create/liabilities' successfully

02-01-2024T01:18:41 - [MESSAGE][PASSED] - Navigate to 'https://firefly.buudadawg.online/accounts/create/liabilities' successfully

02-01-2024T01:18:41 - [TEST_STEP][PASSED] - setText(findTestObject("Object Repository/Create a new liability/Page_Login to Firefly III/input_email"), "huynhluat.dn@gmail.com"): Text 'huynhluat.dn@gmail.com' is set on object 'Object Repository/Create a new liability/Page_Login to Firefly III/input_email'

02-01-2024T01:18:42 - [MESSAGE][PASSED] - Text 'huynhluat.dn@gmail.com' is set on object 'Object Repository/Create a new liability/Page_Login to Firefly III/input_email'

02-01-2024T01:18:42 - [TEST_STEP][PASSED] - setEncryptedText(findTestObject("Object Repository/Create a new liability/Page_Login to Firefly III/input_password"), "GDttjE7iuxOgQwNBt53tbwiiBI5Qr4kb"): Text ****** has been set on object 'Object Repository/Create a new liability/Page_Login to Firefly III/input_password'

02-01-2024T01:18:43 - [MESSAGE][PASSED] - Text ****** has been set on object 'Object Repository/Create a new liability/Page_Login to Firefly III/input_password'

02-01-2024T01:18:43 - [TEST_STEP][PASSED] - click(findTestObject("Object Repository/Create a new liability/Page_Login to Firefly III/button_Sign in")): Object: 'Object Repository/Create a new liability/Page_Login to Firefly III/button_Sign in' is clicked on

02-01-2024T01:18:43 - [MESSAGE][PASSED] - Object: 'Object Repository/Create a new liability/Page_Login to Firefly III/button_Sign in' is clicked on

02-01-2024T01:18:43 - [TEST_STEP][PASSED] - setText(findTestObject("Object Repository/Create a new liability/Page_Create a new liability  Accounts  Firefly III/input_name"), name): Text 'esummerson0' is set on object 'Object Repository/Create a new liability/Page_Create a new liability  Accounts  Firefly III/input_name'

02-01-2024T01:18:45 - [MESSAGE][PASSED] - Text 'esummerson0' is set on object 'Object Repository/Create a new liability/Page_Create a new liability  Accounts  Firefly III/input_name'

02-01-2024T01:18:45 - [TEST_STEP][PASSED] - selectOptionByValue(findTestObject("Object Repository/Create a new liability/Page_Create a new liability  Accounts  Firefly III/select_Euro ()US Dollar ()"), currency, true): All options with value '8' are selected in object 'Object Repository/Create a new liability/Page_Create a new liability  Accounts  Firefly III/select_Euro ()US Dollar ()'  using regular expression

02-01-2024T01:18:46 - [MESSAGE][PASSED] - All options with value '8' are selected in object 'Object Repository/Create a new liability/Page_Create a new liability  Accounts  Firefly III/select_Euro ()US Dollar ()'  using regular expression

02-01-2024T01:18:46 - [TEST_STEP][PASSED] - selectOptionByValue(findTestObject("Object Repository/Create a new liability/Page_Create a new liability  Accounts  Firefly III/select_DebtLoanMortgage"), liability_type, true): All options with value '12' are selected in object 'Object Repository/Create a new liability/Page_Create a new liability  Accounts  Firefly III/select_DebtLoanMortgage'  using regular expression

02-01-2024T01:18:47 - [MESSAGE][PASSED] - All options with value '12' are selected in object 'Object Repository/Create a new liability/Page_Create a new liability  Accounts  Firefly III/select_DebtLoanMortgage'  using regular expression

02-01-2024T01:18:47 - [TEST_STEP][PASSED] - setText(findTestObject("Object Repository/Create a new liability/Page_Create a new liability  Accounts  Firefly III/input_opening_balance"), i_owe_amount): Text '6846.63' is set on object 'Object Repository/Create a new liability/Page_Create a new liability  Accounts  Firefly III/input_opening_balance'

02-01-2024T01:18:48 - [MESSAGE][PASSED] - Text '6846.63' is set on object 'Object Repository/Create a new liability/Page_Create a new liability  Accounts  Firefly III/input_opening_balance'

02-01-2024T01:18:48 - [TEST_STEP][PASSED] - selectOptionByValue(findTestObject("Object Repository/Create a new liability/Page_Create a new liability  Accounts  Firefly III/select_I owe this debt to somebody elseI am_93cb18"), liability_inout, true): All options with value 'credit' are selected in object 'Object Repository/Create a new liability/Page_Create a new liability  Accounts  Firefly III/select_I owe this debt to somebody elseI am_93cb18'  using regular expression

02-01-2024T01:18:49 - [MESSAGE][PASSED] - All options with value 'credit' are selected in object 'Object Repository/Create a new liability/Page_Create a new liability  Accounts  Firefly III/select_I owe this debt to somebody elseI am_93cb18'  using regular expression

02-01-2024T01:18:49 - [TEST_STEP][PASSED] - setText(findTestObject("Create a new liability/Page_Create a new liability  Accounts  Firefly III/input_opening_balance_date"), start_date_of_debt): Text '23/3/2023' is set on object 'Object Repository/Create a new liability/Page_Create a new liability  Accounts  Firefly III/input_opening_balance_date'

02-01-2024T01:18:50 - [MESSAGE][PASSED] - Text '23/3/2023' is set on object 'Object Repository/Create a new liability/Page_Create a new liability  Accounts  Firefly III/input_opening_balance_date'

02-01-2024T01:18:50 - [TEST_STEP][PASSED] - setText(findTestObject("Object Repository/Create a new liability/Page_Create a new liability  Accounts  Firefly III/input_interest"), interest): Text '85.47' is set on object 'Object Repository/Create a new liability/Page_Create a new liability  Accounts  Firefly III/input_interest'

02-01-2024T01:18:50 - [MESSAGE][PASSED] - Text '85.47' is set on object 'Object Repository/Create a new liability/Page_Create a new liability  Accounts  Firefly III/input_interest'

02-01-2024T01:18:50 - [TEST_STEP][PASSED] - selectOptionByValue(findTestObject("Object Repository/Create a new liability/Page_Create a new liability  Accounts  Firefly III/select_Per dayPer monthPer year"), interest_period, true): All options with value 'daily' are selected in object 'Object Repository/Create a new liability/Page_Create a new liability  Accounts  Firefly III/select_Per dayPer monthPer year'  using regular expression

02-01-2024T01:18:51 - [MESSAGE][PASSED] - All options with value 'daily' are selected in object 'Object Repository/Create a new liability/Page_Create a new liability  Accounts  Firefly III/select_Per dayPer monthPer year'  using regular expression

02-01-2024T01:18:51 - [TEST_STEP][PASSED] - setText(findTestObject("Object Repository/Create a new liability/Page_Create a new liability  Accounts  Firefly III/input_iban"), iban): Text 'ES45 4890 8415 9227 0261 1594' is set on object 'Object Repository/Create a new liability/Page_Create a new liability  Accounts  Firefly III/input_iban'

02-01-2024T01:18:52 - [MESSAGE][PASSED] - Text 'ES45 4890 8415 9227 0261 1594' is set on object 'Object Repository/Create a new liability/Page_Create a new liability  Accounts  Firefly III/input_iban'

02-01-2024T01:18:52 - [TEST_STEP][PASSED] - setText(findTestObject("Object Repository/Create a new liability/Page_Create a new liability  Accounts  Firefly III/input_BIC"), bic): Text 'ZVPGVENE96R' is set on object 'Object Repository/Create a new liability/Page_Create a new liability  Accounts  Firefly III/input_BIC'

02-01-2024T01:18:52 - [MESSAGE][PASSED] - Text 'ZVPGVENE96R' is set on object 'Object Repository/Create a new liability/Page_Create a new liability  Accounts  Firefly III/input_BIC'

02-01-2024T01:18:52 - [TEST_STEP][PASSED] - setText(findTestObject("Object Repository/Create a new liability/Page_Create a new liability  Accounts  Firefly III/input_account_number"), account_number): Text '5048370000000000' is set on object 'Object Repository/Create a new liability/Page_Create a new liability  Accounts  Firefly III/input_account_number'

02-01-2024T01:18:53 - [MESSAGE][PASSED] - Text '5048370000000000' is set on object 'Object Repository/Create a new liability/Page_Create a new liability  Accounts  Firefly III/input_account_number'

02-01-2024T01:18:53 - [TEST_STEP][PASSED] - if (include_in_net_worth == "false"): null

02-01-2024T01:18:53 - [TEST_STEP][PASSED] - setText(findTestObject("Object Repository/Create a new liability/Page_Create a new liability  Accounts  Firefly III/textarea_notes"), notes): Text 'Lorem ipsum dolor sit amet, consectetuer adipiscing elit. Proin risus. Praesent lectus.

Vestibulum quam sapien, varius ut, blandit non, interdum in, ante. Vestibulum ante ipsum primis in faucibus orci luctus et ultrices posuere cubilia Curae; Duis faucibus accumsan odio. Curabitur convallis.

Duis consequat dui nec nisi volutpat eleifend. Donec ut dolor. Morbi vel lectus in quam fringilla rhoncus.' is set on object 'Object Repository/Create a new liability/Page_Create a new liability  Accounts  Firefly III/textarea_notes'

02-01-2024T01:18:55 - [MESSAGE][PASSED] - Text 'Lorem ipsum dolor sit amet, consectetuer adipiscing elit. Proin risus. Praesent lectus.

Vestibulum quam sapien, varius ut, blandit non, interdum in, ante. Vestibulum ante ipsum primis in faucibus orci luctus et ultrices posuere cubilia Curae; Duis faucibus accumsan odio. Curabitur convallis.

Duis consequat dui nec nisi volutpat eleifend. Donec ut dolor. Morbi vel lectus in quam fringilla rhoncus.' is set on object 'Object Repository/Create a new liability/Page_Create a new liability  Accounts  Firefly III/textarea_notes'

02-01-2024T01:18:55 - [TEST_STEP][PASSED] - if (attachments != ""): File 'D:\ktpm\G1_Firefly_testing\Attachments File\Report_1MB.csv' sent to object: 'Object Repository/Create a new liability/Page_Create a new liability  Accounts  Firefly III/upload file'

02-01-2024T01:18:55 - [TEST_STEP][PASSED] - absolutePath = normalize().toString(): null

02-01-2024T01:18:55 - [TEST_STEP][PASSED] - uploadFile(findTestObject("Create a new liability/Page_Create a new liability  Accounts  Firefly III/upload file"), absolutePath): File 'D:\ktpm\G1_Firefly_testing\Attachments File\Report_1MB.csv' sent to object: 'Object Repository/Create a new liability/Page_Create a new liability  Accounts  Firefly III/upload file'

02-01-2024T01:18:55 - [MESSAGE][PASSED] - File 'D:\ktpm\G1_Firefly_testing\Attachments File\Report_1MB.csv' sent to object: 'Object Repository/Create a new liability/Page_Create a new liability  Accounts  Firefly III/upload file'

02-01-2024T01:18:55 - [TEST_STEP][PASSED] - click(findTestObject("Object Repository/Create a new liability/Page_Create a new liability  Accounts  Firefly III/button_Store new liability")): Object: 'Object Repository/Create a new liability/Page_Create a new liability  Accounts  Firefly III/button_Store new liability' is clicked on

02-01-2024T01:18:59 - [MESSAGE][PASSED] - Object: 'Object Repository/Create a new liability/Page_Create a new liability  Accounts  Firefly III/button_Store new liability' is clicked on

02-01-2024T01:18:59 - [TEST_STEP][FAILED] - try: Unable to verify object 'Object Repository/Shared_alert/text_dangers' is present (Root cause: com.kms.katalon.core.exception.StepFailedException: Unable to verify object 'Object Repository/Shared_alert/text_dangers' is present
	at com.kms.katalon.core.webui.keyword.internal.WebUIKeywordMain.stepFailed(WebUIKeywordMain.groovy:64)
	at com.kms.katalon.core.webui.keyword.internal.WebUIKeywordMain.runKeyword(WebUIKeywordMain.groovy:26)
	at com.kms.katalon.core.webui.keyword.builtin.VerifyElementPresentKeyword.verifyElementPresent(VerifyElementPresentKeyword.groovy:92)
	at com.kms.katalon.core.webui.keyword.builtin.VerifyElementPresentKeyword.execute(VerifyElementPresentKeyword.groovy:68)
	at com.kms.katalon.core.keyword.internal.KeywordExecutor.executeKeywordForPlatform(KeywordExecutor.groovy:74)
	at com.kms.katalon.core.webui.keyword.WebUiBuiltInKeywords.verifyElementPresent(WebUiBuiltInKeywords.groovy:1503)
	at Create a new liability.run(Create a new liability:81)
	at com.kms.katalon.core.main.ScriptEngine.run(ScriptEngine.java:194)
	at com.kms.katalon.core.main.ScriptEngine.runScriptAsRawText(ScriptEngine.java:119)
	at com.kms.katalon.core.main.TestCaseExecutor.runScript(TestCaseExecutor.java:448)
	at com.kms.katalon.core.main.TestCaseExecutor.doExecute(TestCaseExecutor.java:439)
	at com.kms.katalon.core.main.TestCaseExecutor.processExecutionPhase(TestCaseExecutor.java:418)
	at com.kms.katalon.core.main.TestCaseExecutor.accessMainPhase(TestCaseExecutor.java:410)
	at com.kms.katalon.core.main.TestCaseExecutor.execute(TestCaseExecutor.java:285)
	at com.kms.katalon.core.common.CommonExecutor.accessTestCaseMainPhase(CommonExecutor.java:65)
	at com.kms.katalon.core.main.TestSuiteExecutor.accessTestSuiteMainPhase(TestSuiteExecutor.java:148)
	at com.kms.katalon.core.main.TestSuiteExecutor.execute(TestSuiteExecutor.java:106)
	at com.kms.katalon.core.main.TestCaseMain.startTestSuite(TestCaseMain.java:180)
	at TempTestSuite1704133111684.run(TempTestSuite1704133111684.groovy:36)
	at java.base/jdk.internal.reflect.NativeMethodAccessorImpl.invoke0(Native Method)
	at java.base/jdk.internal.reflect.NativeMethodAccessorImpl.invoke(NativeMethodAccessorImpl.java:77)
	at java.base/jdk.internal.reflect.DelegatingMethodAccessorImpl.invoke(DelegatingMethodAccessorImpl.java:43)
Caused by: com.kms.katalon.core.exception.StepFailedException: com.kms.katalon.core.webui.exception.WebElementNotFoundException: Web element with id: 'Object Repository/Shared_alert/text_dangers' located by '.text-danger' not found
	at com.kms.katalon.core.webui.keyword.internal.WebUIKeywordMain.stepFailed(WebUIKeywordMain.groovy:64)
	at com.kms.katalon.core.webui.keyword.builtin.VerifyElementPresentKeyword$_verifyElementPresent_closure1.doCall(VerifyElementPresentKeyword.groovy:85)
	at com.kms.katalon.core.webui.keyword.builtin.VerifyElementPresentKeyword$_verifyElementPresent_closure1.call(VerifyElementPresentKeyword.groovy)
	at com.kms.katalon.core.webui.keyword.internal.WebUIKeywordMain.runKeyword(WebUIKeywordMain.groovy:20)
	... 20 more
)

02-01-2024T01:18:59 - [TEST_STEP][FAILED] - verifyElementPresent(findTestObject("Shared_alert/text_dangers"), 1): Unable to verify object 'Object Repository/Shared_alert/text_dangers' is present (Root cause: com.kms.katalon.core.exception.StepFailedException: Unable to verify object 'Object Repository/Shared_alert/text_dangers' is present
	at com.kms.katalon.core.webui.keyword.internal.WebUIKeywordMain.stepFailed(WebUIKeywordMain.groovy:64)
	at com.kms.katalon.core.webui.keyword.internal.WebUIKeywordMain.runKeyword(WebUIKeywordMain.groovy:26)
	at com.kms.katalon.core.webui.keyword.builtin.VerifyElementPresentKeyword.verifyElementPresent(VerifyElementPresentKeyword.groovy:92)
	at com.kms.katalon.core.webui.keyword.builtin.VerifyElementPresentKeyword.execute(VerifyElementPresentKeyword.groovy:68)
	at com.kms.katalon.core.keyword.internal.KeywordExecutor.executeKeywordForPlatform(KeywordExecutor.groovy:74)
	at com.kms.katalon.core.webui.keyword.WebUiBuiltInKeywords.verifyElementPresent(WebUiBuiltInKeywords.groovy:1503)
	at Create a new liability.run(Create a new liability:81)
	at com.kms.katalon.core.main.ScriptEngine.run(ScriptEngine.java:194)
	at com.kms.katalon.core.main.ScriptEngine.runScriptAsRawText(ScriptEngine.java:119)
	at com.kms.katalon.core.main.TestCaseExecutor.runScript(TestCaseExecutor.java:448)
	at com.kms.katalon.core.main.TestCaseExecutor.doExecute(TestCaseExecutor.java:439)
	at com.kms.katalon.core.main.TestCaseExecutor.processExecutionPhase(TestCaseExecutor.java:418)
	at com.kms.katalon.core.main.TestCaseExecutor.accessMainPhase(TestCaseExecutor.java:410)
	at com.kms.katalon.core.main.TestCaseExecutor.execute(TestCaseExecutor.java:285)
	at com.kms.katalon.core.common.CommonExecutor.accessTestCaseMainPhase(CommonExecutor.java:65)
	at com.kms.katalon.core.main.TestSuiteExecutor.accessTestSuiteMainPhase(TestSuiteExecutor.java:148)
	at com.kms.katalon.core.main.TestSuiteExecutor.execute(TestSuiteExecutor.java:106)
	at com.kms.katalon.core.main.TestCaseMain.startTestSuite(TestCaseMain.java:180)
	at TempTestSuite1704133111684.run(TempTestSuite1704133111684.groovy:36)
	at java.base/jdk.internal.reflect.NativeMethodAccessorImpl.invoke0(Native Method)
	at java.base/jdk.internal.reflect.NativeMethodAccessorImpl.invoke(NativeMethodAccessorImpl.java:77)
	at java.base/jdk.internal.reflect.DelegatingMethodAccessorImpl.invoke(DelegatingMethodAccessorImpl.java:43)
Caused by: com.kms.katalon.core.exception.StepFailedException: com.kms.katalon.core.webui.exception.WebElementNotFoundException: Web element with id: 'Object Repository/Shared_alert/text_dangers' located by '.text-danger' not found
	at com.kms.katalon.core.webui.keyword.internal.WebUIKeywordMain.stepFailed(WebUIKeywordMain.groovy:64)
	at com.kms.katalon.core.webui.keyword.builtin.VerifyElementPresentKeyword$_verifyElementPresent_closure1.doCall(VerifyElementPresentKeyword.groovy:85)
	at com.kms.katalon.core.webui.keyword.builtin.VerifyElementPresentKeyword$_verifyElementPresent_closure1.call(VerifyElementPresentKeyword.groovy)
	at com.kms.katalon.core.webui.keyword.internal.WebUIKeywordMain.runKeyword(WebUIKeywordMain.groovy:20)
	... 20 more
)

02-01-2024T01:19:01 - [MESSAGE][INFO] - Unable to find the element located by 'By.cssSelector: .text-danger'. Please recheck the objects properties to make sure the desired element is located. 

02-01-2024T01:19:01 - [MESSAGE][FAILED] - com.kms.katalon.core.webui.exception.WebElementNotFoundException: Web element with id: 'Object Repository/Shared_alert/text_dangers' located by '.text-danger' not found (Root cause: com.kms.katalon.core.exception.StepFailedException: com.kms.katalon.core.webui.exception.WebElementNotFoundException: Web element with id: 'Object Repository/Shared_alert/text_dangers' located by '.text-danger' not found
	at com.kms.katalon.core.webui.keyword.internal.WebUIKeywordMain.stepFailed(WebUIKeywordMain.groovy:64)
	at com.kms.katalon.core.webui.keyword.builtin.VerifyElementPresentKeyword$_verifyElementPresent_closure1.doCall(VerifyElementPresentKeyword.groovy:85)
	at com.kms.katalon.core.webui.keyword.builtin.VerifyElementPresentKeyword$_verifyElementPresent_closure1.call(VerifyElementPresentKeyword.groovy)
	at com.kms.katalon.core.webui.keyword.internal.WebUIKeywordMain.runKeyword(WebUIKeywordMain.groovy:20)
	at com.kms.katalon.core.webui.keyword.builtin.VerifyElementPresentKeyword.verifyElementPresent(VerifyElementPresentKeyword.groovy:92)
	at com.kms.katalon.core.webui.keyword.builtin.VerifyElementPresentKeyword.execute(VerifyElementPresentKeyword.groovy:68)
	at com.kms.katalon.core.keyword.internal.KeywordExecutor.executeKeywordForPlatform(KeywordExecutor.groovy:74)
	at com.kms.katalon.core.webui.keyword.WebUiBuiltInKeywords.verifyElementPresent(WebUiBuiltInKeywords.groovy:1503)
	at Create a new liability.run(Create a new liability:81)
	at com.kms.katalon.core.main.ScriptEngine.run(ScriptEngine.java:194)
	at com.kms.katalon.core.main.ScriptEngine.runScriptAsRawText(ScriptEngine.java:119)
	at com.kms.katalon.core.main.TestCaseExecutor.runScript(TestCaseExecutor.java:448)
	at com.kms.katalon.core.main.TestCaseExecutor.doExecute(TestCaseExecutor.java:439)
	at com.kms.katalon.core.main.TestCaseExecutor.processExecutionPhase(TestCaseExecutor.java:418)
	at com.kms.katalon.core.main.TestCaseExecutor.accessMainPhase(TestCaseExecutor.java:410)
	at com.kms.katalon.core.main.TestCaseExecutor.execute(TestCaseExecutor.java:285)
	at com.kms.katalon.core.common.CommonExecutor.accessTestCaseMainPhase(CommonExecutor.java:65)
	at com.kms.katalon.core.main.TestSuiteExecutor.accessTestSuiteMainPhase(TestSuiteExecutor.java:148)
	at com.kms.katalon.core.main.TestSuiteExecutor.execute(TestSuiteExecutor.java:106)
	at com.kms.katalon.core.main.TestCaseMain.startTestSuite(TestCaseMain.java:180)
	at TempTestSuite1704133111684.run(TempTestSuite1704133111684.groovy:36)
	at java.base/jdk.internal.reflect.NativeMethodAccessorImpl.invoke0(Native Method)
	at java.base/jdk.internal.reflect.NativeMethodAccessorImpl.invoke(NativeMethodAccessorImpl.java:77)
	at java.base/jdk.internal.reflect.DelegatingMethodAccessorImpl.invoke(DelegatingMethodAccessorImpl.java:43)
)
[[ATTACHMENT|D:\\ktpm\\G1_Firefly_testing\\Reports\\20240102_011830\\Create a new liability\\20240102_011831\\1704133141583.png]]

02-01-2024T01:19:01 - [MESSAGE][FAILED] - Unable to verify object 'Object Repository/Shared_alert/text_dangers' is present (Root cause: com.kms.katalon.core.exception.StepFailedException: Unable to verify object 'Object Repository/Shared_alert/text_dangers' is present
	at com.kms.katalon.core.webui.keyword.internal.WebUIKeywordMain.stepFailed(WebUIKeywordMain.groovy:64)
	at com.kms.katalon.core.webui.keyword.internal.WebUIKeywordMain.runKeyword(WebUIKeywordMain.groovy:26)
	at com.kms.katalon.core.webui.keyword.builtin.VerifyElementPresentKeyword.verifyElementPresent(VerifyElementPresentKeyword.groovy:92)
	at com.kms.katalon.core.webui.keyword.builtin.VerifyElementPresentKeyword.execute(VerifyElementPresentKeyword.groovy:68)
	at com.kms.katalon.core.keyword.internal.KeywordExecutor.executeKeywordForPlatform(KeywordExecutor.groovy:74)
	at com.kms.katalon.core.webui.keyword.WebUiBuiltInKeywords.verifyElementPresent(WebUiBuiltInKeywords.groovy:1503)
	at Create a new liability.run(Create a new liability:81)
	at com.kms.katalon.core.main.ScriptEngine.run(ScriptEngine.java:194)
	at com.kms.katalon.core.main.ScriptEngine.runScriptAsRawText(ScriptEngine.java:119)
	at com.kms.katalon.core.main.TestCaseExecutor.runScript(TestCaseExecutor.java:448)
	at com.kms.katalon.core.main.TestCaseExecutor.doExecute(TestCaseExecutor.java:439)
	at com.kms.katalon.core.main.TestCaseExecutor.processExecutionPhase(TestCaseExecutor.java:418)
	at com.kms.katalon.core.main.TestCaseExecutor.accessMainPhase(TestCaseExecutor.java:410)
	at com.kms.katalon.core.main.TestCaseExecutor.execute(TestCaseExecutor.java:285)
	at com.kms.katalon.core.common.CommonExecutor.accessTestCaseMainPhase(CommonExecutor.java:65)
	at com.kms.katalon.core.main.TestSuiteExecutor.accessTestSuiteMainPhase(TestSuiteExecutor.java:148)
	at com.kms.katalon.core.main.TestSuiteExecutor.execute(TestSuiteExecutor.java:106)
	at com.kms.katalon.core.main.TestCaseMain.startTestSuite(TestCaseMain.java:180)
	at TempTestSuite1704133111684.run(TempTestSuite1704133111684.groovy:36)
	at java.base/jdk.internal.reflect.NativeMethodAccessorImpl.invoke0(Native Method)
	at java.base/jdk.internal.reflect.NativeMethodAccessorImpl.invoke(NativeMethodAccessorImpl.java:77)
	at java.base/jdk.internal.reflect.DelegatingMethodAccessorImpl.invoke(DelegatingMethodAccessorImpl.java:43)
Caused by: com.kms.katalon.core.exception.StepFailedException: com.kms.katalon.core.webui.exception.WebElementNotFoundException: Web element with id: 'Object Repository/Shared_alert/text_dangers' located by '.text-danger' not found
	at com.kms.katalon.core.webui.keyword.internal.WebUIKeywordMain.stepFailed(WebUIKeywordMain.groovy:64)
	at com.kms.katalon.core.webui.keyword.builtin.VerifyElementPresentKeyword$_verifyElementPresent_closure1.doCall(VerifyElementPresentKeyword.groovy:85)
	at com.kms.katalon.core.webui.keyword.builtin.VerifyElementPresentKeyword$_verifyElementPresent_closure1.call(VerifyElementPresentKeyword.groovy)
	at com.kms.katalon.core.webui.keyword.internal.WebUIKeywordMain.runKeyword(WebUIKeywordMain.groovy:20)
	... 20 more
)
[[ATTACHMENT|D:\\ktpm\\G1_Firefly_testing\\Reports\\20240102_011830\\Create a new liability\\20240102_011831\\1704133141730.png]]

02-01-2024T01:19:01 - [TEST_STEP][PASSED] - catch (Exception err): null

02-01-2024T01:19:01 - [TEST_STEP][PASSED] - verifyElementPresent(findTestObject("Shared_alert/success_alert"), 1): Object 'Object Repository/Shared_alert/success_alert' is present

02-01-2024T01:19:02 - [MESSAGE][PASSED] - Object 'Object Repository/Shared_alert/success_alert' is present

02-01-2024T01:19:02 - [TEST_STEP][PASSED] - if (attachments == "Attachments File/Report_65MB.csv"): null

02-01-2024T01:19:02 - [TEST_STEP][PASSED] - out.println("success"): null

02-01-2024T01:19:02 - [TEST_STEP][PASSED] - closeBrowser(): Browser is closed

02-01-2024T01:19:02 - [MESSAGE][PASSED] - Browser is closed]]></system-out>
         <system-err><![CDATA[]]></system-err>
      </testcase>
      <testcase name="Test Cases/Create a new liability" time="22.666" classname="Test Cases/Create a new liability" status="PASSED">
         <system-out><![CDATA[02-01-2024T01:19:02 - [TEST_CASE][PASSED] - Test Cases/Create a new liability: Test Cases/Create a new liability

02-01-2024T01:19:02 - [TEST_STEP][PASSED] - openBrowser(""): Browser is opened with url: ''

02-01-2024T01:19:02 - [MESSAGE][INFO] - Starting 'Chrome' driver

02-01-2024T01:19:02 - [MESSAGE][INFO] - Action delay is set to 0 milliseconds

02-01-2024T01:19:04 - [MESSAGE][PASSED] - Browser is opened with url: ''

02-01-2024T01:19:04 - [TEST_STEP][PASSED] - navigateToUrl("https://firefly.buudadawg.online/accounts/create/liabilities"): Navigate to 'https://firefly.buudadawg.online/accounts/create/liabilities' successfully

02-01-2024T01:19:05 - [MESSAGE][PASSED] - Navigate to 'https://firefly.buudadawg.online/accounts/create/liabilities' successfully

02-01-2024T01:19:05 - [TEST_STEP][PASSED] - setText(findTestObject("Object Repository/Create a new liability/Page_Login to Firefly III/input_email"), "huynhluat.dn@gmail.com"): Text 'huynhluat.dn@gmail.com' is set on object 'Object Repository/Create a new liability/Page_Login to Firefly III/input_email'

02-01-2024T01:19:06 - [MESSAGE][PASSED] - Text 'huynhluat.dn@gmail.com' is set on object 'Object Repository/Create a new liability/Page_Login to Firefly III/input_email'

02-01-2024T01:19:06 - [TEST_STEP][PASSED] - setEncryptedText(findTestObject("Object Repository/Create a new liability/Page_Login to Firefly III/input_password"), "GDttjE7iuxOgQwNBt53tbwiiBI5Qr4kb"): Text ****** has been set on object 'Object Repository/Create a new liability/Page_Login to Firefly III/input_password'

02-01-2024T01:19:06 - [MESSAGE][PASSED] - Text ****** has been set on object 'Object Repository/Create a new liability/Page_Login to Firefly III/input_password'

02-01-2024T01:19:06 - [TEST_STEP][PASSED] - click(findTestObject("Object Repository/Create a new liability/Page_Login to Firefly III/button_Sign in")): Object: 'Object Repository/Create a new liability/Page_Login to Firefly III/button_Sign in' is clicked on

02-01-2024T01:19:10 - [MESSAGE][PASSED] - Object: 'Object Repository/Create a new liability/Page_Login to Firefly III/button_Sign in' is clicked on

02-01-2024T01:19:10 - [TEST_STEP][PASSED] - setText(findTestObject("Object Repository/Create a new liability/Page_Create a new liability  Accounts  Firefly III/input_name"), name): Text 'skerrod1' is set on object 'Object Repository/Create a new liability/Page_Create a new liability  Accounts  Firefly III/input_name'

02-01-2024T01:19:11 - [MESSAGE][PASSED] - Text 'skerrod1' is set on object 'Object Repository/Create a new liability/Page_Create a new liability  Accounts  Firefly III/input_name'

02-01-2024T01:19:11 - [TEST_STEP][PASSED] - selectOptionByValue(findTestObject("Object Repository/Create a new liability/Page_Create a new liability  Accounts  Firefly III/select_Euro ()US Dollar ()"), currency, true): All options with value '1' are selected in object 'Object Repository/Create a new liability/Page_Create a new liability  Accounts  Firefly III/select_Euro ()US Dollar ()'  using regular expression

02-01-2024T01:19:12 - [MESSAGE][PASSED] - All options with value '1' are selected in object 'Object Repository/Create a new liability/Page_Create a new liability  Accounts  Firefly III/select_Euro ()US Dollar ()'  using regular expression

02-01-2024T01:19:12 - [TEST_STEP][PASSED] - selectOptionByValue(findTestObject("Object Repository/Create a new liability/Page_Create a new liability  Accounts  Firefly III/select_DebtLoanMortgage"), liability_type, true): All options with value '9' are selected in object 'Object Repository/Create a new liability/Page_Create a new liability  Accounts  Firefly III/select_DebtLoanMortgage'  using regular expression

02-01-2024T01:19:13 - [MESSAGE][PASSED] - All options with value '9' are selected in object 'Object Repository/Create a new liability/Page_Create a new liability  Accounts  Firefly III/select_DebtLoanMortgage'  using regular expression

02-01-2024T01:19:13 - [TEST_STEP][PASSED] - setText(findTestObject("Object Repository/Create a new liability/Page_Create a new liability  Accounts  Firefly III/input_opening_balance"), i_owe_amount): Text '1965.48' is set on object 'Object Repository/Create a new liability/Page_Create a new liability  Accounts  Firefly III/input_opening_balance'

02-01-2024T01:19:13 - [MESSAGE][PASSED] - Text '1965.48' is set on object 'Object Repository/Create a new liability/Page_Create a new liability  Accounts  Firefly III/input_opening_balance'

02-01-2024T01:19:13 - [TEST_STEP][PASSED] - selectOptionByValue(findTestObject("Object Repository/Create a new liability/Page_Create a new liability  Accounts  Firefly III/select_I owe this debt to somebody elseI am_93cb18"), liability_inout, true): All options with value 'debit' are selected in object 'Object Repository/Create a new liability/Page_Create a new liability  Accounts  Firefly III/select_I owe this debt to somebody elseI am_93cb18'  using regular expression

02-01-2024T01:19:14 - [MESSAGE][PASSED] - All options with value 'debit' are selected in object 'Object Repository/Create a new liability/Page_Create a new liability  Accounts  Firefly III/select_I owe this debt to somebody elseI am_93cb18'  using regular expression

02-01-2024T01:19:14 - [TEST_STEP][PASSED] - setText(findTestObject("Create a new liability/Page_Create a new liability  Accounts  Firefly III/input_opening_balance_date"), start_date_of_debt): Text '19/12/2023' is set on object 'Object Repository/Create a new liability/Page_Create a new liability  Accounts  Firefly III/input_opening_balance_date'

02-01-2024T01:19:15 - [MESSAGE][PASSED] - Text '19/12/2023' is set on object 'Object Repository/Create a new liability/Page_Create a new liability  Accounts  Firefly III/input_opening_balance_date'

02-01-2024T01:19:15 - [TEST_STEP][PASSED] - setText(findTestObject("Object Repository/Create a new liability/Page_Create a new liability  Accounts  Firefly III/input_interest"), interest): Text '69.19' is set on object 'Object Repository/Create a new liability/Page_Create a new liability  Accounts  Firefly III/input_interest'

02-01-2024T01:19:16 - [MESSAGE][PASSED] - Text '69.19' is set on object 'Object Repository/Create a new liability/Page_Create a new liability  Accounts  Firefly III/input_interest'

02-01-2024T01:19:16 - [TEST_STEP][PASSED] - selectOptionByValue(findTestObject("Object Repository/Create a new liability/Page_Create a new liability  Accounts  Firefly III/select_Per dayPer monthPer year"), interest_period, true): All options with value 'monthly' are selected in object 'Object Repository/Create a new liability/Page_Create a new liability  Accounts  Firefly III/select_Per dayPer monthPer year'  using regular expression

02-01-2024T01:19:16 - [MESSAGE][PASSED] - All options with value 'monthly' are selected in object 'Object Repository/Create a new liability/Page_Create a new liability  Accounts  Firefly III/select_Per dayPer monthPer year'  using regular expression

02-01-2024T01:19:16 - [TEST_STEP][PASSED] - setText(findTestObject("Object Repository/Create a new liability/Page_Create a new liability  Accounts  Firefly III/input_iban"), iban): Text 'IS19 4000 9077 3907 2188 7253 31' is set on object 'Object Repository/Create a new liability/Page_Create a new liability  Accounts  Firefly III/input_iban'

02-01-2024T01:19:17 - [MESSAGE][PASSED] - Text 'IS19 4000 9077 3907 2188 7253 31' is set on object 'Object Repository/Create a new liability/Page_Create a new liability  Accounts  Firefly III/input_iban'

02-01-2024T01:19:17 - [TEST_STEP][PASSED] - setText(findTestObject("Object Repository/Create a new liability/Page_Create a new liability  Accounts  Firefly III/input_BIC"), bic): Text 'VPUCXK30W0Z' is set on object 'Object Repository/Create a new liability/Page_Create a new liability  Accounts  Firefly III/input_BIC'

02-01-2024T01:19:18 - [MESSAGE][PASSED] - Text 'VPUCXK30W0Z' is set on object 'Object Repository/Create a new liability/Page_Create a new liability  Accounts  Firefly III/input_BIC'

02-01-2024T01:19:18 - [TEST_STEP][PASSED] - setText(findTestObject("Object Repository/Create a new liability/Page_Create a new liability  Accounts  Firefly III/input_account_number"), account_number): Text '5100150000000000' is set on object 'Object Repository/Create a new liability/Page_Create a new liability  Accounts  Firefly III/input_account_number'

02-01-2024T01:19:18 - [MESSAGE][PASSED] - Text '5100150000000000' is set on object 'Object Repository/Create a new liability/Page_Create a new liability  Accounts  Firefly III/input_account_number'

02-01-2024T01:19:18 - [TEST_STEP][PASSED] - if (include_in_net_worth == "false"): null

02-01-2024T01:19:18 - [TEST_STEP][PASSED] - setText(findTestObject("Object Repository/Create a new liability/Page_Create a new liability  Accounts  Firefly III/textarea_notes"), notes): Text '' is set on object 'Object Repository/Create a new liability/Page_Create a new liability  Accounts  Firefly III/textarea_notes'

02-01-2024T01:19:19 - [MESSAGE][PASSED] - Text '' is set on object 'Object Repository/Create a new liability/Page_Create a new liability  Accounts  Firefly III/textarea_notes'

02-01-2024T01:19:19 - [TEST_STEP][PASSED] - if (attachments != ""): File 'D:\ktpm\G1_Firefly_testing\Attachments File\Report_1MB.csv' sent to object: 'Object Repository/Create a new liability/Page_Create a new liability  Accounts  Firefly III/upload file'

02-01-2024T01:19:19 - [TEST_STEP][PASSED] - absolutePath = normalize().toString(): null

02-01-2024T01:19:19 - [TEST_STEP][PASSED] - uploadFile(findTestObject("Create a new liability/Page_Create a new liability  Accounts  Firefly III/upload file"), absolutePath): File 'D:\ktpm\G1_Firefly_testing\Attachments File\Report_1MB.csv' sent to object: 'Object Repository/Create a new liability/Page_Create a new liability  Accounts  Firefly III/upload file'

02-01-2024T01:19:19 - [MESSAGE][PASSED] - File 'D:\ktpm\G1_Firefly_testing\Attachments File\Report_1MB.csv' sent to object: 'Object Repository/Create a new liability/Page_Create a new liability  Accounts  Firefly III/upload file'

02-01-2024T01:19:19 - [TEST_STEP][PASSED] - click(findTestObject("Object Repository/Create a new liability/Page_Create a new liability  Accounts  Firefly III/button_Store new liability")): Object: 'Object Repository/Create a new liability/Page_Create a new liability  Accounts  Firefly III/button_Store new liability' is clicked on

02-01-2024T01:19:22 - [MESSAGE][PASSED] - Object: 'Object Repository/Create a new liability/Page_Create a new liability  Accounts  Firefly III/button_Store new liability' is clicked on

02-01-2024T01:19:22 - [TEST_STEP][FAILED] - try: Unable to verify object 'Object Repository/Shared_alert/text_dangers' is present (Root cause: com.kms.katalon.core.exception.StepFailedException: Unable to verify object 'Object Repository/Shared_alert/text_dangers' is present
	at com.kms.katalon.core.webui.keyword.internal.WebUIKeywordMain.stepFailed(WebUIKeywordMain.groovy:64)
	at com.kms.katalon.core.webui.keyword.internal.WebUIKeywordMain.runKeyword(WebUIKeywordMain.groovy:26)
	at com.kms.katalon.core.webui.keyword.builtin.VerifyElementPresentKeyword.verifyElementPresent(VerifyElementPresentKeyword.groovy:92)
	at com.kms.katalon.core.webui.keyword.builtin.VerifyElementPresentKeyword.execute(VerifyElementPresentKeyword.groovy:68)
	at com.kms.katalon.core.keyword.internal.KeywordExecutor.executeKeywordForPlatform(KeywordExecutor.groovy:74)
	at com.kms.katalon.core.webui.keyword.WebUiBuiltInKeywords.verifyElementPresent(WebUiBuiltInKeywords.groovy:1503)
	at Create a new liability.run(Create a new liability:81)
	at com.kms.katalon.core.main.ScriptEngine.run(ScriptEngine.java:194)
	at com.kms.katalon.core.main.ScriptEngine.runScriptAsRawText(ScriptEngine.java:119)
	at com.kms.katalon.core.main.TestCaseExecutor.runScript(TestCaseExecutor.java:448)
	at com.kms.katalon.core.main.TestCaseExecutor.doExecute(TestCaseExecutor.java:439)
	at com.kms.katalon.core.main.TestCaseExecutor.processExecutionPhase(TestCaseExecutor.java:418)
	at com.kms.katalon.core.main.TestCaseExecutor.accessMainPhase(TestCaseExecutor.java:410)
	at com.kms.katalon.core.main.TestCaseExecutor.execute(TestCaseExecutor.java:285)
	at com.kms.katalon.core.common.CommonExecutor.accessTestCaseMainPhase(CommonExecutor.java:65)
	at com.kms.katalon.core.main.TestSuiteExecutor.accessTestSuiteMainPhase(TestSuiteExecutor.java:148)
	at com.kms.katalon.core.main.TestSuiteExecutor.execute(TestSuiteExecutor.java:106)
	at com.kms.katalon.core.main.TestCaseMain.startTestSuite(TestCaseMain.java:180)
	at TempTestSuite1704133111684.run(TempTestSuite1704133111684.groovy:36)
	at java.base/jdk.internal.reflect.NativeMethodAccessorImpl.invoke0(Native Method)
	at java.base/jdk.internal.reflect.NativeMethodAccessorImpl.invoke(NativeMethodAccessorImpl.java:77)
	at java.base/jdk.internal.reflect.DelegatingMethodAccessorImpl.invoke(DelegatingMethodAccessorImpl.java:43)
Caused by: com.kms.katalon.core.exception.StepFailedException: com.kms.katalon.core.webui.exception.WebElementNotFoundException: Web element with id: 'Object Repository/Shared_alert/text_dangers' located by '.text-danger' not found
	at com.kms.katalon.core.webui.keyword.internal.WebUIKeywordMain.stepFailed(WebUIKeywordMain.groovy:64)
	at com.kms.katalon.core.webui.keyword.builtin.VerifyElementPresentKeyword$_verifyElementPresent_closure1.doCall(VerifyElementPresentKeyword.groovy:85)
	at com.kms.katalon.core.webui.keyword.builtin.VerifyElementPresentKeyword$_verifyElementPresent_closure1.call(VerifyElementPresentKeyword.groovy)
	at com.kms.katalon.core.webui.keyword.internal.WebUIKeywordMain.runKeyword(WebUIKeywordMain.groovy:20)
	... 20 more
)

02-01-2024T01:19:22 - [TEST_STEP][FAILED] - verifyElementPresent(findTestObject("Shared_alert/text_dangers"), 1): Unable to verify object 'Object Repository/Shared_alert/text_dangers' is present (Root cause: com.kms.katalon.core.exception.StepFailedException: Unable to verify object 'Object Repository/Shared_alert/text_dangers' is present
	at com.kms.katalon.core.webui.keyword.internal.WebUIKeywordMain.stepFailed(WebUIKeywordMain.groovy:64)
	at com.kms.katalon.core.webui.keyword.internal.WebUIKeywordMain.runKeyword(WebUIKeywordMain.groovy:26)
	at com.kms.katalon.core.webui.keyword.builtin.VerifyElementPresentKeyword.verifyElementPresent(VerifyElementPresentKeyword.groovy:92)
	at com.kms.katalon.core.webui.keyword.builtin.VerifyElementPresentKeyword.execute(VerifyElementPresentKeyword.groovy:68)
	at com.kms.katalon.core.keyword.internal.KeywordExecutor.executeKeywordForPlatform(KeywordExecutor.groovy:74)
	at com.kms.katalon.core.webui.keyword.WebUiBuiltInKeywords.verifyElementPresent(WebUiBuiltInKeywords.groovy:1503)
	at Create a new liability.run(Create a new liability:81)
	at com.kms.katalon.core.main.ScriptEngine.run(ScriptEngine.java:194)
	at com.kms.katalon.core.main.ScriptEngine.runScriptAsRawText(ScriptEngine.java:119)
	at com.kms.katalon.core.main.TestCaseExecutor.runScript(TestCaseExecutor.java:448)
	at com.kms.katalon.core.main.TestCaseExecutor.doExecute(TestCaseExecutor.java:439)
	at com.kms.katalon.core.main.TestCaseExecutor.processExecutionPhase(TestCaseExecutor.java:418)
	at com.kms.katalon.core.main.TestCaseExecutor.accessMainPhase(TestCaseExecutor.java:410)
	at com.kms.katalon.core.main.TestCaseExecutor.execute(TestCaseExecutor.java:285)
	at com.kms.katalon.core.common.CommonExecutor.accessTestCaseMainPhase(CommonExecutor.java:65)
	at com.kms.katalon.core.main.TestSuiteExecutor.accessTestSuiteMainPhase(TestSuiteExecutor.java:148)
	at com.kms.katalon.core.main.TestSuiteExecutor.execute(TestSuiteExecutor.java:106)
	at com.kms.katalon.core.main.TestCaseMain.startTestSuite(TestCaseMain.java:180)
	at TempTestSuite1704133111684.run(TempTestSuite1704133111684.groovy:36)
	at java.base/jdk.internal.reflect.NativeMethodAccessorImpl.invoke0(Native Method)
	at java.base/jdk.internal.reflect.NativeMethodAccessorImpl.invoke(NativeMethodAccessorImpl.java:77)
	at java.base/jdk.internal.reflect.DelegatingMethodAccessorImpl.invoke(DelegatingMethodAccessorImpl.java:43)
Caused by: com.kms.katalon.core.exception.StepFailedException: com.kms.katalon.core.webui.exception.WebElementNotFoundException: Web element with id: 'Object Repository/Shared_alert/text_dangers' located by '.text-danger' not found
	at com.kms.katalon.core.webui.keyword.internal.WebUIKeywordMain.stepFailed(WebUIKeywordMain.groovy:64)
	at com.kms.katalon.core.webui.keyword.builtin.VerifyElementPresentKeyword$_verifyElementPresent_closure1.doCall(VerifyElementPresentKeyword.groovy:85)
	at com.kms.katalon.core.webui.keyword.builtin.VerifyElementPresentKeyword$_verifyElementPresent_closure1.call(VerifyElementPresentKeyword.groovy)
	at com.kms.katalon.core.webui.keyword.internal.WebUIKeywordMain.runKeyword(WebUIKeywordMain.groovy:20)
	... 20 more
)

02-01-2024T01:19:24 - [MESSAGE][INFO] - Unable to find the element located by 'By.cssSelector: .text-danger'. Please recheck the objects properties to make sure the desired element is located. 

02-01-2024T01:19:24 - [MESSAGE][FAILED] - com.kms.katalon.core.webui.exception.WebElementNotFoundException: Web element with id: 'Object Repository/Shared_alert/text_dangers' located by '.text-danger' not found (Root cause: com.kms.katalon.core.exception.StepFailedException: com.kms.katalon.core.webui.exception.WebElementNotFoundException: Web element with id: 'Object Repository/Shared_alert/text_dangers' located by '.text-danger' not found
	at com.kms.katalon.core.webui.keyword.internal.WebUIKeywordMain.stepFailed(WebUIKeywordMain.groovy:64)
	at com.kms.katalon.core.webui.keyword.builtin.VerifyElementPresentKeyword$_verifyElementPresent_closure1.doCall(VerifyElementPresentKeyword.groovy:85)
	at com.kms.katalon.core.webui.keyword.builtin.VerifyElementPresentKeyword$_verifyElementPresent_closure1.call(VerifyElementPresentKeyword.groovy)
	at com.kms.katalon.core.webui.keyword.internal.WebUIKeywordMain.runKeyword(WebUIKeywordMain.groovy:20)
	at com.kms.katalon.core.webui.keyword.builtin.VerifyElementPresentKeyword.verifyElementPresent(VerifyElementPresentKeyword.groovy:92)
	at com.kms.katalon.core.webui.keyword.builtin.VerifyElementPresentKeyword.execute(VerifyElementPresentKeyword.groovy:68)
	at com.kms.katalon.core.keyword.internal.KeywordExecutor.executeKeywordForPlatform(KeywordExecutor.groovy:74)
	at com.kms.katalon.core.webui.keyword.WebUiBuiltInKeywords.verifyElementPresent(WebUiBuiltInKeywords.groovy:1503)
	at Create a new liability.run(Create a new liability:81)
	at com.kms.katalon.core.main.ScriptEngine.run(ScriptEngine.java:194)
	at com.kms.katalon.core.main.ScriptEngine.runScriptAsRawText(ScriptEngine.java:119)
	at com.kms.katalon.core.main.TestCaseExecutor.runScript(TestCaseExecutor.java:448)
	at com.kms.katalon.core.main.TestCaseExecutor.doExecute(TestCaseExecutor.java:439)
	at com.kms.katalon.core.main.TestCaseExecutor.processExecutionPhase(TestCaseExecutor.java:418)
	at com.kms.katalon.core.main.TestCaseExecutor.accessMainPhase(TestCaseExecutor.java:410)
	at com.kms.katalon.core.main.TestCaseExecutor.execute(TestCaseExecutor.java:285)
	at com.kms.katalon.core.common.CommonExecutor.accessTestCaseMainPhase(CommonExecutor.java:65)
	at com.kms.katalon.core.main.TestSuiteExecutor.accessTestSuiteMainPhase(TestSuiteExecutor.java:148)
	at com.kms.katalon.core.main.TestSuiteExecutor.execute(TestSuiteExecutor.java:106)
	at com.kms.katalon.core.main.TestCaseMain.startTestSuite(TestCaseMain.java:180)
	at TempTestSuite1704133111684.run(TempTestSuite1704133111684.groovy:36)
	at java.base/jdk.internal.reflect.NativeMethodAccessorImpl.invoke0(Native Method)
	at java.base/jdk.internal.reflect.NativeMethodAccessorImpl.invoke(NativeMethodAccessorImpl.java:77)
	at java.base/jdk.internal.reflect.DelegatingMethodAccessorImpl.invoke(DelegatingMethodAccessorImpl.java:43)
)
[[ATTACHMENT|D:\\ktpm\\G1_Firefly_testing\\Reports\\20240102_011830\\Create a new liability\\20240102_011831\\1704133164664.png]]

02-01-2024T01:19:24 - [MESSAGE][FAILED] - Unable to verify object 'Object Repository/Shared_alert/text_dangers' is present (Root cause: com.kms.katalon.core.exception.StepFailedException: Unable to verify object 'Object Repository/Shared_alert/text_dangers' is present
	at com.kms.katalon.core.webui.keyword.internal.WebUIKeywordMain.stepFailed(WebUIKeywordMain.groovy:64)
	at com.kms.katalon.core.webui.keyword.internal.WebUIKeywordMain.runKeyword(WebUIKeywordMain.groovy:26)
	at com.kms.katalon.core.webui.keyword.builtin.VerifyElementPresentKeyword.verifyElementPresent(VerifyElementPresentKeyword.groovy:92)
	at com.kms.katalon.core.webui.keyword.builtin.VerifyElementPresentKeyword.execute(VerifyElementPresentKeyword.groovy:68)
	at com.kms.katalon.core.keyword.internal.KeywordExecutor.executeKeywordForPlatform(KeywordExecutor.groovy:74)
	at com.kms.katalon.core.webui.keyword.WebUiBuiltInKeywords.verifyElementPresent(WebUiBuiltInKeywords.groovy:1503)
	at Create a new liability.run(Create a new liability:81)
	at com.kms.katalon.core.main.ScriptEngine.run(ScriptEngine.java:194)
	at com.kms.katalon.core.main.ScriptEngine.runScriptAsRawText(ScriptEngine.java:119)
	at com.kms.katalon.core.main.TestCaseExecutor.runScript(TestCaseExecutor.java:448)
	at com.kms.katalon.core.main.TestCaseExecutor.doExecute(TestCaseExecutor.java:439)
	at com.kms.katalon.core.main.TestCaseExecutor.processExecutionPhase(TestCaseExecutor.java:418)
	at com.kms.katalon.core.main.TestCaseExecutor.accessMainPhase(TestCaseExecutor.java:410)
	at com.kms.katalon.core.main.TestCaseExecutor.execute(TestCaseExecutor.java:285)
	at com.kms.katalon.core.common.CommonExecutor.accessTestCaseMainPhase(CommonExecutor.java:65)
	at com.kms.katalon.core.main.TestSuiteExecutor.accessTestSuiteMainPhase(TestSuiteExecutor.java:148)
	at com.kms.katalon.core.main.TestSuiteExecutor.execute(TestSuiteExecutor.java:106)
	at com.kms.katalon.core.main.TestCaseMain.startTestSuite(TestCaseMain.java:180)
	at TempTestSuite1704133111684.run(TempTestSuite1704133111684.groovy:36)
	at java.base/jdk.internal.reflect.NativeMethodAccessorImpl.invoke0(Native Method)
	at java.base/jdk.internal.reflect.NativeMethodAccessorImpl.invoke(NativeMethodAccessorImpl.java:77)
	at java.base/jdk.internal.reflect.DelegatingMethodAccessorImpl.invoke(DelegatingMethodAccessorImpl.java:43)
Caused by: com.kms.katalon.core.exception.StepFailedException: com.kms.katalon.core.webui.exception.WebElementNotFoundException: Web element with id: 'Object Repository/Shared_alert/text_dangers' located by '.text-danger' not found
	at com.kms.katalon.core.webui.keyword.internal.WebUIKeywordMain.stepFailed(WebUIKeywordMain.groovy:64)
	at com.kms.katalon.core.webui.keyword.builtin.VerifyElementPresentKeyword$_verifyElementPresent_closure1.doCall(VerifyElementPresentKeyword.groovy:85)
	at com.kms.katalon.core.webui.keyword.builtin.VerifyElementPresentKeyword$_verifyElementPresent_closure1.call(VerifyElementPresentKeyword.groovy)
	at com.kms.katalon.core.webui.keyword.internal.WebUIKeywordMain.runKeyword(WebUIKeywordMain.groovy:20)
	... 20 more
)
[[ATTACHMENT|D:\\ktpm\\G1_Firefly_testing\\Reports\\20240102_011830\\Create a new liability\\20240102_011831\\1704133164769.png]]

02-01-2024T01:19:24 - [TEST_STEP][PASSED] - catch (Exception err): null

02-01-2024T01:19:24 - [TEST_STEP][PASSED] - verifyElementPresent(findTestObject("Shared_alert/success_alert"), 1): Object 'Object Repository/Shared_alert/success_alert' is present

02-01-2024T01:19:25 - [MESSAGE][PASSED] - Object 'Object Repository/Shared_alert/success_alert' is present

02-01-2024T01:19:25 - [TEST_STEP][PASSED] - if (attachments == "Attachments File/Report_65MB.csv"): null

02-01-2024T01:19:25 - [TEST_STEP][PASSED] - out.println("success"): null

02-01-2024T01:19:25 - [TEST_STEP][PASSED] - closeBrowser(): Browser is closed

02-01-2024T01:19:25 - [MESSAGE][PASSED] - Browser is closed]]></system-out>
         <system-err><![CDATA[]]></system-err>
      </testcase>
      <testcase name="Test Cases/Create a new liability" time="19.024" classname="Test Cases/Create a new liability" status="PASSED">
         <system-out><![CDATA[02-01-2024T01:19:25 - [TEST_CASE][PASSED] - Test Cases/Create a new liability: Test Cases/Create a new liability

02-01-2024T01:19:25 - [TEST_STEP][PASSED] - openBrowser(""): Browser is opened with url: ''

02-01-2024T01:19:25 - [MESSAGE][INFO] - Starting 'Chrome' driver

02-01-2024T01:19:25 - [MESSAGE][INFO] - Action delay is set to 0 milliseconds

02-01-2024T01:19:27 - [MESSAGE][PASSED] - Browser is opened with url: ''

02-01-2024T01:19:27 - [TEST_STEP][PASSED] - navigateToUrl("https://firefly.buudadawg.online/accounts/create/liabilities"): Navigate to 'https://firefly.buudadawg.online/accounts/create/liabilities' successfully

02-01-2024T01:19:28 - [MESSAGE][PASSED] - Navigate to 'https://firefly.buudadawg.online/accounts/create/liabilities' successfully

02-01-2024T01:19:28 - [TEST_STEP][PASSED] - setText(findTestObject("Object Repository/Create a new liability/Page_Login to Firefly III/input_email"), "huynhluat.dn@gmail.com"): Text 'huynhluat.dn@gmail.com' is set on object 'Object Repository/Create a new liability/Page_Login to Firefly III/input_email'

02-01-2024T01:19:29 - [MESSAGE][PASSED] - Text 'huynhluat.dn@gmail.com' is set on object 'Object Repository/Create a new liability/Page_Login to Firefly III/input_email'

02-01-2024T01:19:29 - [TEST_STEP][PASSED] - setEncryptedText(findTestObject("Object Repository/Create a new liability/Page_Login to Firefly III/input_password"), "GDttjE7iuxOgQwNBt53tbwiiBI5Qr4kb"): Text ****** has been set on object 'Object Repository/Create a new liability/Page_Login to Firefly III/input_password'

02-01-2024T01:19:29 - [MESSAGE][PASSED] - Text ****** has been set on object 'Object Repository/Create a new liability/Page_Login to Firefly III/input_password'

02-01-2024T01:19:29 - [TEST_STEP][PASSED] - click(findTestObject("Object Repository/Create a new liability/Page_Login to Firefly III/button_Sign in")): Object: 'Object Repository/Create a new liability/Page_Login to Firefly III/button_Sign in' is clicked on

02-01-2024T01:19:31 - [MESSAGE][PASSED] - Object: 'Object Repository/Create a new liability/Page_Login to Firefly III/button_Sign in' is clicked on

02-01-2024T01:19:31 - [TEST_STEP][PASSED] - setText(findTestObject("Object Repository/Create a new liability/Page_Create a new liability  Accounts  Firefly III/input_name"), name): Text 'rmatias2' is set on object 'Object Repository/Create a new liability/Page_Create a new liability  Accounts  Firefly III/input_name'

02-01-2024T01:19:32 - [MESSAGE][PASSED] - Text 'rmatias2' is set on object 'Object Repository/Create a new liability/Page_Create a new liability  Accounts  Firefly III/input_name'

02-01-2024T01:19:32 - [TEST_STEP][PASSED] - selectOptionByValue(findTestObject("Object Repository/Create a new liability/Page_Create a new liability  Accounts  Firefly III/select_Euro ()US Dollar ()"), currency, true): All options with value '8' are selected in object 'Object Repository/Create a new liability/Page_Create a new liability  Accounts  Firefly III/select_Euro ()US Dollar ()'  using regular expression

02-01-2024T01:19:32 - [MESSAGE][PASSED] - All options with value '8' are selected in object 'Object Repository/Create a new liability/Page_Create a new liability  Accounts  Firefly III/select_Euro ()US Dollar ()'  using regular expression

02-01-2024T01:19:32 - [TEST_STEP][PASSED] - selectOptionByValue(findTestObject("Object Repository/Create a new liability/Page_Create a new liability  Accounts  Firefly III/select_DebtLoanMortgage"), liability_type, true): All options with value '9' are selected in object 'Object Repository/Create a new liability/Page_Create a new liability  Accounts  Firefly III/select_DebtLoanMortgage'  using regular expression

02-01-2024T01:19:33 - [MESSAGE][PASSED] - All options with value '9' are selected in object 'Object Repository/Create a new liability/Page_Create a new liability  Accounts  Firefly III/select_DebtLoanMortgage'  using regular expression

02-01-2024T01:19:33 - [TEST_STEP][PASSED] - setText(findTestObject("Object Repository/Create a new liability/Page_Create a new liability  Accounts  Firefly III/input_opening_balance"), i_owe_amount): Text '4806.72' is set on object 'Object Repository/Create a new liability/Page_Create a new liability  Accounts  Firefly III/input_opening_balance'

02-01-2024T01:19:34 - [MESSAGE][PASSED] - Text '4806.72' is set on object 'Object Repository/Create a new liability/Page_Create a new liability  Accounts  Firefly III/input_opening_balance'

02-01-2024T01:19:34 - [TEST_STEP][PASSED] - selectOptionByValue(findTestObject("Object Repository/Create a new liability/Page_Create a new liability  Accounts  Firefly III/select_I owe this debt to somebody elseI am_93cb18"), liability_inout, true): All options with value 'debit' are selected in object 'Object Repository/Create a new liability/Page_Create a new liability  Accounts  Firefly III/select_I owe this debt to somebody elseI am_93cb18'  using regular expression

02-01-2024T01:19:35 - [MESSAGE][PASSED] - All options with value 'debit' are selected in object 'Object Repository/Create a new liability/Page_Create a new liability  Accounts  Firefly III/select_I owe this debt to somebody elseI am_93cb18'  using regular expression

02-01-2024T01:19:35 - [TEST_STEP][PASSED] - setText(findTestObject("Create a new liability/Page_Create a new liability  Accounts  Firefly III/input_opening_balance_date"), start_date_of_debt): Text '5/7/2023' is set on object 'Object Repository/Create a new liability/Page_Create a new liability  Accounts  Firefly III/input_opening_balance_date'

02-01-2024T01:19:35 - [MESSAGE][PASSED] - Text '5/7/2023' is set on object 'Object Repository/Create a new liability/Page_Create a new liability  Accounts  Firefly III/input_opening_balance_date'

02-01-2024T01:19:35 - [TEST_STEP][PASSED] - setText(findTestObject("Object Repository/Create a new liability/Page_Create a new liability  Accounts  Firefly III/input_interest"), interest): Text '90.53' is set on object 'Object Repository/Create a new liability/Page_Create a new liability  Accounts  Firefly III/input_interest'

02-01-2024T01:19:36 - [MESSAGE][PASSED] - Text '90.53' is set on object 'Object Repository/Create a new liability/Page_Create a new liability  Accounts  Firefly III/input_interest'

02-01-2024T01:19:36 - [TEST_STEP][PASSED] - selectOptionByValue(findTestObject("Object Repository/Create a new liability/Page_Create a new liability  Accounts  Firefly III/select_Per dayPer monthPer year"), interest_period, true): All options with value 'daily' are selected in object 'Object Repository/Create a new liability/Page_Create a new liability  Accounts  Firefly III/select_Per dayPer monthPer year'  using regular expression

02-01-2024T01:19:37 - [MESSAGE][PASSED] - All options with value 'daily' are selected in object 'Object Repository/Create a new liability/Page_Create a new liability  Accounts  Firefly III/select_Per dayPer monthPer year'  using regular expression

02-01-2024T01:19:37 - [TEST_STEP][PASSED] - setText(findTestObject("Object Repository/Create a new liability/Page_Create a new liability  Accounts  Firefly III/input_iban"), iban): Text '' is set on object 'Object Repository/Create a new liability/Page_Create a new liability  Accounts  Firefly III/input_iban'

02-01-2024T01:19:37 - [MESSAGE][PASSED] - Text '' is set on object 'Object Repository/Create a new liability/Page_Create a new liability  Accounts  Firefly III/input_iban'

02-01-2024T01:19:37 - [TEST_STEP][PASSED] - setText(findTestObject("Object Repository/Create a new liability/Page_Create a new liability  Accounts  Firefly III/input_BIC"), bic): Text 'CEZMEK0H3P0' is set on object 'Object Repository/Create a new liability/Page_Create a new liability  Accounts  Firefly III/input_BIC'

02-01-2024T01:19:38 - [MESSAGE][PASSED] - Text 'CEZMEK0H3P0' is set on object 'Object Repository/Create a new liability/Page_Create a new liability  Accounts  Firefly III/input_BIC'

02-01-2024T01:19:38 - [TEST_STEP][PASSED] - setText(findTestObject("Object Repository/Create a new liability/Page_Create a new liability  Accounts  Firefly III/input_account_number"), account_number): Text '4753800000000' is set on object 'Object Repository/Create a new liability/Page_Create a new liability  Accounts  Firefly III/input_account_number'

02-01-2024T01:19:39 - [MESSAGE][PASSED] - Text '4753800000000' is set on object 'Object Repository/Create a new liability/Page_Create a new liability  Accounts  Firefly III/input_account_number'

02-01-2024T01:19:39 - [TEST_STEP][PASSED] - if (include_in_net_worth == "false"): null

02-01-2024T01:19:39 - [TEST_STEP][PASSED] - setText(findTestObject("Object Repository/Create a new liability/Page_Create a new liability  Accounts  Firefly III/textarea_notes"), notes): Text 'In congue. Etiam justo. Etiam pretium iaculis justo.

In hac habitasse platea dictumst. Etiam faucibus cursus urna. Ut tellus.

Nulla ut erat id mauris vulputate elementum. Nullam varius. Nulla facilisi.' is set on object 'Object Repository/Create a new liability/Page_Create a new liability  Accounts  Firefly III/textarea_notes'

02-01-2024T01:19:40 - [MESSAGE][PASSED] - Text 'In congue. Etiam justo. Etiam pretium iaculis justo.

In hac habitasse platea dictumst. Etiam faucibus cursus urna. Ut tellus.

Nulla ut erat id mauris vulputate elementum. Nullam varius. Nulla facilisi.' is set on object 'Object Repository/Create a new liability/Page_Create a new liability  Accounts  Firefly III/textarea_notes'

02-01-2024T01:19:40 - [TEST_STEP][PASSED] - if (attachments != ""): null

02-01-2024T01:19:40 - [TEST_STEP][PASSED] - click(findTestObject("Object Repository/Create a new liability/Page_Create a new liability  Accounts  Firefly III/button_Store new liability")): Object: 'Object Repository/Create a new liability/Page_Create a new liability  Accounts  Firefly III/button_Store new liability' is clicked on

02-01-2024T01:19:41 - [MESSAGE][PASSED] - Object: 'Object Repository/Create a new liability/Page_Create a new liability  Accounts  Firefly III/button_Store new liability' is clicked on

02-01-2024T01:19:41 - [TEST_STEP][FAILED] - try: Unable to verify object 'Object Repository/Shared_alert/text_dangers' is present (Root cause: com.kms.katalon.core.exception.StepFailedException: Unable to verify object 'Object Repository/Shared_alert/text_dangers' is present
	at com.kms.katalon.core.webui.keyword.internal.WebUIKeywordMain.stepFailed(WebUIKeywordMain.groovy:64)
	at com.kms.katalon.core.webui.keyword.internal.WebUIKeywordMain.runKeyword(WebUIKeywordMain.groovy:26)
	at com.kms.katalon.core.webui.keyword.builtin.VerifyElementPresentKeyword.verifyElementPresent(VerifyElementPresentKeyword.groovy:92)
	at com.kms.katalon.core.webui.keyword.builtin.VerifyElementPresentKeyword.execute(VerifyElementPresentKeyword.groovy:68)
	at com.kms.katalon.core.keyword.internal.KeywordExecutor.executeKeywordForPlatform(KeywordExecutor.groovy:74)
	at com.kms.katalon.core.webui.keyword.WebUiBuiltInKeywords.verifyElementPresent(WebUiBuiltInKeywords.groovy:1503)
	at Create a new liability.run(Create a new liability:81)
	at com.kms.katalon.core.main.ScriptEngine.run(ScriptEngine.java:194)
	at com.kms.katalon.core.main.ScriptEngine.runScriptAsRawText(ScriptEngine.java:119)
	at com.kms.katalon.core.main.TestCaseExecutor.runScript(TestCaseExecutor.java:448)
	at com.kms.katalon.core.main.TestCaseExecutor.doExecute(TestCaseExecutor.java:439)
	at com.kms.katalon.core.main.TestCaseExecutor.processExecutionPhase(TestCaseExecutor.java:418)
	at com.kms.katalon.core.main.TestCaseExecutor.accessMainPhase(TestCaseExecutor.java:410)
	at com.kms.katalon.core.main.TestCaseExecutor.execute(TestCaseExecutor.java:285)
	at com.kms.katalon.core.common.CommonExecutor.accessTestCaseMainPhase(CommonExecutor.java:65)
	at com.kms.katalon.core.main.TestSuiteExecutor.accessTestSuiteMainPhase(TestSuiteExecutor.java:148)
	at com.kms.katalon.core.main.TestSuiteExecutor.execute(TestSuiteExecutor.java:106)
	at com.kms.katalon.core.main.TestCaseMain.startTestSuite(TestCaseMain.java:180)
	at TempTestSuite1704133111684.run(TempTestSuite1704133111684.groovy:36)
	at java.base/jdk.internal.reflect.NativeMethodAccessorImpl.invoke0(Native Method)
	at java.base/jdk.internal.reflect.NativeMethodAccessorImpl.invoke(NativeMethodAccessorImpl.java:77)
	at java.base/jdk.internal.reflect.DelegatingMethodAccessorImpl.invoke(DelegatingMethodAccessorImpl.java:43)
Caused by: com.kms.katalon.core.exception.StepFailedException: com.kms.katalon.core.webui.exception.WebElementNotFoundException: Web element with id: 'Object Repository/Shared_alert/text_dangers' located by '.text-danger' not found
	at com.kms.katalon.core.webui.keyword.internal.WebUIKeywordMain.stepFailed(WebUIKeywordMain.groovy:64)
	at com.kms.katalon.core.webui.keyword.builtin.VerifyElementPresentKeyword$_verifyElementPresent_closure1.doCall(VerifyElementPresentKeyword.groovy:85)
	at com.kms.katalon.core.webui.keyword.builtin.VerifyElementPresentKeyword$_verifyElementPresent_closure1.call(VerifyElementPresentKeyword.groovy)
	at com.kms.katalon.core.webui.keyword.internal.WebUIKeywordMain.runKeyword(WebUIKeywordMain.groovy:20)
	... 20 more
)

02-01-2024T01:19:41 - [TEST_STEP][FAILED] - verifyElementPresent(findTestObject("Shared_alert/text_dangers"), 1): Unable to verify object 'Object Repository/Shared_alert/text_dangers' is present (Root cause: com.kms.katalon.core.exception.StepFailedException: Unable to verify object 'Object Repository/Shared_alert/text_dangers' is present
	at com.kms.katalon.core.webui.keyword.internal.WebUIKeywordMain.stepFailed(WebUIKeywordMain.groovy:64)
	at com.kms.katalon.core.webui.keyword.internal.WebUIKeywordMain.runKeyword(WebUIKeywordMain.groovy:26)
	at com.kms.katalon.core.webui.keyword.builtin.VerifyElementPresentKeyword.verifyElementPresent(VerifyElementPresentKeyword.groovy:92)
	at com.kms.katalon.core.webui.keyword.builtin.VerifyElementPresentKeyword.execute(VerifyElementPresentKeyword.groovy:68)
	at com.kms.katalon.core.keyword.internal.KeywordExecutor.executeKeywordForPlatform(KeywordExecutor.groovy:74)
	at com.kms.katalon.core.webui.keyword.WebUiBuiltInKeywords.verifyElementPresent(WebUiBuiltInKeywords.groovy:1503)
	at Create a new liability.run(Create a new liability:81)
	at com.kms.katalon.core.main.ScriptEngine.run(ScriptEngine.java:194)
	at com.kms.katalon.core.main.ScriptEngine.runScriptAsRawText(ScriptEngine.java:119)
	at com.kms.katalon.core.main.TestCaseExecutor.runScript(TestCaseExecutor.java:448)
	at com.kms.katalon.core.main.TestCaseExecutor.doExecute(TestCaseExecutor.java:439)
	at com.kms.katalon.core.main.TestCaseExecutor.processExecutionPhase(TestCaseExecutor.java:418)
	at com.kms.katalon.core.main.TestCaseExecutor.accessMainPhase(TestCaseExecutor.java:410)
	at com.kms.katalon.core.main.TestCaseExecutor.execute(TestCaseExecutor.java:285)
	at com.kms.katalon.core.common.CommonExecutor.accessTestCaseMainPhase(CommonExecutor.java:65)
	at com.kms.katalon.core.main.TestSuiteExecutor.accessTestSuiteMainPhase(TestSuiteExecutor.java:148)
	at com.kms.katalon.core.main.TestSuiteExecutor.execute(TestSuiteExecutor.java:106)
	at com.kms.katalon.core.main.TestCaseMain.startTestSuite(TestCaseMain.java:180)
	at TempTestSuite1704133111684.run(TempTestSuite1704133111684.groovy:36)
	at java.base/jdk.internal.reflect.NativeMethodAccessorImpl.invoke0(Native Method)
	at java.base/jdk.internal.reflect.NativeMethodAccessorImpl.invoke(NativeMethodAccessorImpl.java:77)
	at java.base/jdk.internal.reflect.DelegatingMethodAccessorImpl.invoke(DelegatingMethodAccessorImpl.java:43)
Caused by: com.kms.katalon.core.exception.StepFailedException: com.kms.katalon.core.webui.exception.WebElementNotFoundException: Web element with id: 'Object Repository/Shared_alert/text_dangers' located by '.text-danger' not found
	at com.kms.katalon.core.webui.keyword.internal.WebUIKeywordMain.stepFailed(WebUIKeywordMain.groovy:64)
	at com.kms.katalon.core.webui.keyword.builtin.VerifyElementPresentKeyword$_verifyElementPresent_closure1.doCall(VerifyElementPresentKeyword.groovy:85)
	at com.kms.katalon.core.webui.keyword.builtin.VerifyElementPresentKeyword$_verifyElementPresent_closure1.call(VerifyElementPresentKeyword.groovy)
	at com.kms.katalon.core.webui.keyword.internal.WebUIKeywordMain.runKeyword(WebUIKeywordMain.groovy:20)
	... 20 more
)

02-01-2024T01:19:43 - [MESSAGE][INFO] - Unable to find the element located by 'By.cssSelector: .text-danger'. Please recheck the objects properties to make sure the desired element is located. 

02-01-2024T01:19:44 - [MESSAGE][FAILED] - com.kms.katalon.core.webui.exception.WebElementNotFoundException: Web element with id: 'Object Repository/Shared_alert/text_dangers' located by '.text-danger' not found (Root cause: com.kms.katalon.core.exception.StepFailedException: com.kms.katalon.core.webui.exception.WebElementNotFoundException: Web element with id: 'Object Repository/Shared_alert/text_dangers' located by '.text-danger' not found
	at com.kms.katalon.core.webui.keyword.internal.WebUIKeywordMain.stepFailed(WebUIKeywordMain.groovy:64)
	at com.kms.katalon.core.webui.keyword.builtin.VerifyElementPresentKeyword$_verifyElementPresent_closure1.doCall(VerifyElementPresentKeyword.groovy:85)
	at com.kms.katalon.core.webui.keyword.builtin.VerifyElementPresentKeyword$_verifyElementPresent_closure1.call(VerifyElementPresentKeyword.groovy)
	at com.kms.katalon.core.webui.keyword.internal.WebUIKeywordMain.runKeyword(WebUIKeywordMain.groovy:20)
	at com.kms.katalon.core.webui.keyword.builtin.VerifyElementPresentKeyword.verifyElementPresent(VerifyElementPresentKeyword.groovy:92)
	at com.kms.katalon.core.webui.keyword.builtin.VerifyElementPresentKeyword.execute(VerifyElementPresentKeyword.groovy:68)
	at com.kms.katalon.core.keyword.internal.KeywordExecutor.executeKeywordForPlatform(KeywordExecutor.groovy:74)
	at com.kms.katalon.core.webui.keyword.WebUiBuiltInKeywords.verifyElementPresent(WebUiBuiltInKeywords.groovy:1503)
	at Create a new liability.run(Create a new liability:81)
	at com.kms.katalon.core.main.ScriptEngine.run(ScriptEngine.java:194)
	at com.kms.katalon.core.main.ScriptEngine.runScriptAsRawText(ScriptEngine.java:119)
	at com.kms.katalon.core.main.TestCaseExecutor.runScript(TestCaseExecutor.java:448)
	at com.kms.katalon.core.main.TestCaseExecutor.doExecute(TestCaseExecutor.java:439)
	at com.kms.katalon.core.main.TestCaseExecutor.processExecutionPhase(TestCaseExecutor.java:418)
	at com.kms.katalon.core.main.TestCaseExecutor.accessMainPhase(TestCaseExecutor.java:410)
	at com.kms.katalon.core.main.TestCaseExecutor.execute(TestCaseExecutor.java:285)
	at com.kms.katalon.core.common.CommonExecutor.accessTestCaseMainPhase(CommonExecutor.java:65)
	at com.kms.katalon.core.main.TestSuiteExecutor.accessTestSuiteMainPhase(TestSuiteExecutor.java:148)
	at com.kms.katalon.core.main.TestSuiteExecutor.execute(TestSuiteExecutor.java:106)
	at com.kms.katalon.core.main.TestCaseMain.startTestSuite(TestCaseMain.java:180)
	at TempTestSuite1704133111684.run(TempTestSuite1704133111684.groovy:36)
	at java.base/jdk.internal.reflect.NativeMethodAccessorImpl.invoke0(Native Method)
	at java.base/jdk.internal.reflect.NativeMethodAccessorImpl.invoke(NativeMethodAccessorImpl.java:77)
	at java.base/jdk.internal.reflect.DelegatingMethodAccessorImpl.invoke(DelegatingMethodAccessorImpl.java:43)
)
[[ATTACHMENT|D:\\ktpm\\G1_Firefly_testing\\Reports\\20240102_011830\\Create a new liability\\20240102_011831\\1704133183895.png]]

02-01-2024T01:19:44 - [MESSAGE][FAILED] - Unable to verify object 'Object Repository/Shared_alert/text_dangers' is present (Root cause: com.kms.katalon.core.exception.StepFailedException: Unable to verify object 'Object Repository/Shared_alert/text_dangers' is present
	at com.kms.katalon.core.webui.keyword.internal.WebUIKeywordMain.stepFailed(WebUIKeywordMain.groovy:64)
	at com.kms.katalon.core.webui.keyword.internal.WebUIKeywordMain.runKeyword(WebUIKeywordMain.groovy:26)
	at com.kms.katalon.core.webui.keyword.builtin.VerifyElementPresentKeyword.verifyElementPresent(VerifyElementPresentKeyword.groovy:92)
	at com.kms.katalon.core.webui.keyword.builtin.VerifyElementPresentKeyword.execute(VerifyElementPresentKeyword.groovy:68)
	at com.kms.katalon.core.keyword.internal.KeywordExecutor.executeKeywordForPlatform(KeywordExecutor.groovy:74)
	at com.kms.katalon.core.webui.keyword.WebUiBuiltInKeywords.verifyElementPresent(WebUiBuiltInKeywords.groovy:1503)
	at Create a new liability.run(Create a new liability:81)
	at com.kms.katalon.core.main.ScriptEngine.run(ScriptEngine.java:194)
	at com.kms.katalon.core.main.ScriptEngine.runScriptAsRawText(ScriptEngine.java:119)
	at com.kms.katalon.core.main.TestCaseExecutor.runScript(TestCaseExecutor.java:448)
	at com.kms.katalon.core.main.TestCaseExecutor.doExecute(TestCaseExecutor.java:439)
	at com.kms.katalon.core.main.TestCaseExecutor.processExecutionPhase(TestCaseExecutor.java:418)
	at com.kms.katalon.core.main.TestCaseExecutor.accessMainPhase(TestCaseExecutor.java:410)
	at com.kms.katalon.core.main.TestCaseExecutor.execute(TestCaseExecutor.java:285)
	at com.kms.katalon.core.common.CommonExecutor.accessTestCaseMainPhase(CommonExecutor.java:65)
	at com.kms.katalon.core.main.TestSuiteExecutor.accessTestSuiteMainPhase(TestSuiteExecutor.java:148)
	at com.kms.katalon.core.main.TestSuiteExecutor.execute(TestSuiteExecutor.java:106)
	at com.kms.katalon.core.main.TestCaseMain.startTestSuite(TestCaseMain.java:180)
	at TempTestSuite1704133111684.run(TempTestSuite1704133111684.groovy:36)
	at java.base/jdk.internal.reflect.NativeMethodAccessorImpl.invoke0(Native Method)
	at java.base/jdk.internal.reflect.NativeMethodAccessorImpl.invoke(NativeMethodAccessorImpl.java:77)
	at java.base/jdk.internal.reflect.DelegatingMethodAccessorImpl.invoke(DelegatingMethodAccessorImpl.java:43)
Caused by: com.kms.katalon.core.exception.StepFailedException: com.kms.katalon.core.webui.exception.WebElementNotFoundException: Web element with id: 'Object Repository/Shared_alert/text_dangers' located by '.text-danger' not found
	at com.kms.katalon.core.webui.keyword.internal.WebUIKeywordMain.stepFailed(WebUIKeywordMain.groovy:64)
	at com.kms.katalon.core.webui.keyword.builtin.VerifyElementPresentKeyword$_verifyElementPresent_closure1.doCall(VerifyElementPresentKeyword.groovy:85)
	at com.kms.katalon.core.webui.keyword.builtin.VerifyElementPresentKeyword$_verifyElementPresent_closure1.call(VerifyElementPresentKeyword.groovy)
	at com.kms.katalon.core.webui.keyword.internal.WebUIKeywordMain.runKeyword(WebUIKeywordMain.groovy:20)
	... 20 more
)
[[ATTACHMENT|D:\\ktpm\\G1_Firefly_testing\\Reports\\20240102_011830\\Create a new liability\\20240102_011831\\1704133184009.png]]

02-01-2024T01:19:44 - [TEST_STEP][PASSED] - catch (Exception err): null

02-01-2024T01:19:44 - [TEST_STEP][PASSED] - verifyElementPresent(findTestObject("Shared_alert/success_alert"), 1): Object 'Object Repository/Shared_alert/success_alert' is present

02-01-2024T01:19:44 - [MESSAGE][PASSED] - Object 'Object Repository/Shared_alert/success_alert' is present

02-01-2024T01:19:44 - [TEST_STEP][PASSED] - if (attachments == "Attachments File/Report_65MB.csv"): null

02-01-2024T01:19:44 - [TEST_STEP][PASSED] - out.println("success"): null

02-01-2024T01:19:44 - [TEST_STEP][PASSED] - closeBrowser(): Browser is closed

02-01-2024T01:19:44 - [MESSAGE][PASSED] - Browser is closed]]></system-out>
         <system-err><![CDATA[]]></system-err>
      </testcase>
      <testcase name="Test Cases/Create a new liability" time="54.691" classname="Test Cases/Create a new liability" status="FAILED">
         <failure type="FAILED" message="Test Cases/Create a new liability FAILED.&#xa;Reason:&#xa;Assertion failed: &#xa;&#xa;assert false&#xa;&#xa;&#xa;	at Create a new liability.run(Create a new liability:90)&#xa;	at com.kms.katalon.core.main.ScriptEngine.run(ScriptEngine.java:194)&#xa;	at com.kms.katalon.core.main.ScriptEngine.runScriptAsRawText(ScriptEngine.java:119)&#xa;	at com.kms.katalon.core.main.TestCaseExecutor.runScript(TestCaseExecutor.java:448)&#xa;	at com.kms.katalon.core.main.TestCaseExecutor.doExecute(TestCaseExecutor.java:439)&#xa;	at com.kms.katalon.core.main.TestCaseExecutor.processExecutionPhase(TestCaseExecutor.java:418)&#xa;	at com.kms.katalon.core.main.TestCaseExecutor.accessMainPhase(TestCaseExecutor.java:410)&#xa;	at com.kms.katalon.core.main.TestCaseExecutor.execute(TestCaseExecutor.java:285)&#xa;	at com.kms.katalon.core.common.CommonExecutor.accessTestCaseMainPhase(CommonExecutor.java:65)&#xa;	at com.kms.katalon.core.main.TestSuiteExecutor.accessTestSuiteMainPhase(TestSuiteExecutor.java:148)&#xa;	at com.kms.katalon.core.main.TestSuiteExecutor.execute(TestSuiteExecutor.java:106)&#xa;	at com.kms.katalon.core.main.TestCaseMain.startTestSuite(TestCaseMain.java:180)&#xa;	at TempTestSuite1704133111684.run(TempTestSuite1704133111684.groovy:36)&#xa;	at java.base/jdk.internal.reflect.NativeMethodAccessorImpl.invoke0(Native Method)&#xa;	at java.base/jdk.internal.reflect.NativeMethodAccessorImpl.invoke(NativeMethodAccessorImpl.java:77)&#xa;	at java.base/jdk.internal.reflect.DelegatingMethodAccessorImpl.invoke(DelegatingMethodAccessorImpl.java:43)&#xa;"/>
         <system-out><![CDATA[02-01-2024T01:19:44 - [TEST_CASE][FAILED] - Test Cases/Create a new liability: Test Cases/Create a new liability FAILED.
Reason:
Assertion failed: 

assert false


	at Create a new liability.run(Create a new liability:90)
	at com.kms.katalon.core.main.ScriptEngine.run(ScriptEngine.java:194)
	at com.kms.katalon.core.main.ScriptEngine.runScriptAsRawText(ScriptEngine.java:119)
	at com.kms.katalon.core.main.TestCaseExecutor.runScript(TestCaseExecutor.java:448)
	at com.kms.katalon.core.main.TestCaseExecutor.doExecute(TestCaseExecutor.java:439)
	at com.kms.katalon.core.main.TestCaseExecutor.processExecutionPhase(TestCaseExecutor.java:418)
	at com.kms.katalon.core.main.TestCaseExecutor.accessMainPhase(TestCaseExecutor.java:410)
	at com.kms.katalon.core.main.TestCaseExecutor.execute(TestCaseExecutor.java:285)
	at com.kms.katalon.core.common.CommonExecutor.accessTestCaseMainPhase(CommonExecutor.java:65)
	at com.kms.katalon.core.main.TestSuiteExecutor.accessTestSuiteMainPhase(TestSuiteExecutor.java:148)
	at com.kms.katalon.core.main.TestSuiteExecutor.execute(TestSuiteExecutor.java:106)
	at com.kms.katalon.core.main.TestCaseMain.startTestSuite(TestCaseMain.java:180)
	at TempTestSuite1704133111684.run(TempTestSuite1704133111684.groovy:36)
	at java.base/jdk.internal.reflect.NativeMethodAccessorImpl.invoke0(Native Method)
	at java.base/jdk.internal.reflect.NativeMethodAccessorImpl.invoke(NativeMethodAccessorImpl.java:77)
	at java.base/jdk.internal.reflect.DelegatingMethodAccessorImpl.invoke(DelegatingMethodAccessorImpl.java:43)


02-01-2024T01:19:44 - [TEST_STEP][PASSED] - openBrowser(""): Browser is opened with url: ''

02-01-2024T01:19:44 - [MESSAGE][INFO] - Starting 'Chrome' driver

02-01-2024T01:19:44 - [MESSAGE][INFO] - Action delay is set to 0 milliseconds

02-01-2024T01:19:46 - [MESSAGE][PASSED] - Browser is opened with url: ''

02-01-2024T01:19:46 - [TEST_STEP][PASSED] - navigateToUrl("https://firefly.buudadawg.online/accounts/create/liabilities"): Navigate to 'https://firefly.buudadawg.online/accounts/create/liabilities' successfully

02-01-2024T01:19:47 - [MESSAGE][PASSED] - Navigate to 'https://firefly.buudadawg.online/accounts/create/liabilities' successfully

02-01-2024T01:19:47 - [TEST_STEP][PASSED] - setText(findTestObject("Object Repository/Create a new liability/Page_Login to Firefly III/input_email"), "huynhluat.dn@gmail.com"): Text 'huynhluat.dn@gmail.com' is set on object 'Object Repository/Create a new liability/Page_Login to Firefly III/input_email'

02-01-2024T01:19:48 - [MESSAGE][PASSED] - Text 'huynhluat.dn@gmail.com' is set on object 'Object Repository/Create a new liability/Page_Login to Firefly III/input_email'

02-01-2024T01:19:48 - [TEST_STEP][PASSED] - setEncryptedText(findTestObject("Object Repository/Create a new liability/Page_Login to Firefly III/input_password"), "GDttjE7iuxOgQwNBt53tbwiiBI5Qr4kb"): Text ****** has been set on object 'Object Repository/Create a new liability/Page_Login to Firefly III/input_password'

02-01-2024T01:19:48 - [MESSAGE][PASSED] - Text ****** has been set on object 'Object Repository/Create a new liability/Page_Login to Firefly III/input_password'

02-01-2024T01:19:48 - [TEST_STEP][PASSED] - click(findTestObject("Object Repository/Create a new liability/Page_Login to Firefly III/button_Sign in")): Object: 'Object Repository/Create a new liability/Page_Login to Firefly III/button_Sign in' is clicked on

02-01-2024T01:19:49 - [MESSAGE][PASSED] - Object: 'Object Repository/Create a new liability/Page_Login to Firefly III/button_Sign in' is clicked on

02-01-2024T01:19:49 - [TEST_STEP][PASSED] - setText(findTestObject("Object Repository/Create a new liability/Page_Create a new liability  Accounts  Firefly III/input_name"), name): Text 'zpottes3' is set on object 'Object Repository/Create a new liability/Page_Create a new liability  Accounts  Firefly III/input_name'

02-01-2024T01:19:51 - [MESSAGE][PASSED] - Text 'zpottes3' is set on object 'Object Repository/Create a new liability/Page_Create a new liability  Accounts  Firefly III/input_name'

02-01-2024T01:19:51 - [TEST_STEP][PASSED] - selectOptionByValue(findTestObject("Object Repository/Create a new liability/Page_Create a new liability  Accounts  Firefly III/select_Euro ()US Dollar ()"), currency, true): All options with value '1' are selected in object 'Object Repository/Create a new liability/Page_Create a new liability  Accounts  Firefly III/select_Euro ()US Dollar ()'  using regular expression

02-01-2024T01:19:51 - [MESSAGE][PASSED] - All options with value '1' are selected in object 'Object Repository/Create a new liability/Page_Create a new liability  Accounts  Firefly III/select_Euro ()US Dollar ()'  using regular expression

02-01-2024T01:19:51 - [TEST_STEP][PASSED] - selectOptionByValue(findTestObject("Object Repository/Create a new liability/Page_Create a new liability  Accounts  Firefly III/select_DebtLoanMortgage"), liability_type, true): All options with value '9' are selected in object 'Object Repository/Create a new liability/Page_Create a new liability  Accounts  Firefly III/select_DebtLoanMortgage'  using regular expression

02-01-2024T01:19:52 - [MESSAGE][PASSED] - All options with value '9' are selected in object 'Object Repository/Create a new liability/Page_Create a new liability  Accounts  Firefly III/select_DebtLoanMortgage'  using regular expression

02-01-2024T01:19:52 - [TEST_STEP][PASSED] - setText(findTestObject("Object Repository/Create a new liability/Page_Create a new liability  Accounts  Firefly III/input_opening_balance"), i_owe_amount): Text '6977.15' is set on object 'Object Repository/Create a new liability/Page_Create a new liability  Accounts  Firefly III/input_opening_balance'

02-01-2024T01:19:53 - [MESSAGE][PASSED] - Text '6977.15' is set on object 'Object Repository/Create a new liability/Page_Create a new liability  Accounts  Firefly III/input_opening_balance'

02-01-2024T01:19:53 - [TEST_STEP][PASSED] - selectOptionByValue(findTestObject("Object Repository/Create a new liability/Page_Create a new liability  Accounts  Firefly III/select_I owe this debt to somebody elseI am_93cb18"), liability_inout, true): All options with value 'debit' are selected in object 'Object Repository/Create a new liability/Page_Create a new liability  Accounts  Firefly III/select_I owe this debt to somebody elseI am_93cb18'  using regular expression

02-01-2024T01:19:54 - [MESSAGE][PASSED] - All options with value 'debit' are selected in object 'Object Repository/Create a new liability/Page_Create a new liability  Accounts  Firefly III/select_I owe this debt to somebody elseI am_93cb18'  using regular expression

02-01-2024T01:19:54 - [TEST_STEP][PASSED] - setText(findTestObject("Create a new liability/Page_Create a new liability  Accounts  Firefly III/input_opening_balance_date"), start_date_of_debt): Text '2/6/2023' is set on object 'Object Repository/Create a new liability/Page_Create a new liability  Accounts  Firefly III/input_opening_balance_date'

02-01-2024T01:19:54 - [MESSAGE][PASSED] - Text '2/6/2023' is set on object 'Object Repository/Create a new liability/Page_Create a new liability  Accounts  Firefly III/input_opening_balance_date'

02-01-2024T01:19:54 - [TEST_STEP][PASSED] - setText(findTestObject("Object Repository/Create a new liability/Page_Create a new liability  Accounts  Firefly III/input_interest"), interest): Text '9.74' is set on object 'Object Repository/Create a new liability/Page_Create a new liability  Accounts  Firefly III/input_interest'

02-01-2024T01:19:55 - [MESSAGE][PASSED] - Text '9.74' is set on object 'Object Repository/Create a new liability/Page_Create a new liability  Accounts  Firefly III/input_interest'

02-01-2024T01:19:55 - [TEST_STEP][PASSED] - selectOptionByValue(findTestObject("Object Repository/Create a new liability/Page_Create a new liability  Accounts  Firefly III/select_Per dayPer monthPer year"), interest_period, true): All options with value 'daily' are selected in object 'Object Repository/Create a new liability/Page_Create a new liability  Accounts  Firefly III/select_Per dayPer monthPer year'  using regular expression

02-01-2024T01:19:56 - [MESSAGE][PASSED] - All options with value 'daily' are selected in object 'Object Repository/Create a new liability/Page_Create a new liability  Accounts  Firefly III/select_Per dayPer monthPer year'  using regular expression

02-01-2024T01:19:56 - [TEST_STEP][PASSED] - setText(findTestObject("Object Repository/Create a new liability/Page_Create a new liability  Accounts  Firefly III/input_iban"), iban): Text 'GL24 7254 8918 5669 26' is set on object 'Object Repository/Create a new liability/Page_Create a new liability  Accounts  Firefly III/input_iban'

02-01-2024T01:19:56 - [MESSAGE][PASSED] - Text 'GL24 7254 8918 5669 26' is set on object 'Object Repository/Create a new liability/Page_Create a new liability  Accounts  Firefly III/input_iban'

02-01-2024T01:19:56 - [TEST_STEP][PASSED] - setText(findTestObject("Object Repository/Create a new liability/Page_Create a new liability  Accounts  Firefly III/input_BIC"), bic): Text '' is set on object 'Object Repository/Create a new liability/Page_Create a new liability  Accounts  Firefly III/input_BIC'

02-01-2024T01:19:57 - [MESSAGE][PASSED] - Text '' is set on object 'Object Repository/Create a new liability/Page_Create a new liability  Accounts  Firefly III/input_BIC'

02-01-2024T01:19:57 - [TEST_STEP][PASSED] - setText(findTestObject("Object Repository/Create a new liability/Page_Create a new liability  Accounts  Firefly III/input_account_number"), account_number): Text '' is set on object 'Object Repository/Create a new liability/Page_Create a new liability  Accounts  Firefly III/input_account_number'

02-01-2024T01:19:58 - [MESSAGE][PASSED] - Text '' is set on object 'Object Repository/Create a new liability/Page_Create a new liability  Accounts  Firefly III/input_account_number'

02-01-2024T01:19:58 - [TEST_STEP][PASSED] - if (include_in_net_worth == "false"): null

02-01-2024T01:19:58 - [TEST_STEP][PASSED] - setText(findTestObject("Object Repository/Create a new liability/Page_Create a new liability  Accounts  Firefly III/textarea_notes"), notes): Text 'Integer ac leo. Pellentesque ultrices mattis odio. Donec vitae nisi.

Nam ultrices, libero non mattis pulvinar, nulla pede ullamcorper augue, a suscipit nulla elit ac nulla. Sed vel enim sit amet nunc viverra dapibus. Nulla suscipit ligula in lacus.' is set on object 'Object Repository/Create a new liability/Page_Create a new liability  Accounts  Firefly III/textarea_notes'

02-01-2024T01:19:59 - [MESSAGE][PASSED] - Text 'Integer ac leo. Pellentesque ultrices mattis odio. Donec vitae nisi.

Nam ultrices, libero non mattis pulvinar, nulla pede ullamcorper augue, a suscipit nulla elit ac nulla. Sed vel enim sit amet nunc viverra dapibus. Nulla suscipit ligula in lacus.' is set on object 'Object Repository/Create a new liability/Page_Create a new liability  Accounts  Firefly III/textarea_notes'

02-01-2024T01:19:59 - [TEST_STEP][PASSED] - if (attachments != ""): File 'D:\ktpm\G1_Firefly_testing\Attachments File\Report_65MB.csv' sent to object: 'Object Repository/Create a new liability/Page_Create a new liability  Accounts  Firefly III/upload file'

02-01-2024T01:19:59 - [TEST_STEP][PASSED] - absolutePath = normalize().toString(): null

02-01-2024T01:19:59 - [TEST_STEP][PASSED] - uploadFile(findTestObject("Create a new liability/Page_Create a new liability  Accounts  Firefly III/upload file"), absolutePath): File 'D:\ktpm\G1_Firefly_testing\Attachments File\Report_65MB.csv' sent to object: 'Object Repository/Create a new liability/Page_Create a new liability  Accounts  Firefly III/upload file'

02-01-2024T01:19:59 - [MESSAGE][PASSED] - File 'D:\ktpm\G1_Firefly_testing\Attachments File\Report_65MB.csv' sent to object: 'Object Repository/Create a new liability/Page_Create a new liability  Accounts  Firefly III/upload file'

02-01-2024T01:19:59 - [TEST_STEP][PASSED] - click(findTestObject("Object Repository/Create a new liability/Page_Create a new liability  Accounts  Firefly III/button_Store new liability")): Object: 'Object Repository/Create a new liability/Page_Create a new liability  Accounts  Firefly III/button_Store new liability' is clicked on

02-01-2024T01:20:36 - [MESSAGE][PASSED] - Object: 'Object Repository/Create a new liability/Page_Create a new liability  Accounts  Firefly III/button_Store new liability' is clicked on

02-01-2024T01:20:36 - [TEST_STEP][FAILED] - try: Unable to verify object 'Object Repository/Shared_alert/text_dangers' is present (Root cause: com.kms.katalon.core.exception.StepFailedException: Unable to verify object 'Object Repository/Shared_alert/text_dangers' is present
	at com.kms.katalon.core.webui.keyword.internal.WebUIKeywordMain.stepFailed(WebUIKeywordMain.groovy:64)
	at com.kms.katalon.core.webui.keyword.internal.WebUIKeywordMain.runKeyword(WebUIKeywordMain.groovy:26)
	at com.kms.katalon.core.webui.keyword.builtin.VerifyElementPresentKeyword.verifyElementPresent(VerifyElementPresentKeyword.groovy:92)
	at com.kms.katalon.core.webui.keyword.builtin.VerifyElementPresentKeyword.execute(VerifyElementPresentKeyword.groovy:68)
	at com.kms.katalon.core.keyword.internal.KeywordExecutor.executeKeywordForPlatform(KeywordExecutor.groovy:74)
	at com.kms.katalon.core.webui.keyword.WebUiBuiltInKeywords.verifyElementPresent(WebUiBuiltInKeywords.groovy:1503)
	at Create a new liability.run(Create a new liability:81)
	at com.kms.katalon.core.main.ScriptEngine.run(ScriptEngine.java:194)
	at com.kms.katalon.core.main.ScriptEngine.runScriptAsRawText(ScriptEngine.java:119)
	at com.kms.katalon.core.main.TestCaseExecutor.runScript(TestCaseExecutor.java:448)
	at com.kms.katalon.core.main.TestCaseExecutor.doExecute(TestCaseExecutor.java:439)
	at com.kms.katalon.core.main.TestCaseExecutor.processExecutionPhase(TestCaseExecutor.java:418)
	at com.kms.katalon.core.main.TestCaseExecutor.accessMainPhase(TestCaseExecutor.java:410)
	at com.kms.katalon.core.main.TestCaseExecutor.execute(TestCaseExecutor.java:285)
	at com.kms.katalon.core.common.CommonExecutor.accessTestCaseMainPhase(CommonExecutor.java:65)
	at com.kms.katalon.core.main.TestSuiteExecutor.accessTestSuiteMainPhase(TestSuiteExecutor.java:148)
	at com.kms.katalon.core.main.TestSuiteExecutor.execute(TestSuiteExecutor.java:106)
	at com.kms.katalon.core.main.TestCaseMain.startTestSuite(TestCaseMain.java:180)
	at TempTestSuite1704133111684.run(TempTestSuite1704133111684.groovy:36)
	at java.base/jdk.internal.reflect.NativeMethodAccessorImpl.invoke0(Native Method)
	at java.base/jdk.internal.reflect.NativeMethodAccessorImpl.invoke(NativeMethodAccessorImpl.java:77)
	at java.base/jdk.internal.reflect.DelegatingMethodAccessorImpl.invoke(DelegatingMethodAccessorImpl.java:43)
Caused by: com.kms.katalon.core.exception.StepFailedException: com.kms.katalon.core.webui.exception.WebElementNotFoundException: Web element with id: 'Object Repository/Shared_alert/text_dangers' located by '.text-danger' not found
	at com.kms.katalon.core.webui.keyword.internal.WebUIKeywordMain.stepFailed(WebUIKeywordMain.groovy:64)
	at com.kms.katalon.core.webui.keyword.builtin.VerifyElementPresentKeyword$_verifyElementPresent_closure1.doCall(VerifyElementPresentKeyword.groovy:85)
	at com.kms.katalon.core.webui.keyword.builtin.VerifyElementPresentKeyword$_verifyElementPresent_closure1.call(VerifyElementPresentKeyword.groovy)
	at com.kms.katalon.core.webui.keyword.internal.WebUIKeywordMain.runKeyword(WebUIKeywordMain.groovy:20)
	... 20 more
)

02-01-2024T01:20:36 - [TEST_STEP][FAILED] - verifyElementPresent(findTestObject("Shared_alert/text_dangers"), 1): Unable to verify object 'Object Repository/Shared_alert/text_dangers' is present (Root cause: com.kms.katalon.core.exception.StepFailedException: Unable to verify object 'Object Repository/Shared_alert/text_dangers' is present
	at com.kms.katalon.core.webui.keyword.internal.WebUIKeywordMain.stepFailed(WebUIKeywordMain.groovy:64)
	at com.kms.katalon.core.webui.keyword.internal.WebUIKeywordMain.runKeyword(WebUIKeywordMain.groovy:26)
	at com.kms.katalon.core.webui.keyword.builtin.VerifyElementPresentKeyword.verifyElementPresent(VerifyElementPresentKeyword.groovy:92)
	at com.kms.katalon.core.webui.keyword.builtin.VerifyElementPresentKeyword.execute(VerifyElementPresentKeyword.groovy:68)
	at com.kms.katalon.core.keyword.internal.KeywordExecutor.executeKeywordForPlatform(KeywordExecutor.groovy:74)
	at com.kms.katalon.core.webui.keyword.WebUiBuiltInKeywords.verifyElementPresent(WebUiBuiltInKeywords.groovy:1503)
	at Create a new liability.run(Create a new liability:81)
	at com.kms.katalon.core.main.ScriptEngine.run(ScriptEngine.java:194)
	at com.kms.katalon.core.main.ScriptEngine.runScriptAsRawText(ScriptEngine.java:119)
	at com.kms.katalon.core.main.TestCaseExecutor.runScript(TestCaseExecutor.java:448)
	at com.kms.katalon.core.main.TestCaseExecutor.doExecute(TestCaseExecutor.java:439)
	at com.kms.katalon.core.main.TestCaseExecutor.processExecutionPhase(TestCaseExecutor.java:418)
	at com.kms.katalon.core.main.TestCaseExecutor.accessMainPhase(TestCaseExecutor.java:410)
	at com.kms.katalon.core.main.TestCaseExecutor.execute(TestCaseExecutor.java:285)
	at com.kms.katalon.core.common.CommonExecutor.accessTestCaseMainPhase(CommonExecutor.java:65)
	at com.kms.katalon.core.main.TestSuiteExecutor.accessTestSuiteMainPhase(TestSuiteExecutor.java:148)
	at com.kms.katalon.core.main.TestSuiteExecutor.execute(TestSuiteExecutor.java:106)
	at com.kms.katalon.core.main.TestCaseMain.startTestSuite(TestCaseMain.java:180)
	at TempTestSuite1704133111684.run(TempTestSuite1704133111684.groovy:36)
	at java.base/jdk.internal.reflect.NativeMethodAccessorImpl.invoke0(Native Method)
	at java.base/jdk.internal.reflect.NativeMethodAccessorImpl.invoke(NativeMethodAccessorImpl.java:77)
	at java.base/jdk.internal.reflect.DelegatingMethodAccessorImpl.invoke(DelegatingMethodAccessorImpl.java:43)
Caused by: com.kms.katalon.core.exception.StepFailedException: com.kms.katalon.core.webui.exception.WebElementNotFoundException: Web element with id: 'Object Repository/Shared_alert/text_dangers' located by '.text-danger' not found
	at com.kms.katalon.core.webui.keyword.internal.WebUIKeywordMain.stepFailed(WebUIKeywordMain.groovy:64)
	at com.kms.katalon.core.webui.keyword.builtin.VerifyElementPresentKeyword$_verifyElementPresent_closure1.doCall(VerifyElementPresentKeyword.groovy:85)
	at com.kms.katalon.core.webui.keyword.builtin.VerifyElementPresentKeyword$_verifyElementPresent_closure1.call(VerifyElementPresentKeyword.groovy)
	at com.kms.katalon.core.webui.keyword.internal.WebUIKeywordMain.runKeyword(WebUIKeywordMain.groovy:20)
	... 20 more
)

02-01-2024T01:20:38 - [MESSAGE][INFO] - Unable to find the element located by 'By.cssSelector: .text-danger'. Please recheck the objects properties to make sure the desired element is located. 

02-01-2024T01:20:39 - [MESSAGE][FAILED] - com.kms.katalon.core.webui.exception.WebElementNotFoundException: Web element with id: 'Object Repository/Shared_alert/text_dangers' located by '.text-danger' not found (Root cause: com.kms.katalon.core.exception.StepFailedException: com.kms.katalon.core.webui.exception.WebElementNotFoundException: Web element with id: 'Object Repository/Shared_alert/text_dangers' located by '.text-danger' not found
	at com.kms.katalon.core.webui.keyword.internal.WebUIKeywordMain.stepFailed(WebUIKeywordMain.groovy:64)
	at com.kms.katalon.core.webui.keyword.builtin.VerifyElementPresentKeyword$_verifyElementPresent_closure1.doCall(VerifyElementPresentKeyword.groovy:85)
	at com.kms.katalon.core.webui.keyword.builtin.VerifyElementPresentKeyword$_verifyElementPresent_closure1.call(VerifyElementPresentKeyword.groovy)
	at com.kms.katalon.core.webui.keyword.internal.WebUIKeywordMain.runKeyword(WebUIKeywordMain.groovy:20)
	at com.kms.katalon.core.webui.keyword.builtin.VerifyElementPresentKeyword.verifyElementPresent(VerifyElementPresentKeyword.groovy:92)
	at com.kms.katalon.core.webui.keyword.builtin.VerifyElementPresentKeyword.execute(VerifyElementPresentKeyword.groovy:68)
	at com.kms.katalon.core.keyword.internal.KeywordExecutor.executeKeywordForPlatform(KeywordExecutor.groovy:74)
	at com.kms.katalon.core.webui.keyword.WebUiBuiltInKeywords.verifyElementPresent(WebUiBuiltInKeywords.groovy:1503)
	at Create a new liability.run(Create a new liability:81)
	at com.kms.katalon.core.main.ScriptEngine.run(ScriptEngine.java:194)
	at com.kms.katalon.core.main.ScriptEngine.runScriptAsRawText(ScriptEngine.java:119)
	at com.kms.katalon.core.main.TestCaseExecutor.runScript(TestCaseExecutor.java:448)
	at com.kms.katalon.core.main.TestCaseExecutor.doExecute(TestCaseExecutor.java:439)
	at com.kms.katalon.core.main.TestCaseExecutor.processExecutionPhase(TestCaseExecutor.java:418)
	at com.kms.katalon.core.main.TestCaseExecutor.accessMainPhase(TestCaseExecutor.java:410)
	at com.kms.katalon.core.main.TestCaseExecutor.execute(TestCaseExecutor.java:285)
	at com.kms.katalon.core.common.CommonExecutor.accessTestCaseMainPhase(CommonExecutor.java:65)
	at com.kms.katalon.core.main.TestSuiteExecutor.accessTestSuiteMainPhase(TestSuiteExecutor.java:148)
	at com.kms.katalon.core.main.TestSuiteExecutor.execute(TestSuiteExecutor.java:106)
	at com.kms.katalon.core.main.TestCaseMain.startTestSuite(TestCaseMain.java:180)
	at TempTestSuite1704133111684.run(TempTestSuite1704133111684.groovy:36)
	at java.base/jdk.internal.reflect.NativeMethodAccessorImpl.invoke0(Native Method)
	at java.base/jdk.internal.reflect.NativeMethodAccessorImpl.invoke(NativeMethodAccessorImpl.java:77)
	at java.base/jdk.internal.reflect.DelegatingMethodAccessorImpl.invoke(DelegatingMethodAccessorImpl.java:43)
)
[[ATTACHMENT|D:\\ktpm\\G1_Firefly_testing\\Reports\\20240102_011830\\Create a new liability\\20240102_011831\\1704133238928.png]]

02-01-2024T01:20:39 - [MESSAGE][FAILED] - Unable to verify object 'Object Repository/Shared_alert/text_dangers' is present (Root cause: com.kms.katalon.core.exception.StepFailedException: Unable to verify object 'Object Repository/Shared_alert/text_dangers' is present
	at com.kms.katalon.core.webui.keyword.internal.WebUIKeywordMain.stepFailed(WebUIKeywordMain.groovy:64)
	at com.kms.katalon.core.webui.keyword.internal.WebUIKeywordMain.runKeyword(WebUIKeywordMain.groovy:26)
	at com.kms.katalon.core.webui.keyword.builtin.VerifyElementPresentKeyword.verifyElementPresent(VerifyElementPresentKeyword.groovy:92)
	at com.kms.katalon.core.webui.keyword.builtin.VerifyElementPresentKeyword.execute(VerifyElementPresentKeyword.groovy:68)
	at com.kms.katalon.core.keyword.internal.KeywordExecutor.executeKeywordForPlatform(KeywordExecutor.groovy:74)
	at com.kms.katalon.core.webui.keyword.WebUiBuiltInKeywords.verifyElementPresent(WebUiBuiltInKeywords.groovy:1503)
	at Create a new liability.run(Create a new liability:81)
	at com.kms.katalon.core.main.ScriptEngine.run(ScriptEngine.java:194)
	at com.kms.katalon.core.main.ScriptEngine.runScriptAsRawText(ScriptEngine.java:119)
	at com.kms.katalon.core.main.TestCaseExecutor.runScript(TestCaseExecutor.java:448)
	at com.kms.katalon.core.main.TestCaseExecutor.doExecute(TestCaseExecutor.java:439)
	at com.kms.katalon.core.main.TestCaseExecutor.processExecutionPhase(TestCaseExecutor.java:418)
	at com.kms.katalon.core.main.TestCaseExecutor.accessMainPhase(TestCaseExecutor.java:410)
	at com.kms.katalon.core.main.TestCaseExecutor.execute(TestCaseExecutor.java:285)
	at com.kms.katalon.core.common.CommonExecutor.accessTestCaseMainPhase(CommonExecutor.java:65)
	at com.kms.katalon.core.main.TestSuiteExecutor.accessTestSuiteMainPhase(TestSuiteExecutor.java:148)
	at com.kms.katalon.core.main.TestSuiteExecutor.execute(TestSuiteExecutor.java:106)
	at com.kms.katalon.core.main.TestCaseMain.startTestSuite(TestCaseMain.java:180)
	at TempTestSuite1704133111684.run(TempTestSuite1704133111684.groovy:36)
	at java.base/jdk.internal.reflect.NativeMethodAccessorImpl.invoke0(Native Method)
	at java.base/jdk.internal.reflect.NativeMethodAccessorImpl.invoke(NativeMethodAccessorImpl.java:77)
	at java.base/jdk.internal.reflect.DelegatingMethodAccessorImpl.invoke(DelegatingMethodAccessorImpl.java:43)
Caused by: com.kms.katalon.core.exception.StepFailedException: com.kms.katalon.core.webui.exception.WebElementNotFoundException: Web element with id: 'Object Repository/Shared_alert/text_dangers' located by '.text-danger' not found
	at com.kms.katalon.core.webui.keyword.internal.WebUIKeywordMain.stepFailed(WebUIKeywordMain.groovy:64)
	at com.kms.katalon.core.webui.keyword.builtin.VerifyElementPresentKeyword$_verifyElementPresent_closure1.doCall(VerifyElementPresentKeyword.groovy:85)
	at com.kms.katalon.core.webui.keyword.builtin.VerifyElementPresentKeyword$_verifyElementPresent_closure1.call(VerifyElementPresentKeyword.groovy)
	at com.kms.katalon.core.webui.keyword.internal.WebUIKeywordMain.runKeyword(WebUIKeywordMain.groovy:20)
	... 20 more
)
[[ATTACHMENT|D:\\ktpm\\G1_Firefly_testing\\Reports\\20240102_011830\\Create a new liability\\20240102_011831\\1704133239017.png]]

02-01-2024T01:20:39 - [TEST_STEP][FAILED] - catch (Exception err): Test Cases/Create a new liability FAILED.
Reason:
Assertion failed: 

assert false


	at Create a new liability.run(Create a new liability:90)
	at com.kms.katalon.core.main.ScriptEngine.run(ScriptEngine.java:194)
	at com.kms.katalon.core.main.ScriptEngine.runScriptAsRawText(ScriptEngine.java:119)
	at com.kms.katalon.core.main.TestCaseExecutor.runScript(TestCaseExecutor.java:448)
	at com.kms.katalon.core.main.TestCaseExecutor.doExecute(TestCaseExecutor.java:439)
	at com.kms.katalon.core.main.TestCaseExecutor.processExecutionPhase(TestCaseExecutor.java:418)
	at com.kms.katalon.core.main.TestCaseExecutor.accessMainPhase(TestCaseExecutor.java:410)
	at com.kms.katalon.core.main.TestCaseExecutor.execute(TestCaseExecutor.java:285)
	at com.kms.katalon.core.common.CommonExecutor.accessTestCaseMainPhase(CommonExecutor.java:65)
	at com.kms.katalon.core.main.TestSuiteExecutor.accessTestSuiteMainPhase(TestSuiteExecutor.java:148)
	at com.kms.katalon.core.main.TestSuiteExecutor.execute(TestSuiteExecutor.java:106)
	at com.kms.katalon.core.main.TestCaseMain.startTestSuite(TestCaseMain.java:180)
	at TempTestSuite1704133111684.run(TempTestSuite1704133111684.groovy:36)
	at java.base/jdk.internal.reflect.NativeMethodAccessorImpl.invoke0(Native Method)
	at java.base/jdk.internal.reflect.NativeMethodAccessorImpl.invoke(NativeMethodAccessorImpl.java:77)
	at java.base/jdk.internal.reflect.DelegatingMethodAccessorImpl.invoke(DelegatingMethodAccessorImpl.java:43)


02-01-2024T01:20:39 - [TEST_STEP][PASSED] - verifyElementPresent(findTestObject("Shared_alert/success_alert"), 1): Object 'Object Repository/Shared_alert/success_alert' is present

02-01-2024T01:20:39 - [MESSAGE][PASSED] - Object 'Object Repository/Shared_alert/success_alert' is present

02-01-2024T01:20:39 - [TEST_STEP][FAILED] - if (attachments == "Attachments File/Report_65MB.csv"): Test Cases/Create a new liability FAILED.
Reason:
Assertion failed: 

assert false


	at Create a new liability.run(Create a new liability:90)
	at com.kms.katalon.core.main.ScriptEngine.run(ScriptEngine.java:194)
	at com.kms.katalon.core.main.ScriptEngine.runScriptAsRawText(ScriptEngine.java:119)
	at com.kms.katalon.core.main.TestCaseExecutor.runScript(TestCaseExecutor.java:448)
	at com.kms.katalon.core.main.TestCaseExecutor.doExecute(TestCaseExecutor.java:439)
	at com.kms.katalon.core.main.TestCaseExecutor.processExecutionPhase(TestCaseExecutor.java:418)
	at com.kms.katalon.core.main.TestCaseExecutor.accessMainPhase(TestCaseExecutor.java:410)
	at com.kms.katalon.core.main.TestCaseExecutor.execute(TestCaseExecutor.java:285)
	at com.kms.katalon.core.common.CommonExecutor.accessTestCaseMainPhase(CommonExecutor.java:65)
	at com.kms.katalon.core.main.TestSuiteExecutor.accessTestSuiteMainPhase(TestSuiteExecutor.java:148)
	at com.kms.katalon.core.main.TestSuiteExecutor.execute(TestSuiteExecutor.java:106)
	at com.kms.katalon.core.main.TestCaseMain.startTestSuite(TestCaseMain.java:180)
	at TempTestSuite1704133111684.run(TempTestSuite1704133111684.groovy:36)
	at java.base/jdk.internal.reflect.NativeMethodAccessorImpl.invoke0(Native Method)
	at java.base/jdk.internal.reflect.NativeMethodAccessorImpl.invoke(NativeMethodAccessorImpl.java:77)
	at java.base/jdk.internal.reflect.DelegatingMethodAccessorImpl.invoke(DelegatingMethodAccessorImpl.java:43)


02-01-2024T01:20:39 - [TEST_STEP][FAILED] - assert false: Test Cases/Create a new liability FAILED.
Reason:
Assertion failed: 

assert false


	at Create a new liability.run(Create a new liability:90)
	at com.kms.katalon.core.main.ScriptEngine.run(ScriptEngine.java:194)
	at com.kms.katalon.core.main.ScriptEngine.runScriptAsRawText(ScriptEngine.java:119)
	at com.kms.katalon.core.main.TestCaseExecutor.runScript(TestCaseExecutor.java:448)
	at com.kms.katalon.core.main.TestCaseExecutor.doExecute(TestCaseExecutor.java:439)
	at com.kms.katalon.core.main.TestCaseExecutor.processExecutionPhase(TestCaseExecutor.java:418)
	at com.kms.katalon.core.main.TestCaseExecutor.accessMainPhase(TestCaseExecutor.java:410)
	at com.kms.katalon.core.main.TestCaseExecutor.execute(TestCaseExecutor.java:285)
	at com.kms.katalon.core.common.CommonExecutor.accessTestCaseMainPhase(CommonExecutor.java:65)
	at com.kms.katalon.core.main.TestSuiteExecutor.accessTestSuiteMainPhase(TestSuiteExecutor.java:148)
	at com.kms.katalon.core.main.TestSuiteExecutor.execute(TestSuiteExecutor.java:106)
	at com.kms.katalon.core.main.TestCaseMain.startTestSuite(TestCaseMain.java:180)
	at TempTestSuite1704133111684.run(TempTestSuite1704133111684.groovy:36)
	at java.base/jdk.internal.reflect.NativeMethodAccessorImpl.invoke0(Native Method)
	at java.base/jdk.internal.reflect.NativeMethodAccessorImpl.invoke(NativeMethodAccessorImpl.java:77)
	at java.base/jdk.internal.reflect.DelegatingMethodAccessorImpl.invoke(DelegatingMethodAccessorImpl.java:43)


02-01-2024T01:20:39 - [MESSAGE][FAILED] - Test Cases/Create a new liability FAILED.
Reason:
Assertion failed: 

assert false


	at Create a new liability.run(Create a new liability:90)
	at com.kms.katalon.core.main.ScriptEngine.run(ScriptEngine.java:194)
	at com.kms.katalon.core.main.ScriptEngine.runScriptAsRawText(ScriptEngine.java:119)
	at com.kms.katalon.core.main.TestCaseExecutor.runScript(TestCaseExecutor.java:448)
	at com.kms.katalon.core.main.TestCaseExecutor.doExecute(TestCaseExecutor.java:439)
	at com.kms.katalon.core.main.TestCaseExecutor.processExecutionPhase(TestCaseExecutor.java:418)
	at com.kms.katalon.core.main.TestCaseExecutor.accessMainPhase(TestCaseExecutor.java:410)
	at com.kms.katalon.core.main.TestCaseExecutor.execute(TestCaseExecutor.java:285)
	at com.kms.katalon.core.common.CommonExecutor.accessTestCaseMainPhase(CommonExecutor.java:65)
	at com.kms.katalon.core.main.TestSuiteExecutor.accessTestSuiteMainPhase(TestSuiteExecutor.java:148)
	at com.kms.katalon.core.main.TestSuiteExecutor.execute(TestSuiteExecutor.java:106)
	at com.kms.katalon.core.main.TestCaseMain.startTestSuite(TestCaseMain.java:180)
	at TempTestSuite1704133111684.run(TempTestSuite1704133111684.groovy:36)
	at java.base/jdk.internal.reflect.NativeMethodAccessorImpl.invoke0(Native Method)
	at java.base/jdk.internal.reflect.NativeMethodAccessorImpl.invoke(NativeMethodAccessorImpl.java:77)
	at java.base/jdk.internal.reflect.DelegatingMethodAccessorImpl.invoke(DelegatingMethodAccessorImpl.java:43)]]></system-out>
         <system-err><![CDATA[02-01-2024T01:19:44 - [TEST_CASE][FAILED] - Test Cases/Create a new liability: Test Cases/Create a new liability FAILED.
Reason:
Assertion failed: 

assert false


	at Create a new liability.run(Create a new liability:90)
	at com.kms.katalon.core.main.ScriptEngine.run(ScriptEngine.java:194)
	at com.kms.katalon.core.main.ScriptEngine.runScriptAsRawText(ScriptEngine.java:119)
	at com.kms.katalon.core.main.TestCaseExecutor.runScript(TestCaseExecutor.java:448)
	at com.kms.katalon.core.main.TestCaseExecutor.doExecute(TestCaseExecutor.java:439)
	at com.kms.katalon.core.main.TestCaseExecutor.processExecutionPhase(TestCaseExecutor.java:418)
	at com.kms.katalon.core.main.TestCaseExecutor.accessMainPhase(TestCaseExecutor.java:410)
	at com.kms.katalon.core.main.TestCaseExecutor.execute(TestCaseExecutor.java:285)
	at com.kms.katalon.core.common.CommonExecutor.accessTestCaseMainPhase(CommonExecutor.java:65)
	at com.kms.katalon.core.main.TestSuiteExecutor.accessTestSuiteMainPhase(TestSuiteExecutor.java:148)
	at com.kms.katalon.core.main.TestSuiteExecutor.execute(TestSuiteExecutor.java:106)
	at com.kms.katalon.core.main.TestCaseMain.startTestSuite(TestCaseMain.java:180)
	at TempTestSuite1704133111684.run(TempTestSuite1704133111684.groovy:36)
	at java.base/jdk.internal.reflect.NativeMethodAccessorImpl.invoke0(Native Method)
	at java.base/jdk.internal.reflect.NativeMethodAccessorImpl.invoke(NativeMethodAccessorImpl.java:77)
	at java.base/jdk.internal.reflect.DelegatingMethodAccessorImpl.invoke(DelegatingMethodAccessorImpl.java:43)]]></system-err>
      </testcase>
      <testcase name="Test Cases/Create a new liability" time="16.398" classname="Test Cases/Create a new liability" status="PASSED">
         <system-out><![CDATA[02-01-2024T01:20:39 - [TEST_CASE][PASSED] - Test Cases/Create a new liability: Test Cases/Create a new liability

02-01-2024T01:20:39 - [TEST_STEP][PASSED] - openBrowser(""): Browser is opened with url: ''

02-01-2024T01:20:39 - [MESSAGE][WARNING] - A browser is already opened. Closing browser and opening a new one

02-01-2024T01:20:39 - [MESSAGE][INFO] - Starting 'Chrome' driver

02-01-2024T01:20:39 - [MESSAGE][INFO] - Action delay is set to 0 milliseconds

02-01-2024T01:20:41 - [MESSAGE][PASSED] - Browser is opened with url: ''

02-01-2024T01:20:41 - [TEST_STEP][PASSED] - navigateToUrl("https://firefly.buudadawg.online/accounts/create/liabilities"): Navigate to 'https://firefly.buudadawg.online/accounts/create/liabilities' successfully

02-01-2024T01:20:42 - [MESSAGE][PASSED] - Navigate to 'https://firefly.buudadawg.online/accounts/create/liabilities' successfully

02-01-2024T01:20:42 - [TEST_STEP][PASSED] - setText(findTestObject("Object Repository/Create a new liability/Page_Login to Firefly III/input_email"), "huynhluat.dn@gmail.com"): Text 'huynhluat.dn@gmail.com' is set on object 'Object Repository/Create a new liability/Page_Login to Firefly III/input_email'

02-01-2024T01:20:43 - [MESSAGE][PASSED] - Text 'huynhluat.dn@gmail.com' is set on object 'Object Repository/Create a new liability/Page_Login to Firefly III/input_email'

02-01-2024T01:20:43 - [TEST_STEP][PASSED] - setEncryptedText(findTestObject("Object Repository/Create a new liability/Page_Login to Firefly III/input_password"), "GDttjE7iuxOgQwNBt53tbwiiBI5Qr4kb"): Text ****** has been set on object 'Object Repository/Create a new liability/Page_Login to Firefly III/input_password'

02-01-2024T01:20:43 - [MESSAGE][PASSED] - Text ****** has been set on object 'Object Repository/Create a new liability/Page_Login to Firefly III/input_password'

02-01-2024T01:20:43 - [TEST_STEP][PASSED] - click(findTestObject("Object Repository/Create a new liability/Page_Login to Firefly III/button_Sign in")): Object: 'Object Repository/Create a new liability/Page_Login to Firefly III/button_Sign in' is clicked on

02-01-2024T01:20:44 - [MESSAGE][PASSED] - Object: 'Object Repository/Create a new liability/Page_Login to Firefly III/button_Sign in' is clicked on

02-01-2024T01:20:44 - [TEST_STEP][PASSED] - setText(findTestObject("Object Repository/Create a new liability/Page_Create a new liability  Accounts  Firefly III/input_name"), name): Text '' is set on object 'Object Repository/Create a new liability/Page_Create a new liability  Accounts  Firefly III/input_name'

02-01-2024T01:20:46 - [MESSAGE][PASSED] - Text '' is set on object 'Object Repository/Create a new liability/Page_Create a new liability  Accounts  Firefly III/input_name'

02-01-2024T01:20:46 - [TEST_STEP][PASSED] - selectOptionByValue(findTestObject("Object Repository/Create a new liability/Page_Create a new liability  Accounts  Firefly III/select_Euro ()US Dollar ()"), currency, true): All options with value '8' are selected in object 'Object Repository/Create a new liability/Page_Create a new liability  Accounts  Firefly III/select_Euro ()US Dollar ()'  using regular expression

02-01-2024T01:20:46 - [MESSAGE][PASSED] - All options with value '8' are selected in object 'Object Repository/Create a new liability/Page_Create a new liability  Accounts  Firefly III/select_Euro ()US Dollar ()'  using regular expression

02-01-2024T01:20:46 - [TEST_STEP][PASSED] - selectOptionByValue(findTestObject("Object Repository/Create a new liability/Page_Create a new liability  Accounts  Firefly III/select_DebtLoanMortgage"), liability_type, true): All options with value '11' are selected in object 'Object Repository/Create a new liability/Page_Create a new liability  Accounts  Firefly III/select_DebtLoanMortgage'  using regular expression

02-01-2024T01:20:47 - [MESSAGE][PASSED] - All options with value '11' are selected in object 'Object Repository/Create a new liability/Page_Create a new liability  Accounts  Firefly III/select_DebtLoanMortgage'  using regular expression

02-01-2024T01:20:47 - [TEST_STEP][PASSED] - setText(findTestObject("Object Repository/Create a new liability/Page_Create a new liability  Accounts  Firefly III/input_opening_balance"), i_owe_amount): Text '3627.43' is set on object 'Object Repository/Create a new liability/Page_Create a new liability  Accounts  Firefly III/input_opening_balance'

02-01-2024T01:20:48 - [MESSAGE][PASSED] - Text '3627.43' is set on object 'Object Repository/Create a new liability/Page_Create a new liability  Accounts  Firefly III/input_opening_balance'

02-01-2024T01:20:48 - [TEST_STEP][PASSED] - selectOptionByValue(findTestObject("Object Repository/Create a new liability/Page_Create a new liability  Accounts  Firefly III/select_I owe this debt to somebody elseI am_93cb18"), liability_inout, true): All options with value 'credit' are selected in object 'Object Repository/Create a new liability/Page_Create a new liability  Accounts  Firefly III/select_I owe this debt to somebody elseI am_93cb18'  using regular expression

02-01-2024T01:20:49 - [MESSAGE][PASSED] - All options with value 'credit' are selected in object 'Object Repository/Create a new liability/Page_Create a new liability  Accounts  Firefly III/select_I owe this debt to somebody elseI am_93cb18'  using regular expression

02-01-2024T01:20:49 - [TEST_STEP][PASSED] - setText(findTestObject("Create a new liability/Page_Create a new liability  Accounts  Firefly III/input_opening_balance_date"), start_date_of_debt): Text '19/5/2023' is set on object 'Object Repository/Create a new liability/Page_Create a new liability  Accounts  Firefly III/input_opening_balance_date'

02-01-2024T01:20:50 - [MESSAGE][PASSED] - Text '19/5/2023' is set on object 'Object Repository/Create a new liability/Page_Create a new liability  Accounts  Firefly III/input_opening_balance_date'

02-01-2024T01:20:50 - [TEST_STEP][PASSED] - setText(findTestObject("Object Repository/Create a new liability/Page_Create a new liability  Accounts  Firefly III/input_interest"), interest): Text '48.05' is set on object 'Object Repository/Create a new liability/Page_Create a new liability  Accounts  Firefly III/input_interest'

02-01-2024T01:20:50 - [MESSAGE][PASSED] - Text '48.05' is set on object 'Object Repository/Create a new liability/Page_Create a new liability  Accounts  Firefly III/input_interest'

02-01-2024T01:20:50 - [TEST_STEP][PASSED] - selectOptionByValue(findTestObject("Object Repository/Create a new liability/Page_Create a new liability  Accounts  Firefly III/select_Per dayPer monthPer year"), interest_period, true): All options with value 'daily' are selected in object 'Object Repository/Create a new liability/Page_Create a new liability  Accounts  Firefly III/select_Per dayPer monthPer year'  using regular expression

02-01-2024T01:20:51 - [MESSAGE][PASSED] - All options with value 'daily' are selected in object 'Object Repository/Create a new liability/Page_Create a new liability  Accounts  Firefly III/select_Per dayPer monthPer year'  using regular expression

02-01-2024T01:20:51 - [TEST_STEP][PASSED] - setText(findTestObject("Object Repository/Create a new liability/Page_Create a new liability  Accounts  Firefly III/input_iban"), iban): Text 'FR72 2402 8886 56OE UCBV T4TV Y53' is set on object 'Object Repository/Create a new liability/Page_Create a new liability  Accounts  Firefly III/input_iban'

02-01-2024T01:20:52 - [MESSAGE][PASSED] - Text 'FR72 2402 8886 56OE UCBV T4TV Y53' is set on object 'Object Repository/Create a new liability/Page_Create a new liability  Accounts  Firefly III/input_iban'

02-01-2024T01:20:52 - [TEST_STEP][PASSED] - setText(findTestObject("Object Repository/Create a new liability/Page_Create a new liability  Accounts  Firefly III/input_BIC"), bic): Text '' is set on object 'Object Repository/Create a new liability/Page_Create a new liability  Accounts  Firefly III/input_BIC'

02-01-2024T01:20:52 - [MESSAGE][PASSED] - Text '' is set on object 'Object Repository/Create a new liability/Page_Create a new liability  Accounts  Firefly III/input_BIC'

02-01-2024T01:20:52 - [TEST_STEP][PASSED] - setText(findTestObject("Object Repository/Create a new liability/Page_Create a new liability  Accounts  Firefly III/input_account_number"), account_number): Text '4017950000000' is set on object 'Object Repository/Create a new liability/Page_Create a new liability  Accounts  Firefly III/input_account_number'

02-01-2024T01:20:53 - [MESSAGE][PASSED] - Text '4017950000000' is set on object 'Object Repository/Create a new liability/Page_Create a new liability  Accounts  Firefly III/input_account_number'

02-01-2024T01:20:53 - [TEST_STEP][PASSED] - if (include_in_net_worth == "false"): null

02-01-2024T01:20:53 - [TEST_STEP][PASSED] - setText(findTestObject("Object Repository/Create a new liability/Page_Create a new liability  Accounts  Firefly III/textarea_notes"), notes): Text '' is set on object 'Object Repository/Create a new liability/Page_Create a new liability  Accounts  Firefly III/textarea_notes'

02-01-2024T01:20:54 - [MESSAGE][PASSED] - Text '' is set on object 'Object Repository/Create a new liability/Page_Create a new liability  Accounts  Firefly III/textarea_notes'

02-01-2024T01:20:54 - [TEST_STEP][PASSED] - if (attachments != ""): null

02-01-2024T01:20:54 - [TEST_STEP][PASSED] - click(findTestObject("Object Repository/Create a new liability/Page_Create a new liability  Accounts  Firefly III/button_Store new liability")): Object: 'Object Repository/Create a new liability/Page_Create a new liability  Accounts  Firefly III/button_Store new liability' is clicked on

02-01-2024T01:20:54 - [MESSAGE][PASSED] - Object: 'Object Repository/Create a new liability/Page_Create a new liability  Accounts  Firefly III/button_Store new liability' is clicked on

02-01-2024T01:20:54 - [TEST_STEP][PASSED] - try: null

02-01-2024T01:20:54 - [TEST_STEP][PASSED] - verifyElementPresent(findTestObject("Shared_alert/text_dangers"), 1): Object 'Object Repository/Shared_alert/text_dangers' is present

02-01-2024T01:20:55 - [MESSAGE][PASSED] - Object 'Object Repository/Shared_alert/text_dangers' is present

02-01-2024T01:20:55 - [TEST_STEP][PASSED] - verifyElementNotPresent(findTestObject("Shared_alert/success_alert"), 1): Web element with id: 'Object Repository/Shared_alert/success_alert' located by 'By.cssSelector: #app > div.content-wrapper > section.content > div' is not present after '1' second(s)

02-01-2024T01:20:55 - [MESSAGE][PASSED] - Web element with id: 'Object Repository/Shared_alert/success_alert' located by 'By.cssSelector: #app > div.content-wrapper > section.content > div' is not present after '1' second(s)

02-01-2024T01:20:55 - [TEST_STEP][PASSED] - out.println("text danger"): null

02-01-2024T01:20:55 - [TEST_STEP][PASSED] - closeBrowser(): Browser is closed

02-01-2024T01:20:55 - [MESSAGE][PASSED] - Browser is closed]]></system-out>
         <system-err><![CDATA[]]></system-err>
      </testcase>
      <testcase name="Test Cases/Create a new liability" time="17.28" classname="Test Cases/Create a new liability" status="PASSED">
         <system-out><![CDATA[02-01-2024T01:20:56 - [TEST_CASE][PASSED] - Test Cases/Create a new liability: Test Cases/Create a new liability

02-01-2024T01:20:56 - [TEST_STEP][PASSED] - openBrowser(""): Browser is opened with url: ''

02-01-2024T01:20:56 - [MESSAGE][INFO] - Starting 'Chrome' driver

02-01-2024T01:20:56 - [MESSAGE][INFO] - Action delay is set to 0 milliseconds

02-01-2024T01:20:57 - [MESSAGE][PASSED] - Browser is opened with url: ''

02-01-2024T01:20:57 - [TEST_STEP][PASSED] - navigateToUrl("https://firefly.buudadawg.online/accounts/create/liabilities"): Navigate to 'https://firefly.buudadawg.online/accounts/create/liabilities' successfully

02-01-2024T01:20:58 - [MESSAGE][PASSED] - Navigate to 'https://firefly.buudadawg.online/accounts/create/liabilities' successfully

02-01-2024T01:20:58 - [TEST_STEP][PASSED] - setText(findTestObject("Object Repository/Create a new liability/Page_Login to Firefly III/input_email"), "huynhluat.dn@gmail.com"): Text 'huynhluat.dn@gmail.com' is set on object 'Object Repository/Create a new liability/Page_Login to Firefly III/input_email'

02-01-2024T01:20:59 - [MESSAGE][PASSED] - Text 'huynhluat.dn@gmail.com' is set on object 'Object Repository/Create a new liability/Page_Login to Firefly III/input_email'

02-01-2024T01:20:59 - [TEST_STEP][PASSED] - setEncryptedText(findTestObject("Object Repository/Create a new liability/Page_Login to Firefly III/input_password"), "GDttjE7iuxOgQwNBt53tbwiiBI5Qr4kb"): Text ****** has been set on object 'Object Repository/Create a new liability/Page_Login to Firefly III/input_password'

02-01-2024T01:21:00 - [MESSAGE][PASSED] - Text ****** has been set on object 'Object Repository/Create a new liability/Page_Login to Firefly III/input_password'

02-01-2024T01:21:00 - [TEST_STEP][PASSED] - click(findTestObject("Object Repository/Create a new liability/Page_Login to Firefly III/button_Sign in")): Object: 'Object Repository/Create a new liability/Page_Login to Firefly III/button_Sign in' is clicked on

02-01-2024T01:21:01 - [MESSAGE][PASSED] - Object: 'Object Repository/Create a new liability/Page_Login to Firefly III/button_Sign in' is clicked on

02-01-2024T01:21:01 - [TEST_STEP][PASSED] - setText(findTestObject("Object Repository/Create a new liability/Page_Create a new liability  Accounts  Firefly III/input_name"), name): Text '' is set on object 'Object Repository/Create a new liability/Page_Create a new liability  Accounts  Firefly III/input_name'

02-01-2024T01:21:02 - [MESSAGE][PASSED] - Text '' is set on object 'Object Repository/Create a new liability/Page_Create a new liability  Accounts  Firefly III/input_name'

02-01-2024T01:21:02 - [TEST_STEP][PASSED] - selectOptionByValue(findTestObject("Object Repository/Create a new liability/Page_Create a new liability  Accounts  Firefly III/select_Euro ()US Dollar ()"), currency, true): All options with value '1' are selected in object 'Object Repository/Create a new liability/Page_Create a new liability  Accounts  Firefly III/select_Euro ()US Dollar ()'  using regular expression

02-01-2024T01:21:03 - [MESSAGE][PASSED] - All options with value '1' are selected in object 'Object Repository/Create a new liability/Page_Create a new liability  Accounts  Firefly III/select_Euro ()US Dollar ()'  using regular expression

02-01-2024T01:21:03 - [TEST_STEP][PASSED] - selectOptionByValue(findTestObject("Object Repository/Create a new liability/Page_Create a new liability  Accounts  Firefly III/select_DebtLoanMortgage"), liability_type, true): All options with value '9' are selected in object 'Object Repository/Create a new liability/Page_Create a new liability  Accounts  Firefly III/select_DebtLoanMortgage'  using regular expression

02-01-2024T01:21:04 - [MESSAGE][PASSED] - All options with value '9' are selected in object 'Object Repository/Create a new liability/Page_Create a new liability  Accounts  Firefly III/select_DebtLoanMortgage'  using regular expression

02-01-2024T01:21:04 - [TEST_STEP][PASSED] - setText(findTestObject("Object Repository/Create a new liability/Page_Create a new liability  Accounts  Firefly III/input_opening_balance"), i_owe_amount): Text '7473.38' is set on object 'Object Repository/Create a new liability/Page_Create a new liability  Accounts  Firefly III/input_opening_balance'

02-01-2024T01:21:04 - [MESSAGE][PASSED] - Text '7473.38' is set on object 'Object Repository/Create a new liability/Page_Create a new liability  Accounts  Firefly III/input_opening_balance'

02-01-2024T01:21:04 - [TEST_STEP][PASSED] - selectOptionByValue(findTestObject("Object Repository/Create a new liability/Page_Create a new liability  Accounts  Firefly III/select_I owe this debt to somebody elseI am_93cb18"), liability_inout, true): All options with value 'debit' are selected in object 'Object Repository/Create a new liability/Page_Create a new liability  Accounts  Firefly III/select_I owe this debt to somebody elseI am_93cb18'  using regular expression

02-01-2024T01:21:05 - [MESSAGE][PASSED] - All options with value 'debit' are selected in object 'Object Repository/Create a new liability/Page_Create a new liability  Accounts  Firefly III/select_I owe this debt to somebody elseI am_93cb18'  using regular expression

02-01-2024T01:21:05 - [TEST_STEP][PASSED] - setText(findTestObject("Create a new liability/Page_Create a new liability  Accounts  Firefly III/input_opening_balance_date"), start_date_of_debt): Text '21/9/2023' is set on object 'Object Repository/Create a new liability/Page_Create a new liability  Accounts  Firefly III/input_opening_balance_date'

02-01-2024T01:21:06 - [MESSAGE][PASSED] - Text '21/9/2023' is set on object 'Object Repository/Create a new liability/Page_Create a new liability  Accounts  Firefly III/input_opening_balance_date'

02-01-2024T01:21:06 - [TEST_STEP][PASSED] - setText(findTestObject("Object Repository/Create a new liability/Page_Create a new liability  Accounts  Firefly III/input_interest"), interest): Text '99' is set on object 'Object Repository/Create a new liability/Page_Create a new liability  Accounts  Firefly III/input_interest'

02-01-2024T01:21:06 - [MESSAGE][PASSED] - Text '99' is set on object 'Object Repository/Create a new liability/Page_Create a new liability  Accounts  Firefly III/input_interest'

02-01-2024T01:21:06 - [TEST_STEP][PASSED] - selectOptionByValue(findTestObject("Object Repository/Create a new liability/Page_Create a new liability  Accounts  Firefly III/select_Per dayPer monthPer year"), interest_period, true): All options with value 'yearly' are selected in object 'Object Repository/Create a new liability/Page_Create a new liability  Accounts  Firefly III/select_Per dayPer monthPer year'  using regular expression

02-01-2024T01:21:07 - [MESSAGE][PASSED] - All options with value 'yearly' are selected in object 'Object Repository/Create a new liability/Page_Create a new liability  Accounts  Firefly III/select_Per dayPer monthPer year'  using regular expression

02-01-2024T01:21:07 - [TEST_STEP][PASSED] - setText(findTestObject("Object Repository/Create a new liability/Page_Create a new liability  Accounts  Firefly III/input_iban"), iban): Text '' is set on object 'Object Repository/Create a new liability/Page_Create a new liability  Accounts  Firefly III/input_iban'

02-01-2024T01:21:08 - [MESSAGE][PASSED] - Text '' is set on object 'Object Repository/Create a new liability/Page_Create a new liability  Accounts  Firefly III/input_iban'

02-01-2024T01:21:08 - [TEST_STEP][PASSED] - setText(findTestObject("Object Repository/Create a new liability/Page_Create a new liability  Accounts  Firefly III/input_BIC"), bic): Text '' is set on object 'Object Repository/Create a new liability/Page_Create a new liability  Accounts  Firefly III/input_BIC'

02-01-2024T01:21:08 - [MESSAGE][PASSED] - Text '' is set on object 'Object Repository/Create a new liability/Page_Create a new liability  Accounts  Firefly III/input_BIC'

02-01-2024T01:21:08 - [TEST_STEP][PASSED] - setText(findTestObject("Object Repository/Create a new liability/Page_Create a new liability  Accounts  Firefly III/input_account_number"), account_number): Text '5100180000000000' is set on object 'Object Repository/Create a new liability/Page_Create a new liability  Accounts  Firefly III/input_account_number'

02-01-2024T01:21:09 - [MESSAGE][PASSED] - Text '5100180000000000' is set on object 'Object Repository/Create a new liability/Page_Create a new liability  Accounts  Firefly III/input_account_number'

02-01-2024T01:21:09 - [TEST_STEP][PASSED] - if (include_in_net_worth == "false"): null

02-01-2024T01:21:09 - [TEST_STEP][PASSED] - setText(findTestObject("Object Repository/Create a new liability/Page_Create a new liability  Accounts  Firefly III/textarea_notes"), notes): Text 'Morbi non lectus. Aliquam sit amet diam in magna bibendum imperdiet. Nullam orci pede, venenatis non, sodales sed, tincidunt eu, felis.' is set on object 'Object Repository/Create a new liability/Page_Create a new liability  Accounts  Firefly III/textarea_notes'

02-01-2024T01:21:10 - [MESSAGE][PASSED] - Text 'Morbi non lectus. Aliquam sit amet diam in magna bibendum imperdiet. Nullam orci pede, venenatis non, sodales sed, tincidunt eu, felis.' is set on object 'Object Repository/Create a new liability/Page_Create a new liability  Accounts  Firefly III/textarea_notes'

02-01-2024T01:21:10 - [TEST_STEP][PASSED] - if (attachments != ""): File 'D:\ktpm\G1_Firefly_testing\Attachments File\Report_1MB.csv' sent to object: 'Object Repository/Create a new liability/Page_Create a new liability  Accounts  Firefly III/upload file'

02-01-2024T01:21:10 - [TEST_STEP][PASSED] - absolutePath = normalize().toString(): null

02-01-2024T01:21:10 - [TEST_STEP][PASSED] - uploadFile(findTestObject("Create a new liability/Page_Create a new liability  Accounts  Firefly III/upload file"), absolutePath): File 'D:\ktpm\G1_Firefly_testing\Attachments File\Report_1MB.csv' sent to object: 'Object Repository/Create a new liability/Page_Create a new liability  Accounts  Firefly III/upload file'

02-01-2024T01:21:10 - [MESSAGE][PASSED] - File 'D:\ktpm\G1_Firefly_testing\Attachments File\Report_1MB.csv' sent to object: 'Object Repository/Create a new liability/Page_Create a new liability  Accounts  Firefly III/upload file'

02-01-2024T01:21:10 - [TEST_STEP][PASSED] - click(findTestObject("Object Repository/Create a new liability/Page_Create a new liability  Accounts  Firefly III/button_Store new liability")): Object: 'Object Repository/Create a new liability/Page_Create a new liability  Accounts  Firefly III/button_Store new liability' is clicked on

02-01-2024T01:21:12 - [MESSAGE][PASSED] - Object: 'Object Repository/Create a new liability/Page_Create a new liability  Accounts  Firefly III/button_Store new liability' is clicked on

02-01-2024T01:21:12 - [TEST_STEP][PASSED] - try: null

02-01-2024T01:21:12 - [TEST_STEP][PASSED] - verifyElementPresent(findTestObject("Shared_alert/text_dangers"), 1): Object 'Object Repository/Shared_alert/text_dangers' is present

02-01-2024T01:21:12 - [MESSAGE][PASSED] - Object 'Object Repository/Shared_alert/text_dangers' is present

02-01-2024T01:21:12 - [TEST_STEP][PASSED] - verifyElementNotPresent(findTestObject("Shared_alert/success_alert"), 1): Web element with id: 'Object Repository/Shared_alert/success_alert' located by 'By.cssSelector: #app > div.content-wrapper > section.content > div' is not present after '1' second(s)

02-01-2024T01:21:13 - [MESSAGE][PASSED] - Web element with id: 'Object Repository/Shared_alert/success_alert' located by 'By.cssSelector: #app > div.content-wrapper > section.content > div' is not present after '1' second(s)

02-01-2024T01:21:13 - [TEST_STEP][PASSED] - out.println("text danger"): null

02-01-2024T01:21:13 - [TEST_STEP][PASSED] - closeBrowser(): Browser is closed

02-01-2024T01:21:13 - [MESSAGE][PASSED] - Browser is closed]]></system-out>
         <system-err><![CDATA[]]></system-err>
      </testcase>
      <testcase name="Test Cases/Create a new liability" time="17.987" classname="Test Cases/Create a new liability" status="PASSED">
         <system-out><![CDATA[02-01-2024T01:21:13 - [TEST_CASE][PASSED] - Test Cases/Create a new liability: Test Cases/Create a new liability

02-01-2024T01:21:13 - [TEST_STEP][PASSED] - openBrowser(""): Browser is opened with url: ''

02-01-2024T01:21:13 - [MESSAGE][INFO] - Starting 'Chrome' driver

02-01-2024T01:21:13 - [MESSAGE][INFO] - Action delay is set to 0 milliseconds

02-01-2024T01:21:14 - [MESSAGE][PASSED] - Browser is opened with url: ''

02-01-2024T01:21:14 - [TEST_STEP][PASSED] - navigateToUrl("https://firefly.buudadawg.online/accounts/create/liabilities"): Navigate to 'https://firefly.buudadawg.online/accounts/create/liabilities' successfully

02-01-2024T01:21:16 - [MESSAGE][PASSED] - Navigate to 'https://firefly.buudadawg.online/accounts/create/liabilities' successfully

02-01-2024T01:21:16 - [TEST_STEP][PASSED] - setText(findTestObject("Object Repository/Create a new liability/Page_Login to Firefly III/input_email"), "huynhluat.dn@gmail.com"): Text 'huynhluat.dn@gmail.com' is set on object 'Object Repository/Create a new liability/Page_Login to Firefly III/input_email'

02-01-2024T01:21:17 - [MESSAGE][PASSED] - Text 'huynhluat.dn@gmail.com' is set on object 'Object Repository/Create a new liability/Page_Login to Firefly III/input_email'

02-01-2024T01:21:17 - [TEST_STEP][PASSED] - setEncryptedText(findTestObject("Object Repository/Create a new liability/Page_Login to Firefly III/input_password"), "GDttjE7iuxOgQwNBt53tbwiiBI5Qr4kb"): Text ****** has been set on object 'Object Repository/Create a new liability/Page_Login to Firefly III/input_password'

02-01-2024T01:21:17 - [MESSAGE][PASSED] - Text ****** has been set on object 'Object Repository/Create a new liability/Page_Login to Firefly III/input_password'

02-01-2024T01:21:17 - [TEST_STEP][PASSED] - click(findTestObject("Object Repository/Create a new liability/Page_Login to Firefly III/button_Sign in")): Object: 'Object Repository/Create a new liability/Page_Login to Firefly III/button_Sign in' is clicked on

02-01-2024T01:21:18 - [MESSAGE][PASSED] - Object: 'Object Repository/Create a new liability/Page_Login to Firefly III/button_Sign in' is clicked on

02-01-2024T01:21:18 - [TEST_STEP][PASSED] - setText(findTestObject("Object Repository/Create a new liability/Page_Create a new liability  Accounts  Firefly III/input_name"), name): Text 'ncane6' is set on object 'Object Repository/Create a new liability/Page_Create a new liability  Accounts  Firefly III/input_name'

02-01-2024T01:21:19 - [MESSAGE][PASSED] - Text 'ncane6' is set on object 'Object Repository/Create a new liability/Page_Create a new liability  Accounts  Firefly III/input_name'

02-01-2024T01:21:19 - [TEST_STEP][PASSED] - selectOptionByValue(findTestObject("Object Repository/Create a new liability/Page_Create a new liability  Accounts  Firefly III/select_Euro ()US Dollar ()"), currency, true): All options with value '1' are selected in object 'Object Repository/Create a new liability/Page_Create a new liability  Accounts  Firefly III/select_Euro ()US Dollar ()'  using regular expression

02-01-2024T01:21:20 - [MESSAGE][PASSED] - All options with value '1' are selected in object 'Object Repository/Create a new liability/Page_Create a new liability  Accounts  Firefly III/select_Euro ()US Dollar ()'  using regular expression

02-01-2024T01:21:20 - [TEST_STEP][PASSED] - selectOptionByValue(findTestObject("Object Repository/Create a new liability/Page_Create a new liability  Accounts  Firefly III/select_DebtLoanMortgage"), liability_type, true): All options with value '11' are selected in object 'Object Repository/Create a new liability/Page_Create a new liability  Accounts  Firefly III/select_DebtLoanMortgage'  using regular expression

02-01-2024T01:21:21 - [MESSAGE][PASSED] - All options with value '11' are selected in object 'Object Repository/Create a new liability/Page_Create a new liability  Accounts  Firefly III/select_DebtLoanMortgage'  using regular expression

02-01-2024T01:21:21 - [TEST_STEP][PASSED] - setText(findTestObject("Object Repository/Create a new liability/Page_Create a new liability  Accounts  Firefly III/input_opening_balance"), i_owe_amount): Text '1948.32' is set on object 'Object Repository/Create a new liability/Page_Create a new liability  Accounts  Firefly III/input_opening_balance'

02-01-2024T01:21:22 - [MESSAGE][PASSED] - Text '1948.32' is set on object 'Object Repository/Create a new liability/Page_Create a new liability  Accounts  Firefly III/input_opening_balance'

02-01-2024T01:21:22 - [TEST_STEP][PASSED] - selectOptionByValue(findTestObject("Object Repository/Create a new liability/Page_Create a new liability  Accounts  Firefly III/select_I owe this debt to somebody elseI am_93cb18"), liability_inout, true): All options with value 'debit' are selected in object 'Object Repository/Create a new liability/Page_Create a new liability  Accounts  Firefly III/select_I owe this debt to somebody elseI am_93cb18'  using regular expression

02-01-2024T01:21:22 - [MESSAGE][PASSED] - All options with value 'debit' are selected in object 'Object Repository/Create a new liability/Page_Create a new liability  Accounts  Firefly III/select_I owe this debt to somebody elseI am_93cb18'  using regular expression

02-01-2024T01:21:22 - [TEST_STEP][PASSED] - setText(findTestObject("Create a new liability/Page_Create a new liability  Accounts  Firefly III/input_opening_balance_date"), start_date_of_debt): Text '16/6/2023' is set on object 'Object Repository/Create a new liability/Page_Create a new liability  Accounts  Firefly III/input_opening_balance_date'

02-01-2024T01:21:23 - [MESSAGE][PASSED] - Text '16/6/2023' is set on object 'Object Repository/Create a new liability/Page_Create a new liability  Accounts  Firefly III/input_opening_balance_date'

02-01-2024T01:21:23 - [TEST_STEP][PASSED] - setText(findTestObject("Object Repository/Create a new liability/Page_Create a new liability  Accounts  Firefly III/input_interest"), interest): Text '82.19' is set on object 'Object Repository/Create a new liability/Page_Create a new liability  Accounts  Firefly III/input_interest'

02-01-2024T01:21:24 - [MESSAGE][PASSED] - Text '82.19' is set on object 'Object Repository/Create a new liability/Page_Create a new liability  Accounts  Firefly III/input_interest'

02-01-2024T01:21:24 - [TEST_STEP][PASSED] - selectOptionByValue(findTestObject("Object Repository/Create a new liability/Page_Create a new liability  Accounts  Firefly III/select_Per dayPer monthPer year"), interest_period, true): All options with value 'yearly' are selected in object 'Object Repository/Create a new liability/Page_Create a new liability  Accounts  Firefly III/select_Per dayPer monthPer year'  using regular expression

02-01-2024T01:21:24 - [MESSAGE][PASSED] - All options with value 'yearly' are selected in object 'Object Repository/Create a new liability/Page_Create a new liability  Accounts  Firefly III/select_Per dayPer monthPer year'  using regular expression

02-01-2024T01:21:24 - [TEST_STEP][PASSED] - setText(findTestObject("Object Repository/Create a new liability/Page_Create a new liability  Accounts  Firefly III/input_iban"), iban): Text 'PK40 HTEL HGHL FCEG 59QR HLT0' is set on object 'Object Repository/Create a new liability/Page_Create a new liability  Accounts  Firefly III/input_iban'

02-01-2024T01:21:25 - [MESSAGE][PASSED] - Text 'PK40 HTEL HGHL FCEG 59QR HLT0' is set on object 'Object Repository/Create a new liability/Page_Create a new liability  Accounts  Firefly III/input_iban'

02-01-2024T01:21:25 - [TEST_STEP][PASSED] - setText(findTestObject("Object Repository/Create a new liability/Page_Create a new liability  Accounts  Firefly III/input_BIC"), bic): Text '' is set on object 'Object Repository/Create a new liability/Page_Create a new liability  Accounts  Firefly III/input_BIC'

02-01-2024T01:21:26 - [MESSAGE][PASSED] - Text '' is set on object 'Object Repository/Create a new liability/Page_Create a new liability  Accounts  Firefly III/input_BIC'

02-01-2024T01:21:26 - [TEST_STEP][PASSED] - setText(findTestObject("Object Repository/Create a new liability/Page_Create a new liability  Accounts  Firefly III/input_account_number"), account_number): Text '' is set on object 'Object Repository/Create a new liability/Page_Create a new liability  Accounts  Firefly III/input_account_number'

02-01-2024T01:21:26 - [MESSAGE][PASSED] - Text '' is set on object 'Object Repository/Create a new liability/Page_Create a new liability  Accounts  Firefly III/input_account_number'

02-01-2024T01:21:26 - [TEST_STEP][PASSED] - if (include_in_net_worth == "false"): null

02-01-2024T01:21:26 - [TEST_STEP][PASSED] - setText(findTestObject("Object Repository/Create a new liability/Page_Create a new liability  Accounts  Firefly III/textarea_notes"), notes): Text '' is set on object 'Object Repository/Create a new liability/Page_Create a new liability  Accounts  Firefly III/textarea_notes'

02-01-2024T01:21:27 - [MESSAGE][PASSED] - Text '' is set on object 'Object Repository/Create a new liability/Page_Create a new liability  Accounts  Firefly III/textarea_notes'

02-01-2024T01:21:27 - [TEST_STEP][PASSED] - if (attachments != ""): null

02-01-2024T01:21:27 - [TEST_STEP][PASSED] - click(findTestObject("Object Repository/Create a new liability/Page_Create a new liability  Accounts  Firefly III/button_Store new liability")): Object: 'Object Repository/Create a new liability/Page_Create a new liability  Accounts  Firefly III/button_Store new liability' is clicked on

02-01-2024T01:21:28 - [MESSAGE][PASSED] - Object: 'Object Repository/Create a new liability/Page_Create a new liability  Accounts  Firefly III/button_Store new liability' is clicked on

02-01-2024T01:21:28 - [TEST_STEP][FAILED] - try: Unable to verify object 'Object Repository/Shared_alert/text_dangers' is present (Root cause: com.kms.katalon.core.exception.StepFailedException: Unable to verify object 'Object Repository/Shared_alert/text_dangers' is present
	at com.kms.katalon.core.webui.keyword.internal.WebUIKeywordMain.stepFailed(WebUIKeywordMain.groovy:64)
	at com.kms.katalon.core.webui.keyword.internal.WebUIKeywordMain.runKeyword(WebUIKeywordMain.groovy:26)
	at com.kms.katalon.core.webui.keyword.builtin.VerifyElementPresentKeyword.verifyElementPresent(VerifyElementPresentKeyword.groovy:92)
	at com.kms.katalon.core.webui.keyword.builtin.VerifyElementPresentKeyword.execute(VerifyElementPresentKeyword.groovy:68)
	at com.kms.katalon.core.keyword.internal.KeywordExecutor.executeKeywordForPlatform(KeywordExecutor.groovy:74)
	at com.kms.katalon.core.webui.keyword.WebUiBuiltInKeywords.verifyElementPresent(WebUiBuiltInKeywords.groovy:1503)
	at Create a new liability.run(Create a new liability:81)
	at com.kms.katalon.core.main.ScriptEngine.run(ScriptEngine.java:194)
	at com.kms.katalon.core.main.ScriptEngine.runScriptAsRawText(ScriptEngine.java:119)
	at com.kms.katalon.core.main.TestCaseExecutor.runScript(TestCaseExecutor.java:448)
	at com.kms.katalon.core.main.TestCaseExecutor.doExecute(TestCaseExecutor.java:439)
	at com.kms.katalon.core.main.TestCaseExecutor.processExecutionPhase(TestCaseExecutor.java:418)
	at com.kms.katalon.core.main.TestCaseExecutor.accessMainPhase(TestCaseExecutor.java:410)
	at com.kms.katalon.core.main.TestCaseExecutor.execute(TestCaseExecutor.java:285)
	at com.kms.katalon.core.common.CommonExecutor.accessTestCaseMainPhase(CommonExecutor.java:65)
	at com.kms.katalon.core.main.TestSuiteExecutor.accessTestSuiteMainPhase(TestSuiteExecutor.java:148)
	at com.kms.katalon.core.main.TestSuiteExecutor.execute(TestSuiteExecutor.java:106)
	at com.kms.katalon.core.main.TestCaseMain.startTestSuite(TestCaseMain.java:180)
	at TempTestSuite1704133111684.run(TempTestSuite1704133111684.groovy:36)
	at java.base/jdk.internal.reflect.NativeMethodAccessorImpl.invoke0(Native Method)
	at java.base/jdk.internal.reflect.NativeMethodAccessorImpl.invoke(NativeMethodAccessorImpl.java:77)
	at java.base/jdk.internal.reflect.DelegatingMethodAccessorImpl.invoke(DelegatingMethodAccessorImpl.java:43)
Caused by: com.kms.katalon.core.exception.StepFailedException: com.kms.katalon.core.webui.exception.WebElementNotFoundException: Web element with id: 'Object Repository/Shared_alert/text_dangers' located by '.text-danger' not found
	at com.kms.katalon.core.webui.keyword.internal.WebUIKeywordMain.stepFailed(WebUIKeywordMain.groovy:64)
	at com.kms.katalon.core.webui.keyword.builtin.VerifyElementPresentKeyword$_verifyElementPresent_closure1.doCall(VerifyElementPresentKeyword.groovy:85)
	at com.kms.katalon.core.webui.keyword.builtin.VerifyElementPresentKeyword$_verifyElementPresent_closure1.call(VerifyElementPresentKeyword.groovy)
	at com.kms.katalon.core.webui.keyword.internal.WebUIKeywordMain.runKeyword(WebUIKeywordMain.groovy:20)
	... 20 more
)

02-01-2024T01:21:28 - [TEST_STEP][FAILED] - verifyElementPresent(findTestObject("Shared_alert/text_dangers"), 1): Unable to verify object 'Object Repository/Shared_alert/text_dangers' is present (Root cause: com.kms.katalon.core.exception.StepFailedException: Unable to verify object 'Object Repository/Shared_alert/text_dangers' is present
	at com.kms.katalon.core.webui.keyword.internal.WebUIKeywordMain.stepFailed(WebUIKeywordMain.groovy:64)
	at com.kms.katalon.core.webui.keyword.internal.WebUIKeywordMain.runKeyword(WebUIKeywordMain.groovy:26)
	at com.kms.katalon.core.webui.keyword.builtin.VerifyElementPresentKeyword.verifyElementPresent(VerifyElementPresentKeyword.groovy:92)
	at com.kms.katalon.core.webui.keyword.builtin.VerifyElementPresentKeyword.execute(VerifyElementPresentKeyword.groovy:68)
	at com.kms.katalon.core.keyword.internal.KeywordExecutor.executeKeywordForPlatform(KeywordExecutor.groovy:74)
	at com.kms.katalon.core.webui.keyword.WebUiBuiltInKeywords.verifyElementPresent(WebUiBuiltInKeywords.groovy:1503)
	at Create a new liability.run(Create a new liability:81)
	at com.kms.katalon.core.main.ScriptEngine.run(ScriptEngine.java:194)
	at com.kms.katalon.core.main.ScriptEngine.runScriptAsRawText(ScriptEngine.java:119)
	at com.kms.katalon.core.main.TestCaseExecutor.runScript(TestCaseExecutor.java:448)
	at com.kms.katalon.core.main.TestCaseExecutor.doExecute(TestCaseExecutor.java:439)
	at com.kms.katalon.core.main.TestCaseExecutor.processExecutionPhase(TestCaseExecutor.java:418)
	at com.kms.katalon.core.main.TestCaseExecutor.accessMainPhase(TestCaseExecutor.java:410)
	at com.kms.katalon.core.main.TestCaseExecutor.execute(TestCaseExecutor.java:285)
	at com.kms.katalon.core.common.CommonExecutor.accessTestCaseMainPhase(CommonExecutor.java:65)
	at com.kms.katalon.core.main.TestSuiteExecutor.accessTestSuiteMainPhase(TestSuiteExecutor.java:148)
	at com.kms.katalon.core.main.TestSuiteExecutor.execute(TestSuiteExecutor.java:106)
	at com.kms.katalon.core.main.TestCaseMain.startTestSuite(TestCaseMain.java:180)
	at TempTestSuite1704133111684.run(TempTestSuite1704133111684.groovy:36)
	at java.base/jdk.internal.reflect.NativeMethodAccessorImpl.invoke0(Native Method)
	at java.base/jdk.internal.reflect.NativeMethodAccessorImpl.invoke(NativeMethodAccessorImpl.java:77)
	at java.base/jdk.internal.reflect.DelegatingMethodAccessorImpl.invoke(DelegatingMethodAccessorImpl.java:43)
Caused by: com.kms.katalon.core.exception.StepFailedException: com.kms.katalon.core.webui.exception.WebElementNotFoundException: Web element with id: 'Object Repository/Shared_alert/text_dangers' located by '.text-danger' not found
	at com.kms.katalon.core.webui.keyword.internal.WebUIKeywordMain.stepFailed(WebUIKeywordMain.groovy:64)
	at com.kms.katalon.core.webui.keyword.builtin.VerifyElementPresentKeyword$_verifyElementPresent_closure1.doCall(VerifyElementPresentKeyword.groovy:85)
	at com.kms.katalon.core.webui.keyword.builtin.VerifyElementPresentKeyword$_verifyElementPresent_closure1.call(VerifyElementPresentKeyword.groovy)
	at com.kms.katalon.core.webui.keyword.internal.WebUIKeywordMain.runKeyword(WebUIKeywordMain.groovy:20)
	... 20 more
)

02-01-2024T01:21:30 - [MESSAGE][INFO] - Unable to find the element located by 'By.cssSelector: .text-danger'. Please recheck the objects properties to make sure the desired element is located. 

02-01-2024T01:21:30 - [MESSAGE][FAILED] - com.kms.katalon.core.webui.exception.WebElementNotFoundException: Web element with id: 'Object Repository/Shared_alert/text_dangers' located by '.text-danger' not found (Root cause: com.kms.katalon.core.exception.StepFailedException: com.kms.katalon.core.webui.exception.WebElementNotFoundException: Web element with id: 'Object Repository/Shared_alert/text_dangers' located by '.text-danger' not found
	at com.kms.katalon.core.webui.keyword.internal.WebUIKeywordMain.stepFailed(WebUIKeywordMain.groovy:64)
	at com.kms.katalon.core.webui.keyword.builtin.VerifyElementPresentKeyword$_verifyElementPresent_closure1.doCall(VerifyElementPresentKeyword.groovy:85)
	at com.kms.katalon.core.webui.keyword.builtin.VerifyElementPresentKeyword$_verifyElementPresent_closure1.call(VerifyElementPresentKeyword.groovy)
	at com.kms.katalon.core.webui.keyword.internal.WebUIKeywordMain.runKeyword(WebUIKeywordMain.groovy:20)
	at com.kms.katalon.core.webui.keyword.builtin.VerifyElementPresentKeyword.verifyElementPresent(VerifyElementPresentKeyword.groovy:92)
	at com.kms.katalon.core.webui.keyword.builtin.VerifyElementPresentKeyword.execute(VerifyElementPresentKeyword.groovy:68)
	at com.kms.katalon.core.keyword.internal.KeywordExecutor.executeKeywordForPlatform(KeywordExecutor.groovy:74)
	at com.kms.katalon.core.webui.keyword.WebUiBuiltInKeywords.verifyElementPresent(WebUiBuiltInKeywords.groovy:1503)
	at Create a new liability.run(Create a new liability:81)
	at com.kms.katalon.core.main.ScriptEngine.run(ScriptEngine.java:194)
	at com.kms.katalon.core.main.ScriptEngine.runScriptAsRawText(ScriptEngine.java:119)
	at com.kms.katalon.core.main.TestCaseExecutor.runScript(TestCaseExecutor.java:448)
	at com.kms.katalon.core.main.TestCaseExecutor.doExecute(TestCaseExecutor.java:439)
	at com.kms.katalon.core.main.TestCaseExecutor.processExecutionPhase(TestCaseExecutor.java:418)
	at com.kms.katalon.core.main.TestCaseExecutor.accessMainPhase(TestCaseExecutor.java:410)
	at com.kms.katalon.core.main.TestCaseExecutor.execute(TestCaseExecutor.java:285)
	at com.kms.katalon.core.common.CommonExecutor.accessTestCaseMainPhase(CommonExecutor.java:65)
	at com.kms.katalon.core.main.TestSuiteExecutor.accessTestSuiteMainPhase(TestSuiteExecutor.java:148)
	at com.kms.katalon.core.main.TestSuiteExecutor.execute(TestSuiteExecutor.java:106)
	at com.kms.katalon.core.main.TestCaseMain.startTestSuite(TestCaseMain.java:180)
	at TempTestSuite1704133111684.run(TempTestSuite1704133111684.groovy:36)
	at java.base/jdk.internal.reflect.NativeMethodAccessorImpl.invoke0(Native Method)
	at java.base/jdk.internal.reflect.NativeMethodAccessorImpl.invoke(NativeMethodAccessorImpl.java:77)
	at java.base/jdk.internal.reflect.DelegatingMethodAccessorImpl.invoke(DelegatingMethodAccessorImpl.java:43)
)
[[ATTACHMENT|D:\\ktpm\\G1_Firefly_testing\\Reports\\20240102_011830\\Create a new liability\\20240102_011831\\1704133290828.png]]

02-01-2024T01:21:31 - [MESSAGE][FAILED] - Unable to verify object 'Object Repository/Shared_alert/text_dangers' is present (Root cause: com.kms.katalon.core.exception.StepFailedException: Unable to verify object 'Object Repository/Shared_alert/text_dangers' is present
	at com.kms.katalon.core.webui.keyword.internal.WebUIKeywordMain.stepFailed(WebUIKeywordMain.groovy:64)
	at com.kms.katalon.core.webui.keyword.internal.WebUIKeywordMain.runKeyword(WebUIKeywordMain.groovy:26)
	at com.kms.katalon.core.webui.keyword.builtin.VerifyElementPresentKeyword.verifyElementPresent(VerifyElementPresentKeyword.groovy:92)
	at com.kms.katalon.core.webui.keyword.builtin.VerifyElementPresentKeyword.execute(VerifyElementPresentKeyword.groovy:68)
	at com.kms.katalon.core.keyword.internal.KeywordExecutor.executeKeywordForPlatform(KeywordExecutor.groovy:74)
	at com.kms.katalon.core.webui.keyword.WebUiBuiltInKeywords.verifyElementPresent(WebUiBuiltInKeywords.groovy:1503)
	at Create a new liability.run(Create a new liability:81)
	at com.kms.katalon.core.main.ScriptEngine.run(ScriptEngine.java:194)
	at com.kms.katalon.core.main.ScriptEngine.runScriptAsRawText(ScriptEngine.java:119)
	at com.kms.katalon.core.main.TestCaseExecutor.runScript(TestCaseExecutor.java:448)
	at com.kms.katalon.core.main.TestCaseExecutor.doExecute(TestCaseExecutor.java:439)
	at com.kms.katalon.core.main.TestCaseExecutor.processExecutionPhase(TestCaseExecutor.java:418)
	at com.kms.katalon.core.main.TestCaseExecutor.accessMainPhase(TestCaseExecutor.java:410)
	at com.kms.katalon.core.main.TestCaseExecutor.execute(TestCaseExecutor.java:285)
	at com.kms.katalon.core.common.CommonExecutor.accessTestCaseMainPhase(CommonExecutor.java:65)
	at com.kms.katalon.core.main.TestSuiteExecutor.accessTestSuiteMainPhase(TestSuiteExecutor.java:148)
	at com.kms.katalon.core.main.TestSuiteExecutor.execute(TestSuiteExecutor.java:106)
	at com.kms.katalon.core.main.TestCaseMain.startTestSuite(TestCaseMain.java:180)
	at TempTestSuite1704133111684.run(TempTestSuite1704133111684.groovy:36)
	at java.base/jdk.internal.reflect.NativeMethodAccessorImpl.invoke0(Native Method)
	at java.base/jdk.internal.reflect.NativeMethodAccessorImpl.invoke(NativeMethodAccessorImpl.java:77)
	at java.base/jdk.internal.reflect.DelegatingMethodAccessorImpl.invoke(DelegatingMethodAccessorImpl.java:43)
Caused by: com.kms.katalon.core.exception.StepFailedException: com.kms.katalon.core.webui.exception.WebElementNotFoundException: Web element with id: 'Object Repository/Shared_alert/text_dangers' located by '.text-danger' not found
	at com.kms.katalon.core.webui.keyword.internal.WebUIKeywordMain.stepFailed(WebUIKeywordMain.groovy:64)
	at com.kms.katalon.core.webui.keyword.builtin.VerifyElementPresentKeyword$_verifyElementPresent_closure1.doCall(VerifyElementPresentKeyword.groovy:85)
	at com.kms.katalon.core.webui.keyword.builtin.VerifyElementPresentKeyword$_verifyElementPresent_closure1.call(VerifyElementPresentKeyword.groovy)
	at com.kms.katalon.core.webui.keyword.internal.WebUIKeywordMain.runKeyword(WebUIKeywordMain.groovy:20)
	... 20 more
)
[[ATTACHMENT|D:\\ktpm\\G1_Firefly_testing\\Reports\\20240102_011830\\Create a new liability\\20240102_011831\\1704133290931.png]]

02-01-2024T01:21:31 - [TEST_STEP][PASSED] - catch (Exception err): null

02-01-2024T01:21:31 - [TEST_STEP][PASSED] - verifyElementPresent(findTestObject("Shared_alert/success_alert"), 1): Object 'Object Repository/Shared_alert/success_alert' is present

02-01-2024T01:21:31 - [MESSAGE][PASSED] - Object 'Object Repository/Shared_alert/success_alert' is present

02-01-2024T01:21:31 - [TEST_STEP][PASSED] - if (attachments == "Attachments File/Report_65MB.csv"): null

02-01-2024T01:21:31 - [TEST_STEP][PASSED] - out.println("success"): null

02-01-2024T01:21:31 - [TEST_STEP][PASSED] - closeBrowser(): Browser is closed

02-01-2024T01:21:31 - [MESSAGE][PASSED] - Browser is closed]]></system-out>
         <system-err><![CDATA[]]></system-err>
      </testcase>
      <testcase name="Test Cases/Create a new liability" time="18.442" classname="Test Cases/Create a new liability" status="PASSED">
         <system-out><![CDATA[02-01-2024T01:21:31 - [TEST_CASE][PASSED] - Test Cases/Create a new liability: Test Cases/Create a new liability

02-01-2024T01:21:31 - [TEST_STEP][PASSED] - openBrowser(""): Browser is opened with url: ''

02-01-2024T01:21:31 - [MESSAGE][INFO] - Starting 'Chrome' driver

02-01-2024T01:21:31 - [MESSAGE][INFO] - Action delay is set to 0 milliseconds

02-01-2024T01:21:33 - [MESSAGE][PASSED] - Browser is opened with url: ''

02-01-2024T01:21:33 - [TEST_STEP][PASSED] - navigateToUrl("https://firefly.buudadawg.online/accounts/create/liabilities"): Navigate to 'https://firefly.buudadawg.online/accounts/create/liabilities' successfully

02-01-2024T01:21:34 - [MESSAGE][PASSED] - Navigate to 'https://firefly.buudadawg.online/accounts/create/liabilities' successfully

02-01-2024T01:21:34 - [TEST_STEP][PASSED] - setText(findTestObject("Object Repository/Create a new liability/Page_Login to Firefly III/input_email"), "huynhluat.dn@gmail.com"): Text 'huynhluat.dn@gmail.com' is set on object 'Object Repository/Create a new liability/Page_Login to Firefly III/input_email'

02-01-2024T01:21:35 - [MESSAGE][PASSED] - Text 'huynhluat.dn@gmail.com' is set on object 'Object Repository/Create a new liability/Page_Login to Firefly III/input_email'

02-01-2024T01:21:35 - [TEST_STEP][PASSED] - setEncryptedText(findTestObject("Object Repository/Create a new liability/Page_Login to Firefly III/input_password"), "GDttjE7iuxOgQwNBt53tbwiiBI5Qr4kb"): Text ****** has been set on object 'Object Repository/Create a new liability/Page_Login to Firefly III/input_password'

02-01-2024T01:21:36 - [MESSAGE][PASSED] - Text ****** has been set on object 'Object Repository/Create a new liability/Page_Login to Firefly III/input_password'

02-01-2024T01:21:36 - [TEST_STEP][PASSED] - click(findTestObject("Object Repository/Create a new liability/Page_Login to Firefly III/button_Sign in")): Object: 'Object Repository/Create a new liability/Page_Login to Firefly III/button_Sign in' is clicked on

02-01-2024T01:21:37 - [MESSAGE][PASSED] - Object: 'Object Repository/Create a new liability/Page_Login to Firefly III/button_Sign in' is clicked on

02-01-2024T01:21:37 - [TEST_STEP][PASSED] - setText(findTestObject("Object Repository/Create a new liability/Page_Create a new liability  Accounts  Firefly III/input_name"), name): Text 'aellard7' is set on object 'Object Repository/Create a new liability/Page_Create a new liability  Accounts  Firefly III/input_name'

02-01-2024T01:21:38 - [MESSAGE][PASSED] - Text 'aellard7' is set on object 'Object Repository/Create a new liability/Page_Create a new liability  Accounts  Firefly III/input_name'

02-01-2024T01:21:38 - [TEST_STEP][PASSED] - selectOptionByValue(findTestObject("Object Repository/Create a new liability/Page_Create a new liability  Accounts  Firefly III/select_Euro ()US Dollar ()"), currency, true): All options with value '1' are selected in object 'Object Repository/Create a new liability/Page_Create a new liability  Accounts  Firefly III/select_Euro ()US Dollar ()'  using regular expression

02-01-2024T01:21:39 - [MESSAGE][PASSED] - All options with value '1' are selected in object 'Object Repository/Create a new liability/Page_Create a new liability  Accounts  Firefly III/select_Euro ()US Dollar ()'  using regular expression

02-01-2024T01:21:39 - [TEST_STEP][PASSED] - selectOptionByValue(findTestObject("Object Repository/Create a new liability/Page_Create a new liability  Accounts  Firefly III/select_DebtLoanMortgage"), liability_type, true): All options with value '9' are selected in object 'Object Repository/Create a new liability/Page_Create a new liability  Accounts  Firefly III/select_DebtLoanMortgage'  using regular expression

02-01-2024T01:21:39 - [MESSAGE][PASSED] - All options with value '9' are selected in object 'Object Repository/Create a new liability/Page_Create a new liability  Accounts  Firefly III/select_DebtLoanMortgage'  using regular expression

02-01-2024T01:21:39 - [TEST_STEP][PASSED] - setText(findTestObject("Object Repository/Create a new liability/Page_Create a new liability  Accounts  Firefly III/input_opening_balance"), i_owe_amount): Text '704.31' is set on object 'Object Repository/Create a new liability/Page_Create a new liability  Accounts  Firefly III/input_opening_balance'

02-01-2024T01:21:40 - [MESSAGE][PASSED] - Text '704.31' is set on object 'Object Repository/Create a new liability/Page_Create a new liability  Accounts  Firefly III/input_opening_balance'

02-01-2024T01:21:40 - [TEST_STEP][PASSED] - selectOptionByValue(findTestObject("Object Repository/Create a new liability/Page_Create a new liability  Accounts  Firefly III/select_I owe this debt to somebody elseI am_93cb18"), liability_inout, true): All options with value 'credit' are selected in object 'Object Repository/Create a new liability/Page_Create a new liability  Accounts  Firefly III/select_I owe this debt to somebody elseI am_93cb18'  using regular expression

02-01-2024T01:21:41 - [MESSAGE][PASSED] - All options with value 'credit' are selected in object 'Object Repository/Create a new liability/Page_Create a new liability  Accounts  Firefly III/select_I owe this debt to somebody elseI am_93cb18'  using regular expression

02-01-2024T01:21:41 - [TEST_STEP][PASSED] - setText(findTestObject("Create a new liability/Page_Create a new liability  Accounts  Firefly III/input_opening_balance_date"), start_date_of_debt): Text '18/11/2023' is set on object 'Object Repository/Create a new liability/Page_Create a new liability  Accounts  Firefly III/input_opening_balance_date'

02-01-2024T01:21:42 - [MESSAGE][PASSED] - Text '18/11/2023' is set on object 'Object Repository/Create a new liability/Page_Create a new liability  Accounts  Firefly III/input_opening_balance_date'

02-01-2024T01:21:42 - [TEST_STEP][PASSED] - setText(findTestObject("Object Repository/Create a new liability/Page_Create a new liability  Accounts  Firefly III/input_interest"), interest): Text '13.26' is set on object 'Object Repository/Create a new liability/Page_Create a new liability  Accounts  Firefly III/input_interest'

02-01-2024T01:21:42 - [MESSAGE][PASSED] - Text '13.26' is set on object 'Object Repository/Create a new liability/Page_Create a new liability  Accounts  Firefly III/input_interest'

02-01-2024T01:21:42 - [TEST_STEP][PASSED] - selectOptionByValue(findTestObject("Object Repository/Create a new liability/Page_Create a new liability  Accounts  Firefly III/select_Per dayPer monthPer year"), interest_period, true): All options with value 'monthly' are selected in object 'Object Repository/Create a new liability/Page_Create a new liability  Accounts  Firefly III/select_Per dayPer monthPer year'  using regular expression

02-01-2024T01:21:43 - [MESSAGE][PASSED] - All options with value 'monthly' are selected in object 'Object Repository/Create a new liability/Page_Create a new liability  Accounts  Firefly III/select_Per dayPer monthPer year'  using regular expression

02-01-2024T01:21:43 - [TEST_STEP][PASSED] - setText(findTestObject("Object Repository/Create a new liability/Page_Create a new liability  Accounts  Firefly III/input_iban"), iban): Text '' is set on object 'Object Repository/Create a new liability/Page_Create a new liability  Accounts  Firefly III/input_iban'

02-01-2024T01:21:44 - [MESSAGE][PASSED] - Text '' is set on object 'Object Repository/Create a new liability/Page_Create a new liability  Accounts  Firefly III/input_iban'

02-01-2024T01:21:44 - [TEST_STEP][PASSED] - setText(findTestObject("Object Repository/Create a new liability/Page_Create a new liability  Accounts  Firefly III/input_BIC"), bic): Text 'MIKXKPGFYOQ' is set on object 'Object Repository/Create a new liability/Page_Create a new liability  Accounts  Firefly III/input_BIC'

02-01-2024T01:21:44 - [MESSAGE][PASSED] - Text 'MIKXKPGFYOQ' is set on object 'Object Repository/Create a new liability/Page_Create a new liability  Accounts  Firefly III/input_BIC'

02-01-2024T01:21:44 - [TEST_STEP][PASSED] - setText(findTestObject("Object Repository/Create a new liability/Page_Create a new liability  Accounts  Firefly III/input_account_number"), account_number): Text '' is set on object 'Object Repository/Create a new liability/Page_Create a new liability  Accounts  Firefly III/input_account_number'

02-01-2024T01:21:45 - [MESSAGE][PASSED] - Text '' is set on object 'Object Repository/Create a new liability/Page_Create a new liability  Accounts  Firefly III/input_account_number'

02-01-2024T01:21:45 - [TEST_STEP][PASSED] - if (include_in_net_worth == "false"): null

02-01-2024T01:21:45 - [TEST_STEP][PASSED] - setText(findTestObject("Object Repository/Create a new liability/Page_Create a new liability  Accounts  Firefly III/textarea_notes"), notes): Text '' is set on object 'Object Repository/Create a new liability/Page_Create a new liability  Accounts  Firefly III/textarea_notes'

02-01-2024T01:21:46 - [MESSAGE][PASSED] - Text '' is set on object 'Object Repository/Create a new liability/Page_Create a new liability  Accounts  Firefly III/textarea_notes'

02-01-2024T01:21:46 - [TEST_STEP][PASSED] - if (attachments != ""): null

02-01-2024T01:21:46 - [TEST_STEP][PASSED] - click(findTestObject("Object Repository/Create a new liability/Page_Create a new liability  Accounts  Firefly III/button_Store new liability")): Object: 'Object Repository/Create a new liability/Page_Create a new liability  Accounts  Firefly III/button_Store new liability' is clicked on

02-01-2024T01:21:47 - [MESSAGE][PASSED] - Object: 'Object Repository/Create a new liability/Page_Create a new liability  Accounts  Firefly III/button_Store new liability' is clicked on

02-01-2024T01:21:47 - [TEST_STEP][FAILED] - try: Unable to verify object 'Object Repository/Shared_alert/text_dangers' is present (Root cause: com.kms.katalon.core.exception.StepFailedException: Unable to verify object 'Object Repository/Shared_alert/text_dangers' is present
	at com.kms.katalon.core.webui.keyword.internal.WebUIKeywordMain.stepFailed(WebUIKeywordMain.groovy:64)
	at com.kms.katalon.core.webui.keyword.internal.WebUIKeywordMain.runKeyword(WebUIKeywordMain.groovy:26)
	at com.kms.katalon.core.webui.keyword.builtin.VerifyElementPresentKeyword.verifyElementPresent(VerifyElementPresentKeyword.groovy:92)
	at com.kms.katalon.core.webui.keyword.builtin.VerifyElementPresentKeyword.execute(VerifyElementPresentKeyword.groovy:68)
	at com.kms.katalon.core.keyword.internal.KeywordExecutor.executeKeywordForPlatform(KeywordExecutor.groovy:74)
	at com.kms.katalon.core.webui.keyword.WebUiBuiltInKeywords.verifyElementPresent(WebUiBuiltInKeywords.groovy:1503)
	at Create a new liability.run(Create a new liability:81)
	at com.kms.katalon.core.main.ScriptEngine.run(ScriptEngine.java:194)
	at com.kms.katalon.core.main.ScriptEngine.runScriptAsRawText(ScriptEngine.java:119)
	at com.kms.katalon.core.main.TestCaseExecutor.runScript(TestCaseExecutor.java:448)
	at com.kms.katalon.core.main.TestCaseExecutor.doExecute(TestCaseExecutor.java:439)
	at com.kms.katalon.core.main.TestCaseExecutor.processExecutionPhase(TestCaseExecutor.java:418)
	at com.kms.katalon.core.main.TestCaseExecutor.accessMainPhase(TestCaseExecutor.java:410)
	at com.kms.katalon.core.main.TestCaseExecutor.execute(TestCaseExecutor.java:285)
	at com.kms.katalon.core.common.CommonExecutor.accessTestCaseMainPhase(CommonExecutor.java:65)
	at com.kms.katalon.core.main.TestSuiteExecutor.accessTestSuiteMainPhase(TestSuiteExecutor.java:148)
	at com.kms.katalon.core.main.TestSuiteExecutor.execute(TestSuiteExecutor.java:106)
	at com.kms.katalon.core.main.TestCaseMain.startTestSuite(TestCaseMain.java:180)
	at TempTestSuite1704133111684.run(TempTestSuite1704133111684.groovy:36)
	at java.base/jdk.internal.reflect.NativeMethodAccessorImpl.invoke0(Native Method)
	at java.base/jdk.internal.reflect.NativeMethodAccessorImpl.invoke(NativeMethodAccessorImpl.java:77)
	at java.base/jdk.internal.reflect.DelegatingMethodAccessorImpl.invoke(DelegatingMethodAccessorImpl.java:43)
Caused by: com.kms.katalon.core.exception.StepFailedException: com.kms.katalon.core.webui.exception.WebElementNotFoundException: Web element with id: 'Object Repository/Shared_alert/text_dangers' located by '.text-danger' not found
	at com.kms.katalon.core.webui.keyword.internal.WebUIKeywordMain.stepFailed(WebUIKeywordMain.groovy:64)
	at com.kms.katalon.core.webui.keyword.builtin.VerifyElementPresentKeyword$_verifyElementPresent_closure1.doCall(VerifyElementPresentKeyword.groovy:85)
	at com.kms.katalon.core.webui.keyword.builtin.VerifyElementPresentKeyword$_verifyElementPresent_closure1.call(VerifyElementPresentKeyword.groovy)
	at com.kms.katalon.core.webui.keyword.internal.WebUIKeywordMain.runKeyword(WebUIKeywordMain.groovy:20)
	... 20 more
)

02-01-2024T01:21:47 - [TEST_STEP][FAILED] - verifyElementPresent(findTestObject("Shared_alert/text_dangers"), 1): Unable to verify object 'Object Repository/Shared_alert/text_dangers' is present (Root cause: com.kms.katalon.core.exception.StepFailedException: Unable to verify object 'Object Repository/Shared_alert/text_dangers' is present
	at com.kms.katalon.core.webui.keyword.internal.WebUIKeywordMain.stepFailed(WebUIKeywordMain.groovy:64)
	at com.kms.katalon.core.webui.keyword.internal.WebUIKeywordMain.runKeyword(WebUIKeywordMain.groovy:26)
	at com.kms.katalon.core.webui.keyword.builtin.VerifyElementPresentKeyword.verifyElementPresent(VerifyElementPresentKeyword.groovy:92)
	at com.kms.katalon.core.webui.keyword.builtin.VerifyElementPresentKeyword.execute(VerifyElementPresentKeyword.groovy:68)
	at com.kms.katalon.core.keyword.internal.KeywordExecutor.executeKeywordForPlatform(KeywordExecutor.groovy:74)
	at com.kms.katalon.core.webui.keyword.WebUiBuiltInKeywords.verifyElementPresent(WebUiBuiltInKeywords.groovy:1503)
	at Create a new liability.run(Create a new liability:81)
	at com.kms.katalon.core.main.ScriptEngine.run(ScriptEngine.java:194)
	at com.kms.katalon.core.main.ScriptEngine.runScriptAsRawText(ScriptEngine.java:119)
	at com.kms.katalon.core.main.TestCaseExecutor.runScript(TestCaseExecutor.java:448)
	at com.kms.katalon.core.main.TestCaseExecutor.doExecute(TestCaseExecutor.java:439)
	at com.kms.katalon.core.main.TestCaseExecutor.processExecutionPhase(TestCaseExecutor.java:418)
	at com.kms.katalon.core.main.TestCaseExecutor.accessMainPhase(TestCaseExecutor.java:410)
	at com.kms.katalon.core.main.TestCaseExecutor.execute(TestCaseExecutor.java:285)
	at com.kms.katalon.core.common.CommonExecutor.accessTestCaseMainPhase(CommonExecutor.java:65)
	at com.kms.katalon.core.main.TestSuiteExecutor.accessTestSuiteMainPhase(TestSuiteExecutor.java:148)
	at com.kms.katalon.core.main.TestSuiteExecutor.execute(TestSuiteExecutor.java:106)
	at com.kms.katalon.core.main.TestCaseMain.startTestSuite(TestCaseMain.java:180)
	at TempTestSuite1704133111684.run(TempTestSuite1704133111684.groovy:36)
	at java.base/jdk.internal.reflect.NativeMethodAccessorImpl.invoke0(Native Method)
	at java.base/jdk.internal.reflect.NativeMethodAccessorImpl.invoke(NativeMethodAccessorImpl.java:77)
	at java.base/jdk.internal.reflect.DelegatingMethodAccessorImpl.invoke(DelegatingMethodAccessorImpl.java:43)
Caused by: com.kms.katalon.core.exception.StepFailedException: com.kms.katalon.core.webui.exception.WebElementNotFoundException: Web element with id: 'Object Repository/Shared_alert/text_dangers' located by '.text-danger' not found
	at com.kms.katalon.core.webui.keyword.internal.WebUIKeywordMain.stepFailed(WebUIKeywordMain.groovy:64)
	at com.kms.katalon.core.webui.keyword.builtin.VerifyElementPresentKeyword$_verifyElementPresent_closure1.doCall(VerifyElementPresentKeyword.groovy:85)
	at com.kms.katalon.core.webui.keyword.builtin.VerifyElementPresentKeyword$_verifyElementPresent_closure1.call(VerifyElementPresentKeyword.groovy)
	at com.kms.katalon.core.webui.keyword.internal.WebUIKeywordMain.runKeyword(WebUIKeywordMain.groovy:20)
	... 20 more
)

02-01-2024T01:21:49 - [MESSAGE][INFO] - Unable to find the element located by 'By.cssSelector: .text-danger'. Please recheck the objects properties to make sure the desired element is located. 

02-01-2024T01:21:49 - [MESSAGE][FAILED] - com.kms.katalon.core.webui.exception.WebElementNotFoundException: Web element with id: 'Object Repository/Shared_alert/text_dangers' located by '.text-danger' not found (Root cause: com.kms.katalon.core.exception.StepFailedException: com.kms.katalon.core.webui.exception.WebElementNotFoundException: Web element with id: 'Object Repository/Shared_alert/text_dangers' located by '.text-danger' not found
	at com.kms.katalon.core.webui.keyword.internal.WebUIKeywordMain.stepFailed(WebUIKeywordMain.groovy:64)
	at com.kms.katalon.core.webui.keyword.builtin.VerifyElementPresentKeyword$_verifyElementPresent_closure1.doCall(VerifyElementPresentKeyword.groovy:85)
	at com.kms.katalon.core.webui.keyword.builtin.VerifyElementPresentKeyword$_verifyElementPresent_closure1.call(VerifyElementPresentKeyword.groovy)
	at com.kms.katalon.core.webui.keyword.internal.WebUIKeywordMain.runKeyword(WebUIKeywordMain.groovy:20)
	at com.kms.katalon.core.webui.keyword.builtin.VerifyElementPresentKeyword.verifyElementPresent(VerifyElementPresentKeyword.groovy:92)
	at com.kms.katalon.core.webui.keyword.builtin.VerifyElementPresentKeyword.execute(VerifyElementPresentKeyword.groovy:68)
	at com.kms.katalon.core.keyword.internal.KeywordExecutor.executeKeywordForPlatform(KeywordExecutor.groovy:74)
	at com.kms.katalon.core.webui.keyword.WebUiBuiltInKeywords.verifyElementPresent(WebUiBuiltInKeywords.groovy:1503)
	at Create a new liability.run(Create a new liability:81)
	at com.kms.katalon.core.main.ScriptEngine.run(ScriptEngine.java:194)
	at com.kms.katalon.core.main.ScriptEngine.runScriptAsRawText(ScriptEngine.java:119)
	at com.kms.katalon.core.main.TestCaseExecutor.runScript(TestCaseExecutor.java:448)
	at com.kms.katalon.core.main.TestCaseExecutor.doExecute(TestCaseExecutor.java:439)
	at com.kms.katalon.core.main.TestCaseExecutor.processExecutionPhase(TestCaseExecutor.java:418)
	at com.kms.katalon.core.main.TestCaseExecutor.accessMainPhase(TestCaseExecutor.java:410)
	at com.kms.katalon.core.main.TestCaseExecutor.execute(TestCaseExecutor.java:285)
	at com.kms.katalon.core.common.CommonExecutor.accessTestCaseMainPhase(CommonExecutor.java:65)
	at com.kms.katalon.core.main.TestSuiteExecutor.accessTestSuiteMainPhase(TestSuiteExecutor.java:148)
	at com.kms.katalon.core.main.TestSuiteExecutor.execute(TestSuiteExecutor.java:106)
	at com.kms.katalon.core.main.TestCaseMain.startTestSuite(TestCaseMain.java:180)
	at TempTestSuite1704133111684.run(TempTestSuite1704133111684.groovy:36)
	at java.base/jdk.internal.reflect.NativeMethodAccessorImpl.invoke0(Native Method)
	at java.base/jdk.internal.reflect.NativeMethodAccessorImpl.invoke(NativeMethodAccessorImpl.java:77)
	at java.base/jdk.internal.reflect.DelegatingMethodAccessorImpl.invoke(DelegatingMethodAccessorImpl.java:43)
)
[[ATTACHMENT|D:\\ktpm\\G1_Firefly_testing\\Reports\\20240102_011830\\Create a new liability\\20240102_011831\\1704133309426.png]]

02-01-2024T01:21:49 - [MESSAGE][FAILED] - Unable to verify object 'Object Repository/Shared_alert/text_dangers' is present (Root cause: com.kms.katalon.core.exception.StepFailedException: Unable to verify object 'Object Repository/Shared_alert/text_dangers' is present
	at com.kms.katalon.core.webui.keyword.internal.WebUIKeywordMain.stepFailed(WebUIKeywordMain.groovy:64)
	at com.kms.katalon.core.webui.keyword.internal.WebUIKeywordMain.runKeyword(WebUIKeywordMain.groovy:26)
	at com.kms.katalon.core.webui.keyword.builtin.VerifyElementPresentKeyword.verifyElementPresent(VerifyElementPresentKeyword.groovy:92)
	at com.kms.katalon.core.webui.keyword.builtin.VerifyElementPresentKeyword.execute(VerifyElementPresentKeyword.groovy:68)
	at com.kms.katalon.core.keyword.internal.KeywordExecutor.executeKeywordForPlatform(KeywordExecutor.groovy:74)
	at com.kms.katalon.core.webui.keyword.WebUiBuiltInKeywords.verifyElementPresent(WebUiBuiltInKeywords.groovy:1503)
	at Create a new liability.run(Create a new liability:81)
	at com.kms.katalon.core.main.ScriptEngine.run(ScriptEngine.java:194)
	at com.kms.katalon.core.main.ScriptEngine.runScriptAsRawText(ScriptEngine.java:119)
	at com.kms.katalon.core.main.TestCaseExecutor.runScript(TestCaseExecutor.java:448)
	at com.kms.katalon.core.main.TestCaseExecutor.doExecute(TestCaseExecutor.java:439)
	at com.kms.katalon.core.main.TestCaseExecutor.processExecutionPhase(TestCaseExecutor.java:418)
	at com.kms.katalon.core.main.TestCaseExecutor.accessMainPhase(TestCaseExecutor.java:410)
	at com.kms.katalon.core.main.TestCaseExecutor.execute(TestCaseExecutor.java:285)
	at com.kms.katalon.core.common.CommonExecutor.accessTestCaseMainPhase(CommonExecutor.java:65)
	at com.kms.katalon.core.main.TestSuiteExecutor.accessTestSuiteMainPhase(TestSuiteExecutor.java:148)
	at com.kms.katalon.core.main.TestSuiteExecutor.execute(TestSuiteExecutor.java:106)
	at com.kms.katalon.core.main.TestCaseMain.startTestSuite(TestCaseMain.java:180)
	at TempTestSuite1704133111684.run(TempTestSuite1704133111684.groovy:36)
	at java.base/jdk.internal.reflect.NativeMethodAccessorImpl.invoke0(Native Method)
	at java.base/jdk.internal.reflect.NativeMethodAccessorImpl.invoke(NativeMethodAccessorImpl.java:77)
	at java.base/jdk.internal.reflect.DelegatingMethodAccessorImpl.invoke(DelegatingMethodAccessorImpl.java:43)
Caused by: com.kms.katalon.core.exception.StepFailedException: com.kms.katalon.core.webui.exception.WebElementNotFoundException: Web element with id: 'Object Repository/Shared_alert/text_dangers' located by '.text-danger' not found
	at com.kms.katalon.core.webui.keyword.internal.WebUIKeywordMain.stepFailed(WebUIKeywordMain.groovy:64)
	at com.kms.katalon.core.webui.keyword.builtin.VerifyElementPresentKeyword$_verifyElementPresent_closure1.doCall(VerifyElementPresentKeyword.groovy:85)
	at com.kms.katalon.core.webui.keyword.builtin.VerifyElementPresentKeyword$_verifyElementPresent_closure1.call(VerifyElementPresentKeyword.groovy)
	at com.kms.katalon.core.webui.keyword.internal.WebUIKeywordMain.runKeyword(WebUIKeywordMain.groovy:20)
	... 20 more
)
[[ATTACHMENT|D:\\ktpm\\G1_Firefly_testing\\Reports\\20240102_011830\\Create a new liability\\20240102_011831\\1704133309528.png]]

02-01-2024T01:21:49 - [TEST_STEP][PASSED] - catch (Exception err): null

02-01-2024T01:21:49 - [TEST_STEP][PASSED] - verifyElementPresent(findTestObject("Shared_alert/success_alert"), 1): Object 'Object Repository/Shared_alert/success_alert' is present

02-01-2024T01:21:49 - [MESSAGE][PASSED] - Object 'Object Repository/Shared_alert/success_alert' is present

02-01-2024T01:21:49 - [TEST_STEP][PASSED] - if (attachments == "Attachments File/Report_65MB.csv"): null

02-01-2024T01:21:49 - [TEST_STEP][PASSED] - out.println("success"): null

02-01-2024T01:21:49 - [TEST_STEP][PASSED] - closeBrowser(): Browser is closed

02-01-2024T01:21:50 - [MESSAGE][PASSED] - Browser is closed]]></system-out>
         <system-err><![CDATA[]]></system-err>
      </testcase>
      <testcase name="Test Cases/Create a new liability" time="18.773" classname="Test Cases/Create a new liability" status="PASSED">
         <system-out><![CDATA[02-01-2024T01:21:50 - [TEST_CASE][PASSED] - Test Cases/Create a new liability: Test Cases/Create a new liability

02-01-2024T01:21:50 - [TEST_STEP][PASSED] - openBrowser(""): Browser is opened with url: ''

02-01-2024T01:21:50 - [MESSAGE][INFO] - Starting 'Chrome' driver

02-01-2024T01:21:50 - [MESSAGE][INFO] - Action delay is set to 0 milliseconds

02-01-2024T01:21:51 - [MESSAGE][PASSED] - Browser is opened with url: ''

02-01-2024T01:21:51 - [TEST_STEP][PASSED] - navigateToUrl("https://firefly.buudadawg.online/accounts/create/liabilities"): Navigate to 'https://firefly.buudadawg.online/accounts/create/liabilities' successfully

02-01-2024T01:21:52 - [MESSAGE][PASSED] - Navigate to 'https://firefly.buudadawg.online/accounts/create/liabilities' successfully

02-01-2024T01:21:52 - [TEST_STEP][PASSED] - setText(findTestObject("Object Repository/Create a new liability/Page_Login to Firefly III/input_email"), "huynhluat.dn@gmail.com"): Text 'huynhluat.dn@gmail.com' is set on object 'Object Repository/Create a new liability/Page_Login to Firefly III/input_email'

02-01-2024T01:21:53 - [MESSAGE][PASSED] - Text 'huynhluat.dn@gmail.com' is set on object 'Object Repository/Create a new liability/Page_Login to Firefly III/input_email'

02-01-2024T01:21:53 - [TEST_STEP][PASSED] - setEncryptedText(findTestObject("Object Repository/Create a new liability/Page_Login to Firefly III/input_password"), "GDttjE7iuxOgQwNBt53tbwiiBI5Qr4kb"): Text ****** has been set on object 'Object Repository/Create a new liability/Page_Login to Firefly III/input_password'

02-01-2024T01:21:54 - [MESSAGE][PASSED] - Text ****** has been set on object 'Object Repository/Create a new liability/Page_Login to Firefly III/input_password'

02-01-2024T01:21:54 - [TEST_STEP][PASSED] - click(findTestObject("Object Repository/Create a new liability/Page_Login to Firefly III/button_Sign in")): Object: 'Object Repository/Create a new liability/Page_Login to Firefly III/button_Sign in' is clicked on

02-01-2024T01:21:55 - [MESSAGE][PASSED] - Object: 'Object Repository/Create a new liability/Page_Login to Firefly III/button_Sign in' is clicked on

02-01-2024T01:21:55 - [TEST_STEP][PASSED] - setText(findTestObject("Object Repository/Create a new liability/Page_Create a new liability  Accounts  Firefly III/input_name"), name): Text 'mlamberts8' is set on object 'Object Repository/Create a new liability/Page_Create a new liability  Accounts  Firefly III/input_name'

02-01-2024T01:21:56 - [MESSAGE][PASSED] - Text 'mlamberts8' is set on object 'Object Repository/Create a new liability/Page_Create a new liability  Accounts  Firefly III/input_name'

02-01-2024T01:21:56 - [TEST_STEP][PASSED] - selectOptionByValue(findTestObject("Object Repository/Create a new liability/Page_Create a new liability  Accounts  Firefly III/select_Euro ()US Dollar ()"), currency, true): All options with value '1' are selected in object 'Object Repository/Create a new liability/Page_Create a new liability  Accounts  Firefly III/select_Euro ()US Dollar ()'  using regular expression

02-01-2024T01:21:57 - [MESSAGE][PASSED] - All options with value '1' are selected in object 'Object Repository/Create a new liability/Page_Create a new liability  Accounts  Firefly III/select_Euro ()US Dollar ()'  using regular expression

02-01-2024T01:21:57 - [TEST_STEP][PASSED] - selectOptionByValue(findTestObject("Object Repository/Create a new liability/Page_Create a new liability  Accounts  Firefly III/select_DebtLoanMortgage"), liability_type, true): All options with value '12' are selected in object 'Object Repository/Create a new liability/Page_Create a new liability  Accounts  Firefly III/select_DebtLoanMortgage'  using regular expression

02-01-2024T01:21:58 - [MESSAGE][PASSED] - All options with value '12' are selected in object 'Object Repository/Create a new liability/Page_Create a new liability  Accounts  Firefly III/select_DebtLoanMortgage'  using regular expression

02-01-2024T01:21:58 - [TEST_STEP][PASSED] - setText(findTestObject("Object Repository/Create a new liability/Page_Create a new liability  Accounts  Firefly III/input_opening_balance"), i_owe_amount): Text '6802.66' is set on object 'Object Repository/Create a new liability/Page_Create a new liability  Accounts  Firefly III/input_opening_balance'

02-01-2024T01:21:58 - [MESSAGE][PASSED] - Text '6802.66' is set on object 'Object Repository/Create a new liability/Page_Create a new liability  Accounts  Firefly III/input_opening_balance'

02-01-2024T01:21:58 - [TEST_STEP][PASSED] - selectOptionByValue(findTestObject("Object Repository/Create a new liability/Page_Create a new liability  Accounts  Firefly III/select_I owe this debt to somebody elseI am_93cb18"), liability_inout, true): All options with value 'credit' are selected in object 'Object Repository/Create a new liability/Page_Create a new liability  Accounts  Firefly III/select_I owe this debt to somebody elseI am_93cb18'  using regular expression

02-01-2024T01:21:59 - [MESSAGE][PASSED] - All options with value 'credit' are selected in object 'Object Repository/Create a new liability/Page_Create a new liability  Accounts  Firefly III/select_I owe this debt to somebody elseI am_93cb18'  using regular expression

02-01-2024T01:21:59 - [TEST_STEP][PASSED] - setText(findTestObject("Create a new liability/Page_Create a new liability  Accounts  Firefly III/input_opening_balance_date"), start_date_of_debt): Text '4/2/2023' is set on object 'Object Repository/Create a new liability/Page_Create a new liability  Accounts  Firefly III/input_opening_balance_date'

02-01-2024T01:22:00 - [MESSAGE][PASSED] - Text '4/2/2023' is set on object 'Object Repository/Create a new liability/Page_Create a new liability  Accounts  Firefly III/input_opening_balance_date'

02-01-2024T01:22:00 - [TEST_STEP][PASSED] - setText(findTestObject("Object Repository/Create a new liability/Page_Create a new liability  Accounts  Firefly III/input_interest"), interest): Text '28.5' is set on object 'Object Repository/Create a new liability/Page_Create a new liability  Accounts  Firefly III/input_interest'

02-01-2024T01:22:00 - [MESSAGE][PASSED] - Text '28.5' is set on object 'Object Repository/Create a new liability/Page_Create a new liability  Accounts  Firefly III/input_interest'

02-01-2024T01:22:00 - [TEST_STEP][PASSED] - selectOptionByValue(findTestObject("Object Repository/Create a new liability/Page_Create a new liability  Accounts  Firefly III/select_Per dayPer monthPer year"), interest_period, true): All options with value 'yearly' are selected in object 'Object Repository/Create a new liability/Page_Create a new liability  Accounts  Firefly III/select_Per dayPer monthPer year'  using regular expression

02-01-2024T01:22:01 - [MESSAGE][PASSED] - All options with value 'yearly' are selected in object 'Object Repository/Create a new liability/Page_Create a new liability  Accounts  Firefly III/select_Per dayPer monthPer year'  using regular expression

02-01-2024T01:22:01 - [TEST_STEP][PASSED] - setText(findTestObject("Object Repository/Create a new liability/Page_Create a new liability  Accounts  Firefly III/input_iban"), iban): Text '' is set on object 'Object Repository/Create a new liability/Page_Create a new liability  Accounts  Firefly III/input_iban'

02-01-2024T01:22:02 - [MESSAGE][PASSED] - Text '' is set on object 'Object Repository/Create a new liability/Page_Create a new liability  Accounts  Firefly III/input_iban'

02-01-2024T01:22:02 - [TEST_STEP][PASSED] - setText(findTestObject("Object Repository/Create a new liability/Page_Create a new liability  Accounts  Firefly III/input_BIC"), bic): Text 'VVBNGXZ4751' is set on object 'Object Repository/Create a new liability/Page_Create a new liability  Accounts  Firefly III/input_BIC'

02-01-2024T01:22:03 - [MESSAGE][PASSED] - Text 'VVBNGXZ4751' is set on object 'Object Repository/Create a new liability/Page_Create a new liability  Accounts  Firefly III/input_BIC'

02-01-2024T01:22:03 - [TEST_STEP][PASSED] - setText(findTestObject("Object Repository/Create a new liability/Page_Create a new liability  Accounts  Firefly III/input_account_number"), account_number): Text '' is set on object 'Object Repository/Create a new liability/Page_Create a new liability  Accounts  Firefly III/input_account_number'

02-01-2024T01:22:03 - [MESSAGE][PASSED] - Text '' is set on object 'Object Repository/Create a new liability/Page_Create a new liability  Accounts  Firefly III/input_account_number'

02-01-2024T01:22:03 - [TEST_STEP][PASSED] - if (include_in_net_worth == "false"): null

02-01-2024T01:22:03 - [TEST_STEP][PASSED] - setText(findTestObject("Object Repository/Create a new liability/Page_Create a new liability  Accounts  Firefly III/textarea_notes"), notes): Text 'Integer ac leo. Pellentesque ultrices mattis odio. Donec vitae nisi.

Nam ultrices, libero non mattis pulvinar, nulla pede ullamcorper augue, a suscipit nulla elit ac nulla. Sed vel enim sit amet nunc viverra dapibus. Nulla suscipit ligula in lacus.' is set on object 'Object Repository/Create a new liability/Page_Create a new liability  Accounts  Firefly III/textarea_notes'

02-01-2024T01:22:05 - [MESSAGE][PASSED] - Text 'Integer ac leo. Pellentesque ultrices mattis odio. Donec vitae nisi.

Nam ultrices, libero non mattis pulvinar, nulla pede ullamcorper augue, a suscipit nulla elit ac nulla. Sed vel enim sit amet nunc viverra dapibus. Nulla suscipit ligula in lacus.' is set on object 'Object Repository/Create a new liability/Page_Create a new liability  Accounts  Firefly III/textarea_notes'

02-01-2024T01:22:05 - [TEST_STEP][PASSED] - if (attachments != ""): null

02-01-2024T01:22:05 - [TEST_STEP][PASSED] - click(findTestObject("Object Repository/Create a new liability/Page_Create a new liability  Accounts  Firefly III/button_Store new liability")): Object: 'Object Repository/Create a new liability/Page_Create a new liability  Accounts  Firefly III/button_Store new liability' is clicked on

02-01-2024T01:22:06 - [MESSAGE][PASSED] - Object: 'Object Repository/Create a new liability/Page_Create a new liability  Accounts  Firefly III/button_Store new liability' is clicked on

02-01-2024T01:22:06 - [TEST_STEP][FAILED] - try: Unable to verify object 'Object Repository/Shared_alert/text_dangers' is present (Root cause: com.kms.katalon.core.exception.StepFailedException: Unable to verify object 'Object Repository/Shared_alert/text_dangers' is present
	at com.kms.katalon.core.webui.keyword.internal.WebUIKeywordMain.stepFailed(WebUIKeywordMain.groovy:64)
	at com.kms.katalon.core.webui.keyword.internal.WebUIKeywordMain.runKeyword(WebUIKeywordMain.groovy:26)
	at com.kms.katalon.core.webui.keyword.builtin.VerifyElementPresentKeyword.verifyElementPresent(VerifyElementPresentKeyword.groovy:92)
	at com.kms.katalon.core.webui.keyword.builtin.VerifyElementPresentKeyword.execute(VerifyElementPresentKeyword.groovy:68)
	at com.kms.katalon.core.keyword.internal.KeywordExecutor.executeKeywordForPlatform(KeywordExecutor.groovy:74)
	at com.kms.katalon.core.webui.keyword.WebUiBuiltInKeywords.verifyElementPresent(WebUiBuiltInKeywords.groovy:1503)
	at Create a new liability.run(Create a new liability:81)
	at com.kms.katalon.core.main.ScriptEngine.run(ScriptEngine.java:194)
	at com.kms.katalon.core.main.ScriptEngine.runScriptAsRawText(ScriptEngine.java:119)
	at com.kms.katalon.core.main.TestCaseExecutor.runScript(TestCaseExecutor.java:448)
	at com.kms.katalon.core.main.TestCaseExecutor.doExecute(TestCaseExecutor.java:439)
	at com.kms.katalon.core.main.TestCaseExecutor.processExecutionPhase(TestCaseExecutor.java:418)
	at com.kms.katalon.core.main.TestCaseExecutor.accessMainPhase(TestCaseExecutor.java:410)
	at com.kms.katalon.core.main.TestCaseExecutor.execute(TestCaseExecutor.java:285)
	at com.kms.katalon.core.common.CommonExecutor.accessTestCaseMainPhase(CommonExecutor.java:65)
	at com.kms.katalon.core.main.TestSuiteExecutor.accessTestSuiteMainPhase(TestSuiteExecutor.java:148)
	at com.kms.katalon.core.main.TestSuiteExecutor.execute(TestSuiteExecutor.java:106)
	at com.kms.katalon.core.main.TestCaseMain.startTestSuite(TestCaseMain.java:180)
	at TempTestSuite1704133111684.run(TempTestSuite1704133111684.groovy:36)
	at java.base/jdk.internal.reflect.NativeMethodAccessorImpl.invoke0(Native Method)
	at java.base/jdk.internal.reflect.NativeMethodAccessorImpl.invoke(NativeMethodAccessorImpl.java:77)
	at java.base/jdk.internal.reflect.DelegatingMethodAccessorImpl.invoke(DelegatingMethodAccessorImpl.java:43)
Caused by: com.kms.katalon.core.exception.StepFailedException: com.kms.katalon.core.webui.exception.WebElementNotFoundException: Web element with id: 'Object Repository/Shared_alert/text_dangers' located by '.text-danger' not found
	at com.kms.katalon.core.webui.keyword.internal.WebUIKeywordMain.stepFailed(WebUIKeywordMain.groovy:64)
	at com.kms.katalon.core.webui.keyword.builtin.VerifyElementPresentKeyword$_verifyElementPresent_closure1.doCall(VerifyElementPresentKeyword.groovy:85)
	at com.kms.katalon.core.webui.keyword.builtin.VerifyElementPresentKeyword$_verifyElementPresent_closure1.call(VerifyElementPresentKeyword.groovy)
	at com.kms.katalon.core.webui.keyword.internal.WebUIKeywordMain.runKeyword(WebUIKeywordMain.groovy:20)
	... 20 more
)

02-01-2024T01:22:06 - [TEST_STEP][FAILED] - verifyElementPresent(findTestObject("Shared_alert/text_dangers"), 1): Unable to verify object 'Object Repository/Shared_alert/text_dangers' is present (Root cause: com.kms.katalon.core.exception.StepFailedException: Unable to verify object 'Object Repository/Shared_alert/text_dangers' is present
	at com.kms.katalon.core.webui.keyword.internal.WebUIKeywordMain.stepFailed(WebUIKeywordMain.groovy:64)
	at com.kms.katalon.core.webui.keyword.internal.WebUIKeywordMain.runKeyword(WebUIKeywordMain.groovy:26)
	at com.kms.katalon.core.webui.keyword.builtin.VerifyElementPresentKeyword.verifyElementPresent(VerifyElementPresentKeyword.groovy:92)
	at com.kms.katalon.core.webui.keyword.builtin.VerifyElementPresentKeyword.execute(VerifyElementPresentKeyword.groovy:68)
	at com.kms.katalon.core.keyword.internal.KeywordExecutor.executeKeywordForPlatform(KeywordExecutor.groovy:74)
	at com.kms.katalon.core.webui.keyword.WebUiBuiltInKeywords.verifyElementPresent(WebUiBuiltInKeywords.groovy:1503)
	at Create a new liability.run(Create a new liability:81)
	at com.kms.katalon.core.main.ScriptEngine.run(ScriptEngine.java:194)
	at com.kms.katalon.core.main.ScriptEngine.runScriptAsRawText(ScriptEngine.java:119)
	at com.kms.katalon.core.main.TestCaseExecutor.runScript(TestCaseExecutor.java:448)
	at com.kms.katalon.core.main.TestCaseExecutor.doExecute(TestCaseExecutor.java:439)
	at com.kms.katalon.core.main.TestCaseExecutor.processExecutionPhase(TestCaseExecutor.java:418)
	at com.kms.katalon.core.main.TestCaseExecutor.accessMainPhase(TestCaseExecutor.java:410)
	at com.kms.katalon.core.main.TestCaseExecutor.execute(TestCaseExecutor.java:285)
	at com.kms.katalon.core.common.CommonExecutor.accessTestCaseMainPhase(CommonExecutor.java:65)
	at com.kms.katalon.core.main.TestSuiteExecutor.accessTestSuiteMainPhase(TestSuiteExecutor.java:148)
	at com.kms.katalon.core.main.TestSuiteExecutor.execute(TestSuiteExecutor.java:106)
	at com.kms.katalon.core.main.TestCaseMain.startTestSuite(TestCaseMain.java:180)
	at TempTestSuite1704133111684.run(TempTestSuite1704133111684.groovy:36)
	at java.base/jdk.internal.reflect.NativeMethodAccessorImpl.invoke0(Native Method)
	at java.base/jdk.internal.reflect.NativeMethodAccessorImpl.invoke(NativeMethodAccessorImpl.java:77)
	at java.base/jdk.internal.reflect.DelegatingMethodAccessorImpl.invoke(DelegatingMethodAccessorImpl.java:43)
Caused by: com.kms.katalon.core.exception.StepFailedException: com.kms.katalon.core.webui.exception.WebElementNotFoundException: Web element with id: 'Object Repository/Shared_alert/text_dangers' located by '.text-danger' not found
	at com.kms.katalon.core.webui.keyword.internal.WebUIKeywordMain.stepFailed(WebUIKeywordMain.groovy:64)
	at com.kms.katalon.core.webui.keyword.builtin.VerifyElementPresentKeyword$_verifyElementPresent_closure1.doCall(VerifyElementPresentKeyword.groovy:85)
	at com.kms.katalon.core.webui.keyword.builtin.VerifyElementPresentKeyword$_verifyElementPresent_closure1.call(VerifyElementPresentKeyword.groovy)
	at com.kms.katalon.core.webui.keyword.internal.WebUIKeywordMain.runKeyword(WebUIKeywordMain.groovy:20)
	... 20 more
)

02-01-2024T01:22:08 - [MESSAGE][INFO] - Unable to find the element located by 'By.cssSelector: .text-danger'. Please recheck the objects properties to make sure the desired element is located. 

02-01-2024T01:22:08 - [MESSAGE][FAILED] - com.kms.katalon.core.webui.exception.WebElementNotFoundException: Web element with id: 'Object Repository/Shared_alert/text_dangers' located by '.text-danger' not found (Root cause: com.kms.katalon.core.exception.StepFailedException: com.kms.katalon.core.webui.exception.WebElementNotFoundException: Web element with id: 'Object Repository/Shared_alert/text_dangers' located by '.text-danger' not found
	at com.kms.katalon.core.webui.keyword.internal.WebUIKeywordMain.stepFailed(WebUIKeywordMain.groovy:64)
	at com.kms.katalon.core.webui.keyword.builtin.VerifyElementPresentKeyword$_verifyElementPresent_closure1.doCall(VerifyElementPresentKeyword.groovy:85)
	at com.kms.katalon.core.webui.keyword.builtin.VerifyElementPresentKeyword$_verifyElementPresent_closure1.call(VerifyElementPresentKeyword.groovy)
	at com.kms.katalon.core.webui.keyword.internal.WebUIKeywordMain.runKeyword(WebUIKeywordMain.groovy:20)
	at com.kms.katalon.core.webui.keyword.builtin.VerifyElementPresentKeyword.verifyElementPresent(VerifyElementPresentKeyword.groovy:92)
	at com.kms.katalon.core.webui.keyword.builtin.VerifyElementPresentKeyword.execute(VerifyElementPresentKeyword.groovy:68)
	at com.kms.katalon.core.keyword.internal.KeywordExecutor.executeKeywordForPlatform(KeywordExecutor.groovy:74)
	at com.kms.katalon.core.webui.keyword.WebUiBuiltInKeywords.verifyElementPresent(WebUiBuiltInKeywords.groovy:1503)
	at Create a new liability.run(Create a new liability:81)
	at com.kms.katalon.core.main.ScriptEngine.run(ScriptEngine.java:194)
	at com.kms.katalon.core.main.ScriptEngine.runScriptAsRawText(ScriptEngine.java:119)
	at com.kms.katalon.core.main.TestCaseExecutor.runScript(TestCaseExecutor.java:448)
	at com.kms.katalon.core.main.TestCaseExecutor.doExecute(TestCaseExecutor.java:439)
	at com.kms.katalon.core.main.TestCaseExecutor.processExecutionPhase(TestCaseExecutor.java:418)
	at com.kms.katalon.core.main.TestCaseExecutor.accessMainPhase(TestCaseExecutor.java:410)
	at com.kms.katalon.core.main.TestCaseExecutor.execute(TestCaseExecutor.java:285)
	at com.kms.katalon.core.common.CommonExecutor.accessTestCaseMainPhase(CommonExecutor.java:65)
	at com.kms.katalon.core.main.TestSuiteExecutor.accessTestSuiteMainPhase(TestSuiteExecutor.java:148)
	at com.kms.katalon.core.main.TestSuiteExecutor.execute(TestSuiteExecutor.java:106)
	at com.kms.katalon.core.main.TestCaseMain.startTestSuite(TestCaseMain.java:180)
	at TempTestSuite1704133111684.run(TempTestSuite1704133111684.groovy:36)
	at java.base/jdk.internal.reflect.NativeMethodAccessorImpl.invoke0(Native Method)
	at java.base/jdk.internal.reflect.NativeMethodAccessorImpl.invoke(NativeMethodAccessorImpl.java:77)
	at java.base/jdk.internal.reflect.DelegatingMethodAccessorImpl.invoke(DelegatingMethodAccessorImpl.java:43)
)
[[ATTACHMENT|D:\\ktpm\\G1_Firefly_testing\\Reports\\20240102_011830\\Create a new liability\\20240102_011831\\1704133328339.png]]

02-01-2024T01:22:08 - [MESSAGE][FAILED] - Unable to verify object 'Object Repository/Shared_alert/text_dangers' is present (Root cause: com.kms.katalon.core.exception.StepFailedException: Unable to verify object 'Object Repository/Shared_alert/text_dangers' is present
	at com.kms.katalon.core.webui.keyword.internal.WebUIKeywordMain.stepFailed(WebUIKeywordMain.groovy:64)
	at com.kms.katalon.core.webui.keyword.internal.WebUIKeywordMain.runKeyword(WebUIKeywordMain.groovy:26)
	at com.kms.katalon.core.webui.keyword.builtin.VerifyElementPresentKeyword.verifyElementPresent(VerifyElementPresentKeyword.groovy:92)
	at com.kms.katalon.core.webui.keyword.builtin.VerifyElementPresentKeyword.execute(VerifyElementPresentKeyword.groovy:68)
	at com.kms.katalon.core.keyword.internal.KeywordExecutor.executeKeywordForPlatform(KeywordExecutor.groovy:74)
	at com.kms.katalon.core.webui.keyword.WebUiBuiltInKeywords.verifyElementPresent(WebUiBuiltInKeywords.groovy:1503)
	at Create a new liability.run(Create a new liability:81)
	at com.kms.katalon.core.main.ScriptEngine.run(ScriptEngine.java:194)
	at com.kms.katalon.core.main.ScriptEngine.runScriptAsRawText(ScriptEngine.java:119)
	at com.kms.katalon.core.main.TestCaseExecutor.runScript(TestCaseExecutor.java:448)
	at com.kms.katalon.core.main.TestCaseExecutor.doExecute(TestCaseExecutor.java:439)
	at com.kms.katalon.core.main.TestCaseExecutor.processExecutionPhase(TestCaseExecutor.java:418)
	at com.kms.katalon.core.main.TestCaseExecutor.accessMainPhase(TestCaseExecutor.java:410)
	at com.kms.katalon.core.main.TestCaseExecutor.execute(TestCaseExecutor.java:285)
	at com.kms.katalon.core.common.CommonExecutor.accessTestCaseMainPhase(CommonExecutor.java:65)
	at com.kms.katalon.core.main.TestSuiteExecutor.accessTestSuiteMainPhase(TestSuiteExecutor.java:148)
	at com.kms.katalon.core.main.TestSuiteExecutor.execute(TestSuiteExecutor.java:106)
	at com.kms.katalon.core.main.TestCaseMain.startTestSuite(TestCaseMain.java:180)
	at TempTestSuite1704133111684.run(TempTestSuite1704133111684.groovy:36)
	at java.base/jdk.internal.reflect.NativeMethodAccessorImpl.invoke0(Native Method)
	at java.base/jdk.internal.reflect.NativeMethodAccessorImpl.invoke(NativeMethodAccessorImpl.java:77)
	at java.base/jdk.internal.reflect.DelegatingMethodAccessorImpl.invoke(DelegatingMethodAccessorImpl.java:43)
Caused by: com.kms.katalon.core.exception.StepFailedException: com.kms.katalon.core.webui.exception.WebElementNotFoundException: Web element with id: 'Object Repository/Shared_alert/text_dangers' located by '.text-danger' not found
	at com.kms.katalon.core.webui.keyword.internal.WebUIKeywordMain.stepFailed(WebUIKeywordMain.groovy:64)
	at com.kms.katalon.core.webui.keyword.builtin.VerifyElementPresentKeyword$_verifyElementPresent_closure1.doCall(VerifyElementPresentKeyword.groovy:85)
	at com.kms.katalon.core.webui.keyword.builtin.VerifyElementPresentKeyword$_verifyElementPresent_closure1.call(VerifyElementPresentKeyword.groovy)
	at com.kms.katalon.core.webui.keyword.internal.WebUIKeywordMain.runKeyword(WebUIKeywordMain.groovy:20)
	... 20 more
)
[[ATTACHMENT|D:\\ktpm\\G1_Firefly_testing\\Reports\\20240102_011830\\Create a new liability\\20240102_011831\\1704133328458.png]]

02-01-2024T01:22:08 - [TEST_STEP][PASSED] - catch (Exception err): null

02-01-2024T01:22:08 - [TEST_STEP][PASSED] - verifyElementPresent(findTestObject("Shared_alert/success_alert"), 1): Object 'Object Repository/Shared_alert/success_alert' is present

02-01-2024T01:22:08 - [MESSAGE][PASSED] - Object 'Object Repository/Shared_alert/success_alert' is present

02-01-2024T01:22:08 - [TEST_STEP][PASSED] - if (attachments == "Attachments File/Report_65MB.csv"): null

02-01-2024T01:22:08 - [TEST_STEP][PASSED] - out.println("success"): null

02-01-2024T01:22:08 - [TEST_STEP][PASSED] - closeBrowser(): Browser is closed

02-01-2024T01:22:08 - [MESSAGE][PASSED] - Browser is closed]]></system-out>
         <system-err><![CDATA[]]></system-err>
      </testcase>
      <testcase name="Test Cases/Create a new liability" time="18.446" classname="Test Cases/Create a new liability" status="PASSED">
         <system-out><![CDATA[02-01-2024T01:22:09 - [TEST_CASE][PASSED] - Test Cases/Create a new liability: Test Cases/Create a new liability

02-01-2024T01:22:09 - [TEST_STEP][PASSED] - openBrowser(""): Browser is opened with url: ''

02-01-2024T01:22:09 - [MESSAGE][INFO] - Starting 'Chrome' driver

02-01-2024T01:22:09 - [MESSAGE][INFO] - Action delay is set to 0 milliseconds

02-01-2024T01:22:10 - [MESSAGE][PASSED] - Browser is opened with url: ''

02-01-2024T01:22:10 - [TEST_STEP][PASSED] - navigateToUrl("https://firefly.buudadawg.online/accounts/create/liabilities"): Navigate to 'https://firefly.buudadawg.online/accounts/create/liabilities' successfully

02-01-2024T01:22:11 - [MESSAGE][PASSED] - Navigate to 'https://firefly.buudadawg.online/accounts/create/liabilities' successfully

02-01-2024T01:22:11 - [TEST_STEP][PASSED] - setText(findTestObject("Object Repository/Create a new liability/Page_Login to Firefly III/input_email"), "huynhluat.dn@gmail.com"): Text 'huynhluat.dn@gmail.com' is set on object 'Object Repository/Create a new liability/Page_Login to Firefly III/input_email'

02-01-2024T01:22:12 - [MESSAGE][PASSED] - Text 'huynhluat.dn@gmail.com' is set on object 'Object Repository/Create a new liability/Page_Login to Firefly III/input_email'

02-01-2024T01:22:12 - [TEST_STEP][PASSED] - setEncryptedText(findTestObject("Object Repository/Create a new liability/Page_Login to Firefly III/input_password"), "GDttjE7iuxOgQwNBt53tbwiiBI5Qr4kb"): Text ****** has been set on object 'Object Repository/Create a new liability/Page_Login to Firefly III/input_password'

02-01-2024T01:22:12 - [MESSAGE][PASSED] - Text ****** has been set on object 'Object Repository/Create a new liability/Page_Login to Firefly III/input_password'

02-01-2024T01:22:12 - [TEST_STEP][PASSED] - click(findTestObject("Object Repository/Create a new liability/Page_Login to Firefly III/button_Sign in")): Object: 'Object Repository/Create a new liability/Page_Login to Firefly III/button_Sign in' is clicked on

02-01-2024T01:22:13 - [MESSAGE][PASSED] - Object: 'Object Repository/Create a new liability/Page_Login to Firefly III/button_Sign in' is clicked on

02-01-2024T01:22:13 - [TEST_STEP][PASSED] - setText(findTestObject("Object Repository/Create a new liability/Page_Create a new liability  Accounts  Firefly III/input_name"), name): Text 'gkluger9' is set on object 'Object Repository/Create a new liability/Page_Create a new liability  Accounts  Firefly III/input_name'

02-01-2024T01:22:14 - [MESSAGE][PASSED] - Text 'gkluger9' is set on object 'Object Repository/Create a new liability/Page_Create a new liability  Accounts  Firefly III/input_name'

02-01-2024T01:22:14 - [TEST_STEP][PASSED] - selectOptionByValue(findTestObject("Object Repository/Create a new liability/Page_Create a new liability  Accounts  Firefly III/select_Euro ()US Dollar ()"), currency, true): All options with value '1' are selected in object 'Object Repository/Create a new liability/Page_Create a new liability  Accounts  Firefly III/select_Euro ()US Dollar ()'  using regular expression

02-01-2024T01:22:15 - [MESSAGE][PASSED] - All options with value '1' are selected in object 'Object Repository/Create a new liability/Page_Create a new liability  Accounts  Firefly III/select_Euro ()US Dollar ()'  using regular expression

02-01-2024T01:22:15 - [TEST_STEP][PASSED] - selectOptionByValue(findTestObject("Object Repository/Create a new liability/Page_Create a new liability  Accounts  Firefly III/select_DebtLoanMortgage"), liability_type, true): All options with value '9' are selected in object 'Object Repository/Create a new liability/Page_Create a new liability  Accounts  Firefly III/select_DebtLoanMortgage'  using regular expression

02-01-2024T01:22:16 - [MESSAGE][PASSED] - All options with value '9' are selected in object 'Object Repository/Create a new liability/Page_Create a new liability  Accounts  Firefly III/select_DebtLoanMortgage'  using regular expression

02-01-2024T01:22:16 - [TEST_STEP][PASSED] - setText(findTestObject("Object Repository/Create a new liability/Page_Create a new liability  Accounts  Firefly III/input_opening_balance"), i_owe_amount): Text '313.72' is set on object 'Object Repository/Create a new liability/Page_Create a new liability  Accounts  Firefly III/input_opening_balance'

02-01-2024T01:22:17 - [MESSAGE][PASSED] - Text '313.72' is set on object 'Object Repository/Create a new liability/Page_Create a new liability  Accounts  Firefly III/input_opening_balance'

02-01-2024T01:22:17 - [TEST_STEP][PASSED] - selectOptionByValue(findTestObject("Object Repository/Create a new liability/Page_Create a new liability  Accounts  Firefly III/select_I owe this debt to somebody elseI am_93cb18"), liability_inout, true): All options with value 'debit' are selected in object 'Object Repository/Create a new liability/Page_Create a new liability  Accounts  Firefly III/select_I owe this debt to somebody elseI am_93cb18'  using regular expression

02-01-2024T01:22:18 - [MESSAGE][PASSED] - All options with value 'debit' are selected in object 'Object Repository/Create a new liability/Page_Create a new liability  Accounts  Firefly III/select_I owe this debt to somebody elseI am_93cb18'  using regular expression

02-01-2024T01:22:18 - [TEST_STEP][PASSED] - setText(findTestObject("Create a new liability/Page_Create a new liability  Accounts  Firefly III/input_opening_balance_date"), start_date_of_debt): Text '9/12/2023' is set on object 'Object Repository/Create a new liability/Page_Create a new liability  Accounts  Firefly III/input_opening_balance_date'

02-01-2024T01:22:18 - [MESSAGE][PASSED] - Text '9/12/2023' is set on object 'Object Repository/Create a new liability/Page_Create a new liability  Accounts  Firefly III/input_opening_balance_date'

02-01-2024T01:22:18 - [TEST_STEP][PASSED] - setText(findTestObject("Object Repository/Create a new liability/Page_Create a new liability  Accounts  Firefly III/input_interest"), interest): Text '30.22' is set on object 'Object Repository/Create a new liability/Page_Create a new liability  Accounts  Firefly III/input_interest'

02-01-2024T01:22:19 - [MESSAGE][PASSED] - Text '30.22' is set on object 'Object Repository/Create a new liability/Page_Create a new liability  Accounts  Firefly III/input_interest'

02-01-2024T01:22:19 - [TEST_STEP][PASSED] - selectOptionByValue(findTestObject("Object Repository/Create a new liability/Page_Create a new liability  Accounts  Firefly III/select_Per dayPer monthPer year"), interest_period, true): All options with value 'monthly' are selected in object 'Object Repository/Create a new liability/Page_Create a new liability  Accounts  Firefly III/select_Per dayPer monthPer year'  using regular expression

02-01-2024T01:22:20 - [MESSAGE][PASSED] - All options with value 'monthly' are selected in object 'Object Repository/Create a new liability/Page_Create a new liability  Accounts  Firefly III/select_Per dayPer monthPer year'  using regular expression

02-01-2024T01:22:20 - [TEST_STEP][PASSED] - setText(findTestObject("Object Repository/Create a new liability/Page_Create a new liability  Accounts  Firefly III/input_iban"), iban): Text 'NO45 8790 3992 622' is set on object 'Object Repository/Create a new liability/Page_Create a new liability  Accounts  Firefly III/input_iban'

02-01-2024T01:22:20 - [MESSAGE][PASSED] - Text 'NO45 8790 3992 622' is set on object 'Object Repository/Create a new liability/Page_Create a new liability  Accounts  Firefly III/input_iban'

02-01-2024T01:22:20 - [TEST_STEP][PASSED] - setText(findTestObject("Object Repository/Create a new liability/Page_Create a new liability  Accounts  Firefly III/input_BIC"), bic): Text '' is set on object 'Object Repository/Create a new liability/Page_Create a new liability  Accounts  Firefly III/input_BIC'

02-01-2024T01:22:21 - [MESSAGE][PASSED] - Text '' is set on object 'Object Repository/Create a new liability/Page_Create a new liability  Accounts  Firefly III/input_BIC'

02-01-2024T01:22:21 - [TEST_STEP][PASSED] - setText(findTestObject("Object Repository/Create a new liability/Page_Create a new liability  Accounts  Firefly III/input_account_number"), account_number): Text '' is set on object 'Object Repository/Create a new liability/Page_Create a new liability  Accounts  Firefly III/input_account_number'

02-01-2024T01:22:22 - [MESSAGE][PASSED] - Text '' is set on object 'Object Repository/Create a new liability/Page_Create a new liability  Accounts  Firefly III/input_account_number'

02-01-2024T01:22:22 - [TEST_STEP][PASSED] - if (include_in_net_worth == "false"): null

02-01-2024T01:22:22 - [TEST_STEP][PASSED] - setText(findTestObject("Object Repository/Create a new liability/Page_Create a new liability  Accounts  Firefly III/textarea_notes"), notes): Text 'Praesent id massa id nisl venenatis lacinia. Aenean sit amet justo. Morbi ut odio.

Cras mi pede, malesuada in, imperdiet et, commodo vulputate, justo. In blandit ultrices enim. Lorem ipsum dolor sit amet, consectetuer adipiscing elit.' is set on object 'Object Repository/Create a new liability/Page_Create a new liability  Accounts  Firefly III/textarea_notes'

02-01-2024T01:22:23 - [MESSAGE][PASSED] - Text 'Praesent id massa id nisl venenatis lacinia. Aenean sit amet justo. Morbi ut odio.

Cras mi pede, malesuada in, imperdiet et, commodo vulputate, justo. In blandit ultrices enim. Lorem ipsum dolor sit amet, consectetuer adipiscing elit.' is set on object 'Object Repository/Create a new liability/Page_Create a new liability  Accounts  Firefly III/textarea_notes'

02-01-2024T01:22:23 - [TEST_STEP][PASSED] - if (attachments != ""): null

02-01-2024T01:22:23 - [TEST_STEP][PASSED] - click(findTestObject("Object Repository/Create a new liability/Page_Create a new liability  Accounts  Firefly III/button_Store new liability")): Object: 'Object Repository/Create a new liability/Page_Create a new liability  Accounts  Firefly III/button_Store new liability' is clicked on

02-01-2024T01:22:24 - [MESSAGE][PASSED] - Object: 'Object Repository/Create a new liability/Page_Create a new liability  Accounts  Firefly III/button_Store new liability' is clicked on

02-01-2024T01:22:24 - [TEST_STEP][FAILED] - try: Unable to verify object 'Object Repository/Shared_alert/text_dangers' is present (Root cause: com.kms.katalon.core.exception.StepFailedException: Unable to verify object 'Object Repository/Shared_alert/text_dangers' is present
	at com.kms.katalon.core.webui.keyword.internal.WebUIKeywordMain.stepFailed(WebUIKeywordMain.groovy:64)
	at com.kms.katalon.core.webui.keyword.internal.WebUIKeywordMain.runKeyword(WebUIKeywordMain.groovy:26)
	at com.kms.katalon.core.webui.keyword.builtin.VerifyElementPresentKeyword.verifyElementPresent(VerifyElementPresentKeyword.groovy:92)
	at com.kms.katalon.core.webui.keyword.builtin.VerifyElementPresentKeyword.execute(VerifyElementPresentKeyword.groovy:68)
	at com.kms.katalon.core.keyword.internal.KeywordExecutor.executeKeywordForPlatform(KeywordExecutor.groovy:74)
	at com.kms.katalon.core.webui.keyword.WebUiBuiltInKeywords.verifyElementPresent(WebUiBuiltInKeywords.groovy:1503)
	at Create a new liability.run(Create a new liability:81)
	at com.kms.katalon.core.main.ScriptEngine.run(ScriptEngine.java:194)
	at com.kms.katalon.core.main.ScriptEngine.runScriptAsRawText(ScriptEngine.java:119)
	at com.kms.katalon.core.main.TestCaseExecutor.runScript(TestCaseExecutor.java:448)
	at com.kms.katalon.core.main.TestCaseExecutor.doExecute(TestCaseExecutor.java:439)
	at com.kms.katalon.core.main.TestCaseExecutor.processExecutionPhase(TestCaseExecutor.java:418)
	at com.kms.katalon.core.main.TestCaseExecutor.accessMainPhase(TestCaseExecutor.java:410)
	at com.kms.katalon.core.main.TestCaseExecutor.execute(TestCaseExecutor.java:285)
	at com.kms.katalon.core.common.CommonExecutor.accessTestCaseMainPhase(CommonExecutor.java:65)
	at com.kms.katalon.core.main.TestSuiteExecutor.accessTestSuiteMainPhase(TestSuiteExecutor.java:148)
	at com.kms.katalon.core.main.TestSuiteExecutor.execute(TestSuiteExecutor.java:106)
	at com.kms.katalon.core.main.TestCaseMain.startTestSuite(TestCaseMain.java:180)
	at TempTestSuite1704133111684.run(TempTestSuite1704133111684.groovy:36)
	at java.base/jdk.internal.reflect.NativeMethodAccessorImpl.invoke0(Native Method)
	at java.base/jdk.internal.reflect.NativeMethodAccessorImpl.invoke(NativeMethodAccessorImpl.java:77)
	at java.base/jdk.internal.reflect.DelegatingMethodAccessorImpl.invoke(DelegatingMethodAccessorImpl.java:43)
Caused by: com.kms.katalon.core.exception.StepFailedException: com.kms.katalon.core.webui.exception.WebElementNotFoundException: Web element with id: 'Object Repository/Shared_alert/text_dangers' located by '.text-danger' not found
	at com.kms.katalon.core.webui.keyword.internal.WebUIKeywordMain.stepFailed(WebUIKeywordMain.groovy:64)
	at com.kms.katalon.core.webui.keyword.builtin.VerifyElementPresentKeyword$_verifyElementPresent_closure1.doCall(VerifyElementPresentKeyword.groovy:85)
	at com.kms.katalon.core.webui.keyword.builtin.VerifyElementPresentKeyword$_verifyElementPresent_closure1.call(VerifyElementPresentKeyword.groovy)
	at com.kms.katalon.core.webui.keyword.internal.WebUIKeywordMain.runKeyword(WebUIKeywordMain.groovy:20)
	... 20 more
)

02-01-2024T01:22:24 - [TEST_STEP][FAILED] - verifyElementPresent(findTestObject("Shared_alert/text_dangers"), 1): Unable to verify object 'Object Repository/Shared_alert/text_dangers' is present (Root cause: com.kms.katalon.core.exception.StepFailedException: Unable to verify object 'Object Repository/Shared_alert/text_dangers' is present
	at com.kms.katalon.core.webui.keyword.internal.WebUIKeywordMain.stepFailed(WebUIKeywordMain.groovy:64)
	at com.kms.katalon.core.webui.keyword.internal.WebUIKeywordMain.runKeyword(WebUIKeywordMain.groovy:26)
	at com.kms.katalon.core.webui.keyword.builtin.VerifyElementPresentKeyword.verifyElementPresent(VerifyElementPresentKeyword.groovy:92)
	at com.kms.katalon.core.webui.keyword.builtin.VerifyElementPresentKeyword.execute(VerifyElementPresentKeyword.groovy:68)
	at com.kms.katalon.core.keyword.internal.KeywordExecutor.executeKeywordForPlatform(KeywordExecutor.groovy:74)
	at com.kms.katalon.core.webui.keyword.WebUiBuiltInKeywords.verifyElementPresent(WebUiBuiltInKeywords.groovy:1503)
	at Create a new liability.run(Create a new liability:81)
	at com.kms.katalon.core.main.ScriptEngine.run(ScriptEngine.java:194)
	at com.kms.katalon.core.main.ScriptEngine.runScriptAsRawText(ScriptEngine.java:119)
	at com.kms.katalon.core.main.TestCaseExecutor.runScript(TestCaseExecutor.java:448)
	at com.kms.katalon.core.main.TestCaseExecutor.doExecute(TestCaseExecutor.java:439)
	at com.kms.katalon.core.main.TestCaseExecutor.processExecutionPhase(TestCaseExecutor.java:418)
	at com.kms.katalon.core.main.TestCaseExecutor.accessMainPhase(TestCaseExecutor.java:410)
	at com.kms.katalon.core.main.TestCaseExecutor.execute(TestCaseExecutor.java:285)
	at com.kms.katalon.core.common.CommonExecutor.accessTestCaseMainPhase(CommonExecutor.java:65)
	at com.kms.katalon.core.main.TestSuiteExecutor.accessTestSuiteMainPhase(TestSuiteExecutor.java:148)
	at com.kms.katalon.core.main.TestSuiteExecutor.execute(TestSuiteExecutor.java:106)
	at com.kms.katalon.core.main.TestCaseMain.startTestSuite(TestCaseMain.java:180)
	at TempTestSuite1704133111684.run(TempTestSuite1704133111684.groovy:36)
	at java.base/jdk.internal.reflect.NativeMethodAccessorImpl.invoke0(Native Method)
	at java.base/jdk.internal.reflect.NativeMethodAccessorImpl.invoke(NativeMethodAccessorImpl.java:77)
	at java.base/jdk.internal.reflect.DelegatingMethodAccessorImpl.invoke(DelegatingMethodAccessorImpl.java:43)
Caused by: com.kms.katalon.core.exception.StepFailedException: com.kms.katalon.core.webui.exception.WebElementNotFoundException: Web element with id: 'Object Repository/Shared_alert/text_dangers' located by '.text-danger' not found
	at com.kms.katalon.core.webui.keyword.internal.WebUIKeywordMain.stepFailed(WebUIKeywordMain.groovy:64)
	at com.kms.katalon.core.webui.keyword.builtin.VerifyElementPresentKeyword$_verifyElementPresent_closure1.doCall(VerifyElementPresentKeyword.groovy:85)
	at com.kms.katalon.core.webui.keyword.builtin.VerifyElementPresentKeyword$_verifyElementPresent_closure1.call(VerifyElementPresentKeyword.groovy)
	at com.kms.katalon.core.webui.keyword.internal.WebUIKeywordMain.runKeyword(WebUIKeywordMain.groovy:20)
	... 20 more
)

02-01-2024T01:22:26 - [MESSAGE][INFO] - Unable to find the element located by 'By.cssSelector: .text-danger'. Please recheck the objects properties to make sure the desired element is located. 

02-01-2024T01:22:27 - [MESSAGE][FAILED] - com.kms.katalon.core.webui.exception.WebElementNotFoundException: Web element with id: 'Object Repository/Shared_alert/text_dangers' located by '.text-danger' not found (Root cause: com.kms.katalon.core.exception.StepFailedException: com.kms.katalon.core.webui.exception.WebElementNotFoundException: Web element with id: 'Object Repository/Shared_alert/text_dangers' located by '.text-danger' not found
	at com.kms.katalon.core.webui.keyword.internal.WebUIKeywordMain.stepFailed(WebUIKeywordMain.groovy:64)
	at com.kms.katalon.core.webui.keyword.builtin.VerifyElementPresentKeyword$_verifyElementPresent_closure1.doCall(VerifyElementPresentKeyword.groovy:85)
	at com.kms.katalon.core.webui.keyword.builtin.VerifyElementPresentKeyword$_verifyElementPresent_closure1.call(VerifyElementPresentKeyword.groovy)
	at com.kms.katalon.core.webui.keyword.internal.WebUIKeywordMain.runKeyword(WebUIKeywordMain.groovy:20)
	at com.kms.katalon.core.webui.keyword.builtin.VerifyElementPresentKeyword.verifyElementPresent(VerifyElementPresentKeyword.groovy:92)
	at com.kms.katalon.core.webui.keyword.builtin.VerifyElementPresentKeyword.execute(VerifyElementPresentKeyword.groovy:68)
	at com.kms.katalon.core.keyword.internal.KeywordExecutor.executeKeywordForPlatform(KeywordExecutor.groovy:74)
	at com.kms.katalon.core.webui.keyword.WebUiBuiltInKeywords.verifyElementPresent(WebUiBuiltInKeywords.groovy:1503)
	at Create a new liability.run(Create a new liability:81)
	at com.kms.katalon.core.main.ScriptEngine.run(ScriptEngine.java:194)
	at com.kms.katalon.core.main.ScriptEngine.runScriptAsRawText(ScriptEngine.java:119)
	at com.kms.katalon.core.main.TestCaseExecutor.runScript(TestCaseExecutor.java:448)
	at com.kms.katalon.core.main.TestCaseExecutor.doExecute(TestCaseExecutor.java:439)
	at com.kms.katalon.core.main.TestCaseExecutor.processExecutionPhase(TestCaseExecutor.java:418)
	at com.kms.katalon.core.main.TestCaseExecutor.accessMainPhase(TestCaseExecutor.java:410)
	at com.kms.katalon.core.main.TestCaseExecutor.execute(TestCaseExecutor.java:285)
	at com.kms.katalon.core.common.CommonExecutor.accessTestCaseMainPhase(CommonExecutor.java:65)
	at com.kms.katalon.core.main.TestSuiteExecutor.accessTestSuiteMainPhase(TestSuiteExecutor.java:148)
	at com.kms.katalon.core.main.TestSuiteExecutor.execute(TestSuiteExecutor.java:106)
	at com.kms.katalon.core.main.TestCaseMain.startTestSuite(TestCaseMain.java:180)
	at TempTestSuite1704133111684.run(TempTestSuite1704133111684.groovy:36)
	at java.base/jdk.internal.reflect.NativeMethodAccessorImpl.invoke0(Native Method)
	at java.base/jdk.internal.reflect.NativeMethodAccessorImpl.invoke(NativeMethodAccessorImpl.java:77)
	at java.base/jdk.internal.reflect.DelegatingMethodAccessorImpl.invoke(DelegatingMethodAccessorImpl.java:43)
)
[[ATTACHMENT|D:\\ktpm\\G1_Firefly_testing\\Reports\\20240102_011830\\Create a new liability\\20240102_011831\\1704133346908.png]]

02-01-2024T01:22:27 - [MESSAGE][FAILED] - Unable to verify object 'Object Repository/Shared_alert/text_dangers' is present (Root cause: com.kms.katalon.core.exception.StepFailedException: Unable to verify object 'Object Repository/Shared_alert/text_dangers' is present
	at com.kms.katalon.core.webui.keyword.internal.WebUIKeywordMain.stepFailed(WebUIKeywordMain.groovy:64)
	at com.kms.katalon.core.webui.keyword.internal.WebUIKeywordMain.runKeyword(WebUIKeywordMain.groovy:26)
	at com.kms.katalon.core.webui.keyword.builtin.VerifyElementPresentKeyword.verifyElementPresent(VerifyElementPresentKeyword.groovy:92)
	at com.kms.katalon.core.webui.keyword.builtin.VerifyElementPresentKeyword.execute(VerifyElementPresentKeyword.groovy:68)
	at com.kms.katalon.core.keyword.internal.KeywordExecutor.executeKeywordForPlatform(KeywordExecutor.groovy:74)
	at com.kms.katalon.core.webui.keyword.WebUiBuiltInKeywords.verifyElementPresent(WebUiBuiltInKeywords.groovy:1503)
	at Create a new liability.run(Create a new liability:81)
	at com.kms.katalon.core.main.ScriptEngine.run(ScriptEngine.java:194)
	at com.kms.katalon.core.main.ScriptEngine.runScriptAsRawText(ScriptEngine.java:119)
	at com.kms.katalon.core.main.TestCaseExecutor.runScript(TestCaseExecutor.java:448)
	at com.kms.katalon.core.main.TestCaseExecutor.doExecute(TestCaseExecutor.java:439)
	at com.kms.katalon.core.main.TestCaseExecutor.processExecutionPhase(TestCaseExecutor.java:418)
	at com.kms.katalon.core.main.TestCaseExecutor.accessMainPhase(TestCaseExecutor.java:410)
	at com.kms.katalon.core.main.TestCaseExecutor.execute(TestCaseExecutor.java:285)
	at com.kms.katalon.core.common.CommonExecutor.accessTestCaseMainPhase(CommonExecutor.java:65)
	at com.kms.katalon.core.main.TestSuiteExecutor.accessTestSuiteMainPhase(TestSuiteExecutor.java:148)
	at com.kms.katalon.core.main.TestSuiteExecutor.execute(TestSuiteExecutor.java:106)
	at com.kms.katalon.core.main.TestCaseMain.startTestSuite(TestCaseMain.java:180)
	at TempTestSuite1704133111684.run(TempTestSuite1704133111684.groovy:36)
	at java.base/jdk.internal.reflect.NativeMethodAccessorImpl.invoke0(Native Method)
	at java.base/jdk.internal.reflect.NativeMethodAccessorImpl.invoke(NativeMethodAccessorImpl.java:77)
	at java.base/jdk.internal.reflect.DelegatingMethodAccessorImpl.invoke(DelegatingMethodAccessorImpl.java:43)
Caused by: com.kms.katalon.core.exception.StepFailedException: com.kms.katalon.core.webui.exception.WebElementNotFoundException: Web element with id: 'Object Repository/Shared_alert/text_dangers' located by '.text-danger' not found
	at com.kms.katalon.core.webui.keyword.internal.WebUIKeywordMain.stepFailed(WebUIKeywordMain.groovy:64)
	at com.kms.katalon.core.webui.keyword.builtin.VerifyElementPresentKeyword$_verifyElementPresent_closure1.doCall(VerifyElementPresentKeyword.groovy:85)
	at com.kms.katalon.core.webui.keyword.builtin.VerifyElementPresentKeyword$_verifyElementPresent_closure1.call(VerifyElementPresentKeyword.groovy)
	at com.kms.katalon.core.webui.keyword.internal.WebUIKeywordMain.runKeyword(WebUIKeywordMain.groovy:20)
	... 20 more
)
[[ATTACHMENT|D:\\ktpm\\G1_Firefly_testing\\Reports\\20240102_011830\\Create a new liability\\20240102_011831\\1704133347015.png]]

02-01-2024T01:22:27 - [TEST_STEP][PASSED] - catch (Exception err): null

02-01-2024T01:22:27 - [TEST_STEP][PASSED] - verifyElementPresent(findTestObject("Shared_alert/success_alert"), 1): Object 'Object Repository/Shared_alert/success_alert' is present

02-01-2024T01:22:27 - [MESSAGE][PASSED] - Object 'Object Repository/Shared_alert/success_alert' is present

02-01-2024T01:22:27 - [TEST_STEP][PASSED] - if (attachments == "Attachments File/Report_65MB.csv"): null

02-01-2024T01:22:27 - [TEST_STEP][PASSED] - out.println("success"): null

02-01-2024T01:22:27 - [TEST_STEP][PASSED] - closeBrowser(): Browser is closed

02-01-2024T01:22:27 - [MESSAGE][PASSED] - Browser is closed]]></system-out>
         <system-err><![CDATA[]]></system-err>
      </testcase>
      <system-out><![CDATA[02-01-2024T01:18:36 - [TEST_SUITE][FAILED] - Create a new liability: Test Cases/Create a new liability FAILED.
Reason:
Assertion failed: 

assert false


	at Create a new liability.run(Create a new liability:90)
	at com.kms.katalon.core.main.ScriptEngine.run(ScriptEngine.java:194)
	at com.kms.katalon.core.main.ScriptEngine.runScriptAsRawText(ScriptEngine.java:119)
	at com.kms.katalon.core.main.TestCaseExecutor.runScript(TestCaseExecutor.java:448)
	at com.kms.katalon.core.main.TestCaseExecutor.doExecute(TestCaseExecutor.java:439)
	at com.kms.katalon.core.main.TestCaseExecutor.processExecutionPhase(TestCaseExecutor.java:418)
	at com.kms.katalon.core.main.TestCaseExecutor.accessMainPhase(TestCaseExecutor.java:410)
	at com.kms.katalon.core.main.TestCaseExecutor.execute(TestCaseExecutor.java:285)
	at com.kms.katalon.core.common.CommonExecutor.accessTestCaseMainPhase(CommonExecutor.java:65)
	at com.kms.katalon.core.main.TestSuiteExecutor.accessTestSuiteMainPhase(TestSuiteExecutor.java:148)
	at com.kms.katalon.core.main.TestSuiteExecutor.execute(TestSuiteExecutor.java:106)
	at com.kms.katalon.core.main.TestCaseMain.startTestSuite(TestCaseMain.java:180)
	at TempTestSuite1704133111684.run(TempTestSuite1704133111684.groovy:36)
	at java.base/jdk.internal.reflect.NativeMethodAccessorImpl.invoke0(Native Method)
	at java.base/jdk.internal.reflect.NativeMethodAccessorImpl.invoke(NativeMethodAccessorImpl.java:77)
	at java.base/jdk.internal.reflect.DelegatingMethodAccessorImpl.invoke(DelegatingMethodAccessorImpl.java:43)]]></system-out>
      <system-err><![CDATA[02-01-2024T01:18:36 - [TEST_SUITE][FAILED] - Create a new liability: Test Cases/Create a new liability FAILED.
Reason:
Assertion failed: 

assert false


	at Create a new liability.run(Create a new liability:90)
	at com.kms.katalon.core.main.ScriptEngine.run(ScriptEngine.java:194)
	at com.kms.katalon.core.main.ScriptEngine.runScriptAsRawText(ScriptEngine.java:119)
	at com.kms.katalon.core.main.TestCaseExecutor.runScript(TestCaseExecutor.java:448)
	at com.kms.katalon.core.main.TestCaseExecutor.doExecute(TestCaseExecutor.java:439)
	at com.kms.katalon.core.main.TestCaseExecutor.processExecutionPhase(TestCaseExecutor.java:418)
	at com.kms.katalon.core.main.TestCaseExecutor.accessMainPhase(TestCaseExecutor.java:410)
	at com.kms.katalon.core.main.TestCaseExecutor.execute(TestCaseExecutor.java:285)
	at com.kms.katalon.core.common.CommonExecutor.accessTestCaseMainPhase(CommonExecutor.java:65)
	at com.kms.katalon.core.main.TestSuiteExecutor.accessTestSuiteMainPhase(TestSuiteExecutor.java:148)
	at com.kms.katalon.core.main.TestSuiteExecutor.execute(TestSuiteExecutor.java:106)
	at com.kms.katalon.core.main.TestCaseMain.startTestSuite(TestCaseMain.java:180)
	at TempTestSuite1704133111684.run(TempTestSuite1704133111684.groovy:36)
	at java.base/jdk.internal.reflect.NativeMethodAccessorImpl.invoke0(Native Method)
	at java.base/jdk.internal.reflect.NativeMethodAccessorImpl.invoke(NativeMethodAccessorImpl.java:77)
	at java.base/jdk.internal.reflect.DelegatingMethodAccessorImpl.invoke(DelegatingMethodAccessorImpl.java:43)]]></system-err>
   </testsuite>
</testsuites>
