<?xml version="1.0" encoding="UTF-8"?>
<testsuites name="Bill Suite" time="171.494" tests="10" failures="4" errors="0">
   <testsuite name="Bill Suite" tests="10" failures="4" errors="0" time="171.494" skipped="0" timestamp="02-01-2024T11:33:56" hostname="khoan - MSI" id="Test Suites/Bill Suite">
      <properties>
         <property name="deviceName" value=""/>
         <property name="devicePlatform" value=""/>
         <property name="logFolder" value="E:\\school\\software_testing\\G1_Firefly_testing\\Reports\\20240102_113352\\Bill Suite\\20240102_113353"/>
         <property name="logFiles" value="E:\\school\\software_testing\\G1_Firefly_testing\\Reports\\20240102_113352\\Bill Suite\\20240102_113353\\execution0.log"/>
         <property name="attachments" value="E:\\school\\software_testing\\G1_Firefly_testing\\Reports\\20240102_113352\\Bill Suite\\20240102_113353\\1704170055202.png, E:\\school\\software_testing\\G1_Firefly_testing\\Reports\\20240102_113352\\Bill Suite\\20240102_113353\\1704170055321.png, E:\\school\\software_testing\\G1_Firefly_testing\\Reports\\20240102_113352\\Bill Suite\\20240102_113353\\1704170102753.png, E:\\school\\software_testing\\G1_Firefly_testing\\Reports\\20240102_113352\\Bill Suite\\20240102_113353\\1704170102863.png, E:\\school\\software_testing\\G1_Firefly_testing\\Reports\\20240102_113352\\Bill Suite\\20240102_113353\\1704170122270.png, E:\\school\\software_testing\\G1_Firefly_testing\\Reports\\20240102_113352\\Bill Suite\\20240102_113353\\1704170122406.png, E:\\school\\software_testing\\G1_Firefly_testing\\Reports\\20240102_113352\\Bill Suite\\20240102_113353\\1704170141308.png, E:\\school\\software_testing\\G1_Firefly_testing\\Reports\\20240102_113352\\Bill Suite\\20240102_113353\\1704170141409.png, E:\\school\\software_testing\\G1_Firefly_testing\\Reports\\20240102_113352\\Bill Suite\\20240102_113353\\1704170189342.png, E:\\school\\software_testing\\G1_Firefly_testing\\Reports\\20240102_113352\\Bill Suite\\20240102_113353\\1704170189460.png, E:\\school\\software_testing\\G1_Firefly_testing\\Reports\\20240102_113352\\Bill Suite\\20240102_113353\\1704170207637.png, E:\\school\\software_testing\\G1_Firefly_testing\\Reports\\20240102_113352\\Bill Suite\\20240102_113353\\1704170207800.png"/>
         <property name="hostName" value="khoan - MSI"/>
         <property name="os" value="Windows 10 64bit"/>
         <property name="katalonVersion" value="9.2.0.212"/>
         <property name="browser" value="Chrome 120.0.0.0"/>
         <property name="hostAddress" value="172.16.4.40"/>
         <property name="sessionId" value="e11dc47655cfe7c226c3157c3dd96d4f"/>
         <property name="seleniumVersion" value="3.141.59"/>
         <property name="proxyInformation" value="ProxyInformation { proxyOption=NO_PROXY, proxyServerType=HTTP, username=, password=********, proxyServerAddress=, proxyServerPort=0, executionList=&quot;&quot;, isApplyToDesiredCapabilities=true }"/>
         <property name="platform" value="Windows 10"/>
      </properties>
      <testcase name="Test Cases/Bill" time="18.758" classname="Test Cases/Bill" status="PASSED">
         <system-out><![CDATA[02-01-2024T11:33:57 - [TEST_CASE][PASSED] - Test Cases/Bill: Test Cases/Bill

02-01-2024T11:33:57 - [TEST_STEP][PASSED] - openBrowser(""): Browser is opened with url: ''

02-01-2024T11:33:57 - [MESSAGE][INFO] - Starting 'Chrome' driver

02-01-2024T11:33:57 - [MESSAGE][INFO] - Action delay is set to 0 milliseconds

02-01-2024T11:33:59 - [MESSAGE][PASSED] - Browser is opened with url: ''

02-01-2024T11:33:59 - [TEST_STEP][PASSED] - navigateToUrl("https://firefly.buudadawg.online/login"): Navigate to 'https://firefly.buudadawg.online/login' successfully

02-01-2024T11:33:59 - [MESSAGE][PASSED] - Navigate to 'https://firefly.buudadawg.online/login' successfully

02-01-2024T11:33:59 - [TEST_STEP][PASSED] - setText(findTestObject("Object Repository/Bill/Page_Login to Firefly III/input_email"), "khoacraphotograph@gmail.com"): Text 'khoacraphotograph@gmail.com' is set on object 'Object Repository/Bill/Page_Login to Firefly III/input_email'

02-01-2024T11:34:00 - [MESSAGE][PASSED] - Text 'khoacraphotograph@gmail.com' is set on object 'Object Repository/Bill/Page_Login to Firefly III/input_email'

02-01-2024T11:34:00 - [TEST_STEP][PASSED] - setEncryptedText(findTestObject("Object Repository/Bill/Page_Login to Firefly III/input_password"), "krbqsEPTyj+/ySZvycc2bfHXjZyOJWOA"): Text ****** has been set on object 'Object Repository/Bill/Page_Login to Firefly III/input_password'

02-01-2024T11:34:00 - [MESSAGE][PASSED] - Text ****** has been set on object 'Object Repository/Bill/Page_Login to Firefly III/input_password'

02-01-2024T11:34:00 - [TEST_STEP][PASSED] - click(findTestObject("Object Repository/Bill/Page_Login to Firefly III/button_Sign in")): Object: 'Object Repository/Bill/Page_Login to Firefly III/button_Sign in' is clicked on

02-01-2024T11:34:01 - [MESSAGE][PASSED] - Object: 'Object Repository/Bill/Page_Login to Firefly III/button_Sign in' is clicked on

02-01-2024T11:34:01 - [TEST_STEP][PASSED] - click(findTestObject("Object Repository/Bill/Page_Whats playing  Firefly III/a_Bills")): Object: 'Object Repository/Bill/Page_Whats playing  Firefly III/a_Bills' is clicked on

02-01-2024T11:34:02 - [MESSAGE][PASSED] - Object: 'Object Repository/Bill/Page_Whats playing  Firefly III/a_Bills' is clicked on

02-01-2024T11:34:02 - [TEST_STEP][PASSED] - click(findTestObject("Object Repository/Bill/Page_Bills  Firefly III/a_Create new bill")): Object: 'Object Repository/Bill/Page_Bills  Firefly III/a_Create new bill' is clicked on

02-01-2024T11:34:03 - [MESSAGE][PASSED] - Object: 'Object Repository/Bill/Page_Bills  Firefly III/a_Create new bill' is clicked on

02-01-2024T11:34:03 - [TEST_STEP][PASSED] - setText(findTestObject("Object Repository/Bill/Page_Create new bill  Bills  Firefly III/input_name"), name): Text 'R2312-28:&5-yngE'' is set on object 'Object Repository/Bill/Page_Create new bill  Bills  Firefly III/input_name'

02-01-2024T11:34:04 - [MESSAGE][PASSED] - Text 'R2312-28:&5-yngE'' is set on object 'Object Repository/Bill/Page_Create new bill  Bills  Firefly III/input_name'

02-01-2024T11:34:04 - [TEST_STEP][PASSED] - setText(findTestObject("Object Repository/Bill/Page_Create new bill  Bills  Firefly III/input_amount_min"), min_amount): Text '23766' is set on object 'Object Repository/Bill/Page_Create new bill  Bills  Firefly III/input_amount_min'

02-01-2024T11:34:05 - [MESSAGE][PASSED] - Text '23766' is set on object 'Object Repository/Bill/Page_Create new bill  Bills  Firefly III/input_amount_min'

02-01-2024T11:34:05 - [TEST_STEP][PASSED] - setText(findTestObject("Object Repository/Bill/Page_Create new bill  Bills  Firefly III/input_amount_max"), max_amount): Text '92704' is set on object 'Object Repository/Bill/Page_Create new bill  Bills  Firefly III/input_amount_max'

02-01-2024T11:34:05 - [MESSAGE][PASSED] - Text '92704' is set on object 'Object Repository/Bill/Page_Create new bill  Bills  Firefly III/input_amount_max'

02-01-2024T11:34:05 - [TEST_STEP][PASSED] - setText(findTestObject("Bill/Page_Create new bill  Bills  Firefly III/input_date"), date): Text '07/18/2023' is set on object 'Object Repository/Bill/Page_Create new bill  Bills  Firefly III/input_date'

02-01-2024T11:34:06 - [MESSAGE][PASSED] - Text '07/18/2023' is set on object 'Object Repository/Bill/Page_Create new bill  Bills  Firefly III/input_date'

02-01-2024T11:34:06 - [TEST_STEP][PASSED] - selectOptionByLabel(findTestObject("Object Repository/Bill/Page_Create new bill  Bills  Firefly III/select_dailyweeklymonthlyquarterlyevery hal_79c7c6"), repeats, true): All options with label 'yearly' are selected in object 'Object Repository/Bill/Page_Create new bill  Bills  Firefly III/select_dailyweeklymonthlyquarterlyevery hal_79c7c6'  using regular expression

02-01-2024T11:34:07 - [MESSAGE][PASSED] - All options with label 'yearly' are selected in object 'Object Repository/Bill/Page_Create new bill  Bills  Firefly III/select_dailyweeklymonthlyquarterlyevery hal_79c7c6'  using regular expression

02-01-2024T11:34:07 - [TEST_STEP][PASSED] - setText(findTestObject("Object Repository/Bill/Page_Create new bill  Bills  Firefly III/input_skip"), skip): Text '19' is set on object 'Object Repository/Bill/Page_Create new bill  Bills  Firefly III/input_skip'

02-01-2024T11:34:07 - [MESSAGE][PASSED] - Text '19' is set on object 'Object Repository/Bill/Page_Create new bill  Bills  Firefly III/input_skip'

02-01-2024T11:34:07 - [TEST_STEP][PASSED] - setText(findTestObject("Bill/Page_Create new bill  Bills  Firefly III/input_end_date"), end_date): Text '' is set on object 'Object Repository/Bill/Page_Create new bill  Bills  Firefly III/input_end_date'

02-01-2024T11:34:08 - [MESSAGE][PASSED] - Text '' is set on object 'Object Repository/Bill/Page_Create new bill  Bills  Firefly III/input_end_date'

02-01-2024T11:34:08 - [TEST_STEP][PASSED] - setText(findTestObject("Bill/Page_Create new bill  Bills  Firefly III/input_extension_date"), extension_date): Text '10/24/2023' is set on object 'Object Repository/Bill/Page_Create new bill  Bills  Firefly III/input_extension_date'

02-01-2024T11:34:09 - [MESSAGE][PASSED] - Text '10/24/2023' is set on object 'Object Repository/Bill/Page_Create new bill  Bills  Firefly III/input_extension_date'

02-01-2024T11:34:09 - [TEST_STEP][PASSED] - setText(findTestObject("Object Repository/Bill/Page_Create new bill  Bills  Firefly III/textarea_notes"), notes): Text 'Vivamus in felis eu sapien cursus vestibulum. Proin eu mi. Nulla ac enim. In tempor, turpis nec euismod scelerisque, quam turpis adipiscing lorem, vitae mattis nibh ligula nec sem. Duis aliquam convallis nunc. Proin at turpis a pede posuere nonummy. Integer non velit. Donec diam neque, vestibulum eget, vulputate ut, ultrices vel, augue. Vestibulum ante ipsum primis in faucibus orci luctus et ultrices posuere cubilia Curae; Donec pharetra, magna vestibulum aliquet ultrices, erat tortor sollicitudin mi, sit amet lobortis sapien sapien non mi. Integer ac neque. Duis bibendum. Morbi non quam nec dui luctus rutrum. Nulla tellus. In sagittis dui vel nisl. Duis ac nibh. Fusce lacus purus, aliquet at, feugiat non, pretium quis, lectus. Suspendisse potenti. In eleifend quam a odio. In hac habitasse platea dictumst. Maecenas ut massa quis augue luctus tincidunt. Nulla mollis molestie lorem. Quisque ut erat. Curabitur gravida nisi at nibh. In hac habitasse platea dictumst. Aliquam augue quam, sollicitudin vitae, consectetuer eget, rutrum at, lorem. Integer tincidunt ante vel ipsum. Praesent blandit lacinia erat. Vestibulum sed magna at nunc commodo placerat. Praesent blandit. Nam nulla. Integer pede justo, lacinia eget, tincidunt eget, tempus vel, pede. Morbi porttitor lorem id ligula. Suspendisse ornare consequat lectus. In est risus, auctor sed, tristique in, tempus sit amet, sem.' is set on object 'Object Repository/Bill/Page_Create new bill  Bills  Firefly III/textarea_notes'

02-01-2024T11:34:10 - [MESSAGE][PASSED] - Text 'Vivamus in felis eu sapien cursus vestibulum. Proin eu mi. Nulla ac enim. In tempor, turpis nec euismod scelerisque, quam turpis adipiscing lorem, vitae mattis nibh ligula nec sem. Duis aliquam convallis nunc. Proin at turpis a pede posuere nonummy. Integer non velit. Donec diam neque, vestibulum eget, vulputate ut, ultrices vel, augue. Vestibulum ante ipsum primis in faucibus orci luctus et ultrices posuere cubilia Curae; Donec pharetra, magna vestibulum aliquet ultrices, erat tortor sollicitudin mi, sit amet lobortis sapien sapien non mi. Integer ac neque. Duis bibendum. Morbi non quam nec dui luctus rutrum. Nulla tellus. In sagittis dui vel nisl. Duis ac nibh. Fusce lacus purus, aliquet at, feugiat non, pretium quis, lectus. Suspendisse potenti. In eleifend quam a odio. In hac habitasse platea dictumst. Maecenas ut massa quis augue luctus tincidunt. Nulla mollis molestie lorem. Quisque ut erat. Curabitur gravida nisi at nibh. In hac habitasse platea dictumst. Aliquam augue quam, sollicitudin vitae, consectetuer eget, rutrum at, lorem. Integer tincidunt ante vel ipsum. Praesent blandit lacinia erat. Vestibulum sed magna at nunc commodo placerat. Praesent blandit. Nam nulla. Integer pede justo, lacinia eget, tincidunt eget, tempus vel, pede. Morbi porttitor lorem id ligula. Suspendisse ornare consequat lectus. In est risus, auctor sed, tristique in, tempus sit amet, sem.' is set on object 'Object Repository/Bill/Page_Create new bill  Bills  Firefly III/textarea_notes'

02-01-2024T11:34:10 - [TEST_STEP][PASSED] - isFileLimit = false: null

02-01-2024T11:34:10 - [TEST_STEP][PASSED] - if (attachments): File 'E:\school\software_testing\G1_Firefly_testing\Attachments File\Report_1MB.csv' sent to object: 'Object Repository/Create a new asset account/Page_Create a new asset account  Accounts  _ced620/upload file'

02-01-2024T11:34:10 - [TEST_STEP][PASSED] - absolutePath = normalize().toString(): null

02-01-2024T11:34:10 - [TEST_STEP][PASSED] - uploadFile(findTestObject("Create a new asset account/Page_Create a new asset account  Accounts  _ced620/upload file"), absolutePath): File 'E:\school\software_testing\G1_Firefly_testing\Attachments File\Report_1MB.csv' sent to object: 'Object Repository/Create a new asset account/Page_Create a new asset account  Accounts  _ced620/upload file'

02-01-2024T11:34:10 - [MESSAGE][PASSED] - File 'E:\school\software_testing\G1_Firefly_testing\Attachments File\Report_1MB.csv' sent to object: 'Object Repository/Create a new asset account/Page_Create a new asset account  Accounts  _ced620/upload file'

02-01-2024T11:34:10 - [TEST_STEP][PASSED] - if (attachments == "Attachments File/Report_65MB.csv"): null

02-01-2024T11:34:10 - [TEST_STEP][PASSED] - setText(findTestObject("Object Repository/Bill/Page_Create new bill  Bills  Firefly III/input_object_group"), group): Text 'Asoka' is set on object 'Object Repository/Bill/Page_Create new bill  Bills  Firefly III/input_object_group'

02-01-2024T11:34:11 - [MESSAGE][PASSED] - Text 'Asoka' is set on object 'Object Repository/Bill/Page_Create new bill  Bills  Firefly III/input_object_group'

02-01-2024T11:34:11 - [TEST_STEP][PASSED] - click(findTestObject("Object Repository/Bill/Page_Create new bill  Bills  Firefly III/button_Store new bill")): Object: 'Object Repository/Bill/Page_Create new bill  Bills  Firefly III/button_Store new bill' is clicked on

02-01-2024T11:34:12 - [MESSAGE][PASSED] - Object: 'Object Repository/Bill/Page_Create new bill  Bills  Firefly III/button_Store new bill' is clicked on

02-01-2024T11:34:12 - [TEST_STEP][FAILED] - try: Unable to verify object 'Object Repository/Shared_alert/text_dangers' is present (Root cause: com.kms.katalon.core.exception.StepFailedException: Unable to verify object 'Object Repository/Shared_alert/text_dangers' is present
	at com.kms.katalon.core.webui.keyword.internal.WebUIKeywordMain.stepFailed(WebUIKeywordMain.groovy:64)
	at com.kms.katalon.core.webui.keyword.internal.WebUIKeywordMain.runKeyword(WebUIKeywordMain.groovy:26)
	at com.kms.katalon.core.webui.keyword.builtin.VerifyElementPresentKeyword.verifyElementPresent(VerifyElementPresentKeyword.groovy:92)
	at com.kms.katalon.core.webui.keyword.builtin.VerifyElementPresentKeyword.execute(VerifyElementPresentKeyword.groovy:68)
	at com.kms.katalon.core.keyword.internal.KeywordExecutor.executeKeywordForPlatform(KeywordExecutor.groovy:74)
	at com.kms.katalon.core.webui.keyword.WebUiBuiltInKeywords.verifyElementPresent(WebUiBuiltInKeywords.groovy:1503)
	at Bill.run(Bill:71)
	at com.kms.katalon.core.main.ScriptEngine.run(ScriptEngine.java:194)
	at com.kms.katalon.core.main.ScriptEngine.runScriptAsRawText(ScriptEngine.java:119)
	at com.kms.katalon.core.main.TestCaseExecutor.runScript(TestCaseExecutor.java:448)
	at com.kms.katalon.core.main.TestCaseExecutor.doExecute(TestCaseExecutor.java:439)
	at com.kms.katalon.core.main.TestCaseExecutor.processExecutionPhase(TestCaseExecutor.java:418)
	at com.kms.katalon.core.main.TestCaseExecutor.accessMainPhase(TestCaseExecutor.java:410)
	at com.kms.katalon.core.main.TestCaseExecutor.execute(TestCaseExecutor.java:285)
	at com.kms.katalon.core.common.CommonExecutor.accessTestCaseMainPhase(CommonExecutor.java:65)
	at com.kms.katalon.core.main.TestSuiteExecutor.accessTestSuiteMainPhase(TestSuiteExecutor.java:148)
	at com.kms.katalon.core.main.TestSuiteExecutor.execute(TestSuiteExecutor.java:106)
	at com.kms.katalon.core.main.TestCaseMain.startTestSuite(TestCaseMain.java:180)
	at TempTestSuite1704170033761.run(TempTestSuite1704170033761.groovy:36)
	at java.base/jdk.internal.reflect.NativeMethodAccessorImpl.invoke0(Native Method)
	at java.base/jdk.internal.reflect.NativeMethodAccessorImpl.invoke(NativeMethodAccessorImpl.java:77)
	at java.base/jdk.internal.reflect.DelegatingMethodAccessorImpl.invoke(DelegatingMethodAccessorImpl.java:43)
Caused by: com.kms.katalon.core.exception.StepFailedException: com.kms.katalon.core.webui.exception.WebElementNotFoundException: Web element with id: 'Object Repository/Shared_alert/text_dangers' located by '.text-danger' not found
	at com.kms.katalon.core.webui.keyword.internal.WebUIKeywordMain.stepFailed(WebUIKeywordMain.groovy:64)
	at com.kms.katalon.core.webui.keyword.builtin.VerifyElementPresentKeyword$_verifyElementPresent_closure1.doCall(VerifyElementPresentKeyword.groovy:85)
	at com.kms.katalon.core.webui.keyword.builtin.VerifyElementPresentKeyword$_verifyElementPresent_closure1.call(VerifyElementPresentKeyword.groovy)
	at com.kms.katalon.core.webui.keyword.internal.WebUIKeywordMain.runKeyword(WebUIKeywordMain.groovy:20)
	... 20 more
)

02-01-2024T11:34:12 - [TEST_STEP][FAILED] - verifyElementPresent(findTestObject("Shared_alert/text_dangers"), 1): Unable to verify object 'Object Repository/Shared_alert/text_dangers' is present (Root cause: com.kms.katalon.core.exception.StepFailedException: Unable to verify object 'Object Repository/Shared_alert/text_dangers' is present
	at com.kms.katalon.core.webui.keyword.internal.WebUIKeywordMain.stepFailed(WebUIKeywordMain.groovy:64)
	at com.kms.katalon.core.webui.keyword.internal.WebUIKeywordMain.runKeyword(WebUIKeywordMain.groovy:26)
	at com.kms.katalon.core.webui.keyword.builtin.VerifyElementPresentKeyword.verifyElementPresent(VerifyElementPresentKeyword.groovy:92)
	at com.kms.katalon.core.webui.keyword.builtin.VerifyElementPresentKeyword.execute(VerifyElementPresentKeyword.groovy:68)
	at com.kms.katalon.core.keyword.internal.KeywordExecutor.executeKeywordForPlatform(KeywordExecutor.groovy:74)
	at com.kms.katalon.core.webui.keyword.WebUiBuiltInKeywords.verifyElementPresent(WebUiBuiltInKeywords.groovy:1503)
	at Bill.run(Bill:71)
	at com.kms.katalon.core.main.ScriptEngine.run(ScriptEngine.java:194)
	at com.kms.katalon.core.main.ScriptEngine.runScriptAsRawText(ScriptEngine.java:119)
	at com.kms.katalon.core.main.TestCaseExecutor.runScript(TestCaseExecutor.java:448)
	at com.kms.katalon.core.main.TestCaseExecutor.doExecute(TestCaseExecutor.java:439)
	at com.kms.katalon.core.main.TestCaseExecutor.processExecutionPhase(TestCaseExecutor.java:418)
	at com.kms.katalon.core.main.TestCaseExecutor.accessMainPhase(TestCaseExecutor.java:410)
	at com.kms.katalon.core.main.TestCaseExecutor.execute(TestCaseExecutor.java:285)
	at com.kms.katalon.core.common.CommonExecutor.accessTestCaseMainPhase(CommonExecutor.java:65)
	at com.kms.katalon.core.main.TestSuiteExecutor.accessTestSuiteMainPhase(TestSuiteExecutor.java:148)
	at com.kms.katalon.core.main.TestSuiteExecutor.execute(TestSuiteExecutor.java:106)
	at com.kms.katalon.core.main.TestCaseMain.startTestSuite(TestCaseMain.java:180)
	at TempTestSuite1704170033761.run(TempTestSuite1704170033761.groovy:36)
	at java.base/jdk.internal.reflect.NativeMethodAccessorImpl.invoke0(Native Method)
	at java.base/jdk.internal.reflect.NativeMethodAccessorImpl.invoke(NativeMethodAccessorImpl.java:77)
	at java.base/jdk.internal.reflect.DelegatingMethodAccessorImpl.invoke(DelegatingMethodAccessorImpl.java:43)
Caused by: com.kms.katalon.core.exception.StepFailedException: com.kms.katalon.core.webui.exception.WebElementNotFoundException: Web element with id: 'Object Repository/Shared_alert/text_dangers' located by '.text-danger' not found
	at com.kms.katalon.core.webui.keyword.internal.WebUIKeywordMain.stepFailed(WebUIKeywordMain.groovy:64)
	at com.kms.katalon.core.webui.keyword.builtin.VerifyElementPresentKeyword$_verifyElementPresent_closure1.doCall(VerifyElementPresentKeyword.groovy:85)
	at com.kms.katalon.core.webui.keyword.builtin.VerifyElementPresentKeyword$_verifyElementPresent_closure1.call(VerifyElementPresentKeyword.groovy)
	at com.kms.katalon.core.webui.keyword.internal.WebUIKeywordMain.runKeyword(WebUIKeywordMain.groovy:20)
	... 20 more
)

02-01-2024T11:34:15 - [MESSAGE][INFO] - Unable to find the element located by 'By.cssSelector: .text-danger'. Please recheck the objects properties to make sure the desired element is located. 

02-01-2024T11:34:15 - [MESSAGE][FAILED] - com.kms.katalon.core.webui.exception.WebElementNotFoundException: Web element with id: 'Object Repository/Shared_alert/text_dangers' located by '.text-danger' not found (Root cause: com.kms.katalon.core.exception.StepFailedException: com.kms.katalon.core.webui.exception.WebElementNotFoundException: Web element with id: 'Object Repository/Shared_alert/text_dangers' located by '.text-danger' not found
	at com.kms.katalon.core.webui.keyword.internal.WebUIKeywordMain.stepFailed(WebUIKeywordMain.groovy:64)
	at com.kms.katalon.core.webui.keyword.builtin.VerifyElementPresentKeyword$_verifyElementPresent_closure1.doCall(VerifyElementPresentKeyword.groovy:85)
	at com.kms.katalon.core.webui.keyword.builtin.VerifyElementPresentKeyword$_verifyElementPresent_closure1.call(VerifyElementPresentKeyword.groovy)
	at com.kms.katalon.core.webui.keyword.internal.WebUIKeywordMain.runKeyword(WebUIKeywordMain.groovy:20)
	at com.kms.katalon.core.webui.keyword.builtin.VerifyElementPresentKeyword.verifyElementPresent(VerifyElementPresentKeyword.groovy:92)
	at com.kms.katalon.core.webui.keyword.builtin.VerifyElementPresentKeyword.execute(VerifyElementPresentKeyword.groovy:68)
	at com.kms.katalon.core.keyword.internal.KeywordExecutor.executeKeywordForPlatform(KeywordExecutor.groovy:74)
	at com.kms.katalon.core.webui.keyword.WebUiBuiltInKeywords.verifyElementPresent(WebUiBuiltInKeywords.groovy:1503)
	at Bill.run(Bill:71)
	at com.kms.katalon.core.main.ScriptEngine.run(ScriptEngine.java:194)
	at com.kms.katalon.core.main.ScriptEngine.runScriptAsRawText(ScriptEngine.java:119)
	at com.kms.katalon.core.main.TestCaseExecutor.runScript(TestCaseExecutor.java:448)
	at com.kms.katalon.core.main.TestCaseExecutor.doExecute(TestCaseExecutor.java:439)
	at com.kms.katalon.core.main.TestCaseExecutor.processExecutionPhase(TestCaseExecutor.java:418)
	at com.kms.katalon.core.main.TestCaseExecutor.accessMainPhase(TestCaseExecutor.java:410)
	at com.kms.katalon.core.main.TestCaseExecutor.execute(TestCaseExecutor.java:285)
	at com.kms.katalon.core.common.CommonExecutor.accessTestCaseMainPhase(CommonExecutor.java:65)
	at com.kms.katalon.core.main.TestSuiteExecutor.accessTestSuiteMainPhase(TestSuiteExecutor.java:148)
	at com.kms.katalon.core.main.TestSuiteExecutor.execute(TestSuiteExecutor.java:106)
	at com.kms.katalon.core.main.TestCaseMain.startTestSuite(TestCaseMain.java:180)
	at TempTestSuite1704170033761.run(TempTestSuite1704170033761.groovy:36)
	at java.base/jdk.internal.reflect.NativeMethodAccessorImpl.invoke0(Native Method)
	at java.base/jdk.internal.reflect.NativeMethodAccessorImpl.invoke(NativeMethodAccessorImpl.java:77)
	at java.base/jdk.internal.reflect.DelegatingMethodAccessorImpl.invoke(DelegatingMethodAccessorImpl.java:43)
)
[[ATTACHMENT|E:\\school\\software_testing\\G1_Firefly_testing\\Reports\\20240102_113352\\Bill Suite\\20240102_113353\\1704170055202.png]]

02-01-2024T11:34:15 - [MESSAGE][FAILED] - Unable to verify object 'Object Repository/Shared_alert/text_dangers' is present (Root cause: com.kms.katalon.core.exception.StepFailedException: Unable to verify object 'Object Repository/Shared_alert/text_dangers' is present
	at com.kms.katalon.core.webui.keyword.internal.WebUIKeywordMain.stepFailed(WebUIKeywordMain.groovy:64)
	at com.kms.katalon.core.webui.keyword.internal.WebUIKeywordMain.runKeyword(WebUIKeywordMain.groovy:26)
	at com.kms.katalon.core.webui.keyword.builtin.VerifyElementPresentKeyword.verifyElementPresent(VerifyElementPresentKeyword.groovy:92)
	at com.kms.katalon.core.webui.keyword.builtin.VerifyElementPresentKeyword.execute(VerifyElementPresentKeyword.groovy:68)
	at com.kms.katalon.core.keyword.internal.KeywordExecutor.executeKeywordForPlatform(KeywordExecutor.groovy:74)
	at com.kms.katalon.core.webui.keyword.WebUiBuiltInKeywords.verifyElementPresent(WebUiBuiltInKeywords.groovy:1503)
	at Bill.run(Bill:71)
	at com.kms.katalon.core.main.ScriptEngine.run(ScriptEngine.java:194)
	at com.kms.katalon.core.main.ScriptEngine.runScriptAsRawText(ScriptEngine.java:119)
	at com.kms.katalon.core.main.TestCaseExecutor.runScript(TestCaseExecutor.java:448)
	at com.kms.katalon.core.main.TestCaseExecutor.doExecute(TestCaseExecutor.java:439)
	at com.kms.katalon.core.main.TestCaseExecutor.processExecutionPhase(TestCaseExecutor.java:418)
	at com.kms.katalon.core.main.TestCaseExecutor.accessMainPhase(TestCaseExecutor.java:410)
	at com.kms.katalon.core.main.TestCaseExecutor.execute(TestCaseExecutor.java:285)
	at com.kms.katalon.core.common.CommonExecutor.accessTestCaseMainPhase(CommonExecutor.java:65)
	at com.kms.katalon.core.main.TestSuiteExecutor.accessTestSuiteMainPhase(TestSuiteExecutor.java:148)
	at com.kms.katalon.core.main.TestSuiteExecutor.execute(TestSuiteExecutor.java:106)
	at com.kms.katalon.core.main.TestCaseMain.startTestSuite(TestCaseMain.java:180)
	at TempTestSuite1704170033761.run(TempTestSuite1704170033761.groovy:36)
	at java.base/jdk.internal.reflect.NativeMethodAccessorImpl.invoke0(Native Method)
	at java.base/jdk.internal.reflect.NativeMethodAccessorImpl.invoke(NativeMethodAccessorImpl.java:77)
	at java.base/jdk.internal.reflect.DelegatingMethodAccessorImpl.invoke(DelegatingMethodAccessorImpl.java:43)
Caused by: com.kms.katalon.core.exception.StepFailedException: com.kms.katalon.core.webui.exception.WebElementNotFoundException: Web element with id: 'Object Repository/Shared_alert/text_dangers' located by '.text-danger' not found
	at com.kms.katalon.core.webui.keyword.internal.WebUIKeywordMain.stepFailed(WebUIKeywordMain.groovy:64)
	at com.kms.katalon.core.webui.keyword.builtin.VerifyElementPresentKeyword$_verifyElementPresent_closure1.doCall(VerifyElementPresentKeyword.groovy:85)
	at com.kms.katalon.core.webui.keyword.builtin.VerifyElementPresentKeyword$_verifyElementPresent_closure1.call(VerifyElementPresentKeyword.groovy)
	at com.kms.katalon.core.webui.keyword.internal.WebUIKeywordMain.runKeyword(WebUIKeywordMain.groovy:20)
	... 20 more
)
[[ATTACHMENT|E:\\school\\software_testing\\G1_Firefly_testing\\Reports\\20240102_113352\\Bill Suite\\20240102_113353\\1704170055321.png]]

02-01-2024T11:34:15 - [TEST_STEP][PASSED] - catch (Exception err): null

02-01-2024T11:34:15 - [TEST_STEP][PASSED] - assert verifyElementPresent(findTestObject("Shared_alert/success_alert_budget"), 1) == true: Object 'Object Repository/Shared_alert/success_alert_budget' is present

02-01-2024T11:34:15 - [MESSAGE][PASSED] - Object 'Object Repository/Shared_alert/success_alert_budget' is present

02-01-2024T11:34:15 - [TEST_STEP][PASSED] - out.println("success"): null

02-01-2024T11:34:15 - [TEST_STEP][PASSED] - if (max_amount != "" && min_amount != ""): null

02-01-2024T11:34:15 - [TEST_STEP][PASSED] - assert Float.parseFloat(max_amount) >= Float.parseFloat(min_amount): null

02-01-2024T11:34:15 - [TEST_STEP][PASSED] - closeBrowser(): Browser is closed

02-01-2024T11:34:15 - [MESSAGE][PASSED] - Browser is closed]]></system-out>
         <system-err><![CDATA[]]></system-err>
      </testcase>
      <testcase name="Test Cases/Bill" time="14.478" classname="Test Cases/Bill" status="FAILED">
         <failure type="FAILED" message="Test Cases/Bill FAILED.&#xa;Reason:&#xa;Assertion failed: &#xa;&#xa;assert isFileLimit==true&#xa;       |          |&#xa;       false      false&#xa;&#xa;	at Bill.run(Bill:61)&#xa;	at com.kms.katalon.core.main.ScriptEngine.run(ScriptEngine.java:194)&#xa;	at com.kms.katalon.core.main.ScriptEngine.runScriptAsRawText(ScriptEngine.java:119)&#xa;	at com.kms.katalon.core.main.TestCaseExecutor.runScript(TestCaseExecutor.java:448)&#xa;	at com.kms.katalon.core.main.TestCaseExecutor.doExecute(TestCaseExecutor.java:439)&#xa;	at com.kms.katalon.core.main.TestCaseExecutor.processExecutionPhase(TestCaseExecutor.java:418)&#xa;	at com.kms.katalon.core.main.TestCaseExecutor.accessMainPhase(TestCaseExecutor.java:410)&#xa;	at com.kms.katalon.core.main.TestCaseExecutor.execute(TestCaseExecutor.java:285)&#xa;	at com.kms.katalon.core.common.CommonExecutor.accessTestCaseMainPhase(CommonExecutor.java:65)&#xa;	at com.kms.katalon.core.main.TestSuiteExecutor.accessTestSuiteMainPhase(TestSuiteExecutor.java:148)&#xa;	at com.kms.katalon.core.main.TestSuiteExecutor.execute(TestSuiteExecutor.java:106)&#xa;	at com.kms.katalon.core.main.TestCaseMain.startTestSuite(TestCaseMain.java:180)&#xa;	at TempTestSuite1704170033761.run(TempTestSuite1704170033761.groovy:36)&#xa;	at java.base/jdk.internal.reflect.NativeMethodAccessorImpl.invoke0(Native Method)&#xa;	at java.base/jdk.internal.reflect.NativeMethodAccessorImpl.invoke(NativeMethodAccessorImpl.java:77)&#xa;	at java.base/jdk.internal.reflect.DelegatingMethodAccessorImpl.invoke(DelegatingMethodAccessorImpl.java:43)&#xa;"/>
         <system-out><![CDATA[02-01-2024T11:34:16 - [TEST_CASE][FAILED] - Test Cases/Bill: Test Cases/Bill FAILED.
Reason:
Assertion failed: 

assert isFileLimit==true
       |          |
       false      false

	at Bill.run(Bill:61)
	at com.kms.katalon.core.main.ScriptEngine.run(ScriptEngine.java:194)
	at com.kms.katalon.core.main.ScriptEngine.runScriptAsRawText(ScriptEngine.java:119)
	at com.kms.katalon.core.main.TestCaseExecutor.runScript(TestCaseExecutor.java:448)
	at com.kms.katalon.core.main.TestCaseExecutor.doExecute(TestCaseExecutor.java:439)
	at com.kms.katalon.core.main.TestCaseExecutor.processExecutionPhase(TestCaseExecutor.java:418)
	at com.kms.katalon.core.main.TestCaseExecutor.accessMainPhase(TestCaseExecutor.java:410)
	at com.kms.katalon.core.main.TestCaseExecutor.execute(TestCaseExecutor.java:285)
	at com.kms.katalon.core.common.CommonExecutor.accessTestCaseMainPhase(CommonExecutor.java:65)
	at com.kms.katalon.core.main.TestSuiteExecutor.accessTestSuiteMainPhase(TestSuiteExecutor.java:148)
	at com.kms.katalon.core.main.TestSuiteExecutor.execute(TestSuiteExecutor.java:106)
	at com.kms.katalon.core.main.TestCaseMain.startTestSuite(TestCaseMain.java:180)
	at TempTestSuite1704170033761.run(TempTestSuite1704170033761.groovy:36)
	at java.base/jdk.internal.reflect.NativeMethodAccessorImpl.invoke0(Native Method)
	at java.base/jdk.internal.reflect.NativeMethodAccessorImpl.invoke(NativeMethodAccessorImpl.java:77)
	at java.base/jdk.internal.reflect.DelegatingMethodAccessorImpl.invoke(DelegatingMethodAccessorImpl.java:43)


02-01-2024T11:34:16 - [TEST_STEP][PASSED] - openBrowser(""): Browser is opened with url: ''

02-01-2024T11:34:16 - [MESSAGE][INFO] - Starting 'Chrome' driver

02-01-2024T11:34:16 - [MESSAGE][INFO] - Action delay is set to 0 milliseconds

02-01-2024T11:34:16 - [MESSAGE][PASSED] - Browser is opened with url: ''

02-01-2024T11:34:16 - [TEST_STEP][PASSED] - navigateToUrl("https://firefly.buudadawg.online/login"): Navigate to 'https://firefly.buudadawg.online/login' successfully

02-01-2024T11:34:17 - [MESSAGE][PASSED] - Navigate to 'https://firefly.buudadawg.online/login' successfully

02-01-2024T11:34:17 - [TEST_STEP][PASSED] - setText(findTestObject("Object Repository/Bill/Page_Login to Firefly III/input_email"), "khoacraphotograph@gmail.com"): Text 'khoacraphotograph@gmail.com' is set on object 'Object Repository/Bill/Page_Login to Firefly III/input_email'

02-01-2024T11:34:18 - [MESSAGE][PASSED] - Text 'khoacraphotograph@gmail.com' is set on object 'Object Repository/Bill/Page_Login to Firefly III/input_email'

02-01-2024T11:34:18 - [TEST_STEP][PASSED] - setEncryptedText(findTestObject("Object Repository/Bill/Page_Login to Firefly III/input_password"), "krbqsEPTyj+/ySZvycc2bfHXjZyOJWOA"): Text ****** has been set on object 'Object Repository/Bill/Page_Login to Firefly III/input_password'

02-01-2024T11:34:18 - [MESSAGE][PASSED] - Text ****** has been set on object 'Object Repository/Bill/Page_Login to Firefly III/input_password'

02-01-2024T11:34:18 - [TEST_STEP][PASSED] - click(findTestObject("Object Repository/Bill/Page_Login to Firefly III/button_Sign in")): Object: 'Object Repository/Bill/Page_Login to Firefly III/button_Sign in' is clicked on

02-01-2024T11:34:19 - [MESSAGE][PASSED] - Object: 'Object Repository/Bill/Page_Login to Firefly III/button_Sign in' is clicked on

02-01-2024T11:34:19 - [TEST_STEP][PASSED] - click(findTestObject("Object Repository/Bill/Page_Whats playing  Firefly III/a_Bills")): Object: 'Object Repository/Bill/Page_Whats playing  Firefly III/a_Bills' is clicked on

02-01-2024T11:34:21 - [MESSAGE][PASSED] - Object: 'Object Repository/Bill/Page_Whats playing  Firefly III/a_Bills' is clicked on

02-01-2024T11:34:21 - [TEST_STEP][PASSED] - click(findTestObject("Object Repository/Bill/Page_Bills  Firefly III/a_Create new bill")): Object: 'Object Repository/Bill/Page_Bills  Firefly III/a_Create new bill' is clicked on

02-01-2024T11:34:22 - [MESSAGE][PASSED] - Object: 'Object Repository/Bill/Page_Bills  Firefly III/a_Create new bill' is clicked on

02-01-2024T11:34:22 - [TEST_STEP][PASSED] - setText(findTestObject("Object Repository/Bill/Page_Create new bill  Bills  Firefly III/input_name"), name): Text 'I2312-74:&8-bgv6'' is set on object 'Object Repository/Bill/Page_Create new bill  Bills  Firefly III/input_name'

02-01-2024T11:34:23 - [MESSAGE][PASSED] - Text 'I2312-74:&8-bgv6'' is set on object 'Object Repository/Bill/Page_Create new bill  Bills  Firefly III/input_name'

02-01-2024T11:34:23 - [TEST_STEP][PASSED] - setText(findTestObject("Object Repository/Bill/Page_Create new bill  Bills  Firefly III/input_amount_min"), min_amount): Text '6526' is set on object 'Object Repository/Bill/Page_Create new bill  Bills  Firefly III/input_amount_min'

02-01-2024T11:34:23 - [MESSAGE][PASSED] - Text '6526' is set on object 'Object Repository/Bill/Page_Create new bill  Bills  Firefly III/input_amount_min'

02-01-2024T11:34:23 - [TEST_STEP][PASSED] - setText(findTestObject("Object Repository/Bill/Page_Create new bill  Bills  Firefly III/input_amount_max"), max_amount): Text '64012' is set on object 'Object Repository/Bill/Page_Create new bill  Bills  Firefly III/input_amount_max'

02-01-2024T11:34:24 - [MESSAGE][PASSED] - Text '64012' is set on object 'Object Repository/Bill/Page_Create new bill  Bills  Firefly III/input_amount_max'

02-01-2024T11:34:24 - [TEST_STEP][PASSED] - setText(findTestObject("Bill/Page_Create new bill  Bills  Firefly III/input_date"), date): Text '06/30/2023' is set on object 'Object Repository/Bill/Page_Create new bill  Bills  Firefly III/input_date'

02-01-2024T11:34:24 - [MESSAGE][PASSED] - Text '06/30/2023' is set on object 'Object Repository/Bill/Page_Create new bill  Bills  Firefly III/input_date'

02-01-2024T11:34:24 - [TEST_STEP][PASSED] - selectOptionByLabel(findTestObject("Object Repository/Bill/Page_Create new bill  Bills  Firefly III/select_dailyweeklymonthlyquarterlyevery hal_79c7c6"), repeats, true): All options with label 'yearly' are selected in object 'Object Repository/Bill/Page_Create new bill  Bills  Firefly III/select_dailyweeklymonthlyquarterlyevery hal_79c7c6'  using regular expression

02-01-2024T11:34:25 - [MESSAGE][PASSED] - All options with label 'yearly' are selected in object 'Object Repository/Bill/Page_Create new bill  Bills  Firefly III/select_dailyweeklymonthlyquarterlyevery hal_79c7c6'  using regular expression

02-01-2024T11:34:25 - [TEST_STEP][PASSED] - setText(findTestObject("Object Repository/Bill/Page_Create new bill  Bills  Firefly III/input_skip"), skip): Text '22' is set on object 'Object Repository/Bill/Page_Create new bill  Bills  Firefly III/input_skip'

02-01-2024T11:34:26 - [MESSAGE][PASSED] - Text '22' is set on object 'Object Repository/Bill/Page_Create new bill  Bills  Firefly III/input_skip'

02-01-2024T11:34:26 - [TEST_STEP][PASSED] - setText(findTestObject("Bill/Page_Create new bill  Bills  Firefly III/input_end_date"), end_date): Text '01/20/2023' is set on object 'Object Repository/Bill/Page_Create new bill  Bills  Firefly III/input_end_date'

02-01-2024T11:34:26 - [MESSAGE][PASSED] - Text '01/20/2023' is set on object 'Object Repository/Bill/Page_Create new bill  Bills  Firefly III/input_end_date'

02-01-2024T11:34:26 - [TEST_STEP][PASSED] - setText(findTestObject("Bill/Page_Create new bill  Bills  Firefly III/input_extension_date"), extension_date): Text '11/18/2023' is set on object 'Object Repository/Bill/Page_Create new bill  Bills  Firefly III/input_extension_date'

02-01-2024T11:34:27 - [MESSAGE][PASSED] - Text '11/18/2023' is set on object 'Object Repository/Bill/Page_Create new bill  Bills  Firefly III/input_extension_date'

02-01-2024T11:34:27 - [TEST_STEP][PASSED] - setText(findTestObject("Object Repository/Bill/Page_Create new bill  Bills  Firefly III/textarea_notes"), notes): Text 'Integer a nibh. In quis justo. Maecenas rhoncus aliquam lacus. Morbi quis tortor id nulla ultrices aliquet. Maecenas leo odio, condimentum id, luctus nec, molestie sed, justo. Pellentesque viverra pede ac diam. Cras pellentesque volutpat dui. Maecenas tristique, est et tempus semper, est quam pharetra magna, ac consequat metus sapien ut nunc. Vestibulum ante ipsum primis in faucibus orci luctus et ultrices posuere cubilia Curae; Mauris viverra diam vitae quam. Suspendisse potenti. Nullam porttitor lacus at turpis. Donec posuere metus vitae ipsum. Aliquam non mauris. Morbi non lectus. Aliquam sit amet diam in magna bibendum imperdiet. Nullam orci pede, venenatis non, sodales sed, tincidunt eu, felis. Fusce posuere felis sed lacus. Morbi sem mauris, laoreet ut, rhoncus aliquet, pulvinar sed, nisl. Nunc rhoncus dui vel sem. Sed sagittis. Nam congue, risus semper porta volutpat, quam pede lobortis ligula, sit amet eleifend pede libero quis orci. Nullam molestie nibh in lectus. Pellentesque at nulla. Suspendisse potenti. Cras in purus eu magna vulputate luctus. Cum sociis natoque penatibus et magnis dis parturient montes, nascetur ridiculus mus. Vivamus vestibulum sagittis sapien. Cum sociis natoque penatibus et magnis dis parturient montes, nascetur ridiculus mus. Etiam vel augue. Vestibulum rutrum rutrum neque. Aenean auctor gravida sem. Praesent id massa id nisl venenatis lacinia. Aenean sit amet justo. Morbi ut odio. Cras mi pede, malesuada in, imperdiet et, commodo vulputate, justo. In blandit ultrices enim. Lorem ipsum dolor sit amet, consectetuer adipiscing elit. Proin interdum mauris non ligula pellentesque ultrices. Phasellus id sapien in sapien iaculis congue. Vivamus metus arcu, adipiscing molestie, hendrerit at, vulputate vitae, nisl. Aenean lectus. Pellentesque eget nunc. Donec quis orci eget orci vehicula condimentum. Curabitur in libero ut massa volutpat convallis. Morbi odio odio, elementum eu, interdum eu, tincidunt in, leo. Maecenas pulvinar lobortis est. Phasellus sit amet erat. Nulla tempus. Vivamus in felis eu sapien cursus vestibulum. Proin eu mi. Nulla ac enim. In tempor, turpis nec euismod scelerisque, quam turpis adipiscing lorem, vitae mattis nibh ligula nec sem. Duis aliquam convallis nunc. Proin at turpis a pede posuere nonummy. Integer non velit. Donec diam neque, vestibulum eget, vulputate ut, ultrices vel, augue. Vestibulum ante ipsum primis in faucibus orci luctus et ultrices posuere cubilia Curae; Donec pharetra, magna vestibulum aliquet ultrices, erat tortor sollicitudin mi, sit amet lobortis sapien sapien non mi. Integer ac neque. Duis bibendum. Morbi non quam nec dui luctus rutrum. Nulla tellus. In sagittis dui vel nisl. Duis ac nibh. Fusce lacus purus, aliquet at, feugiat non, pretium quis, lectus. Suspendisse potenti. In eleifend quam a odio. In hac habitasse platea dictumst. Maecenas ut massa quis augue luctus tincidunt. Nulla mollis molestie lorem. Quisque ut erat. Curabitur gravida nisi at nibh. In hac habitasse platea dictumst. Aliquam augue quam, sollicitudin vitae, consectetuer eget, rutrum at, lorem. Integer tincidunt ante vel ipsum. Praesent blandit lacinia erat.' is set on object 'Object Repository/Bill/Page_Create new bill  Bills  Firefly III/textarea_notes'

02-01-2024T11:34:30 - [MESSAGE][PASSED] - Text 'Integer a nibh. In quis justo. Maecenas rhoncus aliquam lacus. Morbi quis tortor id nulla ultrices aliquet. Maecenas leo odio, condimentum id, luctus nec, molestie sed, justo. Pellentesque viverra pede ac diam. Cras pellentesque volutpat dui. Maecenas tristique, est et tempus semper, est quam pharetra magna, ac consequat metus sapien ut nunc. Vestibulum ante ipsum primis in faucibus orci luctus et ultrices posuere cubilia Curae; Mauris viverra diam vitae quam. Suspendisse potenti. Nullam porttitor lacus at turpis. Donec posuere metus vitae ipsum. Aliquam non mauris. Morbi non lectus. Aliquam sit amet diam in magna bibendum imperdiet. Nullam orci pede, venenatis non, sodales sed, tincidunt eu, felis. Fusce posuere felis sed lacus. Morbi sem mauris, laoreet ut, rhoncus aliquet, pulvinar sed, nisl. Nunc rhoncus dui vel sem. Sed sagittis. Nam congue, risus semper porta volutpat, quam pede lobortis ligula, sit amet eleifend pede libero quis orci. Nullam molestie nibh in lectus. Pellentesque at nulla. Suspendisse potenti. Cras in purus eu magna vulputate luctus. Cum sociis natoque penatibus et magnis dis parturient montes, nascetur ridiculus mus. Vivamus vestibulum sagittis sapien. Cum sociis natoque penatibus et magnis dis parturient montes, nascetur ridiculus mus. Etiam vel augue. Vestibulum rutrum rutrum neque. Aenean auctor gravida sem. Praesent id massa id nisl venenatis lacinia. Aenean sit amet justo. Morbi ut odio. Cras mi pede, malesuada in, imperdiet et, commodo vulputate, justo. In blandit ultrices enim. Lorem ipsum dolor sit amet, consectetuer adipiscing elit. Proin interdum mauris non ligula pellentesque ultrices. Phasellus id sapien in sapien iaculis congue. Vivamus metus arcu, adipiscing molestie, hendrerit at, vulputate vitae, nisl. Aenean lectus. Pellentesque eget nunc. Donec quis orci eget orci vehicula condimentum. Curabitur in libero ut massa volutpat convallis. Morbi odio odio, elementum eu, interdum eu, tincidunt in, leo. Maecenas pulvinar lobortis est. Phasellus sit amet erat. Nulla tempus. Vivamus in felis eu sapien cursus vestibulum. Proin eu mi. Nulla ac enim. In tempor, turpis nec euismod scelerisque, quam turpis adipiscing lorem, vitae mattis nibh ligula nec sem. Duis aliquam convallis nunc. Proin at turpis a pede posuere nonummy. Integer non velit. Donec diam neque, vestibulum eget, vulputate ut, ultrices vel, augue. Vestibulum ante ipsum primis in faucibus orci luctus et ultrices posuere cubilia Curae; Donec pharetra, magna vestibulum aliquet ultrices, erat tortor sollicitudin mi, sit amet lobortis sapien sapien non mi. Integer ac neque. Duis bibendum. Morbi non quam nec dui luctus rutrum. Nulla tellus. In sagittis dui vel nisl. Duis ac nibh. Fusce lacus purus, aliquet at, feugiat non, pretium quis, lectus. Suspendisse potenti. In eleifend quam a odio. In hac habitasse platea dictumst. Maecenas ut massa quis augue luctus tincidunt. Nulla mollis molestie lorem. Quisque ut erat. Curabitur gravida nisi at nibh. In hac habitasse platea dictumst. Aliquam augue quam, sollicitudin vitae, consectetuer eget, rutrum at, lorem. Integer tincidunt ante vel ipsum. Praesent blandit lacinia erat.' is set on object 'Object Repository/Bill/Page_Create new bill  Bills  Firefly III/textarea_notes'

02-01-2024T11:34:30 - [TEST_STEP][PASSED] - isFileLimit = false: null

02-01-2024T11:34:30 - [TEST_STEP][PASSED] - if (attachments): File 'E:\school\software_testing\G1_Firefly_testing\Attachments File\Report_65MB.csv' sent to object: 'Object Repository/Create a new asset account/Page_Create a new asset account  Accounts  _ced620/upload file'

02-01-2024T11:34:30 - [TEST_STEP][PASSED] - absolutePath = normalize().toString(): null

02-01-2024T11:34:30 - [TEST_STEP][PASSED] - uploadFile(findTestObject("Create a new asset account/Page_Create a new asset account  Accounts  _ced620/upload file"), absolutePath): File 'E:\school\software_testing\G1_Firefly_testing\Attachments File\Report_65MB.csv' sent to object: 'Object Repository/Create a new asset account/Page_Create a new asset account  Accounts  _ced620/upload file'

02-01-2024T11:34:30 - [MESSAGE][PASSED] - File 'E:\school\software_testing\G1_Firefly_testing\Attachments File\Report_65MB.csv' sent to object: 'Object Repository/Create a new asset account/Page_Create a new asset account  Accounts  _ced620/upload file'

02-01-2024T11:34:30 - [TEST_STEP][FAILED] - if (attachments == "Attachments File/Report_65MB.csv"): Test Cases/Bill FAILED.
Reason:
Assertion failed: 

assert isFileLimit==true
       |          |
       false      false

	at Bill.run(Bill:61)
	at com.kms.katalon.core.main.ScriptEngine.run(ScriptEngine.java:194)
	at com.kms.katalon.core.main.ScriptEngine.runScriptAsRawText(ScriptEngine.java:119)
	at com.kms.katalon.core.main.TestCaseExecutor.runScript(TestCaseExecutor.java:448)
	at com.kms.katalon.core.main.TestCaseExecutor.doExecute(TestCaseExecutor.java:439)
	at com.kms.katalon.core.main.TestCaseExecutor.processExecutionPhase(TestCaseExecutor.java:418)
	at com.kms.katalon.core.main.TestCaseExecutor.accessMainPhase(TestCaseExecutor.java:410)
	at com.kms.katalon.core.main.TestCaseExecutor.execute(TestCaseExecutor.java:285)
	at com.kms.katalon.core.common.CommonExecutor.accessTestCaseMainPhase(CommonExecutor.java:65)
	at com.kms.katalon.core.main.TestSuiteExecutor.accessTestSuiteMainPhase(TestSuiteExecutor.java:148)
	at com.kms.katalon.core.main.TestSuiteExecutor.execute(TestSuiteExecutor.java:106)
	at com.kms.katalon.core.main.TestCaseMain.startTestSuite(TestCaseMain.java:180)
	at TempTestSuite1704170033761.run(TempTestSuite1704170033761.groovy:36)
	at java.base/jdk.internal.reflect.NativeMethodAccessorImpl.invoke0(Native Method)
	at java.base/jdk.internal.reflect.NativeMethodAccessorImpl.invoke(NativeMethodAccessorImpl.java:77)
	at java.base/jdk.internal.reflect.DelegatingMethodAccessorImpl.invoke(DelegatingMethodAccessorImpl.java:43)


02-01-2024T11:34:30 - [TEST_STEP][FAILED] - assert isFileLimit == true: Test Cases/Bill FAILED.
Reason:
Assertion failed: 

assert isFileLimit==true
       |          |
       false      false

	at Bill.run(Bill:61)
	at com.kms.katalon.core.main.ScriptEngine.run(ScriptEngine.java:194)
	at com.kms.katalon.core.main.ScriptEngine.runScriptAsRawText(ScriptEngine.java:119)
	at com.kms.katalon.core.main.TestCaseExecutor.runScript(TestCaseExecutor.java:448)
	at com.kms.katalon.core.main.TestCaseExecutor.doExecute(TestCaseExecutor.java:439)
	at com.kms.katalon.core.main.TestCaseExecutor.processExecutionPhase(TestCaseExecutor.java:418)
	at com.kms.katalon.core.main.TestCaseExecutor.accessMainPhase(TestCaseExecutor.java:410)
	at com.kms.katalon.core.main.TestCaseExecutor.execute(TestCaseExecutor.java:285)
	at com.kms.katalon.core.common.CommonExecutor.accessTestCaseMainPhase(CommonExecutor.java:65)
	at com.kms.katalon.core.main.TestSuiteExecutor.accessTestSuiteMainPhase(TestSuiteExecutor.java:148)
	at com.kms.katalon.core.main.TestSuiteExecutor.execute(TestSuiteExecutor.java:106)
	at com.kms.katalon.core.main.TestCaseMain.startTestSuite(TestCaseMain.java:180)
	at TempTestSuite1704170033761.run(TempTestSuite1704170033761.groovy:36)
	at java.base/jdk.internal.reflect.NativeMethodAccessorImpl.invoke0(Native Method)
	at java.base/jdk.internal.reflect.NativeMethodAccessorImpl.invoke(NativeMethodAccessorImpl.java:77)
	at java.base/jdk.internal.reflect.DelegatingMethodAccessorImpl.invoke(DelegatingMethodAccessorImpl.java:43)


02-01-2024T11:34:30 - [MESSAGE][FAILED] - Test Cases/Bill FAILED.
Reason:
Assertion failed: 

assert isFileLimit==true
       |          |
       false      false

	at Bill.run(Bill:61)
	at com.kms.katalon.core.main.ScriptEngine.run(ScriptEngine.java:194)
	at com.kms.katalon.core.main.ScriptEngine.runScriptAsRawText(ScriptEngine.java:119)
	at com.kms.katalon.core.main.TestCaseExecutor.runScript(TestCaseExecutor.java:448)
	at com.kms.katalon.core.main.TestCaseExecutor.doExecute(TestCaseExecutor.java:439)
	at com.kms.katalon.core.main.TestCaseExecutor.processExecutionPhase(TestCaseExecutor.java:418)
	at com.kms.katalon.core.main.TestCaseExecutor.accessMainPhase(TestCaseExecutor.java:410)
	at com.kms.katalon.core.main.TestCaseExecutor.execute(TestCaseExecutor.java:285)
	at com.kms.katalon.core.common.CommonExecutor.accessTestCaseMainPhase(CommonExecutor.java:65)
	at com.kms.katalon.core.main.TestSuiteExecutor.accessTestSuiteMainPhase(TestSuiteExecutor.java:148)
	at com.kms.katalon.core.main.TestSuiteExecutor.execute(TestSuiteExecutor.java:106)
	at com.kms.katalon.core.main.TestCaseMain.startTestSuite(TestCaseMain.java:180)
	at TempTestSuite1704170033761.run(TempTestSuite1704170033761.groovy:36)
	at java.base/jdk.internal.reflect.NativeMethodAccessorImpl.invoke0(Native Method)
	at java.base/jdk.internal.reflect.NativeMethodAccessorImpl.invoke(NativeMethodAccessorImpl.java:77)
	at java.base/jdk.internal.reflect.DelegatingMethodAccessorImpl.invoke(DelegatingMethodAccessorImpl.java:43)]]></system-out>
         <system-err><![CDATA[02-01-2024T11:34:16 - [TEST_CASE][FAILED] - Test Cases/Bill: Test Cases/Bill FAILED.
Reason:
Assertion failed: 

assert isFileLimit==true
       |          |
       false      false

	at Bill.run(Bill:61)
	at com.kms.katalon.core.main.ScriptEngine.run(ScriptEngine.java:194)
	at com.kms.katalon.core.main.ScriptEngine.runScriptAsRawText(ScriptEngine.java:119)
	at com.kms.katalon.core.main.TestCaseExecutor.runScript(TestCaseExecutor.java:448)
	at com.kms.katalon.core.main.TestCaseExecutor.doExecute(TestCaseExecutor.java:439)
	at com.kms.katalon.core.main.TestCaseExecutor.processExecutionPhase(TestCaseExecutor.java:418)
	at com.kms.katalon.core.main.TestCaseExecutor.accessMainPhase(TestCaseExecutor.java:410)
	at com.kms.katalon.core.main.TestCaseExecutor.execute(TestCaseExecutor.java:285)
	at com.kms.katalon.core.common.CommonExecutor.accessTestCaseMainPhase(CommonExecutor.java:65)
	at com.kms.katalon.core.main.TestSuiteExecutor.accessTestSuiteMainPhase(TestSuiteExecutor.java:148)
	at com.kms.katalon.core.main.TestSuiteExecutor.execute(TestSuiteExecutor.java:106)
	at com.kms.katalon.core.main.TestCaseMain.startTestSuite(TestCaseMain.java:180)
	at TempTestSuite1704170033761.run(TempTestSuite1704170033761.groovy:36)
	at java.base/jdk.internal.reflect.NativeMethodAccessorImpl.invoke0(Native Method)
	at java.base/jdk.internal.reflect.NativeMethodAccessorImpl.invoke(NativeMethodAccessorImpl.java:77)
	at java.base/jdk.internal.reflect.DelegatingMethodAccessorImpl.invoke(DelegatingMethodAccessorImpl.java:43)]]></system-err>
      </testcase>
      <testcase name="Test Cases/Bill" time="15.364" classname="Test Cases/Bill" status="PASSED">
         <system-out><![CDATA[02-01-2024T11:34:30 - [TEST_CASE][PASSED] - Test Cases/Bill: Test Cases/Bill

02-01-2024T11:34:30 - [TEST_STEP][PASSED] - openBrowser(""): Browser is opened with url: ''

02-01-2024T11:34:30 - [MESSAGE][WARNING] - A browser is already opened. Closing browser and opening a new one

02-01-2024T11:34:30 - [MESSAGE][INFO] - Starting 'Chrome' driver

02-01-2024T11:34:30 - [MESSAGE][INFO] - Action delay is set to 0 milliseconds

02-01-2024T11:34:31 - [MESSAGE][PASSED] - Browser is opened with url: ''

02-01-2024T11:34:31 - [TEST_STEP][PASSED] - navigateToUrl("https://firefly.buudadawg.online/login"): Navigate to 'https://firefly.buudadawg.online/login' successfully

02-01-2024T11:34:32 - [MESSAGE][PASSED] - Navigate to 'https://firefly.buudadawg.online/login' successfully

02-01-2024T11:34:32 - [TEST_STEP][PASSED] - setText(findTestObject("Object Repository/Bill/Page_Login to Firefly III/input_email"), "khoacraphotograph@gmail.com"): Text 'khoacraphotograph@gmail.com' is set on object 'Object Repository/Bill/Page_Login to Firefly III/input_email'

02-01-2024T11:34:33 - [MESSAGE][PASSED] - Text 'khoacraphotograph@gmail.com' is set on object 'Object Repository/Bill/Page_Login to Firefly III/input_email'

02-01-2024T11:34:33 - [TEST_STEP][PASSED] - setEncryptedText(findTestObject("Object Repository/Bill/Page_Login to Firefly III/input_password"), "krbqsEPTyj+/ySZvycc2bfHXjZyOJWOA"): Text ****** has been set on object 'Object Repository/Bill/Page_Login to Firefly III/input_password'

02-01-2024T11:34:33 - [MESSAGE][PASSED] - Text ****** has been set on object 'Object Repository/Bill/Page_Login to Firefly III/input_password'

02-01-2024T11:34:33 - [TEST_STEP][PASSED] - click(findTestObject("Object Repository/Bill/Page_Login to Firefly III/button_Sign in")): Object: 'Object Repository/Bill/Page_Login to Firefly III/button_Sign in' is clicked on

02-01-2024T11:34:34 - [MESSAGE][PASSED] - Object: 'Object Repository/Bill/Page_Login to Firefly III/button_Sign in' is clicked on

02-01-2024T11:34:34 - [TEST_STEP][PASSED] - click(findTestObject("Object Repository/Bill/Page_Whats playing  Firefly III/a_Bills")): Object: 'Object Repository/Bill/Page_Whats playing  Firefly III/a_Bills' is clicked on

02-01-2024T11:34:35 - [MESSAGE][PASSED] - Object: 'Object Repository/Bill/Page_Whats playing  Firefly III/a_Bills' is clicked on

02-01-2024T11:34:35 - [TEST_STEP][PASSED] - click(findTestObject("Object Repository/Bill/Page_Bills  Firefly III/a_Create new bill")): Object: 'Object Repository/Bill/Page_Bills  Firefly III/a_Create new bill' is clicked on

02-01-2024T11:34:36 - [MESSAGE][PASSED] - Object: 'Object Repository/Bill/Page_Bills  Firefly III/a_Create new bill' is clicked on

02-01-2024T11:34:36 - [TEST_STEP][PASSED] - setText(findTestObject("Object Repository/Bill/Page_Create new bill  Bills  Firefly III/input_name"), name): Text 'L2312-89:&0-xdo6'' is set on object 'Object Repository/Bill/Page_Create new bill  Bills  Firefly III/input_name'

02-01-2024T11:34:37 - [MESSAGE][PASSED] - Text 'L2312-89:&0-xdo6'' is set on object 'Object Repository/Bill/Page_Create new bill  Bills  Firefly III/input_name'

02-01-2024T11:34:37 - [TEST_STEP][PASSED] - setText(findTestObject("Object Repository/Bill/Page_Create new bill  Bills  Firefly III/input_amount_min"), min_amount): Text '' is set on object 'Object Repository/Bill/Page_Create new bill  Bills  Firefly III/input_amount_min'

02-01-2024T11:34:37 - [MESSAGE][PASSED] - Text '' is set on object 'Object Repository/Bill/Page_Create new bill  Bills  Firefly III/input_amount_min'

02-01-2024T11:34:37 - [TEST_STEP][PASSED] - setText(findTestObject("Object Repository/Bill/Page_Create new bill  Bills  Firefly III/input_amount_max"), max_amount): Text '40835' is set on object 'Object Repository/Bill/Page_Create new bill  Bills  Firefly III/input_amount_max'

02-01-2024T11:34:38 - [MESSAGE][PASSED] - Text '40835' is set on object 'Object Repository/Bill/Page_Create new bill  Bills  Firefly III/input_amount_max'

02-01-2024T11:34:38 - [TEST_STEP][PASSED] - setText(findTestObject("Bill/Page_Create new bill  Bills  Firefly III/input_date"), date): Text '06/02/2023' is set on object 'Object Repository/Bill/Page_Create new bill  Bills  Firefly III/input_date'

02-01-2024T11:34:39 - [MESSAGE][PASSED] - Text '06/02/2023' is set on object 'Object Repository/Bill/Page_Create new bill  Bills  Firefly III/input_date'

02-01-2024T11:34:39 - [TEST_STEP][PASSED] - selectOptionByLabel(findTestObject("Object Repository/Bill/Page_Create new bill  Bills  Firefly III/select_dailyweeklymonthlyquarterlyevery hal_79c7c6"), repeats, true): All options with label 'weekly' are selected in object 'Object Repository/Bill/Page_Create new bill  Bills  Firefly III/select_dailyweeklymonthlyquarterlyevery hal_79c7c6'  using regular expression

02-01-2024T11:34:39 - [MESSAGE][PASSED] - All options with label 'weekly' are selected in object 'Object Repository/Bill/Page_Create new bill  Bills  Firefly III/select_dailyweeklymonthlyquarterlyevery hal_79c7c6'  using regular expression

02-01-2024T11:34:39 - [TEST_STEP][PASSED] - setText(findTestObject("Object Repository/Bill/Page_Create new bill  Bills  Firefly III/input_skip"), skip): Text '14' is set on object 'Object Repository/Bill/Page_Create new bill  Bills  Firefly III/input_skip'

02-01-2024T11:34:40 - [MESSAGE][PASSED] - Text '14' is set on object 'Object Repository/Bill/Page_Create new bill  Bills  Firefly III/input_skip'

02-01-2024T11:34:40 - [TEST_STEP][PASSED] - setText(findTestObject("Bill/Page_Create new bill  Bills  Firefly III/input_end_date"), end_date): Text '08/06/2023' is set on object 'Object Repository/Bill/Page_Create new bill  Bills  Firefly III/input_end_date'

02-01-2024T11:34:41 - [MESSAGE][PASSED] - Text '08/06/2023' is set on object 'Object Repository/Bill/Page_Create new bill  Bills  Firefly III/input_end_date'

02-01-2024T11:34:41 - [TEST_STEP][PASSED] - setText(findTestObject("Bill/Page_Create new bill  Bills  Firefly III/input_extension_date"), extension_date): Text '11/06/2023' is set on object 'Object Repository/Bill/Page_Create new bill  Bills  Firefly III/input_extension_date'

02-01-2024T11:34:41 - [MESSAGE][PASSED] - Text '11/06/2023' is set on object 'Object Repository/Bill/Page_Create new bill  Bills  Firefly III/input_extension_date'

02-01-2024T11:34:41 - [TEST_STEP][PASSED] - setText(findTestObject("Object Repository/Bill/Page_Create new bill  Bills  Firefly III/textarea_notes"), notes): Text 'Vestibulum quam sapien, varius ut, blandit non, interdum in, ante. Vestibulum ante ipsum primis in faucibus orci luctus et ultrices posuere cubilia Curae; Duis faucibus accumsan odio. Curabitur convallis. Duis consequat dui nec nisi volutpat eleifend. Donec ut dolor. Morbi vel lectus in quam fringilla rhoncus. Mauris enim leo, rhoncus sed, vestibulum sit amet, cursus id, turpis. Integer aliquet, massa id lobortis convallis, tortor risus dapibus augue, vel accumsan tellus nisi eu orci.' is set on object 'Object Repository/Bill/Page_Create new bill  Bills  Firefly III/textarea_notes'

02-01-2024T11:34:42 - [MESSAGE][PASSED] - Text 'Vestibulum quam sapien, varius ut, blandit non, interdum in, ante. Vestibulum ante ipsum primis in faucibus orci luctus et ultrices posuere cubilia Curae; Duis faucibus accumsan odio. Curabitur convallis. Duis consequat dui nec nisi volutpat eleifend. Donec ut dolor. Morbi vel lectus in quam fringilla rhoncus. Mauris enim leo, rhoncus sed, vestibulum sit amet, cursus id, turpis. Integer aliquet, massa id lobortis convallis, tortor risus dapibus augue, vel accumsan tellus nisi eu orci.' is set on object 'Object Repository/Bill/Page_Create new bill  Bills  Firefly III/textarea_notes'

02-01-2024T11:34:42 - [TEST_STEP][PASSED] - isFileLimit = false: null

02-01-2024T11:34:42 - [TEST_STEP][PASSED] - if (attachments): File 'E:\school\software_testing\G1_Firefly_testing\Attachments File\Report_1MB.csv' sent to object: 'Object Repository/Create a new asset account/Page_Create a new asset account  Accounts  _ced620/upload file'

02-01-2024T11:34:42 - [TEST_STEP][PASSED] - absolutePath = normalize().toString(): null

02-01-2024T11:34:42 - [TEST_STEP][PASSED] - uploadFile(findTestObject("Create a new asset account/Page_Create a new asset account  Accounts  _ced620/upload file"), absolutePath): File 'E:\school\software_testing\G1_Firefly_testing\Attachments File\Report_1MB.csv' sent to object: 'Object Repository/Create a new asset account/Page_Create a new asset account  Accounts  _ced620/upload file'

02-01-2024T11:34:42 - [MESSAGE][PASSED] - File 'E:\school\software_testing\G1_Firefly_testing\Attachments File\Report_1MB.csv' sent to object: 'Object Repository/Create a new asset account/Page_Create a new asset account  Accounts  _ced620/upload file'

02-01-2024T11:34:42 - [TEST_STEP][PASSED] - if (attachments == "Attachments File/Report_65MB.csv"): null

02-01-2024T11:34:42 - [TEST_STEP][PASSED] - setText(findTestObject("Object Repository/Bill/Page_Create new bill  Bills  Firefly III/input_object_group"), group): Text 'Zathin' is set on object 'Object Repository/Bill/Page_Create new bill  Bills  Firefly III/input_object_group'

02-01-2024T11:34:43 - [MESSAGE][PASSED] - Text 'Zathin' is set on object 'Object Repository/Bill/Page_Create new bill  Bills  Firefly III/input_object_group'

02-01-2024T11:34:43 - [TEST_STEP][PASSED] - click(findTestObject("Object Repository/Bill/Page_Create new bill  Bills  Firefly III/button_Store new bill")): Object: 'Object Repository/Bill/Page_Create new bill  Bills  Firefly III/button_Store new bill' is clicked on

02-01-2024T11:34:44 - [MESSAGE][PASSED] - Object: 'Object Repository/Bill/Page_Create new bill  Bills  Firefly III/button_Store new bill' is clicked on

02-01-2024T11:34:44 - [TEST_STEP][PASSED] - try: null

02-01-2024T11:34:44 - [TEST_STEP][PASSED] - verifyElementPresent(findTestObject("Shared_alert/text_dangers"), 1): Object 'Object Repository/Shared_alert/text_dangers' is present

02-01-2024T11:34:45 - [MESSAGE][PASSED] - Object 'Object Repository/Shared_alert/text_dangers' is present

02-01-2024T11:34:45 - [TEST_STEP][PASSED] - verifyElementNotPresent(findTestObject("Object Repository/Shared_alert/success_alert_bill"), 1): Web element with id: 'Object Repository/Shared_alert/success_alert_bill' located by 'By.cssSelector: #app > div.content-wrapper > section.content > div.alert.alert-success.alert-dismissible' is not present after '1' second(s)

02-01-2024T11:34:45 - [MESSAGE][PASSED] - Web element with id: 'Object Repository/Shared_alert/success_alert_bill' located by 'By.cssSelector: #app > div.content-wrapper > section.content > div.alert.alert-success.alert-dismissible' is not present after '1' second(s)

02-01-2024T11:34:45 - [TEST_STEP][PASSED] - out.println("text danger"): null

02-01-2024T11:34:45 - [TEST_STEP][PASSED] - if (max_amount != "" && min_amount != ""): null

02-01-2024T11:34:45 - [TEST_STEP][PASSED] - closeBrowser(): Browser is closed

02-01-2024T11:34:45 - [MESSAGE][PASSED] - Browser is closed]]></system-out>
         <system-err><![CDATA[]]></system-err>
      </testcase>
      <testcase name="Test Cases/Bill" time="17.362" classname="Test Cases/Bill" status="PASSED">
         <system-out><![CDATA[02-01-2024T11:34:46 - [TEST_CASE][PASSED] - Test Cases/Bill: Test Cases/Bill

02-01-2024T11:34:46 - [TEST_STEP][PASSED] - openBrowser(""): Browser is opened with url: ''

02-01-2024T11:34:46 - [MESSAGE][INFO] - Starting 'Chrome' driver

02-01-2024T11:34:46 - [MESSAGE][INFO] - Action delay is set to 0 milliseconds

02-01-2024T11:34:46 - [MESSAGE][PASSED] - Browser is opened with url: ''

02-01-2024T11:34:46 - [TEST_STEP][PASSED] - navigateToUrl("https://firefly.buudadawg.online/login"): Navigate to 'https://firefly.buudadawg.online/login' successfully

02-01-2024T11:34:47 - [MESSAGE][PASSED] - Navigate to 'https://firefly.buudadawg.online/login' successfully

02-01-2024T11:34:47 - [TEST_STEP][PASSED] - setText(findTestObject("Object Repository/Bill/Page_Login to Firefly III/input_email"), "khoacraphotograph@gmail.com"): Text 'khoacraphotograph@gmail.com' is set on object 'Object Repository/Bill/Page_Login to Firefly III/input_email'

02-01-2024T11:34:48 - [MESSAGE][PASSED] - Text 'khoacraphotograph@gmail.com' is set on object 'Object Repository/Bill/Page_Login to Firefly III/input_email'

02-01-2024T11:34:48 - [TEST_STEP][PASSED] - setEncryptedText(findTestObject("Object Repository/Bill/Page_Login to Firefly III/input_password"), "krbqsEPTyj+/ySZvycc2bfHXjZyOJWOA"): Text ****** has been set on object 'Object Repository/Bill/Page_Login to Firefly III/input_password'

02-01-2024T11:34:48 - [MESSAGE][PASSED] - Text ****** has been set on object 'Object Repository/Bill/Page_Login to Firefly III/input_password'

02-01-2024T11:34:48 - [TEST_STEP][PASSED] - click(findTestObject("Object Repository/Bill/Page_Login to Firefly III/button_Sign in")): Object: 'Object Repository/Bill/Page_Login to Firefly III/button_Sign in' is clicked on

02-01-2024T11:34:49 - [MESSAGE][PASSED] - Object: 'Object Repository/Bill/Page_Login to Firefly III/button_Sign in' is clicked on

02-01-2024T11:34:49 - [TEST_STEP][PASSED] - click(findTestObject("Object Repository/Bill/Page_Whats playing  Firefly III/a_Bills")): Object: 'Object Repository/Bill/Page_Whats playing  Firefly III/a_Bills' is clicked on

02-01-2024T11:34:50 - [MESSAGE][PASSED] - Object: 'Object Repository/Bill/Page_Whats playing  Firefly III/a_Bills' is clicked on

02-01-2024T11:34:50 - [TEST_STEP][PASSED] - click(findTestObject("Object Repository/Bill/Page_Bills  Firefly III/a_Create new bill")): Object: 'Object Repository/Bill/Page_Bills  Firefly III/a_Create new bill' is clicked on

02-01-2024T11:34:51 - [MESSAGE][PASSED] - Object: 'Object Repository/Bill/Page_Bills  Firefly III/a_Create new bill' is clicked on

02-01-2024T11:34:51 - [TEST_STEP][PASSED] - setText(findTestObject("Object Repository/Bill/Page_Create new bill  Bills  Firefly III/input_name"), name): Text 'E2312-07:&1-dwrX'' is set on object 'Object Repository/Bill/Page_Create new bill  Bills  Firefly III/input_name'

02-01-2024T11:34:52 - [MESSAGE][PASSED] - Text 'E2312-07:&1-dwrX'' is set on object 'Object Repository/Bill/Page_Create new bill  Bills  Firefly III/input_name'

02-01-2024T11:34:52 - [TEST_STEP][PASSED] - setText(findTestObject("Object Repository/Bill/Page_Create new bill  Bills  Firefly III/input_amount_min"), min_amount): Text '64027' is set on object 'Object Repository/Bill/Page_Create new bill  Bills  Firefly III/input_amount_min'

02-01-2024T11:34:53 - [MESSAGE][PASSED] - Text '64027' is set on object 'Object Repository/Bill/Page_Create new bill  Bills  Firefly III/input_amount_min'

02-01-2024T11:34:53 - [TEST_STEP][PASSED] - setText(findTestObject("Object Repository/Bill/Page_Create new bill  Bills  Firefly III/input_amount_max"), max_amount): Text '99737' is set on object 'Object Repository/Bill/Page_Create new bill  Bills  Firefly III/input_amount_max'

02-01-2024T11:34:53 - [MESSAGE][PASSED] - Text '99737' is set on object 'Object Repository/Bill/Page_Create new bill  Bills  Firefly III/input_amount_max'

02-01-2024T11:34:53 - [TEST_STEP][PASSED] - setText(findTestObject("Bill/Page_Create new bill  Bills  Firefly III/input_date"), date): Text '02/07/2023' is set on object 'Object Repository/Bill/Page_Create new bill  Bills  Firefly III/input_date'

02-01-2024T11:34:54 - [MESSAGE][PASSED] - Text '02/07/2023' is set on object 'Object Repository/Bill/Page_Create new bill  Bills  Firefly III/input_date'

02-01-2024T11:34:54 - [TEST_STEP][PASSED] - selectOptionByLabel(findTestObject("Object Repository/Bill/Page_Create new bill  Bills  Firefly III/select_dailyweeklymonthlyquarterlyevery hal_79c7c6"), repeats, true): All options with label 'quarterly' are selected in object 'Object Repository/Bill/Page_Create new bill  Bills  Firefly III/select_dailyweeklymonthlyquarterlyevery hal_79c7c6'  using regular expression

02-01-2024T11:34:55 - [MESSAGE][PASSED] - All options with label 'quarterly' are selected in object 'Object Repository/Bill/Page_Create new bill  Bills  Firefly III/select_dailyweeklymonthlyquarterlyevery hal_79c7c6'  using regular expression

02-01-2024T11:34:55 - [TEST_STEP][PASSED] - setText(findTestObject("Object Repository/Bill/Page_Create new bill  Bills  Firefly III/input_skip"), skip): Text '9' is set on object 'Object Repository/Bill/Page_Create new bill  Bills  Firefly III/input_skip'

02-01-2024T11:34:55 - [MESSAGE][PASSED] - Text '9' is set on object 'Object Repository/Bill/Page_Create new bill  Bills  Firefly III/input_skip'

02-01-2024T11:34:55 - [TEST_STEP][PASSED] - setText(findTestObject("Bill/Page_Create new bill  Bills  Firefly III/input_end_date"), end_date): Text '08/27/2023' is set on object 'Object Repository/Bill/Page_Create new bill  Bills  Firefly III/input_end_date'

02-01-2024T11:34:56 - [MESSAGE][PASSED] - Text '08/27/2023' is set on object 'Object Repository/Bill/Page_Create new bill  Bills  Firefly III/input_end_date'

02-01-2024T11:34:56 - [TEST_STEP][PASSED] - setText(findTestObject("Bill/Page_Create new bill  Bills  Firefly III/input_extension_date"), extension_date): Text '02/20/2023' is set on object 'Object Repository/Bill/Page_Create new bill  Bills  Firefly III/input_extension_date'

02-01-2024T11:34:56 - [MESSAGE][PASSED] - Text '02/20/2023' is set on object 'Object Repository/Bill/Page_Create new bill  Bills  Firefly III/input_extension_date'

02-01-2024T11:34:56 - [TEST_STEP][PASSED] - setText(findTestObject("Object Repository/Bill/Page_Create new bill  Bills  Firefly III/textarea_notes"), notes): Text 'Morbi ut odio. Cras mi pede, malesuada in, imperdiet et, commodo vulputate, justo. In blandit ultrices enim. Lorem ipsum dolor sit amet, consectetuer adipiscing elit. Proin interdum mauris non ligula pellentesque ultrices. Phasellus id sapien in sapien iaculis congue. Vivamus metus arcu, adipiscing molestie, hendrerit at, vulputate vitae, nisl. Aenean lectus. Pellentesque eget nunc. Donec quis orci eget orci vehicula condimentum. Curabitur in libero ut massa volutpat convallis. Morbi odio odio, elementum eu, interdum eu, tincidunt in, leo. Maecenas pulvinar lobortis est. Phasellus sit amet erat. Nulla tempus. Vivamus in felis eu sapien cursus vestibulum. Proin eu mi. Nulla ac enim. In tempor, turpis nec euismod scelerisque, quam turpis adipiscing lorem, vitae mattis nibh ligula nec sem. Duis aliquam convallis nunc. Proin at turpis a pede posuere nonummy. Integer non velit. Donec diam neque, vestibulum eget, vulputate ut, ultrices vel, augue. Vestibulum ante ipsum primis in faucibus orci luctus et ultrices posuere cubilia Curae; Donec pharetra, magna vestibulum aliquet ultrices, erat tortor sollicitudin mi, sit amet lobortis sapien sapien non mi. Integer ac neque.' is set on object 'Object Repository/Bill/Page_Create new bill  Bills  Firefly III/textarea_notes'

02-01-2024T11:34:58 - [MESSAGE][PASSED] - Text 'Morbi ut odio. Cras mi pede, malesuada in, imperdiet et, commodo vulputate, justo. In blandit ultrices enim. Lorem ipsum dolor sit amet, consectetuer adipiscing elit. Proin interdum mauris non ligula pellentesque ultrices. Phasellus id sapien in sapien iaculis congue. Vivamus metus arcu, adipiscing molestie, hendrerit at, vulputate vitae, nisl. Aenean lectus. Pellentesque eget nunc. Donec quis orci eget orci vehicula condimentum. Curabitur in libero ut massa volutpat convallis. Morbi odio odio, elementum eu, interdum eu, tincidunt in, leo. Maecenas pulvinar lobortis est. Phasellus sit amet erat. Nulla tempus. Vivamus in felis eu sapien cursus vestibulum. Proin eu mi. Nulla ac enim. In tempor, turpis nec euismod scelerisque, quam turpis adipiscing lorem, vitae mattis nibh ligula nec sem. Duis aliquam convallis nunc. Proin at turpis a pede posuere nonummy. Integer non velit. Donec diam neque, vestibulum eget, vulputate ut, ultrices vel, augue. Vestibulum ante ipsum primis in faucibus orci luctus et ultrices posuere cubilia Curae; Donec pharetra, magna vestibulum aliquet ultrices, erat tortor sollicitudin mi, sit amet lobortis sapien sapien non mi. Integer ac neque.' is set on object 'Object Repository/Bill/Page_Create new bill  Bills  Firefly III/textarea_notes'

02-01-2024T11:34:58 - [TEST_STEP][PASSED] - isFileLimit = false: null

02-01-2024T11:34:58 - [TEST_STEP][PASSED] - if (attachments): File 'E:\school\software_testing\G1_Firefly_testing\Attachments File\Report_1MB.csv' sent to object: 'Object Repository/Create a new asset account/Page_Create a new asset account  Accounts  _ced620/upload file'

02-01-2024T11:34:58 - [TEST_STEP][PASSED] - absolutePath = normalize().toString(): null

02-01-2024T11:34:58 - [TEST_STEP][PASSED] - uploadFile(findTestObject("Create a new asset account/Page_Create a new asset account  Accounts  _ced620/upload file"), absolutePath): File 'E:\school\software_testing\G1_Firefly_testing\Attachments File\Report_1MB.csv' sent to object: 'Object Repository/Create a new asset account/Page_Create a new asset account  Accounts  _ced620/upload file'

02-01-2024T11:34:58 - [MESSAGE][PASSED] - File 'E:\school\software_testing\G1_Firefly_testing\Attachments File\Report_1MB.csv' sent to object: 'Object Repository/Create a new asset account/Page_Create a new asset account  Accounts  _ced620/upload file'

02-01-2024T11:34:58 - [TEST_STEP][PASSED] - if (attachments == "Attachments File/Report_65MB.csv"): null

02-01-2024T11:34:58 - [TEST_STEP][PASSED] - setText(findTestObject("Object Repository/Bill/Page_Create new bill  Bills  Firefly III/input_object_group"), group): Text 'Zontrax' is set on object 'Object Repository/Bill/Page_Create new bill  Bills  Firefly III/input_object_group'

02-01-2024T11:34:59 - [MESSAGE][PASSED] - Text 'Zontrax' is set on object 'Object Repository/Bill/Page_Create new bill  Bills  Firefly III/input_object_group'

02-01-2024T11:34:59 - [TEST_STEP][PASSED] - click(findTestObject("Object Repository/Bill/Page_Create new bill  Bills  Firefly III/button_Store new bill")): Object: 'Object Repository/Bill/Page_Create new bill  Bills  Firefly III/button_Store new bill' is clicked on

02-01-2024T11:35:00 - [MESSAGE][PASSED] - Object: 'Object Repository/Bill/Page_Create new bill  Bills  Firefly III/button_Store new bill' is clicked on

02-01-2024T11:35:00 - [TEST_STEP][FAILED] - try: Unable to verify object 'Object Repository/Shared_alert/text_dangers' is present (Root cause: com.kms.katalon.core.exception.StepFailedException: Unable to verify object 'Object Repository/Shared_alert/text_dangers' is present
	at com.kms.katalon.core.webui.keyword.internal.WebUIKeywordMain.stepFailed(WebUIKeywordMain.groovy:64)
	at com.kms.katalon.core.webui.keyword.internal.WebUIKeywordMain.runKeyword(WebUIKeywordMain.groovy:26)
	at com.kms.katalon.core.webui.keyword.builtin.VerifyElementPresentKeyword.verifyElementPresent(VerifyElementPresentKeyword.groovy:92)
	at com.kms.katalon.core.webui.keyword.builtin.VerifyElementPresentKeyword.execute(VerifyElementPresentKeyword.groovy:68)
	at com.kms.katalon.core.keyword.internal.KeywordExecutor.executeKeywordForPlatform(KeywordExecutor.groovy:74)
	at com.kms.katalon.core.webui.keyword.WebUiBuiltInKeywords.verifyElementPresent(WebUiBuiltInKeywords.groovy:1503)
	at Bill.run(Bill:71)
	at com.kms.katalon.core.main.ScriptEngine.run(ScriptEngine.java:194)
	at com.kms.katalon.core.main.ScriptEngine.runScriptAsRawText(ScriptEngine.java:119)
	at com.kms.katalon.core.main.TestCaseExecutor.runScript(TestCaseExecutor.java:448)
	at com.kms.katalon.core.main.TestCaseExecutor.doExecute(TestCaseExecutor.java:439)
	at com.kms.katalon.core.main.TestCaseExecutor.processExecutionPhase(TestCaseExecutor.java:418)
	at com.kms.katalon.core.main.TestCaseExecutor.accessMainPhase(TestCaseExecutor.java:410)
	at com.kms.katalon.core.main.TestCaseExecutor.execute(TestCaseExecutor.java:285)
	at com.kms.katalon.core.common.CommonExecutor.accessTestCaseMainPhase(CommonExecutor.java:65)
	at com.kms.katalon.core.main.TestSuiteExecutor.accessTestSuiteMainPhase(TestSuiteExecutor.java:148)
	at com.kms.katalon.core.main.TestSuiteExecutor.execute(TestSuiteExecutor.java:106)
	at com.kms.katalon.core.main.TestCaseMain.startTestSuite(TestCaseMain.java:180)
	at TempTestSuite1704170033761.run(TempTestSuite1704170033761.groovy:36)
	at java.base/jdk.internal.reflect.NativeMethodAccessorImpl.invoke0(Native Method)
	at java.base/jdk.internal.reflect.NativeMethodAccessorImpl.invoke(NativeMethodAccessorImpl.java:77)
	at java.base/jdk.internal.reflect.DelegatingMethodAccessorImpl.invoke(DelegatingMethodAccessorImpl.java:43)
Caused by: com.kms.katalon.core.exception.StepFailedException: com.kms.katalon.core.webui.exception.WebElementNotFoundException: Web element with id: 'Object Repository/Shared_alert/text_dangers' located by '.text-danger' not found
	at com.kms.katalon.core.webui.keyword.internal.WebUIKeywordMain.stepFailed(WebUIKeywordMain.groovy:64)
	at com.kms.katalon.core.webui.keyword.builtin.VerifyElementPresentKeyword$_verifyElementPresent_closure1.doCall(VerifyElementPresentKeyword.groovy:85)
	at com.kms.katalon.core.webui.keyword.builtin.VerifyElementPresentKeyword$_verifyElementPresent_closure1.call(VerifyElementPresentKeyword.groovy)
	at com.kms.katalon.core.webui.keyword.internal.WebUIKeywordMain.runKeyword(WebUIKeywordMain.groovy:20)
	... 20 more
)

02-01-2024T11:35:00 - [TEST_STEP][FAILED] - verifyElementPresent(findTestObject("Shared_alert/text_dangers"), 1): Unable to verify object 'Object Repository/Shared_alert/text_dangers' is present (Root cause: com.kms.katalon.core.exception.StepFailedException: Unable to verify object 'Object Repository/Shared_alert/text_dangers' is present
	at com.kms.katalon.core.webui.keyword.internal.WebUIKeywordMain.stepFailed(WebUIKeywordMain.groovy:64)
	at com.kms.katalon.core.webui.keyword.internal.WebUIKeywordMain.runKeyword(WebUIKeywordMain.groovy:26)
	at com.kms.katalon.core.webui.keyword.builtin.VerifyElementPresentKeyword.verifyElementPresent(VerifyElementPresentKeyword.groovy:92)
	at com.kms.katalon.core.webui.keyword.builtin.VerifyElementPresentKeyword.execute(VerifyElementPresentKeyword.groovy:68)
	at com.kms.katalon.core.keyword.internal.KeywordExecutor.executeKeywordForPlatform(KeywordExecutor.groovy:74)
	at com.kms.katalon.core.webui.keyword.WebUiBuiltInKeywords.verifyElementPresent(WebUiBuiltInKeywords.groovy:1503)
	at Bill.run(Bill:71)
	at com.kms.katalon.core.main.ScriptEngine.run(ScriptEngine.java:194)
	at com.kms.katalon.core.main.ScriptEngine.runScriptAsRawText(ScriptEngine.java:119)
	at com.kms.katalon.core.main.TestCaseExecutor.runScript(TestCaseExecutor.java:448)
	at com.kms.katalon.core.main.TestCaseExecutor.doExecute(TestCaseExecutor.java:439)
	at com.kms.katalon.core.main.TestCaseExecutor.processExecutionPhase(TestCaseExecutor.java:418)
	at com.kms.katalon.core.main.TestCaseExecutor.accessMainPhase(TestCaseExecutor.java:410)
	at com.kms.katalon.core.main.TestCaseExecutor.execute(TestCaseExecutor.java:285)
	at com.kms.katalon.core.common.CommonExecutor.accessTestCaseMainPhase(CommonExecutor.java:65)
	at com.kms.katalon.core.main.TestSuiteExecutor.accessTestSuiteMainPhase(TestSuiteExecutor.java:148)
	at com.kms.katalon.core.main.TestSuiteExecutor.execute(TestSuiteExecutor.java:106)
	at com.kms.katalon.core.main.TestCaseMain.startTestSuite(TestCaseMain.java:180)
	at TempTestSuite1704170033761.run(TempTestSuite1704170033761.groovy:36)
	at java.base/jdk.internal.reflect.NativeMethodAccessorImpl.invoke0(Native Method)
	at java.base/jdk.internal.reflect.NativeMethodAccessorImpl.invoke(NativeMethodAccessorImpl.java:77)
	at java.base/jdk.internal.reflect.DelegatingMethodAccessorImpl.invoke(DelegatingMethodAccessorImpl.java:43)
Caused by: com.kms.katalon.core.exception.StepFailedException: com.kms.katalon.core.webui.exception.WebElementNotFoundException: Web element with id: 'Object Repository/Shared_alert/text_dangers' located by '.text-danger' not found
	at com.kms.katalon.core.webui.keyword.internal.WebUIKeywordMain.stepFailed(WebUIKeywordMain.groovy:64)
	at com.kms.katalon.core.webui.keyword.builtin.VerifyElementPresentKeyword$_verifyElementPresent_closure1.doCall(VerifyElementPresentKeyword.groovy:85)
	at com.kms.katalon.core.webui.keyword.builtin.VerifyElementPresentKeyword$_verifyElementPresent_closure1.call(VerifyElementPresentKeyword.groovy)
	at com.kms.katalon.core.webui.keyword.internal.WebUIKeywordMain.runKeyword(WebUIKeywordMain.groovy:20)
	... 20 more
)

02-01-2024T11:35:02 - [MESSAGE][INFO] - Unable to find the element located by 'By.cssSelector: .text-danger'. Please recheck the objects properties to make sure the desired element is located. 

02-01-2024T11:35:02 - [MESSAGE][FAILED] - com.kms.katalon.core.webui.exception.WebElementNotFoundException: Web element with id: 'Object Repository/Shared_alert/text_dangers' located by '.text-danger' not found (Root cause: com.kms.katalon.core.exception.StepFailedException: com.kms.katalon.core.webui.exception.WebElementNotFoundException: Web element with id: 'Object Repository/Shared_alert/text_dangers' located by '.text-danger' not found
	at com.kms.katalon.core.webui.keyword.internal.WebUIKeywordMain.stepFailed(WebUIKeywordMain.groovy:64)
	at com.kms.katalon.core.webui.keyword.builtin.VerifyElementPresentKeyword$_verifyElementPresent_closure1.doCall(VerifyElementPresentKeyword.groovy:85)
	at com.kms.katalon.core.webui.keyword.builtin.VerifyElementPresentKeyword$_verifyElementPresent_closure1.call(VerifyElementPresentKeyword.groovy)
	at com.kms.katalon.core.webui.keyword.internal.WebUIKeywordMain.runKeyword(WebUIKeywordMain.groovy:20)
	at com.kms.katalon.core.webui.keyword.builtin.VerifyElementPresentKeyword.verifyElementPresent(VerifyElementPresentKeyword.groovy:92)
	at com.kms.katalon.core.webui.keyword.builtin.VerifyElementPresentKeyword.execute(VerifyElementPresentKeyword.groovy:68)
	at com.kms.katalon.core.keyword.internal.KeywordExecutor.executeKeywordForPlatform(KeywordExecutor.groovy:74)
	at com.kms.katalon.core.webui.keyword.WebUiBuiltInKeywords.verifyElementPresent(WebUiBuiltInKeywords.groovy:1503)
	at Bill.run(Bill:71)
	at com.kms.katalon.core.main.ScriptEngine.run(ScriptEngine.java:194)
	at com.kms.katalon.core.main.ScriptEngine.runScriptAsRawText(ScriptEngine.java:119)
	at com.kms.katalon.core.main.TestCaseExecutor.runScript(TestCaseExecutor.java:448)
	at com.kms.katalon.core.main.TestCaseExecutor.doExecute(TestCaseExecutor.java:439)
	at com.kms.katalon.core.main.TestCaseExecutor.processExecutionPhase(TestCaseExecutor.java:418)
	at com.kms.katalon.core.main.TestCaseExecutor.accessMainPhase(TestCaseExecutor.java:410)
	at com.kms.katalon.core.main.TestCaseExecutor.execute(TestCaseExecutor.java:285)
	at com.kms.katalon.core.common.CommonExecutor.accessTestCaseMainPhase(CommonExecutor.java:65)
	at com.kms.katalon.core.main.TestSuiteExecutor.accessTestSuiteMainPhase(TestSuiteExecutor.java:148)
	at com.kms.katalon.core.main.TestSuiteExecutor.execute(TestSuiteExecutor.java:106)
	at com.kms.katalon.core.main.TestCaseMain.startTestSuite(TestCaseMain.java:180)
	at TempTestSuite1704170033761.run(TempTestSuite1704170033761.groovy:36)
	at java.base/jdk.internal.reflect.NativeMethodAccessorImpl.invoke0(Native Method)
	at java.base/jdk.internal.reflect.NativeMethodAccessorImpl.invoke(NativeMethodAccessorImpl.java:77)
	at java.base/jdk.internal.reflect.DelegatingMethodAccessorImpl.invoke(DelegatingMethodAccessorImpl.java:43)
)
[[ATTACHMENT|E:\\school\\software_testing\\G1_Firefly_testing\\Reports\\20240102_113352\\Bill Suite\\20240102_113353\\1704170102753.png]]

02-01-2024T11:35:02 - [MESSAGE][FAILED] - Unable to verify object 'Object Repository/Shared_alert/text_dangers' is present (Root cause: com.kms.katalon.core.exception.StepFailedException: Unable to verify object 'Object Repository/Shared_alert/text_dangers' is present
	at com.kms.katalon.core.webui.keyword.internal.WebUIKeywordMain.stepFailed(WebUIKeywordMain.groovy:64)
	at com.kms.katalon.core.webui.keyword.internal.WebUIKeywordMain.runKeyword(WebUIKeywordMain.groovy:26)
	at com.kms.katalon.core.webui.keyword.builtin.VerifyElementPresentKeyword.verifyElementPresent(VerifyElementPresentKeyword.groovy:92)
	at com.kms.katalon.core.webui.keyword.builtin.VerifyElementPresentKeyword.execute(VerifyElementPresentKeyword.groovy:68)
	at com.kms.katalon.core.keyword.internal.KeywordExecutor.executeKeywordForPlatform(KeywordExecutor.groovy:74)
	at com.kms.katalon.core.webui.keyword.WebUiBuiltInKeywords.verifyElementPresent(WebUiBuiltInKeywords.groovy:1503)
	at Bill.run(Bill:71)
	at com.kms.katalon.core.main.ScriptEngine.run(ScriptEngine.java:194)
	at com.kms.katalon.core.main.ScriptEngine.runScriptAsRawText(ScriptEngine.java:119)
	at com.kms.katalon.core.main.TestCaseExecutor.runScript(TestCaseExecutor.java:448)
	at com.kms.katalon.core.main.TestCaseExecutor.doExecute(TestCaseExecutor.java:439)
	at com.kms.katalon.core.main.TestCaseExecutor.processExecutionPhase(TestCaseExecutor.java:418)
	at com.kms.katalon.core.main.TestCaseExecutor.accessMainPhase(TestCaseExecutor.java:410)
	at com.kms.katalon.core.main.TestCaseExecutor.execute(TestCaseExecutor.java:285)
	at com.kms.katalon.core.common.CommonExecutor.accessTestCaseMainPhase(CommonExecutor.java:65)
	at com.kms.katalon.core.main.TestSuiteExecutor.accessTestSuiteMainPhase(TestSuiteExecutor.java:148)
	at com.kms.katalon.core.main.TestSuiteExecutor.execute(TestSuiteExecutor.java:106)
	at com.kms.katalon.core.main.TestCaseMain.startTestSuite(TestCaseMain.java:180)
	at TempTestSuite1704170033761.run(TempTestSuite1704170033761.groovy:36)
	at java.base/jdk.internal.reflect.NativeMethodAccessorImpl.invoke0(Native Method)
	at java.base/jdk.internal.reflect.NativeMethodAccessorImpl.invoke(NativeMethodAccessorImpl.java:77)
	at java.base/jdk.internal.reflect.DelegatingMethodAccessorImpl.invoke(DelegatingMethodAccessorImpl.java:43)
Caused by: com.kms.katalon.core.exception.StepFailedException: com.kms.katalon.core.webui.exception.WebElementNotFoundException: Web element with id: 'Object Repository/Shared_alert/text_dangers' located by '.text-danger' not found
	at com.kms.katalon.core.webui.keyword.internal.WebUIKeywordMain.stepFailed(WebUIKeywordMain.groovy:64)
	at com.kms.katalon.core.webui.keyword.builtin.VerifyElementPresentKeyword$_verifyElementPresent_closure1.doCall(VerifyElementPresentKeyword.groovy:85)
	at com.kms.katalon.core.webui.keyword.builtin.VerifyElementPresentKeyword$_verifyElementPresent_closure1.call(VerifyElementPresentKeyword.groovy)
	at com.kms.katalon.core.webui.keyword.internal.WebUIKeywordMain.runKeyword(WebUIKeywordMain.groovy:20)
	... 20 more
)
[[ATTACHMENT|E:\\school\\software_testing\\G1_Firefly_testing\\Reports\\20240102_113352\\Bill Suite\\20240102_113353\\1704170102863.png]]

02-01-2024T11:35:02 - [TEST_STEP][PASSED] - catch (Exception err): null

02-01-2024T11:35:02 - [TEST_STEP][PASSED] - assert verifyElementPresent(findTestObject("Shared_alert/success_alert_budget"), 1) == true: Object 'Object Repository/Shared_alert/success_alert_budget' is present

02-01-2024T11:35:03 - [MESSAGE][PASSED] - Object 'Object Repository/Shared_alert/success_alert_budget' is present

02-01-2024T11:35:03 - [TEST_STEP][PASSED] - out.println("success"): null

02-01-2024T11:35:03 - [TEST_STEP][PASSED] - if (max_amount != "" && min_amount != ""): null

02-01-2024T11:35:03 - [TEST_STEP][PASSED] - assert Float.parseFloat(max_amount) >= Float.parseFloat(min_amount): null

02-01-2024T11:35:03 - [TEST_STEP][PASSED] - closeBrowser(): Browser is closed

02-01-2024T11:35:03 - [MESSAGE][PASSED] - Browser is closed]]></system-out>
         <system-err><![CDATA[]]></system-err>
      </testcase>
      <testcase name="Test Cases/Bill" time="19.327" classname="Test Cases/Bill" status="FAILED">
         <failure type="FAILED" message="Test Cases/Bill FAILED.&#xa;Reason:&#xa;Assertion failed: &#xa;&#xa;assert Float.parseFloat(max_amount)>= Float.parseFloat(min_amount)&#xa;             |          |          |        |          |&#xa;             36757.0    '36757'    false    74123.0    '74123'&#xa;&#xa;	at Bill.run(Bill:83)&#xa;	at com.kms.katalon.core.main.ScriptEngine.run(ScriptEngine.java:194)&#xa;	at com.kms.katalon.core.main.ScriptEngine.runScriptAsRawText(ScriptEngine.java:119)&#xa;	at com.kms.katalon.core.main.TestCaseExecutor.runScript(TestCaseExecutor.java:448)&#xa;	at com.kms.katalon.core.main.TestCaseExecutor.doExecute(TestCaseExecutor.java:439)&#xa;	at com.kms.katalon.core.main.TestCaseExecutor.processExecutionPhase(TestCaseExecutor.java:418)&#xa;	at com.kms.katalon.core.main.TestCaseExecutor.accessMainPhase(TestCaseExecutor.java:410)&#xa;	at com.kms.katalon.core.main.TestCaseExecutor.execute(TestCaseExecutor.java:285)&#xa;	at com.kms.katalon.core.common.CommonExecutor.accessTestCaseMainPhase(CommonExecutor.java:65)&#xa;	at com.kms.katalon.core.main.TestSuiteExecutor.accessTestSuiteMainPhase(TestSuiteExecutor.java:148)&#xa;	at com.kms.katalon.core.main.TestSuiteExecutor.execute(TestSuiteExecutor.java:106)&#xa;	at com.kms.katalon.core.main.TestCaseMain.startTestSuite(TestCaseMain.java:180)&#xa;	at TempTestSuite1704170033761.run(TempTestSuite1704170033761.groovy:36)&#xa;	at java.base/jdk.internal.reflect.NativeMethodAccessorImpl.invoke0(Native Method)&#xa;	at java.base/jdk.internal.reflect.NativeMethodAccessorImpl.invoke(NativeMethodAccessorImpl.java:77)&#xa;	at java.base/jdk.internal.reflect.DelegatingMethodAccessorImpl.invoke(DelegatingMethodAccessorImpl.java:43)&#xa;"/>
         <system-out><![CDATA[02-01-2024T11:35:03 - [TEST_CASE][FAILED] - Test Cases/Bill: Test Cases/Bill FAILED.
Reason:
Assertion failed: 

assert Float.parseFloat(max_amount)>= Float.parseFloat(min_amount)
             |          |          |        |          |
             36757.0    '36757'    false    74123.0    '74123'

	at Bill.run(Bill:83)
	at com.kms.katalon.core.main.ScriptEngine.run(ScriptEngine.java:194)
	at com.kms.katalon.core.main.ScriptEngine.runScriptAsRawText(ScriptEngine.java:119)
	at com.kms.katalon.core.main.TestCaseExecutor.runScript(TestCaseExecutor.java:448)
	at com.kms.katalon.core.main.TestCaseExecutor.doExecute(TestCaseExecutor.java:439)
	at com.kms.katalon.core.main.TestCaseExecutor.processExecutionPhase(TestCaseExecutor.java:418)
	at com.kms.katalon.core.main.TestCaseExecutor.accessMainPhase(TestCaseExecutor.java:410)
	at com.kms.katalon.core.main.TestCaseExecutor.execute(TestCaseExecutor.java:285)
	at com.kms.katalon.core.common.CommonExecutor.accessTestCaseMainPhase(CommonExecutor.java:65)
	at com.kms.katalon.core.main.TestSuiteExecutor.accessTestSuiteMainPhase(TestSuiteExecutor.java:148)
	at com.kms.katalon.core.main.TestSuiteExecutor.execute(TestSuiteExecutor.java:106)
	at com.kms.katalon.core.main.TestCaseMain.startTestSuite(TestCaseMain.java:180)
	at TempTestSuite1704170033761.run(TempTestSuite1704170033761.groovy:36)
	at java.base/jdk.internal.reflect.NativeMethodAccessorImpl.invoke0(Native Method)
	at java.base/jdk.internal.reflect.NativeMethodAccessorImpl.invoke(NativeMethodAccessorImpl.java:77)
	at java.base/jdk.internal.reflect.DelegatingMethodAccessorImpl.invoke(DelegatingMethodAccessorImpl.java:43)


02-01-2024T11:35:03 - [TEST_STEP][PASSED] - openBrowser(""): Browser is opened with url: ''

02-01-2024T11:35:03 - [MESSAGE][INFO] - Starting 'Chrome' driver

02-01-2024T11:35:03 - [MESSAGE][INFO] - Action delay is set to 0 milliseconds

02-01-2024T11:35:04 - [MESSAGE][PASSED] - Browser is opened with url: ''

02-01-2024T11:35:04 - [TEST_STEP][PASSED] - navigateToUrl("https://firefly.buudadawg.online/login"): Navigate to 'https://firefly.buudadawg.online/login' successfully

02-01-2024T11:35:04 - [MESSAGE][PASSED] - Navigate to 'https://firefly.buudadawg.online/login' successfully

02-01-2024T11:35:04 - [TEST_STEP][PASSED] - setText(findTestObject("Object Repository/Bill/Page_Login to Firefly III/input_email"), "khoacraphotograph@gmail.com"): Text 'khoacraphotograph@gmail.com' is set on object 'Object Repository/Bill/Page_Login to Firefly III/input_email'

02-01-2024T11:35:05 - [MESSAGE][PASSED] - Text 'khoacraphotograph@gmail.com' is set on object 'Object Repository/Bill/Page_Login to Firefly III/input_email'

02-01-2024T11:35:05 - [TEST_STEP][PASSED] - setEncryptedText(findTestObject("Object Repository/Bill/Page_Login to Firefly III/input_password"), "krbqsEPTyj+/ySZvycc2bfHXjZyOJWOA"): Text ****** has been set on object 'Object Repository/Bill/Page_Login to Firefly III/input_password'

02-01-2024T11:35:06 - [MESSAGE][PASSED] - Text ****** has been set on object 'Object Repository/Bill/Page_Login to Firefly III/input_password'

02-01-2024T11:35:06 - [TEST_STEP][PASSED] - click(findTestObject("Object Repository/Bill/Page_Login to Firefly III/button_Sign in")): Object: 'Object Repository/Bill/Page_Login to Firefly III/button_Sign in' is clicked on

02-01-2024T11:35:06 - [MESSAGE][PASSED] - Object: 'Object Repository/Bill/Page_Login to Firefly III/button_Sign in' is clicked on

02-01-2024T11:35:06 - [TEST_STEP][PASSED] - click(findTestObject("Object Repository/Bill/Page_Whats playing  Firefly III/a_Bills")): Object: 'Object Repository/Bill/Page_Whats playing  Firefly III/a_Bills' is clicked on

02-01-2024T11:35:08 - [MESSAGE][PASSED] - Object: 'Object Repository/Bill/Page_Whats playing  Firefly III/a_Bills' is clicked on

02-01-2024T11:35:08 - [TEST_STEP][PASSED] - click(findTestObject("Object Repository/Bill/Page_Bills  Firefly III/a_Create new bill")): Object: 'Object Repository/Bill/Page_Bills  Firefly III/a_Create new bill' is clicked on

02-01-2024T11:35:09 - [MESSAGE][PASSED] - Object: 'Object Repository/Bill/Page_Bills  Firefly III/a_Create new bill' is clicked on

02-01-2024T11:35:09 - [TEST_STEP][PASSED] - setText(findTestObject("Object Repository/Bill/Page_Create new bill  Bills  Firefly III/input_name"), name): Text 'U2312-96:&5-xwmP'' is set on object 'Object Repository/Bill/Page_Create new bill  Bills  Firefly III/input_name'

02-01-2024T11:35:10 - [MESSAGE][PASSED] - Text 'U2312-96:&5-xwmP'' is set on object 'Object Repository/Bill/Page_Create new bill  Bills  Firefly III/input_name'

02-01-2024T11:35:10 - [TEST_STEP][PASSED] - setText(findTestObject("Object Repository/Bill/Page_Create new bill  Bills  Firefly III/input_amount_min"), min_amount): Text '74123' is set on object 'Object Repository/Bill/Page_Create new bill  Bills  Firefly III/input_amount_min'

02-01-2024T11:35:11 - [MESSAGE][PASSED] - Text '74123' is set on object 'Object Repository/Bill/Page_Create new bill  Bills  Firefly III/input_amount_min'

02-01-2024T11:35:11 - [TEST_STEP][PASSED] - setText(findTestObject("Object Repository/Bill/Page_Create new bill  Bills  Firefly III/input_amount_max"), max_amount): Text '36757' is set on object 'Object Repository/Bill/Page_Create new bill  Bills  Firefly III/input_amount_max'

02-01-2024T11:35:11 - [MESSAGE][PASSED] - Text '36757' is set on object 'Object Repository/Bill/Page_Create new bill  Bills  Firefly III/input_amount_max'

02-01-2024T11:35:11 - [TEST_STEP][PASSED] - setText(findTestObject("Bill/Page_Create new bill  Bills  Firefly III/input_date"), date): Text '07/10/2023' is set on object 'Object Repository/Bill/Page_Create new bill  Bills  Firefly III/input_date'

02-01-2024T11:35:12 - [MESSAGE][PASSED] - Text '07/10/2023' is set on object 'Object Repository/Bill/Page_Create new bill  Bills  Firefly III/input_date'

02-01-2024T11:35:12 - [TEST_STEP][PASSED] - selectOptionByLabel(findTestObject("Object Repository/Bill/Page_Create new bill  Bills  Firefly III/select_dailyweeklymonthlyquarterlyevery hal_79c7c6"), repeats, true): All options with label 'weekly' are selected in object 'Object Repository/Bill/Page_Create new bill  Bills  Firefly III/select_dailyweeklymonthlyquarterlyevery hal_79c7c6'  using regular expression

02-01-2024T11:35:13 - [MESSAGE][PASSED] - All options with label 'weekly' are selected in object 'Object Repository/Bill/Page_Create new bill  Bills  Firefly III/select_dailyweeklymonthlyquarterlyevery hal_79c7c6'  using regular expression

02-01-2024T11:35:13 - [TEST_STEP][PASSED] - setText(findTestObject("Object Repository/Bill/Page_Create new bill  Bills  Firefly III/input_skip"), skip): Text '7' is set on object 'Object Repository/Bill/Page_Create new bill  Bills  Firefly III/input_skip'

02-01-2024T11:35:14 - [MESSAGE][PASSED] - Text '7' is set on object 'Object Repository/Bill/Page_Create new bill  Bills  Firefly III/input_skip'

02-01-2024T11:35:14 - [TEST_STEP][PASSED] - setText(findTestObject("Bill/Page_Create new bill  Bills  Firefly III/input_end_date"), end_date): Text '' is set on object 'Object Repository/Bill/Page_Create new bill  Bills  Firefly III/input_end_date'

02-01-2024T11:35:15 - [MESSAGE][PASSED] - Text '' is set on object 'Object Repository/Bill/Page_Create new bill  Bills  Firefly III/input_end_date'

02-01-2024T11:35:15 - [TEST_STEP][PASSED] - setText(findTestObject("Bill/Page_Create new bill  Bills  Firefly III/input_extension_date"), extension_date): Text '12/02/2023' is set on object 'Object Repository/Bill/Page_Create new bill  Bills  Firefly III/input_extension_date'

02-01-2024T11:35:15 - [MESSAGE][PASSED] - Text '12/02/2023' is set on object 'Object Repository/Bill/Page_Create new bill  Bills  Firefly III/input_extension_date'

02-01-2024T11:35:15 - [TEST_STEP][PASSED] - setText(findTestObject("Object Repository/Bill/Page_Create new bill  Bills  Firefly III/textarea_notes"), notes): Text 'In sagittis dui vel nisl. Duis ac nibh. Fusce lacus purus, aliquet at, feugiat non, pretium quis, lectus. Suspendisse potenti. In eleifend quam a odio. In hac habitasse platea dictumst. Maecenas ut massa quis augue luctus tincidunt. Nulla mollis molestie lorem. Quisque ut erat. Curabitur gravida nisi at nibh. In hac habitasse platea dictumst. Aliquam augue quam, sollicitudin vitae, consectetuer eget, rutrum at, lorem. Integer tincidunt ante vel ipsum. Praesent blandit lacinia erat. Vestibulum sed magna at nunc commodo placerat. Praesent blandit. Nam nulla. Integer pede justo, lacinia eget, tincidunt eget, tempus vel, pede. Morbi porttitor lorem id ligula. Suspendisse ornare consequat lectus. In est risus, auctor sed, tristique in, tempus sit amet, sem. Fusce consequat. Nulla nisl. Nunc nisl. Duis bibendum, felis sed interdum venenatis, turpis enim blandit mi, in porttitor pede justo eu massa. Donec dapibus. Duis at velit eu est congue elementum. In hac habitasse platea dictumst. Morbi vestibulum, velit id pretium iaculis, diam erat fermentum justo, nec condimentum neque sapien placerat ante. Nulla justo. Aliquam quis turpis eget elit sodales scelerisque. Mauris sit amet eros. Suspendisse accumsan tortor quis turpis. Sed ante. Vivamus tortor. Duis mattis egestas metus. Aenean fermentum. Donec ut mauris eget massa tempor convallis. Nulla neque libero, convallis eget, eleifend luctus, ultricies eu, nibh. Quisque id justo sit amet sapien dignissim vestibulum. Vestibulum ante ipsum primis in faucibus orci luctus et ultrices posuere cubilia Curae; Nulla dapibus dolor vel est. Donec odio justo, sollicitudin ut, suscipit a, feugiat et, eros. Vestibulum ac est lacinia nisi venenatis tristique. Fusce congue, diam id ornare imperdiet, sapien urna pretium nisl, ut volutpat sapien arcu sed augue. Aliquam erat volutpat. In congue. Etiam justo. Etiam pretium iaculis justo. In hac habitasse platea dictumst. Etiam faucibus cursus urna. Ut tellus. Nulla ut erat id mauris vulputate elementum. Nullam varius. Nulla facilisi. Cras non velit nec nisi vulputate nonummy.' is set on object 'Object Repository/Bill/Page_Create new bill  Bills  Firefly III/textarea_notes'

02-01-2024T11:35:17 - [MESSAGE][PASSED] - Text 'In sagittis dui vel nisl. Duis ac nibh. Fusce lacus purus, aliquet at, feugiat non, pretium quis, lectus. Suspendisse potenti. In eleifend quam a odio. In hac habitasse platea dictumst. Maecenas ut massa quis augue luctus tincidunt. Nulla mollis molestie lorem. Quisque ut erat. Curabitur gravida nisi at nibh. In hac habitasse platea dictumst. Aliquam augue quam, sollicitudin vitae, consectetuer eget, rutrum at, lorem. Integer tincidunt ante vel ipsum. Praesent blandit lacinia erat. Vestibulum sed magna at nunc commodo placerat. Praesent blandit. Nam nulla. Integer pede justo, lacinia eget, tincidunt eget, tempus vel, pede. Morbi porttitor lorem id ligula. Suspendisse ornare consequat lectus. In est risus, auctor sed, tristique in, tempus sit amet, sem. Fusce consequat. Nulla nisl. Nunc nisl. Duis bibendum, felis sed interdum venenatis, turpis enim blandit mi, in porttitor pede justo eu massa. Donec dapibus. Duis at velit eu est congue elementum. In hac habitasse platea dictumst. Morbi vestibulum, velit id pretium iaculis, diam erat fermentum justo, nec condimentum neque sapien placerat ante. Nulla justo. Aliquam quis turpis eget elit sodales scelerisque. Mauris sit amet eros. Suspendisse accumsan tortor quis turpis. Sed ante. Vivamus tortor. Duis mattis egestas metus. Aenean fermentum. Donec ut mauris eget massa tempor convallis. Nulla neque libero, convallis eget, eleifend luctus, ultricies eu, nibh. Quisque id justo sit amet sapien dignissim vestibulum. Vestibulum ante ipsum primis in faucibus orci luctus et ultrices posuere cubilia Curae; Nulla dapibus dolor vel est. Donec odio justo, sollicitudin ut, suscipit a, feugiat et, eros. Vestibulum ac est lacinia nisi venenatis tristique. Fusce congue, diam id ornare imperdiet, sapien urna pretium nisl, ut volutpat sapien arcu sed augue. Aliquam erat volutpat. In congue. Etiam justo. Etiam pretium iaculis justo. In hac habitasse platea dictumst. Etiam faucibus cursus urna. Ut tellus. Nulla ut erat id mauris vulputate elementum. Nullam varius. Nulla facilisi. Cras non velit nec nisi vulputate nonummy.' is set on object 'Object Repository/Bill/Page_Create new bill  Bills  Firefly III/textarea_notes'

02-01-2024T11:35:17 - [TEST_STEP][PASSED] - isFileLimit = false: null

02-01-2024T11:35:17 - [TEST_STEP][PASSED] - if (attachments): File 'E:\school\software_testing\G1_Firefly_testing\Attachments File\Report_1MB.csv' sent to object: 'Object Repository/Create a new asset account/Page_Create a new asset account  Accounts  _ced620/upload file'

02-01-2024T11:35:17 - [TEST_STEP][PASSED] - absolutePath = normalize().toString(): null

02-01-2024T11:35:17 - [TEST_STEP][PASSED] - uploadFile(findTestObject("Create a new asset account/Page_Create a new asset account  Accounts  _ced620/upload file"), absolutePath): File 'E:\school\software_testing\G1_Firefly_testing\Attachments File\Report_1MB.csv' sent to object: 'Object Repository/Create a new asset account/Page_Create a new asset account  Accounts  _ced620/upload file'

02-01-2024T11:35:18 - [MESSAGE][PASSED] - File 'E:\school\software_testing\G1_Firefly_testing\Attachments File\Report_1MB.csv' sent to object: 'Object Repository/Create a new asset account/Page_Create a new asset account  Accounts  _ced620/upload file'

02-01-2024T11:35:18 - [TEST_STEP][PASSED] - if (attachments == "Attachments File/Report_65MB.csv"): null

02-01-2024T11:35:18 - [TEST_STEP][PASSED] - setText(findTestObject("Object Repository/Bill/Page_Create new bill  Bills  Firefly III/input_object_group"), group): Text 'Home Ing' is set on object 'Object Repository/Bill/Page_Create new bill  Bills  Firefly III/input_object_group'

02-01-2024T11:35:18 - [MESSAGE][PASSED] - Text 'Home Ing' is set on object 'Object Repository/Bill/Page_Create new bill  Bills  Firefly III/input_object_group'

02-01-2024T11:35:18 - [TEST_STEP][PASSED] - click(findTestObject("Object Repository/Bill/Page_Create new bill  Bills  Firefly III/button_Store new bill")): Object: 'Object Repository/Bill/Page_Create new bill  Bills  Firefly III/button_Store new bill' is clicked on

02-01-2024T11:35:20 - [MESSAGE][PASSED] - Object: 'Object Repository/Bill/Page_Create new bill  Bills  Firefly III/button_Store new bill' is clicked on

02-01-2024T11:35:20 - [TEST_STEP][FAILED] - try: Unable to verify object 'Object Repository/Shared_alert/text_dangers' is present (Root cause: com.kms.katalon.core.exception.StepFailedException: Unable to verify object 'Object Repository/Shared_alert/text_dangers' is present
	at com.kms.katalon.core.webui.keyword.internal.WebUIKeywordMain.stepFailed(WebUIKeywordMain.groovy:64)
	at com.kms.katalon.core.webui.keyword.internal.WebUIKeywordMain.runKeyword(WebUIKeywordMain.groovy:26)
	at com.kms.katalon.core.webui.keyword.builtin.VerifyElementPresentKeyword.verifyElementPresent(VerifyElementPresentKeyword.groovy:92)
	at com.kms.katalon.core.webui.keyword.builtin.VerifyElementPresentKeyword.execute(VerifyElementPresentKeyword.groovy:68)
	at com.kms.katalon.core.keyword.internal.KeywordExecutor.executeKeywordForPlatform(KeywordExecutor.groovy:74)
	at com.kms.katalon.core.webui.keyword.WebUiBuiltInKeywords.verifyElementPresent(WebUiBuiltInKeywords.groovy:1503)
	at Bill.run(Bill:71)
	at com.kms.katalon.core.main.ScriptEngine.run(ScriptEngine.java:194)
	at com.kms.katalon.core.main.ScriptEngine.runScriptAsRawText(ScriptEngine.java:119)
	at com.kms.katalon.core.main.TestCaseExecutor.runScript(TestCaseExecutor.java:448)
	at com.kms.katalon.core.main.TestCaseExecutor.doExecute(TestCaseExecutor.java:439)
	at com.kms.katalon.core.main.TestCaseExecutor.processExecutionPhase(TestCaseExecutor.java:418)
	at com.kms.katalon.core.main.TestCaseExecutor.accessMainPhase(TestCaseExecutor.java:410)
	at com.kms.katalon.core.main.TestCaseExecutor.execute(TestCaseExecutor.java:285)
	at com.kms.katalon.core.common.CommonExecutor.accessTestCaseMainPhase(CommonExecutor.java:65)
	at com.kms.katalon.core.main.TestSuiteExecutor.accessTestSuiteMainPhase(TestSuiteExecutor.java:148)
	at com.kms.katalon.core.main.TestSuiteExecutor.execute(TestSuiteExecutor.java:106)
	at com.kms.katalon.core.main.TestCaseMain.startTestSuite(TestCaseMain.java:180)
	at TempTestSuite1704170033761.run(TempTestSuite1704170033761.groovy:36)
	at java.base/jdk.internal.reflect.NativeMethodAccessorImpl.invoke0(Native Method)
	at java.base/jdk.internal.reflect.NativeMethodAccessorImpl.invoke(NativeMethodAccessorImpl.java:77)
	at java.base/jdk.internal.reflect.DelegatingMethodAccessorImpl.invoke(DelegatingMethodAccessorImpl.java:43)
Caused by: com.kms.katalon.core.exception.StepFailedException: com.kms.katalon.core.webui.exception.WebElementNotFoundException: Web element with id: 'Object Repository/Shared_alert/text_dangers' located by '.text-danger' not found
	at com.kms.katalon.core.webui.keyword.internal.WebUIKeywordMain.stepFailed(WebUIKeywordMain.groovy:64)
	at com.kms.katalon.core.webui.keyword.builtin.VerifyElementPresentKeyword$_verifyElementPresent_closure1.doCall(VerifyElementPresentKeyword.groovy:85)
	at com.kms.katalon.core.webui.keyword.builtin.VerifyElementPresentKeyword$_verifyElementPresent_closure1.call(VerifyElementPresentKeyword.groovy)
	at com.kms.katalon.core.webui.keyword.internal.WebUIKeywordMain.runKeyword(WebUIKeywordMain.groovy:20)
	... 20 more
)

02-01-2024T11:35:20 - [TEST_STEP][FAILED] - verifyElementPresent(findTestObject("Shared_alert/text_dangers"), 1): Unable to verify object 'Object Repository/Shared_alert/text_dangers' is present (Root cause: com.kms.katalon.core.exception.StepFailedException: Unable to verify object 'Object Repository/Shared_alert/text_dangers' is present
	at com.kms.katalon.core.webui.keyword.internal.WebUIKeywordMain.stepFailed(WebUIKeywordMain.groovy:64)
	at com.kms.katalon.core.webui.keyword.internal.WebUIKeywordMain.runKeyword(WebUIKeywordMain.groovy:26)
	at com.kms.katalon.core.webui.keyword.builtin.VerifyElementPresentKeyword.verifyElementPresent(VerifyElementPresentKeyword.groovy:92)
	at com.kms.katalon.core.webui.keyword.builtin.VerifyElementPresentKeyword.execute(VerifyElementPresentKeyword.groovy:68)
	at com.kms.katalon.core.keyword.internal.KeywordExecutor.executeKeywordForPlatform(KeywordExecutor.groovy:74)
	at com.kms.katalon.core.webui.keyword.WebUiBuiltInKeywords.verifyElementPresent(WebUiBuiltInKeywords.groovy:1503)
	at Bill.run(Bill:71)
	at com.kms.katalon.core.main.ScriptEngine.run(ScriptEngine.java:194)
	at com.kms.katalon.core.main.ScriptEngine.runScriptAsRawText(ScriptEngine.java:119)
	at com.kms.katalon.core.main.TestCaseExecutor.runScript(TestCaseExecutor.java:448)
	at com.kms.katalon.core.main.TestCaseExecutor.doExecute(TestCaseExecutor.java:439)
	at com.kms.katalon.core.main.TestCaseExecutor.processExecutionPhase(TestCaseExecutor.java:418)
	at com.kms.katalon.core.main.TestCaseExecutor.accessMainPhase(TestCaseExecutor.java:410)
	at com.kms.katalon.core.main.TestCaseExecutor.execute(TestCaseExecutor.java:285)
	at com.kms.katalon.core.common.CommonExecutor.accessTestCaseMainPhase(CommonExecutor.java:65)
	at com.kms.katalon.core.main.TestSuiteExecutor.accessTestSuiteMainPhase(TestSuiteExecutor.java:148)
	at com.kms.katalon.core.main.TestSuiteExecutor.execute(TestSuiteExecutor.java:106)
	at com.kms.katalon.core.main.TestCaseMain.startTestSuite(TestCaseMain.java:180)
	at TempTestSuite1704170033761.run(TempTestSuite1704170033761.groovy:36)
	at java.base/jdk.internal.reflect.NativeMethodAccessorImpl.invoke0(Native Method)
	at java.base/jdk.internal.reflect.NativeMethodAccessorImpl.invoke(NativeMethodAccessorImpl.java:77)
	at java.base/jdk.internal.reflect.DelegatingMethodAccessorImpl.invoke(DelegatingMethodAccessorImpl.java:43)
Caused by: com.kms.katalon.core.exception.StepFailedException: com.kms.katalon.core.webui.exception.WebElementNotFoundException: Web element with id: 'Object Repository/Shared_alert/text_dangers' located by '.text-danger' not found
	at com.kms.katalon.core.webui.keyword.internal.WebUIKeywordMain.stepFailed(WebUIKeywordMain.groovy:64)
	at com.kms.katalon.core.webui.keyword.builtin.VerifyElementPresentKeyword$_verifyElementPresent_closure1.doCall(VerifyElementPresentKeyword.groovy:85)
	at com.kms.katalon.core.webui.keyword.builtin.VerifyElementPresentKeyword$_verifyElementPresent_closure1.call(VerifyElementPresentKeyword.groovy)
	at com.kms.katalon.core.webui.keyword.internal.WebUIKeywordMain.runKeyword(WebUIKeywordMain.groovy:20)
	... 20 more
)

02-01-2024T11:35:22 - [MESSAGE][INFO] - Unable to find the element located by 'By.cssSelector: .text-danger'. Please recheck the objects properties to make sure the desired element is located. 

02-01-2024T11:35:22 - [MESSAGE][FAILED] - com.kms.katalon.core.webui.exception.WebElementNotFoundException: Web element with id: 'Object Repository/Shared_alert/text_dangers' located by '.text-danger' not found (Root cause: com.kms.katalon.core.exception.StepFailedException: com.kms.katalon.core.webui.exception.WebElementNotFoundException: Web element with id: 'Object Repository/Shared_alert/text_dangers' located by '.text-danger' not found
	at com.kms.katalon.core.webui.keyword.internal.WebUIKeywordMain.stepFailed(WebUIKeywordMain.groovy:64)
	at com.kms.katalon.core.webui.keyword.builtin.VerifyElementPresentKeyword$_verifyElementPresent_closure1.doCall(VerifyElementPresentKeyword.groovy:85)
	at com.kms.katalon.core.webui.keyword.builtin.VerifyElementPresentKeyword$_verifyElementPresent_closure1.call(VerifyElementPresentKeyword.groovy)
	at com.kms.katalon.core.webui.keyword.internal.WebUIKeywordMain.runKeyword(WebUIKeywordMain.groovy:20)
	at com.kms.katalon.core.webui.keyword.builtin.VerifyElementPresentKeyword.verifyElementPresent(VerifyElementPresentKeyword.groovy:92)
	at com.kms.katalon.core.webui.keyword.builtin.VerifyElementPresentKeyword.execute(VerifyElementPresentKeyword.groovy:68)
	at com.kms.katalon.core.keyword.internal.KeywordExecutor.executeKeywordForPlatform(KeywordExecutor.groovy:74)
	at com.kms.katalon.core.webui.keyword.WebUiBuiltInKeywords.verifyElementPresent(WebUiBuiltInKeywords.groovy:1503)
	at Bill.run(Bill:71)
	at com.kms.katalon.core.main.ScriptEngine.run(ScriptEngine.java:194)
	at com.kms.katalon.core.main.ScriptEngine.runScriptAsRawText(ScriptEngine.java:119)
	at com.kms.katalon.core.main.TestCaseExecutor.runScript(TestCaseExecutor.java:448)
	at com.kms.katalon.core.main.TestCaseExecutor.doExecute(TestCaseExecutor.java:439)
	at com.kms.katalon.core.main.TestCaseExecutor.processExecutionPhase(TestCaseExecutor.java:418)
	at com.kms.katalon.core.main.TestCaseExecutor.accessMainPhase(TestCaseExecutor.java:410)
	at com.kms.katalon.core.main.TestCaseExecutor.execute(TestCaseExecutor.java:285)
	at com.kms.katalon.core.common.CommonExecutor.accessTestCaseMainPhase(CommonExecutor.java:65)
	at com.kms.katalon.core.main.TestSuiteExecutor.accessTestSuiteMainPhase(TestSuiteExecutor.java:148)
	at com.kms.katalon.core.main.TestSuiteExecutor.execute(TestSuiteExecutor.java:106)
	at com.kms.katalon.core.main.TestCaseMain.startTestSuite(TestCaseMain.java:180)
	at TempTestSuite1704170033761.run(TempTestSuite1704170033761.groovy:36)
	at java.base/jdk.internal.reflect.NativeMethodAccessorImpl.invoke0(Native Method)
	at java.base/jdk.internal.reflect.NativeMethodAccessorImpl.invoke(NativeMethodAccessorImpl.java:77)
	at java.base/jdk.internal.reflect.DelegatingMethodAccessorImpl.invoke(DelegatingMethodAccessorImpl.java:43)
)
[[ATTACHMENT|E:\\school\\software_testing\\G1_Firefly_testing\\Reports\\20240102_113352\\Bill Suite\\20240102_113353\\1704170122270.png]]

02-01-2024T11:35:22 - [MESSAGE][FAILED] - Unable to verify object 'Object Repository/Shared_alert/text_dangers' is present (Root cause: com.kms.katalon.core.exception.StepFailedException: Unable to verify object 'Object Repository/Shared_alert/text_dangers' is present
	at com.kms.katalon.core.webui.keyword.internal.WebUIKeywordMain.stepFailed(WebUIKeywordMain.groovy:64)
	at com.kms.katalon.core.webui.keyword.internal.WebUIKeywordMain.runKeyword(WebUIKeywordMain.groovy:26)
	at com.kms.katalon.core.webui.keyword.builtin.VerifyElementPresentKeyword.verifyElementPresent(VerifyElementPresentKeyword.groovy:92)
	at com.kms.katalon.core.webui.keyword.builtin.VerifyElementPresentKeyword.execute(VerifyElementPresentKeyword.groovy:68)
	at com.kms.katalon.core.keyword.internal.KeywordExecutor.executeKeywordForPlatform(KeywordExecutor.groovy:74)
	at com.kms.katalon.core.webui.keyword.WebUiBuiltInKeywords.verifyElementPresent(WebUiBuiltInKeywords.groovy:1503)
	at Bill.run(Bill:71)
	at com.kms.katalon.core.main.ScriptEngine.run(ScriptEngine.java:194)
	at com.kms.katalon.core.main.ScriptEngine.runScriptAsRawText(ScriptEngine.java:119)
	at com.kms.katalon.core.main.TestCaseExecutor.runScript(TestCaseExecutor.java:448)
	at com.kms.katalon.core.main.TestCaseExecutor.doExecute(TestCaseExecutor.java:439)
	at com.kms.katalon.core.main.TestCaseExecutor.processExecutionPhase(TestCaseExecutor.java:418)
	at com.kms.katalon.core.main.TestCaseExecutor.accessMainPhase(TestCaseExecutor.java:410)
	at com.kms.katalon.core.main.TestCaseExecutor.execute(TestCaseExecutor.java:285)
	at com.kms.katalon.core.common.CommonExecutor.accessTestCaseMainPhase(CommonExecutor.java:65)
	at com.kms.katalon.core.main.TestSuiteExecutor.accessTestSuiteMainPhase(TestSuiteExecutor.java:148)
	at com.kms.katalon.core.main.TestSuiteExecutor.execute(TestSuiteExecutor.java:106)
	at com.kms.katalon.core.main.TestCaseMain.startTestSuite(TestCaseMain.java:180)
	at TempTestSuite1704170033761.run(TempTestSuite1704170033761.groovy:36)
	at java.base/jdk.internal.reflect.NativeMethodAccessorImpl.invoke0(Native Method)
	at java.base/jdk.internal.reflect.NativeMethodAccessorImpl.invoke(NativeMethodAccessorImpl.java:77)
	at java.base/jdk.internal.reflect.DelegatingMethodAccessorImpl.invoke(DelegatingMethodAccessorImpl.java:43)
Caused by: com.kms.katalon.core.exception.StepFailedException: com.kms.katalon.core.webui.exception.WebElementNotFoundException: Web element with id: 'Object Repository/Shared_alert/text_dangers' located by '.text-danger' not found
	at com.kms.katalon.core.webui.keyword.internal.WebUIKeywordMain.stepFailed(WebUIKeywordMain.groovy:64)
	at com.kms.katalon.core.webui.keyword.builtin.VerifyElementPresentKeyword$_verifyElementPresent_closure1.doCall(VerifyElementPresentKeyword.groovy:85)
	at com.kms.katalon.core.webui.keyword.builtin.VerifyElementPresentKeyword$_verifyElementPresent_closure1.call(VerifyElementPresentKeyword.groovy)
	at com.kms.katalon.core.webui.keyword.internal.WebUIKeywordMain.runKeyword(WebUIKeywordMain.groovy:20)
	... 20 more
)
[[ATTACHMENT|E:\\school\\software_testing\\G1_Firefly_testing\\Reports\\20240102_113352\\Bill Suite\\20240102_113353\\1704170122406.png]]

02-01-2024T11:35:22 - [TEST_STEP][PASSED] - catch (Exception err): null

02-01-2024T11:35:22 - [TEST_STEP][PASSED] - assert verifyElementPresent(findTestObject("Shared_alert/success_alert_budget"), 1) == true: Object 'Object Repository/Shared_alert/success_alert_budget' is present

02-01-2024T11:35:22 - [MESSAGE][PASSED] - Object 'Object Repository/Shared_alert/success_alert_budget' is present

02-01-2024T11:35:22 - [TEST_STEP][PASSED] - out.println("success"): null

02-01-2024T11:35:22 - [TEST_STEP][FAILED] - if (max_amount != "" && min_amount != ""): Test Cases/Bill FAILED.
Reason:
Assertion failed: 

assert Float.parseFloat(max_amount)>= Float.parseFloat(min_amount)
             |          |          |        |          |
             36757.0    '36757'    false    74123.0    '74123'

	at Bill.run(Bill:83)
	at com.kms.katalon.core.main.ScriptEngine.run(ScriptEngine.java:194)
	at com.kms.katalon.core.main.ScriptEngine.runScriptAsRawText(ScriptEngine.java:119)
	at com.kms.katalon.core.main.TestCaseExecutor.runScript(TestCaseExecutor.java:448)
	at com.kms.katalon.core.main.TestCaseExecutor.doExecute(TestCaseExecutor.java:439)
	at com.kms.katalon.core.main.TestCaseExecutor.processExecutionPhase(TestCaseExecutor.java:418)
	at com.kms.katalon.core.main.TestCaseExecutor.accessMainPhase(TestCaseExecutor.java:410)
	at com.kms.katalon.core.main.TestCaseExecutor.execute(TestCaseExecutor.java:285)
	at com.kms.katalon.core.common.CommonExecutor.accessTestCaseMainPhase(CommonExecutor.java:65)
	at com.kms.katalon.core.main.TestSuiteExecutor.accessTestSuiteMainPhase(TestSuiteExecutor.java:148)
	at com.kms.katalon.core.main.TestSuiteExecutor.execute(TestSuiteExecutor.java:106)
	at com.kms.katalon.core.main.TestCaseMain.startTestSuite(TestCaseMain.java:180)
	at TempTestSuite1704170033761.run(TempTestSuite1704170033761.groovy:36)
	at java.base/jdk.internal.reflect.NativeMethodAccessorImpl.invoke0(Native Method)
	at java.base/jdk.internal.reflect.NativeMethodAccessorImpl.invoke(NativeMethodAccessorImpl.java:77)
	at java.base/jdk.internal.reflect.DelegatingMethodAccessorImpl.invoke(DelegatingMethodAccessorImpl.java:43)


02-01-2024T11:35:22 - [TEST_STEP][FAILED] - assert Float.parseFloat(max_amount) >= Float.parseFloat(min_amount): Test Cases/Bill FAILED.
Reason:
Assertion failed: 

assert Float.parseFloat(max_amount)>= Float.parseFloat(min_amount)
             |          |          |        |          |
             36757.0    '36757'    false    74123.0    '74123'

	at Bill.run(Bill:83)
	at com.kms.katalon.core.main.ScriptEngine.run(ScriptEngine.java:194)
	at com.kms.katalon.core.main.ScriptEngine.runScriptAsRawText(ScriptEngine.java:119)
	at com.kms.katalon.core.main.TestCaseExecutor.runScript(TestCaseExecutor.java:448)
	at com.kms.katalon.core.main.TestCaseExecutor.doExecute(TestCaseExecutor.java:439)
	at com.kms.katalon.core.main.TestCaseExecutor.processExecutionPhase(TestCaseExecutor.java:418)
	at com.kms.katalon.core.main.TestCaseExecutor.accessMainPhase(TestCaseExecutor.java:410)
	at com.kms.katalon.core.main.TestCaseExecutor.execute(TestCaseExecutor.java:285)
	at com.kms.katalon.core.common.CommonExecutor.accessTestCaseMainPhase(CommonExecutor.java:65)
	at com.kms.katalon.core.main.TestSuiteExecutor.accessTestSuiteMainPhase(TestSuiteExecutor.java:148)
	at com.kms.katalon.core.main.TestSuiteExecutor.execute(TestSuiteExecutor.java:106)
	at com.kms.katalon.core.main.TestCaseMain.startTestSuite(TestCaseMain.java:180)
	at TempTestSuite1704170033761.run(TempTestSuite1704170033761.groovy:36)
	at java.base/jdk.internal.reflect.NativeMethodAccessorImpl.invoke0(Native Method)
	at java.base/jdk.internal.reflect.NativeMethodAccessorImpl.invoke(NativeMethodAccessorImpl.java:77)
	at java.base/jdk.internal.reflect.DelegatingMethodAccessorImpl.invoke(DelegatingMethodAccessorImpl.java:43)


02-01-2024T11:35:22 - [MESSAGE][FAILED] - Test Cases/Bill FAILED.
Reason:
Assertion failed: 

assert Float.parseFloat(max_amount)>= Float.parseFloat(min_amount)
             |          |          |        |          |
             36757.0    '36757'    false    74123.0    '74123'

	at Bill.run(Bill:83)
	at com.kms.katalon.core.main.ScriptEngine.run(ScriptEngine.java:194)
	at com.kms.katalon.core.main.ScriptEngine.runScriptAsRawText(ScriptEngine.java:119)
	at com.kms.katalon.core.main.TestCaseExecutor.runScript(TestCaseExecutor.java:448)
	at com.kms.katalon.core.main.TestCaseExecutor.doExecute(TestCaseExecutor.java:439)
	at com.kms.katalon.core.main.TestCaseExecutor.processExecutionPhase(TestCaseExecutor.java:418)
	at com.kms.katalon.core.main.TestCaseExecutor.accessMainPhase(TestCaseExecutor.java:410)
	at com.kms.katalon.core.main.TestCaseExecutor.execute(TestCaseExecutor.java:285)
	at com.kms.katalon.core.common.CommonExecutor.accessTestCaseMainPhase(CommonExecutor.java:65)
	at com.kms.katalon.core.main.TestSuiteExecutor.accessTestSuiteMainPhase(TestSuiteExecutor.java:148)
	at com.kms.katalon.core.main.TestSuiteExecutor.execute(TestSuiteExecutor.java:106)
	at com.kms.katalon.core.main.TestCaseMain.startTestSuite(TestCaseMain.java:180)
	at TempTestSuite1704170033761.run(TempTestSuite1704170033761.groovy:36)
	at java.base/jdk.internal.reflect.NativeMethodAccessorImpl.invoke0(Native Method)
	at java.base/jdk.internal.reflect.NativeMethodAccessorImpl.invoke(NativeMethodAccessorImpl.java:77)
	at java.base/jdk.internal.reflect.DelegatingMethodAccessorImpl.invoke(DelegatingMethodAccessorImpl.java:43)]]></system-out>
         <system-err><![CDATA[02-01-2024T11:35:03 - [TEST_CASE][FAILED] - Test Cases/Bill: Test Cases/Bill FAILED.
Reason:
Assertion failed: 

assert Float.parseFloat(max_amount)>= Float.parseFloat(min_amount)
             |          |          |        |          |
             36757.0    '36757'    false    74123.0    '74123'

	at Bill.run(Bill:83)
	at com.kms.katalon.core.main.ScriptEngine.run(ScriptEngine.java:194)
	at com.kms.katalon.core.main.ScriptEngine.runScriptAsRawText(ScriptEngine.java:119)
	at com.kms.katalon.core.main.TestCaseExecutor.runScript(TestCaseExecutor.java:448)
	at com.kms.katalon.core.main.TestCaseExecutor.doExecute(TestCaseExecutor.java:439)
	at com.kms.katalon.core.main.TestCaseExecutor.processExecutionPhase(TestCaseExecutor.java:418)
	at com.kms.katalon.core.main.TestCaseExecutor.accessMainPhase(TestCaseExecutor.java:410)
	at com.kms.katalon.core.main.TestCaseExecutor.execute(TestCaseExecutor.java:285)
	at com.kms.katalon.core.common.CommonExecutor.accessTestCaseMainPhase(CommonExecutor.java:65)
	at com.kms.katalon.core.main.TestSuiteExecutor.accessTestSuiteMainPhase(TestSuiteExecutor.java:148)
	at com.kms.katalon.core.main.TestSuiteExecutor.execute(TestSuiteExecutor.java:106)
	at com.kms.katalon.core.main.TestCaseMain.startTestSuite(TestCaseMain.java:180)
	at TempTestSuite1704170033761.run(TempTestSuite1704170033761.groovy:36)
	at java.base/jdk.internal.reflect.NativeMethodAccessorImpl.invoke0(Native Method)
	at java.base/jdk.internal.reflect.NativeMethodAccessorImpl.invoke(NativeMethodAccessorImpl.java:77)
	at java.base/jdk.internal.reflect.DelegatingMethodAccessorImpl.invoke(DelegatingMethodAccessorImpl.java:43)]]></system-err>
      </testcase>
      <testcase name="Test Cases/Bill" time="19.113" classname="Test Cases/Bill" status="PASSED">
         <system-out><![CDATA[02-01-2024T11:35:22 - [TEST_CASE][PASSED] - Test Cases/Bill: Test Cases/Bill

02-01-2024T11:35:22 - [TEST_STEP][PASSED] - openBrowser(""): Browser is opened with url: ''

02-01-2024T11:35:22 - [MESSAGE][WARNING] - A browser is already opened. Closing browser and opening a new one

02-01-2024T11:35:23 - [MESSAGE][INFO] - Starting 'Chrome' driver

02-01-2024T11:35:23 - [MESSAGE][INFO] - Action delay is set to 0 milliseconds

02-01-2024T11:35:24 - [MESSAGE][PASSED] - Browser is opened with url: ''

02-01-2024T11:35:24 - [TEST_STEP][PASSED] - navigateToUrl("https://firefly.buudadawg.online/login"): Navigate to 'https://firefly.buudadawg.online/login' successfully

02-01-2024T11:35:24 - [MESSAGE][PASSED] - Navigate to 'https://firefly.buudadawg.online/login' successfully

02-01-2024T11:35:24 - [TEST_STEP][PASSED] - setText(findTestObject("Object Repository/Bill/Page_Login to Firefly III/input_email"), "khoacraphotograph@gmail.com"): Text 'khoacraphotograph@gmail.com' is set on object 'Object Repository/Bill/Page_Login to Firefly III/input_email'

02-01-2024T11:35:25 - [MESSAGE][PASSED] - Text 'khoacraphotograph@gmail.com' is set on object 'Object Repository/Bill/Page_Login to Firefly III/input_email'

02-01-2024T11:35:25 - [TEST_STEP][PASSED] - setEncryptedText(findTestObject("Object Repository/Bill/Page_Login to Firefly III/input_password"), "krbqsEPTyj+/ySZvycc2bfHXjZyOJWOA"): Text ****** has been set on object 'Object Repository/Bill/Page_Login to Firefly III/input_password'

02-01-2024T11:35:25 - [MESSAGE][PASSED] - Text ****** has been set on object 'Object Repository/Bill/Page_Login to Firefly III/input_password'

02-01-2024T11:35:25 - [TEST_STEP][PASSED] - click(findTestObject("Object Repository/Bill/Page_Login to Firefly III/button_Sign in")): Object: 'Object Repository/Bill/Page_Login to Firefly III/button_Sign in' is clicked on

02-01-2024T11:35:26 - [MESSAGE][PASSED] - Object: 'Object Repository/Bill/Page_Login to Firefly III/button_Sign in' is clicked on

02-01-2024T11:35:26 - [TEST_STEP][PASSED] - click(findTestObject("Object Repository/Bill/Page_Whats playing  Firefly III/a_Bills")): Object: 'Object Repository/Bill/Page_Whats playing  Firefly III/a_Bills' is clicked on

02-01-2024T11:35:28 - [MESSAGE][PASSED] - Object: 'Object Repository/Bill/Page_Whats playing  Firefly III/a_Bills' is clicked on

02-01-2024T11:35:28 - [TEST_STEP][PASSED] - click(findTestObject("Object Repository/Bill/Page_Bills  Firefly III/a_Create new bill")): Object: 'Object Repository/Bill/Page_Bills  Firefly III/a_Create new bill' is clicked on

02-01-2024T11:35:29 - [MESSAGE][PASSED] - Object: 'Object Repository/Bill/Page_Bills  Firefly III/a_Create new bill' is clicked on

02-01-2024T11:35:29 - [TEST_STEP][PASSED] - setText(findTestObject("Object Repository/Bill/Page_Create new bill  Bills  Firefly III/input_name"), name): Text 'J2312-05:&6-yqbA'' is set on object 'Object Repository/Bill/Page_Create new bill  Bills  Firefly III/input_name'

02-01-2024T11:35:30 - [MESSAGE][PASSED] - Text 'J2312-05:&6-yqbA'' is set on object 'Object Repository/Bill/Page_Create new bill  Bills  Firefly III/input_name'

02-01-2024T11:35:30 - [TEST_STEP][PASSED] - setText(findTestObject("Object Repository/Bill/Page_Create new bill  Bills  Firefly III/input_amount_min"), min_amount): Text '18065' is set on object 'Object Repository/Bill/Page_Create new bill  Bills  Firefly III/input_amount_min'

02-01-2024T11:35:31 - [MESSAGE][PASSED] - Text '18065' is set on object 'Object Repository/Bill/Page_Create new bill  Bills  Firefly III/input_amount_min'

02-01-2024T11:35:31 - [TEST_STEP][PASSED] - setText(findTestObject("Object Repository/Bill/Page_Create new bill  Bills  Firefly III/input_amount_max"), max_amount): Text '77579' is set on object 'Object Repository/Bill/Page_Create new bill  Bills  Firefly III/input_amount_max'

02-01-2024T11:35:31 - [MESSAGE][PASSED] - Text '77579' is set on object 'Object Repository/Bill/Page_Create new bill  Bills  Firefly III/input_amount_max'

02-01-2024T11:35:31 - [TEST_STEP][PASSED] - setText(findTestObject("Bill/Page_Create new bill  Bills  Firefly III/input_date"), date): Text '06/01/2023' is set on object 'Object Repository/Bill/Page_Create new bill  Bills  Firefly III/input_date'

02-01-2024T11:35:32 - [MESSAGE][PASSED] - Text '06/01/2023' is set on object 'Object Repository/Bill/Page_Create new bill  Bills  Firefly III/input_date'

02-01-2024T11:35:32 - [TEST_STEP][PASSED] - selectOptionByLabel(findTestObject("Object Repository/Bill/Page_Create new bill  Bills  Firefly III/select_dailyweeklymonthlyquarterlyevery hal_79c7c6"), repeats, true): All options with label 'weekly' are selected in object 'Object Repository/Bill/Page_Create new bill  Bills  Firefly III/select_dailyweeklymonthlyquarterlyevery hal_79c7c6'  using regular expression

02-01-2024T11:35:33 - [MESSAGE][PASSED] - All options with label 'weekly' are selected in object 'Object Repository/Bill/Page_Create new bill  Bills  Firefly III/select_dailyweeklymonthlyquarterlyevery hal_79c7c6'  using regular expression

02-01-2024T11:35:33 - [TEST_STEP][PASSED] - setText(findTestObject("Object Repository/Bill/Page_Create new bill  Bills  Firefly III/input_skip"), skip): Text '19' is set on object 'Object Repository/Bill/Page_Create new bill  Bills  Firefly III/input_skip'

02-01-2024T11:35:33 - [MESSAGE][PASSED] - Text '19' is set on object 'Object Repository/Bill/Page_Create new bill  Bills  Firefly III/input_skip'

02-01-2024T11:35:33 - [TEST_STEP][PASSED] - setText(findTestObject("Bill/Page_Create new bill  Bills  Firefly III/input_end_date"), end_date): Text '11/25/2023' is set on object 'Object Repository/Bill/Page_Create new bill  Bills  Firefly III/input_end_date'

02-01-2024T11:35:34 - [MESSAGE][PASSED] - Text '11/25/2023' is set on object 'Object Repository/Bill/Page_Create new bill  Bills  Firefly III/input_end_date'

02-01-2024T11:35:34 - [TEST_STEP][PASSED] - setText(findTestObject("Bill/Page_Create new bill  Bills  Firefly III/input_extension_date"), extension_date): Text '' is set on object 'Object Repository/Bill/Page_Create new bill  Bills  Firefly III/input_extension_date'

02-01-2024T11:35:34 - [MESSAGE][PASSED] - Text '' is set on object 'Object Repository/Bill/Page_Create new bill  Bills  Firefly III/input_extension_date'

02-01-2024T11:35:34 - [TEST_STEP][PASSED] - setText(findTestObject("Object Repository/Bill/Page_Create new bill  Bills  Firefly III/textarea_notes"), notes): Text 'Aliquam sit amet diam in magna bibendum imperdiet. Nullam orci pede, venenatis non, sodales sed, tincidunt eu, felis. Fusce posuere felis sed lacus. Morbi sem mauris, laoreet ut, rhoncus aliquet, pulvinar sed, nisl. Nunc rhoncus dui vel sem. Sed sagittis. Nam congue, risus semper porta volutpat, quam pede lobortis ligula, sit amet eleifend pede libero quis orci. Nullam molestie nibh in lectus. Pellentesque at nulla. Suspendisse potenti. Cras in purus eu magna vulputate luctus. Cum sociis natoque penatibus et magnis dis parturient montes, nascetur ridiculus mus. Vivamus vestibulum sagittis sapien. Cum sociis natoque penatibus et magnis dis parturient montes, nascetur ridiculus mus. Etiam vel augue. Vestibulum rutrum rutrum neque. Aenean auctor gravida sem. Praesent id massa id nisl venenatis lacinia. Aenean sit amet justo. Morbi ut odio. Cras mi pede, malesuada in, imperdiet et, commodo vulputate, justo. In blandit ultrices enim. Lorem ipsum dolor sit amet, consectetuer adipiscing elit. Proin interdum mauris non ligula pellentesque ultrices. Phasellus id sapien in sapien iaculis congue. Vivamus metus arcu, adipiscing molestie, hendrerit at, vulputate vitae, nisl. Aenean lectus. Pellentesque eget nunc. Donec quis orci eget orci vehicula condimentum. Curabitur in libero ut massa volutpat convallis. Morbi odio odio, elementum eu, interdum eu, tincidunt in, leo. Maecenas pulvinar lobortis est. Phasellus sit amet erat. Nulla tempus. Vivamus in felis eu sapien cursus vestibulum. Proin eu mi.' is set on object 'Object Repository/Bill/Page_Create new bill  Bills  Firefly III/textarea_notes'

02-01-2024T11:35:36 - [MESSAGE][PASSED] - Text 'Aliquam sit amet diam in magna bibendum imperdiet. Nullam orci pede, venenatis non, sodales sed, tincidunt eu, felis. Fusce posuere felis sed lacus. Morbi sem mauris, laoreet ut, rhoncus aliquet, pulvinar sed, nisl. Nunc rhoncus dui vel sem. Sed sagittis. Nam congue, risus semper porta volutpat, quam pede lobortis ligula, sit amet eleifend pede libero quis orci. Nullam molestie nibh in lectus. Pellentesque at nulla. Suspendisse potenti. Cras in purus eu magna vulputate luctus. Cum sociis natoque penatibus et magnis dis parturient montes, nascetur ridiculus mus. Vivamus vestibulum sagittis sapien. Cum sociis natoque penatibus et magnis dis parturient montes, nascetur ridiculus mus. Etiam vel augue. Vestibulum rutrum rutrum neque. Aenean auctor gravida sem. Praesent id massa id nisl venenatis lacinia. Aenean sit amet justo. Morbi ut odio. Cras mi pede, malesuada in, imperdiet et, commodo vulputate, justo. In blandit ultrices enim. Lorem ipsum dolor sit amet, consectetuer adipiscing elit. Proin interdum mauris non ligula pellentesque ultrices. Phasellus id sapien in sapien iaculis congue. Vivamus metus arcu, adipiscing molestie, hendrerit at, vulputate vitae, nisl. Aenean lectus. Pellentesque eget nunc. Donec quis orci eget orci vehicula condimentum. Curabitur in libero ut massa volutpat convallis. Morbi odio odio, elementum eu, interdum eu, tincidunt in, leo. Maecenas pulvinar lobortis est. Phasellus sit amet erat. Nulla tempus. Vivamus in felis eu sapien cursus vestibulum. Proin eu mi.' is set on object 'Object Repository/Bill/Page_Create new bill  Bills  Firefly III/textarea_notes'

02-01-2024T11:35:36 - [TEST_STEP][PASSED] - isFileLimit = false: null

02-01-2024T11:35:36 - [TEST_STEP][PASSED] - if (attachments): File 'E:\school\software_testing\G1_Firefly_testing\Attachments File\Report_1MB.csv' sent to object: 'Object Repository/Create a new asset account/Page_Create a new asset account  Accounts  _ced620/upload file'

02-01-2024T11:35:36 - [TEST_STEP][PASSED] - absolutePath = normalize().toString(): null

02-01-2024T11:35:36 - [TEST_STEP][PASSED] - uploadFile(findTestObject("Create a new asset account/Page_Create a new asset account  Accounts  _ced620/upload file"), absolutePath): File 'E:\school\software_testing\G1_Firefly_testing\Attachments File\Report_1MB.csv' sent to object: 'Object Repository/Create a new asset account/Page_Create a new asset account  Accounts  _ced620/upload file'

02-01-2024T11:35:36 - [MESSAGE][PASSED] - File 'E:\school\software_testing\G1_Firefly_testing\Attachments File\Report_1MB.csv' sent to object: 'Object Repository/Create a new asset account/Page_Create a new asset account  Accounts  _ced620/upload file'

02-01-2024T11:35:36 - [TEST_STEP][PASSED] - if (attachments == "Attachments File/Report_65MB.csv"): null

02-01-2024T11:35:36 - [TEST_STEP][PASSED] - setText(findTestObject("Object Repository/Bill/Page_Create new bill  Bills  Firefly III/input_object_group"), group): Text 'Alphazap' is set on object 'Object Repository/Bill/Page_Create new bill  Bills  Firefly III/input_object_group'

02-01-2024T11:35:37 - [MESSAGE][PASSED] - Text 'Alphazap' is set on object 'Object Repository/Bill/Page_Create new bill  Bills  Firefly III/input_object_group'

02-01-2024T11:35:37 - [TEST_STEP][PASSED] - click(findTestObject("Object Repository/Bill/Page_Create new bill  Bills  Firefly III/button_Store new bill")): Object: 'Object Repository/Bill/Page_Create new bill  Bills  Firefly III/button_Store new bill' is clicked on

02-01-2024T11:35:39 - [MESSAGE][PASSED] - Object: 'Object Repository/Bill/Page_Create new bill  Bills  Firefly III/button_Store new bill' is clicked on

02-01-2024T11:35:39 - [TEST_STEP][FAILED] - try: Unable to verify object 'Object Repository/Shared_alert/text_dangers' is present (Root cause: com.kms.katalon.core.exception.StepFailedException: Unable to verify object 'Object Repository/Shared_alert/text_dangers' is present
	at com.kms.katalon.core.webui.keyword.internal.WebUIKeywordMain.stepFailed(WebUIKeywordMain.groovy:64)
	at com.kms.katalon.core.webui.keyword.internal.WebUIKeywordMain.runKeyword(WebUIKeywordMain.groovy:26)
	at com.kms.katalon.core.webui.keyword.builtin.VerifyElementPresentKeyword.verifyElementPresent(VerifyElementPresentKeyword.groovy:92)
	at com.kms.katalon.core.webui.keyword.builtin.VerifyElementPresentKeyword.execute(VerifyElementPresentKeyword.groovy:68)
	at com.kms.katalon.core.keyword.internal.KeywordExecutor.executeKeywordForPlatform(KeywordExecutor.groovy:74)
	at com.kms.katalon.core.webui.keyword.WebUiBuiltInKeywords.verifyElementPresent(WebUiBuiltInKeywords.groovy:1503)
	at Bill.run(Bill:71)
	at com.kms.katalon.core.main.ScriptEngine.run(ScriptEngine.java:194)
	at com.kms.katalon.core.main.ScriptEngine.runScriptAsRawText(ScriptEngine.java:119)
	at com.kms.katalon.core.main.TestCaseExecutor.runScript(TestCaseExecutor.java:448)
	at com.kms.katalon.core.main.TestCaseExecutor.doExecute(TestCaseExecutor.java:439)
	at com.kms.katalon.core.main.TestCaseExecutor.processExecutionPhase(TestCaseExecutor.java:418)
	at com.kms.katalon.core.main.TestCaseExecutor.accessMainPhase(TestCaseExecutor.java:410)
	at com.kms.katalon.core.main.TestCaseExecutor.execute(TestCaseExecutor.java:285)
	at com.kms.katalon.core.common.CommonExecutor.accessTestCaseMainPhase(CommonExecutor.java:65)
	at com.kms.katalon.core.main.TestSuiteExecutor.accessTestSuiteMainPhase(TestSuiteExecutor.java:148)
	at com.kms.katalon.core.main.TestSuiteExecutor.execute(TestSuiteExecutor.java:106)
	at com.kms.katalon.core.main.TestCaseMain.startTestSuite(TestCaseMain.java:180)
	at TempTestSuite1704170033761.run(TempTestSuite1704170033761.groovy:36)
	at java.base/jdk.internal.reflect.NativeMethodAccessorImpl.invoke0(Native Method)
	at java.base/jdk.internal.reflect.NativeMethodAccessorImpl.invoke(NativeMethodAccessorImpl.java:77)
	at java.base/jdk.internal.reflect.DelegatingMethodAccessorImpl.invoke(DelegatingMethodAccessorImpl.java:43)
Caused by: com.kms.katalon.core.exception.StepFailedException: com.kms.katalon.core.webui.exception.WebElementNotFoundException: Web element with id: 'Object Repository/Shared_alert/text_dangers' located by '.text-danger' not found
	at com.kms.katalon.core.webui.keyword.internal.WebUIKeywordMain.stepFailed(WebUIKeywordMain.groovy:64)
	at com.kms.katalon.core.webui.keyword.builtin.VerifyElementPresentKeyword$_verifyElementPresent_closure1.doCall(VerifyElementPresentKeyword.groovy:85)
	at com.kms.katalon.core.webui.keyword.builtin.VerifyElementPresentKeyword$_verifyElementPresent_closure1.call(VerifyElementPresentKeyword.groovy)
	at com.kms.katalon.core.webui.keyword.internal.WebUIKeywordMain.runKeyword(WebUIKeywordMain.groovy:20)
	... 20 more
)

02-01-2024T11:35:39 - [TEST_STEP][FAILED] - verifyElementPresent(findTestObject("Shared_alert/text_dangers"), 1): Unable to verify object 'Object Repository/Shared_alert/text_dangers' is present (Root cause: com.kms.katalon.core.exception.StepFailedException: Unable to verify object 'Object Repository/Shared_alert/text_dangers' is present
	at com.kms.katalon.core.webui.keyword.internal.WebUIKeywordMain.stepFailed(WebUIKeywordMain.groovy:64)
	at com.kms.katalon.core.webui.keyword.internal.WebUIKeywordMain.runKeyword(WebUIKeywordMain.groovy:26)
	at com.kms.katalon.core.webui.keyword.builtin.VerifyElementPresentKeyword.verifyElementPresent(VerifyElementPresentKeyword.groovy:92)
	at com.kms.katalon.core.webui.keyword.builtin.VerifyElementPresentKeyword.execute(VerifyElementPresentKeyword.groovy:68)
	at com.kms.katalon.core.keyword.internal.KeywordExecutor.executeKeywordForPlatform(KeywordExecutor.groovy:74)
	at com.kms.katalon.core.webui.keyword.WebUiBuiltInKeywords.verifyElementPresent(WebUiBuiltInKeywords.groovy:1503)
	at Bill.run(Bill:71)
	at com.kms.katalon.core.main.ScriptEngine.run(ScriptEngine.java:194)
	at com.kms.katalon.core.main.ScriptEngine.runScriptAsRawText(ScriptEngine.java:119)
	at com.kms.katalon.core.main.TestCaseExecutor.runScript(TestCaseExecutor.java:448)
	at com.kms.katalon.core.main.TestCaseExecutor.doExecute(TestCaseExecutor.java:439)
	at com.kms.katalon.core.main.TestCaseExecutor.processExecutionPhase(TestCaseExecutor.java:418)
	at com.kms.katalon.core.main.TestCaseExecutor.accessMainPhase(TestCaseExecutor.java:410)
	at com.kms.katalon.core.main.TestCaseExecutor.execute(TestCaseExecutor.java:285)
	at com.kms.katalon.core.common.CommonExecutor.accessTestCaseMainPhase(CommonExecutor.java:65)
	at com.kms.katalon.core.main.TestSuiteExecutor.accessTestSuiteMainPhase(TestSuiteExecutor.java:148)
	at com.kms.katalon.core.main.TestSuiteExecutor.execute(TestSuiteExecutor.java:106)
	at com.kms.katalon.core.main.TestCaseMain.startTestSuite(TestCaseMain.java:180)
	at TempTestSuite1704170033761.run(TempTestSuite1704170033761.groovy:36)
	at java.base/jdk.internal.reflect.NativeMethodAccessorImpl.invoke0(Native Method)
	at java.base/jdk.internal.reflect.NativeMethodAccessorImpl.invoke(NativeMethodAccessorImpl.java:77)
	at java.base/jdk.internal.reflect.DelegatingMethodAccessorImpl.invoke(DelegatingMethodAccessorImpl.java:43)
Caused by: com.kms.katalon.core.exception.StepFailedException: com.kms.katalon.core.webui.exception.WebElementNotFoundException: Web element with id: 'Object Repository/Shared_alert/text_dangers' located by '.text-danger' not found
	at com.kms.katalon.core.webui.keyword.internal.WebUIKeywordMain.stepFailed(WebUIKeywordMain.groovy:64)
	at com.kms.katalon.core.webui.keyword.builtin.VerifyElementPresentKeyword$_verifyElementPresent_closure1.doCall(VerifyElementPresentKeyword.groovy:85)
	at com.kms.katalon.core.webui.keyword.builtin.VerifyElementPresentKeyword$_verifyElementPresent_closure1.call(VerifyElementPresentKeyword.groovy)
	at com.kms.katalon.core.webui.keyword.internal.WebUIKeywordMain.runKeyword(WebUIKeywordMain.groovy:20)
	... 20 more
)

02-01-2024T11:35:41 - [MESSAGE][INFO] - Unable to find the element located by 'By.cssSelector: .text-danger'. Please recheck the objects properties to make sure the desired element is located. 

02-01-2024T11:35:41 - [MESSAGE][FAILED] - com.kms.katalon.core.webui.exception.WebElementNotFoundException: Web element with id: 'Object Repository/Shared_alert/text_dangers' located by '.text-danger' not found (Root cause: com.kms.katalon.core.exception.StepFailedException: com.kms.katalon.core.webui.exception.WebElementNotFoundException: Web element with id: 'Object Repository/Shared_alert/text_dangers' located by '.text-danger' not found
	at com.kms.katalon.core.webui.keyword.internal.WebUIKeywordMain.stepFailed(WebUIKeywordMain.groovy:64)
	at com.kms.katalon.core.webui.keyword.builtin.VerifyElementPresentKeyword$_verifyElementPresent_closure1.doCall(VerifyElementPresentKeyword.groovy:85)
	at com.kms.katalon.core.webui.keyword.builtin.VerifyElementPresentKeyword$_verifyElementPresent_closure1.call(VerifyElementPresentKeyword.groovy)
	at com.kms.katalon.core.webui.keyword.internal.WebUIKeywordMain.runKeyword(WebUIKeywordMain.groovy:20)
	at com.kms.katalon.core.webui.keyword.builtin.VerifyElementPresentKeyword.verifyElementPresent(VerifyElementPresentKeyword.groovy:92)
	at com.kms.katalon.core.webui.keyword.builtin.VerifyElementPresentKeyword.execute(VerifyElementPresentKeyword.groovy:68)
	at com.kms.katalon.core.keyword.internal.KeywordExecutor.executeKeywordForPlatform(KeywordExecutor.groovy:74)
	at com.kms.katalon.core.webui.keyword.WebUiBuiltInKeywords.verifyElementPresent(WebUiBuiltInKeywords.groovy:1503)
	at Bill.run(Bill:71)
	at com.kms.katalon.core.main.ScriptEngine.run(ScriptEngine.java:194)
	at com.kms.katalon.core.main.ScriptEngine.runScriptAsRawText(ScriptEngine.java:119)
	at com.kms.katalon.core.main.TestCaseExecutor.runScript(TestCaseExecutor.java:448)
	at com.kms.katalon.core.main.TestCaseExecutor.doExecute(TestCaseExecutor.java:439)
	at com.kms.katalon.core.main.TestCaseExecutor.processExecutionPhase(TestCaseExecutor.java:418)
	at com.kms.katalon.core.main.TestCaseExecutor.accessMainPhase(TestCaseExecutor.java:410)
	at com.kms.katalon.core.main.TestCaseExecutor.execute(TestCaseExecutor.java:285)
	at com.kms.katalon.core.common.CommonExecutor.accessTestCaseMainPhase(CommonExecutor.java:65)
	at com.kms.katalon.core.main.TestSuiteExecutor.accessTestSuiteMainPhase(TestSuiteExecutor.java:148)
	at com.kms.katalon.core.main.TestSuiteExecutor.execute(TestSuiteExecutor.java:106)
	at com.kms.katalon.core.main.TestCaseMain.startTestSuite(TestCaseMain.java:180)
	at TempTestSuite1704170033761.run(TempTestSuite1704170033761.groovy:36)
	at java.base/jdk.internal.reflect.NativeMethodAccessorImpl.invoke0(Native Method)
	at java.base/jdk.internal.reflect.NativeMethodAccessorImpl.invoke(NativeMethodAccessorImpl.java:77)
	at java.base/jdk.internal.reflect.DelegatingMethodAccessorImpl.invoke(DelegatingMethodAccessorImpl.java:43)
)
[[ATTACHMENT|E:\\school\\software_testing\\G1_Firefly_testing\\Reports\\20240102_113352\\Bill Suite\\20240102_113353\\1704170141308.png]]

02-01-2024T11:35:41 - [MESSAGE][FAILED] - Unable to verify object 'Object Repository/Shared_alert/text_dangers' is present (Root cause: com.kms.katalon.core.exception.StepFailedException: Unable to verify object 'Object Repository/Shared_alert/text_dangers' is present
	at com.kms.katalon.core.webui.keyword.internal.WebUIKeywordMain.stepFailed(WebUIKeywordMain.groovy:64)
	at com.kms.katalon.core.webui.keyword.internal.WebUIKeywordMain.runKeyword(WebUIKeywordMain.groovy:26)
	at com.kms.katalon.core.webui.keyword.builtin.VerifyElementPresentKeyword.verifyElementPresent(VerifyElementPresentKeyword.groovy:92)
	at com.kms.katalon.core.webui.keyword.builtin.VerifyElementPresentKeyword.execute(VerifyElementPresentKeyword.groovy:68)
	at com.kms.katalon.core.keyword.internal.KeywordExecutor.executeKeywordForPlatform(KeywordExecutor.groovy:74)
	at com.kms.katalon.core.webui.keyword.WebUiBuiltInKeywords.verifyElementPresent(WebUiBuiltInKeywords.groovy:1503)
	at Bill.run(Bill:71)
	at com.kms.katalon.core.main.ScriptEngine.run(ScriptEngine.java:194)
	at com.kms.katalon.core.main.ScriptEngine.runScriptAsRawText(ScriptEngine.java:119)
	at com.kms.katalon.core.main.TestCaseExecutor.runScript(TestCaseExecutor.java:448)
	at com.kms.katalon.core.main.TestCaseExecutor.doExecute(TestCaseExecutor.java:439)
	at com.kms.katalon.core.main.TestCaseExecutor.processExecutionPhase(TestCaseExecutor.java:418)
	at com.kms.katalon.core.main.TestCaseExecutor.accessMainPhase(TestCaseExecutor.java:410)
	at com.kms.katalon.core.main.TestCaseExecutor.execute(TestCaseExecutor.java:285)
	at com.kms.katalon.core.common.CommonExecutor.accessTestCaseMainPhase(CommonExecutor.java:65)
	at com.kms.katalon.core.main.TestSuiteExecutor.accessTestSuiteMainPhase(TestSuiteExecutor.java:148)
	at com.kms.katalon.core.main.TestSuiteExecutor.execute(TestSuiteExecutor.java:106)
	at com.kms.katalon.core.main.TestCaseMain.startTestSuite(TestCaseMain.java:180)
	at TempTestSuite1704170033761.run(TempTestSuite1704170033761.groovy:36)
	at java.base/jdk.internal.reflect.NativeMethodAccessorImpl.invoke0(Native Method)
	at java.base/jdk.internal.reflect.NativeMethodAccessorImpl.invoke(NativeMethodAccessorImpl.java:77)
	at java.base/jdk.internal.reflect.DelegatingMethodAccessorImpl.invoke(DelegatingMethodAccessorImpl.java:43)
Caused by: com.kms.katalon.core.exception.StepFailedException: com.kms.katalon.core.webui.exception.WebElementNotFoundException: Web element with id: 'Object Repository/Shared_alert/text_dangers' located by '.text-danger' not found
	at com.kms.katalon.core.webui.keyword.internal.WebUIKeywordMain.stepFailed(WebUIKeywordMain.groovy:64)
	at com.kms.katalon.core.webui.keyword.builtin.VerifyElementPresentKeyword$_verifyElementPresent_closure1.doCall(VerifyElementPresentKeyword.groovy:85)
	at com.kms.katalon.core.webui.keyword.builtin.VerifyElementPresentKeyword$_verifyElementPresent_closure1.call(VerifyElementPresentKeyword.groovy)
	at com.kms.katalon.core.webui.keyword.internal.WebUIKeywordMain.runKeyword(WebUIKeywordMain.groovy:20)
	... 20 more
)
[[ATTACHMENT|E:\\school\\software_testing\\G1_Firefly_testing\\Reports\\20240102_113352\\Bill Suite\\20240102_113353\\1704170141409.png]]

02-01-2024T11:35:41 - [TEST_STEP][PASSED] - catch (Exception err): null

02-01-2024T11:35:41 - [TEST_STEP][PASSED] - assert verifyElementPresent(findTestObject("Shared_alert/success_alert_budget"), 1) == true: Object 'Object Repository/Shared_alert/success_alert_budget' is present

02-01-2024T11:35:41 - [MESSAGE][PASSED] - Object 'Object Repository/Shared_alert/success_alert_budget' is present

02-01-2024T11:35:41 - [TEST_STEP][PASSED] - out.println("success"): null

02-01-2024T11:35:41 - [TEST_STEP][PASSED] - if (max_amount != "" && min_amount != ""): null

02-01-2024T11:35:41 - [TEST_STEP][PASSED] - assert Float.parseFloat(max_amount) >= Float.parseFloat(min_amount): null

02-01-2024T11:35:41 - [TEST_STEP][PASSED] - closeBrowser(): Browser is closed

02-01-2024T11:35:42 - [MESSAGE][PASSED] - Browser is closed]]></system-out>
         <system-err><![CDATA[]]></system-err>
      </testcase>
      <testcase name="Test Cases/Bill" time="15.453" classname="Test Cases/Bill" status="FAILED">
         <failure type="FAILED" message="Test Cases/Bill FAILED.&#xa;Reason:&#xa;Assertion failed: &#xa;&#xa;assert Float.parseFloat(max_amount)>= Float.parseFloat(min_amount)&#xa;             |          |          |        |          |&#xa;             24570.0    '24570'    false    90463.0    '90463'&#xa;&#xa;	at Bill.run(Bill:83)&#xa;	at com.kms.katalon.core.main.ScriptEngine.run(ScriptEngine.java:194)&#xa;	at com.kms.katalon.core.main.ScriptEngine.runScriptAsRawText(ScriptEngine.java:119)&#xa;	at com.kms.katalon.core.main.TestCaseExecutor.runScript(TestCaseExecutor.java:448)&#xa;	at com.kms.katalon.core.main.TestCaseExecutor.doExecute(TestCaseExecutor.java:439)&#xa;	at com.kms.katalon.core.main.TestCaseExecutor.processExecutionPhase(TestCaseExecutor.java:418)&#xa;	at com.kms.katalon.core.main.TestCaseExecutor.accessMainPhase(TestCaseExecutor.java:410)&#xa;	at com.kms.katalon.core.main.TestCaseExecutor.execute(TestCaseExecutor.java:285)&#xa;	at com.kms.katalon.core.common.CommonExecutor.accessTestCaseMainPhase(CommonExecutor.java:65)&#xa;	at com.kms.katalon.core.main.TestSuiteExecutor.accessTestSuiteMainPhase(TestSuiteExecutor.java:148)&#xa;	at com.kms.katalon.core.main.TestSuiteExecutor.execute(TestSuiteExecutor.java:106)&#xa;	at com.kms.katalon.core.main.TestCaseMain.startTestSuite(TestCaseMain.java:180)&#xa;	at TempTestSuite1704170033761.run(TempTestSuite1704170033761.groovy:36)&#xa;	at java.base/jdk.internal.reflect.NativeMethodAccessorImpl.invoke0(Native Method)&#xa;	at java.base/jdk.internal.reflect.NativeMethodAccessorImpl.invoke(NativeMethodAccessorImpl.java:77)&#xa;	at java.base/jdk.internal.reflect.DelegatingMethodAccessorImpl.invoke(DelegatingMethodAccessorImpl.java:43)&#xa;"/>
         <system-out><![CDATA[02-01-2024T11:35:42 - [TEST_CASE][FAILED] - Test Cases/Bill: Test Cases/Bill FAILED.
Reason:
Assertion failed: 

assert Float.parseFloat(max_amount)>= Float.parseFloat(min_amount)
             |          |          |        |          |
             24570.0    '24570'    false    90463.0    '90463'

	at Bill.run(Bill:83)
	at com.kms.katalon.core.main.ScriptEngine.run(ScriptEngine.java:194)
	at com.kms.katalon.core.main.ScriptEngine.runScriptAsRawText(ScriptEngine.java:119)
	at com.kms.katalon.core.main.TestCaseExecutor.runScript(TestCaseExecutor.java:448)
	at com.kms.katalon.core.main.TestCaseExecutor.doExecute(TestCaseExecutor.java:439)
	at com.kms.katalon.core.main.TestCaseExecutor.processExecutionPhase(TestCaseExecutor.java:418)
	at com.kms.katalon.core.main.TestCaseExecutor.accessMainPhase(TestCaseExecutor.java:410)
	at com.kms.katalon.core.main.TestCaseExecutor.execute(TestCaseExecutor.java:285)
	at com.kms.katalon.core.common.CommonExecutor.accessTestCaseMainPhase(CommonExecutor.java:65)
	at com.kms.katalon.core.main.TestSuiteExecutor.accessTestSuiteMainPhase(TestSuiteExecutor.java:148)
	at com.kms.katalon.core.main.TestSuiteExecutor.execute(TestSuiteExecutor.java:106)
	at com.kms.katalon.core.main.TestCaseMain.startTestSuite(TestCaseMain.java:180)
	at TempTestSuite1704170033761.run(TempTestSuite1704170033761.groovy:36)
	at java.base/jdk.internal.reflect.NativeMethodAccessorImpl.invoke0(Native Method)
	at java.base/jdk.internal.reflect.NativeMethodAccessorImpl.invoke(NativeMethodAccessorImpl.java:77)
	at java.base/jdk.internal.reflect.DelegatingMethodAccessorImpl.invoke(DelegatingMethodAccessorImpl.java:43)


02-01-2024T11:35:42 - [TEST_STEP][PASSED] - openBrowser(""): Browser is opened with url: ''

02-01-2024T11:35:42 - [MESSAGE][INFO] - Starting 'Chrome' driver

02-01-2024T11:35:42 - [MESSAGE][INFO] - Action delay is set to 0 milliseconds

02-01-2024T11:35:43 - [MESSAGE][PASSED] - Browser is opened with url: ''

02-01-2024T11:35:43 - [TEST_STEP][PASSED] - navigateToUrl("https://firefly.buudadawg.online/login"): Navigate to 'https://firefly.buudadawg.online/login' successfully

02-01-2024T11:35:43 - [MESSAGE][PASSED] - Navigate to 'https://firefly.buudadawg.online/login' successfully

02-01-2024T11:35:43 - [TEST_STEP][PASSED] - setText(findTestObject("Object Repository/Bill/Page_Login to Firefly III/input_email"), "khoacraphotograph@gmail.com"): Text 'khoacraphotograph@gmail.com' is set on object 'Object Repository/Bill/Page_Login to Firefly III/input_email'

02-01-2024T11:35:44 - [MESSAGE][PASSED] - Text 'khoacraphotograph@gmail.com' is set on object 'Object Repository/Bill/Page_Login to Firefly III/input_email'

02-01-2024T11:35:44 - [TEST_STEP][PASSED] - setEncryptedText(findTestObject("Object Repository/Bill/Page_Login to Firefly III/input_password"), "krbqsEPTyj+/ySZvycc2bfHXjZyOJWOA"): Text ****** has been set on object 'Object Repository/Bill/Page_Login to Firefly III/input_password'

02-01-2024T11:35:44 - [MESSAGE][PASSED] - Text ****** has been set on object 'Object Repository/Bill/Page_Login to Firefly III/input_password'

02-01-2024T11:35:44 - [TEST_STEP][PASSED] - click(findTestObject("Object Repository/Bill/Page_Login to Firefly III/button_Sign in")): Object: 'Object Repository/Bill/Page_Login to Firefly III/button_Sign in' is clicked on

02-01-2024T11:35:45 - [MESSAGE][PASSED] - Object: 'Object Repository/Bill/Page_Login to Firefly III/button_Sign in' is clicked on

02-01-2024T11:35:45 - [TEST_STEP][PASSED] - click(findTestObject("Object Repository/Bill/Page_Whats playing  Firefly III/a_Bills")): Object: 'Object Repository/Bill/Page_Whats playing  Firefly III/a_Bills' is clicked on

02-01-2024T11:35:47 - [MESSAGE][PASSED] - Object: 'Object Repository/Bill/Page_Whats playing  Firefly III/a_Bills' is clicked on

02-01-2024T11:35:47 - [TEST_STEP][PASSED] - click(findTestObject("Object Repository/Bill/Page_Bills  Firefly III/a_Create new bill")): Object: 'Object Repository/Bill/Page_Bills  Firefly III/a_Create new bill' is clicked on

02-01-2024T11:35:48 - [MESSAGE][PASSED] - Object: 'Object Repository/Bill/Page_Bills  Firefly III/a_Create new bill' is clicked on

02-01-2024T11:35:48 - [TEST_STEP][PASSED] - setText(findTestObject("Object Repository/Bill/Page_Create new bill  Bills  Firefly III/input_name"), name): Text 'A2312-16:&0-ecd2'' is set on object 'Object Repository/Bill/Page_Create new bill  Bills  Firefly III/input_name'

02-01-2024T11:35:49 - [MESSAGE][PASSED] - Text 'A2312-16:&0-ecd2'' is set on object 'Object Repository/Bill/Page_Create new bill  Bills  Firefly III/input_name'

02-01-2024T11:35:49 - [TEST_STEP][PASSED] - setText(findTestObject("Object Repository/Bill/Page_Create new bill  Bills  Firefly III/input_amount_min"), min_amount): Text '90463' is set on object 'Object Repository/Bill/Page_Create new bill  Bills  Firefly III/input_amount_min'

02-01-2024T11:35:49 - [MESSAGE][PASSED] - Text '90463' is set on object 'Object Repository/Bill/Page_Create new bill  Bills  Firefly III/input_amount_min'

02-01-2024T11:35:49 - [TEST_STEP][PASSED] - setText(findTestObject("Object Repository/Bill/Page_Create new bill  Bills  Firefly III/input_amount_max"), max_amount): Text '24570' is set on object 'Object Repository/Bill/Page_Create new bill  Bills  Firefly III/input_amount_max'

02-01-2024T11:35:50 - [MESSAGE][PASSED] - Text '24570' is set on object 'Object Repository/Bill/Page_Create new bill  Bills  Firefly III/input_amount_max'

02-01-2024T11:35:50 - [TEST_STEP][PASSED] - setText(findTestObject("Bill/Page_Create new bill  Bills  Firefly III/input_date"), date): Text '' is set on object 'Object Repository/Bill/Page_Create new bill  Bills  Firefly III/input_date'

02-01-2024T11:35:50 - [MESSAGE][PASSED] - Text '' is set on object 'Object Repository/Bill/Page_Create new bill  Bills  Firefly III/input_date'

02-01-2024T11:35:50 - [TEST_STEP][PASSED] - selectOptionByLabel(findTestObject("Object Repository/Bill/Page_Create new bill  Bills  Firefly III/select_dailyweeklymonthlyquarterlyevery hal_79c7c6"), repeats, true): All options with label 'yearly' are selected in object 'Object Repository/Bill/Page_Create new bill  Bills  Firefly III/select_dailyweeklymonthlyquarterlyevery hal_79c7c6'  using regular expression

02-01-2024T11:35:51 - [MESSAGE][PASSED] - All options with label 'yearly' are selected in object 'Object Repository/Bill/Page_Create new bill  Bills  Firefly III/select_dailyweeklymonthlyquarterlyevery hal_79c7c6'  using regular expression

02-01-2024T11:35:51 - [TEST_STEP][PASSED] - setText(findTestObject("Object Repository/Bill/Page_Create new bill  Bills  Firefly III/input_skip"), skip): Text '21' is set on object 'Object Repository/Bill/Page_Create new bill  Bills  Firefly III/input_skip'

02-01-2024T11:35:52 - [MESSAGE][PASSED] - Text '21' is set on object 'Object Repository/Bill/Page_Create new bill  Bills  Firefly III/input_skip'

02-01-2024T11:35:52 - [TEST_STEP][PASSED] - setText(findTestObject("Bill/Page_Create new bill  Bills  Firefly III/input_end_date"), end_date): Text '05/05/2023' is set on object 'Object Repository/Bill/Page_Create new bill  Bills  Firefly III/input_end_date'

02-01-2024T11:35:52 - [MESSAGE][PASSED] - Text '05/05/2023' is set on object 'Object Repository/Bill/Page_Create new bill  Bills  Firefly III/input_end_date'

02-01-2024T11:35:52 - [TEST_STEP][PASSED] - setText(findTestObject("Bill/Page_Create new bill  Bills  Firefly III/input_extension_date"), extension_date): Text '' is set on object 'Object Repository/Bill/Page_Create new bill  Bills  Firefly III/input_extension_date'

02-01-2024T11:35:53 - [MESSAGE][PASSED] - Text '' is set on object 'Object Repository/Bill/Page_Create new bill  Bills  Firefly III/input_extension_date'

02-01-2024T11:35:53 - [TEST_STEP][PASSED] - setText(findTestObject("Object Repository/Bill/Page_Create new bill  Bills  Firefly III/textarea_notes"), notes): Text 'In blandit ultrices enim. Lorem ipsum dolor sit amet, consectetuer adipiscing elit. Proin interdum mauris non ligula pellentesque ultrices. Phasellus id sapien in sapien iaculis congue. Vivamus metus arcu, adipiscing molestie, hendrerit at, vulputate vitae, nisl. Aenean lectus. Pellentesque eget nunc.' is set on object 'Object Repository/Bill/Page_Create new bill  Bills  Firefly III/textarea_notes'

02-01-2024T11:35:54 - [MESSAGE][PASSED] - Text 'In blandit ultrices enim. Lorem ipsum dolor sit amet, consectetuer adipiscing elit. Proin interdum mauris non ligula pellentesque ultrices. Phasellus id sapien in sapien iaculis congue. Vivamus metus arcu, adipiscing molestie, hendrerit at, vulputate vitae, nisl. Aenean lectus. Pellentesque eget nunc.' is set on object 'Object Repository/Bill/Page_Create new bill  Bills  Firefly III/textarea_notes'

02-01-2024T11:35:54 - [TEST_STEP][PASSED] - isFileLimit = false: null

02-01-2024T11:35:54 - [TEST_STEP][PASSED] - if (attachments): File 'E:\school\software_testing\G1_Firefly_testing\Attachments File\Report_1MB.csv' sent to object: 'Object Repository/Create a new asset account/Page_Create a new asset account  Accounts  _ced620/upload file'

02-01-2024T11:35:54 - [TEST_STEP][PASSED] - absolutePath = normalize().toString(): null

02-01-2024T11:35:54 - [TEST_STEP][PASSED] - uploadFile(findTestObject("Create a new asset account/Page_Create a new asset account  Accounts  _ced620/upload file"), absolutePath): File 'E:\school\software_testing\G1_Firefly_testing\Attachments File\Report_1MB.csv' sent to object: 'Object Repository/Create a new asset account/Page_Create a new asset account  Accounts  _ced620/upload file'

02-01-2024T11:35:54 - [MESSAGE][PASSED] - File 'E:\school\software_testing\G1_Firefly_testing\Attachments File\Report_1MB.csv' sent to object: 'Object Repository/Create a new asset account/Page_Create a new asset account  Accounts  _ced620/upload file'

02-01-2024T11:35:54 - [TEST_STEP][PASSED] - if (attachments == "Attachments File/Report_65MB.csv"): null

02-01-2024T11:35:54 - [TEST_STEP][PASSED] - setText(findTestObject("Object Repository/Bill/Page_Create new bill  Bills  Firefly III/input_object_group"), group): Text 'Solarbreeze' is set on object 'Object Repository/Bill/Page_Create new bill  Bills  Firefly III/input_object_group'

02-01-2024T11:35:55 - [MESSAGE][PASSED] - Text 'Solarbreeze' is set on object 'Object Repository/Bill/Page_Create new bill  Bills  Firefly III/input_object_group'

02-01-2024T11:35:55 - [TEST_STEP][PASSED] - click(findTestObject("Object Repository/Bill/Page_Create new bill  Bills  Firefly III/button_Store new bill")): Object: 'Object Repository/Bill/Page_Create new bill  Bills  Firefly III/button_Store new bill' is clicked on

02-01-2024T11:35:56 - [MESSAGE][PASSED] - Object: 'Object Repository/Bill/Page_Create new bill  Bills  Firefly III/button_Store new bill' is clicked on

02-01-2024T11:35:56 - [TEST_STEP][PASSED] - try: null

02-01-2024T11:35:56 - [TEST_STEP][PASSED] - verifyElementPresent(findTestObject("Shared_alert/text_dangers"), 1): Object 'Object Repository/Shared_alert/text_dangers' is present

02-01-2024T11:35:57 - [MESSAGE][PASSED] - Object 'Object Repository/Shared_alert/text_dangers' is present

02-01-2024T11:35:57 - [TEST_STEP][PASSED] - verifyElementNotPresent(findTestObject("Object Repository/Shared_alert/success_alert_bill"), 1): Web element with id: 'Object Repository/Shared_alert/success_alert_bill' located by 'By.cssSelector: #app > div.content-wrapper > section.content > div.alert.alert-success.alert-dismissible' is not present after '1' second(s)

02-01-2024T11:35:57 - [MESSAGE][PASSED] - Web element with id: 'Object Repository/Shared_alert/success_alert_bill' located by 'By.cssSelector: #app > div.content-wrapper > section.content > div.alert.alert-success.alert-dismissible' is not present after '1' second(s)

02-01-2024T11:35:57 - [TEST_STEP][PASSED] - out.println("text danger"): null

02-01-2024T11:35:57 - [TEST_STEP][FAILED] - if (max_amount != "" && min_amount != ""): Test Cases/Bill FAILED.
Reason:
Assertion failed: 

assert Float.parseFloat(max_amount)>= Float.parseFloat(min_amount)
             |          |          |        |          |
             24570.0    '24570'    false    90463.0    '90463'

	at Bill.run(Bill:83)
	at com.kms.katalon.core.main.ScriptEngine.run(ScriptEngine.java:194)
	at com.kms.katalon.core.main.ScriptEngine.runScriptAsRawText(ScriptEngine.java:119)
	at com.kms.katalon.core.main.TestCaseExecutor.runScript(TestCaseExecutor.java:448)
	at com.kms.katalon.core.main.TestCaseExecutor.doExecute(TestCaseExecutor.java:439)
	at com.kms.katalon.core.main.TestCaseExecutor.processExecutionPhase(TestCaseExecutor.java:418)
	at com.kms.katalon.core.main.TestCaseExecutor.accessMainPhase(TestCaseExecutor.java:410)
	at com.kms.katalon.core.main.TestCaseExecutor.execute(TestCaseExecutor.java:285)
	at com.kms.katalon.core.common.CommonExecutor.accessTestCaseMainPhase(CommonExecutor.java:65)
	at com.kms.katalon.core.main.TestSuiteExecutor.accessTestSuiteMainPhase(TestSuiteExecutor.java:148)
	at com.kms.katalon.core.main.TestSuiteExecutor.execute(TestSuiteExecutor.java:106)
	at com.kms.katalon.core.main.TestCaseMain.startTestSuite(TestCaseMain.java:180)
	at TempTestSuite1704170033761.run(TempTestSuite1704170033761.groovy:36)
	at java.base/jdk.internal.reflect.NativeMethodAccessorImpl.invoke0(Native Method)
	at java.base/jdk.internal.reflect.NativeMethodAccessorImpl.invoke(NativeMethodAccessorImpl.java:77)
	at java.base/jdk.internal.reflect.DelegatingMethodAccessorImpl.invoke(DelegatingMethodAccessorImpl.java:43)


02-01-2024T11:35:57 - [TEST_STEP][FAILED] - assert Float.parseFloat(max_amount) >= Float.parseFloat(min_amount): Test Cases/Bill FAILED.
Reason:
Assertion failed: 

assert Float.parseFloat(max_amount)>= Float.parseFloat(min_amount)
             |          |          |        |          |
             24570.0    '24570'    false    90463.0    '90463'

	at Bill.run(Bill:83)
	at com.kms.katalon.core.main.ScriptEngine.run(ScriptEngine.java:194)
	at com.kms.katalon.core.main.ScriptEngine.runScriptAsRawText(ScriptEngine.java:119)
	at com.kms.katalon.core.main.TestCaseExecutor.runScript(TestCaseExecutor.java:448)
	at com.kms.katalon.core.main.TestCaseExecutor.doExecute(TestCaseExecutor.java:439)
	at com.kms.katalon.core.main.TestCaseExecutor.processExecutionPhase(TestCaseExecutor.java:418)
	at com.kms.katalon.core.main.TestCaseExecutor.accessMainPhase(TestCaseExecutor.java:410)
	at com.kms.katalon.core.main.TestCaseExecutor.execute(TestCaseExecutor.java:285)
	at com.kms.katalon.core.common.CommonExecutor.accessTestCaseMainPhase(CommonExecutor.java:65)
	at com.kms.katalon.core.main.TestSuiteExecutor.accessTestSuiteMainPhase(TestSuiteExecutor.java:148)
	at com.kms.katalon.core.main.TestSuiteExecutor.execute(TestSuiteExecutor.java:106)
	at com.kms.katalon.core.main.TestCaseMain.startTestSuite(TestCaseMain.java:180)
	at TempTestSuite1704170033761.run(TempTestSuite1704170033761.groovy:36)
	at java.base/jdk.internal.reflect.NativeMethodAccessorImpl.invoke0(Native Method)
	at java.base/jdk.internal.reflect.NativeMethodAccessorImpl.invoke(NativeMethodAccessorImpl.java:77)
	at java.base/jdk.internal.reflect.DelegatingMethodAccessorImpl.invoke(DelegatingMethodAccessorImpl.java:43)


02-01-2024T11:35:57 - [MESSAGE][FAILED] - Test Cases/Bill FAILED.
Reason:
Assertion failed: 

assert Float.parseFloat(max_amount)>= Float.parseFloat(min_amount)
             |          |          |        |          |
             24570.0    '24570'    false    90463.0    '90463'

	at Bill.run(Bill:83)
	at com.kms.katalon.core.main.ScriptEngine.run(ScriptEngine.java:194)
	at com.kms.katalon.core.main.ScriptEngine.runScriptAsRawText(ScriptEngine.java:119)
	at com.kms.katalon.core.main.TestCaseExecutor.runScript(TestCaseExecutor.java:448)
	at com.kms.katalon.core.main.TestCaseExecutor.doExecute(TestCaseExecutor.java:439)
	at com.kms.katalon.core.main.TestCaseExecutor.processExecutionPhase(TestCaseExecutor.java:418)
	at com.kms.katalon.core.main.TestCaseExecutor.accessMainPhase(TestCaseExecutor.java:410)
	at com.kms.katalon.core.main.TestCaseExecutor.execute(TestCaseExecutor.java:285)
	at com.kms.katalon.core.common.CommonExecutor.accessTestCaseMainPhase(CommonExecutor.java:65)
	at com.kms.katalon.core.main.TestSuiteExecutor.accessTestSuiteMainPhase(TestSuiteExecutor.java:148)
	at com.kms.katalon.core.main.TestSuiteExecutor.execute(TestSuiteExecutor.java:106)
	at com.kms.katalon.core.main.TestCaseMain.startTestSuite(TestCaseMain.java:180)
	at TempTestSuite1704170033761.run(TempTestSuite1704170033761.groovy:36)
	at java.base/jdk.internal.reflect.NativeMethodAccessorImpl.invoke0(Native Method)
	at java.base/jdk.internal.reflect.NativeMethodAccessorImpl.invoke(NativeMethodAccessorImpl.java:77)
	at java.base/jdk.internal.reflect.DelegatingMethodAccessorImpl.invoke(DelegatingMethodAccessorImpl.java:43)]]></system-out>
         <system-err><![CDATA[02-01-2024T11:35:42 - [TEST_CASE][FAILED] - Test Cases/Bill: Test Cases/Bill FAILED.
Reason:
Assertion failed: 

assert Float.parseFloat(max_amount)>= Float.parseFloat(min_amount)
             |          |          |        |          |
             24570.0    '24570'    false    90463.0    '90463'

	at Bill.run(Bill:83)
	at com.kms.katalon.core.main.ScriptEngine.run(ScriptEngine.java:194)
	at com.kms.katalon.core.main.ScriptEngine.runScriptAsRawText(ScriptEngine.java:119)
	at com.kms.katalon.core.main.TestCaseExecutor.runScript(TestCaseExecutor.java:448)
	at com.kms.katalon.core.main.TestCaseExecutor.doExecute(TestCaseExecutor.java:439)
	at com.kms.katalon.core.main.TestCaseExecutor.processExecutionPhase(TestCaseExecutor.java:418)
	at com.kms.katalon.core.main.TestCaseExecutor.accessMainPhase(TestCaseExecutor.java:410)
	at com.kms.katalon.core.main.TestCaseExecutor.execute(TestCaseExecutor.java:285)
	at com.kms.katalon.core.common.CommonExecutor.accessTestCaseMainPhase(CommonExecutor.java:65)
	at com.kms.katalon.core.main.TestSuiteExecutor.accessTestSuiteMainPhase(TestSuiteExecutor.java:148)
	at com.kms.katalon.core.main.TestSuiteExecutor.execute(TestSuiteExecutor.java:106)
	at com.kms.katalon.core.main.TestCaseMain.startTestSuite(TestCaseMain.java:180)
	at TempTestSuite1704170033761.run(TempTestSuite1704170033761.groovy:36)
	at java.base/jdk.internal.reflect.NativeMethodAccessorImpl.invoke0(Native Method)
	at java.base/jdk.internal.reflect.NativeMethodAccessorImpl.invoke(NativeMethodAccessorImpl.java:77)
	at java.base/jdk.internal.reflect.DelegatingMethodAccessorImpl.invoke(DelegatingMethodAccessorImpl.java:43)]]></system-err>
      </testcase>
      <testcase name="Test Cases/Bill" time="13.255" classname="Test Cases/Bill" status="FAILED">
         <failure type="FAILED" message="Test Cases/Bill FAILED.&#xa;Reason:&#xa;Assertion failed: &#xa;&#xa;assert isFileLimit==true&#xa;       |          |&#xa;       false      false&#xa;&#xa;	at Bill.run(Bill:61)&#xa;	at com.kms.katalon.core.main.ScriptEngine.run(ScriptEngine.java:194)&#xa;	at com.kms.katalon.core.main.ScriptEngine.runScriptAsRawText(ScriptEngine.java:119)&#xa;	at com.kms.katalon.core.main.TestCaseExecutor.runScript(TestCaseExecutor.java:448)&#xa;	at com.kms.katalon.core.main.TestCaseExecutor.doExecute(TestCaseExecutor.java:439)&#xa;	at com.kms.katalon.core.main.TestCaseExecutor.processExecutionPhase(TestCaseExecutor.java:418)&#xa;	at com.kms.katalon.core.main.TestCaseExecutor.accessMainPhase(TestCaseExecutor.java:410)&#xa;	at com.kms.katalon.core.main.TestCaseExecutor.execute(TestCaseExecutor.java:285)&#xa;	at com.kms.katalon.core.common.CommonExecutor.accessTestCaseMainPhase(CommonExecutor.java:65)&#xa;	at com.kms.katalon.core.main.TestSuiteExecutor.accessTestSuiteMainPhase(TestSuiteExecutor.java:148)&#xa;	at com.kms.katalon.core.main.TestSuiteExecutor.execute(TestSuiteExecutor.java:106)&#xa;	at com.kms.katalon.core.main.TestCaseMain.startTestSuite(TestCaseMain.java:180)&#xa;	at TempTestSuite1704170033761.run(TempTestSuite1704170033761.groovy:36)&#xa;	at java.base/jdk.internal.reflect.NativeMethodAccessorImpl.invoke0(Native Method)&#xa;	at java.base/jdk.internal.reflect.NativeMethodAccessorImpl.invoke(NativeMethodAccessorImpl.java:77)&#xa;	at java.base/jdk.internal.reflect.DelegatingMethodAccessorImpl.invoke(DelegatingMethodAccessorImpl.java:43)&#xa;"/>
         <system-out><![CDATA[02-01-2024T11:35:57 - [TEST_CASE][FAILED] - Test Cases/Bill: Test Cases/Bill FAILED.
Reason:
Assertion failed: 

assert isFileLimit==true
       |          |
       false      false

	at Bill.run(Bill:61)
	at com.kms.katalon.core.main.ScriptEngine.run(ScriptEngine.java:194)
	at com.kms.katalon.core.main.ScriptEngine.runScriptAsRawText(ScriptEngine.java:119)
	at com.kms.katalon.core.main.TestCaseExecutor.runScript(TestCaseExecutor.java:448)
	at com.kms.katalon.core.main.TestCaseExecutor.doExecute(TestCaseExecutor.java:439)
	at com.kms.katalon.core.main.TestCaseExecutor.processExecutionPhase(TestCaseExecutor.java:418)
	at com.kms.katalon.core.main.TestCaseExecutor.accessMainPhase(TestCaseExecutor.java:410)
	at com.kms.katalon.core.main.TestCaseExecutor.execute(TestCaseExecutor.java:285)
	at com.kms.katalon.core.common.CommonExecutor.accessTestCaseMainPhase(CommonExecutor.java:65)
	at com.kms.katalon.core.main.TestSuiteExecutor.accessTestSuiteMainPhase(TestSuiteExecutor.java:148)
	at com.kms.katalon.core.main.TestSuiteExecutor.execute(TestSuiteExecutor.java:106)
	at com.kms.katalon.core.main.TestCaseMain.startTestSuite(TestCaseMain.java:180)
	at TempTestSuite1704170033761.run(TempTestSuite1704170033761.groovy:36)
	at java.base/jdk.internal.reflect.NativeMethodAccessorImpl.invoke0(Native Method)
	at java.base/jdk.internal.reflect.NativeMethodAccessorImpl.invoke(NativeMethodAccessorImpl.java:77)
	at java.base/jdk.internal.reflect.DelegatingMethodAccessorImpl.invoke(DelegatingMethodAccessorImpl.java:43)


02-01-2024T11:35:57 - [TEST_STEP][PASSED] - openBrowser(""): Browser is opened with url: ''

02-01-2024T11:35:57 - [MESSAGE][WARNING] - A browser is already opened. Closing browser and opening a new one

02-01-2024T11:35:58 - [MESSAGE][INFO] - Starting 'Chrome' driver

02-01-2024T11:35:58 - [MESSAGE][INFO] - Action delay is set to 0 milliseconds

02-01-2024T11:35:58 - [MESSAGE][PASSED] - Browser is opened with url: ''

02-01-2024T11:35:58 - [TEST_STEP][PASSED] - navigateToUrl("https://firefly.buudadawg.online/login"): Navigate to 'https://firefly.buudadawg.online/login' successfully

02-01-2024T11:35:59 - [MESSAGE][PASSED] - Navigate to 'https://firefly.buudadawg.online/login' successfully

02-01-2024T11:35:59 - [TEST_STEP][PASSED] - setText(findTestObject("Object Repository/Bill/Page_Login to Firefly III/input_email"), "khoacraphotograph@gmail.com"): Text 'khoacraphotograph@gmail.com' is set on object 'Object Repository/Bill/Page_Login to Firefly III/input_email'

02-01-2024T11:36:00 - [MESSAGE][PASSED] - Text 'khoacraphotograph@gmail.com' is set on object 'Object Repository/Bill/Page_Login to Firefly III/input_email'

02-01-2024T11:36:00 - [TEST_STEP][PASSED] - setEncryptedText(findTestObject("Object Repository/Bill/Page_Login to Firefly III/input_password"), "krbqsEPTyj+/ySZvycc2bfHXjZyOJWOA"): Text ****** has been set on object 'Object Repository/Bill/Page_Login to Firefly III/input_password'

02-01-2024T11:36:00 - [MESSAGE][PASSED] - Text ****** has been set on object 'Object Repository/Bill/Page_Login to Firefly III/input_password'

02-01-2024T11:36:00 - [TEST_STEP][PASSED] - click(findTestObject("Object Repository/Bill/Page_Login to Firefly III/button_Sign in")): Object: 'Object Repository/Bill/Page_Login to Firefly III/button_Sign in' is clicked on

02-01-2024T11:36:01 - [MESSAGE][PASSED] - Object: 'Object Repository/Bill/Page_Login to Firefly III/button_Sign in' is clicked on

02-01-2024T11:36:01 - [TEST_STEP][PASSED] - click(findTestObject("Object Repository/Bill/Page_Whats playing  Firefly III/a_Bills")): Object: 'Object Repository/Bill/Page_Whats playing  Firefly III/a_Bills' is clicked on

02-01-2024T11:36:02 - [MESSAGE][PASSED] - Object: 'Object Repository/Bill/Page_Whats playing  Firefly III/a_Bills' is clicked on

02-01-2024T11:36:02 - [TEST_STEP][PASSED] - click(findTestObject("Object Repository/Bill/Page_Bills  Firefly III/a_Create new bill")): Object: 'Object Repository/Bill/Page_Bills  Firefly III/a_Create new bill' is clicked on

02-01-2024T11:36:03 - [MESSAGE][PASSED] - Object: 'Object Repository/Bill/Page_Bills  Firefly III/a_Create new bill' is clicked on

02-01-2024T11:36:03 - [TEST_STEP][PASSED] - setText(findTestObject("Object Repository/Bill/Page_Create new bill  Bills  Firefly III/input_name"), name): Text 'K2312-32:&0-nbgV'' is set on object 'Object Repository/Bill/Page_Create new bill  Bills  Firefly III/input_name'

02-01-2024T11:36:04 - [MESSAGE][PASSED] - Text 'K2312-32:&0-nbgV'' is set on object 'Object Repository/Bill/Page_Create new bill  Bills  Firefly III/input_name'

02-01-2024T11:36:04 - [TEST_STEP][PASSED] - setText(findTestObject("Object Repository/Bill/Page_Create new bill  Bills  Firefly III/input_amount_min"), min_amount): Text '4485' is set on object 'Object Repository/Bill/Page_Create new bill  Bills  Firefly III/input_amount_min'

02-01-2024T11:36:05 - [MESSAGE][PASSED] - Text '4485' is set on object 'Object Repository/Bill/Page_Create new bill  Bills  Firefly III/input_amount_min'

02-01-2024T11:36:05 - [TEST_STEP][PASSED] - setText(findTestObject("Object Repository/Bill/Page_Create new bill  Bills  Firefly III/input_amount_max"), max_amount): Text '47998' is set on object 'Object Repository/Bill/Page_Create new bill  Bills  Firefly III/input_amount_max'

02-01-2024T11:36:05 - [MESSAGE][PASSED] - Text '47998' is set on object 'Object Repository/Bill/Page_Create new bill  Bills  Firefly III/input_amount_max'

02-01-2024T11:36:05 - [TEST_STEP][PASSED] - setText(findTestObject("Bill/Page_Create new bill  Bills  Firefly III/input_date"), date): Text '10/03/2023' is set on object 'Object Repository/Bill/Page_Create new bill  Bills  Firefly III/input_date'

02-01-2024T11:36:06 - [MESSAGE][PASSED] - Text '10/03/2023' is set on object 'Object Repository/Bill/Page_Create new bill  Bills  Firefly III/input_date'

02-01-2024T11:36:06 - [TEST_STEP][PASSED] - selectOptionByLabel(findTestObject("Object Repository/Bill/Page_Create new bill  Bills  Firefly III/select_dailyweeklymonthlyquarterlyevery hal_79c7c6"), repeats, true): All options with label 'yearly' are selected in object 'Object Repository/Bill/Page_Create new bill  Bills  Firefly III/select_dailyweeklymonthlyquarterlyevery hal_79c7c6'  using regular expression

02-01-2024T11:36:07 - [MESSAGE][PASSED] - All options with label 'yearly' are selected in object 'Object Repository/Bill/Page_Create new bill  Bills  Firefly III/select_dailyweeklymonthlyquarterlyevery hal_79c7c6'  using regular expression

02-01-2024T11:36:07 - [TEST_STEP][PASSED] - setText(findTestObject("Object Repository/Bill/Page_Create new bill  Bills  Firefly III/input_skip"), skip): Text '21' is set on object 'Object Repository/Bill/Page_Create new bill  Bills  Firefly III/input_skip'

02-01-2024T11:36:07 - [MESSAGE][PASSED] - Text '21' is set on object 'Object Repository/Bill/Page_Create new bill  Bills  Firefly III/input_skip'

02-01-2024T11:36:07 - [TEST_STEP][PASSED] - setText(findTestObject("Bill/Page_Create new bill  Bills  Firefly III/input_end_date"), end_date): Text '07/11/2023' is set on object 'Object Repository/Bill/Page_Create new bill  Bills  Firefly III/input_end_date'

02-01-2024T11:36:08 - [MESSAGE][PASSED] - Text '07/11/2023' is set on object 'Object Repository/Bill/Page_Create new bill  Bills  Firefly III/input_end_date'

02-01-2024T11:36:08 - [TEST_STEP][PASSED] - setText(findTestObject("Bill/Page_Create new bill  Bills  Firefly III/input_extension_date"), extension_date): Text '04/12/2023' is set on object 'Object Repository/Bill/Page_Create new bill  Bills  Firefly III/input_extension_date'

02-01-2024T11:36:09 - [MESSAGE][PASSED] - Text '04/12/2023' is set on object 'Object Repository/Bill/Page_Create new bill  Bills  Firefly III/input_extension_date'

02-01-2024T11:36:09 - [TEST_STEP][PASSED] - setText(findTestObject("Object Repository/Bill/Page_Create new bill  Bills  Firefly III/textarea_notes"), notes): Text 'In hac habitasse platea dictumst. Aliquam augue quam, sollicitudin vitae, consectetuer eget, rutrum at, lorem. Integer tincidunt ante vel ipsum. Praesent blandit lacinia erat. Vestibulum sed magna at nunc commodo placerat. Praesent blandit. Nam nulla. Integer pede justo, lacinia eget, tincidunt eget, tempus vel, pede. Morbi porttitor lorem id ligula. Suspendisse ornare consequat lectus. In est risus, auctor sed, tristique in, tempus sit amet, sem. Fusce consequat. Nulla nisl. Nunc nisl. Duis bibendum, felis sed interdum venenatis, turpis enim blandit mi, in porttitor pede justo eu massa. Donec dapibus. Duis at velit eu est congue elementum. In hac habitasse platea dictumst. Morbi vestibulum, velit id pretium iaculis, diam erat fermentum justo, nec condimentum neque sapien placerat ante. Nulla justo. Aliquam quis turpis eget elit sodales scelerisque. Mauris sit amet eros. Suspendisse accumsan tortor quis turpis. Sed ante. Vivamus tortor. Duis mattis egestas metus. Aenean fermentum. Donec ut mauris eget massa tempor convallis. Nulla neque libero, convallis eget, eleifend luctus, ultricies eu, nibh. Quisque id justo sit amet sapien dignissim vestibulum. Vestibulum ante ipsum primis in faucibus orci luctus et ultrices posuere cubilia Curae; Nulla dapibus dolor vel est. Donec odio justo, sollicitudin ut, suscipit a, feugiat et, eros. Vestibulum ac est lacinia nisi venenatis tristique. Fusce congue, diam id ornare imperdiet, sapien urna pretium nisl, ut volutpat sapien arcu sed augue. Aliquam erat volutpat. In congue. Etiam justo. Etiam pretium iaculis justo. In hac habitasse platea dictumst. Etiam faucibus cursus urna.' is set on object 'Object Repository/Bill/Page_Create new bill  Bills  Firefly III/textarea_notes'

02-01-2024T11:36:10 - [MESSAGE][PASSED] - Text 'In hac habitasse platea dictumst. Aliquam augue quam, sollicitudin vitae, consectetuer eget, rutrum at, lorem. Integer tincidunt ante vel ipsum. Praesent blandit lacinia erat. Vestibulum sed magna at nunc commodo placerat. Praesent blandit. Nam nulla. Integer pede justo, lacinia eget, tincidunt eget, tempus vel, pede. Morbi porttitor lorem id ligula. Suspendisse ornare consequat lectus. In est risus, auctor sed, tristique in, tempus sit amet, sem. Fusce consequat. Nulla nisl. Nunc nisl. Duis bibendum, felis sed interdum venenatis, turpis enim blandit mi, in porttitor pede justo eu massa. Donec dapibus. Duis at velit eu est congue elementum. In hac habitasse platea dictumst. Morbi vestibulum, velit id pretium iaculis, diam erat fermentum justo, nec condimentum neque sapien placerat ante. Nulla justo. Aliquam quis turpis eget elit sodales scelerisque. Mauris sit amet eros. Suspendisse accumsan tortor quis turpis. Sed ante. Vivamus tortor. Duis mattis egestas metus. Aenean fermentum. Donec ut mauris eget massa tempor convallis. Nulla neque libero, convallis eget, eleifend luctus, ultricies eu, nibh. Quisque id justo sit amet sapien dignissim vestibulum. Vestibulum ante ipsum primis in faucibus orci luctus et ultrices posuere cubilia Curae; Nulla dapibus dolor vel est. Donec odio justo, sollicitudin ut, suscipit a, feugiat et, eros. Vestibulum ac est lacinia nisi venenatis tristique. Fusce congue, diam id ornare imperdiet, sapien urna pretium nisl, ut volutpat sapien arcu sed augue. Aliquam erat volutpat. In congue. Etiam justo. Etiam pretium iaculis justo. In hac habitasse platea dictumst. Etiam faucibus cursus urna.' is set on object 'Object Repository/Bill/Page_Create new bill  Bills  Firefly III/textarea_notes'

02-01-2024T11:36:10 - [TEST_STEP][PASSED] - isFileLimit = false: null

02-01-2024T11:36:10 - [TEST_STEP][PASSED] - if (attachments): File 'E:\school\software_testing\G1_Firefly_testing\Attachments File\Report_65MB.csv' sent to object: 'Object Repository/Create a new asset account/Page_Create a new asset account  Accounts  _ced620/upload file'

02-01-2024T11:36:10 - [TEST_STEP][PASSED] - absolutePath = normalize().toString(): null

02-01-2024T11:36:10 - [TEST_STEP][PASSED] - uploadFile(findTestObject("Create a new asset account/Page_Create a new asset account  Accounts  _ced620/upload file"), absolutePath): File 'E:\school\software_testing\G1_Firefly_testing\Attachments File\Report_65MB.csv' sent to object: 'Object Repository/Create a new asset account/Page_Create a new asset account  Accounts  _ced620/upload file'

02-01-2024T11:36:11 - [MESSAGE][PASSED] - File 'E:\school\software_testing\G1_Firefly_testing\Attachments File\Report_65MB.csv' sent to object: 'Object Repository/Create a new asset account/Page_Create a new asset account  Accounts  _ced620/upload file'

02-01-2024T11:36:11 - [TEST_STEP][FAILED] - if (attachments == "Attachments File/Report_65MB.csv"): Test Cases/Bill FAILED.
Reason:
Assertion failed: 

assert isFileLimit==true
       |          |
       false      false

	at Bill.run(Bill:61)
	at com.kms.katalon.core.main.ScriptEngine.run(ScriptEngine.java:194)
	at com.kms.katalon.core.main.ScriptEngine.runScriptAsRawText(ScriptEngine.java:119)
	at com.kms.katalon.core.main.TestCaseExecutor.runScript(TestCaseExecutor.java:448)
	at com.kms.katalon.core.main.TestCaseExecutor.doExecute(TestCaseExecutor.java:439)
	at com.kms.katalon.core.main.TestCaseExecutor.processExecutionPhase(TestCaseExecutor.java:418)
	at com.kms.katalon.core.main.TestCaseExecutor.accessMainPhase(TestCaseExecutor.java:410)
	at com.kms.katalon.core.main.TestCaseExecutor.execute(TestCaseExecutor.java:285)
	at com.kms.katalon.core.common.CommonExecutor.accessTestCaseMainPhase(CommonExecutor.java:65)
	at com.kms.katalon.core.main.TestSuiteExecutor.accessTestSuiteMainPhase(TestSuiteExecutor.java:148)
	at com.kms.katalon.core.main.TestSuiteExecutor.execute(TestSuiteExecutor.java:106)
	at com.kms.katalon.core.main.TestCaseMain.startTestSuite(TestCaseMain.java:180)
	at TempTestSuite1704170033761.run(TempTestSuite1704170033761.groovy:36)
	at java.base/jdk.internal.reflect.NativeMethodAccessorImpl.invoke0(Native Method)
	at java.base/jdk.internal.reflect.NativeMethodAccessorImpl.invoke(NativeMethodAccessorImpl.java:77)
	at java.base/jdk.internal.reflect.DelegatingMethodAccessorImpl.invoke(DelegatingMethodAccessorImpl.java:43)


02-01-2024T11:36:11 - [TEST_STEP][FAILED] - assert isFileLimit == true: Test Cases/Bill FAILED.
Reason:
Assertion failed: 

assert isFileLimit==true
       |          |
       false      false

	at Bill.run(Bill:61)
	at com.kms.katalon.core.main.ScriptEngine.run(ScriptEngine.java:194)
	at com.kms.katalon.core.main.ScriptEngine.runScriptAsRawText(ScriptEngine.java:119)
	at com.kms.katalon.core.main.TestCaseExecutor.runScript(TestCaseExecutor.java:448)
	at com.kms.katalon.core.main.TestCaseExecutor.doExecute(TestCaseExecutor.java:439)
	at com.kms.katalon.core.main.TestCaseExecutor.processExecutionPhase(TestCaseExecutor.java:418)
	at com.kms.katalon.core.main.TestCaseExecutor.accessMainPhase(TestCaseExecutor.java:410)
	at com.kms.katalon.core.main.TestCaseExecutor.execute(TestCaseExecutor.java:285)
	at com.kms.katalon.core.common.CommonExecutor.accessTestCaseMainPhase(CommonExecutor.java:65)
	at com.kms.katalon.core.main.TestSuiteExecutor.accessTestSuiteMainPhase(TestSuiteExecutor.java:148)
	at com.kms.katalon.core.main.TestSuiteExecutor.execute(TestSuiteExecutor.java:106)
	at com.kms.katalon.core.main.TestCaseMain.startTestSuite(TestCaseMain.java:180)
	at TempTestSuite1704170033761.run(TempTestSuite1704170033761.groovy:36)
	at java.base/jdk.internal.reflect.NativeMethodAccessorImpl.invoke0(Native Method)
	at java.base/jdk.internal.reflect.NativeMethodAccessorImpl.invoke(NativeMethodAccessorImpl.java:77)
	at java.base/jdk.internal.reflect.DelegatingMethodAccessorImpl.invoke(DelegatingMethodAccessorImpl.java:43)


02-01-2024T11:36:11 - [MESSAGE][FAILED] - Test Cases/Bill FAILED.
Reason:
Assertion failed: 

assert isFileLimit==true
       |          |
       false      false

	at Bill.run(Bill:61)
	at com.kms.katalon.core.main.ScriptEngine.run(ScriptEngine.java:194)
	at com.kms.katalon.core.main.ScriptEngine.runScriptAsRawText(ScriptEngine.java:119)
	at com.kms.katalon.core.main.TestCaseExecutor.runScript(TestCaseExecutor.java:448)
	at com.kms.katalon.core.main.TestCaseExecutor.doExecute(TestCaseExecutor.java:439)
	at com.kms.katalon.core.main.TestCaseExecutor.processExecutionPhase(TestCaseExecutor.java:418)
	at com.kms.katalon.core.main.TestCaseExecutor.accessMainPhase(TestCaseExecutor.java:410)
	at com.kms.katalon.core.main.TestCaseExecutor.execute(TestCaseExecutor.java:285)
	at com.kms.katalon.core.common.CommonExecutor.accessTestCaseMainPhase(CommonExecutor.java:65)
	at com.kms.katalon.core.main.TestSuiteExecutor.accessTestSuiteMainPhase(TestSuiteExecutor.java:148)
	at com.kms.katalon.core.main.TestSuiteExecutor.execute(TestSuiteExecutor.java:106)
	at com.kms.katalon.core.main.TestCaseMain.startTestSuite(TestCaseMain.java:180)
	at TempTestSuite1704170033761.run(TempTestSuite1704170033761.groovy:36)
	at java.base/jdk.internal.reflect.NativeMethodAccessorImpl.invoke0(Native Method)
	at java.base/jdk.internal.reflect.NativeMethodAccessorImpl.invoke(NativeMethodAccessorImpl.java:77)
	at java.base/jdk.internal.reflect.DelegatingMethodAccessorImpl.invoke(DelegatingMethodAccessorImpl.java:43)]]></system-out>
         <system-err><![CDATA[02-01-2024T11:35:57 - [TEST_CASE][FAILED] - Test Cases/Bill: Test Cases/Bill FAILED.
Reason:
Assertion failed: 

assert isFileLimit==true
       |          |
       false      false

	at Bill.run(Bill:61)
	at com.kms.katalon.core.main.ScriptEngine.run(ScriptEngine.java:194)
	at com.kms.katalon.core.main.ScriptEngine.runScriptAsRawText(ScriptEngine.java:119)
	at com.kms.katalon.core.main.TestCaseExecutor.runScript(TestCaseExecutor.java:448)
	at com.kms.katalon.core.main.TestCaseExecutor.doExecute(TestCaseExecutor.java:439)
	at com.kms.katalon.core.main.TestCaseExecutor.processExecutionPhase(TestCaseExecutor.java:418)
	at com.kms.katalon.core.main.TestCaseExecutor.accessMainPhase(TestCaseExecutor.java:410)
	at com.kms.katalon.core.main.TestCaseExecutor.execute(TestCaseExecutor.java:285)
	at com.kms.katalon.core.common.CommonExecutor.accessTestCaseMainPhase(CommonExecutor.java:65)
	at com.kms.katalon.core.main.TestSuiteExecutor.accessTestSuiteMainPhase(TestSuiteExecutor.java:148)
	at com.kms.katalon.core.main.TestSuiteExecutor.execute(TestSuiteExecutor.java:106)
	at com.kms.katalon.core.main.TestCaseMain.startTestSuite(TestCaseMain.java:180)
	at TempTestSuite1704170033761.run(TempTestSuite1704170033761.groovy:36)
	at java.base/jdk.internal.reflect.NativeMethodAccessorImpl.invoke0(Native Method)
	at java.base/jdk.internal.reflect.NativeMethodAccessorImpl.invoke(NativeMethodAccessorImpl.java:77)
	at java.base/jdk.internal.reflect.DelegatingMethodAccessorImpl.invoke(DelegatingMethodAccessorImpl.java:43)]]></system-err>
      </testcase>
      <testcase name="Test Cases/Bill" time="18.956" classname="Test Cases/Bill" status="PASSED">
         <system-out><![CDATA[02-01-2024T11:36:11 - [TEST_CASE][PASSED] - Test Cases/Bill: Test Cases/Bill

02-01-2024T11:36:11 - [TEST_STEP][PASSED] - openBrowser(""): Browser is opened with url: ''

02-01-2024T11:36:11 - [MESSAGE][WARNING] - A browser is already opened. Closing browser and opening a new one

02-01-2024T11:36:11 - [MESSAGE][INFO] - Starting 'Chrome' driver

02-01-2024T11:36:11 - [MESSAGE][INFO] - Action delay is set to 0 milliseconds

02-01-2024T11:36:12 - [MESSAGE][PASSED] - Browser is opened with url: ''

02-01-2024T11:36:12 - [TEST_STEP][PASSED] - navigateToUrl("https://firefly.buudadawg.online/login"): Navigate to 'https://firefly.buudadawg.online/login' successfully

02-01-2024T11:36:12 - [MESSAGE][PASSED] - Navigate to 'https://firefly.buudadawg.online/login' successfully

02-01-2024T11:36:12 - [TEST_STEP][PASSED] - setText(findTestObject("Object Repository/Bill/Page_Login to Firefly III/input_email"), "khoacraphotograph@gmail.com"): Text 'khoacraphotograph@gmail.com' is set on object 'Object Repository/Bill/Page_Login to Firefly III/input_email'

02-01-2024T11:36:13 - [MESSAGE][PASSED] - Text 'khoacraphotograph@gmail.com' is set on object 'Object Repository/Bill/Page_Login to Firefly III/input_email'

02-01-2024T11:36:13 - [TEST_STEP][PASSED] - setEncryptedText(findTestObject("Object Repository/Bill/Page_Login to Firefly III/input_password"), "krbqsEPTyj+/ySZvycc2bfHXjZyOJWOA"): Text ****** has been set on object 'Object Repository/Bill/Page_Login to Firefly III/input_password'

02-01-2024T11:36:13 - [MESSAGE][PASSED] - Text ****** has been set on object 'Object Repository/Bill/Page_Login to Firefly III/input_password'

02-01-2024T11:36:13 - [TEST_STEP][PASSED] - click(findTestObject("Object Repository/Bill/Page_Login to Firefly III/button_Sign in")): Object: 'Object Repository/Bill/Page_Login to Firefly III/button_Sign in' is clicked on

02-01-2024T11:36:14 - [MESSAGE][PASSED] - Object: 'Object Repository/Bill/Page_Login to Firefly III/button_Sign in' is clicked on

02-01-2024T11:36:14 - [TEST_STEP][PASSED] - click(findTestObject("Object Repository/Bill/Page_Whats playing  Firefly III/a_Bills")): Object: 'Object Repository/Bill/Page_Whats playing  Firefly III/a_Bills' is clicked on

02-01-2024T11:36:16 - [MESSAGE][PASSED] - Object: 'Object Repository/Bill/Page_Whats playing  Firefly III/a_Bills' is clicked on

02-01-2024T11:36:16 - [TEST_STEP][PASSED] - click(findTestObject("Object Repository/Bill/Page_Bills  Firefly III/a_Create new bill")): Object: 'Object Repository/Bill/Page_Bills  Firefly III/a_Create new bill' is clicked on

02-01-2024T11:36:16 - [MESSAGE][PASSED] - Object: 'Object Repository/Bill/Page_Bills  Firefly III/a_Create new bill' is clicked on

02-01-2024T11:36:16 - [TEST_STEP][PASSED] - setText(findTestObject("Object Repository/Bill/Page_Create new bill  Bills  Firefly III/input_name"), name): Text 'C2312-80:&2-ywzY'' is set on object 'Object Repository/Bill/Page_Create new bill  Bills  Firefly III/input_name'

02-01-2024T11:36:17 - [MESSAGE][PASSED] - Text 'C2312-80:&2-ywzY'' is set on object 'Object Repository/Bill/Page_Create new bill  Bills  Firefly III/input_name'

02-01-2024T11:36:17 - [TEST_STEP][PASSED] - setText(findTestObject("Object Repository/Bill/Page_Create new bill  Bills  Firefly III/input_amount_min"), min_amount): Text '11185' is set on object 'Object Repository/Bill/Page_Create new bill  Bills  Firefly III/input_amount_min'

02-01-2024T11:36:18 - [MESSAGE][PASSED] - Text '11185' is set on object 'Object Repository/Bill/Page_Create new bill  Bills  Firefly III/input_amount_min'

02-01-2024T11:36:18 - [TEST_STEP][PASSED] - setText(findTestObject("Object Repository/Bill/Page_Create new bill  Bills  Firefly III/input_amount_max"), max_amount): Text '15635' is set on object 'Object Repository/Bill/Page_Create new bill  Bills  Firefly III/input_amount_max'

02-01-2024T11:36:18 - [MESSAGE][PASSED] - Text '15635' is set on object 'Object Repository/Bill/Page_Create new bill  Bills  Firefly III/input_amount_max'

02-01-2024T11:36:18 - [TEST_STEP][PASSED] - setText(findTestObject("Bill/Page_Create new bill  Bills  Firefly III/input_date"), date): Text '10/02/2023' is set on object 'Object Repository/Bill/Page_Create new bill  Bills  Firefly III/input_date'

02-01-2024T11:36:19 - [MESSAGE][PASSED] - Text '10/02/2023' is set on object 'Object Repository/Bill/Page_Create new bill  Bills  Firefly III/input_date'

02-01-2024T11:36:19 - [TEST_STEP][PASSED] - selectOptionByLabel(findTestObject("Object Repository/Bill/Page_Create new bill  Bills  Firefly III/select_dailyweeklymonthlyquarterlyevery hal_79c7c6"), repeats, true): All options with label 'weekly' are selected in object 'Object Repository/Bill/Page_Create new bill  Bills  Firefly III/select_dailyweeklymonthlyquarterlyevery hal_79c7c6'  using regular expression

02-01-2024T11:36:20 - [MESSAGE][PASSED] - All options with label 'weekly' are selected in object 'Object Repository/Bill/Page_Create new bill  Bills  Firefly III/select_dailyweeklymonthlyquarterlyevery hal_79c7c6'  using regular expression

02-01-2024T11:36:20 - [TEST_STEP][PASSED] - setText(findTestObject("Object Repository/Bill/Page_Create new bill  Bills  Firefly III/input_skip"), skip): Text '10' is set on object 'Object Repository/Bill/Page_Create new bill  Bills  Firefly III/input_skip'

02-01-2024T11:36:20 - [MESSAGE][PASSED] - Text '10' is set on object 'Object Repository/Bill/Page_Create new bill  Bills  Firefly III/input_skip'

02-01-2024T11:36:20 - [TEST_STEP][PASSED] - setText(findTestObject("Bill/Page_Create new bill  Bills  Firefly III/input_end_date"), end_date): Text '02/06/2023' is set on object 'Object Repository/Bill/Page_Create new bill  Bills  Firefly III/input_end_date'

02-01-2024T11:36:21 - [MESSAGE][PASSED] - Text '02/06/2023' is set on object 'Object Repository/Bill/Page_Create new bill  Bills  Firefly III/input_end_date'

02-01-2024T11:36:21 - [TEST_STEP][PASSED] - setText(findTestObject("Bill/Page_Create new bill  Bills  Firefly III/input_extension_date"), extension_date): Text '03/29/2023' is set on object 'Object Repository/Bill/Page_Create new bill  Bills  Firefly III/input_extension_date'

02-01-2024T11:36:22 - [MESSAGE][PASSED] - Text '03/29/2023' is set on object 'Object Repository/Bill/Page_Create new bill  Bills  Firefly III/input_extension_date'

02-01-2024T11:36:22 - [TEST_STEP][PASSED] - setText(findTestObject("Object Repository/Bill/Page_Create new bill  Bills  Firefly III/textarea_notes"), notes): Text 'Aenean lectus. Pellentesque eget nunc. Donec quis orci eget orci vehicula condimentum. Curabitur in libero ut massa volutpat convallis. Morbi odio odio, elementum eu, interdum eu, tincidunt in, leo. Maecenas pulvinar lobortis est. Phasellus sit amet erat. Nulla tempus. Vivamus in felis eu sapien cursus vestibulum. Proin eu mi. Nulla ac enim. In tempor, turpis nec euismod scelerisque, quam turpis adipiscing lorem, vitae mattis nibh ligula nec sem. Duis aliquam convallis nunc. Proin at turpis a pede posuere nonummy. Integer non velit. Donec diam neque, vestibulum eget, vulputate ut, ultrices vel, augue. Vestibulum ante ipsum primis in faucibus orci luctus et ultrices posuere cubilia Curae; Donec pharetra, magna vestibulum aliquet ultrices, erat tortor sollicitudin mi, sit amet lobortis sapien sapien non mi. Integer ac neque. Duis bibendum. Morbi non quam nec dui luctus rutrum. Nulla tellus. In sagittis dui vel nisl. Duis ac nibh. Fusce lacus purus, aliquet at, feugiat non, pretium quis, lectus. Suspendisse potenti. In eleifend quam a odio. In hac habitasse platea dictumst. Maecenas ut massa quis augue luctus tincidunt. Nulla mollis molestie lorem. Quisque ut erat. Curabitur gravida nisi at nibh. In hac habitasse platea dictumst. Aliquam augue quam, sollicitudin vitae, consectetuer eget, rutrum at, lorem. Integer tincidunt ante vel ipsum. Praesent blandit lacinia erat. Vestibulum sed magna at nunc commodo placerat. Praesent blandit. Nam nulla. Integer pede justo, lacinia eget, tincidunt eget, tempus vel, pede. Morbi porttitor lorem id ligula. Suspendisse ornare consequat lectus. In est risus, auctor sed, tristique in, tempus sit amet, sem. Fusce consequat. Nulla nisl. Nunc nisl. Duis bibendum, felis sed interdum venenatis, turpis enim blandit mi, in porttitor pede justo eu massa. Donec dapibus. Duis at velit eu est congue elementum. In hac habitasse platea dictumst. Morbi vestibulum, velit id pretium iaculis, diam erat fermentum justo, nec condimentum neque sapien placerat ante. Nulla justo. Aliquam quis turpis eget elit sodales scelerisque. Mauris sit amet eros. Suspendisse accumsan tortor quis turpis. Sed ante. Vivamus tortor. Duis mattis egestas metus. Aenean fermentum. Donec ut mauris eget massa tempor convallis. Nulla neque libero, convallis eget, eleifend luctus, ultricies eu, nibh. Quisque id justo sit amet sapien dignissim vestibulum. Vestibulum ante ipsum primis in faucibus orci luctus et ultrices posuere cubilia Curae; Nulla dapibus dolor vel est. Donec odio justo, sollicitudin ut, suscipit a, feugiat et, eros. Vestibulum ac est lacinia nisi venenatis tristique.' is set on object 'Object Repository/Bill/Page_Create new bill  Bills  Firefly III/textarea_notes'

02-01-2024T11:36:24 - [MESSAGE][PASSED] - Text 'Aenean lectus. Pellentesque eget nunc. Donec quis orci eget orci vehicula condimentum. Curabitur in libero ut massa volutpat convallis. Morbi odio odio, elementum eu, interdum eu, tincidunt in, leo. Maecenas pulvinar lobortis est. Phasellus sit amet erat. Nulla tempus. Vivamus in felis eu sapien cursus vestibulum. Proin eu mi. Nulla ac enim. In tempor, turpis nec euismod scelerisque, quam turpis adipiscing lorem, vitae mattis nibh ligula nec sem. Duis aliquam convallis nunc. Proin at turpis a pede posuere nonummy. Integer non velit. Donec diam neque, vestibulum eget, vulputate ut, ultrices vel, augue. Vestibulum ante ipsum primis in faucibus orci luctus et ultrices posuere cubilia Curae; Donec pharetra, magna vestibulum aliquet ultrices, erat tortor sollicitudin mi, sit amet lobortis sapien sapien non mi. Integer ac neque. Duis bibendum. Morbi non quam nec dui luctus rutrum. Nulla tellus. In sagittis dui vel nisl. Duis ac nibh. Fusce lacus purus, aliquet at, feugiat non, pretium quis, lectus. Suspendisse potenti. In eleifend quam a odio. In hac habitasse platea dictumst. Maecenas ut massa quis augue luctus tincidunt. Nulla mollis molestie lorem. Quisque ut erat. Curabitur gravida nisi at nibh. In hac habitasse platea dictumst. Aliquam augue quam, sollicitudin vitae, consectetuer eget, rutrum at, lorem. Integer tincidunt ante vel ipsum. Praesent blandit lacinia erat. Vestibulum sed magna at nunc commodo placerat. Praesent blandit. Nam nulla. Integer pede justo, lacinia eget, tincidunt eget, tempus vel, pede. Morbi porttitor lorem id ligula. Suspendisse ornare consequat lectus. In est risus, auctor sed, tristique in, tempus sit amet, sem. Fusce consequat. Nulla nisl. Nunc nisl. Duis bibendum, felis sed interdum venenatis, turpis enim blandit mi, in porttitor pede justo eu massa. Donec dapibus. Duis at velit eu est congue elementum. In hac habitasse platea dictumst. Morbi vestibulum, velit id pretium iaculis, diam erat fermentum justo, nec condimentum neque sapien placerat ante. Nulla justo. Aliquam quis turpis eget elit sodales scelerisque. Mauris sit amet eros. Suspendisse accumsan tortor quis turpis. Sed ante. Vivamus tortor. Duis mattis egestas metus. Aenean fermentum. Donec ut mauris eget massa tempor convallis. Nulla neque libero, convallis eget, eleifend luctus, ultricies eu, nibh. Quisque id justo sit amet sapien dignissim vestibulum. Vestibulum ante ipsum primis in faucibus orci luctus et ultrices posuere cubilia Curae; Nulla dapibus dolor vel est. Donec odio justo, sollicitudin ut, suscipit a, feugiat et, eros. Vestibulum ac est lacinia nisi venenatis tristique.' is set on object 'Object Repository/Bill/Page_Create new bill  Bills  Firefly III/textarea_notes'

02-01-2024T11:36:24 - [TEST_STEP][PASSED] - isFileLimit = false: null

02-01-2024T11:36:24 - [TEST_STEP][PASSED] - if (attachments): File 'E:\school\software_testing\G1_Firefly_testing\Attachments File\Report_1MB.csv' sent to object: 'Object Repository/Create a new asset account/Page_Create a new asset account  Accounts  _ced620/upload file'

02-01-2024T11:36:24 - [TEST_STEP][PASSED] - absolutePath = normalize().toString(): null

02-01-2024T11:36:24 - [TEST_STEP][PASSED] - uploadFile(findTestObject("Create a new asset account/Page_Create a new asset account  Accounts  _ced620/upload file"), absolutePath): File 'E:\school\software_testing\G1_Firefly_testing\Attachments File\Report_1MB.csv' sent to object: 'Object Repository/Create a new asset account/Page_Create a new asset account  Accounts  _ced620/upload file'

02-01-2024T11:36:24 - [MESSAGE][PASSED] - File 'E:\school\software_testing\G1_Firefly_testing\Attachments File\Report_1MB.csv' sent to object: 'Object Repository/Create a new asset account/Page_Create a new asset account  Accounts  _ced620/upload file'

02-01-2024T11:36:24 - [TEST_STEP][PASSED] - if (attachments == "Attachments File/Report_65MB.csv"): null

02-01-2024T11:36:24 - [TEST_STEP][PASSED] - setText(findTestObject("Object Repository/Bill/Page_Create new bill  Bills  Firefly III/input_object_group"), group): Text 'Mat Lam Tam' is set on object 'Object Repository/Bill/Page_Create new bill  Bills  Firefly III/input_object_group'

02-01-2024T11:36:25 - [MESSAGE][PASSED] - Text 'Mat Lam Tam' is set on object 'Object Repository/Bill/Page_Create new bill  Bills  Firefly III/input_object_group'

02-01-2024T11:36:25 - [TEST_STEP][PASSED] - click(findTestObject("Object Repository/Bill/Page_Create new bill  Bills  Firefly III/button_Store new bill")): Object: 'Object Repository/Bill/Page_Create new bill  Bills  Firefly III/button_Store new bill' is clicked on

02-01-2024T11:36:27 - [MESSAGE][PASSED] - Object: 'Object Repository/Bill/Page_Create new bill  Bills  Firefly III/button_Store new bill' is clicked on

02-01-2024T11:36:27 - [TEST_STEP][FAILED] - try: Unable to verify object 'Object Repository/Shared_alert/text_dangers' is present (Root cause: com.kms.katalon.core.exception.StepFailedException: Unable to verify object 'Object Repository/Shared_alert/text_dangers' is present
	at com.kms.katalon.core.webui.keyword.internal.WebUIKeywordMain.stepFailed(WebUIKeywordMain.groovy:64)
	at com.kms.katalon.core.webui.keyword.internal.WebUIKeywordMain.runKeyword(WebUIKeywordMain.groovy:26)
	at com.kms.katalon.core.webui.keyword.builtin.VerifyElementPresentKeyword.verifyElementPresent(VerifyElementPresentKeyword.groovy:92)
	at com.kms.katalon.core.webui.keyword.builtin.VerifyElementPresentKeyword.execute(VerifyElementPresentKeyword.groovy:68)
	at com.kms.katalon.core.keyword.internal.KeywordExecutor.executeKeywordForPlatform(KeywordExecutor.groovy:74)
	at com.kms.katalon.core.webui.keyword.WebUiBuiltInKeywords.verifyElementPresent(WebUiBuiltInKeywords.groovy:1503)
	at Bill.run(Bill:71)
	at com.kms.katalon.core.main.ScriptEngine.run(ScriptEngine.java:194)
	at com.kms.katalon.core.main.ScriptEngine.runScriptAsRawText(ScriptEngine.java:119)
	at com.kms.katalon.core.main.TestCaseExecutor.runScript(TestCaseExecutor.java:448)
	at com.kms.katalon.core.main.TestCaseExecutor.doExecute(TestCaseExecutor.java:439)
	at com.kms.katalon.core.main.TestCaseExecutor.processExecutionPhase(TestCaseExecutor.java:418)
	at com.kms.katalon.core.main.TestCaseExecutor.accessMainPhase(TestCaseExecutor.java:410)
	at com.kms.katalon.core.main.TestCaseExecutor.execute(TestCaseExecutor.java:285)
	at com.kms.katalon.core.common.CommonExecutor.accessTestCaseMainPhase(CommonExecutor.java:65)
	at com.kms.katalon.core.main.TestSuiteExecutor.accessTestSuiteMainPhase(TestSuiteExecutor.java:148)
	at com.kms.katalon.core.main.TestSuiteExecutor.execute(TestSuiteExecutor.java:106)
	at com.kms.katalon.core.main.TestCaseMain.startTestSuite(TestCaseMain.java:180)
	at TempTestSuite1704170033761.run(TempTestSuite1704170033761.groovy:36)
	at java.base/jdk.internal.reflect.NativeMethodAccessorImpl.invoke0(Native Method)
	at java.base/jdk.internal.reflect.NativeMethodAccessorImpl.invoke(NativeMethodAccessorImpl.java:77)
	at java.base/jdk.internal.reflect.DelegatingMethodAccessorImpl.invoke(DelegatingMethodAccessorImpl.java:43)
Caused by: com.kms.katalon.core.exception.StepFailedException: com.kms.katalon.core.webui.exception.WebElementNotFoundException: Web element with id: 'Object Repository/Shared_alert/text_dangers' located by '.text-danger' not found
	at com.kms.katalon.core.webui.keyword.internal.WebUIKeywordMain.stepFailed(WebUIKeywordMain.groovy:64)
	at com.kms.katalon.core.webui.keyword.builtin.VerifyElementPresentKeyword$_verifyElementPresent_closure1.doCall(VerifyElementPresentKeyword.groovy:85)
	at com.kms.katalon.core.webui.keyword.builtin.VerifyElementPresentKeyword$_verifyElementPresent_closure1.call(VerifyElementPresentKeyword.groovy)
	at com.kms.katalon.core.webui.keyword.internal.WebUIKeywordMain.runKeyword(WebUIKeywordMain.groovy:20)
	... 20 more
)

02-01-2024T11:36:27 - [TEST_STEP][FAILED] - verifyElementPresent(findTestObject("Shared_alert/text_dangers"), 1): Unable to verify object 'Object Repository/Shared_alert/text_dangers' is present (Root cause: com.kms.katalon.core.exception.StepFailedException: Unable to verify object 'Object Repository/Shared_alert/text_dangers' is present
	at com.kms.katalon.core.webui.keyword.internal.WebUIKeywordMain.stepFailed(WebUIKeywordMain.groovy:64)
	at com.kms.katalon.core.webui.keyword.internal.WebUIKeywordMain.runKeyword(WebUIKeywordMain.groovy:26)
	at com.kms.katalon.core.webui.keyword.builtin.VerifyElementPresentKeyword.verifyElementPresent(VerifyElementPresentKeyword.groovy:92)
	at com.kms.katalon.core.webui.keyword.builtin.VerifyElementPresentKeyword.execute(VerifyElementPresentKeyword.groovy:68)
	at com.kms.katalon.core.keyword.internal.KeywordExecutor.executeKeywordForPlatform(KeywordExecutor.groovy:74)
	at com.kms.katalon.core.webui.keyword.WebUiBuiltInKeywords.verifyElementPresent(WebUiBuiltInKeywords.groovy:1503)
	at Bill.run(Bill:71)
	at com.kms.katalon.core.main.ScriptEngine.run(ScriptEngine.java:194)
	at com.kms.katalon.core.main.ScriptEngine.runScriptAsRawText(ScriptEngine.java:119)
	at com.kms.katalon.core.main.TestCaseExecutor.runScript(TestCaseExecutor.java:448)
	at com.kms.katalon.core.main.TestCaseExecutor.doExecute(TestCaseExecutor.java:439)
	at com.kms.katalon.core.main.TestCaseExecutor.processExecutionPhase(TestCaseExecutor.java:418)
	at com.kms.katalon.core.main.TestCaseExecutor.accessMainPhase(TestCaseExecutor.java:410)
	at com.kms.katalon.core.main.TestCaseExecutor.execute(TestCaseExecutor.java:285)
	at com.kms.katalon.core.common.CommonExecutor.accessTestCaseMainPhase(CommonExecutor.java:65)
	at com.kms.katalon.core.main.TestSuiteExecutor.accessTestSuiteMainPhase(TestSuiteExecutor.java:148)
	at com.kms.katalon.core.main.TestSuiteExecutor.execute(TestSuiteExecutor.java:106)
	at com.kms.katalon.core.main.TestCaseMain.startTestSuite(TestCaseMain.java:180)
	at TempTestSuite1704170033761.run(TempTestSuite1704170033761.groovy:36)
	at java.base/jdk.internal.reflect.NativeMethodAccessorImpl.invoke0(Native Method)
	at java.base/jdk.internal.reflect.NativeMethodAccessorImpl.invoke(NativeMethodAccessorImpl.java:77)
	at java.base/jdk.internal.reflect.DelegatingMethodAccessorImpl.invoke(DelegatingMethodAccessorImpl.java:43)
Caused by: com.kms.katalon.core.exception.StepFailedException: com.kms.katalon.core.webui.exception.WebElementNotFoundException: Web element with id: 'Object Repository/Shared_alert/text_dangers' located by '.text-danger' not found
	at com.kms.katalon.core.webui.keyword.internal.WebUIKeywordMain.stepFailed(WebUIKeywordMain.groovy:64)
	at com.kms.katalon.core.webui.keyword.builtin.VerifyElementPresentKeyword$_verifyElementPresent_closure1.doCall(VerifyElementPresentKeyword.groovy:85)
	at com.kms.katalon.core.webui.keyword.builtin.VerifyElementPresentKeyword$_verifyElementPresent_closure1.call(VerifyElementPresentKeyword.groovy)
	at com.kms.katalon.core.webui.keyword.internal.WebUIKeywordMain.runKeyword(WebUIKeywordMain.groovy:20)
	... 20 more
)

02-01-2024T11:36:29 - [MESSAGE][INFO] - Unable to find the element located by 'By.cssSelector: .text-danger'. Please recheck the objects properties to make sure the desired element is located. 

02-01-2024T11:36:29 - [MESSAGE][FAILED] - com.kms.katalon.core.webui.exception.WebElementNotFoundException: Web element with id: 'Object Repository/Shared_alert/text_dangers' located by '.text-danger' not found (Root cause: com.kms.katalon.core.exception.StepFailedException: com.kms.katalon.core.webui.exception.WebElementNotFoundException: Web element with id: 'Object Repository/Shared_alert/text_dangers' located by '.text-danger' not found
	at com.kms.katalon.core.webui.keyword.internal.WebUIKeywordMain.stepFailed(WebUIKeywordMain.groovy:64)
	at com.kms.katalon.core.webui.keyword.builtin.VerifyElementPresentKeyword$_verifyElementPresent_closure1.doCall(VerifyElementPresentKeyword.groovy:85)
	at com.kms.katalon.core.webui.keyword.builtin.VerifyElementPresentKeyword$_verifyElementPresent_closure1.call(VerifyElementPresentKeyword.groovy)
	at com.kms.katalon.core.webui.keyword.internal.WebUIKeywordMain.runKeyword(WebUIKeywordMain.groovy:20)
	at com.kms.katalon.core.webui.keyword.builtin.VerifyElementPresentKeyword.verifyElementPresent(VerifyElementPresentKeyword.groovy:92)
	at com.kms.katalon.core.webui.keyword.builtin.VerifyElementPresentKeyword.execute(VerifyElementPresentKeyword.groovy:68)
	at com.kms.katalon.core.keyword.internal.KeywordExecutor.executeKeywordForPlatform(KeywordExecutor.groovy:74)
	at com.kms.katalon.core.webui.keyword.WebUiBuiltInKeywords.verifyElementPresent(WebUiBuiltInKeywords.groovy:1503)
	at Bill.run(Bill:71)
	at com.kms.katalon.core.main.ScriptEngine.run(ScriptEngine.java:194)
	at com.kms.katalon.core.main.ScriptEngine.runScriptAsRawText(ScriptEngine.java:119)
	at com.kms.katalon.core.main.TestCaseExecutor.runScript(TestCaseExecutor.java:448)
	at com.kms.katalon.core.main.TestCaseExecutor.doExecute(TestCaseExecutor.java:439)
	at com.kms.katalon.core.main.TestCaseExecutor.processExecutionPhase(TestCaseExecutor.java:418)
	at com.kms.katalon.core.main.TestCaseExecutor.accessMainPhase(TestCaseExecutor.java:410)
	at com.kms.katalon.core.main.TestCaseExecutor.execute(TestCaseExecutor.java:285)
	at com.kms.katalon.core.common.CommonExecutor.accessTestCaseMainPhase(CommonExecutor.java:65)
	at com.kms.katalon.core.main.TestSuiteExecutor.accessTestSuiteMainPhase(TestSuiteExecutor.java:148)
	at com.kms.katalon.core.main.TestSuiteExecutor.execute(TestSuiteExecutor.java:106)
	at com.kms.katalon.core.main.TestCaseMain.startTestSuite(TestCaseMain.java:180)
	at TempTestSuite1704170033761.run(TempTestSuite1704170033761.groovy:36)
	at java.base/jdk.internal.reflect.NativeMethodAccessorImpl.invoke0(Native Method)
	at java.base/jdk.internal.reflect.NativeMethodAccessorImpl.invoke(NativeMethodAccessorImpl.java:77)
	at java.base/jdk.internal.reflect.DelegatingMethodAccessorImpl.invoke(DelegatingMethodAccessorImpl.java:43)
)
[[ATTACHMENT|E:\\school\\software_testing\\G1_Firefly_testing\\Reports\\20240102_113352\\Bill Suite\\20240102_113353\\1704170189342.png]]

02-01-2024T11:36:29 - [MESSAGE][FAILED] - Unable to verify object 'Object Repository/Shared_alert/text_dangers' is present (Root cause: com.kms.katalon.core.exception.StepFailedException: Unable to verify object 'Object Repository/Shared_alert/text_dangers' is present
	at com.kms.katalon.core.webui.keyword.internal.WebUIKeywordMain.stepFailed(WebUIKeywordMain.groovy:64)
	at com.kms.katalon.core.webui.keyword.internal.WebUIKeywordMain.runKeyword(WebUIKeywordMain.groovy:26)
	at com.kms.katalon.core.webui.keyword.builtin.VerifyElementPresentKeyword.verifyElementPresent(VerifyElementPresentKeyword.groovy:92)
	at com.kms.katalon.core.webui.keyword.builtin.VerifyElementPresentKeyword.execute(VerifyElementPresentKeyword.groovy:68)
	at com.kms.katalon.core.keyword.internal.KeywordExecutor.executeKeywordForPlatform(KeywordExecutor.groovy:74)
	at com.kms.katalon.core.webui.keyword.WebUiBuiltInKeywords.verifyElementPresent(WebUiBuiltInKeywords.groovy:1503)
	at Bill.run(Bill:71)
	at com.kms.katalon.core.main.ScriptEngine.run(ScriptEngine.java:194)
	at com.kms.katalon.core.main.ScriptEngine.runScriptAsRawText(ScriptEngine.java:119)
	at com.kms.katalon.core.main.TestCaseExecutor.runScript(TestCaseExecutor.java:448)
	at com.kms.katalon.core.main.TestCaseExecutor.doExecute(TestCaseExecutor.java:439)
	at com.kms.katalon.core.main.TestCaseExecutor.processExecutionPhase(TestCaseExecutor.java:418)
	at com.kms.katalon.core.main.TestCaseExecutor.accessMainPhase(TestCaseExecutor.java:410)
	at com.kms.katalon.core.main.TestCaseExecutor.execute(TestCaseExecutor.java:285)
	at com.kms.katalon.core.common.CommonExecutor.accessTestCaseMainPhase(CommonExecutor.java:65)
	at com.kms.katalon.core.main.TestSuiteExecutor.accessTestSuiteMainPhase(TestSuiteExecutor.java:148)
	at com.kms.katalon.core.main.TestSuiteExecutor.execute(TestSuiteExecutor.java:106)
	at com.kms.katalon.core.main.TestCaseMain.startTestSuite(TestCaseMain.java:180)
	at TempTestSuite1704170033761.run(TempTestSuite1704170033761.groovy:36)
	at java.base/jdk.internal.reflect.NativeMethodAccessorImpl.invoke0(Native Method)
	at java.base/jdk.internal.reflect.NativeMethodAccessorImpl.invoke(NativeMethodAccessorImpl.java:77)
	at java.base/jdk.internal.reflect.DelegatingMethodAccessorImpl.invoke(DelegatingMethodAccessorImpl.java:43)
Caused by: com.kms.katalon.core.exception.StepFailedException: com.kms.katalon.core.webui.exception.WebElementNotFoundException: Web element with id: 'Object Repository/Shared_alert/text_dangers' located by '.text-danger' not found
	at com.kms.katalon.core.webui.keyword.internal.WebUIKeywordMain.stepFailed(WebUIKeywordMain.groovy:64)
	at com.kms.katalon.core.webui.keyword.builtin.VerifyElementPresentKeyword$_verifyElementPresent_closure1.doCall(VerifyElementPresentKeyword.groovy:85)
	at com.kms.katalon.core.webui.keyword.builtin.VerifyElementPresentKeyword$_verifyElementPresent_closure1.call(VerifyElementPresentKeyword.groovy)
	at com.kms.katalon.core.webui.keyword.internal.WebUIKeywordMain.runKeyword(WebUIKeywordMain.groovy:20)
	... 20 more
)
[[ATTACHMENT|E:\\school\\software_testing\\G1_Firefly_testing\\Reports\\20240102_113352\\Bill Suite\\20240102_113353\\1704170189460.png]]

02-01-2024T11:36:29 - [TEST_STEP][PASSED] - catch (Exception err): null

02-01-2024T11:36:29 - [TEST_STEP][PASSED] - assert verifyElementPresent(findTestObject("Shared_alert/success_alert_budget"), 1) == true: Object 'Object Repository/Shared_alert/success_alert_budget' is present

02-01-2024T11:36:29 - [MESSAGE][PASSED] - Object 'Object Repository/Shared_alert/success_alert_budget' is present

02-01-2024T11:36:29 - [TEST_STEP][PASSED] - out.println("success"): null

02-01-2024T11:36:29 - [TEST_STEP][PASSED] - if (max_amount != "" && min_amount != ""): null

02-01-2024T11:36:29 - [TEST_STEP][PASSED] - assert Float.parseFloat(max_amount) >= Float.parseFloat(min_amount): null

02-01-2024T11:36:29 - [TEST_STEP][PASSED] - closeBrowser(): Browser is closed

02-01-2024T11:36:30 - [MESSAGE][PASSED] - Browser is closed]]></system-out>
         <system-err><![CDATA[]]></system-err>
      </testcase>
      <testcase name="Test Cases/Bill" time="18.167" classname="Test Cases/Bill" status="PASSED">
         <system-out><![CDATA[02-01-2024T11:36:30 - [TEST_CASE][PASSED] - Test Cases/Bill: Test Cases/Bill

02-01-2024T11:36:30 - [TEST_STEP][PASSED] - openBrowser(""): Browser is opened with url: ''

02-01-2024T11:36:30 - [MESSAGE][INFO] - Starting 'Chrome' driver

02-01-2024T11:36:30 - [MESSAGE][INFO] - Action delay is set to 0 milliseconds

02-01-2024T11:36:31 - [MESSAGE][PASSED] - Browser is opened with url: ''

02-01-2024T11:36:31 - [TEST_STEP][PASSED] - navigateToUrl("https://firefly.buudadawg.online/login"): Navigate to 'https://firefly.buudadawg.online/login' successfully

02-01-2024T11:36:31 - [MESSAGE][PASSED] - Navigate to 'https://firefly.buudadawg.online/login' successfully

02-01-2024T11:36:31 - [TEST_STEP][PASSED] - setText(findTestObject("Object Repository/Bill/Page_Login to Firefly III/input_email"), "khoacraphotograph@gmail.com"): Text 'khoacraphotograph@gmail.com' is set on object 'Object Repository/Bill/Page_Login to Firefly III/input_email'

02-01-2024T11:36:32 - [MESSAGE][PASSED] - Text 'khoacraphotograph@gmail.com' is set on object 'Object Repository/Bill/Page_Login to Firefly III/input_email'

02-01-2024T11:36:32 - [TEST_STEP][PASSED] - setEncryptedText(findTestObject("Object Repository/Bill/Page_Login to Firefly III/input_password"), "krbqsEPTyj+/ySZvycc2bfHXjZyOJWOA"): Text ****** has been set on object 'Object Repository/Bill/Page_Login to Firefly III/input_password'

02-01-2024T11:36:32 - [MESSAGE][PASSED] - Text ****** has been set on object 'Object Repository/Bill/Page_Login to Firefly III/input_password'

02-01-2024T11:36:32 - [TEST_STEP][PASSED] - click(findTestObject("Object Repository/Bill/Page_Login to Firefly III/button_Sign in")): Object: 'Object Repository/Bill/Page_Login to Firefly III/button_Sign in' is clicked on

02-01-2024T11:36:33 - [MESSAGE][PASSED] - Object: 'Object Repository/Bill/Page_Login to Firefly III/button_Sign in' is clicked on

02-01-2024T11:36:33 - [TEST_STEP][PASSED] - click(findTestObject("Object Repository/Bill/Page_Whats playing  Firefly III/a_Bills")): Object: 'Object Repository/Bill/Page_Whats playing  Firefly III/a_Bills' is clicked on

02-01-2024T11:36:35 - [MESSAGE][PASSED] - Object: 'Object Repository/Bill/Page_Whats playing  Firefly III/a_Bills' is clicked on

02-01-2024T11:36:35 - [TEST_STEP][PASSED] - click(findTestObject("Object Repository/Bill/Page_Bills  Firefly III/a_Create new bill")): Object: 'Object Repository/Bill/Page_Bills  Firefly III/a_Create new bill' is clicked on

02-01-2024T11:36:36 - [MESSAGE][PASSED] - Object: 'Object Repository/Bill/Page_Bills  Firefly III/a_Create new bill' is clicked on

02-01-2024T11:36:36 - [TEST_STEP][PASSED] - setText(findTestObject("Object Repository/Bill/Page_Create new bill  Bills  Firefly III/input_name"), name): Text 'G2312-55:&7-jhlU'' is set on object 'Object Repository/Bill/Page_Create new bill  Bills  Firefly III/input_name'

02-01-2024T11:36:37 - [MESSAGE][PASSED] - Text 'G2312-55:&7-jhlU'' is set on object 'Object Repository/Bill/Page_Create new bill  Bills  Firefly III/input_name'

02-01-2024T11:36:37 - [TEST_STEP][PASSED] - setText(findTestObject("Object Repository/Bill/Page_Create new bill  Bills  Firefly III/input_amount_min"), min_amount): Text '54383' is set on object 'Object Repository/Bill/Page_Create new bill  Bills  Firefly III/input_amount_min'

02-01-2024T11:36:37 - [MESSAGE][PASSED] - Text '54383' is set on object 'Object Repository/Bill/Page_Create new bill  Bills  Firefly III/input_amount_min'

02-01-2024T11:36:37 - [TEST_STEP][PASSED] - setText(findTestObject("Object Repository/Bill/Page_Create new bill  Bills  Firefly III/input_amount_max"), max_amount): Text '73708' is set on object 'Object Repository/Bill/Page_Create new bill  Bills  Firefly III/input_amount_max'

02-01-2024T11:36:38 - [MESSAGE][PASSED] - Text '73708' is set on object 'Object Repository/Bill/Page_Create new bill  Bills  Firefly III/input_amount_max'

02-01-2024T11:36:38 - [TEST_STEP][PASSED] - setText(findTestObject("Bill/Page_Create new bill  Bills  Firefly III/input_date"), date): Text '06/17/2023' is set on object 'Object Repository/Bill/Page_Create new bill  Bills  Firefly III/input_date'

02-01-2024T11:36:39 - [MESSAGE][PASSED] - Text '06/17/2023' is set on object 'Object Repository/Bill/Page_Create new bill  Bills  Firefly III/input_date'

02-01-2024T11:36:39 - [TEST_STEP][PASSED] - selectOptionByLabel(findTestObject("Object Repository/Bill/Page_Create new bill  Bills  Firefly III/select_dailyweeklymonthlyquarterlyevery hal_79c7c6"), repeats, true): All options with label 'monthly' are selected in object 'Object Repository/Bill/Page_Create new bill  Bills  Firefly III/select_dailyweeklymonthlyquarterlyevery hal_79c7c6'  using regular expression

02-01-2024T11:36:40 - [MESSAGE][PASSED] - All options with label 'monthly' are selected in object 'Object Repository/Bill/Page_Create new bill  Bills  Firefly III/select_dailyweeklymonthlyquarterlyevery hal_79c7c6'  using regular expression

02-01-2024T11:36:40 - [TEST_STEP][PASSED] - setText(findTestObject("Object Repository/Bill/Page_Create new bill  Bills  Firefly III/input_skip"), skip): Text '13' is set on object 'Object Repository/Bill/Page_Create new bill  Bills  Firefly III/input_skip'

02-01-2024T11:36:40 - [MESSAGE][PASSED] - Text '13' is set on object 'Object Repository/Bill/Page_Create new bill  Bills  Firefly III/input_skip'

02-01-2024T11:36:40 - [TEST_STEP][PASSED] - setText(findTestObject("Bill/Page_Create new bill  Bills  Firefly III/input_end_date"), end_date): Text '03/08/2023' is set on object 'Object Repository/Bill/Page_Create new bill  Bills  Firefly III/input_end_date'

02-01-2024T11:36:41 - [MESSAGE][PASSED] - Text '03/08/2023' is set on object 'Object Repository/Bill/Page_Create new bill  Bills  Firefly III/input_end_date'

02-01-2024T11:36:41 - [TEST_STEP][PASSED] - setText(findTestObject("Bill/Page_Create new bill  Bills  Firefly III/input_extension_date"), extension_date): Text '' is set on object 'Object Repository/Bill/Page_Create new bill  Bills  Firefly III/input_extension_date'

02-01-2024T11:36:41 - [MESSAGE][PASSED] - Text '' is set on object 'Object Repository/Bill/Page_Create new bill  Bills  Firefly III/input_extension_date'

02-01-2024T11:36:41 - [TEST_STEP][PASSED] - setText(findTestObject("Object Repository/Bill/Page_Create new bill  Bills  Firefly III/textarea_notes"), notes): Text 'Nulla tellus. In sagittis dui vel nisl. Duis ac nibh. Fusce lacus purus, aliquet at, feugiat non, pretium quis, lectus. Suspendisse potenti. In eleifend quam a odio. In hac habitasse platea dictumst. Maecenas ut massa quis augue luctus tincidunt. Nulla mollis molestie lorem. Quisque ut erat. Curabitur gravida nisi at nibh. In hac habitasse platea dictumst. Aliquam augue quam, sollicitudin vitae, consectetuer eget, rutrum at, lorem. Integer tincidunt ante vel ipsum. Praesent blandit lacinia erat. Vestibulum sed magna at nunc commodo placerat. Praesent blandit. Nam nulla. Integer pede justo, lacinia eget, tincidunt eget, tempus vel, pede. Morbi porttitor lorem id ligula. Suspendisse ornare consequat lectus. In est risus, auctor sed, tristique in, tempus sit amet, sem. Fusce consequat. Nulla nisl. Nunc nisl. Duis bibendum, felis sed interdum venenatis, turpis enim blandit mi, in porttitor pede justo eu massa. Donec dapibus. Duis at velit eu est congue elementum. In hac habitasse platea dictumst. Morbi vestibulum, velit id pretium iaculis, diam erat fermentum justo, nec condimentum neque sapien placerat ante. Nulla justo. Aliquam quis turpis eget elit sodales scelerisque.' is set on object 'Object Repository/Bill/Page_Create new bill  Bills  Firefly III/textarea_notes'

02-01-2024T11:36:43 - [MESSAGE][PASSED] - Text 'Nulla tellus. In sagittis dui vel nisl. Duis ac nibh. Fusce lacus purus, aliquet at, feugiat non, pretium quis, lectus. Suspendisse potenti. In eleifend quam a odio. In hac habitasse platea dictumst. Maecenas ut massa quis augue luctus tincidunt. Nulla mollis molestie lorem. Quisque ut erat. Curabitur gravida nisi at nibh. In hac habitasse platea dictumst. Aliquam augue quam, sollicitudin vitae, consectetuer eget, rutrum at, lorem. Integer tincidunt ante vel ipsum. Praesent blandit lacinia erat. Vestibulum sed magna at nunc commodo placerat. Praesent blandit. Nam nulla. Integer pede justo, lacinia eget, tincidunt eget, tempus vel, pede. Morbi porttitor lorem id ligula. Suspendisse ornare consequat lectus. In est risus, auctor sed, tristique in, tempus sit amet, sem. Fusce consequat. Nulla nisl. Nunc nisl. Duis bibendum, felis sed interdum venenatis, turpis enim blandit mi, in porttitor pede justo eu massa. Donec dapibus. Duis at velit eu est congue elementum. In hac habitasse platea dictumst. Morbi vestibulum, velit id pretium iaculis, diam erat fermentum justo, nec condimentum neque sapien placerat ante. Nulla justo. Aliquam quis turpis eget elit sodales scelerisque.' is set on object 'Object Repository/Bill/Page_Create new bill  Bills  Firefly III/textarea_notes'

02-01-2024T11:36:43 - [TEST_STEP][PASSED] - isFileLimit = false: null

02-01-2024T11:36:43 - [TEST_STEP][PASSED] - if (attachments): File 'E:\school\software_testing\G1_Firefly_testing\Attachments File\Report_1MB.csv' sent to object: 'Object Repository/Create a new asset account/Page_Create a new asset account  Accounts  _ced620/upload file'

02-01-2024T11:36:43 - [TEST_STEP][PASSED] - absolutePath = normalize().toString(): null

02-01-2024T11:36:43 - [TEST_STEP][PASSED] - uploadFile(findTestObject("Create a new asset account/Page_Create a new asset account  Accounts  _ced620/upload file"), absolutePath): File 'E:\school\software_testing\G1_Firefly_testing\Attachments File\Report_1MB.csv' sent to object: 'Object Repository/Create a new asset account/Page_Create a new asset account  Accounts  _ced620/upload file'

02-01-2024T11:36:43 - [MESSAGE][PASSED] - File 'E:\school\software_testing\G1_Firefly_testing\Attachments File\Report_1MB.csv' sent to object: 'Object Repository/Create a new asset account/Page_Create a new asset account  Accounts  _ced620/upload file'

02-01-2024T11:36:43 - [TEST_STEP][PASSED] - if (attachments == "Attachments File/Report_65MB.csv"): null

02-01-2024T11:36:43 - [TEST_STEP][PASSED] - setText(findTestObject("Object Repository/Bill/Page_Create new bill  Bills  Firefly III/input_object_group"), group): Text 'Holdlamis' is set on object 'Object Repository/Bill/Page_Create new bill  Bills  Firefly III/input_object_group'

02-01-2024T11:36:44 - [MESSAGE][PASSED] - Text 'Holdlamis' is set on object 'Object Repository/Bill/Page_Create new bill  Bills  Firefly III/input_object_group'

02-01-2024T11:36:44 - [TEST_STEP][PASSED] - click(findTestObject("Object Repository/Bill/Page_Create new bill  Bills  Firefly III/button_Store new bill")): Object: 'Object Repository/Bill/Page_Create new bill  Bills  Firefly III/button_Store new bill' is clicked on

02-01-2024T11:36:45 - [MESSAGE][PASSED] - Object: 'Object Repository/Bill/Page_Create new bill  Bills  Firefly III/button_Store new bill' is clicked on

02-01-2024T11:36:45 - [TEST_STEP][FAILED] - try: Unable to verify object 'Object Repository/Shared_alert/text_dangers' is present (Root cause: com.kms.katalon.core.exception.StepFailedException: Unable to verify object 'Object Repository/Shared_alert/text_dangers' is present
	at com.kms.katalon.core.webui.keyword.internal.WebUIKeywordMain.stepFailed(WebUIKeywordMain.groovy:64)
	at com.kms.katalon.core.webui.keyword.internal.WebUIKeywordMain.runKeyword(WebUIKeywordMain.groovy:26)
	at com.kms.katalon.core.webui.keyword.builtin.VerifyElementPresentKeyword.verifyElementPresent(VerifyElementPresentKeyword.groovy:92)
	at com.kms.katalon.core.webui.keyword.builtin.VerifyElementPresentKeyword.execute(VerifyElementPresentKeyword.groovy:68)
	at com.kms.katalon.core.keyword.internal.KeywordExecutor.executeKeywordForPlatform(KeywordExecutor.groovy:74)
	at com.kms.katalon.core.webui.keyword.WebUiBuiltInKeywords.verifyElementPresent(WebUiBuiltInKeywords.groovy:1503)
	at Bill.run(Bill:71)
	at com.kms.katalon.core.main.ScriptEngine.run(ScriptEngine.java:194)
	at com.kms.katalon.core.main.ScriptEngine.runScriptAsRawText(ScriptEngine.java:119)
	at com.kms.katalon.core.main.TestCaseExecutor.runScript(TestCaseExecutor.java:448)
	at com.kms.katalon.core.main.TestCaseExecutor.doExecute(TestCaseExecutor.java:439)
	at com.kms.katalon.core.main.TestCaseExecutor.processExecutionPhase(TestCaseExecutor.java:418)
	at com.kms.katalon.core.main.TestCaseExecutor.accessMainPhase(TestCaseExecutor.java:410)
	at com.kms.katalon.core.main.TestCaseExecutor.execute(TestCaseExecutor.java:285)
	at com.kms.katalon.core.common.CommonExecutor.accessTestCaseMainPhase(CommonExecutor.java:65)
	at com.kms.katalon.core.main.TestSuiteExecutor.accessTestSuiteMainPhase(TestSuiteExecutor.java:148)
	at com.kms.katalon.core.main.TestSuiteExecutor.execute(TestSuiteExecutor.java:106)
	at com.kms.katalon.core.main.TestCaseMain.startTestSuite(TestCaseMain.java:180)
	at TempTestSuite1704170033761.run(TempTestSuite1704170033761.groovy:36)
	at java.base/jdk.internal.reflect.NativeMethodAccessorImpl.invoke0(Native Method)
	at java.base/jdk.internal.reflect.NativeMethodAccessorImpl.invoke(NativeMethodAccessorImpl.java:77)
	at java.base/jdk.internal.reflect.DelegatingMethodAccessorImpl.invoke(DelegatingMethodAccessorImpl.java:43)
Caused by: com.kms.katalon.core.exception.StepFailedException: com.kms.katalon.core.webui.exception.WebElementNotFoundException: Web element with id: 'Object Repository/Shared_alert/text_dangers' located by '.text-danger' not found
	at com.kms.katalon.core.webui.keyword.internal.WebUIKeywordMain.stepFailed(WebUIKeywordMain.groovy:64)
	at com.kms.katalon.core.webui.keyword.builtin.VerifyElementPresentKeyword$_verifyElementPresent_closure1.doCall(VerifyElementPresentKeyword.groovy:85)
	at com.kms.katalon.core.webui.keyword.builtin.VerifyElementPresentKeyword$_verifyElementPresent_closure1.call(VerifyElementPresentKeyword.groovy)
	at com.kms.katalon.core.webui.keyword.internal.WebUIKeywordMain.runKeyword(WebUIKeywordMain.groovy:20)
	... 20 more
)

02-01-2024T11:36:45 - [TEST_STEP][FAILED] - verifyElementPresent(findTestObject("Shared_alert/text_dangers"), 1): Unable to verify object 'Object Repository/Shared_alert/text_dangers' is present (Root cause: com.kms.katalon.core.exception.StepFailedException: Unable to verify object 'Object Repository/Shared_alert/text_dangers' is present
	at com.kms.katalon.core.webui.keyword.internal.WebUIKeywordMain.stepFailed(WebUIKeywordMain.groovy:64)
	at com.kms.katalon.core.webui.keyword.internal.WebUIKeywordMain.runKeyword(WebUIKeywordMain.groovy:26)
	at com.kms.katalon.core.webui.keyword.builtin.VerifyElementPresentKeyword.verifyElementPresent(VerifyElementPresentKeyword.groovy:92)
	at com.kms.katalon.core.webui.keyword.builtin.VerifyElementPresentKeyword.execute(VerifyElementPresentKeyword.groovy:68)
	at com.kms.katalon.core.keyword.internal.KeywordExecutor.executeKeywordForPlatform(KeywordExecutor.groovy:74)
	at com.kms.katalon.core.webui.keyword.WebUiBuiltInKeywords.verifyElementPresent(WebUiBuiltInKeywords.groovy:1503)
	at Bill.run(Bill:71)
	at com.kms.katalon.core.main.ScriptEngine.run(ScriptEngine.java:194)
	at com.kms.katalon.core.main.ScriptEngine.runScriptAsRawText(ScriptEngine.java:119)
	at com.kms.katalon.core.main.TestCaseExecutor.runScript(TestCaseExecutor.java:448)
	at com.kms.katalon.core.main.TestCaseExecutor.doExecute(TestCaseExecutor.java:439)
	at com.kms.katalon.core.main.TestCaseExecutor.processExecutionPhase(TestCaseExecutor.java:418)
	at com.kms.katalon.core.main.TestCaseExecutor.accessMainPhase(TestCaseExecutor.java:410)
	at com.kms.katalon.core.main.TestCaseExecutor.execute(TestCaseExecutor.java:285)
	at com.kms.katalon.core.common.CommonExecutor.accessTestCaseMainPhase(CommonExecutor.java:65)
	at com.kms.katalon.core.main.TestSuiteExecutor.accessTestSuiteMainPhase(TestSuiteExecutor.java:148)
	at com.kms.katalon.core.main.TestSuiteExecutor.execute(TestSuiteExecutor.java:106)
	at com.kms.katalon.core.main.TestCaseMain.startTestSuite(TestCaseMain.java:180)
	at TempTestSuite1704170033761.run(TempTestSuite1704170033761.groovy:36)
	at java.base/jdk.internal.reflect.NativeMethodAccessorImpl.invoke0(Native Method)
	at java.base/jdk.internal.reflect.NativeMethodAccessorImpl.invoke(NativeMethodAccessorImpl.java:77)
	at java.base/jdk.internal.reflect.DelegatingMethodAccessorImpl.invoke(DelegatingMethodAccessorImpl.java:43)
Caused by: com.kms.katalon.core.exception.StepFailedException: com.kms.katalon.core.webui.exception.WebElementNotFoundException: Web element with id: 'Object Repository/Shared_alert/text_dangers' located by '.text-danger' not found
	at com.kms.katalon.core.webui.keyword.internal.WebUIKeywordMain.stepFailed(WebUIKeywordMain.groovy:64)
	at com.kms.katalon.core.webui.keyword.builtin.VerifyElementPresentKeyword$_verifyElementPresent_closure1.doCall(VerifyElementPresentKeyword.groovy:85)
	at com.kms.katalon.core.webui.keyword.builtin.VerifyElementPresentKeyword$_verifyElementPresent_closure1.call(VerifyElementPresentKeyword.groovy)
	at com.kms.katalon.core.webui.keyword.internal.WebUIKeywordMain.runKeyword(WebUIKeywordMain.groovy:20)
	... 20 more
)

02-01-2024T11:36:47 - [MESSAGE][INFO] - Unable to find the element located by 'By.cssSelector: .text-danger'. Please recheck the objects properties to make sure the desired element is located. 

02-01-2024T11:36:47 - [MESSAGE][FAILED] - com.kms.katalon.core.webui.exception.WebElementNotFoundException: Web element with id: 'Object Repository/Shared_alert/text_dangers' located by '.text-danger' not found (Root cause: com.kms.katalon.core.exception.StepFailedException: com.kms.katalon.core.webui.exception.WebElementNotFoundException: Web element with id: 'Object Repository/Shared_alert/text_dangers' located by '.text-danger' not found
	at com.kms.katalon.core.webui.keyword.internal.WebUIKeywordMain.stepFailed(WebUIKeywordMain.groovy:64)
	at com.kms.katalon.core.webui.keyword.builtin.VerifyElementPresentKeyword$_verifyElementPresent_closure1.doCall(VerifyElementPresentKeyword.groovy:85)
	at com.kms.katalon.core.webui.keyword.builtin.VerifyElementPresentKeyword$_verifyElementPresent_closure1.call(VerifyElementPresentKeyword.groovy)
	at com.kms.katalon.core.webui.keyword.internal.WebUIKeywordMain.runKeyword(WebUIKeywordMain.groovy:20)
	at com.kms.katalon.core.webui.keyword.builtin.VerifyElementPresentKeyword.verifyElementPresent(VerifyElementPresentKeyword.groovy:92)
	at com.kms.katalon.core.webui.keyword.builtin.VerifyElementPresentKeyword.execute(VerifyElementPresentKeyword.groovy:68)
	at com.kms.katalon.core.keyword.internal.KeywordExecutor.executeKeywordForPlatform(KeywordExecutor.groovy:74)
	at com.kms.katalon.core.webui.keyword.WebUiBuiltInKeywords.verifyElementPresent(WebUiBuiltInKeywords.groovy:1503)
	at Bill.run(Bill:71)
	at com.kms.katalon.core.main.ScriptEngine.run(ScriptEngine.java:194)
	at com.kms.katalon.core.main.ScriptEngine.runScriptAsRawText(ScriptEngine.java:119)
	at com.kms.katalon.core.main.TestCaseExecutor.runScript(TestCaseExecutor.java:448)
	at com.kms.katalon.core.main.TestCaseExecutor.doExecute(TestCaseExecutor.java:439)
	at com.kms.katalon.core.main.TestCaseExecutor.processExecutionPhase(TestCaseExecutor.java:418)
	at com.kms.katalon.core.main.TestCaseExecutor.accessMainPhase(TestCaseExecutor.java:410)
	at com.kms.katalon.core.main.TestCaseExecutor.execute(TestCaseExecutor.java:285)
	at com.kms.katalon.core.common.CommonExecutor.accessTestCaseMainPhase(CommonExecutor.java:65)
	at com.kms.katalon.core.main.TestSuiteExecutor.accessTestSuiteMainPhase(TestSuiteExecutor.java:148)
	at com.kms.katalon.core.main.TestSuiteExecutor.execute(TestSuiteExecutor.java:106)
	at com.kms.katalon.core.main.TestCaseMain.startTestSuite(TestCaseMain.java:180)
	at TempTestSuite1704170033761.run(TempTestSuite1704170033761.groovy:36)
	at java.base/jdk.internal.reflect.NativeMethodAccessorImpl.invoke0(Native Method)
	at java.base/jdk.internal.reflect.NativeMethodAccessorImpl.invoke(NativeMethodAccessorImpl.java:77)
	at java.base/jdk.internal.reflect.DelegatingMethodAccessorImpl.invoke(DelegatingMethodAccessorImpl.java:43)
)
[[ATTACHMENT|E:\\school\\software_testing\\G1_Firefly_testing\\Reports\\20240102_113352\\Bill Suite\\20240102_113353\\1704170207637.png]]

02-01-2024T11:36:47 - [MESSAGE][FAILED] - Unable to verify object 'Object Repository/Shared_alert/text_dangers' is present (Root cause: com.kms.katalon.core.exception.StepFailedException: Unable to verify object 'Object Repository/Shared_alert/text_dangers' is present
	at com.kms.katalon.core.webui.keyword.internal.WebUIKeywordMain.stepFailed(WebUIKeywordMain.groovy:64)
	at com.kms.katalon.core.webui.keyword.internal.WebUIKeywordMain.runKeyword(WebUIKeywordMain.groovy:26)
	at com.kms.katalon.core.webui.keyword.builtin.VerifyElementPresentKeyword.verifyElementPresent(VerifyElementPresentKeyword.groovy:92)
	at com.kms.katalon.core.webui.keyword.builtin.VerifyElementPresentKeyword.execute(VerifyElementPresentKeyword.groovy:68)
	at com.kms.katalon.core.keyword.internal.KeywordExecutor.executeKeywordForPlatform(KeywordExecutor.groovy:74)
	at com.kms.katalon.core.webui.keyword.WebUiBuiltInKeywords.verifyElementPresent(WebUiBuiltInKeywords.groovy:1503)
	at Bill.run(Bill:71)
	at com.kms.katalon.core.main.ScriptEngine.run(ScriptEngine.java:194)
	at com.kms.katalon.core.main.ScriptEngine.runScriptAsRawText(ScriptEngine.java:119)
	at com.kms.katalon.core.main.TestCaseExecutor.runScript(TestCaseExecutor.java:448)
	at com.kms.katalon.core.main.TestCaseExecutor.doExecute(TestCaseExecutor.java:439)
	at com.kms.katalon.core.main.TestCaseExecutor.processExecutionPhase(TestCaseExecutor.java:418)
	at com.kms.katalon.core.main.TestCaseExecutor.accessMainPhase(TestCaseExecutor.java:410)
	at com.kms.katalon.core.main.TestCaseExecutor.execute(TestCaseExecutor.java:285)
	at com.kms.katalon.core.common.CommonExecutor.accessTestCaseMainPhase(CommonExecutor.java:65)
	at com.kms.katalon.core.main.TestSuiteExecutor.accessTestSuiteMainPhase(TestSuiteExecutor.java:148)
	at com.kms.katalon.core.main.TestSuiteExecutor.execute(TestSuiteExecutor.java:106)
	at com.kms.katalon.core.main.TestCaseMain.startTestSuite(TestCaseMain.java:180)
	at TempTestSuite1704170033761.run(TempTestSuite1704170033761.groovy:36)
	at java.base/jdk.internal.reflect.NativeMethodAccessorImpl.invoke0(Native Method)
	at java.base/jdk.internal.reflect.NativeMethodAccessorImpl.invoke(NativeMethodAccessorImpl.java:77)
	at java.base/jdk.internal.reflect.DelegatingMethodAccessorImpl.invoke(DelegatingMethodAccessorImpl.java:43)
Caused by: com.kms.katalon.core.exception.StepFailedException: com.kms.katalon.core.webui.exception.WebElementNotFoundException: Web element with id: 'Object Repository/Shared_alert/text_dangers' located by '.text-danger' not found
	at com.kms.katalon.core.webui.keyword.internal.WebUIKeywordMain.stepFailed(WebUIKeywordMain.groovy:64)
	at com.kms.katalon.core.webui.keyword.builtin.VerifyElementPresentKeyword$_verifyElementPresent_closure1.doCall(VerifyElementPresentKeyword.groovy:85)
	at com.kms.katalon.core.webui.keyword.builtin.VerifyElementPresentKeyword$_verifyElementPresent_closure1.call(VerifyElementPresentKeyword.groovy)
	at com.kms.katalon.core.webui.keyword.internal.WebUIKeywordMain.runKeyword(WebUIKeywordMain.groovy:20)
	... 20 more
)
[[ATTACHMENT|E:\\school\\software_testing\\G1_Firefly_testing\\Reports\\20240102_113352\\Bill Suite\\20240102_113353\\1704170207800.png]]

02-01-2024T11:36:47 - [TEST_STEP][PASSED] - catch (Exception err): null

02-01-2024T11:36:47 - [TEST_STEP][PASSED] - assert verifyElementPresent(findTestObject("Shared_alert/success_alert_budget"), 1) == true: Object 'Object Repository/Shared_alert/success_alert_budget' is present

02-01-2024T11:36:48 - [MESSAGE][PASSED] - Object 'Object Repository/Shared_alert/success_alert_budget' is present

02-01-2024T11:36:48 - [TEST_STEP][PASSED] - out.println("success"): null

02-01-2024T11:36:48 - [TEST_STEP][PASSED] - if (max_amount != "" && min_amount != ""): null

02-01-2024T11:36:48 - [TEST_STEP][PASSED] - assert Float.parseFloat(max_amount) >= Float.parseFloat(min_amount): null

02-01-2024T11:36:48 - [TEST_STEP][PASSED] - closeBrowser(): Browser is closed

02-01-2024T11:36:48 - [MESSAGE][PASSED] - Browser is closed]]></system-out>
         <system-err><![CDATA[]]></system-err>
      </testcase>
      <system-out><![CDATA[02-01-2024T11:33:56 - [TEST_SUITE][FAILED] - Bill Suite: Test Cases/Bill FAILED.
Reason:
Assertion failed: 

assert isFileLimit==true
       |          |
       false      false

	at Bill.run(Bill:61)
	at com.kms.katalon.core.main.ScriptEngine.run(ScriptEngine.java:194)
	at com.kms.katalon.core.main.ScriptEngine.runScriptAsRawText(ScriptEngine.java:119)
	at com.kms.katalon.core.main.TestCaseExecutor.runScript(TestCaseExecutor.java:448)
	at com.kms.katalon.core.main.TestCaseExecutor.doExecute(TestCaseExecutor.java:439)
	at com.kms.katalon.core.main.TestCaseExecutor.processExecutionPhase(TestCaseExecutor.java:418)
	at com.kms.katalon.core.main.TestCaseExecutor.accessMainPhase(TestCaseExecutor.java:410)
	at com.kms.katalon.core.main.TestCaseExecutor.execute(TestCaseExecutor.java:285)
	at com.kms.katalon.core.common.CommonExecutor.accessTestCaseMainPhase(CommonExecutor.java:65)
	at com.kms.katalon.core.main.TestSuiteExecutor.accessTestSuiteMainPhase(TestSuiteExecutor.java:148)
	at com.kms.katalon.core.main.TestSuiteExecutor.execute(TestSuiteExecutor.java:106)
	at com.kms.katalon.core.main.TestCaseMain.startTestSuite(TestCaseMain.java:180)
	at TempTestSuite1704170033761.run(TempTestSuite1704170033761.groovy:36)
	at java.base/jdk.internal.reflect.NativeMethodAccessorImpl.invoke0(Native Method)
	at java.base/jdk.internal.reflect.NativeMethodAccessorImpl.invoke(NativeMethodAccessorImpl.java:77)
	at java.base/jdk.internal.reflect.DelegatingMethodAccessorImpl.invoke(DelegatingMethodAccessorImpl.java:43)]]></system-out>
      <system-err><![CDATA[02-01-2024T11:33:56 - [TEST_SUITE][FAILED] - Bill Suite: Test Cases/Bill FAILED.
Reason:
Assertion failed: 

assert isFileLimit==true
       |          |
       false      false

	at Bill.run(Bill:61)
	at com.kms.katalon.core.main.ScriptEngine.run(ScriptEngine.java:194)
	at com.kms.katalon.core.main.ScriptEngine.runScriptAsRawText(ScriptEngine.java:119)
	at com.kms.katalon.core.main.TestCaseExecutor.runScript(TestCaseExecutor.java:448)
	at com.kms.katalon.core.main.TestCaseExecutor.doExecute(TestCaseExecutor.java:439)
	at com.kms.katalon.core.main.TestCaseExecutor.processExecutionPhase(TestCaseExecutor.java:418)
	at com.kms.katalon.core.main.TestCaseExecutor.accessMainPhase(TestCaseExecutor.java:410)
	at com.kms.katalon.core.main.TestCaseExecutor.execute(TestCaseExecutor.java:285)
	at com.kms.katalon.core.common.CommonExecutor.accessTestCaseMainPhase(CommonExecutor.java:65)
	at com.kms.katalon.core.main.TestSuiteExecutor.accessTestSuiteMainPhase(TestSuiteExecutor.java:148)
	at com.kms.katalon.core.main.TestSuiteExecutor.execute(TestSuiteExecutor.java:106)
	at com.kms.katalon.core.main.TestCaseMain.startTestSuite(TestCaseMain.java:180)
	at TempTestSuite1704170033761.run(TempTestSuite1704170033761.groovy:36)
	at java.base/jdk.internal.reflect.NativeMethodAccessorImpl.invoke0(Native Method)
	at java.base/jdk.internal.reflect.NativeMethodAccessorImpl.invoke(NativeMethodAccessorImpl.java:77)
	at java.base/jdk.internal.reflect.DelegatingMethodAccessorImpl.invoke(DelegatingMethodAccessorImpl.java:43)]]></system-err>
   </testsuite>
</testsuites>
