<?xml version="1.0" encoding="UTF-8"?>
<testsuites name="Create a new asset account" time="174.162" tests="10" failures="0" errors="0">
   <testsuite name="Create a new asset account" tests="10" failures="0" errors="0" time="174.162" skipped="0" timestamp="01-01-2024T17:11:35" hostname="Luat Huynh - LuatHuynh.mshome.net" id="Test Suites/Create a new asset account">
      <properties>
         <property name="deviceName" value=""/>
         <property name="devicePlatform" value=""/>
         <property name="logFolder" value="D:\\ktpm\\G1_Firefly_testing\\Reports\\20240101_171131\\Create a new asset account\\20240101_171131"/>
         <property name="logFiles" value="D:\\ktpm\\G1_Firefly_testing\\Reports\\20240101_171131\\Create a new asset account\\20240101_171131\\execution0.log"/>
         <property name="attachments" value="D:\\ktpm\\G1_Firefly_testing\\Reports\\20240101_171131\\Create a new asset account\\20240101_171131\\1704103944574.png, D:\\ktpm\\G1_Firefly_testing\\Reports\\20240101_171131\\Create a new asset account\\20240101_171131\\1704103944692.png, D:\\ktpm\\G1_Firefly_testing\\Reports\\20240101_171131\\Create a new asset account\\20240101_171131\\1704103963635.png, D:\\ktpm\\G1_Firefly_testing\\Reports\\20240101_171131\\Create a new asset account\\20240101_171131\\1704103963763.png, D:\\ktpm\\G1_Firefly_testing\\Reports\\20240101_171131\\Create a new asset account\\20240101_171131\\1704103981638.png, D:\\ktpm\\G1_Firefly_testing\\Reports\\20240101_171131\\Create a new asset account\\20240101_171131\\1704103981730.png, D:\\ktpm\\G1_Firefly_testing\\Reports\\20240101_171131\\Create a new asset account\\20240101_171131\\1704103998627.png, D:\\ktpm\\G1_Firefly_testing\\Reports\\20240101_171131\\Create a new asset account\\20240101_171131\\1704103998725.png, D:\\ktpm\\G1_Firefly_testing\\Reports\\20240101_171131\\Create a new asset account\\20240101_171131\\1704104015342.png, D:\\ktpm\\G1_Firefly_testing\\Reports\\20240101_171131\\Create a new asset account\\20240101_171131\\1704104015448.png, D:\\ktpm\\G1_Firefly_testing\\Reports\\20240101_171131\\Create a new asset account\\20240101_171131\\1704104032830.png, D:\\ktpm\\G1_Firefly_testing\\Reports\\20240101_171131\\Create a new asset account\\20240101_171131\\1704104032939.png, D:\\ktpm\\G1_Firefly_testing\\Reports\\20240101_171131\\Create a new asset account\\20240101_171131\\1704104051338.png, D:\\ktpm\\G1_Firefly_testing\\Reports\\20240101_171131\\Create a new asset account\\20240101_171131\\1704104051449.png, D:\\ktpm\\G1_Firefly_testing\\Reports\\20240101_171131\\Create a new asset account\\20240101_171131\\1704104068803.png, D:\\ktpm\\G1_Firefly_testing\\Reports\\20240101_171131\\Create a new asset account\\20240101_171131\\1704104068895.png"/>
         <property name="hostName" value="Luat Huynh - LuatHuynh.mshome.net"/>
         <property name="os" value="Windows 11 64bit"/>
         <property name="katalonVersion" value="9.2.0.212"/>
         <property name="browser" value="Chrome 120.0.0.0"/>
         <property name="hostAddress" value="192.168.137.1"/>
         <property name="sessionId" value="864e9c3743a533a4ec4c4a5e21b94d38"/>
         <property name="seleniumVersion" value="3.141.59"/>
         <property name="proxyInformation" value="ProxyInformation { proxyOption=NO_PROXY, proxyServerType=HTTP, username=, password=********, proxyServerAddress=, proxyServerPort=0, executionList=&quot;&quot;, isApplyToDesiredCapabilities=true }"/>
         <property name="platform" value="Windows 11"/>
      </properties>
      <testcase name="Test Cases/Create a new asset account" time="17.036" classname="Test Cases/Create a new asset account" status="PASSED">
         <system-out><![CDATA[01-01-2024T17:11:35 - [TEST_CASE][PASSED] - Test Cases/Create a new asset account: Test Cases/Create a new asset account

01-01-2024T17:11:35 - [TEST_STEP][PASSED] - openBrowser(""): Browser is opened with url: ''

01-01-2024T17:11:36 - [MESSAGE][INFO] - Starting 'Chrome' driver

01-01-2024T17:11:36 - [MESSAGE][INFO] - Action delay is set to 0 milliseconds

01-01-2024T17:11:38 - [MESSAGE][PASSED] - Browser is opened with url: ''

01-01-2024T17:11:38 - [TEST_STEP][PASSED] - navigateToUrl("https://firefly.buudadawg.online/accounts/create/asset"): Navigate to 'https://firefly.buudadawg.online/accounts/create/asset' successfully

01-01-2024T17:11:39 - [MESSAGE][PASSED] - Navigate to 'https://firefly.buudadawg.online/accounts/create/asset' successfully

01-01-2024T17:11:39 - [TEST_STEP][PASSED] - setText(findTestObject("Object Repository/Create a new asset account/Page_Login to Firefly III/input_email"), "huynhluat.dn@gmail.com"): Text 'huynhluat.dn@gmail.com' is set on object 'Object Repository/Create a new asset account/Page_Login to Firefly III/input_email'

01-01-2024T17:11:40 - [MESSAGE][PASSED] - Text 'huynhluat.dn@gmail.com' is set on object 'Object Repository/Create a new asset account/Page_Login to Firefly III/input_email'

01-01-2024T17:11:40 - [TEST_STEP][PASSED] - setEncryptedText(findTestObject("Object Repository/Create a new asset account/Page_Login to Firefly III/input_password"), "GDttjE7iuxOgQwNBt53tbwiiBI5Qr4kb"): Text ****** has been set on object 'Object Repository/Create a new asset account/Page_Login to Firefly III/input_password'

01-01-2024T17:11:40 - [MESSAGE][PASSED] - Text ****** has been set on object 'Object Repository/Create a new asset account/Page_Login to Firefly III/input_password'

01-01-2024T17:11:40 - [TEST_STEP][PASSED] - click(findTestObject("Object Repository/Create a new asset account/Page_Login to Firefly III/button_Sign in")): Object: 'Object Repository/Create a new asset account/Page_Login to Firefly III/button_Sign in' is clicked on

01-01-2024T17:11:42 - [MESSAGE][PASSED] - Object: 'Object Repository/Create a new asset account/Page_Login to Firefly III/button_Sign in' is clicked on

01-01-2024T17:11:42 - [TEST_STEP][PASSED] - setText(findTestObject("Object Repository/Create a new asset account/Page_Create a new asset account  Accounts  _ced620/input_name"), name): Text 'ubille0' is set on object 'Object Repository/Create a new asset account/Page_Create a new asset account  Accounts  _ced620/input_name'

01-01-2024T17:11:43 - [MESSAGE][PASSED] - Text 'ubille0' is set on object 'Object Repository/Create a new asset account/Page_Create a new asset account  Accounts  _ced620/input_name'

01-01-2024T17:11:43 - [TEST_STEP][PASSED] - selectOptionByValue(findTestObject("Object Repository/Create a new asset account/Page_Create a new asset account  Accounts  _ced620/select_Euro ()US Dollar ()"), "1", true): All options with value '1' are selected in object 'Object Repository/Create a new asset account/Page_Create a new asset account  Accounts  _ced620/select_Euro ()US Dollar ()'  using regular expression

01-01-2024T17:11:44 - [MESSAGE][PASSED] - All options with value '1' are selected in object 'Object Repository/Create a new asset account/Page_Create a new asset account  Accounts  _ced620/select_Euro ()US Dollar ()'  using regular expression

01-01-2024T17:11:44 - [TEST_STEP][PASSED] - setText(findTestObject("Object Repository/Create a new asset account/Page_Create a new asset account  Accounts  _ced620/input_iban"), "GB29 NWBK 6016 1331 9268 19"): Text 'GB29 NWBK 6016 1331 9268 19' is set on object 'Object Repository/Create a new asset account/Page_Create a new asset account  Accounts  _ced620/input_iban'

01-01-2024T17:11:45 - [MESSAGE][PASSED] - Text 'GB29 NWBK 6016 1331 9268 19' is set on object 'Object Repository/Create a new asset account/Page_Create a new asset account  Accounts  _ced620/input_iban'

01-01-2024T17:11:45 - [TEST_STEP][PASSED] - setText(findTestObject("Object Repository/Create a new asset account/Page_Create a new asset account  Accounts  _ced620/input_BIC"), "ABCDUS12345"): Text 'ABCDUS12345' is set on object 'Object Repository/Create a new asset account/Page_Create a new asset account  Accounts  _ced620/input_BIC'

01-01-2024T17:11:45 - [MESSAGE][PASSED] - Text 'ABCDUS12345' is set on object 'Object Repository/Create a new asset account/Page_Create a new asset account  Accounts  _ced620/input_BIC'

01-01-2024T17:11:45 - [TEST_STEP][PASSED] - setText(findTestObject("Object Repository/Create a new asset account/Page_Create a new asset account  Accounts  _ced620/input_account_number"), ""): Text '' is set on object 'Object Repository/Create a new asset account/Page_Create a new asset account  Accounts  _ced620/input_account_number'

01-01-2024T17:11:46 - [MESSAGE][PASSED] - Text '' is set on object 'Object Repository/Create a new asset account/Page_Create a new asset account  Accounts  _ced620/input_account_number'

01-01-2024T17:11:46 - [TEST_STEP][PASSED] - setText(findTestObject("Object Repository/Create a new asset account/Page_Create a new asset account  Accounts  _ced620/input_opening_balance"), ""): Text '' is set on object 'Object Repository/Create a new asset account/Page_Create a new asset account  Accounts  _ced620/input_opening_balance'

01-01-2024T17:11:46 - [MESSAGE][PASSED] - Text '' is set on object 'Object Repository/Create a new asset account/Page_Create a new asset account  Accounts  _ced620/input_opening_balance'

01-01-2024T17:11:46 - [TEST_STEP][PASSED] - selectOptionByValue(findTestObject("Object Repository/Create a new asset account/Page_Create a new asset account  Accounts  _ced620/select_Default asset accountShared asset ac_afbbdd"), "sharedAsset", true): All options with value 'sharedAsset' are selected in object 'Object Repository/Create a new asset account/Page_Create a new asset account  Accounts  _ced620/select_Default asset accountShared asset ac_afbbdd'  using regular expression

01-01-2024T17:11:47 - [MESSAGE][PASSED] - All options with value 'sharedAsset' are selected in object 'Object Repository/Create a new asset account/Page_Create a new asset account  Accounts  _ced620/select_Default asset accountShared asset ac_afbbdd'  using regular expression

01-01-2024T17:11:47 - [TEST_STEP][PASSED] - selectOptionByValue(findTestObject("Object Repository/Create a new asset account/Page_Create a new asset account  Accounts  _ced620/select_Default asset accountShared asset ac_afbbdd"), "defaultAsset", true): All options with value 'defaultAsset' are selected in object 'Object Repository/Create a new asset account/Page_Create a new asset account  Accounts  _ced620/select_Default asset accountShared asset ac_afbbdd'  using regular expression

01-01-2024T17:11:48 - [MESSAGE][PASSED] - All options with value 'defaultAsset' are selected in object 'Object Repository/Create a new asset account/Page_Create a new asset account  Accounts  _ced620/select_Default asset accountShared asset ac_afbbdd'  using regular expression

01-01-2024T17:11:48 - [TEST_STEP][PASSED] - setText(findTestObject("Object Repository/Create a new asset account/Page_Create a new asset account  Accounts  _ced620/input_virtual_balance"), "100"): Text '100' is set on object 'Object Repository/Create a new asset account/Page_Create a new asset account  Accounts  _ced620/input_virtual_balance'

01-01-2024T17:11:49 - [MESSAGE][PASSED] - Text '100' is set on object 'Object Repository/Create a new asset account/Page_Create a new asset account  Accounts  _ced620/input_virtual_balance'

01-01-2024T17:11:49 - [TEST_STEP][PASSED] - setText(findTestObject("Object Repository/Create a new asset account/Page_Create a new asset account  Accounts  _ced620/textarea_notes"), "note"): Text 'note' is set on object 'Object Repository/Create a new asset account/Page_Create a new asset account  Accounts  _ced620/textarea_notes'

01-01-2024T17:11:49 - [MESSAGE][PASSED] - Text 'note' is set on object 'Object Repository/Create a new asset account/Page_Create a new asset account  Accounts  _ced620/textarea_notes'

01-01-2024T17:11:49 - [TEST_STEP][PASSED] - setText(findTestObject("Create a new asset account/Page_Create a new asset account  Accounts  _ced620/input_opening_balance_date"), "20/12/2002"): Text '20/12/2002' is set on object 'Object Repository/Create a new asset account/Page_Create a new asset account  Accounts  _ced620/input_opening_balance_date'

01-01-2024T17:11:50 - [MESSAGE][PASSED] - Text '20/12/2002' is set on object 'Object Repository/Create a new asset account/Page_Create a new asset account  Accounts  _ced620/input_opening_balance_date'

01-01-2024T17:11:50 - [TEST_STEP][PASSED] - uploadFile(findTestObject("Create a new asset account/Page_Create a new asset account  Accounts  _ced620/upload file"), "D:\mail_service_log.txt"): File 'D:\mail_service_log.txt' sent to object: 'Object Repository/Create a new asset account/Page_Create a new asset account  Accounts  _ced620/upload file'

01-01-2024T17:11:50 - [MESSAGE][PASSED] - File 'D:\mail_service_log.txt' sent to object: 'Object Repository/Create a new asset account/Page_Create a new asset account  Accounts  _ced620/upload file'

01-01-2024T17:11:50 - [TEST_STEP][PASSED] - click(findTestObject("Object Repository/Create a new asset account/Page_Create a new asset account  Accounts  _ced620/button_Store new asset account")): Object: 'Object Repository/Create a new asset account/Page_Create a new asset account  Accounts  _ced620/button_Store new asset account' is clicked on

01-01-2024T17:11:51 - [MESSAGE][PASSED] - Object: 'Object Repository/Create a new asset account/Page_Create a new asset account  Accounts  _ced620/button_Store new asset account' is clicked on

01-01-2024T17:11:51 - [TEST_STEP][PASSED] - try: null

01-01-2024T17:11:51 - [TEST_STEP][PASSED] - verifyElementPresent(findTestObject("Shared_alert/text_dangers"), 1): Object 'Object Repository/Shared_alert/text_dangers' is present

01-01-2024T17:11:51 - [MESSAGE][PASSED] - Object 'Object Repository/Shared_alert/text_dangers' is present

01-01-2024T17:11:51 - [TEST_STEP][PASSED] - verifyElementNotPresent(findTestObject("Shared_alert/success_alert"), 1): Web element with id: 'Object Repository/Shared_alert/success_alert' located by 'By.cssSelector: #app > div.content-wrapper > section.content > div' is not present after '1' second(s)

01-01-2024T17:11:52 - [MESSAGE][PASSED] - Web element with id: 'Object Repository/Shared_alert/success_alert' located by 'By.cssSelector: #app > div.content-wrapper > section.content > div' is not present after '1' second(s)

01-01-2024T17:11:52 - [TEST_STEP][PASSED] - out.println("text danger"): null

01-01-2024T17:11:52 - [TEST_STEP][PASSED] - closeBrowser(): Browser is closed

01-01-2024T17:11:52 - [MESSAGE][PASSED] - Browser is closed]]></system-out>
         <system-err><![CDATA[]]></system-err>
      </testcase>
      <testcase name="Test Cases/Create a new asset account" time="15.311" classname="Test Cases/Create a new asset account" status="PASSED">
         <system-out><![CDATA[01-01-2024T17:11:52 - [TEST_CASE][PASSED] - Test Cases/Create a new asset account: Test Cases/Create a new asset account

01-01-2024T17:11:52 - [TEST_STEP][PASSED] - openBrowser(""): Browser is opened with url: ''

01-01-2024T17:11:52 - [MESSAGE][INFO] - Starting 'Chrome' driver

01-01-2024T17:11:52 - [MESSAGE][INFO] - Action delay is set to 0 milliseconds

01-01-2024T17:11:53 - [MESSAGE][PASSED] - Browser is opened with url: ''

01-01-2024T17:11:53 - [TEST_STEP][PASSED] - navigateToUrl("https://firefly.buudadawg.online/accounts/create/asset"): Navigate to 'https://firefly.buudadawg.online/accounts/create/asset' successfully

01-01-2024T17:11:54 - [MESSAGE][PASSED] - Navigate to 'https://firefly.buudadawg.online/accounts/create/asset' successfully

01-01-2024T17:11:54 - [TEST_STEP][PASSED] - setText(findTestObject("Object Repository/Create a new asset account/Page_Login to Firefly III/input_email"), "huynhluat.dn@gmail.com"): Text 'huynhluat.dn@gmail.com' is set on object 'Object Repository/Create a new asset account/Page_Login to Firefly III/input_email'

01-01-2024T17:11:55 - [MESSAGE][PASSED] - Text 'huynhluat.dn@gmail.com' is set on object 'Object Repository/Create a new asset account/Page_Login to Firefly III/input_email'

01-01-2024T17:11:55 - [TEST_STEP][PASSED] - setEncryptedText(findTestObject("Object Repository/Create a new asset account/Page_Login to Firefly III/input_password"), "GDttjE7iuxOgQwNBt53tbwiiBI5Qr4kb"): Text ****** has been set on object 'Object Repository/Create a new asset account/Page_Login to Firefly III/input_password'

01-01-2024T17:11:56 - [MESSAGE][PASSED] - Text ****** has been set on object 'Object Repository/Create a new asset account/Page_Login to Firefly III/input_password'

01-01-2024T17:11:56 - [TEST_STEP][PASSED] - click(findTestObject("Object Repository/Create a new asset account/Page_Login to Firefly III/button_Sign in")): Object: 'Object Repository/Create a new asset account/Page_Login to Firefly III/button_Sign in' is clicked on

01-01-2024T17:11:57 - [MESSAGE][PASSED] - Object: 'Object Repository/Create a new asset account/Page_Login to Firefly III/button_Sign in' is clicked on

01-01-2024T17:11:57 - [TEST_STEP][PASSED] - setText(findTestObject("Object Repository/Create a new asset account/Page_Create a new asset account  Accounts  _ced620/input_name"), name): Text 'tmessham1' is set on object 'Object Repository/Create a new asset account/Page_Create a new asset account  Accounts  _ced620/input_name'

01-01-2024T17:11:58 - [MESSAGE][PASSED] - Text 'tmessham1' is set on object 'Object Repository/Create a new asset account/Page_Create a new asset account  Accounts  _ced620/input_name'

01-01-2024T17:11:58 - [TEST_STEP][PASSED] - selectOptionByValue(findTestObject("Object Repository/Create a new asset account/Page_Create a new asset account  Accounts  _ced620/select_Euro ()US Dollar ()"), "1", true): All options with value '1' are selected in object 'Object Repository/Create a new asset account/Page_Create a new asset account  Accounts  _ced620/select_Euro ()US Dollar ()'  using regular expression

01-01-2024T17:11:59 - [MESSAGE][PASSED] - All options with value '1' are selected in object 'Object Repository/Create a new asset account/Page_Create a new asset account  Accounts  _ced620/select_Euro ()US Dollar ()'  using regular expression

01-01-2024T17:11:59 - [TEST_STEP][PASSED] - setText(findTestObject("Object Repository/Create a new asset account/Page_Create a new asset account  Accounts  _ced620/input_iban"), "GB29 NWBK 6016 1331 9268 19"): Text 'GB29 NWBK 6016 1331 9268 19' is set on object 'Object Repository/Create a new asset account/Page_Create a new asset account  Accounts  _ced620/input_iban'

01-01-2024T17:12:00 - [MESSAGE][PASSED] - Text 'GB29 NWBK 6016 1331 9268 19' is set on object 'Object Repository/Create a new asset account/Page_Create a new asset account  Accounts  _ced620/input_iban'

01-01-2024T17:12:00 - [TEST_STEP][PASSED] - setText(findTestObject("Object Repository/Create a new asset account/Page_Create a new asset account  Accounts  _ced620/input_BIC"), "ABCDUS12345"): Text 'ABCDUS12345' is set on object 'Object Repository/Create a new asset account/Page_Create a new asset account  Accounts  _ced620/input_BIC'

01-01-2024T17:12:00 - [MESSAGE][PASSED] - Text 'ABCDUS12345' is set on object 'Object Repository/Create a new asset account/Page_Create a new asset account  Accounts  _ced620/input_BIC'

01-01-2024T17:12:00 - [TEST_STEP][PASSED] - setText(findTestObject("Object Repository/Create a new asset account/Page_Create a new asset account  Accounts  _ced620/input_account_number"), ""): Text '' is set on object 'Object Repository/Create a new asset account/Page_Create a new asset account  Accounts  _ced620/input_account_number'

01-01-2024T17:12:01 - [MESSAGE][PASSED] - Text '' is set on object 'Object Repository/Create a new asset account/Page_Create a new asset account  Accounts  _ced620/input_account_number'

01-01-2024T17:12:01 - [TEST_STEP][PASSED] - setText(findTestObject("Object Repository/Create a new asset account/Page_Create a new asset account  Accounts  _ced620/input_opening_balance"), ""): Text '' is set on object 'Object Repository/Create a new asset account/Page_Create a new asset account  Accounts  _ced620/input_opening_balance'

01-01-2024T17:12:02 - [MESSAGE][PASSED] - Text '' is set on object 'Object Repository/Create a new asset account/Page_Create a new asset account  Accounts  _ced620/input_opening_balance'

01-01-2024T17:12:02 - [TEST_STEP][PASSED] - selectOptionByValue(findTestObject("Object Repository/Create a new asset account/Page_Create a new asset account  Accounts  _ced620/select_Default asset accountShared asset ac_afbbdd"), "sharedAsset", true): All options with value 'sharedAsset' are selected in object 'Object Repository/Create a new asset account/Page_Create a new asset account  Accounts  _ced620/select_Default asset accountShared asset ac_afbbdd'  using regular expression

01-01-2024T17:12:02 - [MESSAGE][PASSED] - All options with value 'sharedAsset' are selected in object 'Object Repository/Create a new asset account/Page_Create a new asset account  Accounts  _ced620/select_Default asset accountShared asset ac_afbbdd'  using regular expression

01-01-2024T17:12:02 - [TEST_STEP][PASSED] - selectOptionByValue(findTestObject("Object Repository/Create a new asset account/Page_Create a new asset account  Accounts  _ced620/select_Default asset accountShared asset ac_afbbdd"), "defaultAsset", true): All options with value 'defaultAsset' are selected in object 'Object Repository/Create a new asset account/Page_Create a new asset account  Accounts  _ced620/select_Default asset accountShared asset ac_afbbdd'  using regular expression

01-01-2024T17:12:03 - [MESSAGE][PASSED] - All options with value 'defaultAsset' are selected in object 'Object Repository/Create a new asset account/Page_Create a new asset account  Accounts  _ced620/select_Default asset accountShared asset ac_afbbdd'  using regular expression

01-01-2024T17:12:03 - [TEST_STEP][PASSED] - setText(findTestObject("Object Repository/Create a new asset account/Page_Create a new asset account  Accounts  _ced620/input_virtual_balance"), "100"): Text '100' is set on object 'Object Repository/Create a new asset account/Page_Create a new asset account  Accounts  _ced620/input_virtual_balance'

01-01-2024T17:12:04 - [MESSAGE][PASSED] - Text '100' is set on object 'Object Repository/Create a new asset account/Page_Create a new asset account  Accounts  _ced620/input_virtual_balance'

01-01-2024T17:12:04 - [TEST_STEP][PASSED] - setText(findTestObject("Object Repository/Create a new asset account/Page_Create a new asset account  Accounts  _ced620/textarea_notes"), "note"): Text 'note' is set on object 'Object Repository/Create a new asset account/Page_Create a new asset account  Accounts  _ced620/textarea_notes'

01-01-2024T17:12:05 - [MESSAGE][PASSED] - Text 'note' is set on object 'Object Repository/Create a new asset account/Page_Create a new asset account  Accounts  _ced620/textarea_notes'

01-01-2024T17:12:05 - [TEST_STEP][PASSED] - setText(findTestObject("Create a new asset account/Page_Create a new asset account  Accounts  _ced620/input_opening_balance_date"), "20/12/2002"): Text '20/12/2002' is set on object 'Object Repository/Create a new asset account/Page_Create a new asset account  Accounts  _ced620/input_opening_balance_date'

01-01-2024T17:12:05 - [MESSAGE][PASSED] - Text '20/12/2002' is set on object 'Object Repository/Create a new asset account/Page_Create a new asset account  Accounts  _ced620/input_opening_balance_date'

01-01-2024T17:12:05 - [TEST_STEP][PASSED] - uploadFile(findTestObject("Create a new asset account/Page_Create a new asset account  Accounts  _ced620/upload file"), "D:\mail_service_log.txt"): File 'D:\mail_service_log.txt' sent to object: 'Object Repository/Create a new asset account/Page_Create a new asset account  Accounts  _ced620/upload file'

01-01-2024T17:12:05 - [MESSAGE][PASSED] - File 'D:\mail_service_log.txt' sent to object: 'Object Repository/Create a new asset account/Page_Create a new asset account  Accounts  _ced620/upload file'

01-01-2024T17:12:05 - [TEST_STEP][PASSED] - click(findTestObject("Object Repository/Create a new asset account/Page_Create a new asset account  Accounts  _ced620/button_Store new asset account")): Object: 'Object Repository/Create a new asset account/Page_Create a new asset account  Accounts  _ced620/button_Store new asset account' is clicked on

01-01-2024T17:12:06 - [MESSAGE][PASSED] - Object: 'Object Repository/Create a new asset account/Page_Create a new asset account  Accounts  _ced620/button_Store new asset account' is clicked on

01-01-2024T17:12:06 - [TEST_STEP][PASSED] - try: null

01-01-2024T17:12:06 - [TEST_STEP][PASSED] - verifyElementPresent(findTestObject("Shared_alert/text_dangers"), 1): Object 'Object Repository/Shared_alert/text_dangers' is present

01-01-2024T17:12:07 - [MESSAGE][PASSED] - Object 'Object Repository/Shared_alert/text_dangers' is present

01-01-2024T17:12:07 - [TEST_STEP][PASSED] - verifyElementNotPresent(findTestObject("Shared_alert/success_alert"), 1): Web element with id: 'Object Repository/Shared_alert/success_alert' located by 'By.cssSelector: #app > div.content-wrapper > section.content > div' is not present after '1' second(s)

01-01-2024T17:12:07 - [MESSAGE][PASSED] - Web element with id: 'Object Repository/Shared_alert/success_alert' located by 'By.cssSelector: #app > div.content-wrapper > section.content > div' is not present after '1' second(s)

01-01-2024T17:12:07 - [TEST_STEP][PASSED] - out.println("text danger"): null

01-01-2024T17:12:07 - [TEST_STEP][PASSED] - closeBrowser(): Browser is closed

01-01-2024T17:12:07 - [MESSAGE][PASSED] - Browser is closed]]></system-out>
         <system-err><![CDATA[]]></system-err>
      </testcase>
      <testcase name="Test Cases/Create a new asset account" time="17.346" classname="Test Cases/Create a new asset account" status="PASSED">
         <system-out><![CDATA[01-01-2024T17:12:07 - [TEST_CASE][PASSED] - Test Cases/Create a new asset account: Test Cases/Create a new asset account

01-01-2024T17:12:07 - [TEST_STEP][PASSED] - openBrowser(""): Browser is opened with url: ''

01-01-2024T17:12:07 - [MESSAGE][INFO] - Starting 'Chrome' driver

01-01-2024T17:12:07 - [MESSAGE][INFO] - Action delay is set to 0 milliseconds

01-01-2024T17:12:09 - [MESSAGE][PASSED] - Browser is opened with url: ''

01-01-2024T17:12:09 - [TEST_STEP][PASSED] - navigateToUrl("https://firefly.buudadawg.online/accounts/create/asset"): Navigate to 'https://firefly.buudadawg.online/accounts/create/asset' successfully

01-01-2024T17:12:10 - [MESSAGE][PASSED] - Navigate to 'https://firefly.buudadawg.online/accounts/create/asset' successfully

01-01-2024T17:12:10 - [TEST_STEP][PASSED] - setText(findTestObject("Object Repository/Create a new asset account/Page_Login to Firefly III/input_email"), "huynhluat.dn@gmail.com"): Text 'huynhluat.dn@gmail.com' is set on object 'Object Repository/Create a new asset account/Page_Login to Firefly III/input_email'

01-01-2024T17:12:11 - [MESSAGE][PASSED] - Text 'huynhluat.dn@gmail.com' is set on object 'Object Repository/Create a new asset account/Page_Login to Firefly III/input_email'

01-01-2024T17:12:11 - [TEST_STEP][PASSED] - setEncryptedText(findTestObject("Object Repository/Create a new asset account/Page_Login to Firefly III/input_password"), "GDttjE7iuxOgQwNBt53tbwiiBI5Qr4kb"): Text ****** has been set on object 'Object Repository/Create a new asset account/Page_Login to Firefly III/input_password'

01-01-2024T17:12:11 - [MESSAGE][PASSED] - Text ****** has been set on object 'Object Repository/Create a new asset account/Page_Login to Firefly III/input_password'

01-01-2024T17:12:11 - [TEST_STEP][PASSED] - click(findTestObject("Object Repository/Create a new asset account/Page_Login to Firefly III/button_Sign in")): Object: 'Object Repository/Create a new asset account/Page_Login to Firefly III/button_Sign in' is clicked on

01-01-2024T17:12:12 - [MESSAGE][PASSED] - Object: 'Object Repository/Create a new asset account/Page_Login to Firefly III/button_Sign in' is clicked on

01-01-2024T17:12:12 - [TEST_STEP][PASSED] - setText(findTestObject("Object Repository/Create a new asset account/Page_Create a new asset account  Accounts  _ced620/input_name"), name): Text 'atampion2' is set on object 'Object Repository/Create a new asset account/Page_Create a new asset account  Accounts  _ced620/input_name'

01-01-2024T17:12:14 - [MESSAGE][PASSED] - Text 'atampion2' is set on object 'Object Repository/Create a new asset account/Page_Create a new asset account  Accounts  _ced620/input_name'

01-01-2024T17:12:14 - [TEST_STEP][PASSED] - selectOptionByValue(findTestObject("Object Repository/Create a new asset account/Page_Create a new asset account  Accounts  _ced620/select_Euro ()US Dollar ()"), "1", true): All options with value '1' are selected in object 'Object Repository/Create a new asset account/Page_Create a new asset account  Accounts  _ced620/select_Euro ()US Dollar ()'  using regular expression

01-01-2024T17:12:15 - [MESSAGE][PASSED] - All options with value '1' are selected in object 'Object Repository/Create a new asset account/Page_Create a new asset account  Accounts  _ced620/select_Euro ()US Dollar ()'  using regular expression

01-01-2024T17:12:15 - [TEST_STEP][PASSED] - setText(findTestObject("Object Repository/Create a new asset account/Page_Create a new asset account  Accounts  _ced620/input_iban"), "GB29 NWBK 6016 1331 9268 19"): Text 'GB29 NWBK 6016 1331 9268 19' is set on object 'Object Repository/Create a new asset account/Page_Create a new asset account  Accounts  _ced620/input_iban'

01-01-2024T17:12:15 - [MESSAGE][PASSED] - Text 'GB29 NWBK 6016 1331 9268 19' is set on object 'Object Repository/Create a new asset account/Page_Create a new asset account  Accounts  _ced620/input_iban'

01-01-2024T17:12:15 - [TEST_STEP][PASSED] - setText(findTestObject("Object Repository/Create a new asset account/Page_Create a new asset account  Accounts  _ced620/input_BIC"), "ABCDUS12345"): Text 'ABCDUS12345' is set on object 'Object Repository/Create a new asset account/Page_Create a new asset account  Accounts  _ced620/input_BIC'

01-01-2024T17:12:16 - [MESSAGE][PASSED] - Text 'ABCDUS12345' is set on object 'Object Repository/Create a new asset account/Page_Create a new asset account  Accounts  _ced620/input_BIC'

01-01-2024T17:12:16 - [TEST_STEP][PASSED] - setText(findTestObject("Object Repository/Create a new asset account/Page_Create a new asset account  Accounts  _ced620/input_account_number"), ""): Text '' is set on object 'Object Repository/Create a new asset account/Page_Create a new asset account  Accounts  _ced620/input_account_number'

01-01-2024T17:12:16 - [MESSAGE][PASSED] - Text '' is set on object 'Object Repository/Create a new asset account/Page_Create a new asset account  Accounts  _ced620/input_account_number'

01-01-2024T17:12:16 - [TEST_STEP][PASSED] - setText(findTestObject("Object Repository/Create a new asset account/Page_Create a new asset account  Accounts  _ced620/input_opening_balance"), ""): Text '' is set on object 'Object Repository/Create a new asset account/Page_Create a new asset account  Accounts  _ced620/input_opening_balance'

01-01-2024T17:12:17 - [MESSAGE][PASSED] - Text '' is set on object 'Object Repository/Create a new asset account/Page_Create a new asset account  Accounts  _ced620/input_opening_balance'

01-01-2024T17:12:17 - [TEST_STEP][PASSED] - selectOptionByValue(findTestObject("Object Repository/Create a new asset account/Page_Create a new asset account  Accounts  _ced620/select_Default asset accountShared asset ac_afbbdd"), "sharedAsset", true): All options with value 'sharedAsset' are selected in object 'Object Repository/Create a new asset account/Page_Create a new asset account  Accounts  _ced620/select_Default asset accountShared asset ac_afbbdd'  using regular expression

01-01-2024T17:12:18 - [MESSAGE][PASSED] - All options with value 'sharedAsset' are selected in object 'Object Repository/Create a new asset account/Page_Create a new asset account  Accounts  _ced620/select_Default asset accountShared asset ac_afbbdd'  using regular expression

01-01-2024T17:12:18 - [TEST_STEP][PASSED] - selectOptionByValue(findTestObject("Object Repository/Create a new asset account/Page_Create a new asset account  Accounts  _ced620/select_Default asset accountShared asset ac_afbbdd"), "defaultAsset", true): All options with value 'defaultAsset' are selected in object 'Object Repository/Create a new asset account/Page_Create a new asset account  Accounts  _ced620/select_Default asset accountShared asset ac_afbbdd'  using regular expression

01-01-2024T17:12:19 - [MESSAGE][PASSED] - All options with value 'defaultAsset' are selected in object 'Object Repository/Create a new asset account/Page_Create a new asset account  Accounts  _ced620/select_Default asset accountShared asset ac_afbbdd'  using regular expression

01-01-2024T17:12:19 - [TEST_STEP][PASSED] - setText(findTestObject("Object Repository/Create a new asset account/Page_Create a new asset account  Accounts  _ced620/input_virtual_balance"), "100"): Text '100' is set on object 'Object Repository/Create a new asset account/Page_Create a new asset account  Accounts  _ced620/input_virtual_balance'

01-01-2024T17:12:19 - [MESSAGE][PASSED] - Text '100' is set on object 'Object Repository/Create a new asset account/Page_Create a new asset account  Accounts  _ced620/input_virtual_balance'

01-01-2024T17:12:19 - [TEST_STEP][PASSED] - setText(findTestObject("Object Repository/Create a new asset account/Page_Create a new asset account  Accounts  _ced620/textarea_notes"), "note"): Text 'note' is set on object 'Object Repository/Create a new asset account/Page_Create a new asset account  Accounts  _ced620/textarea_notes'

01-01-2024T17:12:20 - [MESSAGE][PASSED] - Text 'note' is set on object 'Object Repository/Create a new asset account/Page_Create a new asset account  Accounts  _ced620/textarea_notes'

01-01-2024T17:12:20 - [TEST_STEP][PASSED] - setText(findTestObject("Create a new asset account/Page_Create a new asset account  Accounts  _ced620/input_opening_balance_date"), "20/12/2002"): Text '20/12/2002' is set on object 'Object Repository/Create a new asset account/Page_Create a new asset account  Accounts  _ced620/input_opening_balance_date'

01-01-2024T17:12:21 - [MESSAGE][PASSED] - Text '20/12/2002' is set on object 'Object Repository/Create a new asset account/Page_Create a new asset account  Accounts  _ced620/input_opening_balance_date'

01-01-2024T17:12:21 - [TEST_STEP][PASSED] - uploadFile(findTestObject("Create a new asset account/Page_Create a new asset account  Accounts  _ced620/upload file"), "D:\mail_service_log.txt"): File 'D:\mail_service_log.txt' sent to object: 'Object Repository/Create a new asset account/Page_Create a new asset account  Accounts  _ced620/upload file'

01-01-2024T17:12:21 - [MESSAGE][PASSED] - File 'D:\mail_service_log.txt' sent to object: 'Object Repository/Create a new asset account/Page_Create a new asset account  Accounts  _ced620/upload file'

01-01-2024T17:12:21 - [TEST_STEP][PASSED] - click(findTestObject("Object Repository/Create a new asset account/Page_Create a new asset account  Accounts  _ced620/button_Store new asset account")): Object: 'Object Repository/Create a new asset account/Page_Create a new asset account  Accounts  _ced620/button_Store new asset account' is clicked on

01-01-2024T17:12:22 - [MESSAGE][PASSED] - Object: 'Object Repository/Create a new asset account/Page_Create a new asset account  Accounts  _ced620/button_Store new asset account' is clicked on

01-01-2024T17:12:22 - [TEST_STEP][FAILED] - try: Unable to verify object 'Object Repository/Shared_alert/text_dangers' is present (Root cause: com.kms.katalon.core.exception.StepFailedException: Unable to verify object 'Object Repository/Shared_alert/text_dangers' is present
	at com.kms.katalon.core.webui.keyword.internal.WebUIKeywordMain.stepFailed(WebUIKeywordMain.groovy:64)
	at com.kms.katalon.core.webui.keyword.internal.WebUIKeywordMain.runKeyword(WebUIKeywordMain.groovy:26)
	at com.kms.katalon.core.webui.keyword.builtin.VerifyElementPresentKeyword.verifyElementPresent(VerifyElementPresentKeyword.groovy:92)
	at com.kms.katalon.core.webui.keyword.builtin.VerifyElementPresentKeyword.execute(VerifyElementPresentKeyword.groovy:68)
	at com.kms.katalon.core.keyword.internal.KeywordExecutor.executeKeywordForPlatform(KeywordExecutor.groovy:74)
	at com.kms.katalon.core.webui.keyword.WebUiBuiltInKeywords.verifyElementPresent(WebUiBuiltInKeywords.groovy:1503)
	at Create a new asset account.run(Create a new asset account:70)
	at com.kms.katalon.core.main.ScriptEngine.run(ScriptEngine.java:194)
	at com.kms.katalon.core.main.ScriptEngine.runScriptAsRawText(ScriptEngine.java:119)
	at com.kms.katalon.core.main.TestCaseExecutor.runScript(TestCaseExecutor.java:448)
	at com.kms.katalon.core.main.TestCaseExecutor.doExecute(TestCaseExecutor.java:439)
	at com.kms.katalon.core.main.TestCaseExecutor.processExecutionPhase(TestCaseExecutor.java:418)
	at com.kms.katalon.core.main.TestCaseExecutor.accessMainPhase(TestCaseExecutor.java:410)
	at com.kms.katalon.core.main.TestCaseExecutor.execute(TestCaseExecutor.java:285)
	at com.kms.katalon.core.common.CommonExecutor.accessTestCaseMainPhase(CommonExecutor.java:65)
	at com.kms.katalon.core.main.TestSuiteExecutor.accessTestSuiteMainPhase(TestSuiteExecutor.java:148)
	at com.kms.katalon.core.main.TestSuiteExecutor.execute(TestSuiteExecutor.java:106)
	at com.kms.katalon.core.main.TestCaseMain.startTestSuite(TestCaseMain.java:180)
	at TempTestSuite1704103891068.run(TempTestSuite1704103891068.groovy:36)
	at java.base/jdk.internal.reflect.NativeMethodAccessorImpl.invoke0(Native Method)
	at java.base/jdk.internal.reflect.NativeMethodAccessorImpl.invoke(NativeMethodAccessorImpl.java:77)
	at java.base/jdk.internal.reflect.DelegatingMethodAccessorImpl.invoke(DelegatingMethodAccessorImpl.java:43)
Caused by: com.kms.katalon.core.exception.StepFailedException: com.kms.katalon.core.webui.exception.WebElementNotFoundException: Web element with id: 'Object Repository/Shared_alert/text_dangers' located by '.text-danger' not found
	at com.kms.katalon.core.webui.keyword.internal.WebUIKeywordMain.stepFailed(WebUIKeywordMain.groovy:64)
	at com.kms.katalon.core.webui.keyword.builtin.VerifyElementPresentKeyword$_verifyElementPresent_closure1.doCall(VerifyElementPresentKeyword.groovy:85)
	at com.kms.katalon.core.webui.keyword.builtin.VerifyElementPresentKeyword$_verifyElementPresent_closure1.call(VerifyElementPresentKeyword.groovy)
	at com.kms.katalon.core.webui.keyword.internal.WebUIKeywordMain.runKeyword(WebUIKeywordMain.groovy:20)
	... 20 more
)

01-01-2024T17:12:22 - [TEST_STEP][FAILED] - verifyElementPresent(findTestObject("Shared_alert/text_dangers"), 1): Unable to verify object 'Object Repository/Shared_alert/text_dangers' is present (Root cause: com.kms.katalon.core.exception.StepFailedException: Unable to verify object 'Object Repository/Shared_alert/text_dangers' is present
	at com.kms.katalon.core.webui.keyword.internal.WebUIKeywordMain.stepFailed(WebUIKeywordMain.groovy:64)
	at com.kms.katalon.core.webui.keyword.internal.WebUIKeywordMain.runKeyword(WebUIKeywordMain.groovy:26)
	at com.kms.katalon.core.webui.keyword.builtin.VerifyElementPresentKeyword.verifyElementPresent(VerifyElementPresentKeyword.groovy:92)
	at com.kms.katalon.core.webui.keyword.builtin.VerifyElementPresentKeyword.execute(VerifyElementPresentKeyword.groovy:68)
	at com.kms.katalon.core.keyword.internal.KeywordExecutor.executeKeywordForPlatform(KeywordExecutor.groovy:74)
	at com.kms.katalon.core.webui.keyword.WebUiBuiltInKeywords.verifyElementPresent(WebUiBuiltInKeywords.groovy:1503)
	at Create a new asset account.run(Create a new asset account:70)
	at com.kms.katalon.core.main.ScriptEngine.run(ScriptEngine.java:194)
	at com.kms.katalon.core.main.ScriptEngine.runScriptAsRawText(ScriptEngine.java:119)
	at com.kms.katalon.core.main.TestCaseExecutor.runScript(TestCaseExecutor.java:448)
	at com.kms.katalon.core.main.TestCaseExecutor.doExecute(TestCaseExecutor.java:439)
	at com.kms.katalon.core.main.TestCaseExecutor.processExecutionPhase(TestCaseExecutor.java:418)
	at com.kms.katalon.core.main.TestCaseExecutor.accessMainPhase(TestCaseExecutor.java:410)
	at com.kms.katalon.core.main.TestCaseExecutor.execute(TestCaseExecutor.java:285)
	at com.kms.katalon.core.common.CommonExecutor.accessTestCaseMainPhase(CommonExecutor.java:65)
	at com.kms.katalon.core.main.TestSuiteExecutor.accessTestSuiteMainPhase(TestSuiteExecutor.java:148)
	at com.kms.katalon.core.main.TestSuiteExecutor.execute(TestSuiteExecutor.java:106)
	at com.kms.katalon.core.main.TestCaseMain.startTestSuite(TestCaseMain.java:180)
	at TempTestSuite1704103891068.run(TempTestSuite1704103891068.groovy:36)
	at java.base/jdk.internal.reflect.NativeMethodAccessorImpl.invoke0(Native Method)
	at java.base/jdk.internal.reflect.NativeMethodAccessorImpl.invoke(NativeMethodAccessorImpl.java:77)
	at java.base/jdk.internal.reflect.DelegatingMethodAccessorImpl.invoke(DelegatingMethodAccessorImpl.java:43)
Caused by: com.kms.katalon.core.exception.StepFailedException: com.kms.katalon.core.webui.exception.WebElementNotFoundException: Web element with id: 'Object Repository/Shared_alert/text_dangers' located by '.text-danger' not found
	at com.kms.katalon.core.webui.keyword.internal.WebUIKeywordMain.stepFailed(WebUIKeywordMain.groovy:64)
	at com.kms.katalon.core.webui.keyword.builtin.VerifyElementPresentKeyword$_verifyElementPresent_closure1.doCall(VerifyElementPresentKeyword.groovy:85)
	at com.kms.katalon.core.webui.keyword.builtin.VerifyElementPresentKeyword$_verifyElementPresent_closure1.call(VerifyElementPresentKeyword.groovy)
	at com.kms.katalon.core.webui.keyword.internal.WebUIKeywordMain.runKeyword(WebUIKeywordMain.groovy:20)
	... 20 more
)

01-01-2024T17:12:24 - [MESSAGE][INFO] - Unable to find the element located by 'By.cssSelector: .text-danger'. Please recheck the objects properties to make sure the desired element is located. 

01-01-2024T17:12:24 - [MESSAGE][FAILED] - com.kms.katalon.core.webui.exception.WebElementNotFoundException: Web element with id: 'Object Repository/Shared_alert/text_dangers' located by '.text-danger' not found (Root cause: com.kms.katalon.core.exception.StepFailedException: com.kms.katalon.core.webui.exception.WebElementNotFoundException: Web element with id: 'Object Repository/Shared_alert/text_dangers' located by '.text-danger' not found
	at com.kms.katalon.core.webui.keyword.internal.WebUIKeywordMain.stepFailed(WebUIKeywordMain.groovy:64)
	at com.kms.katalon.core.webui.keyword.builtin.VerifyElementPresentKeyword$_verifyElementPresent_closure1.doCall(VerifyElementPresentKeyword.groovy:85)
	at com.kms.katalon.core.webui.keyword.builtin.VerifyElementPresentKeyword$_verifyElementPresent_closure1.call(VerifyElementPresentKeyword.groovy)
	at com.kms.katalon.core.webui.keyword.internal.WebUIKeywordMain.runKeyword(WebUIKeywordMain.groovy:20)
	at com.kms.katalon.core.webui.keyword.builtin.VerifyElementPresentKeyword.verifyElementPresent(VerifyElementPresentKeyword.groovy:92)
	at com.kms.katalon.core.webui.keyword.builtin.VerifyElementPresentKeyword.execute(VerifyElementPresentKeyword.groovy:68)
	at com.kms.katalon.core.keyword.internal.KeywordExecutor.executeKeywordForPlatform(KeywordExecutor.groovy:74)
	at com.kms.katalon.core.webui.keyword.WebUiBuiltInKeywords.verifyElementPresent(WebUiBuiltInKeywords.groovy:1503)
	at Create a new asset account.run(Create a new asset account:70)
	at com.kms.katalon.core.main.ScriptEngine.run(ScriptEngine.java:194)
	at com.kms.katalon.core.main.ScriptEngine.runScriptAsRawText(ScriptEngine.java:119)
	at com.kms.katalon.core.main.TestCaseExecutor.runScript(TestCaseExecutor.java:448)
	at com.kms.katalon.core.main.TestCaseExecutor.doExecute(TestCaseExecutor.java:439)
	at com.kms.katalon.core.main.TestCaseExecutor.processExecutionPhase(TestCaseExecutor.java:418)
	at com.kms.katalon.core.main.TestCaseExecutor.accessMainPhase(TestCaseExecutor.java:410)
	at com.kms.katalon.core.main.TestCaseExecutor.execute(TestCaseExecutor.java:285)
	at com.kms.katalon.core.common.CommonExecutor.accessTestCaseMainPhase(CommonExecutor.java:65)
	at com.kms.katalon.core.main.TestSuiteExecutor.accessTestSuiteMainPhase(TestSuiteExecutor.java:148)
	at com.kms.katalon.core.main.TestSuiteExecutor.execute(TestSuiteExecutor.java:106)
	at com.kms.katalon.core.main.TestCaseMain.startTestSuite(TestCaseMain.java:180)
	at TempTestSuite1704103891068.run(TempTestSuite1704103891068.groovy:36)
	at java.base/jdk.internal.reflect.NativeMethodAccessorImpl.invoke0(Native Method)
	at java.base/jdk.internal.reflect.NativeMethodAccessorImpl.invoke(NativeMethodAccessorImpl.java:77)
	at java.base/jdk.internal.reflect.DelegatingMethodAccessorImpl.invoke(DelegatingMethodAccessorImpl.java:43)
)
[[ATTACHMENT|D:\\ktpm\\G1_Firefly_testing\\Reports\\20240101_171131\\Create a new asset account\\20240101_171131\\1704103944574.png]]

01-01-2024T17:12:24 - [MESSAGE][FAILED] - Unable to verify object 'Object Repository/Shared_alert/text_dangers' is present (Root cause: com.kms.katalon.core.exception.StepFailedException: Unable to verify object 'Object Repository/Shared_alert/text_dangers' is present
	at com.kms.katalon.core.webui.keyword.internal.WebUIKeywordMain.stepFailed(WebUIKeywordMain.groovy:64)
	at com.kms.katalon.core.webui.keyword.internal.WebUIKeywordMain.runKeyword(WebUIKeywordMain.groovy:26)
	at com.kms.katalon.core.webui.keyword.builtin.VerifyElementPresentKeyword.verifyElementPresent(VerifyElementPresentKeyword.groovy:92)
	at com.kms.katalon.core.webui.keyword.builtin.VerifyElementPresentKeyword.execute(VerifyElementPresentKeyword.groovy:68)
	at com.kms.katalon.core.keyword.internal.KeywordExecutor.executeKeywordForPlatform(KeywordExecutor.groovy:74)
	at com.kms.katalon.core.webui.keyword.WebUiBuiltInKeywords.verifyElementPresent(WebUiBuiltInKeywords.groovy:1503)
	at Create a new asset account.run(Create a new asset account:70)
	at com.kms.katalon.core.main.ScriptEngine.run(ScriptEngine.java:194)
	at com.kms.katalon.core.main.ScriptEngine.runScriptAsRawText(ScriptEngine.java:119)
	at com.kms.katalon.core.main.TestCaseExecutor.runScript(TestCaseExecutor.java:448)
	at com.kms.katalon.core.main.TestCaseExecutor.doExecute(TestCaseExecutor.java:439)
	at com.kms.katalon.core.main.TestCaseExecutor.processExecutionPhase(TestCaseExecutor.java:418)
	at com.kms.katalon.core.main.TestCaseExecutor.accessMainPhase(TestCaseExecutor.java:410)
	at com.kms.katalon.core.main.TestCaseExecutor.execute(TestCaseExecutor.java:285)
	at com.kms.katalon.core.common.CommonExecutor.accessTestCaseMainPhase(CommonExecutor.java:65)
	at com.kms.katalon.core.main.TestSuiteExecutor.accessTestSuiteMainPhase(TestSuiteExecutor.java:148)
	at com.kms.katalon.core.main.TestSuiteExecutor.execute(TestSuiteExecutor.java:106)
	at com.kms.katalon.core.main.TestCaseMain.startTestSuite(TestCaseMain.java:180)
	at TempTestSuite1704103891068.run(TempTestSuite1704103891068.groovy:36)
	at java.base/jdk.internal.reflect.NativeMethodAccessorImpl.invoke0(Native Method)
	at java.base/jdk.internal.reflect.NativeMethodAccessorImpl.invoke(NativeMethodAccessorImpl.java:77)
	at java.base/jdk.internal.reflect.DelegatingMethodAccessorImpl.invoke(DelegatingMethodAccessorImpl.java:43)
Caused by: com.kms.katalon.core.exception.StepFailedException: com.kms.katalon.core.webui.exception.WebElementNotFoundException: Web element with id: 'Object Repository/Shared_alert/text_dangers' located by '.text-danger' not found
	at com.kms.katalon.core.webui.keyword.internal.WebUIKeywordMain.stepFailed(WebUIKeywordMain.groovy:64)
	at com.kms.katalon.core.webui.keyword.builtin.VerifyElementPresentKeyword$_verifyElementPresent_closure1.doCall(VerifyElementPresentKeyword.groovy:85)
	at com.kms.katalon.core.webui.keyword.builtin.VerifyElementPresentKeyword$_verifyElementPresent_closure1.call(VerifyElementPresentKeyword.groovy)
	at com.kms.katalon.core.webui.keyword.internal.WebUIKeywordMain.runKeyword(WebUIKeywordMain.groovy:20)
	... 20 more
)
[[ATTACHMENT|D:\\ktpm\\G1_Firefly_testing\\Reports\\20240101_171131\\Create a new asset account\\20240101_171131\\1704103944692.png]]

01-01-2024T17:12:24 - [TEST_STEP][PASSED] - catch (Exception err): null

01-01-2024T17:12:24 - [TEST_STEP][PASSED] - verifyElementPresent(findTestObject("Shared_alert/success_alert"), 1): Object 'Object Repository/Shared_alert/success_alert' is present

01-01-2024T17:12:25 - [MESSAGE][PASSED] - Object 'Object Repository/Shared_alert/success_alert' is present

01-01-2024T17:12:25 - [TEST_STEP][PASSED] - out.println("success"): null

01-01-2024T17:12:25 - [TEST_STEP][PASSED] - closeBrowser(): Browser is closed

01-01-2024T17:12:25 - [MESSAGE][PASSED] - Browser is closed]]></system-out>
         <system-err><![CDATA[]]></system-err>
      </testcase>
      <testcase name="Test Cases/Create a new asset account" time="19.123" classname="Test Cases/Create a new asset account" status="PASSED">
         <system-out><![CDATA[01-01-2024T17:12:25 - [TEST_CASE][PASSED] - Test Cases/Create a new asset account: Test Cases/Create a new asset account

01-01-2024T17:12:25 - [TEST_STEP][PASSED] - openBrowser(""): Browser is opened with url: ''

01-01-2024T17:12:25 - [MESSAGE][INFO] - Starting 'Chrome' driver

01-01-2024T17:12:25 - [MESSAGE][INFO] - Action delay is set to 0 milliseconds

01-01-2024T17:12:26 - [MESSAGE][PASSED] - Browser is opened with url: ''

01-01-2024T17:12:26 - [TEST_STEP][PASSED] - navigateToUrl("https://firefly.buudadawg.online/accounts/create/asset"): Navigate to 'https://firefly.buudadawg.online/accounts/create/asset' successfully

01-01-2024T17:12:27 - [MESSAGE][PASSED] - Navigate to 'https://firefly.buudadawg.online/accounts/create/asset' successfully

01-01-2024T17:12:27 - [TEST_STEP][PASSED] - setText(findTestObject("Object Repository/Create a new asset account/Page_Login to Firefly III/input_email"), "huynhluat.dn@gmail.com"): Text 'huynhluat.dn@gmail.com' is set on object 'Object Repository/Create a new asset account/Page_Login to Firefly III/input_email'

01-01-2024T17:12:28 - [MESSAGE][PASSED] - Text 'huynhluat.dn@gmail.com' is set on object 'Object Repository/Create a new asset account/Page_Login to Firefly III/input_email'

01-01-2024T17:12:28 - [TEST_STEP][PASSED] - setEncryptedText(findTestObject("Object Repository/Create a new asset account/Page_Login to Firefly III/input_password"), "GDttjE7iuxOgQwNBt53tbwiiBI5Qr4kb"): Text ****** has been set on object 'Object Repository/Create a new asset account/Page_Login to Firefly III/input_password'

01-01-2024T17:12:29 - [MESSAGE][PASSED] - Text ****** has been set on object 'Object Repository/Create a new asset account/Page_Login to Firefly III/input_password'

01-01-2024T17:12:29 - [TEST_STEP][PASSED] - click(findTestObject("Object Repository/Create a new asset account/Page_Login to Firefly III/button_Sign in")): Object: 'Object Repository/Create a new asset account/Page_Login to Firefly III/button_Sign in' is clicked on

01-01-2024T17:12:30 - [MESSAGE][PASSED] - Object: 'Object Repository/Create a new asset account/Page_Login to Firefly III/button_Sign in' is clicked on

01-01-2024T17:12:30 - [TEST_STEP][PASSED] - setText(findTestObject("Object Repository/Create a new asset account/Page_Create a new asset account  Accounts  _ced620/input_name"), name): Text 'mcoal3' is set on object 'Object Repository/Create a new asset account/Page_Create a new asset account  Accounts  _ced620/input_name'

01-01-2024T17:12:31 - [MESSAGE][PASSED] - Text 'mcoal3' is set on object 'Object Repository/Create a new asset account/Page_Create a new asset account  Accounts  _ced620/input_name'

01-01-2024T17:12:31 - [TEST_STEP][PASSED] - selectOptionByValue(findTestObject("Object Repository/Create a new asset account/Page_Create a new asset account  Accounts  _ced620/select_Euro ()US Dollar ()"), "1", true): All options with value '1' are selected in object 'Object Repository/Create a new asset account/Page_Create a new asset account  Accounts  _ced620/select_Euro ()US Dollar ()'  using regular expression

01-01-2024T17:12:32 - [MESSAGE][PASSED] - All options with value '1' are selected in object 'Object Repository/Create a new asset account/Page_Create a new asset account  Accounts  _ced620/select_Euro ()US Dollar ()'  using regular expression

01-01-2024T17:12:32 - [TEST_STEP][PASSED] - setText(findTestObject("Object Repository/Create a new asset account/Page_Create a new asset account  Accounts  _ced620/input_iban"), "GB29 NWBK 6016 1331 9268 19"): Text 'GB29 NWBK 6016 1331 9268 19' is set on object 'Object Repository/Create a new asset account/Page_Create a new asset account  Accounts  _ced620/input_iban'

01-01-2024T17:12:33 - [MESSAGE][PASSED] - Text 'GB29 NWBK 6016 1331 9268 19' is set on object 'Object Repository/Create a new asset account/Page_Create a new asset account  Accounts  _ced620/input_iban'

01-01-2024T17:12:33 - [TEST_STEP][PASSED] - setText(findTestObject("Object Repository/Create a new asset account/Page_Create a new asset account  Accounts  _ced620/input_BIC"), "ABCDUS12345"): Text 'ABCDUS12345' is set on object 'Object Repository/Create a new asset account/Page_Create a new asset account  Accounts  _ced620/input_BIC'

01-01-2024T17:12:33 - [MESSAGE][PASSED] - Text 'ABCDUS12345' is set on object 'Object Repository/Create a new asset account/Page_Create a new asset account  Accounts  _ced620/input_BIC'

01-01-2024T17:12:33 - [TEST_STEP][PASSED] - setText(findTestObject("Object Repository/Create a new asset account/Page_Create a new asset account  Accounts  _ced620/input_account_number"), ""): Text '' is set on object 'Object Repository/Create a new asset account/Page_Create a new asset account  Accounts  _ced620/input_account_number'

01-01-2024T17:12:34 - [MESSAGE][PASSED] - Text '' is set on object 'Object Repository/Create a new asset account/Page_Create a new asset account  Accounts  _ced620/input_account_number'

01-01-2024T17:12:34 - [TEST_STEP][PASSED] - setText(findTestObject("Object Repository/Create a new asset account/Page_Create a new asset account  Accounts  _ced620/input_opening_balance"), ""): Text '' is set on object 'Object Repository/Create a new asset account/Page_Create a new asset account  Accounts  _ced620/input_opening_balance'

01-01-2024T17:12:35 - [MESSAGE][PASSED] - Text '' is set on object 'Object Repository/Create a new asset account/Page_Create a new asset account  Accounts  _ced620/input_opening_balance'

01-01-2024T17:12:35 - [TEST_STEP][PASSED] - selectOptionByValue(findTestObject("Object Repository/Create a new asset account/Page_Create a new asset account  Accounts  _ced620/select_Default asset accountShared asset ac_afbbdd"), "sharedAsset", true): All options with value 'sharedAsset' are selected in object 'Object Repository/Create a new asset account/Page_Create a new asset account  Accounts  _ced620/select_Default asset accountShared asset ac_afbbdd'  using regular expression

01-01-2024T17:12:36 - [MESSAGE][PASSED] - All options with value 'sharedAsset' are selected in object 'Object Repository/Create a new asset account/Page_Create a new asset account  Accounts  _ced620/select_Default asset accountShared asset ac_afbbdd'  using regular expression

01-01-2024T17:12:36 - [TEST_STEP][PASSED] - selectOptionByValue(findTestObject("Object Repository/Create a new asset account/Page_Create a new asset account  Accounts  _ced620/select_Default asset accountShared asset ac_afbbdd"), "defaultAsset", true): All options with value 'defaultAsset' are selected in object 'Object Repository/Create a new asset account/Page_Create a new asset account  Accounts  _ced620/select_Default asset accountShared asset ac_afbbdd'  using regular expression

01-01-2024T17:12:37 - [MESSAGE][PASSED] - All options with value 'defaultAsset' are selected in object 'Object Repository/Create a new asset account/Page_Create a new asset account  Accounts  _ced620/select_Default asset accountShared asset ac_afbbdd'  using regular expression

01-01-2024T17:12:37 - [TEST_STEP][PASSED] - setText(findTestObject("Object Repository/Create a new asset account/Page_Create a new asset account  Accounts  _ced620/input_virtual_balance"), "100"): Text '100' is set on object 'Object Repository/Create a new asset account/Page_Create a new asset account  Accounts  _ced620/input_virtual_balance'

01-01-2024T17:12:38 - [MESSAGE][PASSED] - Text '100' is set on object 'Object Repository/Create a new asset account/Page_Create a new asset account  Accounts  _ced620/input_virtual_balance'

01-01-2024T17:12:38 - [TEST_STEP][PASSED] - setText(findTestObject("Object Repository/Create a new asset account/Page_Create a new asset account  Accounts  _ced620/textarea_notes"), "note"): Text 'note' is set on object 'Object Repository/Create a new asset account/Page_Create a new asset account  Accounts  _ced620/textarea_notes'

01-01-2024T17:12:39 - [MESSAGE][PASSED] - Text 'note' is set on object 'Object Repository/Create a new asset account/Page_Create a new asset account  Accounts  _ced620/textarea_notes'

01-01-2024T17:12:39 - [TEST_STEP][PASSED] - setText(findTestObject("Create a new asset account/Page_Create a new asset account  Accounts  _ced620/input_opening_balance_date"), "20/12/2002"): Text '20/12/2002' is set on object 'Object Repository/Create a new asset account/Page_Create a new asset account  Accounts  _ced620/input_opening_balance_date'

01-01-2024T17:12:39 - [MESSAGE][PASSED] - Text '20/12/2002' is set on object 'Object Repository/Create a new asset account/Page_Create a new asset account  Accounts  _ced620/input_opening_balance_date'

01-01-2024T17:12:39 - [TEST_STEP][PASSED] - uploadFile(findTestObject("Create a new asset account/Page_Create a new asset account  Accounts  _ced620/upload file"), "D:\mail_service_log.txt"): File 'D:\mail_service_log.txt' sent to object: 'Object Repository/Create a new asset account/Page_Create a new asset account  Accounts  _ced620/upload file'

01-01-2024T17:12:39 - [MESSAGE][PASSED] - File 'D:\mail_service_log.txt' sent to object: 'Object Repository/Create a new asset account/Page_Create a new asset account  Accounts  _ced620/upload file'

01-01-2024T17:12:39 - [TEST_STEP][PASSED] - click(findTestObject("Object Repository/Create a new asset account/Page_Create a new asset account  Accounts  _ced620/button_Store new asset account")): Object: 'Object Repository/Create a new asset account/Page_Create a new asset account  Accounts  _ced620/button_Store new asset account' is clicked on

01-01-2024T17:12:41 - [MESSAGE][PASSED] - Object: 'Object Repository/Create a new asset account/Page_Create a new asset account  Accounts  _ced620/button_Store new asset account' is clicked on

01-01-2024T17:12:41 - [TEST_STEP][FAILED] - try: Unable to verify object 'Object Repository/Shared_alert/text_dangers' is present (Root cause: com.kms.katalon.core.exception.StepFailedException: Unable to verify object 'Object Repository/Shared_alert/text_dangers' is present
	at com.kms.katalon.core.webui.keyword.internal.WebUIKeywordMain.stepFailed(WebUIKeywordMain.groovy:64)
	at com.kms.katalon.core.webui.keyword.internal.WebUIKeywordMain.runKeyword(WebUIKeywordMain.groovy:26)
	at com.kms.katalon.core.webui.keyword.builtin.VerifyElementPresentKeyword.verifyElementPresent(VerifyElementPresentKeyword.groovy:92)
	at com.kms.katalon.core.webui.keyword.builtin.VerifyElementPresentKeyword.execute(VerifyElementPresentKeyword.groovy:68)
	at com.kms.katalon.core.keyword.internal.KeywordExecutor.executeKeywordForPlatform(KeywordExecutor.groovy:74)
	at com.kms.katalon.core.webui.keyword.WebUiBuiltInKeywords.verifyElementPresent(WebUiBuiltInKeywords.groovy:1503)
	at Create a new asset account.run(Create a new asset account:70)
	at com.kms.katalon.core.main.ScriptEngine.run(ScriptEngine.java:194)
	at com.kms.katalon.core.main.ScriptEngine.runScriptAsRawText(ScriptEngine.java:119)
	at com.kms.katalon.core.main.TestCaseExecutor.runScript(TestCaseExecutor.java:448)
	at com.kms.katalon.core.main.TestCaseExecutor.doExecute(TestCaseExecutor.java:439)
	at com.kms.katalon.core.main.TestCaseExecutor.processExecutionPhase(TestCaseExecutor.java:418)
	at com.kms.katalon.core.main.TestCaseExecutor.accessMainPhase(TestCaseExecutor.java:410)
	at com.kms.katalon.core.main.TestCaseExecutor.execute(TestCaseExecutor.java:285)
	at com.kms.katalon.core.common.CommonExecutor.accessTestCaseMainPhase(CommonExecutor.java:65)
	at com.kms.katalon.core.main.TestSuiteExecutor.accessTestSuiteMainPhase(TestSuiteExecutor.java:148)
	at com.kms.katalon.core.main.TestSuiteExecutor.execute(TestSuiteExecutor.java:106)
	at com.kms.katalon.core.main.TestCaseMain.startTestSuite(TestCaseMain.java:180)
	at TempTestSuite1704103891068.run(TempTestSuite1704103891068.groovy:36)
	at java.base/jdk.internal.reflect.NativeMethodAccessorImpl.invoke0(Native Method)
	at java.base/jdk.internal.reflect.NativeMethodAccessorImpl.invoke(NativeMethodAccessorImpl.java:77)
	at java.base/jdk.internal.reflect.DelegatingMethodAccessorImpl.invoke(DelegatingMethodAccessorImpl.java:43)
Caused by: com.kms.katalon.core.exception.StepFailedException: com.kms.katalon.core.webui.exception.WebElementNotFoundException: Web element with id: 'Object Repository/Shared_alert/text_dangers' located by '.text-danger' not found
	at com.kms.katalon.core.webui.keyword.internal.WebUIKeywordMain.stepFailed(WebUIKeywordMain.groovy:64)
	at com.kms.katalon.core.webui.keyword.builtin.VerifyElementPresentKeyword$_verifyElementPresent_closure1.doCall(VerifyElementPresentKeyword.groovy:85)
	at com.kms.katalon.core.webui.keyword.builtin.VerifyElementPresentKeyword$_verifyElementPresent_closure1.call(VerifyElementPresentKeyword.groovy)
	at com.kms.katalon.core.webui.keyword.internal.WebUIKeywordMain.runKeyword(WebUIKeywordMain.groovy:20)
	... 20 more
)

01-01-2024T17:12:41 - [TEST_STEP][FAILED] - verifyElementPresent(findTestObject("Shared_alert/text_dangers"), 1): Unable to verify object 'Object Repository/Shared_alert/text_dangers' is present (Root cause: com.kms.katalon.core.exception.StepFailedException: Unable to verify object 'Object Repository/Shared_alert/text_dangers' is present
	at com.kms.katalon.core.webui.keyword.internal.WebUIKeywordMain.stepFailed(WebUIKeywordMain.groovy:64)
	at com.kms.katalon.core.webui.keyword.internal.WebUIKeywordMain.runKeyword(WebUIKeywordMain.groovy:26)
	at com.kms.katalon.core.webui.keyword.builtin.VerifyElementPresentKeyword.verifyElementPresent(VerifyElementPresentKeyword.groovy:92)
	at com.kms.katalon.core.webui.keyword.builtin.VerifyElementPresentKeyword.execute(VerifyElementPresentKeyword.groovy:68)
	at com.kms.katalon.core.keyword.internal.KeywordExecutor.executeKeywordForPlatform(KeywordExecutor.groovy:74)
	at com.kms.katalon.core.webui.keyword.WebUiBuiltInKeywords.verifyElementPresent(WebUiBuiltInKeywords.groovy:1503)
	at Create a new asset account.run(Create a new asset account:70)
	at com.kms.katalon.core.main.ScriptEngine.run(ScriptEngine.java:194)
	at com.kms.katalon.core.main.ScriptEngine.runScriptAsRawText(ScriptEngine.java:119)
	at com.kms.katalon.core.main.TestCaseExecutor.runScript(TestCaseExecutor.java:448)
	at com.kms.katalon.core.main.TestCaseExecutor.doExecute(TestCaseExecutor.java:439)
	at com.kms.katalon.core.main.TestCaseExecutor.processExecutionPhase(TestCaseExecutor.java:418)
	at com.kms.katalon.core.main.TestCaseExecutor.accessMainPhase(TestCaseExecutor.java:410)
	at com.kms.katalon.core.main.TestCaseExecutor.execute(TestCaseExecutor.java:285)
	at com.kms.katalon.core.common.CommonExecutor.accessTestCaseMainPhase(CommonExecutor.java:65)
	at com.kms.katalon.core.main.TestSuiteExecutor.accessTestSuiteMainPhase(TestSuiteExecutor.java:148)
	at com.kms.katalon.core.main.TestSuiteExecutor.execute(TestSuiteExecutor.java:106)
	at com.kms.katalon.core.main.TestCaseMain.startTestSuite(TestCaseMain.java:180)
	at TempTestSuite1704103891068.run(TempTestSuite1704103891068.groovy:36)
	at java.base/jdk.internal.reflect.NativeMethodAccessorImpl.invoke0(Native Method)
	at java.base/jdk.internal.reflect.NativeMethodAccessorImpl.invoke(NativeMethodAccessorImpl.java:77)
	at java.base/jdk.internal.reflect.DelegatingMethodAccessorImpl.invoke(DelegatingMethodAccessorImpl.java:43)
Caused by: com.kms.katalon.core.exception.StepFailedException: com.kms.katalon.core.webui.exception.WebElementNotFoundException: Web element with id: 'Object Repository/Shared_alert/text_dangers' located by '.text-danger' not found
	at com.kms.katalon.core.webui.keyword.internal.WebUIKeywordMain.stepFailed(WebUIKeywordMain.groovy:64)
	at com.kms.katalon.core.webui.keyword.builtin.VerifyElementPresentKeyword$_verifyElementPresent_closure1.doCall(VerifyElementPresentKeyword.groovy:85)
	at com.kms.katalon.core.webui.keyword.builtin.VerifyElementPresentKeyword$_verifyElementPresent_closure1.call(VerifyElementPresentKeyword.groovy)
	at com.kms.katalon.core.webui.keyword.internal.WebUIKeywordMain.runKeyword(WebUIKeywordMain.groovy:20)
	... 20 more
)

01-01-2024T17:12:43 - [MESSAGE][INFO] - Unable to find the element located by 'By.cssSelector: .text-danger'. Please recheck the objects properties to make sure the desired element is located. 

01-01-2024T17:12:43 - [MESSAGE][FAILED] - com.kms.katalon.core.webui.exception.WebElementNotFoundException: Web element with id: 'Object Repository/Shared_alert/text_dangers' located by '.text-danger' not found (Root cause: com.kms.katalon.core.exception.StepFailedException: com.kms.katalon.core.webui.exception.WebElementNotFoundException: Web element with id: 'Object Repository/Shared_alert/text_dangers' located by '.text-danger' not found
	at com.kms.katalon.core.webui.keyword.internal.WebUIKeywordMain.stepFailed(WebUIKeywordMain.groovy:64)
	at com.kms.katalon.core.webui.keyword.builtin.VerifyElementPresentKeyword$_verifyElementPresent_closure1.doCall(VerifyElementPresentKeyword.groovy:85)
	at com.kms.katalon.core.webui.keyword.builtin.VerifyElementPresentKeyword$_verifyElementPresent_closure1.call(VerifyElementPresentKeyword.groovy)
	at com.kms.katalon.core.webui.keyword.internal.WebUIKeywordMain.runKeyword(WebUIKeywordMain.groovy:20)
	at com.kms.katalon.core.webui.keyword.builtin.VerifyElementPresentKeyword.verifyElementPresent(VerifyElementPresentKeyword.groovy:92)
	at com.kms.katalon.core.webui.keyword.builtin.VerifyElementPresentKeyword.execute(VerifyElementPresentKeyword.groovy:68)
	at com.kms.katalon.core.keyword.internal.KeywordExecutor.executeKeywordForPlatform(KeywordExecutor.groovy:74)
	at com.kms.katalon.core.webui.keyword.WebUiBuiltInKeywords.verifyElementPresent(WebUiBuiltInKeywords.groovy:1503)
	at Create a new asset account.run(Create a new asset account:70)
	at com.kms.katalon.core.main.ScriptEngine.run(ScriptEngine.java:194)
	at com.kms.katalon.core.main.ScriptEngine.runScriptAsRawText(ScriptEngine.java:119)
	at com.kms.katalon.core.main.TestCaseExecutor.runScript(TestCaseExecutor.java:448)
	at com.kms.katalon.core.main.TestCaseExecutor.doExecute(TestCaseExecutor.java:439)
	at com.kms.katalon.core.main.TestCaseExecutor.processExecutionPhase(TestCaseExecutor.java:418)
	at com.kms.katalon.core.main.TestCaseExecutor.accessMainPhase(TestCaseExecutor.java:410)
	at com.kms.katalon.core.main.TestCaseExecutor.execute(TestCaseExecutor.java:285)
	at com.kms.katalon.core.common.CommonExecutor.accessTestCaseMainPhase(CommonExecutor.java:65)
	at com.kms.katalon.core.main.TestSuiteExecutor.accessTestSuiteMainPhase(TestSuiteExecutor.java:148)
	at com.kms.katalon.core.main.TestSuiteExecutor.execute(TestSuiteExecutor.java:106)
	at com.kms.katalon.core.main.TestCaseMain.startTestSuite(TestCaseMain.java:180)
	at TempTestSuite1704103891068.run(TempTestSuite1704103891068.groovy:36)
	at java.base/jdk.internal.reflect.NativeMethodAccessorImpl.invoke0(Native Method)
	at java.base/jdk.internal.reflect.NativeMethodAccessorImpl.invoke(NativeMethodAccessorImpl.java:77)
	at java.base/jdk.internal.reflect.DelegatingMethodAccessorImpl.invoke(DelegatingMethodAccessorImpl.java:43)
)
[[ATTACHMENT|D:\\ktpm\\G1_Firefly_testing\\Reports\\20240101_171131\\Create a new asset account\\20240101_171131\\1704103963635.png]]

01-01-2024T17:12:43 - [MESSAGE][FAILED] - Unable to verify object 'Object Repository/Shared_alert/text_dangers' is present (Root cause: com.kms.katalon.core.exception.StepFailedException: Unable to verify object 'Object Repository/Shared_alert/text_dangers' is present
	at com.kms.katalon.core.webui.keyword.internal.WebUIKeywordMain.stepFailed(WebUIKeywordMain.groovy:64)
	at com.kms.katalon.core.webui.keyword.internal.WebUIKeywordMain.runKeyword(WebUIKeywordMain.groovy:26)
	at com.kms.katalon.core.webui.keyword.builtin.VerifyElementPresentKeyword.verifyElementPresent(VerifyElementPresentKeyword.groovy:92)
	at com.kms.katalon.core.webui.keyword.builtin.VerifyElementPresentKeyword.execute(VerifyElementPresentKeyword.groovy:68)
	at com.kms.katalon.core.keyword.internal.KeywordExecutor.executeKeywordForPlatform(KeywordExecutor.groovy:74)
	at com.kms.katalon.core.webui.keyword.WebUiBuiltInKeywords.verifyElementPresent(WebUiBuiltInKeywords.groovy:1503)
	at Create a new asset account.run(Create a new asset account:70)
	at com.kms.katalon.core.main.ScriptEngine.run(ScriptEngine.java:194)
	at com.kms.katalon.core.main.ScriptEngine.runScriptAsRawText(ScriptEngine.java:119)
	at com.kms.katalon.core.main.TestCaseExecutor.runScript(TestCaseExecutor.java:448)
	at com.kms.katalon.core.main.TestCaseExecutor.doExecute(TestCaseExecutor.java:439)
	at com.kms.katalon.core.main.TestCaseExecutor.processExecutionPhase(TestCaseExecutor.java:418)
	at com.kms.katalon.core.main.TestCaseExecutor.accessMainPhase(TestCaseExecutor.java:410)
	at com.kms.katalon.core.main.TestCaseExecutor.execute(TestCaseExecutor.java:285)
	at com.kms.katalon.core.common.CommonExecutor.accessTestCaseMainPhase(CommonExecutor.java:65)
	at com.kms.katalon.core.main.TestSuiteExecutor.accessTestSuiteMainPhase(TestSuiteExecutor.java:148)
	at com.kms.katalon.core.main.TestSuiteExecutor.execute(TestSuiteExecutor.java:106)
	at com.kms.katalon.core.main.TestCaseMain.startTestSuite(TestCaseMain.java:180)
	at TempTestSuite1704103891068.run(TempTestSuite1704103891068.groovy:36)
	at java.base/jdk.internal.reflect.NativeMethodAccessorImpl.invoke0(Native Method)
	at java.base/jdk.internal.reflect.NativeMethodAccessorImpl.invoke(NativeMethodAccessorImpl.java:77)
	at java.base/jdk.internal.reflect.DelegatingMethodAccessorImpl.invoke(DelegatingMethodAccessorImpl.java:43)
Caused by: com.kms.katalon.core.exception.StepFailedException: com.kms.katalon.core.webui.exception.WebElementNotFoundException: Web element with id: 'Object Repository/Shared_alert/text_dangers' located by '.text-danger' not found
	at com.kms.katalon.core.webui.keyword.internal.WebUIKeywordMain.stepFailed(WebUIKeywordMain.groovy:64)
	at com.kms.katalon.core.webui.keyword.builtin.VerifyElementPresentKeyword$_verifyElementPresent_closure1.doCall(VerifyElementPresentKeyword.groovy:85)
	at com.kms.katalon.core.webui.keyword.builtin.VerifyElementPresentKeyword$_verifyElementPresent_closure1.call(VerifyElementPresentKeyword.groovy)
	at com.kms.katalon.core.webui.keyword.internal.WebUIKeywordMain.runKeyword(WebUIKeywordMain.groovy:20)
	... 20 more
)
[[ATTACHMENT|D:\\ktpm\\G1_Firefly_testing\\Reports\\20240101_171131\\Create a new asset account\\20240101_171131\\1704103963763.png]]

01-01-2024T17:12:43 - [TEST_STEP][PASSED] - catch (Exception err): null

01-01-2024T17:12:43 - [TEST_STEP][PASSED] - verifyElementPresent(findTestObject("Shared_alert/success_alert"), 1): Object 'Object Repository/Shared_alert/success_alert' is present

01-01-2024T17:12:44 - [MESSAGE][PASSED] - Object 'Object Repository/Shared_alert/success_alert' is present

01-01-2024T17:12:44 - [TEST_STEP][PASSED] - out.println("success"): null

01-01-2024T17:12:44 - [TEST_STEP][PASSED] - closeBrowser(): Browser is closed

01-01-2024T17:12:44 - [MESSAGE][PASSED] - Browser is closed]]></system-out>
         <system-err><![CDATA[]]></system-err>
      </testcase>
      <testcase name="Test Cases/Create a new asset account" time="17.812" classname="Test Cases/Create a new asset account" status="PASSED">
         <system-out><![CDATA[01-01-2024T17:12:44 - [TEST_CASE][PASSED] - Test Cases/Create a new asset account: Test Cases/Create a new asset account

01-01-2024T17:12:44 - [TEST_STEP][PASSED] - openBrowser(""): Browser is opened with url: ''

01-01-2024T17:12:44 - [MESSAGE][INFO] - Starting 'Chrome' driver

01-01-2024T17:12:44 - [MESSAGE][INFO] - Action delay is set to 0 milliseconds

01-01-2024T17:12:45 - [MESSAGE][PASSED] - Browser is opened with url: ''

01-01-2024T17:12:45 - [TEST_STEP][PASSED] - navigateToUrl("https://firefly.buudadawg.online/accounts/create/asset"): Navigate to 'https://firefly.buudadawg.online/accounts/create/asset' successfully

01-01-2024T17:12:47 - [MESSAGE][PASSED] - Navigate to 'https://firefly.buudadawg.online/accounts/create/asset' successfully

01-01-2024T17:12:47 - [TEST_STEP][PASSED] - setText(findTestObject("Object Repository/Create a new asset account/Page_Login to Firefly III/input_email"), "huynhluat.dn@gmail.com"): Text 'huynhluat.dn@gmail.com' is set on object 'Object Repository/Create a new asset account/Page_Login to Firefly III/input_email'

01-01-2024T17:12:48 - [MESSAGE][PASSED] - Text 'huynhluat.dn@gmail.com' is set on object 'Object Repository/Create a new asset account/Page_Login to Firefly III/input_email'

01-01-2024T17:12:48 - [TEST_STEP][PASSED] - setEncryptedText(findTestObject("Object Repository/Create a new asset account/Page_Login to Firefly III/input_password"), "GDttjE7iuxOgQwNBt53tbwiiBI5Qr4kb"): Text ****** has been set on object 'Object Repository/Create a new asset account/Page_Login to Firefly III/input_password'

01-01-2024T17:12:48 - [MESSAGE][PASSED] - Text ****** has been set on object 'Object Repository/Create a new asset account/Page_Login to Firefly III/input_password'

01-01-2024T17:12:48 - [TEST_STEP][PASSED] - click(findTestObject("Object Repository/Create a new asset account/Page_Login to Firefly III/button_Sign in")): Object: 'Object Repository/Create a new asset account/Page_Login to Firefly III/button_Sign in' is clicked on

01-01-2024T17:12:49 - [MESSAGE][PASSED] - Object: 'Object Repository/Create a new asset account/Page_Login to Firefly III/button_Sign in' is clicked on

01-01-2024T17:12:49 - [TEST_STEP][PASSED] - setText(findTestObject("Object Repository/Create a new asset account/Page_Create a new asset account  Accounts  _ced620/input_name"), name): Text 'agulleford4' is set on object 'Object Repository/Create a new asset account/Page_Create a new asset account  Accounts  _ced620/input_name'

01-01-2024T17:12:51 - [MESSAGE][PASSED] - Text 'agulleford4' is set on object 'Object Repository/Create a new asset account/Page_Create a new asset account  Accounts  _ced620/input_name'

01-01-2024T17:12:51 - [TEST_STEP][PASSED] - selectOptionByValue(findTestObject("Object Repository/Create a new asset account/Page_Create a new asset account  Accounts  _ced620/select_Euro ()US Dollar ()"), "1", true): All options with value '1' are selected in object 'Object Repository/Create a new asset account/Page_Create a new asset account  Accounts  _ced620/select_Euro ()US Dollar ()'  using regular expression

01-01-2024T17:12:52 - [MESSAGE][PASSED] - All options with value '1' are selected in object 'Object Repository/Create a new asset account/Page_Create a new asset account  Accounts  _ced620/select_Euro ()US Dollar ()'  using regular expression

01-01-2024T17:12:52 - [TEST_STEP][PASSED] - setText(findTestObject("Object Repository/Create a new asset account/Page_Create a new asset account  Accounts  _ced620/input_iban"), "GB29 NWBK 6016 1331 9268 19"): Text 'GB29 NWBK 6016 1331 9268 19' is set on object 'Object Repository/Create a new asset account/Page_Create a new asset account  Accounts  _ced620/input_iban'

01-01-2024T17:12:52 - [MESSAGE][PASSED] - Text 'GB29 NWBK 6016 1331 9268 19' is set on object 'Object Repository/Create a new asset account/Page_Create a new asset account  Accounts  _ced620/input_iban'

01-01-2024T17:12:52 - [TEST_STEP][PASSED] - setText(findTestObject("Object Repository/Create a new asset account/Page_Create a new asset account  Accounts  _ced620/input_BIC"), "ABCDUS12345"): Text 'ABCDUS12345' is set on object 'Object Repository/Create a new asset account/Page_Create a new asset account  Accounts  _ced620/input_BIC'

01-01-2024T17:12:53 - [MESSAGE][PASSED] - Text 'ABCDUS12345' is set on object 'Object Repository/Create a new asset account/Page_Create a new asset account  Accounts  _ced620/input_BIC'

01-01-2024T17:12:53 - [TEST_STEP][PASSED] - setText(findTestObject("Object Repository/Create a new asset account/Page_Create a new asset account  Accounts  _ced620/input_account_number"), ""): Text '' is set on object 'Object Repository/Create a new asset account/Page_Create a new asset account  Accounts  _ced620/input_account_number'

01-01-2024T17:12:54 - [MESSAGE][PASSED] - Text '' is set on object 'Object Repository/Create a new asset account/Page_Create a new asset account  Accounts  _ced620/input_account_number'

01-01-2024T17:12:54 - [TEST_STEP][PASSED] - setText(findTestObject("Object Repository/Create a new asset account/Page_Create a new asset account  Accounts  _ced620/input_opening_balance"), ""): Text '' is set on object 'Object Repository/Create a new asset account/Page_Create a new asset account  Accounts  _ced620/input_opening_balance'

01-01-2024T17:12:54 - [MESSAGE][PASSED] - Text '' is set on object 'Object Repository/Create a new asset account/Page_Create a new asset account  Accounts  _ced620/input_opening_balance'

01-01-2024T17:12:54 - [TEST_STEP][PASSED] - selectOptionByValue(findTestObject("Object Repository/Create a new asset account/Page_Create a new asset account  Accounts  _ced620/select_Default asset accountShared asset ac_afbbdd"), "sharedAsset", true): All options with value 'sharedAsset' are selected in object 'Object Repository/Create a new asset account/Page_Create a new asset account  Accounts  _ced620/select_Default asset accountShared asset ac_afbbdd'  using regular expression

01-01-2024T17:12:55 - [MESSAGE][PASSED] - All options with value 'sharedAsset' are selected in object 'Object Repository/Create a new asset account/Page_Create a new asset account  Accounts  _ced620/select_Default asset accountShared asset ac_afbbdd'  using regular expression

01-01-2024T17:12:55 - [TEST_STEP][PASSED] - selectOptionByValue(findTestObject("Object Repository/Create a new asset account/Page_Create a new asset account  Accounts  _ced620/select_Default asset accountShared asset ac_afbbdd"), "defaultAsset", true): All options with value 'defaultAsset' are selected in object 'Object Repository/Create a new asset account/Page_Create a new asset account  Accounts  _ced620/select_Default asset accountShared asset ac_afbbdd'  using regular expression

01-01-2024T17:12:56 - [MESSAGE][PASSED] - All options with value 'defaultAsset' are selected in object 'Object Repository/Create a new asset account/Page_Create a new asset account  Accounts  _ced620/select_Default asset accountShared asset ac_afbbdd'  using regular expression

01-01-2024T17:12:56 - [TEST_STEP][PASSED] - setText(findTestObject("Object Repository/Create a new asset account/Page_Create a new asset account  Accounts  _ced620/input_virtual_balance"), "100"): Text '100' is set on object 'Object Repository/Create a new asset account/Page_Create a new asset account  Accounts  _ced620/input_virtual_balance'

01-01-2024T17:12:56 - [MESSAGE][PASSED] - Text '100' is set on object 'Object Repository/Create a new asset account/Page_Create a new asset account  Accounts  _ced620/input_virtual_balance'

01-01-2024T17:12:56 - [TEST_STEP][PASSED] - setText(findTestObject("Object Repository/Create a new asset account/Page_Create a new asset account  Accounts  _ced620/textarea_notes"), "note"): Text 'note' is set on object 'Object Repository/Create a new asset account/Page_Create a new asset account  Accounts  _ced620/textarea_notes'

01-01-2024T17:12:57 - [MESSAGE][PASSED] - Text 'note' is set on object 'Object Repository/Create a new asset account/Page_Create a new asset account  Accounts  _ced620/textarea_notes'

01-01-2024T17:12:57 - [TEST_STEP][PASSED] - setText(findTestObject("Create a new asset account/Page_Create a new asset account  Accounts  _ced620/input_opening_balance_date"), "20/12/2002"): Text '20/12/2002' is set on object 'Object Repository/Create a new asset account/Page_Create a new asset account  Accounts  _ced620/input_opening_balance_date'

01-01-2024T17:12:58 - [MESSAGE][PASSED] - Text '20/12/2002' is set on object 'Object Repository/Create a new asset account/Page_Create a new asset account  Accounts  _ced620/input_opening_balance_date'

01-01-2024T17:12:58 - [TEST_STEP][PASSED] - uploadFile(findTestObject("Create a new asset account/Page_Create a new asset account  Accounts  _ced620/upload file"), "D:\mail_service_log.txt"): File 'D:\mail_service_log.txt' sent to object: 'Object Repository/Create a new asset account/Page_Create a new asset account  Accounts  _ced620/upload file'

01-01-2024T17:12:58 - [MESSAGE][PASSED] - File 'D:\mail_service_log.txt' sent to object: 'Object Repository/Create a new asset account/Page_Create a new asset account  Accounts  _ced620/upload file'

01-01-2024T17:12:58 - [TEST_STEP][PASSED] - click(findTestObject("Object Repository/Create a new asset account/Page_Create a new asset account  Accounts  _ced620/button_Store new asset account")): Object: 'Object Repository/Create a new asset account/Page_Create a new asset account  Accounts  _ced620/button_Store new asset account' is clicked on

01-01-2024T17:12:59 - [MESSAGE][PASSED] - Object: 'Object Repository/Create a new asset account/Page_Create a new asset account  Accounts  _ced620/button_Store new asset account' is clicked on

01-01-2024T17:12:59 - [TEST_STEP][FAILED] - try: Unable to verify object 'Object Repository/Shared_alert/text_dangers' is present (Root cause: com.kms.katalon.core.exception.StepFailedException: Unable to verify object 'Object Repository/Shared_alert/text_dangers' is present
	at com.kms.katalon.core.webui.keyword.internal.WebUIKeywordMain.stepFailed(WebUIKeywordMain.groovy:64)
	at com.kms.katalon.core.webui.keyword.internal.WebUIKeywordMain.runKeyword(WebUIKeywordMain.groovy:26)
	at com.kms.katalon.core.webui.keyword.builtin.VerifyElementPresentKeyword.verifyElementPresent(VerifyElementPresentKeyword.groovy:92)
	at com.kms.katalon.core.webui.keyword.builtin.VerifyElementPresentKeyword.execute(VerifyElementPresentKeyword.groovy:68)
	at com.kms.katalon.core.keyword.internal.KeywordExecutor.executeKeywordForPlatform(KeywordExecutor.groovy:74)
	at com.kms.katalon.core.webui.keyword.WebUiBuiltInKeywords.verifyElementPresent(WebUiBuiltInKeywords.groovy:1503)
	at Create a new asset account.run(Create a new asset account:70)
	at com.kms.katalon.core.main.ScriptEngine.run(ScriptEngine.java:194)
	at com.kms.katalon.core.main.ScriptEngine.runScriptAsRawText(ScriptEngine.java:119)
	at com.kms.katalon.core.main.TestCaseExecutor.runScript(TestCaseExecutor.java:448)
	at com.kms.katalon.core.main.TestCaseExecutor.doExecute(TestCaseExecutor.java:439)
	at com.kms.katalon.core.main.TestCaseExecutor.processExecutionPhase(TestCaseExecutor.java:418)
	at com.kms.katalon.core.main.TestCaseExecutor.accessMainPhase(TestCaseExecutor.java:410)
	at com.kms.katalon.core.main.TestCaseExecutor.execute(TestCaseExecutor.java:285)
	at com.kms.katalon.core.common.CommonExecutor.accessTestCaseMainPhase(CommonExecutor.java:65)
	at com.kms.katalon.core.main.TestSuiteExecutor.accessTestSuiteMainPhase(TestSuiteExecutor.java:148)
	at com.kms.katalon.core.main.TestSuiteExecutor.execute(TestSuiteExecutor.java:106)
	at com.kms.katalon.core.main.TestCaseMain.startTestSuite(TestCaseMain.java:180)
	at TempTestSuite1704103891068.run(TempTestSuite1704103891068.groovy:36)
	at java.base/jdk.internal.reflect.NativeMethodAccessorImpl.invoke0(Native Method)
	at java.base/jdk.internal.reflect.NativeMethodAccessorImpl.invoke(NativeMethodAccessorImpl.java:77)
	at java.base/jdk.internal.reflect.DelegatingMethodAccessorImpl.invoke(DelegatingMethodAccessorImpl.java:43)
Caused by: com.kms.katalon.core.exception.StepFailedException: com.kms.katalon.core.webui.exception.WebElementNotFoundException: Web element with id: 'Object Repository/Shared_alert/text_dangers' located by '.text-danger' not found
	at com.kms.katalon.core.webui.keyword.internal.WebUIKeywordMain.stepFailed(WebUIKeywordMain.groovy:64)
	at com.kms.katalon.core.webui.keyword.builtin.VerifyElementPresentKeyword$_verifyElementPresent_closure1.doCall(VerifyElementPresentKeyword.groovy:85)
	at com.kms.katalon.core.webui.keyword.builtin.VerifyElementPresentKeyword$_verifyElementPresent_closure1.call(VerifyElementPresentKeyword.groovy)
	at com.kms.katalon.core.webui.keyword.internal.WebUIKeywordMain.runKeyword(WebUIKeywordMain.groovy:20)
	... 20 more
)

01-01-2024T17:12:59 - [TEST_STEP][FAILED] - verifyElementPresent(findTestObject("Shared_alert/text_dangers"), 1): Unable to verify object 'Object Repository/Shared_alert/text_dangers' is present (Root cause: com.kms.katalon.core.exception.StepFailedException: Unable to verify object 'Object Repository/Shared_alert/text_dangers' is present
	at com.kms.katalon.core.webui.keyword.internal.WebUIKeywordMain.stepFailed(WebUIKeywordMain.groovy:64)
	at com.kms.katalon.core.webui.keyword.internal.WebUIKeywordMain.runKeyword(WebUIKeywordMain.groovy:26)
	at com.kms.katalon.core.webui.keyword.builtin.VerifyElementPresentKeyword.verifyElementPresent(VerifyElementPresentKeyword.groovy:92)
	at com.kms.katalon.core.webui.keyword.builtin.VerifyElementPresentKeyword.execute(VerifyElementPresentKeyword.groovy:68)
	at com.kms.katalon.core.keyword.internal.KeywordExecutor.executeKeywordForPlatform(KeywordExecutor.groovy:74)
	at com.kms.katalon.core.webui.keyword.WebUiBuiltInKeywords.verifyElementPresent(WebUiBuiltInKeywords.groovy:1503)
	at Create a new asset account.run(Create a new asset account:70)
	at com.kms.katalon.core.main.ScriptEngine.run(ScriptEngine.java:194)
	at com.kms.katalon.core.main.ScriptEngine.runScriptAsRawText(ScriptEngine.java:119)
	at com.kms.katalon.core.main.TestCaseExecutor.runScript(TestCaseExecutor.java:448)
	at com.kms.katalon.core.main.TestCaseExecutor.doExecute(TestCaseExecutor.java:439)
	at com.kms.katalon.core.main.TestCaseExecutor.processExecutionPhase(TestCaseExecutor.java:418)
	at com.kms.katalon.core.main.TestCaseExecutor.accessMainPhase(TestCaseExecutor.java:410)
	at com.kms.katalon.core.main.TestCaseExecutor.execute(TestCaseExecutor.java:285)
	at com.kms.katalon.core.common.CommonExecutor.accessTestCaseMainPhase(CommonExecutor.java:65)
	at com.kms.katalon.core.main.TestSuiteExecutor.accessTestSuiteMainPhase(TestSuiteExecutor.java:148)
	at com.kms.katalon.core.main.TestSuiteExecutor.execute(TestSuiteExecutor.java:106)
	at com.kms.katalon.core.main.TestCaseMain.startTestSuite(TestCaseMain.java:180)
	at TempTestSuite1704103891068.run(TempTestSuite1704103891068.groovy:36)
	at java.base/jdk.internal.reflect.NativeMethodAccessorImpl.invoke0(Native Method)
	at java.base/jdk.internal.reflect.NativeMethodAccessorImpl.invoke(NativeMethodAccessorImpl.java:77)
	at java.base/jdk.internal.reflect.DelegatingMethodAccessorImpl.invoke(DelegatingMethodAccessorImpl.java:43)
Caused by: com.kms.katalon.core.exception.StepFailedException: com.kms.katalon.core.webui.exception.WebElementNotFoundException: Web element with id: 'Object Repository/Shared_alert/text_dangers' located by '.text-danger' not found
	at com.kms.katalon.core.webui.keyword.internal.WebUIKeywordMain.stepFailed(WebUIKeywordMain.groovy:64)
	at com.kms.katalon.core.webui.keyword.builtin.VerifyElementPresentKeyword$_verifyElementPresent_closure1.doCall(VerifyElementPresentKeyword.groovy:85)
	at com.kms.katalon.core.webui.keyword.builtin.VerifyElementPresentKeyword$_verifyElementPresent_closure1.call(VerifyElementPresentKeyword.groovy)
	at com.kms.katalon.core.webui.keyword.internal.WebUIKeywordMain.runKeyword(WebUIKeywordMain.groovy:20)
	... 20 more
)

01-01-2024T17:13:01 - [MESSAGE][INFO] - Unable to find the element located by 'By.cssSelector: .text-danger'. Please recheck the objects properties to make sure the desired element is located. 

01-01-2024T17:13:01 - [MESSAGE][FAILED] - com.kms.katalon.core.webui.exception.WebElementNotFoundException: Web element with id: 'Object Repository/Shared_alert/text_dangers' located by '.text-danger' not found (Root cause: com.kms.katalon.core.exception.StepFailedException: com.kms.katalon.core.webui.exception.WebElementNotFoundException: Web element with id: 'Object Repository/Shared_alert/text_dangers' located by '.text-danger' not found
	at com.kms.katalon.core.webui.keyword.internal.WebUIKeywordMain.stepFailed(WebUIKeywordMain.groovy:64)
	at com.kms.katalon.core.webui.keyword.builtin.VerifyElementPresentKeyword$_verifyElementPresent_closure1.doCall(VerifyElementPresentKeyword.groovy:85)
	at com.kms.katalon.core.webui.keyword.builtin.VerifyElementPresentKeyword$_verifyElementPresent_closure1.call(VerifyElementPresentKeyword.groovy)
	at com.kms.katalon.core.webui.keyword.internal.WebUIKeywordMain.runKeyword(WebUIKeywordMain.groovy:20)
	at com.kms.katalon.core.webui.keyword.builtin.VerifyElementPresentKeyword.verifyElementPresent(VerifyElementPresentKeyword.groovy:92)
	at com.kms.katalon.core.webui.keyword.builtin.VerifyElementPresentKeyword.execute(VerifyElementPresentKeyword.groovy:68)
	at com.kms.katalon.core.keyword.internal.KeywordExecutor.executeKeywordForPlatform(KeywordExecutor.groovy:74)
	at com.kms.katalon.core.webui.keyword.WebUiBuiltInKeywords.verifyElementPresent(WebUiBuiltInKeywords.groovy:1503)
	at Create a new asset account.run(Create a new asset account:70)
	at com.kms.katalon.core.main.ScriptEngine.run(ScriptEngine.java:194)
	at com.kms.katalon.core.main.ScriptEngine.runScriptAsRawText(ScriptEngine.java:119)
	at com.kms.katalon.core.main.TestCaseExecutor.runScript(TestCaseExecutor.java:448)
	at com.kms.katalon.core.main.TestCaseExecutor.doExecute(TestCaseExecutor.java:439)
	at com.kms.katalon.core.main.TestCaseExecutor.processExecutionPhase(TestCaseExecutor.java:418)
	at com.kms.katalon.core.main.TestCaseExecutor.accessMainPhase(TestCaseExecutor.java:410)
	at com.kms.katalon.core.main.TestCaseExecutor.execute(TestCaseExecutor.java:285)
	at com.kms.katalon.core.common.CommonExecutor.accessTestCaseMainPhase(CommonExecutor.java:65)
	at com.kms.katalon.core.main.TestSuiteExecutor.accessTestSuiteMainPhase(TestSuiteExecutor.java:148)
	at com.kms.katalon.core.main.TestSuiteExecutor.execute(TestSuiteExecutor.java:106)
	at com.kms.katalon.core.main.TestCaseMain.startTestSuite(TestCaseMain.java:180)
	at TempTestSuite1704103891068.run(TempTestSuite1704103891068.groovy:36)
	at java.base/jdk.internal.reflect.NativeMethodAccessorImpl.invoke0(Native Method)
	at java.base/jdk.internal.reflect.NativeMethodAccessorImpl.invoke(NativeMethodAccessorImpl.java:77)
	at java.base/jdk.internal.reflect.DelegatingMethodAccessorImpl.invoke(DelegatingMethodAccessorImpl.java:43)
)
[[ATTACHMENT|D:\\ktpm\\G1_Firefly_testing\\Reports\\20240101_171131\\Create a new asset account\\20240101_171131\\1704103981638.png]]

01-01-2024T17:13:01 - [MESSAGE][FAILED] - Unable to verify object 'Object Repository/Shared_alert/text_dangers' is present (Root cause: com.kms.katalon.core.exception.StepFailedException: Unable to verify object 'Object Repository/Shared_alert/text_dangers' is present
	at com.kms.katalon.core.webui.keyword.internal.WebUIKeywordMain.stepFailed(WebUIKeywordMain.groovy:64)
	at com.kms.katalon.core.webui.keyword.internal.WebUIKeywordMain.runKeyword(WebUIKeywordMain.groovy:26)
	at com.kms.katalon.core.webui.keyword.builtin.VerifyElementPresentKeyword.verifyElementPresent(VerifyElementPresentKeyword.groovy:92)
	at com.kms.katalon.core.webui.keyword.builtin.VerifyElementPresentKeyword.execute(VerifyElementPresentKeyword.groovy:68)
	at com.kms.katalon.core.keyword.internal.KeywordExecutor.executeKeywordForPlatform(KeywordExecutor.groovy:74)
	at com.kms.katalon.core.webui.keyword.WebUiBuiltInKeywords.verifyElementPresent(WebUiBuiltInKeywords.groovy:1503)
	at Create a new asset account.run(Create a new asset account:70)
	at com.kms.katalon.core.main.ScriptEngine.run(ScriptEngine.java:194)
	at com.kms.katalon.core.main.ScriptEngine.runScriptAsRawText(ScriptEngine.java:119)
	at com.kms.katalon.core.main.TestCaseExecutor.runScript(TestCaseExecutor.java:448)
	at com.kms.katalon.core.main.TestCaseExecutor.doExecute(TestCaseExecutor.java:439)
	at com.kms.katalon.core.main.TestCaseExecutor.processExecutionPhase(TestCaseExecutor.java:418)
	at com.kms.katalon.core.main.TestCaseExecutor.accessMainPhase(TestCaseExecutor.java:410)
	at com.kms.katalon.core.main.TestCaseExecutor.execute(TestCaseExecutor.java:285)
	at com.kms.katalon.core.common.CommonExecutor.accessTestCaseMainPhase(CommonExecutor.java:65)
	at com.kms.katalon.core.main.TestSuiteExecutor.accessTestSuiteMainPhase(TestSuiteExecutor.java:148)
	at com.kms.katalon.core.main.TestSuiteExecutor.execute(TestSuiteExecutor.java:106)
	at com.kms.katalon.core.main.TestCaseMain.startTestSuite(TestCaseMain.java:180)
	at TempTestSuite1704103891068.run(TempTestSuite1704103891068.groovy:36)
	at java.base/jdk.internal.reflect.NativeMethodAccessorImpl.invoke0(Native Method)
	at java.base/jdk.internal.reflect.NativeMethodAccessorImpl.invoke(NativeMethodAccessorImpl.java:77)
	at java.base/jdk.internal.reflect.DelegatingMethodAccessorImpl.invoke(DelegatingMethodAccessorImpl.java:43)
Caused by: com.kms.katalon.core.exception.StepFailedException: com.kms.katalon.core.webui.exception.WebElementNotFoundException: Web element with id: 'Object Repository/Shared_alert/text_dangers' located by '.text-danger' not found
	at com.kms.katalon.core.webui.keyword.internal.WebUIKeywordMain.stepFailed(WebUIKeywordMain.groovy:64)
	at com.kms.katalon.core.webui.keyword.builtin.VerifyElementPresentKeyword$_verifyElementPresent_closure1.doCall(VerifyElementPresentKeyword.groovy:85)
	at com.kms.katalon.core.webui.keyword.builtin.VerifyElementPresentKeyword$_verifyElementPresent_closure1.call(VerifyElementPresentKeyword.groovy)
	at com.kms.katalon.core.webui.keyword.internal.WebUIKeywordMain.runKeyword(WebUIKeywordMain.groovy:20)
	... 20 more
)
[[ATTACHMENT|D:\\ktpm\\G1_Firefly_testing\\Reports\\20240101_171131\\Create a new asset account\\20240101_171131\\1704103981730.png]]

01-01-2024T17:13:01 - [TEST_STEP][PASSED] - catch (Exception err): null

01-01-2024T17:13:01 - [TEST_STEP][PASSED] - verifyElementPresent(findTestObject("Shared_alert/success_alert"), 1): Object 'Object Repository/Shared_alert/success_alert' is present

01-01-2024T17:13:02 - [MESSAGE][PASSED] - Object 'Object Repository/Shared_alert/success_alert' is present

01-01-2024T17:13:02 - [TEST_STEP][PASSED] - out.println("success"): null

01-01-2024T17:13:02 - [TEST_STEP][PASSED] - closeBrowser(): Browser is closed

01-01-2024T17:13:02 - [MESSAGE][PASSED] - Browser is closed]]></system-out>
         <system-err><![CDATA[]]></system-err>
      </testcase>
      <testcase name="Test Cases/Create a new asset account" time="16.998" classname="Test Cases/Create a new asset account" status="PASSED">
         <system-out><![CDATA[01-01-2024T17:13:02 - [TEST_CASE][PASSED] - Test Cases/Create a new asset account: Test Cases/Create a new asset account

01-01-2024T17:13:02 - [TEST_STEP][PASSED] - openBrowser(""): Browser is opened with url: ''

01-01-2024T17:13:02 - [MESSAGE][INFO] - Starting 'Chrome' driver

01-01-2024T17:13:02 - [MESSAGE][INFO] - Action delay is set to 0 milliseconds

01-01-2024T17:13:03 - [MESSAGE][PASSED] - Browser is opened with url: ''

01-01-2024T17:13:03 - [TEST_STEP][PASSED] - navigateToUrl("https://firefly.buudadawg.online/accounts/create/asset"): Navigate to 'https://firefly.buudadawg.online/accounts/create/asset' successfully

01-01-2024T17:13:04 - [MESSAGE][PASSED] - Navigate to 'https://firefly.buudadawg.online/accounts/create/asset' successfully

01-01-2024T17:13:04 - [TEST_STEP][PASSED] - setText(findTestObject("Object Repository/Create a new asset account/Page_Login to Firefly III/input_email"), "huynhluat.dn@gmail.com"): Text 'huynhluat.dn@gmail.com' is set on object 'Object Repository/Create a new asset account/Page_Login to Firefly III/input_email'

01-01-2024T17:13:05 - [MESSAGE][PASSED] - Text 'huynhluat.dn@gmail.com' is set on object 'Object Repository/Create a new asset account/Page_Login to Firefly III/input_email'

01-01-2024T17:13:05 - [TEST_STEP][PASSED] - setEncryptedText(findTestObject("Object Repository/Create a new asset account/Page_Login to Firefly III/input_password"), "GDttjE7iuxOgQwNBt53tbwiiBI5Qr4kb"): Text ****** has been set on object 'Object Repository/Create a new asset account/Page_Login to Firefly III/input_password'

01-01-2024T17:13:05 - [MESSAGE][PASSED] - Text ****** has been set on object 'Object Repository/Create a new asset account/Page_Login to Firefly III/input_password'

01-01-2024T17:13:05 - [TEST_STEP][PASSED] - click(findTestObject("Object Repository/Create a new asset account/Page_Login to Firefly III/button_Sign in")): Object: 'Object Repository/Create a new asset account/Page_Login to Firefly III/button_Sign in' is clicked on

01-01-2024T17:13:06 - [MESSAGE][PASSED] - Object: 'Object Repository/Create a new asset account/Page_Login to Firefly III/button_Sign in' is clicked on

01-01-2024T17:13:06 - [TEST_STEP][PASSED] - setText(findTestObject("Object Repository/Create a new asset account/Page_Create a new asset account  Accounts  _ced620/input_name"), name): Text 'sselwood5' is set on object 'Object Repository/Create a new asset account/Page_Create a new asset account  Accounts  _ced620/input_name'

01-01-2024T17:13:08 - [MESSAGE][PASSED] - Text 'sselwood5' is set on object 'Object Repository/Create a new asset account/Page_Create a new asset account  Accounts  _ced620/input_name'

01-01-2024T17:13:08 - [TEST_STEP][PASSED] - selectOptionByValue(findTestObject("Object Repository/Create a new asset account/Page_Create a new asset account  Accounts  _ced620/select_Euro ()US Dollar ()"), "1", true): All options with value '1' are selected in object 'Object Repository/Create a new asset account/Page_Create a new asset account  Accounts  _ced620/select_Euro ()US Dollar ()'  using regular expression

01-01-2024T17:13:09 - [MESSAGE][PASSED] - All options with value '1' are selected in object 'Object Repository/Create a new asset account/Page_Create a new asset account  Accounts  _ced620/select_Euro ()US Dollar ()'  using regular expression

01-01-2024T17:13:09 - [TEST_STEP][PASSED] - setText(findTestObject("Object Repository/Create a new asset account/Page_Create a new asset account  Accounts  _ced620/input_iban"), "GB29 NWBK 6016 1331 9268 19"): Text 'GB29 NWBK 6016 1331 9268 19' is set on object 'Object Repository/Create a new asset account/Page_Create a new asset account  Accounts  _ced620/input_iban'

01-01-2024T17:13:09 - [MESSAGE][PASSED] - Text 'GB29 NWBK 6016 1331 9268 19' is set on object 'Object Repository/Create a new asset account/Page_Create a new asset account  Accounts  _ced620/input_iban'

01-01-2024T17:13:09 - [TEST_STEP][PASSED] - setText(findTestObject("Object Repository/Create a new asset account/Page_Create a new asset account  Accounts  _ced620/input_BIC"), "ABCDUS12345"): Text 'ABCDUS12345' is set on object 'Object Repository/Create a new asset account/Page_Create a new asset account  Accounts  _ced620/input_BIC'

01-01-2024T17:13:10 - [MESSAGE][PASSED] - Text 'ABCDUS12345' is set on object 'Object Repository/Create a new asset account/Page_Create a new asset account  Accounts  _ced620/input_BIC'

01-01-2024T17:13:10 - [TEST_STEP][PASSED] - setText(findTestObject("Object Repository/Create a new asset account/Page_Create a new asset account  Accounts  _ced620/input_account_number"), ""): Text '' is set on object 'Object Repository/Create a new asset account/Page_Create a new asset account  Accounts  _ced620/input_account_number'

01-01-2024T17:13:11 - [MESSAGE][PASSED] - Text '' is set on object 'Object Repository/Create a new asset account/Page_Create a new asset account  Accounts  _ced620/input_account_number'

01-01-2024T17:13:11 - [TEST_STEP][PASSED] - setText(findTestObject("Object Repository/Create a new asset account/Page_Create a new asset account  Accounts  _ced620/input_opening_balance"), ""): Text '' is set on object 'Object Repository/Create a new asset account/Page_Create a new asset account  Accounts  _ced620/input_opening_balance'

01-01-2024T17:13:11 - [MESSAGE][PASSED] - Text '' is set on object 'Object Repository/Create a new asset account/Page_Create a new asset account  Accounts  _ced620/input_opening_balance'

01-01-2024T17:13:11 - [TEST_STEP][PASSED] - selectOptionByValue(findTestObject("Object Repository/Create a new asset account/Page_Create a new asset account  Accounts  _ced620/select_Default asset accountShared asset ac_afbbdd"), "sharedAsset", true): All options with value 'sharedAsset' are selected in object 'Object Repository/Create a new asset account/Page_Create a new asset account  Accounts  _ced620/select_Default asset accountShared asset ac_afbbdd'  using regular expression

01-01-2024T17:13:12 - [MESSAGE][PASSED] - All options with value 'sharedAsset' are selected in object 'Object Repository/Create a new asset account/Page_Create a new asset account  Accounts  _ced620/select_Default asset accountShared asset ac_afbbdd'  using regular expression

01-01-2024T17:13:12 - [TEST_STEP][PASSED] - selectOptionByValue(findTestObject("Object Repository/Create a new asset account/Page_Create a new asset account  Accounts  _ced620/select_Default asset accountShared asset ac_afbbdd"), "defaultAsset", true): All options with value 'defaultAsset' are selected in object 'Object Repository/Create a new asset account/Page_Create a new asset account  Accounts  _ced620/select_Default asset accountShared asset ac_afbbdd'  using regular expression

01-01-2024T17:13:13 - [MESSAGE][PASSED] - All options with value 'defaultAsset' are selected in object 'Object Repository/Create a new asset account/Page_Create a new asset account  Accounts  _ced620/select_Default asset accountShared asset ac_afbbdd'  using regular expression

01-01-2024T17:13:13 - [TEST_STEP][PASSED] - setText(findTestObject("Object Repository/Create a new asset account/Page_Create a new asset account  Accounts  _ced620/input_virtual_balance"), "100"): Text '100' is set on object 'Object Repository/Create a new asset account/Page_Create a new asset account  Accounts  _ced620/input_virtual_balance'

01-01-2024T17:13:13 - [MESSAGE][PASSED] - Text '100' is set on object 'Object Repository/Create a new asset account/Page_Create a new asset account  Accounts  _ced620/input_virtual_balance'

01-01-2024T17:13:13 - [TEST_STEP][PASSED] - setText(findTestObject("Object Repository/Create a new asset account/Page_Create a new asset account  Accounts  _ced620/textarea_notes"), "note"): Text 'note' is set on object 'Object Repository/Create a new asset account/Page_Create a new asset account  Accounts  _ced620/textarea_notes'

01-01-2024T17:13:14 - [MESSAGE][PASSED] - Text 'note' is set on object 'Object Repository/Create a new asset account/Page_Create a new asset account  Accounts  _ced620/textarea_notes'

01-01-2024T17:13:14 - [TEST_STEP][PASSED] - setText(findTestObject("Create a new asset account/Page_Create a new asset account  Accounts  _ced620/input_opening_balance_date"), "20/12/2002"): Text '20/12/2002' is set on object 'Object Repository/Create a new asset account/Page_Create a new asset account  Accounts  _ced620/input_opening_balance_date'

01-01-2024T17:13:15 - [MESSAGE][PASSED] - Text '20/12/2002' is set on object 'Object Repository/Create a new asset account/Page_Create a new asset account  Accounts  _ced620/input_opening_balance_date'

01-01-2024T17:13:15 - [TEST_STEP][PASSED] - uploadFile(findTestObject("Create a new asset account/Page_Create a new asset account  Accounts  _ced620/upload file"), "D:\mail_service_log.txt"): File 'D:\mail_service_log.txt' sent to object: 'Object Repository/Create a new asset account/Page_Create a new asset account  Accounts  _ced620/upload file'

01-01-2024T17:13:15 - [MESSAGE][PASSED] - File 'D:\mail_service_log.txt' sent to object: 'Object Repository/Create a new asset account/Page_Create a new asset account  Accounts  _ced620/upload file'

01-01-2024T17:13:15 - [TEST_STEP][PASSED] - click(findTestObject("Object Repository/Create a new asset account/Page_Create a new asset account  Accounts  _ced620/button_Store new asset account")): Object: 'Object Repository/Create a new asset account/Page_Create a new asset account  Accounts  _ced620/button_Store new asset account' is clicked on

01-01-2024T17:13:16 - [MESSAGE][PASSED] - Object: 'Object Repository/Create a new asset account/Page_Create a new asset account  Accounts  _ced620/button_Store new asset account' is clicked on

01-01-2024T17:13:16 - [TEST_STEP][FAILED] - try: Unable to verify object 'Object Repository/Shared_alert/text_dangers' is present (Root cause: com.kms.katalon.core.exception.StepFailedException: Unable to verify object 'Object Repository/Shared_alert/text_dangers' is present
	at com.kms.katalon.core.webui.keyword.internal.WebUIKeywordMain.stepFailed(WebUIKeywordMain.groovy:64)
	at com.kms.katalon.core.webui.keyword.internal.WebUIKeywordMain.runKeyword(WebUIKeywordMain.groovy:26)
	at com.kms.katalon.core.webui.keyword.builtin.VerifyElementPresentKeyword.verifyElementPresent(VerifyElementPresentKeyword.groovy:92)
	at com.kms.katalon.core.webui.keyword.builtin.VerifyElementPresentKeyword.execute(VerifyElementPresentKeyword.groovy:68)
	at com.kms.katalon.core.keyword.internal.KeywordExecutor.executeKeywordForPlatform(KeywordExecutor.groovy:74)
	at com.kms.katalon.core.webui.keyword.WebUiBuiltInKeywords.verifyElementPresent(WebUiBuiltInKeywords.groovy:1503)
	at Create a new asset account.run(Create a new asset account:70)
	at com.kms.katalon.core.main.ScriptEngine.run(ScriptEngine.java:194)
	at com.kms.katalon.core.main.ScriptEngine.runScriptAsRawText(ScriptEngine.java:119)
	at com.kms.katalon.core.main.TestCaseExecutor.runScript(TestCaseExecutor.java:448)
	at com.kms.katalon.core.main.TestCaseExecutor.doExecute(TestCaseExecutor.java:439)
	at com.kms.katalon.core.main.TestCaseExecutor.processExecutionPhase(TestCaseExecutor.java:418)
	at com.kms.katalon.core.main.TestCaseExecutor.accessMainPhase(TestCaseExecutor.java:410)
	at com.kms.katalon.core.main.TestCaseExecutor.execute(TestCaseExecutor.java:285)
	at com.kms.katalon.core.common.CommonExecutor.accessTestCaseMainPhase(CommonExecutor.java:65)
	at com.kms.katalon.core.main.TestSuiteExecutor.accessTestSuiteMainPhase(TestSuiteExecutor.java:148)
	at com.kms.katalon.core.main.TestSuiteExecutor.execute(TestSuiteExecutor.java:106)
	at com.kms.katalon.core.main.TestCaseMain.startTestSuite(TestCaseMain.java:180)
	at TempTestSuite1704103891068.run(TempTestSuite1704103891068.groovy:36)
	at java.base/jdk.internal.reflect.NativeMethodAccessorImpl.invoke0(Native Method)
	at java.base/jdk.internal.reflect.NativeMethodAccessorImpl.invoke(NativeMethodAccessorImpl.java:77)
	at java.base/jdk.internal.reflect.DelegatingMethodAccessorImpl.invoke(DelegatingMethodAccessorImpl.java:43)
Caused by: com.kms.katalon.core.exception.StepFailedException: com.kms.katalon.core.webui.exception.WebElementNotFoundException: Web element with id: 'Object Repository/Shared_alert/text_dangers' located by '.text-danger' not found
	at com.kms.katalon.core.webui.keyword.internal.WebUIKeywordMain.stepFailed(WebUIKeywordMain.groovy:64)
	at com.kms.katalon.core.webui.keyword.builtin.VerifyElementPresentKeyword$_verifyElementPresent_closure1.doCall(VerifyElementPresentKeyword.groovy:85)
	at com.kms.katalon.core.webui.keyword.builtin.VerifyElementPresentKeyword$_verifyElementPresent_closure1.call(VerifyElementPresentKeyword.groovy)
	at com.kms.katalon.core.webui.keyword.internal.WebUIKeywordMain.runKeyword(WebUIKeywordMain.groovy:20)
	... 20 more
)

01-01-2024T17:13:16 - [TEST_STEP][FAILED] - verifyElementPresent(findTestObject("Shared_alert/text_dangers"), 1): Unable to verify object 'Object Repository/Shared_alert/text_dangers' is present (Root cause: com.kms.katalon.core.exception.StepFailedException: Unable to verify object 'Object Repository/Shared_alert/text_dangers' is present
	at com.kms.katalon.core.webui.keyword.internal.WebUIKeywordMain.stepFailed(WebUIKeywordMain.groovy:64)
	at com.kms.katalon.core.webui.keyword.internal.WebUIKeywordMain.runKeyword(WebUIKeywordMain.groovy:26)
	at com.kms.katalon.core.webui.keyword.builtin.VerifyElementPresentKeyword.verifyElementPresent(VerifyElementPresentKeyword.groovy:92)
	at com.kms.katalon.core.webui.keyword.builtin.VerifyElementPresentKeyword.execute(VerifyElementPresentKeyword.groovy:68)
	at com.kms.katalon.core.keyword.internal.KeywordExecutor.executeKeywordForPlatform(KeywordExecutor.groovy:74)
	at com.kms.katalon.core.webui.keyword.WebUiBuiltInKeywords.verifyElementPresent(WebUiBuiltInKeywords.groovy:1503)
	at Create a new asset account.run(Create a new asset account:70)
	at com.kms.katalon.core.main.ScriptEngine.run(ScriptEngine.java:194)
	at com.kms.katalon.core.main.ScriptEngine.runScriptAsRawText(ScriptEngine.java:119)
	at com.kms.katalon.core.main.TestCaseExecutor.runScript(TestCaseExecutor.java:448)
	at com.kms.katalon.core.main.TestCaseExecutor.doExecute(TestCaseExecutor.java:439)
	at com.kms.katalon.core.main.TestCaseExecutor.processExecutionPhase(TestCaseExecutor.java:418)
	at com.kms.katalon.core.main.TestCaseExecutor.accessMainPhase(TestCaseExecutor.java:410)
	at com.kms.katalon.core.main.TestCaseExecutor.execute(TestCaseExecutor.java:285)
	at com.kms.katalon.core.common.CommonExecutor.accessTestCaseMainPhase(CommonExecutor.java:65)
	at com.kms.katalon.core.main.TestSuiteExecutor.accessTestSuiteMainPhase(TestSuiteExecutor.java:148)
	at com.kms.katalon.core.main.TestSuiteExecutor.execute(TestSuiteExecutor.java:106)
	at com.kms.katalon.core.main.TestCaseMain.startTestSuite(TestCaseMain.java:180)
	at TempTestSuite1704103891068.run(TempTestSuite1704103891068.groovy:36)
	at java.base/jdk.internal.reflect.NativeMethodAccessorImpl.invoke0(Native Method)
	at java.base/jdk.internal.reflect.NativeMethodAccessorImpl.invoke(NativeMethodAccessorImpl.java:77)
	at java.base/jdk.internal.reflect.DelegatingMethodAccessorImpl.invoke(DelegatingMethodAccessorImpl.java:43)
Caused by: com.kms.katalon.core.exception.StepFailedException: com.kms.katalon.core.webui.exception.WebElementNotFoundException: Web element with id: 'Object Repository/Shared_alert/text_dangers' located by '.text-danger' not found
	at com.kms.katalon.core.webui.keyword.internal.WebUIKeywordMain.stepFailed(WebUIKeywordMain.groovy:64)
	at com.kms.katalon.core.webui.keyword.builtin.VerifyElementPresentKeyword$_verifyElementPresent_closure1.doCall(VerifyElementPresentKeyword.groovy:85)
	at com.kms.katalon.core.webui.keyword.builtin.VerifyElementPresentKeyword$_verifyElementPresent_closure1.call(VerifyElementPresentKeyword.groovy)
	at com.kms.katalon.core.webui.keyword.internal.WebUIKeywordMain.runKeyword(WebUIKeywordMain.groovy:20)
	... 20 more
)

01-01-2024T17:13:18 - [MESSAGE][INFO] - Unable to find the element located by 'By.cssSelector: .text-danger'. Please recheck the objects properties to make sure the desired element is located. 

01-01-2024T17:13:18 - [MESSAGE][FAILED] - com.kms.katalon.core.webui.exception.WebElementNotFoundException: Web element with id: 'Object Repository/Shared_alert/text_dangers' located by '.text-danger' not found (Root cause: com.kms.katalon.core.exception.StepFailedException: com.kms.katalon.core.webui.exception.WebElementNotFoundException: Web element with id: 'Object Repository/Shared_alert/text_dangers' located by '.text-danger' not found
	at com.kms.katalon.core.webui.keyword.internal.WebUIKeywordMain.stepFailed(WebUIKeywordMain.groovy:64)
	at com.kms.katalon.core.webui.keyword.builtin.VerifyElementPresentKeyword$_verifyElementPresent_closure1.doCall(VerifyElementPresentKeyword.groovy:85)
	at com.kms.katalon.core.webui.keyword.builtin.VerifyElementPresentKeyword$_verifyElementPresent_closure1.call(VerifyElementPresentKeyword.groovy)
	at com.kms.katalon.core.webui.keyword.internal.WebUIKeywordMain.runKeyword(WebUIKeywordMain.groovy:20)
	at com.kms.katalon.core.webui.keyword.builtin.VerifyElementPresentKeyword.verifyElementPresent(VerifyElementPresentKeyword.groovy:92)
	at com.kms.katalon.core.webui.keyword.builtin.VerifyElementPresentKeyword.execute(VerifyElementPresentKeyword.groovy:68)
	at com.kms.katalon.core.keyword.internal.KeywordExecutor.executeKeywordForPlatform(KeywordExecutor.groovy:74)
	at com.kms.katalon.core.webui.keyword.WebUiBuiltInKeywords.verifyElementPresent(WebUiBuiltInKeywords.groovy:1503)
	at Create a new asset account.run(Create a new asset account:70)
	at com.kms.katalon.core.main.ScriptEngine.run(ScriptEngine.java:194)
	at com.kms.katalon.core.main.ScriptEngine.runScriptAsRawText(ScriptEngine.java:119)
	at com.kms.katalon.core.main.TestCaseExecutor.runScript(TestCaseExecutor.java:448)
	at com.kms.katalon.core.main.TestCaseExecutor.doExecute(TestCaseExecutor.java:439)
	at com.kms.katalon.core.main.TestCaseExecutor.processExecutionPhase(TestCaseExecutor.java:418)
	at com.kms.katalon.core.main.TestCaseExecutor.accessMainPhase(TestCaseExecutor.java:410)
	at com.kms.katalon.core.main.TestCaseExecutor.execute(TestCaseExecutor.java:285)
	at com.kms.katalon.core.common.CommonExecutor.accessTestCaseMainPhase(CommonExecutor.java:65)
	at com.kms.katalon.core.main.TestSuiteExecutor.accessTestSuiteMainPhase(TestSuiteExecutor.java:148)
	at com.kms.katalon.core.main.TestSuiteExecutor.execute(TestSuiteExecutor.java:106)
	at com.kms.katalon.core.main.TestCaseMain.startTestSuite(TestCaseMain.java:180)
	at TempTestSuite1704103891068.run(TempTestSuite1704103891068.groovy:36)
	at java.base/jdk.internal.reflect.NativeMethodAccessorImpl.invoke0(Native Method)
	at java.base/jdk.internal.reflect.NativeMethodAccessorImpl.invoke(NativeMethodAccessorImpl.java:77)
	at java.base/jdk.internal.reflect.DelegatingMethodAccessorImpl.invoke(DelegatingMethodAccessorImpl.java:43)
)
[[ATTACHMENT|D:\\ktpm\\G1_Firefly_testing\\Reports\\20240101_171131\\Create a new asset account\\20240101_171131\\1704103998627.png]]

01-01-2024T17:13:18 - [MESSAGE][FAILED] - Unable to verify object 'Object Repository/Shared_alert/text_dangers' is present (Root cause: com.kms.katalon.core.exception.StepFailedException: Unable to verify object 'Object Repository/Shared_alert/text_dangers' is present
	at com.kms.katalon.core.webui.keyword.internal.WebUIKeywordMain.stepFailed(WebUIKeywordMain.groovy:64)
	at com.kms.katalon.core.webui.keyword.internal.WebUIKeywordMain.runKeyword(WebUIKeywordMain.groovy:26)
	at com.kms.katalon.core.webui.keyword.builtin.VerifyElementPresentKeyword.verifyElementPresent(VerifyElementPresentKeyword.groovy:92)
	at com.kms.katalon.core.webui.keyword.builtin.VerifyElementPresentKeyword.execute(VerifyElementPresentKeyword.groovy:68)
	at com.kms.katalon.core.keyword.internal.KeywordExecutor.executeKeywordForPlatform(KeywordExecutor.groovy:74)
	at com.kms.katalon.core.webui.keyword.WebUiBuiltInKeywords.verifyElementPresent(WebUiBuiltInKeywords.groovy:1503)
	at Create a new asset account.run(Create a new asset account:70)
	at com.kms.katalon.core.main.ScriptEngine.run(ScriptEngine.java:194)
	at com.kms.katalon.core.main.ScriptEngine.runScriptAsRawText(ScriptEngine.java:119)
	at com.kms.katalon.core.main.TestCaseExecutor.runScript(TestCaseExecutor.java:448)
	at com.kms.katalon.core.main.TestCaseExecutor.doExecute(TestCaseExecutor.java:439)
	at com.kms.katalon.core.main.TestCaseExecutor.processExecutionPhase(TestCaseExecutor.java:418)
	at com.kms.katalon.core.main.TestCaseExecutor.accessMainPhase(TestCaseExecutor.java:410)
	at com.kms.katalon.core.main.TestCaseExecutor.execute(TestCaseExecutor.java:285)
	at com.kms.katalon.core.common.CommonExecutor.accessTestCaseMainPhase(CommonExecutor.java:65)
	at com.kms.katalon.core.main.TestSuiteExecutor.accessTestSuiteMainPhase(TestSuiteExecutor.java:148)
	at com.kms.katalon.core.main.TestSuiteExecutor.execute(TestSuiteExecutor.java:106)
	at com.kms.katalon.core.main.TestCaseMain.startTestSuite(TestCaseMain.java:180)
	at TempTestSuite1704103891068.run(TempTestSuite1704103891068.groovy:36)
	at java.base/jdk.internal.reflect.NativeMethodAccessorImpl.invoke0(Native Method)
	at java.base/jdk.internal.reflect.NativeMethodAccessorImpl.invoke(NativeMethodAccessorImpl.java:77)
	at java.base/jdk.internal.reflect.DelegatingMethodAccessorImpl.invoke(DelegatingMethodAccessorImpl.java:43)
Caused by: com.kms.katalon.core.exception.StepFailedException: com.kms.katalon.core.webui.exception.WebElementNotFoundException: Web element with id: 'Object Repository/Shared_alert/text_dangers' located by '.text-danger' not found
	at com.kms.katalon.core.webui.keyword.internal.WebUIKeywordMain.stepFailed(WebUIKeywordMain.groovy:64)
	at com.kms.katalon.core.webui.keyword.builtin.VerifyElementPresentKeyword$_verifyElementPresent_closure1.doCall(VerifyElementPresentKeyword.groovy:85)
	at com.kms.katalon.core.webui.keyword.builtin.VerifyElementPresentKeyword$_verifyElementPresent_closure1.call(VerifyElementPresentKeyword.groovy)
	at com.kms.katalon.core.webui.keyword.internal.WebUIKeywordMain.runKeyword(WebUIKeywordMain.groovy:20)
	... 20 more
)
[[ATTACHMENT|D:\\ktpm\\G1_Firefly_testing\\Reports\\20240101_171131\\Create a new asset account\\20240101_171131\\1704103998725.png]]

01-01-2024T17:13:18 - [TEST_STEP][PASSED] - catch (Exception err): null

01-01-2024T17:13:18 - [TEST_STEP][PASSED] - verifyElementPresent(findTestObject("Shared_alert/success_alert"), 1): Object 'Object Repository/Shared_alert/success_alert' is present

01-01-2024T17:13:19 - [MESSAGE][PASSED] - Object 'Object Repository/Shared_alert/success_alert' is present

01-01-2024T17:13:19 - [TEST_STEP][PASSED] - out.println("success"): null

01-01-2024T17:13:19 - [TEST_STEP][PASSED] - closeBrowser(): Browser is closed

01-01-2024T17:13:19 - [MESSAGE][PASSED] - Browser is closed]]></system-out>
         <system-err><![CDATA[]]></system-err>
      </testcase>
      <testcase name="Test Cases/Create a new asset account" time="16.732" classname="Test Cases/Create a new asset account" status="PASSED">
         <system-out><![CDATA[01-01-2024T17:13:19 - [TEST_CASE][PASSED] - Test Cases/Create a new asset account: Test Cases/Create a new asset account

01-01-2024T17:13:19 - [TEST_STEP][PASSED] - openBrowser(""): Browser is opened with url: ''

01-01-2024T17:13:19 - [MESSAGE][INFO] - Starting 'Chrome' driver

01-01-2024T17:13:19 - [MESSAGE][INFO] - Action delay is set to 0 milliseconds

01-01-2024T17:13:20 - [MESSAGE][PASSED] - Browser is opened with url: ''

01-01-2024T17:13:20 - [TEST_STEP][PASSED] - navigateToUrl("https://firefly.buudadawg.online/accounts/create/asset"): Navigate to 'https://firefly.buudadawg.online/accounts/create/asset' successfully

01-01-2024T17:13:21 - [MESSAGE][PASSED] - Navigate to 'https://firefly.buudadawg.online/accounts/create/asset' successfully

01-01-2024T17:13:21 - [TEST_STEP][PASSED] - setText(findTestObject("Object Repository/Create a new asset account/Page_Login to Firefly III/input_email"), "huynhluat.dn@gmail.com"): Text 'huynhluat.dn@gmail.com' is set on object 'Object Repository/Create a new asset account/Page_Login to Firefly III/input_email'

01-01-2024T17:13:22 - [MESSAGE][PASSED] - Text 'huynhluat.dn@gmail.com' is set on object 'Object Repository/Create a new asset account/Page_Login to Firefly III/input_email'

01-01-2024T17:13:22 - [TEST_STEP][PASSED] - setEncryptedText(findTestObject("Object Repository/Create a new asset account/Page_Login to Firefly III/input_password"), "GDttjE7iuxOgQwNBt53tbwiiBI5Qr4kb"): Text ****** has been set on object 'Object Repository/Create a new asset account/Page_Login to Firefly III/input_password'

01-01-2024T17:13:22 - [MESSAGE][PASSED] - Text ****** has been set on object 'Object Repository/Create a new asset account/Page_Login to Firefly III/input_password'

01-01-2024T17:13:22 - [TEST_STEP][PASSED] - click(findTestObject("Object Repository/Create a new asset account/Page_Login to Firefly III/button_Sign in")): Object: 'Object Repository/Create a new asset account/Page_Login to Firefly III/button_Sign in' is clicked on

01-01-2024T17:13:23 - [MESSAGE][PASSED] - Object: 'Object Repository/Create a new asset account/Page_Login to Firefly III/button_Sign in' is clicked on

01-01-2024T17:13:23 - [TEST_STEP][PASSED] - setText(findTestObject("Object Repository/Create a new asset account/Page_Create a new asset account  Accounts  _ced620/input_name"), name): Text 'brooksby6' is set on object 'Object Repository/Create a new asset account/Page_Create a new asset account  Accounts  _ced620/input_name'

01-01-2024T17:13:25 - [MESSAGE][PASSED] - Text 'brooksby6' is set on object 'Object Repository/Create a new asset account/Page_Create a new asset account  Accounts  _ced620/input_name'

01-01-2024T17:13:25 - [TEST_STEP][PASSED] - selectOptionByValue(findTestObject("Object Repository/Create a new asset account/Page_Create a new asset account  Accounts  _ced620/select_Euro ()US Dollar ()"), "1", true): All options with value '1' are selected in object 'Object Repository/Create a new asset account/Page_Create a new asset account  Accounts  _ced620/select_Euro ()US Dollar ()'  using regular expression

01-01-2024T17:13:25 - [MESSAGE][PASSED] - All options with value '1' are selected in object 'Object Repository/Create a new asset account/Page_Create a new asset account  Accounts  _ced620/select_Euro ()US Dollar ()'  using regular expression

01-01-2024T17:13:25 - [TEST_STEP][PASSED] - setText(findTestObject("Object Repository/Create a new asset account/Page_Create a new asset account  Accounts  _ced620/input_iban"), "GB29 NWBK 6016 1331 9268 19"): Text 'GB29 NWBK 6016 1331 9268 19' is set on object 'Object Repository/Create a new asset account/Page_Create a new asset account  Accounts  _ced620/input_iban'

01-01-2024T17:13:26 - [MESSAGE][PASSED] - Text 'GB29 NWBK 6016 1331 9268 19' is set on object 'Object Repository/Create a new asset account/Page_Create a new asset account  Accounts  _ced620/input_iban'

01-01-2024T17:13:26 - [TEST_STEP][PASSED] - setText(findTestObject("Object Repository/Create a new asset account/Page_Create a new asset account  Accounts  _ced620/input_BIC"), "ABCDUS12345"): Text 'ABCDUS12345' is set on object 'Object Repository/Create a new asset account/Page_Create a new asset account  Accounts  _ced620/input_BIC'

01-01-2024T17:13:27 - [MESSAGE][PASSED] - Text 'ABCDUS12345' is set on object 'Object Repository/Create a new asset account/Page_Create a new asset account  Accounts  _ced620/input_BIC'

01-01-2024T17:13:27 - [TEST_STEP][PASSED] - setText(findTestObject("Object Repository/Create a new asset account/Page_Create a new asset account  Accounts  _ced620/input_account_number"), ""): Text '' is set on object 'Object Repository/Create a new asset account/Page_Create a new asset account  Accounts  _ced620/input_account_number'

01-01-2024T17:13:27 - [MESSAGE][PASSED] - Text '' is set on object 'Object Repository/Create a new asset account/Page_Create a new asset account  Accounts  _ced620/input_account_number'

01-01-2024T17:13:27 - [TEST_STEP][PASSED] - setText(findTestObject("Object Repository/Create a new asset account/Page_Create a new asset account  Accounts  _ced620/input_opening_balance"), ""): Text '' is set on object 'Object Repository/Create a new asset account/Page_Create a new asset account  Accounts  _ced620/input_opening_balance'

01-01-2024T17:13:28 - [MESSAGE][PASSED] - Text '' is set on object 'Object Repository/Create a new asset account/Page_Create a new asset account  Accounts  _ced620/input_opening_balance'

01-01-2024T17:13:28 - [TEST_STEP][PASSED] - selectOptionByValue(findTestObject("Object Repository/Create a new asset account/Page_Create a new asset account  Accounts  _ced620/select_Default asset accountShared asset ac_afbbdd"), "sharedAsset", true): All options with value 'sharedAsset' are selected in object 'Object Repository/Create a new asset account/Page_Create a new asset account  Accounts  _ced620/select_Default asset accountShared asset ac_afbbdd'  using regular expression

01-01-2024T17:13:29 - [MESSAGE][PASSED] - All options with value 'sharedAsset' are selected in object 'Object Repository/Create a new asset account/Page_Create a new asset account  Accounts  _ced620/select_Default asset accountShared asset ac_afbbdd'  using regular expression

01-01-2024T17:13:29 - [TEST_STEP][PASSED] - selectOptionByValue(findTestObject("Object Repository/Create a new asset account/Page_Create a new asset account  Accounts  _ced620/select_Default asset accountShared asset ac_afbbdd"), "defaultAsset", true): All options with value 'defaultAsset' are selected in object 'Object Repository/Create a new asset account/Page_Create a new asset account  Accounts  _ced620/select_Default asset accountShared asset ac_afbbdd'  using regular expression

01-01-2024T17:13:30 - [MESSAGE][PASSED] - All options with value 'defaultAsset' are selected in object 'Object Repository/Create a new asset account/Page_Create a new asset account  Accounts  _ced620/select_Default asset accountShared asset ac_afbbdd'  using regular expression

01-01-2024T17:13:30 - [TEST_STEP][PASSED] - setText(findTestObject("Object Repository/Create a new asset account/Page_Create a new asset account  Accounts  _ced620/input_virtual_balance"), "100"): Text '100' is set on object 'Object Repository/Create a new asset account/Page_Create a new asset account  Accounts  _ced620/input_virtual_balance'

01-01-2024T17:13:30 - [MESSAGE][PASSED] - Text '100' is set on object 'Object Repository/Create a new asset account/Page_Create a new asset account  Accounts  _ced620/input_virtual_balance'

01-01-2024T17:13:30 - [TEST_STEP][PASSED] - setText(findTestObject("Object Repository/Create a new asset account/Page_Create a new asset account  Accounts  _ced620/textarea_notes"), "note"): Text 'note' is set on object 'Object Repository/Create a new asset account/Page_Create a new asset account  Accounts  _ced620/textarea_notes'

01-01-2024T17:13:31 - [MESSAGE][PASSED] - Text 'note' is set on object 'Object Repository/Create a new asset account/Page_Create a new asset account  Accounts  _ced620/textarea_notes'

01-01-2024T17:13:31 - [TEST_STEP][PASSED] - setText(findTestObject("Create a new asset account/Page_Create a new asset account  Accounts  _ced620/input_opening_balance_date"), "20/12/2002"): Text '20/12/2002' is set on object 'Object Repository/Create a new asset account/Page_Create a new asset account  Accounts  _ced620/input_opening_balance_date'

01-01-2024T17:13:31 - [MESSAGE][PASSED] - Text '20/12/2002' is set on object 'Object Repository/Create a new asset account/Page_Create a new asset account  Accounts  _ced620/input_opening_balance_date'

01-01-2024T17:13:31 - [TEST_STEP][PASSED] - uploadFile(findTestObject("Create a new asset account/Page_Create a new asset account  Accounts  _ced620/upload file"), "D:\mail_service_log.txt"): File 'D:\mail_service_log.txt' sent to object: 'Object Repository/Create a new asset account/Page_Create a new asset account  Accounts  _ced620/upload file'

01-01-2024T17:13:32 - [MESSAGE][PASSED] - File 'D:\mail_service_log.txt' sent to object: 'Object Repository/Create a new asset account/Page_Create a new asset account  Accounts  _ced620/upload file'

01-01-2024T17:13:32 - [TEST_STEP][PASSED] - click(findTestObject("Object Repository/Create a new asset account/Page_Create a new asset account  Accounts  _ced620/button_Store new asset account")): Object: 'Object Repository/Create a new asset account/Page_Create a new asset account  Accounts  _ced620/button_Store new asset account' is clicked on

01-01-2024T17:13:33 - [MESSAGE][PASSED] - Object: 'Object Repository/Create a new asset account/Page_Create a new asset account  Accounts  _ced620/button_Store new asset account' is clicked on

01-01-2024T17:13:33 - [TEST_STEP][FAILED] - try: Unable to verify object 'Object Repository/Shared_alert/text_dangers' is present (Root cause: com.kms.katalon.core.exception.StepFailedException: Unable to verify object 'Object Repository/Shared_alert/text_dangers' is present
	at com.kms.katalon.core.webui.keyword.internal.WebUIKeywordMain.stepFailed(WebUIKeywordMain.groovy:64)
	at com.kms.katalon.core.webui.keyword.internal.WebUIKeywordMain.runKeyword(WebUIKeywordMain.groovy:26)
	at com.kms.katalon.core.webui.keyword.builtin.VerifyElementPresentKeyword.verifyElementPresent(VerifyElementPresentKeyword.groovy:92)
	at com.kms.katalon.core.webui.keyword.builtin.VerifyElementPresentKeyword.execute(VerifyElementPresentKeyword.groovy:68)
	at com.kms.katalon.core.keyword.internal.KeywordExecutor.executeKeywordForPlatform(KeywordExecutor.groovy:74)
	at com.kms.katalon.core.webui.keyword.WebUiBuiltInKeywords.verifyElementPresent(WebUiBuiltInKeywords.groovy:1503)
	at Create a new asset account.run(Create a new asset account:70)
	at com.kms.katalon.core.main.ScriptEngine.run(ScriptEngine.java:194)
	at com.kms.katalon.core.main.ScriptEngine.runScriptAsRawText(ScriptEngine.java:119)
	at com.kms.katalon.core.main.TestCaseExecutor.runScript(TestCaseExecutor.java:448)
	at com.kms.katalon.core.main.TestCaseExecutor.doExecute(TestCaseExecutor.java:439)
	at com.kms.katalon.core.main.TestCaseExecutor.processExecutionPhase(TestCaseExecutor.java:418)
	at com.kms.katalon.core.main.TestCaseExecutor.accessMainPhase(TestCaseExecutor.java:410)
	at com.kms.katalon.core.main.TestCaseExecutor.execute(TestCaseExecutor.java:285)
	at com.kms.katalon.core.common.CommonExecutor.accessTestCaseMainPhase(CommonExecutor.java:65)
	at com.kms.katalon.core.main.TestSuiteExecutor.accessTestSuiteMainPhase(TestSuiteExecutor.java:148)
	at com.kms.katalon.core.main.TestSuiteExecutor.execute(TestSuiteExecutor.java:106)
	at com.kms.katalon.core.main.TestCaseMain.startTestSuite(TestCaseMain.java:180)
	at TempTestSuite1704103891068.run(TempTestSuite1704103891068.groovy:36)
	at java.base/jdk.internal.reflect.NativeMethodAccessorImpl.invoke0(Native Method)
	at java.base/jdk.internal.reflect.NativeMethodAccessorImpl.invoke(NativeMethodAccessorImpl.java:77)
	at java.base/jdk.internal.reflect.DelegatingMethodAccessorImpl.invoke(DelegatingMethodAccessorImpl.java:43)
Caused by: com.kms.katalon.core.exception.StepFailedException: com.kms.katalon.core.webui.exception.WebElementNotFoundException: Web element with id: 'Object Repository/Shared_alert/text_dangers' located by '.text-danger' not found
	at com.kms.katalon.core.webui.keyword.internal.WebUIKeywordMain.stepFailed(WebUIKeywordMain.groovy:64)
	at com.kms.katalon.core.webui.keyword.builtin.VerifyElementPresentKeyword$_verifyElementPresent_closure1.doCall(VerifyElementPresentKeyword.groovy:85)
	at com.kms.katalon.core.webui.keyword.builtin.VerifyElementPresentKeyword$_verifyElementPresent_closure1.call(VerifyElementPresentKeyword.groovy)
	at com.kms.katalon.core.webui.keyword.internal.WebUIKeywordMain.runKeyword(WebUIKeywordMain.groovy:20)
	... 20 more
)

01-01-2024T17:13:33 - [TEST_STEP][FAILED] - verifyElementPresent(findTestObject("Shared_alert/text_dangers"), 1): Unable to verify object 'Object Repository/Shared_alert/text_dangers' is present (Root cause: com.kms.katalon.core.exception.StepFailedException: Unable to verify object 'Object Repository/Shared_alert/text_dangers' is present
	at com.kms.katalon.core.webui.keyword.internal.WebUIKeywordMain.stepFailed(WebUIKeywordMain.groovy:64)
	at com.kms.katalon.core.webui.keyword.internal.WebUIKeywordMain.runKeyword(WebUIKeywordMain.groovy:26)
	at com.kms.katalon.core.webui.keyword.builtin.VerifyElementPresentKeyword.verifyElementPresent(VerifyElementPresentKeyword.groovy:92)
	at com.kms.katalon.core.webui.keyword.builtin.VerifyElementPresentKeyword.execute(VerifyElementPresentKeyword.groovy:68)
	at com.kms.katalon.core.keyword.internal.KeywordExecutor.executeKeywordForPlatform(KeywordExecutor.groovy:74)
	at com.kms.katalon.core.webui.keyword.WebUiBuiltInKeywords.verifyElementPresent(WebUiBuiltInKeywords.groovy:1503)
	at Create a new asset account.run(Create a new asset account:70)
	at com.kms.katalon.core.main.ScriptEngine.run(ScriptEngine.java:194)
	at com.kms.katalon.core.main.ScriptEngine.runScriptAsRawText(ScriptEngine.java:119)
	at com.kms.katalon.core.main.TestCaseExecutor.runScript(TestCaseExecutor.java:448)
	at com.kms.katalon.core.main.TestCaseExecutor.doExecute(TestCaseExecutor.java:439)
	at com.kms.katalon.core.main.TestCaseExecutor.processExecutionPhase(TestCaseExecutor.java:418)
	at com.kms.katalon.core.main.TestCaseExecutor.accessMainPhase(TestCaseExecutor.java:410)
	at com.kms.katalon.core.main.TestCaseExecutor.execute(TestCaseExecutor.java:285)
	at com.kms.katalon.core.common.CommonExecutor.accessTestCaseMainPhase(CommonExecutor.java:65)
	at com.kms.katalon.core.main.TestSuiteExecutor.accessTestSuiteMainPhase(TestSuiteExecutor.java:148)
	at com.kms.katalon.core.main.TestSuiteExecutor.execute(TestSuiteExecutor.java:106)
	at com.kms.katalon.core.main.TestCaseMain.startTestSuite(TestCaseMain.java:180)
	at TempTestSuite1704103891068.run(TempTestSuite1704103891068.groovy:36)
	at java.base/jdk.internal.reflect.NativeMethodAccessorImpl.invoke0(Native Method)
	at java.base/jdk.internal.reflect.NativeMethodAccessorImpl.invoke(NativeMethodAccessorImpl.java:77)
	at java.base/jdk.internal.reflect.DelegatingMethodAccessorImpl.invoke(DelegatingMethodAccessorImpl.java:43)
Caused by: com.kms.katalon.core.exception.StepFailedException: com.kms.katalon.core.webui.exception.WebElementNotFoundException: Web element with id: 'Object Repository/Shared_alert/text_dangers' located by '.text-danger' not found
	at com.kms.katalon.core.webui.keyword.internal.WebUIKeywordMain.stepFailed(WebUIKeywordMain.groovy:64)
	at com.kms.katalon.core.webui.keyword.builtin.VerifyElementPresentKeyword$_verifyElementPresent_closure1.doCall(VerifyElementPresentKeyword.groovy:85)
	at com.kms.katalon.core.webui.keyword.builtin.VerifyElementPresentKeyword$_verifyElementPresent_closure1.call(VerifyElementPresentKeyword.groovy)
	at com.kms.katalon.core.webui.keyword.internal.WebUIKeywordMain.runKeyword(WebUIKeywordMain.groovy:20)
	... 20 more
)

01-01-2024T17:13:35 - [MESSAGE][INFO] - Unable to find the element located by 'By.cssSelector: .text-danger'. Please recheck the objects properties to make sure the desired element is located. 

01-01-2024T17:13:35 - [MESSAGE][FAILED] - com.kms.katalon.core.webui.exception.WebElementNotFoundException: Web element with id: 'Object Repository/Shared_alert/text_dangers' located by '.text-danger' not found (Root cause: com.kms.katalon.core.exception.StepFailedException: com.kms.katalon.core.webui.exception.WebElementNotFoundException: Web element with id: 'Object Repository/Shared_alert/text_dangers' located by '.text-danger' not found
	at com.kms.katalon.core.webui.keyword.internal.WebUIKeywordMain.stepFailed(WebUIKeywordMain.groovy:64)
	at com.kms.katalon.core.webui.keyword.builtin.VerifyElementPresentKeyword$_verifyElementPresent_closure1.doCall(VerifyElementPresentKeyword.groovy:85)
	at com.kms.katalon.core.webui.keyword.builtin.VerifyElementPresentKeyword$_verifyElementPresent_closure1.call(VerifyElementPresentKeyword.groovy)
	at com.kms.katalon.core.webui.keyword.internal.WebUIKeywordMain.runKeyword(WebUIKeywordMain.groovy:20)
	at com.kms.katalon.core.webui.keyword.builtin.VerifyElementPresentKeyword.verifyElementPresent(VerifyElementPresentKeyword.groovy:92)
	at com.kms.katalon.core.webui.keyword.builtin.VerifyElementPresentKeyword.execute(VerifyElementPresentKeyword.groovy:68)
	at com.kms.katalon.core.keyword.internal.KeywordExecutor.executeKeywordForPlatform(KeywordExecutor.groovy:74)
	at com.kms.katalon.core.webui.keyword.WebUiBuiltInKeywords.verifyElementPresent(WebUiBuiltInKeywords.groovy:1503)
	at Create a new asset account.run(Create a new asset account:70)
	at com.kms.katalon.core.main.ScriptEngine.run(ScriptEngine.java:194)
	at com.kms.katalon.core.main.ScriptEngine.runScriptAsRawText(ScriptEngine.java:119)
	at com.kms.katalon.core.main.TestCaseExecutor.runScript(TestCaseExecutor.java:448)
	at com.kms.katalon.core.main.TestCaseExecutor.doExecute(TestCaseExecutor.java:439)
	at com.kms.katalon.core.main.TestCaseExecutor.processExecutionPhase(TestCaseExecutor.java:418)
	at com.kms.katalon.core.main.TestCaseExecutor.accessMainPhase(TestCaseExecutor.java:410)
	at com.kms.katalon.core.main.TestCaseExecutor.execute(TestCaseExecutor.java:285)
	at com.kms.katalon.core.common.CommonExecutor.accessTestCaseMainPhase(CommonExecutor.java:65)
	at com.kms.katalon.core.main.TestSuiteExecutor.accessTestSuiteMainPhase(TestSuiteExecutor.java:148)
	at com.kms.katalon.core.main.TestSuiteExecutor.execute(TestSuiteExecutor.java:106)
	at com.kms.katalon.core.main.TestCaseMain.startTestSuite(TestCaseMain.java:180)
	at TempTestSuite1704103891068.run(TempTestSuite1704103891068.groovy:36)
	at java.base/jdk.internal.reflect.NativeMethodAccessorImpl.invoke0(Native Method)
	at java.base/jdk.internal.reflect.NativeMethodAccessorImpl.invoke(NativeMethodAccessorImpl.java:77)
	at java.base/jdk.internal.reflect.DelegatingMethodAccessorImpl.invoke(DelegatingMethodAccessorImpl.java:43)
)
[[ATTACHMENT|D:\\ktpm\\G1_Firefly_testing\\Reports\\20240101_171131\\Create a new asset account\\20240101_171131\\1704104015342.png]]

01-01-2024T17:13:35 - [MESSAGE][FAILED] - Unable to verify object 'Object Repository/Shared_alert/text_dangers' is present (Root cause: com.kms.katalon.core.exception.StepFailedException: Unable to verify object 'Object Repository/Shared_alert/text_dangers' is present
	at com.kms.katalon.core.webui.keyword.internal.WebUIKeywordMain.stepFailed(WebUIKeywordMain.groovy:64)
	at com.kms.katalon.core.webui.keyword.internal.WebUIKeywordMain.runKeyword(WebUIKeywordMain.groovy:26)
	at com.kms.katalon.core.webui.keyword.builtin.VerifyElementPresentKeyword.verifyElementPresent(VerifyElementPresentKeyword.groovy:92)
	at com.kms.katalon.core.webui.keyword.builtin.VerifyElementPresentKeyword.execute(VerifyElementPresentKeyword.groovy:68)
	at com.kms.katalon.core.keyword.internal.KeywordExecutor.executeKeywordForPlatform(KeywordExecutor.groovy:74)
	at com.kms.katalon.core.webui.keyword.WebUiBuiltInKeywords.verifyElementPresent(WebUiBuiltInKeywords.groovy:1503)
	at Create a new asset account.run(Create a new asset account:70)
	at com.kms.katalon.core.main.ScriptEngine.run(ScriptEngine.java:194)
	at com.kms.katalon.core.main.ScriptEngine.runScriptAsRawText(ScriptEngine.java:119)
	at com.kms.katalon.core.main.TestCaseExecutor.runScript(TestCaseExecutor.java:448)
	at com.kms.katalon.core.main.TestCaseExecutor.doExecute(TestCaseExecutor.java:439)
	at com.kms.katalon.core.main.TestCaseExecutor.processExecutionPhase(TestCaseExecutor.java:418)
	at com.kms.katalon.core.main.TestCaseExecutor.accessMainPhase(TestCaseExecutor.java:410)
	at com.kms.katalon.core.main.TestCaseExecutor.execute(TestCaseExecutor.java:285)
	at com.kms.katalon.core.common.CommonExecutor.accessTestCaseMainPhase(CommonExecutor.java:65)
	at com.kms.katalon.core.main.TestSuiteExecutor.accessTestSuiteMainPhase(TestSuiteExecutor.java:148)
	at com.kms.katalon.core.main.TestSuiteExecutor.execute(TestSuiteExecutor.java:106)
	at com.kms.katalon.core.main.TestCaseMain.startTestSuite(TestCaseMain.java:180)
	at TempTestSuite1704103891068.run(TempTestSuite1704103891068.groovy:36)
	at java.base/jdk.internal.reflect.NativeMethodAccessorImpl.invoke0(Native Method)
	at java.base/jdk.internal.reflect.NativeMethodAccessorImpl.invoke(NativeMethodAccessorImpl.java:77)
	at java.base/jdk.internal.reflect.DelegatingMethodAccessorImpl.invoke(DelegatingMethodAccessorImpl.java:43)
Caused by: com.kms.katalon.core.exception.StepFailedException: com.kms.katalon.core.webui.exception.WebElementNotFoundException: Web element with id: 'Object Repository/Shared_alert/text_dangers' located by '.text-danger' not found
	at com.kms.katalon.core.webui.keyword.internal.WebUIKeywordMain.stepFailed(WebUIKeywordMain.groovy:64)
	at com.kms.katalon.core.webui.keyword.builtin.VerifyElementPresentKeyword$_verifyElementPresent_closure1.doCall(VerifyElementPresentKeyword.groovy:85)
	at com.kms.katalon.core.webui.keyword.builtin.VerifyElementPresentKeyword$_verifyElementPresent_closure1.call(VerifyElementPresentKeyword.groovy)
	at com.kms.katalon.core.webui.keyword.internal.WebUIKeywordMain.runKeyword(WebUIKeywordMain.groovy:20)
	... 20 more
)
[[ATTACHMENT|D:\\ktpm\\G1_Firefly_testing\\Reports\\20240101_171131\\Create a new asset account\\20240101_171131\\1704104015448.png]]

01-01-2024T17:13:35 - [TEST_STEP][PASSED] - catch (Exception err): null

01-01-2024T17:13:35 - [TEST_STEP][PASSED] - verifyElementPresent(findTestObject("Shared_alert/success_alert"), 1): Object 'Object Repository/Shared_alert/success_alert' is present

01-01-2024T17:13:35 - [MESSAGE][PASSED] - Object 'Object Repository/Shared_alert/success_alert' is present

01-01-2024T17:13:35 - [TEST_STEP][PASSED] - out.println("success"): null

01-01-2024T17:13:35 - [TEST_STEP][PASSED] - closeBrowser(): Browser is closed

01-01-2024T17:13:35 - [MESSAGE][PASSED] - Browser is closed]]></system-out>
         <system-err><![CDATA[]]></system-err>
      </testcase>
      <testcase name="Test Cases/Create a new asset account" time="17.492" classname="Test Cases/Create a new asset account" status="PASSED">
         <system-out><![CDATA[01-01-2024T17:13:36 - [TEST_CASE][PASSED] - Test Cases/Create a new asset account: Test Cases/Create a new asset account

01-01-2024T17:13:36 - [TEST_STEP][PASSED] - openBrowser(""): Browser is opened with url: ''

01-01-2024T17:13:36 - [MESSAGE][INFO] - Starting 'Chrome' driver

01-01-2024T17:13:36 - [MESSAGE][INFO] - Action delay is set to 0 milliseconds

01-01-2024T17:13:37 - [MESSAGE][PASSED] - Browser is opened with url: ''

01-01-2024T17:13:37 - [TEST_STEP][PASSED] - navigateToUrl("https://firefly.buudadawg.online/accounts/create/asset"): Navigate to 'https://firefly.buudadawg.online/accounts/create/asset' successfully

01-01-2024T17:13:38 - [MESSAGE][PASSED] - Navigate to 'https://firefly.buudadawg.online/accounts/create/asset' successfully

01-01-2024T17:13:38 - [TEST_STEP][PASSED] - setText(findTestObject("Object Repository/Create a new asset account/Page_Login to Firefly III/input_email"), "huynhluat.dn@gmail.com"): Text 'huynhluat.dn@gmail.com' is set on object 'Object Repository/Create a new asset account/Page_Login to Firefly III/input_email'

01-01-2024T17:13:39 - [MESSAGE][PASSED] - Text 'huynhluat.dn@gmail.com' is set on object 'Object Repository/Create a new asset account/Page_Login to Firefly III/input_email'

01-01-2024T17:13:39 - [TEST_STEP][PASSED] - setEncryptedText(findTestObject("Object Repository/Create a new asset account/Page_Login to Firefly III/input_password"), "GDttjE7iuxOgQwNBt53tbwiiBI5Qr4kb"): Text ****** has been set on object 'Object Repository/Create a new asset account/Page_Login to Firefly III/input_password'

01-01-2024T17:13:39 - [MESSAGE][PASSED] - Text ****** has been set on object 'Object Repository/Create a new asset account/Page_Login to Firefly III/input_password'

01-01-2024T17:13:39 - [TEST_STEP][PASSED] - click(findTestObject("Object Repository/Create a new asset account/Page_Login to Firefly III/button_Sign in")): Object: 'Object Repository/Create a new asset account/Page_Login to Firefly III/button_Sign in' is clicked on

01-01-2024T17:13:40 - [MESSAGE][PASSED] - Object: 'Object Repository/Create a new asset account/Page_Login to Firefly III/button_Sign in' is clicked on

01-01-2024T17:13:40 - [TEST_STEP][PASSED] - setText(findTestObject("Object Repository/Create a new asset account/Page_Create a new asset account  Accounts  _ced620/input_name"), name): Text 'itrosdall7' is set on object 'Object Repository/Create a new asset account/Page_Create a new asset account  Accounts  _ced620/input_name'

01-01-2024T17:13:41 - [MESSAGE][PASSED] - Text 'itrosdall7' is set on object 'Object Repository/Create a new asset account/Page_Create a new asset account  Accounts  _ced620/input_name'

01-01-2024T17:13:41 - [TEST_STEP][PASSED] - selectOptionByValue(findTestObject("Object Repository/Create a new asset account/Page_Create a new asset account  Accounts  _ced620/select_Euro ()US Dollar ()"), "1", true): All options with value '1' are selected in object 'Object Repository/Create a new asset account/Page_Create a new asset account  Accounts  _ced620/select_Euro ()US Dollar ()'  using regular expression

01-01-2024T17:13:42 - [MESSAGE][PASSED] - All options with value '1' are selected in object 'Object Repository/Create a new asset account/Page_Create a new asset account  Accounts  _ced620/select_Euro ()US Dollar ()'  using regular expression

01-01-2024T17:13:42 - [TEST_STEP][PASSED] - setText(findTestObject("Object Repository/Create a new asset account/Page_Create a new asset account  Accounts  _ced620/input_iban"), "GB29 NWBK 6016 1331 9268 19"): Text 'GB29 NWBK 6016 1331 9268 19' is set on object 'Object Repository/Create a new asset account/Page_Create a new asset account  Accounts  _ced620/input_iban'

01-01-2024T17:13:43 - [MESSAGE][PASSED] - Text 'GB29 NWBK 6016 1331 9268 19' is set on object 'Object Repository/Create a new asset account/Page_Create a new asset account  Accounts  _ced620/input_iban'

01-01-2024T17:13:43 - [TEST_STEP][PASSED] - setText(findTestObject("Object Repository/Create a new asset account/Page_Create a new asset account  Accounts  _ced620/input_BIC"), "ABCDUS12345"): Text 'ABCDUS12345' is set on object 'Object Repository/Create a new asset account/Page_Create a new asset account  Accounts  _ced620/input_BIC'

01-01-2024T17:13:44 - [MESSAGE][PASSED] - Text 'ABCDUS12345' is set on object 'Object Repository/Create a new asset account/Page_Create a new asset account  Accounts  _ced620/input_BIC'

01-01-2024T17:13:44 - [TEST_STEP][PASSED] - setText(findTestObject("Object Repository/Create a new asset account/Page_Create a new asset account  Accounts  _ced620/input_account_number"), ""): Text '' is set on object 'Object Repository/Create a new asset account/Page_Create a new asset account  Accounts  _ced620/input_account_number'

01-01-2024T17:13:45 - [MESSAGE][PASSED] - Text '' is set on object 'Object Repository/Create a new asset account/Page_Create a new asset account  Accounts  _ced620/input_account_number'

01-01-2024T17:13:45 - [TEST_STEP][PASSED] - setText(findTestObject("Object Repository/Create a new asset account/Page_Create a new asset account  Accounts  _ced620/input_opening_balance"), ""): Text '' is set on object 'Object Repository/Create a new asset account/Page_Create a new asset account  Accounts  _ced620/input_opening_balance'

01-01-2024T17:13:46 - [MESSAGE][PASSED] - Text '' is set on object 'Object Repository/Create a new asset account/Page_Create a new asset account  Accounts  _ced620/input_opening_balance'

01-01-2024T17:13:46 - [TEST_STEP][PASSED] - selectOptionByValue(findTestObject("Object Repository/Create a new asset account/Page_Create a new asset account  Accounts  _ced620/select_Default asset accountShared asset ac_afbbdd"), "sharedAsset", true): All options with value 'sharedAsset' are selected in object 'Object Repository/Create a new asset account/Page_Create a new asset account  Accounts  _ced620/select_Default asset accountShared asset ac_afbbdd'  using regular expression

01-01-2024T17:13:46 - [MESSAGE][PASSED] - All options with value 'sharedAsset' are selected in object 'Object Repository/Create a new asset account/Page_Create a new asset account  Accounts  _ced620/select_Default asset accountShared asset ac_afbbdd'  using regular expression

01-01-2024T17:13:46 - [TEST_STEP][PASSED] - selectOptionByValue(findTestObject("Object Repository/Create a new asset account/Page_Create a new asset account  Accounts  _ced620/select_Default asset accountShared asset ac_afbbdd"), "defaultAsset", true): All options with value 'defaultAsset' are selected in object 'Object Repository/Create a new asset account/Page_Create a new asset account  Accounts  _ced620/select_Default asset accountShared asset ac_afbbdd'  using regular expression

01-01-2024T17:13:47 - [MESSAGE][PASSED] - All options with value 'defaultAsset' are selected in object 'Object Repository/Create a new asset account/Page_Create a new asset account  Accounts  _ced620/select_Default asset accountShared asset ac_afbbdd'  using regular expression

01-01-2024T17:13:47 - [TEST_STEP][PASSED] - setText(findTestObject("Object Repository/Create a new asset account/Page_Create a new asset account  Accounts  _ced620/input_virtual_balance"), "100"): Text '100' is set on object 'Object Repository/Create a new asset account/Page_Create a new asset account  Accounts  _ced620/input_virtual_balance'

01-01-2024T17:13:48 - [MESSAGE][PASSED] - Text '100' is set on object 'Object Repository/Create a new asset account/Page_Create a new asset account  Accounts  _ced620/input_virtual_balance'

01-01-2024T17:13:48 - [TEST_STEP][PASSED] - setText(findTestObject("Object Repository/Create a new asset account/Page_Create a new asset account  Accounts  _ced620/textarea_notes"), "note"): Text 'note' is set on object 'Object Repository/Create a new asset account/Page_Create a new asset account  Accounts  _ced620/textarea_notes'

01-01-2024T17:13:48 - [MESSAGE][PASSED] - Text 'note' is set on object 'Object Repository/Create a new asset account/Page_Create a new asset account  Accounts  _ced620/textarea_notes'

01-01-2024T17:13:48 - [TEST_STEP][PASSED] - setText(findTestObject("Create a new asset account/Page_Create a new asset account  Accounts  _ced620/input_opening_balance_date"), "20/12/2002"): Text '20/12/2002' is set on object 'Object Repository/Create a new asset account/Page_Create a new asset account  Accounts  _ced620/input_opening_balance_date'

01-01-2024T17:13:49 - [MESSAGE][PASSED] - Text '20/12/2002' is set on object 'Object Repository/Create a new asset account/Page_Create a new asset account  Accounts  _ced620/input_opening_balance_date'

01-01-2024T17:13:49 - [TEST_STEP][PASSED] - uploadFile(findTestObject("Create a new asset account/Page_Create a new asset account  Accounts  _ced620/upload file"), "D:\mail_service_log.txt"): File 'D:\mail_service_log.txt' sent to object: 'Object Repository/Create a new asset account/Page_Create a new asset account  Accounts  _ced620/upload file'

01-01-2024T17:13:49 - [MESSAGE][PASSED] - File 'D:\mail_service_log.txt' sent to object: 'Object Repository/Create a new asset account/Page_Create a new asset account  Accounts  _ced620/upload file'

01-01-2024T17:13:49 - [TEST_STEP][PASSED] - click(findTestObject("Object Repository/Create a new asset account/Page_Create a new asset account  Accounts  _ced620/button_Store new asset account")): Object: 'Object Repository/Create a new asset account/Page_Create a new asset account  Accounts  _ced620/button_Store new asset account' is clicked on

01-01-2024T17:13:50 - [MESSAGE][PASSED] - Object: 'Object Repository/Create a new asset account/Page_Create a new asset account  Accounts  _ced620/button_Store new asset account' is clicked on

01-01-2024T17:13:50 - [TEST_STEP][FAILED] - try: Unable to verify object 'Object Repository/Shared_alert/text_dangers' is present (Root cause: com.kms.katalon.core.exception.StepFailedException: Unable to verify object 'Object Repository/Shared_alert/text_dangers' is present
	at com.kms.katalon.core.webui.keyword.internal.WebUIKeywordMain.stepFailed(WebUIKeywordMain.groovy:64)
	at com.kms.katalon.core.webui.keyword.internal.WebUIKeywordMain.runKeyword(WebUIKeywordMain.groovy:26)
	at com.kms.katalon.core.webui.keyword.builtin.VerifyElementPresentKeyword.verifyElementPresent(VerifyElementPresentKeyword.groovy:92)
	at com.kms.katalon.core.webui.keyword.builtin.VerifyElementPresentKeyword.execute(VerifyElementPresentKeyword.groovy:68)
	at com.kms.katalon.core.keyword.internal.KeywordExecutor.executeKeywordForPlatform(KeywordExecutor.groovy:74)
	at com.kms.katalon.core.webui.keyword.WebUiBuiltInKeywords.verifyElementPresent(WebUiBuiltInKeywords.groovy:1503)
	at Create a new asset account.run(Create a new asset account:70)
	at com.kms.katalon.core.main.ScriptEngine.run(ScriptEngine.java:194)
	at com.kms.katalon.core.main.ScriptEngine.runScriptAsRawText(ScriptEngine.java:119)
	at com.kms.katalon.core.main.TestCaseExecutor.runScript(TestCaseExecutor.java:448)
	at com.kms.katalon.core.main.TestCaseExecutor.doExecute(TestCaseExecutor.java:439)
	at com.kms.katalon.core.main.TestCaseExecutor.processExecutionPhase(TestCaseExecutor.java:418)
	at com.kms.katalon.core.main.TestCaseExecutor.accessMainPhase(TestCaseExecutor.java:410)
	at com.kms.katalon.core.main.TestCaseExecutor.execute(TestCaseExecutor.java:285)
	at com.kms.katalon.core.common.CommonExecutor.accessTestCaseMainPhase(CommonExecutor.java:65)
	at com.kms.katalon.core.main.TestSuiteExecutor.accessTestSuiteMainPhase(TestSuiteExecutor.java:148)
	at com.kms.katalon.core.main.TestSuiteExecutor.execute(TestSuiteExecutor.java:106)
	at com.kms.katalon.core.main.TestCaseMain.startTestSuite(TestCaseMain.java:180)
	at TempTestSuite1704103891068.run(TempTestSuite1704103891068.groovy:36)
	at java.base/jdk.internal.reflect.NativeMethodAccessorImpl.invoke0(Native Method)
	at java.base/jdk.internal.reflect.NativeMethodAccessorImpl.invoke(NativeMethodAccessorImpl.java:77)
	at java.base/jdk.internal.reflect.DelegatingMethodAccessorImpl.invoke(DelegatingMethodAccessorImpl.java:43)
Caused by: com.kms.katalon.core.exception.StepFailedException: com.kms.katalon.core.webui.exception.WebElementNotFoundException: Web element with id: 'Object Repository/Shared_alert/text_dangers' located by '.text-danger' not found
	at com.kms.katalon.core.webui.keyword.internal.WebUIKeywordMain.stepFailed(WebUIKeywordMain.groovy:64)
	at com.kms.katalon.core.webui.keyword.builtin.VerifyElementPresentKeyword$_verifyElementPresent_closure1.doCall(VerifyElementPresentKeyword.groovy:85)
	at com.kms.katalon.core.webui.keyword.builtin.VerifyElementPresentKeyword$_verifyElementPresent_closure1.call(VerifyElementPresentKeyword.groovy)
	at com.kms.katalon.core.webui.keyword.internal.WebUIKeywordMain.runKeyword(WebUIKeywordMain.groovy:20)
	... 20 more
)

01-01-2024T17:13:50 - [TEST_STEP][FAILED] - verifyElementPresent(findTestObject("Shared_alert/text_dangers"), 1): Unable to verify object 'Object Repository/Shared_alert/text_dangers' is present (Root cause: com.kms.katalon.core.exception.StepFailedException: Unable to verify object 'Object Repository/Shared_alert/text_dangers' is present
	at com.kms.katalon.core.webui.keyword.internal.WebUIKeywordMain.stepFailed(WebUIKeywordMain.groovy:64)
	at com.kms.katalon.core.webui.keyword.internal.WebUIKeywordMain.runKeyword(WebUIKeywordMain.groovy:26)
	at com.kms.katalon.core.webui.keyword.builtin.VerifyElementPresentKeyword.verifyElementPresent(VerifyElementPresentKeyword.groovy:92)
	at com.kms.katalon.core.webui.keyword.builtin.VerifyElementPresentKeyword.execute(VerifyElementPresentKeyword.groovy:68)
	at com.kms.katalon.core.keyword.internal.KeywordExecutor.executeKeywordForPlatform(KeywordExecutor.groovy:74)
	at com.kms.katalon.core.webui.keyword.WebUiBuiltInKeywords.verifyElementPresent(WebUiBuiltInKeywords.groovy:1503)
	at Create a new asset account.run(Create a new asset account:70)
	at com.kms.katalon.core.main.ScriptEngine.run(ScriptEngine.java:194)
	at com.kms.katalon.core.main.ScriptEngine.runScriptAsRawText(ScriptEngine.java:119)
	at com.kms.katalon.core.main.TestCaseExecutor.runScript(TestCaseExecutor.java:448)
	at com.kms.katalon.core.main.TestCaseExecutor.doExecute(TestCaseExecutor.java:439)
	at com.kms.katalon.core.main.TestCaseExecutor.processExecutionPhase(TestCaseExecutor.java:418)
	at com.kms.katalon.core.main.TestCaseExecutor.accessMainPhase(TestCaseExecutor.java:410)
	at com.kms.katalon.core.main.TestCaseExecutor.execute(TestCaseExecutor.java:285)
	at com.kms.katalon.core.common.CommonExecutor.accessTestCaseMainPhase(CommonExecutor.java:65)
	at com.kms.katalon.core.main.TestSuiteExecutor.accessTestSuiteMainPhase(TestSuiteExecutor.java:148)
	at com.kms.katalon.core.main.TestSuiteExecutor.execute(TestSuiteExecutor.java:106)
	at com.kms.katalon.core.main.TestCaseMain.startTestSuite(TestCaseMain.java:180)
	at TempTestSuite1704103891068.run(TempTestSuite1704103891068.groovy:36)
	at java.base/jdk.internal.reflect.NativeMethodAccessorImpl.invoke0(Native Method)
	at java.base/jdk.internal.reflect.NativeMethodAccessorImpl.invoke(NativeMethodAccessorImpl.java:77)
	at java.base/jdk.internal.reflect.DelegatingMethodAccessorImpl.invoke(DelegatingMethodAccessorImpl.java:43)
Caused by: com.kms.katalon.core.exception.StepFailedException: com.kms.katalon.core.webui.exception.WebElementNotFoundException: Web element with id: 'Object Repository/Shared_alert/text_dangers' located by '.text-danger' not found
	at com.kms.katalon.core.webui.keyword.internal.WebUIKeywordMain.stepFailed(WebUIKeywordMain.groovy:64)
	at com.kms.katalon.core.webui.keyword.builtin.VerifyElementPresentKeyword$_verifyElementPresent_closure1.doCall(VerifyElementPresentKeyword.groovy:85)
	at com.kms.katalon.core.webui.keyword.builtin.VerifyElementPresentKeyword$_verifyElementPresent_closure1.call(VerifyElementPresentKeyword.groovy)
	at com.kms.katalon.core.webui.keyword.internal.WebUIKeywordMain.runKeyword(WebUIKeywordMain.groovy:20)
	... 20 more
)

01-01-2024T17:13:52 - [MESSAGE][INFO] - Unable to find the element located by 'By.cssSelector: .text-danger'. Please recheck the objects properties to make sure the desired element is located. 

01-01-2024T17:13:52 - [MESSAGE][FAILED] - com.kms.katalon.core.webui.exception.WebElementNotFoundException: Web element with id: 'Object Repository/Shared_alert/text_dangers' located by '.text-danger' not found (Root cause: com.kms.katalon.core.exception.StepFailedException: com.kms.katalon.core.webui.exception.WebElementNotFoundException: Web element with id: 'Object Repository/Shared_alert/text_dangers' located by '.text-danger' not found
	at com.kms.katalon.core.webui.keyword.internal.WebUIKeywordMain.stepFailed(WebUIKeywordMain.groovy:64)
	at com.kms.katalon.core.webui.keyword.builtin.VerifyElementPresentKeyword$_verifyElementPresent_closure1.doCall(VerifyElementPresentKeyword.groovy:85)
	at com.kms.katalon.core.webui.keyword.builtin.VerifyElementPresentKeyword$_verifyElementPresent_closure1.call(VerifyElementPresentKeyword.groovy)
	at com.kms.katalon.core.webui.keyword.internal.WebUIKeywordMain.runKeyword(WebUIKeywordMain.groovy:20)
	at com.kms.katalon.core.webui.keyword.builtin.VerifyElementPresentKeyword.verifyElementPresent(VerifyElementPresentKeyword.groovy:92)
	at com.kms.katalon.core.webui.keyword.builtin.VerifyElementPresentKeyword.execute(VerifyElementPresentKeyword.groovy:68)
	at com.kms.katalon.core.keyword.internal.KeywordExecutor.executeKeywordForPlatform(KeywordExecutor.groovy:74)
	at com.kms.katalon.core.webui.keyword.WebUiBuiltInKeywords.verifyElementPresent(WebUiBuiltInKeywords.groovy:1503)
	at Create a new asset account.run(Create a new asset account:70)
	at com.kms.katalon.core.main.ScriptEngine.run(ScriptEngine.java:194)
	at com.kms.katalon.core.main.ScriptEngine.runScriptAsRawText(ScriptEngine.java:119)
	at com.kms.katalon.core.main.TestCaseExecutor.runScript(TestCaseExecutor.java:448)
	at com.kms.katalon.core.main.TestCaseExecutor.doExecute(TestCaseExecutor.java:439)
	at com.kms.katalon.core.main.TestCaseExecutor.processExecutionPhase(TestCaseExecutor.java:418)
	at com.kms.katalon.core.main.TestCaseExecutor.accessMainPhase(TestCaseExecutor.java:410)
	at com.kms.katalon.core.main.TestCaseExecutor.execute(TestCaseExecutor.java:285)
	at com.kms.katalon.core.common.CommonExecutor.accessTestCaseMainPhase(CommonExecutor.java:65)
	at com.kms.katalon.core.main.TestSuiteExecutor.accessTestSuiteMainPhase(TestSuiteExecutor.java:148)
	at com.kms.katalon.core.main.TestSuiteExecutor.execute(TestSuiteExecutor.java:106)
	at com.kms.katalon.core.main.TestCaseMain.startTestSuite(TestCaseMain.java:180)
	at TempTestSuite1704103891068.run(TempTestSuite1704103891068.groovy:36)
	at java.base/jdk.internal.reflect.NativeMethodAccessorImpl.invoke0(Native Method)
	at java.base/jdk.internal.reflect.NativeMethodAccessorImpl.invoke(NativeMethodAccessorImpl.java:77)
	at java.base/jdk.internal.reflect.DelegatingMethodAccessorImpl.invoke(DelegatingMethodAccessorImpl.java:43)
)
[[ATTACHMENT|D:\\ktpm\\G1_Firefly_testing\\Reports\\20240101_171131\\Create a new asset account\\20240101_171131\\1704104032830.png]]

01-01-2024T17:13:53 - [MESSAGE][FAILED] - Unable to verify object 'Object Repository/Shared_alert/text_dangers' is present (Root cause: com.kms.katalon.core.exception.StepFailedException: Unable to verify object 'Object Repository/Shared_alert/text_dangers' is present
	at com.kms.katalon.core.webui.keyword.internal.WebUIKeywordMain.stepFailed(WebUIKeywordMain.groovy:64)
	at com.kms.katalon.core.webui.keyword.internal.WebUIKeywordMain.runKeyword(WebUIKeywordMain.groovy:26)
	at com.kms.katalon.core.webui.keyword.builtin.VerifyElementPresentKeyword.verifyElementPresent(VerifyElementPresentKeyword.groovy:92)
	at com.kms.katalon.core.webui.keyword.builtin.VerifyElementPresentKeyword.execute(VerifyElementPresentKeyword.groovy:68)
	at com.kms.katalon.core.keyword.internal.KeywordExecutor.executeKeywordForPlatform(KeywordExecutor.groovy:74)
	at com.kms.katalon.core.webui.keyword.WebUiBuiltInKeywords.verifyElementPresent(WebUiBuiltInKeywords.groovy:1503)
	at Create a new asset account.run(Create a new asset account:70)
	at com.kms.katalon.core.main.ScriptEngine.run(ScriptEngine.java:194)
	at com.kms.katalon.core.main.ScriptEngine.runScriptAsRawText(ScriptEngine.java:119)
	at com.kms.katalon.core.main.TestCaseExecutor.runScript(TestCaseExecutor.java:448)
	at com.kms.katalon.core.main.TestCaseExecutor.doExecute(TestCaseExecutor.java:439)
	at com.kms.katalon.core.main.TestCaseExecutor.processExecutionPhase(TestCaseExecutor.java:418)
	at com.kms.katalon.core.main.TestCaseExecutor.accessMainPhase(TestCaseExecutor.java:410)
	at com.kms.katalon.core.main.TestCaseExecutor.execute(TestCaseExecutor.java:285)
	at com.kms.katalon.core.common.CommonExecutor.accessTestCaseMainPhase(CommonExecutor.java:65)
	at com.kms.katalon.core.main.TestSuiteExecutor.accessTestSuiteMainPhase(TestSuiteExecutor.java:148)
	at com.kms.katalon.core.main.TestSuiteExecutor.execute(TestSuiteExecutor.java:106)
	at com.kms.katalon.core.main.TestCaseMain.startTestSuite(TestCaseMain.java:180)
	at TempTestSuite1704103891068.run(TempTestSuite1704103891068.groovy:36)
	at java.base/jdk.internal.reflect.NativeMethodAccessorImpl.invoke0(Native Method)
	at java.base/jdk.internal.reflect.NativeMethodAccessorImpl.invoke(NativeMethodAccessorImpl.java:77)
	at java.base/jdk.internal.reflect.DelegatingMethodAccessorImpl.invoke(DelegatingMethodAccessorImpl.java:43)
Caused by: com.kms.katalon.core.exception.StepFailedException: com.kms.katalon.core.webui.exception.WebElementNotFoundException: Web element with id: 'Object Repository/Shared_alert/text_dangers' located by '.text-danger' not found
	at com.kms.katalon.core.webui.keyword.internal.WebUIKeywordMain.stepFailed(WebUIKeywordMain.groovy:64)
	at com.kms.katalon.core.webui.keyword.builtin.VerifyElementPresentKeyword$_verifyElementPresent_closure1.doCall(VerifyElementPresentKeyword.groovy:85)
	at com.kms.katalon.core.webui.keyword.builtin.VerifyElementPresentKeyword$_verifyElementPresent_closure1.call(VerifyElementPresentKeyword.groovy)
	at com.kms.katalon.core.webui.keyword.internal.WebUIKeywordMain.runKeyword(WebUIKeywordMain.groovy:20)
	... 20 more
)
[[ATTACHMENT|D:\\ktpm\\G1_Firefly_testing\\Reports\\20240101_171131\\Create a new asset account\\20240101_171131\\1704104032939.png]]

01-01-2024T17:13:53 - [TEST_STEP][PASSED] - catch (Exception err): null

01-01-2024T17:13:53 - [TEST_STEP][PASSED] - verifyElementPresent(findTestObject("Shared_alert/success_alert"), 1): Object 'Object Repository/Shared_alert/success_alert' is present

01-01-2024T17:13:53 - [MESSAGE][PASSED] - Object 'Object Repository/Shared_alert/success_alert' is present

01-01-2024T17:13:53 - [TEST_STEP][PASSED] - out.println("success"): null

01-01-2024T17:13:53 - [TEST_STEP][PASSED] - closeBrowser(): Browser is closed

01-01-2024T17:13:53 - [MESSAGE][PASSED] - Browser is closed]]></system-out>
         <system-err><![CDATA[]]></system-err>
      </testcase>
      <testcase name="Test Cases/Create a new asset account" time="18.602" classname="Test Cases/Create a new asset account" status="PASSED">
         <system-out><![CDATA[01-01-2024T17:13:53 - [TEST_CASE][PASSED] - Test Cases/Create a new asset account: Test Cases/Create a new asset account

01-01-2024T17:13:53 - [TEST_STEP][PASSED] - openBrowser(""): Browser is opened with url: ''

01-01-2024T17:13:53 - [MESSAGE][INFO] - Starting 'Chrome' driver

01-01-2024T17:13:53 - [MESSAGE][INFO] - Action delay is set to 0 milliseconds

01-01-2024T17:13:54 - [MESSAGE][PASSED] - Browser is opened with url: ''

01-01-2024T17:13:54 - [TEST_STEP][PASSED] - navigateToUrl("https://firefly.buudadawg.online/accounts/create/asset"): Navigate to 'https://firefly.buudadawg.online/accounts/create/asset' successfully

01-01-2024T17:13:55 - [MESSAGE][PASSED] - Navigate to 'https://firefly.buudadawg.online/accounts/create/asset' successfully

01-01-2024T17:13:55 - [TEST_STEP][PASSED] - setText(findTestObject("Object Repository/Create a new asset account/Page_Login to Firefly III/input_email"), "huynhluat.dn@gmail.com"): Text 'huynhluat.dn@gmail.com' is set on object 'Object Repository/Create a new asset account/Page_Login to Firefly III/input_email'

01-01-2024T17:13:56 - [MESSAGE][PASSED] - Text 'huynhluat.dn@gmail.com' is set on object 'Object Repository/Create a new asset account/Page_Login to Firefly III/input_email'

01-01-2024T17:13:56 - [TEST_STEP][PASSED] - setEncryptedText(findTestObject("Object Repository/Create a new asset account/Page_Login to Firefly III/input_password"), "GDttjE7iuxOgQwNBt53tbwiiBI5Qr4kb"): Text ****** has been set on object 'Object Repository/Create a new asset account/Page_Login to Firefly III/input_password'

01-01-2024T17:13:57 - [MESSAGE][PASSED] - Text ****** has been set on object 'Object Repository/Create a new asset account/Page_Login to Firefly III/input_password'

01-01-2024T17:13:57 - [TEST_STEP][PASSED] - click(findTestObject("Object Repository/Create a new asset account/Page_Login to Firefly III/button_Sign in")): Object: 'Object Repository/Create a new asset account/Page_Login to Firefly III/button_Sign in' is clicked on

01-01-2024T17:13:58 - [MESSAGE][PASSED] - Object: 'Object Repository/Create a new asset account/Page_Login to Firefly III/button_Sign in' is clicked on

01-01-2024T17:13:58 - [TEST_STEP][PASSED] - setText(findTestObject("Object Repository/Create a new asset account/Page_Create a new asset account  Accounts  _ced620/input_name"), name): Text 'drounce8' is set on object 'Object Repository/Create a new asset account/Page_Create a new asset account  Accounts  _ced620/input_name'

01-01-2024T17:14:00 - [MESSAGE][PASSED] - Text 'drounce8' is set on object 'Object Repository/Create a new asset account/Page_Create a new asset account  Accounts  _ced620/input_name'

01-01-2024T17:14:00 - [TEST_STEP][PASSED] - selectOptionByValue(findTestObject("Object Repository/Create a new asset account/Page_Create a new asset account  Accounts  _ced620/select_Euro ()US Dollar ()"), "1", true): All options with value '1' are selected in object 'Object Repository/Create a new asset account/Page_Create a new asset account  Accounts  _ced620/select_Euro ()US Dollar ()'  using regular expression

01-01-2024T17:14:01 - [MESSAGE][PASSED] - All options with value '1' are selected in object 'Object Repository/Create a new asset account/Page_Create a new asset account  Accounts  _ced620/select_Euro ()US Dollar ()'  using regular expression

01-01-2024T17:14:01 - [TEST_STEP][PASSED] - setText(findTestObject("Object Repository/Create a new asset account/Page_Create a new asset account  Accounts  _ced620/input_iban"), "GB29 NWBK 6016 1331 9268 19"): Text 'GB29 NWBK 6016 1331 9268 19' is set on object 'Object Repository/Create a new asset account/Page_Create a new asset account  Accounts  _ced620/input_iban'

01-01-2024T17:14:02 - [MESSAGE][PASSED] - Text 'GB29 NWBK 6016 1331 9268 19' is set on object 'Object Repository/Create a new asset account/Page_Create a new asset account  Accounts  _ced620/input_iban'

01-01-2024T17:14:02 - [TEST_STEP][PASSED] - setText(findTestObject("Object Repository/Create a new asset account/Page_Create a new asset account  Accounts  _ced620/input_BIC"), "ABCDUS12345"): Text 'ABCDUS12345' is set on object 'Object Repository/Create a new asset account/Page_Create a new asset account  Accounts  _ced620/input_BIC'

01-01-2024T17:14:02 - [MESSAGE][PASSED] - Text 'ABCDUS12345' is set on object 'Object Repository/Create a new asset account/Page_Create a new asset account  Accounts  _ced620/input_BIC'

01-01-2024T17:14:02 - [TEST_STEP][PASSED] - setText(findTestObject("Object Repository/Create a new asset account/Page_Create a new asset account  Accounts  _ced620/input_account_number"), ""): Text '' is set on object 'Object Repository/Create a new asset account/Page_Create a new asset account  Accounts  _ced620/input_account_number'

01-01-2024T17:14:03 - [MESSAGE][PASSED] - Text '' is set on object 'Object Repository/Create a new asset account/Page_Create a new asset account  Accounts  _ced620/input_account_number'

01-01-2024T17:14:03 - [TEST_STEP][PASSED] - setText(findTestObject("Object Repository/Create a new asset account/Page_Create a new asset account  Accounts  _ced620/input_opening_balance"), ""): Text '' is set on object 'Object Repository/Create a new asset account/Page_Create a new asset account  Accounts  _ced620/input_opening_balance'

01-01-2024T17:14:04 - [MESSAGE][PASSED] - Text '' is set on object 'Object Repository/Create a new asset account/Page_Create a new asset account  Accounts  _ced620/input_opening_balance'

01-01-2024T17:14:04 - [TEST_STEP][PASSED] - selectOptionByValue(findTestObject("Object Repository/Create a new asset account/Page_Create a new asset account  Accounts  _ced620/select_Default asset accountShared asset ac_afbbdd"), "sharedAsset", true): All options with value 'sharedAsset' are selected in object 'Object Repository/Create a new asset account/Page_Create a new asset account  Accounts  _ced620/select_Default asset accountShared asset ac_afbbdd'  using regular expression

01-01-2024T17:14:05 - [MESSAGE][PASSED] - All options with value 'sharedAsset' are selected in object 'Object Repository/Create a new asset account/Page_Create a new asset account  Accounts  _ced620/select_Default asset accountShared asset ac_afbbdd'  using regular expression

01-01-2024T17:14:05 - [TEST_STEP][PASSED] - selectOptionByValue(findTestObject("Object Repository/Create a new asset account/Page_Create a new asset account  Accounts  _ced620/select_Default asset accountShared asset ac_afbbdd"), "defaultAsset", true): All options with value 'defaultAsset' are selected in object 'Object Repository/Create a new asset account/Page_Create a new asset account  Accounts  _ced620/select_Default asset accountShared asset ac_afbbdd'  using regular expression

01-01-2024T17:14:06 - [MESSAGE][PASSED] - All options with value 'defaultAsset' are selected in object 'Object Repository/Create a new asset account/Page_Create a new asset account  Accounts  _ced620/select_Default asset accountShared asset ac_afbbdd'  using regular expression

01-01-2024T17:14:06 - [TEST_STEP][PASSED] - setText(findTestObject("Object Repository/Create a new asset account/Page_Create a new asset account  Accounts  _ced620/input_virtual_balance"), "100"): Text '100' is set on object 'Object Repository/Create a new asset account/Page_Create a new asset account  Accounts  _ced620/input_virtual_balance'

01-01-2024T17:14:06 - [MESSAGE][PASSED] - Text '100' is set on object 'Object Repository/Create a new asset account/Page_Create a new asset account  Accounts  _ced620/input_virtual_balance'

01-01-2024T17:14:06 - [TEST_STEP][PASSED] - setText(findTestObject("Object Repository/Create a new asset account/Page_Create a new asset account  Accounts  _ced620/textarea_notes"), "note"): Text 'note' is set on object 'Object Repository/Create a new asset account/Page_Create a new asset account  Accounts  _ced620/textarea_notes'

01-01-2024T17:14:07 - [MESSAGE][PASSED] - Text 'note' is set on object 'Object Repository/Create a new asset account/Page_Create a new asset account  Accounts  _ced620/textarea_notes'

01-01-2024T17:14:07 - [TEST_STEP][PASSED] - setText(findTestObject("Create a new asset account/Page_Create a new asset account  Accounts  _ced620/input_opening_balance_date"), "20/12/2002"): Text '20/12/2002' is set on object 'Object Repository/Create a new asset account/Page_Create a new asset account  Accounts  _ced620/input_opening_balance_date'

01-01-2024T17:14:07 - [MESSAGE][PASSED] - Text '20/12/2002' is set on object 'Object Repository/Create a new asset account/Page_Create a new asset account  Accounts  _ced620/input_opening_balance_date'

01-01-2024T17:14:07 - [TEST_STEP][PASSED] - uploadFile(findTestObject("Create a new asset account/Page_Create a new asset account  Accounts  _ced620/upload file"), "D:\mail_service_log.txt"): File 'D:\mail_service_log.txt' sent to object: 'Object Repository/Create a new asset account/Page_Create a new asset account  Accounts  _ced620/upload file'

01-01-2024T17:14:08 - [MESSAGE][PASSED] - File 'D:\mail_service_log.txt' sent to object: 'Object Repository/Create a new asset account/Page_Create a new asset account  Accounts  _ced620/upload file'

01-01-2024T17:14:08 - [TEST_STEP][PASSED] - click(findTestObject("Object Repository/Create a new asset account/Page_Create a new asset account  Accounts  _ced620/button_Store new asset account")): Object: 'Object Repository/Create a new asset account/Page_Create a new asset account  Accounts  _ced620/button_Store new asset account' is clicked on

01-01-2024T17:14:09 - [MESSAGE][PASSED] - Object: 'Object Repository/Create a new asset account/Page_Create a new asset account  Accounts  _ced620/button_Store new asset account' is clicked on

01-01-2024T17:14:09 - [TEST_STEP][FAILED] - try: Unable to verify object 'Object Repository/Shared_alert/text_dangers' is present (Root cause: com.kms.katalon.core.exception.StepFailedException: Unable to verify object 'Object Repository/Shared_alert/text_dangers' is present
	at com.kms.katalon.core.webui.keyword.internal.WebUIKeywordMain.stepFailed(WebUIKeywordMain.groovy:64)
	at com.kms.katalon.core.webui.keyword.internal.WebUIKeywordMain.runKeyword(WebUIKeywordMain.groovy:26)
	at com.kms.katalon.core.webui.keyword.builtin.VerifyElementPresentKeyword.verifyElementPresent(VerifyElementPresentKeyword.groovy:92)
	at com.kms.katalon.core.webui.keyword.builtin.VerifyElementPresentKeyword.execute(VerifyElementPresentKeyword.groovy:68)
	at com.kms.katalon.core.keyword.internal.KeywordExecutor.executeKeywordForPlatform(KeywordExecutor.groovy:74)
	at com.kms.katalon.core.webui.keyword.WebUiBuiltInKeywords.verifyElementPresent(WebUiBuiltInKeywords.groovy:1503)
	at Create a new asset account.run(Create a new asset account:70)
	at com.kms.katalon.core.main.ScriptEngine.run(ScriptEngine.java:194)
	at com.kms.katalon.core.main.ScriptEngine.runScriptAsRawText(ScriptEngine.java:119)
	at com.kms.katalon.core.main.TestCaseExecutor.runScript(TestCaseExecutor.java:448)
	at com.kms.katalon.core.main.TestCaseExecutor.doExecute(TestCaseExecutor.java:439)
	at com.kms.katalon.core.main.TestCaseExecutor.processExecutionPhase(TestCaseExecutor.java:418)
	at com.kms.katalon.core.main.TestCaseExecutor.accessMainPhase(TestCaseExecutor.java:410)
	at com.kms.katalon.core.main.TestCaseExecutor.execute(TestCaseExecutor.java:285)
	at com.kms.katalon.core.common.CommonExecutor.accessTestCaseMainPhase(CommonExecutor.java:65)
	at com.kms.katalon.core.main.TestSuiteExecutor.accessTestSuiteMainPhase(TestSuiteExecutor.java:148)
	at com.kms.katalon.core.main.TestSuiteExecutor.execute(TestSuiteExecutor.java:106)
	at com.kms.katalon.core.main.TestCaseMain.startTestSuite(TestCaseMain.java:180)
	at TempTestSuite1704103891068.run(TempTestSuite1704103891068.groovy:36)
	at java.base/jdk.internal.reflect.NativeMethodAccessorImpl.invoke0(Native Method)
	at java.base/jdk.internal.reflect.NativeMethodAccessorImpl.invoke(NativeMethodAccessorImpl.java:77)
	at java.base/jdk.internal.reflect.DelegatingMethodAccessorImpl.invoke(DelegatingMethodAccessorImpl.java:43)
Caused by: com.kms.katalon.core.exception.StepFailedException: com.kms.katalon.core.webui.exception.WebElementNotFoundException: Web element with id: 'Object Repository/Shared_alert/text_dangers' located by '.text-danger' not found
	at com.kms.katalon.core.webui.keyword.internal.WebUIKeywordMain.stepFailed(WebUIKeywordMain.groovy:64)
	at com.kms.katalon.core.webui.keyword.builtin.VerifyElementPresentKeyword$_verifyElementPresent_closure1.doCall(VerifyElementPresentKeyword.groovy:85)
	at com.kms.katalon.core.webui.keyword.builtin.VerifyElementPresentKeyword$_verifyElementPresent_closure1.call(VerifyElementPresentKeyword.groovy)
	at com.kms.katalon.core.webui.keyword.internal.WebUIKeywordMain.runKeyword(WebUIKeywordMain.groovy:20)
	... 20 more
)

01-01-2024T17:14:09 - [TEST_STEP][FAILED] - verifyElementPresent(findTestObject("Shared_alert/text_dangers"), 1): Unable to verify object 'Object Repository/Shared_alert/text_dangers' is present (Root cause: com.kms.katalon.core.exception.StepFailedException: Unable to verify object 'Object Repository/Shared_alert/text_dangers' is present
	at com.kms.katalon.core.webui.keyword.internal.WebUIKeywordMain.stepFailed(WebUIKeywordMain.groovy:64)
	at com.kms.katalon.core.webui.keyword.internal.WebUIKeywordMain.runKeyword(WebUIKeywordMain.groovy:26)
	at com.kms.katalon.core.webui.keyword.builtin.VerifyElementPresentKeyword.verifyElementPresent(VerifyElementPresentKeyword.groovy:92)
	at com.kms.katalon.core.webui.keyword.builtin.VerifyElementPresentKeyword.execute(VerifyElementPresentKeyword.groovy:68)
	at com.kms.katalon.core.keyword.internal.KeywordExecutor.executeKeywordForPlatform(KeywordExecutor.groovy:74)
	at com.kms.katalon.core.webui.keyword.WebUiBuiltInKeywords.verifyElementPresent(WebUiBuiltInKeywords.groovy:1503)
	at Create a new asset account.run(Create a new asset account:70)
	at com.kms.katalon.core.main.ScriptEngine.run(ScriptEngine.java:194)
	at com.kms.katalon.core.main.ScriptEngine.runScriptAsRawText(ScriptEngine.java:119)
	at com.kms.katalon.core.main.TestCaseExecutor.runScript(TestCaseExecutor.java:448)
	at com.kms.katalon.core.main.TestCaseExecutor.doExecute(TestCaseExecutor.java:439)
	at com.kms.katalon.core.main.TestCaseExecutor.processExecutionPhase(TestCaseExecutor.java:418)
	at com.kms.katalon.core.main.TestCaseExecutor.accessMainPhase(TestCaseExecutor.java:410)
	at com.kms.katalon.core.main.TestCaseExecutor.execute(TestCaseExecutor.java:285)
	at com.kms.katalon.core.common.CommonExecutor.accessTestCaseMainPhase(CommonExecutor.java:65)
	at com.kms.katalon.core.main.TestSuiteExecutor.accessTestSuiteMainPhase(TestSuiteExecutor.java:148)
	at com.kms.katalon.core.main.TestSuiteExecutor.execute(TestSuiteExecutor.java:106)
	at com.kms.katalon.core.main.TestCaseMain.startTestSuite(TestCaseMain.java:180)
	at TempTestSuite1704103891068.run(TempTestSuite1704103891068.groovy:36)
	at java.base/jdk.internal.reflect.NativeMethodAccessorImpl.invoke0(Native Method)
	at java.base/jdk.internal.reflect.NativeMethodAccessorImpl.invoke(NativeMethodAccessorImpl.java:77)
	at java.base/jdk.internal.reflect.DelegatingMethodAccessorImpl.invoke(DelegatingMethodAccessorImpl.java:43)
Caused by: com.kms.katalon.core.exception.StepFailedException: com.kms.katalon.core.webui.exception.WebElementNotFoundException: Web element with id: 'Object Repository/Shared_alert/text_dangers' located by '.text-danger' not found
	at com.kms.katalon.core.webui.keyword.internal.WebUIKeywordMain.stepFailed(WebUIKeywordMain.groovy:64)
	at com.kms.katalon.core.webui.keyword.builtin.VerifyElementPresentKeyword$_verifyElementPresent_closure1.doCall(VerifyElementPresentKeyword.groovy:85)
	at com.kms.katalon.core.webui.keyword.builtin.VerifyElementPresentKeyword$_verifyElementPresent_closure1.call(VerifyElementPresentKeyword.groovy)
	at com.kms.katalon.core.webui.keyword.internal.WebUIKeywordMain.runKeyword(WebUIKeywordMain.groovy:20)
	... 20 more
)

01-01-2024T17:14:11 - [MESSAGE][INFO] - Unable to find the element located by 'By.cssSelector: .text-danger'. Please recheck the objects properties to make sure the desired element is located. 

01-01-2024T17:14:11 - [MESSAGE][FAILED] - com.kms.katalon.core.webui.exception.WebElementNotFoundException: Web element with id: 'Object Repository/Shared_alert/text_dangers' located by '.text-danger' not found (Root cause: com.kms.katalon.core.exception.StepFailedException: com.kms.katalon.core.webui.exception.WebElementNotFoundException: Web element with id: 'Object Repository/Shared_alert/text_dangers' located by '.text-danger' not found
	at com.kms.katalon.core.webui.keyword.internal.WebUIKeywordMain.stepFailed(WebUIKeywordMain.groovy:64)
	at com.kms.katalon.core.webui.keyword.builtin.VerifyElementPresentKeyword$_verifyElementPresent_closure1.doCall(VerifyElementPresentKeyword.groovy:85)
	at com.kms.katalon.core.webui.keyword.builtin.VerifyElementPresentKeyword$_verifyElementPresent_closure1.call(VerifyElementPresentKeyword.groovy)
	at com.kms.katalon.core.webui.keyword.internal.WebUIKeywordMain.runKeyword(WebUIKeywordMain.groovy:20)
	at com.kms.katalon.core.webui.keyword.builtin.VerifyElementPresentKeyword.verifyElementPresent(VerifyElementPresentKeyword.groovy:92)
	at com.kms.katalon.core.webui.keyword.builtin.VerifyElementPresentKeyword.execute(VerifyElementPresentKeyword.groovy:68)
	at com.kms.katalon.core.keyword.internal.KeywordExecutor.executeKeywordForPlatform(KeywordExecutor.groovy:74)
	at com.kms.katalon.core.webui.keyword.WebUiBuiltInKeywords.verifyElementPresent(WebUiBuiltInKeywords.groovy:1503)
	at Create a new asset account.run(Create a new asset account:70)
	at com.kms.katalon.core.main.ScriptEngine.run(ScriptEngine.java:194)
	at com.kms.katalon.core.main.ScriptEngine.runScriptAsRawText(ScriptEngine.java:119)
	at com.kms.katalon.core.main.TestCaseExecutor.runScript(TestCaseExecutor.java:448)
	at com.kms.katalon.core.main.TestCaseExecutor.doExecute(TestCaseExecutor.java:439)
	at com.kms.katalon.core.main.TestCaseExecutor.processExecutionPhase(TestCaseExecutor.java:418)
	at com.kms.katalon.core.main.TestCaseExecutor.accessMainPhase(TestCaseExecutor.java:410)
	at com.kms.katalon.core.main.TestCaseExecutor.execute(TestCaseExecutor.java:285)
	at com.kms.katalon.core.common.CommonExecutor.accessTestCaseMainPhase(CommonExecutor.java:65)
	at com.kms.katalon.core.main.TestSuiteExecutor.accessTestSuiteMainPhase(TestSuiteExecutor.java:148)
	at com.kms.katalon.core.main.TestSuiteExecutor.execute(TestSuiteExecutor.java:106)
	at com.kms.katalon.core.main.TestCaseMain.startTestSuite(TestCaseMain.java:180)
	at TempTestSuite1704103891068.run(TempTestSuite1704103891068.groovy:36)
	at java.base/jdk.internal.reflect.NativeMethodAccessorImpl.invoke0(Native Method)
	at java.base/jdk.internal.reflect.NativeMethodAccessorImpl.invoke(NativeMethodAccessorImpl.java:77)
	at java.base/jdk.internal.reflect.DelegatingMethodAccessorImpl.invoke(DelegatingMethodAccessorImpl.java:43)
)
[[ATTACHMENT|D:\\ktpm\\G1_Firefly_testing\\Reports\\20240101_171131\\Create a new asset account\\20240101_171131\\1704104051338.png]]

01-01-2024T17:14:11 - [MESSAGE][FAILED] - Unable to verify object 'Object Repository/Shared_alert/text_dangers' is present (Root cause: com.kms.katalon.core.exception.StepFailedException: Unable to verify object 'Object Repository/Shared_alert/text_dangers' is present
	at com.kms.katalon.core.webui.keyword.internal.WebUIKeywordMain.stepFailed(WebUIKeywordMain.groovy:64)
	at com.kms.katalon.core.webui.keyword.internal.WebUIKeywordMain.runKeyword(WebUIKeywordMain.groovy:26)
	at com.kms.katalon.core.webui.keyword.builtin.VerifyElementPresentKeyword.verifyElementPresent(VerifyElementPresentKeyword.groovy:92)
	at com.kms.katalon.core.webui.keyword.builtin.VerifyElementPresentKeyword.execute(VerifyElementPresentKeyword.groovy:68)
	at com.kms.katalon.core.keyword.internal.KeywordExecutor.executeKeywordForPlatform(KeywordExecutor.groovy:74)
	at com.kms.katalon.core.webui.keyword.WebUiBuiltInKeywords.verifyElementPresent(WebUiBuiltInKeywords.groovy:1503)
	at Create a new asset account.run(Create a new asset account:70)
	at com.kms.katalon.core.main.ScriptEngine.run(ScriptEngine.java:194)
	at com.kms.katalon.core.main.ScriptEngine.runScriptAsRawText(ScriptEngine.java:119)
	at com.kms.katalon.core.main.TestCaseExecutor.runScript(TestCaseExecutor.java:448)
	at com.kms.katalon.core.main.TestCaseExecutor.doExecute(TestCaseExecutor.java:439)
	at com.kms.katalon.core.main.TestCaseExecutor.processExecutionPhase(TestCaseExecutor.java:418)
	at com.kms.katalon.core.main.TestCaseExecutor.accessMainPhase(TestCaseExecutor.java:410)
	at com.kms.katalon.core.main.TestCaseExecutor.execute(TestCaseExecutor.java:285)
	at com.kms.katalon.core.common.CommonExecutor.accessTestCaseMainPhase(CommonExecutor.java:65)
	at com.kms.katalon.core.main.TestSuiteExecutor.accessTestSuiteMainPhase(TestSuiteExecutor.java:148)
	at com.kms.katalon.core.main.TestSuiteExecutor.execute(TestSuiteExecutor.java:106)
	at com.kms.katalon.core.main.TestCaseMain.startTestSuite(TestCaseMain.java:180)
	at TempTestSuite1704103891068.run(TempTestSuite1704103891068.groovy:36)
	at java.base/jdk.internal.reflect.NativeMethodAccessorImpl.invoke0(Native Method)
	at java.base/jdk.internal.reflect.NativeMethodAccessorImpl.invoke(NativeMethodAccessorImpl.java:77)
	at java.base/jdk.internal.reflect.DelegatingMethodAccessorImpl.invoke(DelegatingMethodAccessorImpl.java:43)
Caused by: com.kms.katalon.core.exception.StepFailedException: com.kms.katalon.core.webui.exception.WebElementNotFoundException: Web element with id: 'Object Repository/Shared_alert/text_dangers' located by '.text-danger' not found
	at com.kms.katalon.core.webui.keyword.internal.WebUIKeywordMain.stepFailed(WebUIKeywordMain.groovy:64)
	at com.kms.katalon.core.webui.keyword.builtin.VerifyElementPresentKeyword$_verifyElementPresent_closure1.doCall(VerifyElementPresentKeyword.groovy:85)
	at com.kms.katalon.core.webui.keyword.builtin.VerifyElementPresentKeyword$_verifyElementPresent_closure1.call(VerifyElementPresentKeyword.groovy)
	at com.kms.katalon.core.webui.keyword.internal.WebUIKeywordMain.runKeyword(WebUIKeywordMain.groovy:20)
	... 20 more
)
[[ATTACHMENT|D:\\ktpm\\G1_Firefly_testing\\Reports\\20240101_171131\\Create a new asset account\\20240101_171131\\1704104051449.png]]

01-01-2024T17:14:11 - [TEST_STEP][PASSED] - catch (Exception err): null

01-01-2024T17:14:11 - [TEST_STEP][PASSED] - verifyElementPresent(findTestObject("Shared_alert/success_alert"), 1): Object 'Object Repository/Shared_alert/success_alert' is present

01-01-2024T17:14:11 - [MESSAGE][PASSED] - Object 'Object Repository/Shared_alert/success_alert' is present

01-01-2024T17:14:11 - [TEST_STEP][PASSED] - out.println("success"): null

01-01-2024T17:14:11 - [TEST_STEP][PASSED] - closeBrowser(): Browser is closed

01-01-2024T17:14:12 - [MESSAGE][PASSED] - Browser is closed]]></system-out>
         <system-err><![CDATA[]]></system-err>
      </testcase>
      <testcase name="Test Cases/Create a new asset account" time="17.257" classname="Test Cases/Create a new asset account" status="PASSED">
         <system-out><![CDATA[01-01-2024T17:14:12 - [TEST_CASE][PASSED] - Test Cases/Create a new asset account: Test Cases/Create a new asset account

01-01-2024T17:14:12 - [TEST_STEP][PASSED] - openBrowser(""): Browser is opened with url: ''

01-01-2024T17:14:12 - [MESSAGE][INFO] - Starting 'Chrome' driver

01-01-2024T17:14:12 - [MESSAGE][INFO] - Action delay is set to 0 milliseconds

01-01-2024T17:14:13 - [MESSAGE][PASSED] - Browser is opened with url: ''

01-01-2024T17:14:13 - [TEST_STEP][PASSED] - navigateToUrl("https://firefly.buudadawg.online/accounts/create/asset"): Navigate to 'https://firefly.buudadawg.online/accounts/create/asset' successfully

01-01-2024T17:14:14 - [MESSAGE][PASSED] - Navigate to 'https://firefly.buudadawg.online/accounts/create/asset' successfully

01-01-2024T17:14:14 - [TEST_STEP][PASSED] - setText(findTestObject("Object Repository/Create a new asset account/Page_Login to Firefly III/input_email"), "huynhluat.dn@gmail.com"): Text 'huynhluat.dn@gmail.com' is set on object 'Object Repository/Create a new asset account/Page_Login to Firefly III/input_email'

01-01-2024T17:14:15 - [MESSAGE][PASSED] - Text 'huynhluat.dn@gmail.com' is set on object 'Object Repository/Create a new asset account/Page_Login to Firefly III/input_email'

01-01-2024T17:14:15 - [TEST_STEP][PASSED] - setEncryptedText(findTestObject("Object Repository/Create a new asset account/Page_Login to Firefly III/input_password"), "GDttjE7iuxOgQwNBt53tbwiiBI5Qr4kb"): Text ****** has been set on object 'Object Repository/Create a new asset account/Page_Login to Firefly III/input_password'

01-01-2024T17:14:16 - [MESSAGE][PASSED] - Text ****** has been set on object 'Object Repository/Create a new asset account/Page_Login to Firefly III/input_password'

01-01-2024T17:14:16 - [TEST_STEP][PASSED] - click(findTestObject("Object Repository/Create a new asset account/Page_Login to Firefly III/button_Sign in")): Object: 'Object Repository/Create a new asset account/Page_Login to Firefly III/button_Sign in' is clicked on

01-01-2024T17:14:16 - [MESSAGE][PASSED] - Object: 'Object Repository/Create a new asset account/Page_Login to Firefly III/button_Sign in' is clicked on

01-01-2024T17:14:16 - [TEST_STEP][PASSED] - setText(findTestObject("Object Repository/Create a new asset account/Page_Create a new asset account  Accounts  _ced620/input_name"), name): Text 'lmeier9' is set on object 'Object Repository/Create a new asset account/Page_Create a new asset account  Accounts  _ced620/input_name'

01-01-2024T17:14:18 - [MESSAGE][PASSED] - Text 'lmeier9' is set on object 'Object Repository/Create a new asset account/Page_Create a new asset account  Accounts  _ced620/input_name'

01-01-2024T17:14:18 - [TEST_STEP][PASSED] - selectOptionByValue(findTestObject("Object Repository/Create a new asset account/Page_Create a new asset account  Accounts  _ced620/select_Euro ()US Dollar ()"), "1", true): All options with value '1' are selected in object 'Object Repository/Create a new asset account/Page_Create a new asset account  Accounts  _ced620/select_Euro ()US Dollar ()'  using regular expression

01-01-2024T17:14:19 - [MESSAGE][PASSED] - All options with value '1' are selected in object 'Object Repository/Create a new asset account/Page_Create a new asset account  Accounts  _ced620/select_Euro ()US Dollar ()'  using regular expression

01-01-2024T17:14:19 - [TEST_STEP][PASSED] - setText(findTestObject("Object Repository/Create a new asset account/Page_Create a new asset account  Accounts  _ced620/input_iban"), "GB29 NWBK 6016 1331 9268 19"): Text 'GB29 NWBK 6016 1331 9268 19' is set on object 'Object Repository/Create a new asset account/Page_Create a new asset account  Accounts  _ced620/input_iban'

01-01-2024T17:14:20 - [MESSAGE][PASSED] - Text 'GB29 NWBK 6016 1331 9268 19' is set on object 'Object Repository/Create a new asset account/Page_Create a new asset account  Accounts  _ced620/input_iban'

01-01-2024T17:14:20 - [TEST_STEP][PASSED] - setText(findTestObject("Object Repository/Create a new asset account/Page_Create a new asset account  Accounts  _ced620/input_BIC"), "ABCDUS12345"): Text 'ABCDUS12345' is set on object 'Object Repository/Create a new asset account/Page_Create a new asset account  Accounts  _ced620/input_BIC'

01-01-2024T17:14:20 - [MESSAGE][PASSED] - Text 'ABCDUS12345' is set on object 'Object Repository/Create a new asset account/Page_Create a new asset account  Accounts  _ced620/input_BIC'

01-01-2024T17:14:20 - [TEST_STEP][PASSED] - setText(findTestObject("Object Repository/Create a new asset account/Page_Create a new asset account  Accounts  _ced620/input_account_number"), ""): Text '' is set on object 'Object Repository/Create a new asset account/Page_Create a new asset account  Accounts  _ced620/input_account_number'

01-01-2024T17:14:21 - [MESSAGE][PASSED] - Text '' is set on object 'Object Repository/Create a new asset account/Page_Create a new asset account  Accounts  _ced620/input_account_number'

01-01-2024T17:14:21 - [TEST_STEP][PASSED] - setText(findTestObject("Object Repository/Create a new asset account/Page_Create a new asset account  Accounts  _ced620/input_opening_balance"), ""): Text '' is set on object 'Object Repository/Create a new asset account/Page_Create a new asset account  Accounts  _ced620/input_opening_balance'

01-01-2024T17:14:21 - [MESSAGE][PASSED] - Text '' is set on object 'Object Repository/Create a new asset account/Page_Create a new asset account  Accounts  _ced620/input_opening_balance'

01-01-2024T17:14:21 - [TEST_STEP][PASSED] - selectOptionByValue(findTestObject("Object Repository/Create a new asset account/Page_Create a new asset account  Accounts  _ced620/select_Default asset accountShared asset ac_afbbdd"), "sharedAsset", true): All options with value 'sharedAsset' are selected in object 'Object Repository/Create a new asset account/Page_Create a new asset account  Accounts  _ced620/select_Default asset accountShared asset ac_afbbdd'  using regular expression

01-01-2024T17:14:22 - [MESSAGE][PASSED] - All options with value 'sharedAsset' are selected in object 'Object Repository/Create a new asset account/Page_Create a new asset account  Accounts  _ced620/select_Default asset accountShared asset ac_afbbdd'  using regular expression

01-01-2024T17:14:22 - [TEST_STEP][PASSED] - selectOptionByValue(findTestObject("Object Repository/Create a new asset account/Page_Create a new asset account  Accounts  _ced620/select_Default asset accountShared asset ac_afbbdd"), "defaultAsset", true): All options with value 'defaultAsset' are selected in object 'Object Repository/Create a new asset account/Page_Create a new asset account  Accounts  _ced620/select_Default asset accountShared asset ac_afbbdd'  using regular expression

01-01-2024T17:14:23 - [MESSAGE][PASSED] - All options with value 'defaultAsset' are selected in object 'Object Repository/Create a new asset account/Page_Create a new asset account  Accounts  _ced620/select_Default asset accountShared asset ac_afbbdd'  using regular expression

01-01-2024T17:14:23 - [TEST_STEP][PASSED] - setText(findTestObject("Object Repository/Create a new asset account/Page_Create a new asset account  Accounts  _ced620/input_virtual_balance"), "100"): Text '100' is set on object 'Object Repository/Create a new asset account/Page_Create a new asset account  Accounts  _ced620/input_virtual_balance'

01-01-2024T17:14:24 - [MESSAGE][PASSED] - Text '100' is set on object 'Object Repository/Create a new asset account/Page_Create a new asset account  Accounts  _ced620/input_virtual_balance'

01-01-2024T17:14:24 - [TEST_STEP][PASSED] - setText(findTestObject("Object Repository/Create a new asset account/Page_Create a new asset account  Accounts  _ced620/textarea_notes"), "note"): Text 'note' is set on object 'Object Repository/Create a new asset account/Page_Create a new asset account  Accounts  _ced620/textarea_notes'

01-01-2024T17:14:24 - [MESSAGE][PASSED] - Text 'note' is set on object 'Object Repository/Create a new asset account/Page_Create a new asset account  Accounts  _ced620/textarea_notes'

01-01-2024T17:14:24 - [TEST_STEP][PASSED] - setText(findTestObject("Create a new asset account/Page_Create a new asset account  Accounts  _ced620/input_opening_balance_date"), "20/12/2002"): Text '20/12/2002' is set on object 'Object Repository/Create a new asset account/Page_Create a new asset account  Accounts  _ced620/input_opening_balance_date'

01-01-2024T17:14:25 - [MESSAGE][PASSED] - Text '20/12/2002' is set on object 'Object Repository/Create a new asset account/Page_Create a new asset account  Accounts  _ced620/input_opening_balance_date'

01-01-2024T17:14:25 - [TEST_STEP][PASSED] - uploadFile(findTestObject("Create a new asset account/Page_Create a new asset account  Accounts  _ced620/upload file"), "D:\mail_service_log.txt"): File 'D:\mail_service_log.txt' sent to object: 'Object Repository/Create a new asset account/Page_Create a new asset account  Accounts  _ced620/upload file'

01-01-2024T17:14:25 - [MESSAGE][PASSED] - File 'D:\mail_service_log.txt' sent to object: 'Object Repository/Create a new asset account/Page_Create a new asset account  Accounts  _ced620/upload file'

01-01-2024T17:14:25 - [TEST_STEP][PASSED] - click(findTestObject("Object Repository/Create a new asset account/Page_Create a new asset account  Accounts  _ced620/button_Store new asset account")): Object: 'Object Repository/Create a new asset account/Page_Create a new asset account  Accounts  _ced620/button_Store new asset account' is clicked on

01-01-2024T17:14:26 - [MESSAGE][PASSED] - Object: 'Object Repository/Create a new asset account/Page_Create a new asset account  Accounts  _ced620/button_Store new asset account' is clicked on

01-01-2024T17:14:26 - [TEST_STEP][FAILED] - try: Unable to verify object 'Object Repository/Shared_alert/text_dangers' is present (Root cause: com.kms.katalon.core.exception.StepFailedException: Unable to verify object 'Object Repository/Shared_alert/text_dangers' is present
	at com.kms.katalon.core.webui.keyword.internal.WebUIKeywordMain.stepFailed(WebUIKeywordMain.groovy:64)
	at com.kms.katalon.core.webui.keyword.internal.WebUIKeywordMain.runKeyword(WebUIKeywordMain.groovy:26)
	at com.kms.katalon.core.webui.keyword.builtin.VerifyElementPresentKeyword.verifyElementPresent(VerifyElementPresentKeyword.groovy:92)
	at com.kms.katalon.core.webui.keyword.builtin.VerifyElementPresentKeyword.execute(VerifyElementPresentKeyword.groovy:68)
	at com.kms.katalon.core.keyword.internal.KeywordExecutor.executeKeywordForPlatform(KeywordExecutor.groovy:74)
	at com.kms.katalon.core.webui.keyword.WebUiBuiltInKeywords.verifyElementPresent(WebUiBuiltInKeywords.groovy:1503)
	at Create a new asset account.run(Create a new asset account:70)
	at com.kms.katalon.core.main.ScriptEngine.run(ScriptEngine.java:194)
	at com.kms.katalon.core.main.ScriptEngine.runScriptAsRawText(ScriptEngine.java:119)
	at com.kms.katalon.core.main.TestCaseExecutor.runScript(TestCaseExecutor.java:448)
	at com.kms.katalon.core.main.TestCaseExecutor.doExecute(TestCaseExecutor.java:439)
	at com.kms.katalon.core.main.TestCaseExecutor.processExecutionPhase(TestCaseExecutor.java:418)
	at com.kms.katalon.core.main.TestCaseExecutor.accessMainPhase(TestCaseExecutor.java:410)
	at com.kms.katalon.core.main.TestCaseExecutor.execute(TestCaseExecutor.java:285)
	at com.kms.katalon.core.common.CommonExecutor.accessTestCaseMainPhase(CommonExecutor.java:65)
	at com.kms.katalon.core.main.TestSuiteExecutor.accessTestSuiteMainPhase(TestSuiteExecutor.java:148)
	at com.kms.katalon.core.main.TestSuiteExecutor.execute(TestSuiteExecutor.java:106)
	at com.kms.katalon.core.main.TestCaseMain.startTestSuite(TestCaseMain.java:180)
	at TempTestSuite1704103891068.run(TempTestSuite1704103891068.groovy:36)
	at java.base/jdk.internal.reflect.NativeMethodAccessorImpl.invoke0(Native Method)
	at java.base/jdk.internal.reflect.NativeMethodAccessorImpl.invoke(NativeMethodAccessorImpl.java:77)
	at java.base/jdk.internal.reflect.DelegatingMethodAccessorImpl.invoke(DelegatingMethodAccessorImpl.java:43)
Caused by: com.kms.katalon.core.exception.StepFailedException: com.kms.katalon.core.webui.exception.WebElementNotFoundException: Web element with id: 'Object Repository/Shared_alert/text_dangers' located by '.text-danger' not found
	at com.kms.katalon.core.webui.keyword.internal.WebUIKeywordMain.stepFailed(WebUIKeywordMain.groovy:64)
	at com.kms.katalon.core.webui.keyword.builtin.VerifyElementPresentKeyword$_verifyElementPresent_closure1.doCall(VerifyElementPresentKeyword.groovy:85)
	at com.kms.katalon.core.webui.keyword.builtin.VerifyElementPresentKeyword$_verifyElementPresent_closure1.call(VerifyElementPresentKeyword.groovy)
	at com.kms.katalon.core.webui.keyword.internal.WebUIKeywordMain.runKeyword(WebUIKeywordMain.groovy:20)
	... 20 more
)

01-01-2024T17:14:26 - [TEST_STEP][FAILED] - verifyElementPresent(findTestObject("Shared_alert/text_dangers"), 1): Unable to verify object 'Object Repository/Shared_alert/text_dangers' is present (Root cause: com.kms.katalon.core.exception.StepFailedException: Unable to verify object 'Object Repository/Shared_alert/text_dangers' is present
	at com.kms.katalon.core.webui.keyword.internal.WebUIKeywordMain.stepFailed(WebUIKeywordMain.groovy:64)
	at com.kms.katalon.core.webui.keyword.internal.WebUIKeywordMain.runKeyword(WebUIKeywordMain.groovy:26)
	at com.kms.katalon.core.webui.keyword.builtin.VerifyElementPresentKeyword.verifyElementPresent(VerifyElementPresentKeyword.groovy:92)
	at com.kms.katalon.core.webui.keyword.builtin.VerifyElementPresentKeyword.execute(VerifyElementPresentKeyword.groovy:68)
	at com.kms.katalon.core.keyword.internal.KeywordExecutor.executeKeywordForPlatform(KeywordExecutor.groovy:74)
	at com.kms.katalon.core.webui.keyword.WebUiBuiltInKeywords.verifyElementPresent(WebUiBuiltInKeywords.groovy:1503)
	at Create a new asset account.run(Create a new asset account:70)
	at com.kms.katalon.core.main.ScriptEngine.run(ScriptEngine.java:194)
	at com.kms.katalon.core.main.ScriptEngine.runScriptAsRawText(ScriptEngine.java:119)
	at com.kms.katalon.core.main.TestCaseExecutor.runScript(TestCaseExecutor.java:448)
	at com.kms.katalon.core.main.TestCaseExecutor.doExecute(TestCaseExecutor.java:439)
	at com.kms.katalon.core.main.TestCaseExecutor.processExecutionPhase(TestCaseExecutor.java:418)
	at com.kms.katalon.core.main.TestCaseExecutor.accessMainPhase(TestCaseExecutor.java:410)
	at com.kms.katalon.core.main.TestCaseExecutor.execute(TestCaseExecutor.java:285)
	at com.kms.katalon.core.common.CommonExecutor.accessTestCaseMainPhase(CommonExecutor.java:65)
	at com.kms.katalon.core.main.TestSuiteExecutor.accessTestSuiteMainPhase(TestSuiteExecutor.java:148)
	at com.kms.katalon.core.main.TestSuiteExecutor.execute(TestSuiteExecutor.java:106)
	at com.kms.katalon.core.main.TestCaseMain.startTestSuite(TestCaseMain.java:180)
	at TempTestSuite1704103891068.run(TempTestSuite1704103891068.groovy:36)
	at java.base/jdk.internal.reflect.NativeMethodAccessorImpl.invoke0(Native Method)
	at java.base/jdk.internal.reflect.NativeMethodAccessorImpl.invoke(NativeMethodAccessorImpl.java:77)
	at java.base/jdk.internal.reflect.DelegatingMethodAccessorImpl.invoke(DelegatingMethodAccessorImpl.java:43)
Caused by: com.kms.katalon.core.exception.StepFailedException: com.kms.katalon.core.webui.exception.WebElementNotFoundException: Web element with id: 'Object Repository/Shared_alert/text_dangers' located by '.text-danger' not found
	at com.kms.katalon.core.webui.keyword.internal.WebUIKeywordMain.stepFailed(WebUIKeywordMain.groovy:64)
	at com.kms.katalon.core.webui.keyword.builtin.VerifyElementPresentKeyword$_verifyElementPresent_closure1.doCall(VerifyElementPresentKeyword.groovy:85)
	at com.kms.katalon.core.webui.keyword.builtin.VerifyElementPresentKeyword$_verifyElementPresent_closure1.call(VerifyElementPresentKeyword.groovy)
	at com.kms.katalon.core.webui.keyword.internal.WebUIKeywordMain.runKeyword(WebUIKeywordMain.groovy:20)
	... 20 more
)

01-01-2024T17:14:28 - [MESSAGE][INFO] - Unable to find the element located by 'By.cssSelector: .text-danger'. Please recheck the objects properties to make sure the desired element is located. 

01-01-2024T17:14:28 - [MESSAGE][FAILED] - com.kms.katalon.core.webui.exception.WebElementNotFoundException: Web element with id: 'Object Repository/Shared_alert/text_dangers' located by '.text-danger' not found (Root cause: com.kms.katalon.core.exception.StepFailedException: com.kms.katalon.core.webui.exception.WebElementNotFoundException: Web element with id: 'Object Repository/Shared_alert/text_dangers' located by '.text-danger' not found
	at com.kms.katalon.core.webui.keyword.internal.WebUIKeywordMain.stepFailed(WebUIKeywordMain.groovy:64)
	at com.kms.katalon.core.webui.keyword.builtin.VerifyElementPresentKeyword$_verifyElementPresent_closure1.doCall(VerifyElementPresentKeyword.groovy:85)
	at com.kms.katalon.core.webui.keyword.builtin.VerifyElementPresentKeyword$_verifyElementPresent_closure1.call(VerifyElementPresentKeyword.groovy)
	at com.kms.katalon.core.webui.keyword.internal.WebUIKeywordMain.runKeyword(WebUIKeywordMain.groovy:20)
	at com.kms.katalon.core.webui.keyword.builtin.VerifyElementPresentKeyword.verifyElementPresent(VerifyElementPresentKeyword.groovy:92)
	at com.kms.katalon.core.webui.keyword.builtin.VerifyElementPresentKeyword.execute(VerifyElementPresentKeyword.groovy:68)
	at com.kms.katalon.core.keyword.internal.KeywordExecutor.executeKeywordForPlatform(KeywordExecutor.groovy:74)
	at com.kms.katalon.core.webui.keyword.WebUiBuiltInKeywords.verifyElementPresent(WebUiBuiltInKeywords.groovy:1503)
	at Create a new asset account.run(Create a new asset account:70)
	at com.kms.katalon.core.main.ScriptEngine.run(ScriptEngine.java:194)
	at com.kms.katalon.core.main.ScriptEngine.runScriptAsRawText(ScriptEngine.java:119)
	at com.kms.katalon.core.main.TestCaseExecutor.runScript(TestCaseExecutor.java:448)
	at com.kms.katalon.core.main.TestCaseExecutor.doExecute(TestCaseExecutor.java:439)
	at com.kms.katalon.core.main.TestCaseExecutor.processExecutionPhase(TestCaseExecutor.java:418)
	at com.kms.katalon.core.main.TestCaseExecutor.accessMainPhase(TestCaseExecutor.java:410)
	at com.kms.katalon.core.main.TestCaseExecutor.execute(TestCaseExecutor.java:285)
	at com.kms.katalon.core.common.CommonExecutor.accessTestCaseMainPhase(CommonExecutor.java:65)
	at com.kms.katalon.core.main.TestSuiteExecutor.accessTestSuiteMainPhase(TestSuiteExecutor.java:148)
	at com.kms.katalon.core.main.TestSuiteExecutor.execute(TestSuiteExecutor.java:106)
	at com.kms.katalon.core.main.TestCaseMain.startTestSuite(TestCaseMain.java:180)
	at TempTestSuite1704103891068.run(TempTestSuite1704103891068.groovy:36)
	at java.base/jdk.internal.reflect.NativeMethodAccessorImpl.invoke0(Native Method)
	at java.base/jdk.internal.reflect.NativeMethodAccessorImpl.invoke(NativeMethodAccessorImpl.java:77)
	at java.base/jdk.internal.reflect.DelegatingMethodAccessorImpl.invoke(DelegatingMethodAccessorImpl.java:43)
)
[[ATTACHMENT|D:\\ktpm\\G1_Firefly_testing\\Reports\\20240101_171131\\Create a new asset account\\20240101_171131\\1704104068803.png]]

01-01-2024T17:14:28 - [MESSAGE][FAILED] - Unable to verify object 'Object Repository/Shared_alert/text_dangers' is present (Root cause: com.kms.katalon.core.exception.StepFailedException: Unable to verify object 'Object Repository/Shared_alert/text_dangers' is present
	at com.kms.katalon.core.webui.keyword.internal.WebUIKeywordMain.stepFailed(WebUIKeywordMain.groovy:64)
	at com.kms.katalon.core.webui.keyword.internal.WebUIKeywordMain.runKeyword(WebUIKeywordMain.groovy:26)
	at com.kms.katalon.core.webui.keyword.builtin.VerifyElementPresentKeyword.verifyElementPresent(VerifyElementPresentKeyword.groovy:92)
	at com.kms.katalon.core.webui.keyword.builtin.VerifyElementPresentKeyword.execute(VerifyElementPresentKeyword.groovy:68)
	at com.kms.katalon.core.keyword.internal.KeywordExecutor.executeKeywordForPlatform(KeywordExecutor.groovy:74)
	at com.kms.katalon.core.webui.keyword.WebUiBuiltInKeywords.verifyElementPresent(WebUiBuiltInKeywords.groovy:1503)
	at Create a new asset account.run(Create a new asset account:70)
	at com.kms.katalon.core.main.ScriptEngine.run(ScriptEngine.java:194)
	at com.kms.katalon.core.main.ScriptEngine.runScriptAsRawText(ScriptEngine.java:119)
	at com.kms.katalon.core.main.TestCaseExecutor.runScript(TestCaseExecutor.java:448)
	at com.kms.katalon.core.main.TestCaseExecutor.doExecute(TestCaseExecutor.java:439)
	at com.kms.katalon.core.main.TestCaseExecutor.processExecutionPhase(TestCaseExecutor.java:418)
	at com.kms.katalon.core.main.TestCaseExecutor.accessMainPhase(TestCaseExecutor.java:410)
	at com.kms.katalon.core.main.TestCaseExecutor.execute(TestCaseExecutor.java:285)
	at com.kms.katalon.core.common.CommonExecutor.accessTestCaseMainPhase(CommonExecutor.java:65)
	at com.kms.katalon.core.main.TestSuiteExecutor.accessTestSuiteMainPhase(TestSuiteExecutor.java:148)
	at com.kms.katalon.core.main.TestSuiteExecutor.execute(TestSuiteExecutor.java:106)
	at com.kms.katalon.core.main.TestCaseMain.startTestSuite(TestCaseMain.java:180)
	at TempTestSuite1704103891068.run(TempTestSuite1704103891068.groovy:36)
	at java.base/jdk.internal.reflect.NativeMethodAccessorImpl.invoke0(Native Method)
	at java.base/jdk.internal.reflect.NativeMethodAccessorImpl.invoke(NativeMethodAccessorImpl.java:77)
	at java.base/jdk.internal.reflect.DelegatingMethodAccessorImpl.invoke(DelegatingMethodAccessorImpl.java:43)
Caused by: com.kms.katalon.core.exception.StepFailedException: com.kms.katalon.core.webui.exception.WebElementNotFoundException: Web element with id: 'Object Repository/Shared_alert/text_dangers' located by '.text-danger' not found
	at com.kms.katalon.core.webui.keyword.internal.WebUIKeywordMain.stepFailed(WebUIKeywordMain.groovy:64)
	at com.kms.katalon.core.webui.keyword.builtin.VerifyElementPresentKeyword$_verifyElementPresent_closure1.doCall(VerifyElementPresentKeyword.groovy:85)
	at com.kms.katalon.core.webui.keyword.builtin.VerifyElementPresentKeyword$_verifyElementPresent_closure1.call(VerifyElementPresentKeyword.groovy)
	at com.kms.katalon.core.webui.keyword.internal.WebUIKeywordMain.runKeyword(WebUIKeywordMain.groovy:20)
	... 20 more
)
[[ATTACHMENT|D:\\ktpm\\G1_Firefly_testing\\Reports\\20240101_171131\\Create a new asset account\\20240101_171131\\1704104068895.png]]

01-01-2024T17:14:29 - [TEST_STEP][PASSED] - catch (Exception err): null

01-01-2024T17:14:29 - [TEST_STEP][PASSED] - verifyElementPresent(findTestObject("Shared_alert/success_alert"), 1): Object 'Object Repository/Shared_alert/success_alert' is present

01-01-2024T17:14:29 - [MESSAGE][PASSED] - Object 'Object Repository/Shared_alert/success_alert' is present

01-01-2024T17:14:29 - [TEST_STEP][PASSED] - out.println("success"): null

01-01-2024T17:14:29 - [TEST_STEP][PASSED] - closeBrowser(): Browser is closed

01-01-2024T17:14:29 - [MESSAGE][PASSED] - Browser is closed]]></system-out>
         <system-err><![CDATA[]]></system-err>
      </testcase>
      <system-out><![CDATA[01-01-2024T17:11:35 - [TEST_SUITE][PASSED] - Create a new asset account: Test Cases/Create a new asset account]]></system-out>
      <system-err><![CDATA[]]></system-err>
   </testsuite>
</testsuites>
