<?xml version="1.0" encoding="UTF-8"?>
<testsuites name="Transaction" time="28.849" tests="2" failures="0" errors="2">
   <testsuite name="Transaction" tests="2" failures="0" errors="2" time="28.849" skipped="0" timestamp="01-01-2024T17:53:19" hostname="MODERN 15 - Phuc" id="Test Suites/Transaction">
      <properties>
         <property name="deviceName" value=""/>
         <property name="devicePlatform" value=""/>
         <property name="logFolder" value="C:\\Users\\MODERN 15\\git\\G1_Firefly_testing\\Reports\\20240101_175316\\Transaction\\20240101_175316"/>
         <property name="logFiles" value="C:\\Users\\MODERN 15\\git\\G1_Firefly_testing\\Reports\\20240101_175316\\Transaction\\20240101_175316\\execution0.log"/>
         <property name="attachments" value=""/>
         <property name="hostName" value="MODERN 15 - Phuc"/>
         <property name="os" value="Windows 11 64bit"/>
         <property name="katalonVersion" value="9.1.0.212"/>
         <property name="browser" value="Chrome 120.0.0.0"/>
         <property name="hostAddress" value="192.168.1.4"/>
         <property name="sessionId" value="f53cf911b30a5b5dd380748e3ef5c847"/>
         <property name="seleniumVersion" value="3.141.59"/>
         <property name="proxyInformation" value="ProxyInformation { proxyOption=NO_PROXY, proxyServerType=HTTP, username=, password=********, proxyServerAddress=, proxyServerPort=0, executionList=&quot;&quot;, isApplyToDesiredCapabilities=true }"/>
         <property name="platform" value="Windows 11"/>
      </properties>
      <testcase name="Test Cases/Transaction" time="15.017" classname="Test Cases/Transaction" status="ERROR">
         <error type="ERROR" message="Test Cases/Transaction FAILED.&#xa;Reason:&#xa;groovy.lang.MissingPropertyException: No such property: value for class: com.kms.katalon.core.testobject.TestObject&#xa;	at Transaction.run(Transaction:47)&#xa;	at com.kms.katalon.core.main.ScriptEngine.run(ScriptEngine.java:194)&#xa;	at com.kms.katalon.core.main.ScriptEngine.runScriptAsRawText(ScriptEngine.java:119)&#xa;	at com.kms.katalon.core.main.TestCaseExecutor.runScript(TestCaseExecutor.java:448)&#xa;	at com.kms.katalon.core.main.TestCaseExecutor.doExecute(TestCaseExecutor.java:439)&#xa;	at com.kms.katalon.core.main.TestCaseExecutor.processExecutionPhase(TestCaseExecutor.java:418)&#xa;	at com.kms.katalon.core.main.TestCaseExecutor.accessMainPhase(TestCaseExecutor.java:410)&#xa;	at com.kms.katalon.core.main.TestCaseExecutor.execute(TestCaseExecutor.java:285)&#xa;	at com.kms.katalon.core.common.CommonExecutor.accessTestCaseMainPhase(CommonExecutor.java:65)&#xa;	at com.kms.katalon.core.main.TestSuiteExecutor.accessTestSuiteMainPhase(TestSuiteExecutor.java:148)&#xa;	at com.kms.katalon.core.main.TestSuiteExecutor.execute(TestSuiteExecutor.java:106)&#xa;	at com.kms.katalon.core.main.TestCaseMain.startTestSuite(TestCaseMain.java:180)&#xa;	at TempTestSuite1704106396390.run(TempTestSuite1704106396390.groovy:36)&#xa;	at java.base/jdk.internal.reflect.NativeMethodAccessorImpl.invoke0(Native Method)&#xa;	at java.base/jdk.internal.reflect.NativeMethodAccessorImpl.invoke(NativeMethodAccessorImpl.java:77)&#xa;	at java.base/jdk.internal.reflect.DelegatingMethodAccessorImpl.invoke(DelegatingMethodAccessorImpl.java:43)&#xa;"/>
         <system-out><![CDATA[01-01-2024T17:53:20 - [TEST_CASE][ERROR] - Test Cases/Transaction: Test Cases/Transaction FAILED.
Reason:
groovy.lang.MissingPropertyException: No such property: value for class: com.kms.katalon.core.testobject.TestObject
	at Transaction.run(Transaction:47)
	at com.kms.katalon.core.main.ScriptEngine.run(ScriptEngine.java:194)
	at com.kms.katalon.core.main.ScriptEngine.runScriptAsRawText(ScriptEngine.java:119)
	at com.kms.katalon.core.main.TestCaseExecutor.runScript(TestCaseExecutor.java:448)
	at com.kms.katalon.core.main.TestCaseExecutor.doExecute(TestCaseExecutor.java:439)
	at com.kms.katalon.core.main.TestCaseExecutor.processExecutionPhase(TestCaseExecutor.java:418)
	at com.kms.katalon.core.main.TestCaseExecutor.accessMainPhase(TestCaseExecutor.java:410)
	at com.kms.katalon.core.main.TestCaseExecutor.execute(TestCaseExecutor.java:285)
	at com.kms.katalon.core.common.CommonExecutor.accessTestCaseMainPhase(CommonExecutor.java:65)
	at com.kms.katalon.core.main.TestSuiteExecutor.accessTestSuiteMainPhase(TestSuiteExecutor.java:148)
	at com.kms.katalon.core.main.TestSuiteExecutor.execute(TestSuiteExecutor.java:106)
	at com.kms.katalon.core.main.TestCaseMain.startTestSuite(TestCaseMain.java:180)
	at TempTestSuite1704106396390.run(TempTestSuite1704106396390.groovy:36)
	at java.base/jdk.internal.reflect.NativeMethodAccessorImpl.invoke0(Native Method)
	at java.base/jdk.internal.reflect.NativeMethodAccessorImpl.invoke(NativeMethodAccessorImpl.java:77)
	at java.base/jdk.internal.reflect.DelegatingMethodAccessorImpl.invoke(DelegatingMethodAccessorImpl.java:43)


01-01-2024T17:53:20 - [TEST_STEP][PASSED] - openBrowser(""): Browser is opened with url: ''

01-01-2024T17:53:20 - [MESSAGE][INFO] - Starting 'Chrome' driver

01-01-2024T17:53:20 - [MESSAGE][INFO] - Action delay is set to 0 milliseconds

01-01-2024T17:53:22 - [MESSAGE][PASSED] - Browser is opened with url: ''

01-01-2024T17:53:22 - [TEST_STEP][PASSED] - navigateToUrl("https://firefly.buudadawg.online/login"): Navigate to 'https://firefly.buudadawg.online/login' successfully

01-01-2024T17:53:25 - [MESSAGE][PASSED] - Navigate to 'https://firefly.buudadawg.online/login' successfully

01-01-2024T17:53:25 - [TEST_STEP][PASSED] - setText(findTestObject("Object Repository/Transaction/Page_Login to Firefly III/input_email"), "killermh1352@gmail.com"): Text 'killermh1352@gmail.com' is set on object 'Object Repository/Transaction/Page_Login to Firefly III/input_email'

01-01-2024T17:53:26 - [MESSAGE][PASSED] - Text 'killermh1352@gmail.com' is set on object 'Object Repository/Transaction/Page_Login to Firefly III/input_email'

01-01-2024T17:53:26 - [TEST_STEP][PASSED] - setEncryptedText(findTestObject("Object Repository/Transaction/Page_Login to Firefly III/input_password"), "6oCTgB1F4BsRIglOqBBBioLQaRY939LF"): Text ****** has been set on object 'Object Repository/Transaction/Page_Login to Firefly III/input_password'

01-01-2024T17:53:26 - [MESSAGE][PASSED] - Text ****** has been set on object 'Object Repository/Transaction/Page_Login to Firefly III/input_password'

01-01-2024T17:53:26 - [TEST_STEP][PASSED] - sendKeys(findTestObject("Object Repository/Transaction/Page_Login to Firefly III/input_password"), Keys.chord(ENTER)): Keys 'ENTER + ' sent to object: 'Object Repository/Transaction/Page_Login to Firefly III/input_password'

01-01-2024T17:53:27 - [MESSAGE][PASSED] - Keys 'ENTER + ' sent to object: 'Object Repository/Transaction/Page_Login to Firefly III/input_password'

01-01-2024T17:53:27 - [TEST_STEP][PASSED] - click(findTestObject("Object Repository/Transaction/Page_Whats playing  Firefly III/a_Transactions")): Object: 'Object Repository/Transaction/Page_Whats playing  Firefly III/a_Transactions' is clicked on

01-01-2024T17:53:28 - [MESSAGE][PASSED] - Object: 'Object Repository/Transaction/Page_Whats playing  Firefly III/a_Transactions' is clicked on

01-01-2024T17:53:28 - [TEST_STEP][PASSED] - click(findTestObject("Object Repository/Transaction/Page_Whats playing  Firefly III/a_Expenses")): Object: 'Object Repository/Transaction/Page_Whats playing  Firefly III/a_Expenses' is clicked on

01-01-2024T17:53:29 - [MESSAGE][PASSED] - Object: 'Object Repository/Transaction/Page_Whats playing  Firefly III/a_Expenses' is clicked on

01-01-2024T17:53:29 - [TEST_STEP][PASSED] - click(findTestObject("Object Repository/Transaction/Page_All expenses between January 1st, 2024_d388e7/a_Create a new transaction")): Object: 'Object Repository/Transaction/Page_All expenses between January 1st, 2024_d388e7/a_Create a new transaction' is clicked on

01-01-2024T17:53:30 - [MESSAGE][PASSED] - Object: 'Object Repository/Transaction/Page_All expenses between January 1st, 2024_d388e7/a_Create a new transaction' is clicked on

01-01-2024T17:53:30 - [TEST_STEP][PASSED] - setText(findTestObject("Transaction/Page_Create new withdrawal  Transactions  F_057ce1/input_description"), description): Text 'Industrial Machinery/Components' is set on object 'Object Repository/Transaction/Page_Create new withdrawal  Transactions  F_057ce1/input_description'

01-01-2024T17:53:31 - [MESSAGE][PASSED] - Text 'Industrial Machinery/Components' is set on object 'Object Repository/Transaction/Page_Create new withdrawal  Transactions  F_057ce1/input_description'

01-01-2024T17:53:31 - [TEST_STEP][PASSED] - setText(findTestObject("Object Repository/Transaction/Page_Create new withdrawal  Transactions  F_057ce1/input_source"), source_account, STOP_ON_FAILURE): Text 'My Asset Account' is set on object 'Object Repository/Transaction/Page_Create new withdrawal  Transactions  F_057ce1/input_source'

01-01-2024T17:53:32 - [MESSAGE][PASSED] - Text 'My Asset Account' is set on object 'Object Repository/Transaction/Page_Create new withdrawal  Transactions  F_057ce1/input_source'

01-01-2024T17:53:32 - [TEST_STEP][PASSED] - setText(findTestObject("Object Repository/Transaction/Page_Create new withdrawal  Transactions  F_057ce1/input_destination"), destination_account, STOP_ON_FAILURE): Text 'My Savings Account' is set on object 'Object Repository/Transaction/Page_Create new withdrawal  Transactions  F_057ce1/input_destination'

01-01-2024T17:53:33 - [MESSAGE][PASSED] - Text 'My Savings Account' is set on object 'Object Repository/Transaction/Page_Create new withdrawal  Transactions  F_057ce1/input_destination'

01-01-2024T17:53:33 - [TEST_STEP][PASSED] - setText(findTestObject("Object Repository/Transaction/Page_Create new withdrawal  Transactions  F_057ce1/input_amount"), amount): Text '39' is set on object 'Object Repository/Transaction/Page_Create new withdrawal  Transactions  F_057ce1/input_amount'

01-01-2024T17:53:35 - [MESSAGE][PASSED] - Text '39' is set on object 'Object Repository/Transaction/Page_Create new withdrawal  Transactions  F_057ce1/input_amount'

01-01-2024T17:53:35 - [TEST_STEP][ERROR] - if (value != "0"): Test Cases/Transaction FAILED.
Reason:
groovy.lang.MissingPropertyException: No such property: value for class: com.kms.katalon.core.testobject.TestObject
	at Transaction.run(Transaction:47)
	at com.kms.katalon.core.main.ScriptEngine.run(ScriptEngine.java:194)
	at com.kms.katalon.core.main.ScriptEngine.runScriptAsRawText(ScriptEngine.java:119)
	at com.kms.katalon.core.main.TestCaseExecutor.runScript(TestCaseExecutor.java:448)
	at com.kms.katalon.core.main.TestCaseExecutor.doExecute(TestCaseExecutor.java:439)
	at com.kms.katalon.core.main.TestCaseExecutor.processExecutionPhase(TestCaseExecutor.java:418)
	at com.kms.katalon.core.main.TestCaseExecutor.accessMainPhase(TestCaseExecutor.java:410)
	at com.kms.katalon.core.main.TestCaseExecutor.execute(TestCaseExecutor.java:285)
	at com.kms.katalon.core.common.CommonExecutor.accessTestCaseMainPhase(CommonExecutor.java:65)
	at com.kms.katalon.core.main.TestSuiteExecutor.accessTestSuiteMainPhase(TestSuiteExecutor.java:148)
	at com.kms.katalon.core.main.TestSuiteExecutor.execute(TestSuiteExecutor.java:106)
	at com.kms.katalon.core.main.TestCaseMain.startTestSuite(TestCaseMain.java:180)
	at TempTestSuite1704106396390.run(TempTestSuite1704106396390.groovy:36)
	at java.base/jdk.internal.reflect.NativeMethodAccessorImpl.invoke0(Native Method)
	at java.base/jdk.internal.reflect.NativeMethodAccessorImpl.invoke(NativeMethodAccessorImpl.java:77)
	at java.base/jdk.internal.reflect.DelegatingMethodAccessorImpl.invoke(DelegatingMethodAccessorImpl.java:43)


01-01-2024T17:53:35 - [MESSAGE][ERROR] - Test Cases/Transaction FAILED.
Reason:
groovy.lang.MissingPropertyException: No such property: value for class: com.kms.katalon.core.testobject.TestObject
	at Transaction.run(Transaction:47)
	at com.kms.katalon.core.main.ScriptEngine.run(ScriptEngine.java:194)
	at com.kms.katalon.core.main.ScriptEngine.runScriptAsRawText(ScriptEngine.java:119)
	at com.kms.katalon.core.main.TestCaseExecutor.runScript(TestCaseExecutor.java:448)
	at com.kms.katalon.core.main.TestCaseExecutor.doExecute(TestCaseExecutor.java:439)
	at com.kms.katalon.core.main.TestCaseExecutor.processExecutionPhase(TestCaseExecutor.java:418)
	at com.kms.katalon.core.main.TestCaseExecutor.accessMainPhase(TestCaseExecutor.java:410)
	at com.kms.katalon.core.main.TestCaseExecutor.execute(TestCaseExecutor.java:285)
	at com.kms.katalon.core.common.CommonExecutor.accessTestCaseMainPhase(CommonExecutor.java:65)
	at com.kms.katalon.core.main.TestSuiteExecutor.accessTestSuiteMainPhase(TestSuiteExecutor.java:148)
	at com.kms.katalon.core.main.TestSuiteExecutor.execute(TestSuiteExecutor.java:106)
	at com.kms.katalon.core.main.TestCaseMain.startTestSuite(TestCaseMain.java:180)
	at TempTestSuite1704106396390.run(TempTestSuite1704106396390.groovy:36)
	at java.base/jdk.internal.reflect.NativeMethodAccessorImpl.invoke0(Native Method)
	at java.base/jdk.internal.reflect.NativeMethodAccessorImpl.invoke(NativeMethodAccessorImpl.java:77)
	at java.base/jdk.internal.reflect.DelegatingMethodAccessorImpl.invoke(DelegatingMethodAccessorImpl.java:43)]]></system-out>
         <system-err><![CDATA[01-01-2024T17:53:20 - [TEST_CASE][ERROR] - Test Cases/Transaction: Test Cases/Transaction FAILED.
Reason:
groovy.lang.MissingPropertyException: No such property: value for class: com.kms.katalon.core.testobject.TestObject
	at Transaction.run(Transaction:47)
	at com.kms.katalon.core.main.ScriptEngine.run(ScriptEngine.java:194)
	at com.kms.katalon.core.main.ScriptEngine.runScriptAsRawText(ScriptEngine.java:119)
	at com.kms.katalon.core.main.TestCaseExecutor.runScript(TestCaseExecutor.java:448)
	at com.kms.katalon.core.main.TestCaseExecutor.doExecute(TestCaseExecutor.java:439)
	at com.kms.katalon.core.main.TestCaseExecutor.processExecutionPhase(TestCaseExecutor.java:418)
	at com.kms.katalon.core.main.TestCaseExecutor.accessMainPhase(TestCaseExecutor.java:410)
	at com.kms.katalon.core.main.TestCaseExecutor.execute(TestCaseExecutor.java:285)
	at com.kms.katalon.core.common.CommonExecutor.accessTestCaseMainPhase(CommonExecutor.java:65)
	at com.kms.katalon.core.main.TestSuiteExecutor.accessTestSuiteMainPhase(TestSuiteExecutor.java:148)
	at com.kms.katalon.core.main.TestSuiteExecutor.execute(TestSuiteExecutor.java:106)
	at com.kms.katalon.core.main.TestCaseMain.startTestSuite(TestCaseMain.java:180)
	at TempTestSuite1704106396390.run(TempTestSuite1704106396390.groovy:36)
	at java.base/jdk.internal.reflect.NativeMethodAccessorImpl.invoke0(Native Method)
	at java.base/jdk.internal.reflect.NativeMethodAccessorImpl.invoke(NativeMethodAccessorImpl.java:77)
	at java.base/jdk.internal.reflect.DelegatingMethodAccessorImpl.invoke(DelegatingMethodAccessorImpl.java:43)]]></system-err>
      </testcase>
      <testcase name="Test Cases/Transaction" time="13.486" classname="Test Cases/Transaction" status="ERROR">
         <error type="ERROR" message="Test Cases/Transaction FAILED.&#xa;Reason:&#xa;groovy.lang.MissingPropertyException: No such property: value for class: com.kms.katalon.core.testobject.TestObject&#xa;	at Transaction.run(Transaction:47)&#xa;	at com.kms.katalon.core.main.ScriptEngine.run(ScriptEngine.java:194)&#xa;	at com.kms.katalon.core.main.ScriptEngine.runScriptAsRawText(ScriptEngine.java:119)&#xa;	at com.kms.katalon.core.main.TestCaseExecutor.runScript(TestCaseExecutor.java:448)&#xa;	at com.kms.katalon.core.main.TestCaseExecutor.doExecute(TestCaseExecutor.java:439)&#xa;	at com.kms.katalon.core.main.TestCaseExecutor.processExecutionPhase(TestCaseExecutor.java:418)&#xa;	at com.kms.katalon.core.main.TestCaseExecutor.accessMainPhase(TestCaseExecutor.java:410)&#xa;	at com.kms.katalon.core.main.TestCaseExecutor.execute(TestCaseExecutor.java:285)&#xa;	at com.kms.katalon.core.common.CommonExecutor.accessTestCaseMainPhase(CommonExecutor.java:65)&#xa;	at com.kms.katalon.core.main.TestSuiteExecutor.accessTestSuiteMainPhase(TestSuiteExecutor.java:148)&#xa;	at com.kms.katalon.core.main.TestSuiteExecutor.execute(TestSuiteExecutor.java:106)&#xa;	at com.kms.katalon.core.main.TestCaseMain.startTestSuite(TestCaseMain.java:180)&#xa;	at TempTestSuite1704106396390.run(TempTestSuite1704106396390.groovy:36)&#xa;	at java.base/jdk.internal.reflect.NativeMethodAccessorImpl.invoke0(Native Method)&#xa;	at java.base/jdk.internal.reflect.NativeMethodAccessorImpl.invoke(NativeMethodAccessorImpl.java:77)&#xa;	at java.base/jdk.internal.reflect.DelegatingMethodAccessorImpl.invoke(DelegatingMethodAccessorImpl.java:43)&#xa;"/>
         <system-out><![CDATA[01-01-2024T17:53:35 - [TEST_CASE][ERROR] - Test Cases/Transaction: Test Cases/Transaction FAILED.
Reason:
groovy.lang.MissingPropertyException: No such property: value for class: com.kms.katalon.core.testobject.TestObject
	at Transaction.run(Transaction:47)
	at com.kms.katalon.core.main.ScriptEngine.run(ScriptEngine.java:194)
	at com.kms.katalon.core.main.ScriptEngine.runScriptAsRawText(ScriptEngine.java:119)
	at com.kms.katalon.core.main.TestCaseExecutor.runScript(TestCaseExecutor.java:448)
	at com.kms.katalon.core.main.TestCaseExecutor.doExecute(TestCaseExecutor.java:439)
	at com.kms.katalon.core.main.TestCaseExecutor.processExecutionPhase(TestCaseExecutor.java:418)
	at com.kms.katalon.core.main.TestCaseExecutor.accessMainPhase(TestCaseExecutor.java:410)
	at com.kms.katalon.core.main.TestCaseExecutor.execute(TestCaseExecutor.java:285)
	at com.kms.katalon.core.common.CommonExecutor.accessTestCaseMainPhase(CommonExecutor.java:65)
	at com.kms.katalon.core.main.TestSuiteExecutor.accessTestSuiteMainPhase(TestSuiteExecutor.java:148)
	at com.kms.katalon.core.main.TestSuiteExecutor.execute(TestSuiteExecutor.java:106)
	at com.kms.katalon.core.main.TestCaseMain.startTestSuite(TestCaseMain.java:180)
	at TempTestSuite1704106396390.run(TempTestSuite1704106396390.groovy:36)
	at java.base/jdk.internal.reflect.NativeMethodAccessorImpl.invoke0(Native Method)
	at java.base/jdk.internal.reflect.NativeMethodAccessorImpl.invoke(NativeMethodAccessorImpl.java:77)
	at java.base/jdk.internal.reflect.DelegatingMethodAccessorImpl.invoke(DelegatingMethodAccessorImpl.java:43)


01-01-2024T17:53:35 - [TEST_STEP][PASSED] - openBrowser(""): Browser is opened with url: ''

01-01-2024T17:53:35 - [MESSAGE][WARNING] - A browser is already opened. Closing browser and opening a new one

01-01-2024T17:53:35 - [MESSAGE][INFO] - Starting 'Chrome' driver

01-01-2024T17:53:35 - [MESSAGE][INFO] - Action delay is set to 0 milliseconds

01-01-2024T17:53:36 - [MESSAGE][PASSED] - Browser is opened with url: ''

01-01-2024T17:53:36 - [TEST_STEP][PASSED] - navigateToUrl("https://firefly.buudadawg.online/login"): Navigate to 'https://firefly.buudadawg.online/login' successfully

01-01-2024T17:53:39 - [MESSAGE][PASSED] - Navigate to 'https://firefly.buudadawg.online/login' successfully

01-01-2024T17:53:39 - [TEST_STEP][PASSED] - setText(findTestObject("Object Repository/Transaction/Page_Login to Firefly III/input_email"), "killermh1352@gmail.com"): Text 'killermh1352@gmail.com' is set on object 'Object Repository/Transaction/Page_Login to Firefly III/input_email'

01-01-2024T17:53:39 - [MESSAGE][PASSED] - Text 'killermh1352@gmail.com' is set on object 'Object Repository/Transaction/Page_Login to Firefly III/input_email'

01-01-2024T17:53:39 - [TEST_STEP][PASSED] - setEncryptedText(findTestObject("Object Repository/Transaction/Page_Login to Firefly III/input_password"), "6oCTgB1F4BsRIglOqBBBioLQaRY939LF"): Text ****** has been set on object 'Object Repository/Transaction/Page_Login to Firefly III/input_password'

01-01-2024T17:53:40 - [MESSAGE][PASSED] - Text ****** has been set on object 'Object Repository/Transaction/Page_Login to Firefly III/input_password'

01-01-2024T17:53:40 - [TEST_STEP][PASSED] - sendKeys(findTestObject("Object Repository/Transaction/Page_Login to Firefly III/input_password"), Keys.chord(ENTER)): Keys 'ENTER + ' sent to object: 'Object Repository/Transaction/Page_Login to Firefly III/input_password'

01-01-2024T17:53:41 - [MESSAGE][PASSED] - Keys 'ENTER + ' sent to object: 'Object Repository/Transaction/Page_Login to Firefly III/input_password'

01-01-2024T17:53:41 - [TEST_STEP][PASSED] - click(findTestObject("Object Repository/Transaction/Page_Whats playing  Firefly III/a_Transactions")): Object: 'Object Repository/Transaction/Page_Whats playing  Firefly III/a_Transactions' is clicked on

01-01-2024T17:53:42 - [MESSAGE][PASSED] - Object: 'Object Repository/Transaction/Page_Whats playing  Firefly III/a_Transactions' is clicked on

01-01-2024T17:53:42 - [TEST_STEP][PASSED] - click(findTestObject("Object Repository/Transaction/Page_Whats playing  Firefly III/a_Expenses")): Object: 'Object Repository/Transaction/Page_Whats playing  Firefly III/a_Expenses' is clicked on

01-01-2024T17:53:43 - [MESSAGE][PASSED] - Object: 'Object Repository/Transaction/Page_Whats playing  Firefly III/a_Expenses' is clicked on

01-01-2024T17:53:43 - [TEST_STEP][PASSED] - click(findTestObject("Object Repository/Transaction/Page_All expenses between January 1st, 2024_d388e7/a_Create a new transaction")): Object: 'Object Repository/Transaction/Page_All expenses between January 1st, 2024_d388e7/a_Create a new transaction' is clicked on

01-01-2024T17:53:44 - [MESSAGE][PASSED] - Object: 'Object Repository/Transaction/Page_All expenses between January 1st, 2024_d388e7/a_Create a new transaction' is clicked on

01-01-2024T17:53:44 - [TEST_STEP][PASSED] - setText(findTestObject("Transaction/Page_Create new withdrawal  Transactions  F_057ce1/input_description"), description): Text 'Major Pharmaceuticals' is set on object 'Object Repository/Transaction/Page_Create new withdrawal  Transactions  F_057ce1/input_description'

01-01-2024T17:53:45 - [MESSAGE][PASSED] - Text 'Major Pharmaceuticals' is set on object 'Object Repository/Transaction/Page_Create new withdrawal  Transactions  F_057ce1/input_description'

01-01-2024T17:53:45 - [TEST_STEP][PASSED] - setText(findTestObject("Object Repository/Transaction/Page_Create new withdrawal  Transactions  F_057ce1/input_source"), source_account, STOP_ON_FAILURE): Text 'My Savings Account' is set on object 'Object Repository/Transaction/Page_Create new withdrawal  Transactions  F_057ce1/input_source'

01-01-2024T17:53:46 - [MESSAGE][PASSED] - Text 'My Savings Account' is set on object 'Object Repository/Transaction/Page_Create new withdrawal  Transactions  F_057ce1/input_source'

01-01-2024T17:53:46 - [TEST_STEP][PASSED] - setText(findTestObject("Object Repository/Transaction/Page_Create new withdrawal  Transactions  F_057ce1/input_destination"), destination_account, STOP_ON_FAILURE): Text 'My Asset Account' is set on object 'Object Repository/Transaction/Page_Create new withdrawal  Transactions  F_057ce1/input_destination'

01-01-2024T17:53:47 - [MESSAGE][PASSED] - Text 'My Asset Account' is set on object 'Object Repository/Transaction/Page_Create new withdrawal  Transactions  F_057ce1/input_destination'

01-01-2024T17:53:47 - [TEST_STEP][PASSED] - setText(findTestObject("Object Repository/Transaction/Page_Create new withdrawal  Transactions  F_057ce1/input_amount"), amount): Text '34' is set on object 'Object Repository/Transaction/Page_Create new withdrawal  Transactions  F_057ce1/input_amount'

01-01-2024T17:53:48 - [MESSAGE][PASSED] - Text '34' is set on object 'Object Repository/Transaction/Page_Create new withdrawal  Transactions  F_057ce1/input_amount'

01-01-2024T17:53:48 - [TEST_STEP][ERROR] - if (value != "0"): Test Cases/Transaction FAILED.
Reason:
groovy.lang.MissingPropertyException: No such property: value for class: com.kms.katalon.core.testobject.TestObject
	at Transaction.run(Transaction:47)
	at com.kms.katalon.core.main.ScriptEngine.run(ScriptEngine.java:194)
	at com.kms.katalon.core.main.ScriptEngine.runScriptAsRawText(ScriptEngine.java:119)
	at com.kms.katalon.core.main.TestCaseExecutor.runScript(TestCaseExecutor.java:448)
	at com.kms.katalon.core.main.TestCaseExecutor.doExecute(TestCaseExecutor.java:439)
	at com.kms.katalon.core.main.TestCaseExecutor.processExecutionPhase(TestCaseExecutor.java:418)
	at com.kms.katalon.core.main.TestCaseExecutor.accessMainPhase(TestCaseExecutor.java:410)
	at com.kms.katalon.core.main.TestCaseExecutor.execute(TestCaseExecutor.java:285)
	at com.kms.katalon.core.common.CommonExecutor.accessTestCaseMainPhase(CommonExecutor.java:65)
	at com.kms.katalon.core.main.TestSuiteExecutor.accessTestSuiteMainPhase(TestSuiteExecutor.java:148)
	at com.kms.katalon.core.main.TestSuiteExecutor.execute(TestSuiteExecutor.java:106)
	at com.kms.katalon.core.main.TestCaseMain.startTestSuite(TestCaseMain.java:180)
	at TempTestSuite1704106396390.run(TempTestSuite1704106396390.groovy:36)
	at java.base/jdk.internal.reflect.NativeMethodAccessorImpl.invoke0(Native Method)
	at java.base/jdk.internal.reflect.NativeMethodAccessorImpl.invoke(NativeMethodAccessorImpl.java:77)
	at java.base/jdk.internal.reflect.DelegatingMethodAccessorImpl.invoke(DelegatingMethodAccessorImpl.java:43)


01-01-2024T17:53:48 - [MESSAGE][ERROR] - Test Cases/Transaction FAILED.
Reason:
groovy.lang.MissingPropertyException: No such property: value for class: com.kms.katalon.core.testobject.TestObject
	at Transaction.run(Transaction:47)
	at com.kms.katalon.core.main.ScriptEngine.run(ScriptEngine.java:194)
	at com.kms.katalon.core.main.ScriptEngine.runScriptAsRawText(ScriptEngine.java:119)
	at com.kms.katalon.core.main.TestCaseExecutor.runScript(TestCaseExecutor.java:448)
	at com.kms.katalon.core.main.TestCaseExecutor.doExecute(TestCaseExecutor.java:439)
	at com.kms.katalon.core.main.TestCaseExecutor.processExecutionPhase(TestCaseExecutor.java:418)
	at com.kms.katalon.core.main.TestCaseExecutor.accessMainPhase(TestCaseExecutor.java:410)
	at com.kms.katalon.core.main.TestCaseExecutor.execute(TestCaseExecutor.java:285)
	at com.kms.katalon.core.common.CommonExecutor.accessTestCaseMainPhase(CommonExecutor.java:65)
	at com.kms.katalon.core.main.TestSuiteExecutor.accessTestSuiteMainPhase(TestSuiteExecutor.java:148)
	at com.kms.katalon.core.main.TestSuiteExecutor.execute(TestSuiteExecutor.java:106)
	at com.kms.katalon.core.main.TestCaseMain.startTestSuite(TestCaseMain.java:180)
	at TempTestSuite1704106396390.run(TempTestSuite1704106396390.groovy:36)
	at java.base/jdk.internal.reflect.NativeMethodAccessorImpl.invoke0(Native Method)
	at java.base/jdk.internal.reflect.NativeMethodAccessorImpl.invoke(NativeMethodAccessorImpl.java:77)
	at java.base/jdk.internal.reflect.DelegatingMethodAccessorImpl.invoke(DelegatingMethodAccessorImpl.java:43)]]></system-out>
         <system-err><![CDATA[01-01-2024T17:53:35 - [TEST_CASE][ERROR] - Test Cases/Transaction: Test Cases/Transaction FAILED.
Reason:
groovy.lang.MissingPropertyException: No such property: value for class: com.kms.katalon.core.testobject.TestObject
	at Transaction.run(Transaction:47)
	at com.kms.katalon.core.main.ScriptEngine.run(ScriptEngine.java:194)
	at com.kms.katalon.core.main.ScriptEngine.runScriptAsRawText(ScriptEngine.java:119)
	at com.kms.katalon.core.main.TestCaseExecutor.runScript(TestCaseExecutor.java:448)
	at com.kms.katalon.core.main.TestCaseExecutor.doExecute(TestCaseExecutor.java:439)
	at com.kms.katalon.core.main.TestCaseExecutor.processExecutionPhase(TestCaseExecutor.java:418)
	at com.kms.katalon.core.main.TestCaseExecutor.accessMainPhase(TestCaseExecutor.java:410)
	at com.kms.katalon.core.main.TestCaseExecutor.execute(TestCaseExecutor.java:285)
	at com.kms.katalon.core.common.CommonExecutor.accessTestCaseMainPhase(CommonExecutor.java:65)
	at com.kms.katalon.core.main.TestSuiteExecutor.accessTestSuiteMainPhase(TestSuiteExecutor.java:148)
	at com.kms.katalon.core.main.TestSuiteExecutor.execute(TestSuiteExecutor.java:106)
	at com.kms.katalon.core.main.TestCaseMain.startTestSuite(TestCaseMain.java:180)
	at TempTestSuite1704106396390.run(TempTestSuite1704106396390.groovy:36)
	at java.base/jdk.internal.reflect.NativeMethodAccessorImpl.invoke0(Native Method)
	at java.base/jdk.internal.reflect.NativeMethodAccessorImpl.invoke(NativeMethodAccessorImpl.java:77)
	at java.base/jdk.internal.reflect.DelegatingMethodAccessorImpl.invoke(DelegatingMethodAccessorImpl.java:43)]]></system-err>
      </testcase>
      <system-out><![CDATA[01-01-2024T17:53:19 - [TEST_SUITE][ERROR] - Transaction: Test Cases/Transaction FAILED.
Reason:
groovy.lang.MissingPropertyException: No such property: value for class: com.kms.katalon.core.testobject.TestObject
	at Transaction.run(Transaction:47)
	at com.kms.katalon.core.main.ScriptEngine.run(ScriptEngine.java:194)
	at com.kms.katalon.core.main.ScriptEngine.runScriptAsRawText(ScriptEngine.java:119)
	at com.kms.katalon.core.main.TestCaseExecutor.runScript(TestCaseExecutor.java:448)
	at com.kms.katalon.core.main.TestCaseExecutor.doExecute(TestCaseExecutor.java:439)
	at com.kms.katalon.core.main.TestCaseExecutor.processExecutionPhase(TestCaseExecutor.java:418)
	at com.kms.katalon.core.main.TestCaseExecutor.accessMainPhase(TestCaseExecutor.java:410)
	at com.kms.katalon.core.main.TestCaseExecutor.execute(TestCaseExecutor.java:285)
	at com.kms.katalon.core.common.CommonExecutor.accessTestCaseMainPhase(CommonExecutor.java:65)
	at com.kms.katalon.core.main.TestSuiteExecutor.accessTestSuiteMainPhase(TestSuiteExecutor.java:148)
	at com.kms.katalon.core.main.TestSuiteExecutor.execute(TestSuiteExecutor.java:106)
	at com.kms.katalon.core.main.TestCaseMain.startTestSuite(TestCaseMain.java:180)
	at TempTestSuite1704106396390.run(TempTestSuite1704106396390.groovy:36)
	at java.base/jdk.internal.reflect.NativeMethodAccessorImpl.invoke0(Native Method)
	at java.base/jdk.internal.reflect.NativeMethodAccessorImpl.invoke(NativeMethodAccessorImpl.java:77)
	at java.base/jdk.internal.reflect.DelegatingMethodAccessorImpl.invoke(DelegatingMethodAccessorImpl.java:43)]]></system-out>
      <system-err><![CDATA[01-01-2024T17:53:19 - [TEST_SUITE][ERROR] - Transaction: Test Cases/Transaction FAILED.
Reason:
groovy.lang.MissingPropertyException: No such property: value for class: com.kms.katalon.core.testobject.TestObject
	at Transaction.run(Transaction:47)
	at com.kms.katalon.core.main.ScriptEngine.run(ScriptEngine.java:194)
	at com.kms.katalon.core.main.ScriptEngine.runScriptAsRawText(ScriptEngine.java:119)
	at com.kms.katalon.core.main.TestCaseExecutor.runScript(TestCaseExecutor.java:448)
	at com.kms.katalon.core.main.TestCaseExecutor.doExecute(TestCaseExecutor.java:439)
	at com.kms.katalon.core.main.TestCaseExecutor.processExecutionPhase(TestCaseExecutor.java:418)
	at com.kms.katalon.core.main.TestCaseExecutor.accessMainPhase(TestCaseExecutor.java:410)
	at com.kms.katalon.core.main.TestCaseExecutor.execute(TestCaseExecutor.java:285)
	at com.kms.katalon.core.common.CommonExecutor.accessTestCaseMainPhase(CommonExecutor.java:65)
	at com.kms.katalon.core.main.TestSuiteExecutor.accessTestSuiteMainPhase(TestSuiteExecutor.java:148)
	at com.kms.katalon.core.main.TestSuiteExecutor.execute(TestSuiteExecutor.java:106)
	at com.kms.katalon.core.main.TestCaseMain.startTestSuite(TestCaseMain.java:180)
	at TempTestSuite1704106396390.run(TempTestSuite1704106396390.groovy:36)
	at java.base/jdk.internal.reflect.NativeMethodAccessorImpl.invoke0(Native Method)
	at java.base/jdk.internal.reflect.NativeMethodAccessorImpl.invoke(NativeMethodAccessorImpl.java:77)
	at java.base/jdk.internal.reflect.DelegatingMethodAccessorImpl.invoke(DelegatingMethodAccessorImpl.java:43)]]></system-err>
   </testsuite>
</testsuites>
