<?xml version="1.0" encoding="UTF-8"?>
<testsuites name="Create a new asset account" time="187.443" tests="10" failures="1" errors="0">
   <testsuite name="Create a new asset account" tests="10" failures="1" errors="0" time="187.443" skipped="0" timestamp="02-01-2024T00:40:35" hostname="Luat Huynh - LuatHuynh.mshome.net" id="Test Suites/Create a new asset account">
      <properties>
         <property name="deviceName" value=""/>
         <property name="devicePlatform" value=""/>
         <property name="logFolder" value="D:\\ktpm\\G1_Firefly_testing\\Reports\\20240102_004031\\Create a new asset account\\20240102_004031"/>
         <property name="logFiles" value="D:\\ktpm\\G1_Firefly_testing\\Reports\\20240102_004031\\Create a new asset account\\20240102_004031\\execution0.log"/>
         <property name="attachments" value="D:\\ktpm\\G1_Firefly_testing\\Reports\\20240102_004031\\Create a new asset account\\20240102_004031\\1704130854418.png, D:\\ktpm\\G1_Firefly_testing\\Reports\\20240102_004031\\Create a new asset account\\20240102_004031\\1704130854554.png, D:\\ktpm\\G1_Firefly_testing\\Reports\\20240102_004031\\Create a new asset account\\20240102_004031\\1704130871339.png, D:\\ktpm\\G1_Firefly_testing\\Reports\\20240102_004031\\Create a new asset account\\20240102_004031\\1704130871441.png, D:\\ktpm\\G1_Firefly_testing\\Reports\\20240102_004031\\Create a new asset account\\20240102_004031\\1704130921106.png, D:\\ktpm\\G1_Firefly_testing\\Reports\\20240102_004031\\Create a new asset account\\20240102_004031\\1704130921213.png, D:\\ktpm\\G1_Firefly_testing\\Reports\\20240102_004031\\Create a new asset account\\20240102_004031\\1704130971998.png, D:\\ktpm\\G1_Firefly_testing\\Reports\\20240102_004031\\Create a new asset account\\20240102_004031\\1704130972105.png, D:\\ktpm\\G1_Firefly_testing\\Reports\\20240102_004031\\Create a new asset account\\20240102_004031\\1704130988956.png, D:\\ktpm\\G1_Firefly_testing\\Reports\\20240102_004031\\Create a new asset account\\20240102_004031\\1704130989050.png, D:\\ktpm\\G1_Firefly_testing\\Reports\\20240102_004031\\Create a new asset account\\20240102_004031\\1704131005751.png, D:\\ktpm\\G1_Firefly_testing\\Reports\\20240102_004031\\Create a new asset account\\20240102_004031\\1704131005856.png, D:\\ktpm\\G1_Firefly_testing\\Reports\\20240102_004031\\Create a new asset account\\20240102_004031\\1704131022775.png, D:\\ktpm\\G1_Firefly_testing\\Reports\\20240102_004031\\Create a new asset account\\20240102_004031\\1704131022874.png"/>
         <property name="hostName" value="Luat Huynh - LuatHuynh.mshome.net"/>
         <property name="os" value="Windows 11 64bit"/>
         <property name="katalonVersion" value="9.2.0.212"/>
         <property name="browser" value="Chrome 120.0.0.0"/>
         <property name="hostAddress" value="192.168.137.1"/>
         <property name="sessionId" value="045863938fb5e8b9067db7131838586c"/>
         <property name="seleniumVersion" value="3.141.59"/>
         <property name="proxyInformation" value="ProxyInformation { proxyOption=USE_SYSTEM, proxyServerType=HTTP, username=, password=********, proxyServerAddress=, proxyServerPort=0, executionList=&quot;&quot;, isApplyToDesiredCapabilities=true }"/>
         <property name="platform" value="Windows 11"/>
      </properties>
      <testcase name="Test Cases/Create a new asset account" time="18.794" classname="Test Cases/Create a new asset account" status="PASSED">
         <system-out><![CDATA[02-01-2024T00:40:36 - [TEST_CASE][PASSED] - Test Cases/Create a new asset account: Test Cases/Create a new asset account

02-01-2024T00:40:37 - [TEST_STEP][PASSED] - openBrowser(""): Browser is opened with url: ''

02-01-2024T00:40:37 - [MESSAGE][INFO] - Starting 'Chrome' driver

02-01-2024T00:40:37 - [MESSAGE][INFO] - Action delay is set to 0 milliseconds

02-01-2024T00:40:39 - [MESSAGE][PASSED] - Browser is opened with url: ''

02-01-2024T00:40:39 - [TEST_STEP][PASSED] - navigateToUrl("https://firefly.buudadawg.online/accounts/create/asset"): Navigate to 'https://firefly.buudadawg.online/accounts/create/asset' successfully

02-01-2024T00:40:40 - [MESSAGE][PASSED] - Navigate to 'https://firefly.buudadawg.online/accounts/create/asset' successfully

02-01-2024T00:40:40 - [TEST_STEP][PASSED] - setText(findTestObject("Object Repository/Create a new asset account/Page_Login to Firefly III/input_email"), "huynhluat.dn@gmail.com"): Text 'huynhluat.dn@gmail.com' is set on object 'Object Repository/Create a new asset account/Page_Login to Firefly III/input_email'

02-01-2024T00:40:42 - [MESSAGE][PASSED] - Text 'huynhluat.dn@gmail.com' is set on object 'Object Repository/Create a new asset account/Page_Login to Firefly III/input_email'

02-01-2024T00:40:42 - [TEST_STEP][PASSED] - setEncryptedText(findTestObject("Object Repository/Create a new asset account/Page_Login to Firefly III/input_password"), "GDttjE7iuxOgQwNBt53tbwiiBI5Qr4kb"): Text ****** has been set on object 'Object Repository/Create a new asset account/Page_Login to Firefly III/input_password'

02-01-2024T00:40:42 - [MESSAGE][PASSED] - Text ****** has been set on object 'Object Repository/Create a new asset account/Page_Login to Firefly III/input_password'

02-01-2024T00:40:42 - [TEST_STEP][PASSED] - click(findTestObject("Object Repository/Create a new asset account/Page_Login to Firefly III/button_Sign in")): Object: 'Object Repository/Create a new asset account/Page_Login to Firefly III/button_Sign in' is clicked on

02-01-2024T00:40:43 - [MESSAGE][PASSED] - Object: 'Object Repository/Create a new asset account/Page_Login to Firefly III/button_Sign in' is clicked on

02-01-2024T00:40:43 - [TEST_STEP][PASSED] - setText(findTestObject("Object Repository/Create a new asset account/Page_Create a new asset account  Accounts  _ced620/input_name"), name): Text 'nkochel0' is set on object 'Object Repository/Create a new asset account/Page_Create a new asset account  Accounts  _ced620/input_name'

02-01-2024T00:40:45 - [MESSAGE][PASSED] - Text 'nkochel0' is set on object 'Object Repository/Create a new asset account/Page_Create a new asset account  Accounts  _ced620/input_name'

02-01-2024T00:40:45 - [TEST_STEP][PASSED] - selectOptionByValue(findTestObject("Object Repository/Create a new asset account/Page_Create a new asset account  Accounts  _ced620/select_Euro ()US Dollar ()"), currency, true): All options with value '8' are selected in object 'Object Repository/Create a new asset account/Page_Create a new asset account  Accounts  _ced620/select_Euro ()US Dollar ()'  using regular expression

02-01-2024T00:40:46 - [MESSAGE][PASSED] - All options with value '8' are selected in object 'Object Repository/Create a new asset account/Page_Create a new asset account  Accounts  _ced620/select_Euro ()US Dollar ()'  using regular expression

02-01-2024T00:40:46 - [TEST_STEP][PASSED] - setText(findTestObject("Object Repository/Create a new asset account/Page_Create a new asset account  Accounts  _ced620/input_iban"), iban): Text '' is set on object 'Object Repository/Create a new asset account/Page_Create a new asset account  Accounts  _ced620/input_iban'

02-01-2024T00:40:46 - [MESSAGE][PASSED] - Text '' is set on object 'Object Repository/Create a new asset account/Page_Create a new asset account  Accounts  _ced620/input_iban'

02-01-2024T00:40:46 - [TEST_STEP][PASSED] - setText(findTestObject("Object Repository/Create a new asset account/Page_Create a new asset account  Accounts  _ced620/input_BIC"), bic): Text 'GOLGYIQ45E8' is set on object 'Object Repository/Create a new asset account/Page_Create a new asset account  Accounts  _ced620/input_BIC'

02-01-2024T00:40:47 - [MESSAGE][PASSED] - Text 'GOLGYIQ45E8' is set on object 'Object Repository/Create a new asset account/Page_Create a new asset account  Accounts  _ced620/input_BIC'

02-01-2024T00:40:47 - [TEST_STEP][PASSED] - setText(findTestObject("Object Repository/Create a new asset account/Page_Create a new asset account  Accounts  _ced620/input_account_number"), account_number): Text '' is set on object 'Object Repository/Create a new asset account/Page_Create a new asset account  Accounts  _ced620/input_account_number'

02-01-2024T00:40:47 - [MESSAGE][PASSED] - Text '' is set on object 'Object Repository/Create a new asset account/Page_Create a new asset account  Accounts  _ced620/input_account_number'

02-01-2024T00:40:47 - [TEST_STEP][PASSED] - setText(findTestObject("Object Repository/Create a new asset account/Page_Create a new asset account  Accounts  _ced620/input_opening_balance"), opening_balance): Text '' is set on object 'Object Repository/Create a new asset account/Page_Create a new asset account  Accounts  _ced620/input_opening_balance'

02-01-2024T00:40:48 - [MESSAGE][PASSED] - Text '' is set on object 'Object Repository/Create a new asset account/Page_Create a new asset account  Accounts  _ced620/input_opening_balance'

02-01-2024T00:40:48 - [TEST_STEP][PASSED] - setText(findTestObject("Create a new asset account/Page_Create a new asset account  Accounts  _ced620/input_opening_balance_date"), opening_balance_date): Text '27/06/2023' is set on object 'Object Repository/Create a new asset account/Page_Create a new asset account  Accounts  _ced620/input_opening_balance_date'

02-01-2024T00:40:49 - [MESSAGE][PASSED] - Text '27/06/2023' is set on object 'Object Repository/Create a new asset account/Page_Create a new asset account  Accounts  _ced620/input_opening_balance_date'

02-01-2024T00:40:49 - [TEST_STEP][PASSED] - selectOptionByValue(findTestObject("Object Repository/Create a new asset account/Page_Create a new asset account  Accounts  _ced620/select_Default asset accountShared asset ac_afbbdd"), account_role, true): All options with value 'ccAsset' are selected in object 'Object Repository/Create a new asset account/Page_Create a new asset account  Accounts  _ced620/select_Default asset accountShared asset ac_afbbdd'  using regular expression

02-01-2024T00:40:50 - [MESSAGE][PASSED] - All options with value 'ccAsset' are selected in object 'Object Repository/Create a new asset account/Page_Create a new asset account  Accounts  _ced620/select_Default asset accountShared asset ac_afbbdd'  using regular expression

02-01-2024T00:40:50 - [TEST_STEP][PASSED] - setText(findTestObject("Object Repository/Create a new asset account/Page_Create a new asset account  Accounts  _ced620/input_virtual_balance"), virtual_balance): Text '931.18' is set on object 'Object Repository/Create a new asset account/Page_Create a new asset account  Accounts  _ced620/input_virtual_balance'

02-01-2024T00:40:50 - [MESSAGE][PASSED] - Text '931.18' is set on object 'Object Repository/Create a new asset account/Page_Create a new asset account  Accounts  _ced620/input_virtual_balance'

02-01-2024T00:40:50 - [TEST_STEP][PASSED] - if (include_in_net_worth == "false"): null

02-01-2024T00:40:50 - [TEST_STEP][PASSED] - setText(findTestObject("Object Repository/Create a new asset account/Page_Create a new asset account  Accounts  _ced620/textarea_notes"), notes): Text '' is set on object 'Object Repository/Create a new asset account/Page_Create a new asset account  Accounts  _ced620/textarea_notes'

02-01-2024T00:40:51 - [MESSAGE][PASSED] - Text '' is set on object 'Object Repository/Create a new asset account/Page_Create a new asset account  Accounts  _ced620/textarea_notes'

02-01-2024T00:40:51 - [TEST_STEP][PASSED] - if (attachments != ""): null

02-01-2024T00:40:51 - [TEST_STEP][PASSED] - click(findTestObject("Object Repository/Create a new asset account/Page_Create a new asset account  Accounts  _ced620/button_Store new asset account")): Object: 'Object Repository/Create a new asset account/Page_Create a new asset account  Accounts  _ced620/button_Store new asset account' is clicked on

02-01-2024T00:40:52 - [MESSAGE][PASSED] - Object: 'Object Repository/Create a new asset account/Page_Create a new asset account  Accounts  _ced620/button_Store new asset account' is clicked on

02-01-2024T00:40:52 - [TEST_STEP][FAILED] - try: Unable to verify object 'Object Repository/Shared_alert/text_dangers' is present (Root cause: com.kms.katalon.core.exception.StepFailedException: Unable to verify object 'Object Repository/Shared_alert/text_dangers' is present
	at com.kms.katalon.core.webui.keyword.internal.WebUIKeywordMain.stepFailed(WebUIKeywordMain.groovy:64)
	at com.kms.katalon.core.webui.keyword.internal.WebUIKeywordMain.runKeyword(WebUIKeywordMain.groovy:26)
	at com.kms.katalon.core.webui.keyword.builtin.VerifyElementPresentKeyword.verifyElementPresent(VerifyElementPresentKeyword.groovy:92)
	at com.kms.katalon.core.webui.keyword.builtin.VerifyElementPresentKeyword.execute(VerifyElementPresentKeyword.groovy:68)
	at com.kms.katalon.core.keyword.internal.KeywordExecutor.executeKeywordForPlatform(KeywordExecutor.groovy:74)
	at com.kms.katalon.core.webui.keyword.WebUiBuiltInKeywords.verifyElementPresent(WebUiBuiltInKeywords.groovy:1503)
	at Create a new asset account.run(Create a new asset account:75)
	at com.kms.katalon.core.main.ScriptEngine.run(ScriptEngine.java:194)
	at com.kms.katalon.core.main.ScriptEngine.runScriptAsRawText(ScriptEngine.java:119)
	at com.kms.katalon.core.main.TestCaseExecutor.runScript(TestCaseExecutor.java:448)
	at com.kms.katalon.core.main.TestCaseExecutor.doExecute(TestCaseExecutor.java:439)
	at com.kms.katalon.core.main.TestCaseExecutor.processExecutionPhase(TestCaseExecutor.java:418)
	at com.kms.katalon.core.main.TestCaseExecutor.accessMainPhase(TestCaseExecutor.java:410)
	at com.kms.katalon.core.main.TestCaseExecutor.execute(TestCaseExecutor.java:285)
	at com.kms.katalon.core.common.CommonExecutor.accessTestCaseMainPhase(CommonExecutor.java:65)
	at com.kms.katalon.core.main.TestSuiteExecutor.accessTestSuiteMainPhase(TestSuiteExecutor.java:148)
	at com.kms.katalon.core.main.TestSuiteExecutor.execute(TestSuiteExecutor.java:106)
	at com.kms.katalon.core.main.TestCaseMain.startTestSuite(TestCaseMain.java:180)
	at TempTestSuite1704130831089.run(TempTestSuite1704130831089.groovy:36)
	at java.base/jdk.internal.reflect.NativeMethodAccessorImpl.invoke0(Native Method)
	at java.base/jdk.internal.reflect.NativeMethodAccessorImpl.invoke(NativeMethodAccessorImpl.java:77)
	at java.base/jdk.internal.reflect.DelegatingMethodAccessorImpl.invoke(DelegatingMethodAccessorImpl.java:43)
Caused by: com.kms.katalon.core.exception.StepFailedException: com.kms.katalon.core.webui.exception.WebElementNotFoundException: Web element with id: 'Object Repository/Shared_alert/text_dangers' located by '.text-danger' not found
	at com.kms.katalon.core.webui.keyword.internal.WebUIKeywordMain.stepFailed(WebUIKeywordMain.groovy:64)
	at com.kms.katalon.core.webui.keyword.builtin.VerifyElementPresentKeyword$_verifyElementPresent_closure1.doCall(VerifyElementPresentKeyword.groovy:85)
	at com.kms.katalon.core.webui.keyword.builtin.VerifyElementPresentKeyword$_verifyElementPresent_closure1.call(VerifyElementPresentKeyword.groovy)
	at com.kms.katalon.core.webui.keyword.internal.WebUIKeywordMain.runKeyword(WebUIKeywordMain.groovy:20)
	... 20 more
)

02-01-2024T00:40:52 - [TEST_STEP][FAILED] - verifyElementPresent(findTestObject("Shared_alert/text_dangers"), 1): Unable to verify object 'Object Repository/Shared_alert/text_dangers' is present (Root cause: com.kms.katalon.core.exception.StepFailedException: Unable to verify object 'Object Repository/Shared_alert/text_dangers' is present
	at com.kms.katalon.core.webui.keyword.internal.WebUIKeywordMain.stepFailed(WebUIKeywordMain.groovy:64)
	at com.kms.katalon.core.webui.keyword.internal.WebUIKeywordMain.runKeyword(WebUIKeywordMain.groovy:26)
	at com.kms.katalon.core.webui.keyword.builtin.VerifyElementPresentKeyword.verifyElementPresent(VerifyElementPresentKeyword.groovy:92)
	at com.kms.katalon.core.webui.keyword.builtin.VerifyElementPresentKeyword.execute(VerifyElementPresentKeyword.groovy:68)
	at com.kms.katalon.core.keyword.internal.KeywordExecutor.executeKeywordForPlatform(KeywordExecutor.groovy:74)
	at com.kms.katalon.core.webui.keyword.WebUiBuiltInKeywords.verifyElementPresent(WebUiBuiltInKeywords.groovy:1503)
	at Create a new asset account.run(Create a new asset account:75)
	at com.kms.katalon.core.main.ScriptEngine.run(ScriptEngine.java:194)
	at com.kms.katalon.core.main.ScriptEngine.runScriptAsRawText(ScriptEngine.java:119)
	at com.kms.katalon.core.main.TestCaseExecutor.runScript(TestCaseExecutor.java:448)
	at com.kms.katalon.core.main.TestCaseExecutor.doExecute(TestCaseExecutor.java:439)
	at com.kms.katalon.core.main.TestCaseExecutor.processExecutionPhase(TestCaseExecutor.java:418)
	at com.kms.katalon.core.main.TestCaseExecutor.accessMainPhase(TestCaseExecutor.java:410)
	at com.kms.katalon.core.main.TestCaseExecutor.execute(TestCaseExecutor.java:285)
	at com.kms.katalon.core.common.CommonExecutor.accessTestCaseMainPhase(CommonExecutor.java:65)
	at com.kms.katalon.core.main.TestSuiteExecutor.accessTestSuiteMainPhase(TestSuiteExecutor.java:148)
	at com.kms.katalon.core.main.TestSuiteExecutor.execute(TestSuiteExecutor.java:106)
	at com.kms.katalon.core.main.TestCaseMain.startTestSuite(TestCaseMain.java:180)
	at TempTestSuite1704130831089.run(TempTestSuite1704130831089.groovy:36)
	at java.base/jdk.internal.reflect.NativeMethodAccessorImpl.invoke0(Native Method)
	at java.base/jdk.internal.reflect.NativeMethodAccessorImpl.invoke(NativeMethodAccessorImpl.java:77)
	at java.base/jdk.internal.reflect.DelegatingMethodAccessorImpl.invoke(DelegatingMethodAccessorImpl.java:43)
Caused by: com.kms.katalon.core.exception.StepFailedException: com.kms.katalon.core.webui.exception.WebElementNotFoundException: Web element with id: 'Object Repository/Shared_alert/text_dangers' located by '.text-danger' not found
	at com.kms.katalon.core.webui.keyword.internal.WebUIKeywordMain.stepFailed(WebUIKeywordMain.groovy:64)
	at com.kms.katalon.core.webui.keyword.builtin.VerifyElementPresentKeyword$_verifyElementPresent_closure1.doCall(VerifyElementPresentKeyword.groovy:85)
	at com.kms.katalon.core.webui.keyword.builtin.VerifyElementPresentKeyword$_verifyElementPresent_closure1.call(VerifyElementPresentKeyword.groovy)
	at com.kms.katalon.core.webui.keyword.internal.WebUIKeywordMain.runKeyword(WebUIKeywordMain.groovy:20)
	... 20 more
)

02-01-2024T00:40:54 - [MESSAGE][INFO] - Unable to find the element located by 'By.cssSelector: .text-danger'. Please recheck the objects properties to make sure the desired element is located. 

02-01-2024T00:40:54 - [MESSAGE][FAILED] - com.kms.katalon.core.webui.exception.WebElementNotFoundException: Web element with id: 'Object Repository/Shared_alert/text_dangers' located by '.text-danger' not found (Root cause: com.kms.katalon.core.exception.StepFailedException: com.kms.katalon.core.webui.exception.WebElementNotFoundException: Web element with id: 'Object Repository/Shared_alert/text_dangers' located by '.text-danger' not found
	at com.kms.katalon.core.webui.keyword.internal.WebUIKeywordMain.stepFailed(WebUIKeywordMain.groovy:64)
	at com.kms.katalon.core.webui.keyword.builtin.VerifyElementPresentKeyword$_verifyElementPresent_closure1.doCall(VerifyElementPresentKeyword.groovy:85)
	at com.kms.katalon.core.webui.keyword.builtin.VerifyElementPresentKeyword$_verifyElementPresent_closure1.call(VerifyElementPresentKeyword.groovy)
	at com.kms.katalon.core.webui.keyword.internal.WebUIKeywordMain.runKeyword(WebUIKeywordMain.groovy:20)
	at com.kms.katalon.core.webui.keyword.builtin.VerifyElementPresentKeyword.verifyElementPresent(VerifyElementPresentKeyword.groovy:92)
	at com.kms.katalon.core.webui.keyword.builtin.VerifyElementPresentKeyword.execute(VerifyElementPresentKeyword.groovy:68)
	at com.kms.katalon.core.keyword.internal.KeywordExecutor.executeKeywordForPlatform(KeywordExecutor.groovy:74)
	at com.kms.katalon.core.webui.keyword.WebUiBuiltInKeywords.verifyElementPresent(WebUiBuiltInKeywords.groovy:1503)
	at Create a new asset account.run(Create a new asset account:75)
	at com.kms.katalon.core.main.ScriptEngine.run(ScriptEngine.java:194)
	at com.kms.katalon.core.main.ScriptEngine.runScriptAsRawText(ScriptEngine.java:119)
	at com.kms.katalon.core.main.TestCaseExecutor.runScript(TestCaseExecutor.java:448)
	at com.kms.katalon.core.main.TestCaseExecutor.doExecute(TestCaseExecutor.java:439)
	at com.kms.katalon.core.main.TestCaseExecutor.processExecutionPhase(TestCaseExecutor.java:418)
	at com.kms.katalon.core.main.TestCaseExecutor.accessMainPhase(TestCaseExecutor.java:410)
	at com.kms.katalon.core.main.TestCaseExecutor.execute(TestCaseExecutor.java:285)
	at com.kms.katalon.core.common.CommonExecutor.accessTestCaseMainPhase(CommonExecutor.java:65)
	at com.kms.katalon.core.main.TestSuiteExecutor.accessTestSuiteMainPhase(TestSuiteExecutor.java:148)
	at com.kms.katalon.core.main.TestSuiteExecutor.execute(TestSuiteExecutor.java:106)
	at com.kms.katalon.core.main.TestCaseMain.startTestSuite(TestCaseMain.java:180)
	at TempTestSuite1704130831089.run(TempTestSuite1704130831089.groovy:36)
	at java.base/jdk.internal.reflect.NativeMethodAccessorImpl.invoke0(Native Method)
	at java.base/jdk.internal.reflect.NativeMethodAccessorImpl.invoke(NativeMethodAccessorImpl.java:77)
	at java.base/jdk.internal.reflect.DelegatingMethodAccessorImpl.invoke(DelegatingMethodAccessorImpl.java:43)
)
[[ATTACHMENT|D:\\ktpm\\G1_Firefly_testing\\Reports\\20240102_004031\\Create a new asset account\\20240102_004031\\1704130854418.png]]

02-01-2024T00:40:54 - [MESSAGE][FAILED] - Unable to verify object 'Object Repository/Shared_alert/text_dangers' is present (Root cause: com.kms.katalon.core.exception.StepFailedException: Unable to verify object 'Object Repository/Shared_alert/text_dangers' is present
	at com.kms.katalon.core.webui.keyword.internal.WebUIKeywordMain.stepFailed(WebUIKeywordMain.groovy:64)
	at com.kms.katalon.core.webui.keyword.internal.WebUIKeywordMain.runKeyword(WebUIKeywordMain.groovy:26)
	at com.kms.katalon.core.webui.keyword.builtin.VerifyElementPresentKeyword.verifyElementPresent(VerifyElementPresentKeyword.groovy:92)
	at com.kms.katalon.core.webui.keyword.builtin.VerifyElementPresentKeyword.execute(VerifyElementPresentKeyword.groovy:68)
	at com.kms.katalon.core.keyword.internal.KeywordExecutor.executeKeywordForPlatform(KeywordExecutor.groovy:74)
	at com.kms.katalon.core.webui.keyword.WebUiBuiltInKeywords.verifyElementPresent(WebUiBuiltInKeywords.groovy:1503)
	at Create a new asset account.run(Create a new asset account:75)
	at com.kms.katalon.core.main.ScriptEngine.run(ScriptEngine.java:194)
	at com.kms.katalon.core.main.ScriptEngine.runScriptAsRawText(ScriptEngine.java:119)
	at com.kms.katalon.core.main.TestCaseExecutor.runScript(TestCaseExecutor.java:448)
	at com.kms.katalon.core.main.TestCaseExecutor.doExecute(TestCaseExecutor.java:439)
	at com.kms.katalon.core.main.TestCaseExecutor.processExecutionPhase(TestCaseExecutor.java:418)
	at com.kms.katalon.core.main.TestCaseExecutor.accessMainPhase(TestCaseExecutor.java:410)
	at com.kms.katalon.core.main.TestCaseExecutor.execute(TestCaseExecutor.java:285)
	at com.kms.katalon.core.common.CommonExecutor.accessTestCaseMainPhase(CommonExecutor.java:65)
	at com.kms.katalon.core.main.TestSuiteExecutor.accessTestSuiteMainPhase(TestSuiteExecutor.java:148)
	at com.kms.katalon.core.main.TestSuiteExecutor.execute(TestSuiteExecutor.java:106)
	at com.kms.katalon.core.main.TestCaseMain.startTestSuite(TestCaseMain.java:180)
	at TempTestSuite1704130831089.run(TempTestSuite1704130831089.groovy:36)
	at java.base/jdk.internal.reflect.NativeMethodAccessorImpl.invoke0(Native Method)
	at java.base/jdk.internal.reflect.NativeMethodAccessorImpl.invoke(NativeMethodAccessorImpl.java:77)
	at java.base/jdk.internal.reflect.DelegatingMethodAccessorImpl.invoke(DelegatingMethodAccessorImpl.java:43)
Caused by: com.kms.katalon.core.exception.StepFailedException: com.kms.katalon.core.webui.exception.WebElementNotFoundException: Web element with id: 'Object Repository/Shared_alert/text_dangers' located by '.text-danger' not found
	at com.kms.katalon.core.webui.keyword.internal.WebUIKeywordMain.stepFailed(WebUIKeywordMain.groovy:64)
	at com.kms.katalon.core.webui.keyword.builtin.VerifyElementPresentKeyword$_verifyElementPresent_closure1.doCall(VerifyElementPresentKeyword.groovy:85)
	at com.kms.katalon.core.webui.keyword.builtin.VerifyElementPresentKeyword$_verifyElementPresent_closure1.call(VerifyElementPresentKeyword.groovy)
	at com.kms.katalon.core.webui.keyword.internal.WebUIKeywordMain.runKeyword(WebUIKeywordMain.groovy:20)
	... 20 more
)
[[ATTACHMENT|D:\\ktpm\\G1_Firefly_testing\\Reports\\20240102_004031\\Create a new asset account\\20240102_004031\\1704130854554.png]]

02-01-2024T00:40:54 - [TEST_STEP][PASSED] - catch (Exception err): null

02-01-2024T00:40:54 - [TEST_STEP][PASSED] - verifyElementPresent(findTestObject("Shared_alert/success_alert"), 1): Object 'Object Repository/Shared_alert/success_alert' is present

02-01-2024T00:40:54 - [MESSAGE][PASSED] - Object 'Object Repository/Shared_alert/success_alert' is present

02-01-2024T00:40:54 - [TEST_STEP][PASSED] - if (attachments == "Attachments File/Report_65MB.csv"): null

02-01-2024T00:40:54 - [TEST_STEP][PASSED] - out.println("success"): null

02-01-2024T00:40:54 - [TEST_STEP][PASSED] - closeBrowser(): Browser is closed

02-01-2024T00:40:55 - [MESSAGE][PASSED] - Browser is closed]]></system-out>
         <system-err><![CDATA[]]></system-err>
      </testcase>
      <testcase name="Test Cases/Create a new asset account" time="16.658" classname="Test Cases/Create a new asset account" status="PASSED">
         <system-out><![CDATA[02-01-2024T00:40:55 - [TEST_CASE][PASSED] - Test Cases/Create a new asset account: Test Cases/Create a new asset account

02-01-2024T00:40:55 - [TEST_STEP][PASSED] - openBrowser(""): Browser is opened with url: ''

02-01-2024T00:40:55 - [MESSAGE][INFO] - Starting 'Chrome' driver

02-01-2024T00:40:55 - [MESSAGE][INFO] - Action delay is set to 0 milliseconds

02-01-2024T00:40:56 - [MESSAGE][PASSED] - Browser is opened with url: ''

02-01-2024T00:40:56 - [TEST_STEP][PASSED] - navigateToUrl("https://firefly.buudadawg.online/accounts/create/asset"): Navigate to 'https://firefly.buudadawg.online/accounts/create/asset' successfully

02-01-2024T00:40:57 - [MESSAGE][PASSED] - Navigate to 'https://firefly.buudadawg.online/accounts/create/asset' successfully

02-01-2024T00:40:57 - [TEST_STEP][PASSED] - setText(findTestObject("Object Repository/Create a new asset account/Page_Login to Firefly III/input_email"), "huynhluat.dn@gmail.com"): Text 'huynhluat.dn@gmail.com' is set on object 'Object Repository/Create a new asset account/Page_Login to Firefly III/input_email'

02-01-2024T00:40:59 - [MESSAGE][PASSED] - Text 'huynhluat.dn@gmail.com' is set on object 'Object Repository/Create a new asset account/Page_Login to Firefly III/input_email'

02-01-2024T00:40:59 - [TEST_STEP][PASSED] - setEncryptedText(findTestObject("Object Repository/Create a new asset account/Page_Login to Firefly III/input_password"), "GDttjE7iuxOgQwNBt53tbwiiBI5Qr4kb"): Text ****** has been set on object 'Object Repository/Create a new asset account/Page_Login to Firefly III/input_password'

02-01-2024T00:40:59 - [MESSAGE][PASSED] - Text ****** has been set on object 'Object Repository/Create a new asset account/Page_Login to Firefly III/input_password'

02-01-2024T00:40:59 - [TEST_STEP][PASSED] - click(findTestObject("Object Repository/Create a new asset account/Page_Login to Firefly III/button_Sign in")): Object: 'Object Repository/Create a new asset account/Page_Login to Firefly III/button_Sign in' is clicked on

02-01-2024T00:41:01 - [MESSAGE][PASSED] - Object: 'Object Repository/Create a new asset account/Page_Login to Firefly III/button_Sign in' is clicked on

02-01-2024T00:41:01 - [TEST_STEP][PASSED] - setText(findTestObject("Object Repository/Create a new asset account/Page_Create a new asset account  Accounts  _ced620/input_name"), name): Text 'adefrancesco1' is set on object 'Object Repository/Create a new asset account/Page_Create a new asset account  Accounts  _ced620/input_name'

02-01-2024T00:41:01 - [MESSAGE][PASSED] - Text 'adefrancesco1' is set on object 'Object Repository/Create a new asset account/Page_Create a new asset account  Accounts  _ced620/input_name'

02-01-2024T00:41:01 - [TEST_STEP][PASSED] - selectOptionByValue(findTestObject("Object Repository/Create a new asset account/Page_Create a new asset account  Accounts  _ced620/select_Euro ()US Dollar ()"), currency, true): All options with value '8' are selected in object 'Object Repository/Create a new asset account/Page_Create a new asset account  Accounts  _ced620/select_Euro ()US Dollar ()'  using regular expression

02-01-2024T00:41:02 - [MESSAGE][PASSED] - All options with value '8' are selected in object 'Object Repository/Create a new asset account/Page_Create a new asset account  Accounts  _ced620/select_Euro ()US Dollar ()'  using regular expression

02-01-2024T00:41:02 - [TEST_STEP][PASSED] - setText(findTestObject("Object Repository/Create a new asset account/Page_Create a new asset account  Accounts  _ced620/input_iban"), iban): Text 'PK93 RAGE 41CE DRBV LYVG DVKY' is set on object 'Object Repository/Create a new asset account/Page_Create a new asset account  Accounts  _ced620/input_iban'

02-01-2024T00:41:03 - [MESSAGE][PASSED] - Text 'PK93 RAGE 41CE DRBV LYVG DVKY' is set on object 'Object Repository/Create a new asset account/Page_Create a new asset account  Accounts  _ced620/input_iban'

02-01-2024T00:41:03 - [TEST_STEP][PASSED] - setText(findTestObject("Object Repository/Create a new asset account/Page_Create a new asset account  Accounts  _ced620/input_BIC"), bic): Text '' is set on object 'Object Repository/Create a new asset account/Page_Create a new asset account  Accounts  _ced620/input_BIC'

02-01-2024T00:41:04 - [MESSAGE][PASSED] - Text '' is set on object 'Object Repository/Create a new asset account/Page_Create a new asset account  Accounts  _ced620/input_BIC'

02-01-2024T00:41:04 - [TEST_STEP][PASSED] - setText(findTestObject("Object Repository/Create a new asset account/Page_Create a new asset account  Accounts  _ced620/input_account_number"), account_number): Text '5048374085224626' is set on object 'Object Repository/Create a new asset account/Page_Create a new asset account  Accounts  _ced620/input_account_number'

02-01-2024T00:41:04 - [MESSAGE][PASSED] - Text '5048374085224626' is set on object 'Object Repository/Create a new asset account/Page_Create a new asset account  Accounts  _ced620/input_account_number'

02-01-2024T00:41:04 - [TEST_STEP][PASSED] - setText(findTestObject("Object Repository/Create a new asset account/Page_Create a new asset account  Accounts  _ced620/input_opening_balance"), opening_balance): Text '' is set on object 'Object Repository/Create a new asset account/Page_Create a new asset account  Accounts  _ced620/input_opening_balance'

02-01-2024T00:41:05 - [MESSAGE][PASSED] - Text '' is set on object 'Object Repository/Create a new asset account/Page_Create a new asset account  Accounts  _ced620/input_opening_balance'

02-01-2024T00:41:05 - [TEST_STEP][PASSED] - setText(findTestObject("Create a new asset account/Page_Create a new asset account  Accounts  _ced620/input_opening_balance_date"), opening_balance_date): Text '18/11/2023' is set on object 'Object Repository/Create a new asset account/Page_Create a new asset account  Accounts  _ced620/input_opening_balance_date'

02-01-2024T00:41:05 - [MESSAGE][PASSED] - Text '18/11/2023' is set on object 'Object Repository/Create a new asset account/Page_Create a new asset account  Accounts  _ced620/input_opening_balance_date'

02-01-2024T00:41:05 - [TEST_STEP][PASSED] - selectOptionByValue(findTestObject("Object Repository/Create a new asset account/Page_Create a new asset account  Accounts  _ced620/select_Default asset accountShared asset ac_afbbdd"), account_role, true): All options with value 'sharedAsset' are selected in object 'Object Repository/Create a new asset account/Page_Create a new asset account  Accounts  _ced620/select_Default asset accountShared asset ac_afbbdd'  using regular expression

02-01-2024T00:41:06 - [MESSAGE][PASSED] - All options with value 'sharedAsset' are selected in object 'Object Repository/Create a new asset account/Page_Create a new asset account  Accounts  _ced620/select_Default asset accountShared asset ac_afbbdd'  using regular expression

02-01-2024T00:41:06 - [TEST_STEP][PASSED] - setText(findTestObject("Object Repository/Create a new asset account/Page_Create a new asset account  Accounts  _ced620/input_virtual_balance"), virtual_balance): Text '197.07' is set on object 'Object Repository/Create a new asset account/Page_Create a new asset account  Accounts  _ced620/input_virtual_balance'

02-01-2024T00:41:07 - [MESSAGE][PASSED] - Text '197.07' is set on object 'Object Repository/Create a new asset account/Page_Create a new asset account  Accounts  _ced620/input_virtual_balance'

02-01-2024T00:41:07 - [TEST_STEP][PASSED] - if (include_in_net_worth == "false"): Object: 'Object Repository/Create a new asset account/Page_Create a new asset account  Accounts  _ced620/input_include_net_worth' is clicked on

02-01-2024T00:41:07 - [TEST_STEP][PASSED] - click(findTestObject("Create a new asset account/Page_Create a new asset account  Accounts  _ced620/input_include_net_worth")): Object: 'Object Repository/Create a new asset account/Page_Create a new asset account  Accounts  _ced620/input_include_net_worth' is clicked on

02-01-2024T00:41:07 - [MESSAGE][PASSED] - Object: 'Object Repository/Create a new asset account/Page_Create a new asset account  Accounts  _ced620/input_include_net_worth' is clicked on

02-01-2024T00:41:07 - [TEST_STEP][PASSED] - setText(findTestObject("Object Repository/Create a new asset account/Page_Create a new asset account  Accounts  _ced620/textarea_notes"), notes): Text '' is set on object 'Object Repository/Create a new asset account/Page_Create a new asset account  Accounts  _ced620/textarea_notes'

02-01-2024T00:41:08 - [MESSAGE][PASSED] - Text '' is set on object 'Object Repository/Create a new asset account/Page_Create a new asset account  Accounts  _ced620/textarea_notes'

02-01-2024T00:41:08 - [TEST_STEP][PASSED] - if (attachments != ""): null

02-01-2024T00:41:08 - [TEST_STEP][PASSED] - click(findTestObject("Object Repository/Create a new asset account/Page_Create a new asset account  Accounts  _ced620/button_Store new asset account")): Object: 'Object Repository/Create a new asset account/Page_Create a new asset account  Accounts  _ced620/button_Store new asset account' is clicked on

02-01-2024T00:41:09 - [MESSAGE][PASSED] - Object: 'Object Repository/Create a new asset account/Page_Create a new asset account  Accounts  _ced620/button_Store new asset account' is clicked on

02-01-2024T00:41:09 - [TEST_STEP][FAILED] - try: Unable to verify object 'Object Repository/Shared_alert/text_dangers' is present (Root cause: com.kms.katalon.core.exception.StepFailedException: Unable to verify object 'Object Repository/Shared_alert/text_dangers' is present
	at com.kms.katalon.core.webui.keyword.internal.WebUIKeywordMain.stepFailed(WebUIKeywordMain.groovy:64)
	at com.kms.katalon.core.webui.keyword.internal.WebUIKeywordMain.runKeyword(WebUIKeywordMain.groovy:26)
	at com.kms.katalon.core.webui.keyword.builtin.VerifyElementPresentKeyword.verifyElementPresent(VerifyElementPresentKeyword.groovy:92)
	at com.kms.katalon.core.webui.keyword.builtin.VerifyElementPresentKeyword.execute(VerifyElementPresentKeyword.groovy:68)
	at com.kms.katalon.core.keyword.internal.KeywordExecutor.executeKeywordForPlatform(KeywordExecutor.groovy:74)
	at com.kms.katalon.core.webui.keyword.WebUiBuiltInKeywords.verifyElementPresent(WebUiBuiltInKeywords.groovy:1503)
	at Create a new asset account.run(Create a new asset account:75)
	at com.kms.katalon.core.main.ScriptEngine.run(ScriptEngine.java:194)
	at com.kms.katalon.core.main.ScriptEngine.runScriptAsRawText(ScriptEngine.java:119)
	at com.kms.katalon.core.main.TestCaseExecutor.runScript(TestCaseExecutor.java:448)
	at com.kms.katalon.core.main.TestCaseExecutor.doExecute(TestCaseExecutor.java:439)
	at com.kms.katalon.core.main.TestCaseExecutor.processExecutionPhase(TestCaseExecutor.java:418)
	at com.kms.katalon.core.main.TestCaseExecutor.accessMainPhase(TestCaseExecutor.java:410)
	at com.kms.katalon.core.main.TestCaseExecutor.execute(TestCaseExecutor.java:285)
	at com.kms.katalon.core.common.CommonExecutor.accessTestCaseMainPhase(CommonExecutor.java:65)
	at com.kms.katalon.core.main.TestSuiteExecutor.accessTestSuiteMainPhase(TestSuiteExecutor.java:148)
	at com.kms.katalon.core.main.TestSuiteExecutor.execute(TestSuiteExecutor.java:106)
	at com.kms.katalon.core.main.TestCaseMain.startTestSuite(TestCaseMain.java:180)
	at TempTestSuite1704130831089.run(TempTestSuite1704130831089.groovy:36)
	at java.base/jdk.internal.reflect.NativeMethodAccessorImpl.invoke0(Native Method)
	at java.base/jdk.internal.reflect.NativeMethodAccessorImpl.invoke(NativeMethodAccessorImpl.java:77)
	at java.base/jdk.internal.reflect.DelegatingMethodAccessorImpl.invoke(DelegatingMethodAccessorImpl.java:43)
Caused by: com.kms.katalon.core.exception.StepFailedException: com.kms.katalon.core.webui.exception.WebElementNotFoundException: Web element with id: 'Object Repository/Shared_alert/text_dangers' located by '.text-danger' not found
	at com.kms.katalon.core.webui.keyword.internal.WebUIKeywordMain.stepFailed(WebUIKeywordMain.groovy:64)
	at com.kms.katalon.core.webui.keyword.builtin.VerifyElementPresentKeyword$_verifyElementPresent_closure1.doCall(VerifyElementPresentKeyword.groovy:85)
	at com.kms.katalon.core.webui.keyword.builtin.VerifyElementPresentKeyword$_verifyElementPresent_closure1.call(VerifyElementPresentKeyword.groovy)
	at com.kms.katalon.core.webui.keyword.internal.WebUIKeywordMain.runKeyword(WebUIKeywordMain.groovy:20)
	... 20 more
)

02-01-2024T00:41:09 - [TEST_STEP][FAILED] - verifyElementPresent(findTestObject("Shared_alert/text_dangers"), 1): Unable to verify object 'Object Repository/Shared_alert/text_dangers' is present (Root cause: com.kms.katalon.core.exception.StepFailedException: Unable to verify object 'Object Repository/Shared_alert/text_dangers' is present
	at com.kms.katalon.core.webui.keyword.internal.WebUIKeywordMain.stepFailed(WebUIKeywordMain.groovy:64)
	at com.kms.katalon.core.webui.keyword.internal.WebUIKeywordMain.runKeyword(WebUIKeywordMain.groovy:26)
	at com.kms.katalon.core.webui.keyword.builtin.VerifyElementPresentKeyword.verifyElementPresent(VerifyElementPresentKeyword.groovy:92)
	at com.kms.katalon.core.webui.keyword.builtin.VerifyElementPresentKeyword.execute(VerifyElementPresentKeyword.groovy:68)
	at com.kms.katalon.core.keyword.internal.KeywordExecutor.executeKeywordForPlatform(KeywordExecutor.groovy:74)
	at com.kms.katalon.core.webui.keyword.WebUiBuiltInKeywords.verifyElementPresent(WebUiBuiltInKeywords.groovy:1503)
	at Create a new asset account.run(Create a new asset account:75)
	at com.kms.katalon.core.main.ScriptEngine.run(ScriptEngine.java:194)
	at com.kms.katalon.core.main.ScriptEngine.runScriptAsRawText(ScriptEngine.java:119)
	at com.kms.katalon.core.main.TestCaseExecutor.runScript(TestCaseExecutor.java:448)
	at com.kms.katalon.core.main.TestCaseExecutor.doExecute(TestCaseExecutor.java:439)
	at com.kms.katalon.core.main.TestCaseExecutor.processExecutionPhase(TestCaseExecutor.java:418)
	at com.kms.katalon.core.main.TestCaseExecutor.accessMainPhase(TestCaseExecutor.java:410)
	at com.kms.katalon.core.main.TestCaseExecutor.execute(TestCaseExecutor.java:285)
	at com.kms.katalon.core.common.CommonExecutor.accessTestCaseMainPhase(CommonExecutor.java:65)
	at com.kms.katalon.core.main.TestSuiteExecutor.accessTestSuiteMainPhase(TestSuiteExecutor.java:148)
	at com.kms.katalon.core.main.TestSuiteExecutor.execute(TestSuiteExecutor.java:106)
	at com.kms.katalon.core.main.TestCaseMain.startTestSuite(TestCaseMain.java:180)
	at TempTestSuite1704130831089.run(TempTestSuite1704130831089.groovy:36)
	at java.base/jdk.internal.reflect.NativeMethodAccessorImpl.invoke0(Native Method)
	at java.base/jdk.internal.reflect.NativeMethodAccessorImpl.invoke(NativeMethodAccessorImpl.java:77)
	at java.base/jdk.internal.reflect.DelegatingMethodAccessorImpl.invoke(DelegatingMethodAccessorImpl.java:43)
Caused by: com.kms.katalon.core.exception.StepFailedException: com.kms.katalon.core.webui.exception.WebElementNotFoundException: Web element with id: 'Object Repository/Shared_alert/text_dangers' located by '.text-danger' not found
	at com.kms.katalon.core.webui.keyword.internal.WebUIKeywordMain.stepFailed(WebUIKeywordMain.groovy:64)
	at com.kms.katalon.core.webui.keyword.builtin.VerifyElementPresentKeyword$_verifyElementPresent_closure1.doCall(VerifyElementPresentKeyword.groovy:85)
	at com.kms.katalon.core.webui.keyword.builtin.VerifyElementPresentKeyword$_verifyElementPresent_closure1.call(VerifyElementPresentKeyword.groovy)
	at com.kms.katalon.core.webui.keyword.internal.WebUIKeywordMain.runKeyword(WebUIKeywordMain.groovy:20)
	... 20 more
)

02-01-2024T00:41:11 - [MESSAGE][INFO] - Unable to find the element located by 'By.cssSelector: .text-danger'. Please recheck the objects properties to make sure the desired element is located. 

02-01-2024T00:41:11 - [MESSAGE][FAILED] - com.kms.katalon.core.webui.exception.WebElementNotFoundException: Web element with id: 'Object Repository/Shared_alert/text_dangers' located by '.text-danger' not found (Root cause: com.kms.katalon.core.exception.StepFailedException: com.kms.katalon.core.webui.exception.WebElementNotFoundException: Web element with id: 'Object Repository/Shared_alert/text_dangers' located by '.text-danger' not found
	at com.kms.katalon.core.webui.keyword.internal.WebUIKeywordMain.stepFailed(WebUIKeywordMain.groovy:64)
	at com.kms.katalon.core.webui.keyword.builtin.VerifyElementPresentKeyword$_verifyElementPresent_closure1.doCall(VerifyElementPresentKeyword.groovy:85)
	at com.kms.katalon.core.webui.keyword.builtin.VerifyElementPresentKeyword$_verifyElementPresent_closure1.call(VerifyElementPresentKeyword.groovy)
	at com.kms.katalon.core.webui.keyword.internal.WebUIKeywordMain.runKeyword(WebUIKeywordMain.groovy:20)
	at com.kms.katalon.core.webui.keyword.builtin.VerifyElementPresentKeyword.verifyElementPresent(VerifyElementPresentKeyword.groovy:92)
	at com.kms.katalon.core.webui.keyword.builtin.VerifyElementPresentKeyword.execute(VerifyElementPresentKeyword.groovy:68)
	at com.kms.katalon.core.keyword.internal.KeywordExecutor.executeKeywordForPlatform(KeywordExecutor.groovy:74)
	at com.kms.katalon.core.webui.keyword.WebUiBuiltInKeywords.verifyElementPresent(WebUiBuiltInKeywords.groovy:1503)
	at Create a new asset account.run(Create a new asset account:75)
	at com.kms.katalon.core.main.ScriptEngine.run(ScriptEngine.java:194)
	at com.kms.katalon.core.main.ScriptEngine.runScriptAsRawText(ScriptEngine.java:119)
	at com.kms.katalon.core.main.TestCaseExecutor.runScript(TestCaseExecutor.java:448)
	at com.kms.katalon.core.main.TestCaseExecutor.doExecute(TestCaseExecutor.java:439)
	at com.kms.katalon.core.main.TestCaseExecutor.processExecutionPhase(TestCaseExecutor.java:418)
	at com.kms.katalon.core.main.TestCaseExecutor.accessMainPhase(TestCaseExecutor.java:410)
	at com.kms.katalon.core.main.TestCaseExecutor.execute(TestCaseExecutor.java:285)
	at com.kms.katalon.core.common.CommonExecutor.accessTestCaseMainPhase(CommonExecutor.java:65)
	at com.kms.katalon.core.main.TestSuiteExecutor.accessTestSuiteMainPhase(TestSuiteExecutor.java:148)
	at com.kms.katalon.core.main.TestSuiteExecutor.execute(TestSuiteExecutor.java:106)
	at com.kms.katalon.core.main.TestCaseMain.startTestSuite(TestCaseMain.java:180)
	at TempTestSuite1704130831089.run(TempTestSuite1704130831089.groovy:36)
	at java.base/jdk.internal.reflect.NativeMethodAccessorImpl.invoke0(Native Method)
	at java.base/jdk.internal.reflect.NativeMethodAccessorImpl.invoke(NativeMethodAccessorImpl.java:77)
	at java.base/jdk.internal.reflect.DelegatingMethodAccessorImpl.invoke(DelegatingMethodAccessorImpl.java:43)
)
[[ATTACHMENT|D:\\ktpm\\G1_Firefly_testing\\Reports\\20240102_004031\\Create a new asset account\\20240102_004031\\1704130871339.png]]

02-01-2024T00:41:11 - [MESSAGE][FAILED] - Unable to verify object 'Object Repository/Shared_alert/text_dangers' is present (Root cause: com.kms.katalon.core.exception.StepFailedException: Unable to verify object 'Object Repository/Shared_alert/text_dangers' is present
	at com.kms.katalon.core.webui.keyword.internal.WebUIKeywordMain.stepFailed(WebUIKeywordMain.groovy:64)
	at com.kms.katalon.core.webui.keyword.internal.WebUIKeywordMain.runKeyword(WebUIKeywordMain.groovy:26)
	at com.kms.katalon.core.webui.keyword.builtin.VerifyElementPresentKeyword.verifyElementPresent(VerifyElementPresentKeyword.groovy:92)
	at com.kms.katalon.core.webui.keyword.builtin.VerifyElementPresentKeyword.execute(VerifyElementPresentKeyword.groovy:68)
	at com.kms.katalon.core.keyword.internal.KeywordExecutor.executeKeywordForPlatform(KeywordExecutor.groovy:74)
	at com.kms.katalon.core.webui.keyword.WebUiBuiltInKeywords.verifyElementPresent(WebUiBuiltInKeywords.groovy:1503)
	at Create a new asset account.run(Create a new asset account:75)
	at com.kms.katalon.core.main.ScriptEngine.run(ScriptEngine.java:194)
	at com.kms.katalon.core.main.ScriptEngine.runScriptAsRawText(ScriptEngine.java:119)
	at com.kms.katalon.core.main.TestCaseExecutor.runScript(TestCaseExecutor.java:448)
	at com.kms.katalon.core.main.TestCaseExecutor.doExecute(TestCaseExecutor.java:439)
	at com.kms.katalon.core.main.TestCaseExecutor.processExecutionPhase(TestCaseExecutor.java:418)
	at com.kms.katalon.core.main.TestCaseExecutor.accessMainPhase(TestCaseExecutor.java:410)
	at com.kms.katalon.core.main.TestCaseExecutor.execute(TestCaseExecutor.java:285)
	at com.kms.katalon.core.common.CommonExecutor.accessTestCaseMainPhase(CommonExecutor.java:65)
	at com.kms.katalon.core.main.TestSuiteExecutor.accessTestSuiteMainPhase(TestSuiteExecutor.java:148)
	at com.kms.katalon.core.main.TestSuiteExecutor.execute(TestSuiteExecutor.java:106)
	at com.kms.katalon.core.main.TestCaseMain.startTestSuite(TestCaseMain.java:180)
	at TempTestSuite1704130831089.run(TempTestSuite1704130831089.groovy:36)
	at java.base/jdk.internal.reflect.NativeMethodAccessorImpl.invoke0(Native Method)
	at java.base/jdk.internal.reflect.NativeMethodAccessorImpl.invoke(NativeMethodAccessorImpl.java:77)
	at java.base/jdk.internal.reflect.DelegatingMethodAccessorImpl.invoke(DelegatingMethodAccessorImpl.java:43)
Caused by: com.kms.katalon.core.exception.StepFailedException: com.kms.katalon.core.webui.exception.WebElementNotFoundException: Web element with id: 'Object Repository/Shared_alert/text_dangers' located by '.text-danger' not found
	at com.kms.katalon.core.webui.keyword.internal.WebUIKeywordMain.stepFailed(WebUIKeywordMain.groovy:64)
	at com.kms.katalon.core.webui.keyword.builtin.VerifyElementPresentKeyword$_verifyElementPresent_closure1.doCall(VerifyElementPresentKeyword.groovy:85)
	at com.kms.katalon.core.webui.keyword.builtin.VerifyElementPresentKeyword$_verifyElementPresent_closure1.call(VerifyElementPresentKeyword.groovy)
	at com.kms.katalon.core.webui.keyword.internal.WebUIKeywordMain.runKeyword(WebUIKeywordMain.groovy:20)
	... 20 more
)
[[ATTACHMENT|D:\\ktpm\\G1_Firefly_testing\\Reports\\20240102_004031\\Create a new asset account\\20240102_004031\\1704130871441.png]]

02-01-2024T00:41:11 - [TEST_STEP][PASSED] - catch (Exception err): null

02-01-2024T00:41:11 - [TEST_STEP][PASSED] - verifyElementPresent(findTestObject("Shared_alert/success_alert"), 1): Object 'Object Repository/Shared_alert/success_alert' is present

02-01-2024T00:41:11 - [MESSAGE][PASSED] - Object 'Object Repository/Shared_alert/success_alert' is present

02-01-2024T00:41:11 - [TEST_STEP][PASSED] - if (attachments == "Attachments File/Report_65MB.csv"): null

02-01-2024T00:41:11 - [TEST_STEP][PASSED] - out.println("success"): null

02-01-2024T00:41:11 - [TEST_STEP][PASSED] - closeBrowser(): Browser is closed

02-01-2024T00:41:11 - [MESSAGE][PASSED] - Browser is closed]]></system-out>
         <system-err><![CDATA[]]></system-err>
      </testcase>
      <testcase name="Test Cases/Create a new asset account" time="16.996" classname="Test Cases/Create a new asset account" status="PASSED">
         <system-out><![CDATA[02-01-2024T00:41:12 - [TEST_CASE][PASSED] - Test Cases/Create a new asset account: Test Cases/Create a new asset account

02-01-2024T00:41:12 - [TEST_STEP][PASSED] - openBrowser(""): Browser is opened with url: ''

02-01-2024T00:41:12 - [MESSAGE][INFO] - Starting 'Chrome' driver

02-01-2024T00:41:12 - [MESSAGE][INFO] - Action delay is set to 0 milliseconds

02-01-2024T00:41:13 - [MESSAGE][PASSED] - Browser is opened with url: ''

02-01-2024T00:41:13 - [TEST_STEP][PASSED] - navigateToUrl("https://firefly.buudadawg.online/accounts/create/asset"): Navigate to 'https://firefly.buudadawg.online/accounts/create/asset' successfully

02-01-2024T00:41:14 - [MESSAGE][PASSED] - Navigate to 'https://firefly.buudadawg.online/accounts/create/asset' successfully

02-01-2024T00:41:14 - [TEST_STEP][PASSED] - setText(findTestObject("Object Repository/Create a new asset account/Page_Login to Firefly III/input_email"), "huynhluat.dn@gmail.com"): Text 'huynhluat.dn@gmail.com' is set on object 'Object Repository/Create a new asset account/Page_Login to Firefly III/input_email'

02-01-2024T00:41:16 - [MESSAGE][PASSED] - Text 'huynhluat.dn@gmail.com' is set on object 'Object Repository/Create a new asset account/Page_Login to Firefly III/input_email'

02-01-2024T00:41:16 - [TEST_STEP][PASSED] - setEncryptedText(findTestObject("Object Repository/Create a new asset account/Page_Login to Firefly III/input_password"), "GDttjE7iuxOgQwNBt53tbwiiBI5Qr4kb"): Text ****** has been set on object 'Object Repository/Create a new asset account/Page_Login to Firefly III/input_password'

02-01-2024T00:41:17 - [MESSAGE][PASSED] - Text ****** has been set on object 'Object Repository/Create a new asset account/Page_Login to Firefly III/input_password'

02-01-2024T00:41:17 - [TEST_STEP][PASSED] - click(findTestObject("Object Repository/Create a new asset account/Page_Login to Firefly III/button_Sign in")): Object: 'Object Repository/Create a new asset account/Page_Login to Firefly III/button_Sign in' is clicked on

02-01-2024T00:41:17 - [MESSAGE][PASSED] - Object: 'Object Repository/Create a new asset account/Page_Login to Firefly III/button_Sign in' is clicked on

02-01-2024T00:41:17 - [TEST_STEP][PASSED] - setText(findTestObject("Object Repository/Create a new asset account/Page_Create a new asset account  Accounts  _ced620/input_name"), name): Text '' is set on object 'Object Repository/Create a new asset account/Page_Create a new asset account  Accounts  _ced620/input_name'

02-01-2024T00:41:19 - [MESSAGE][PASSED] - Text '' is set on object 'Object Repository/Create a new asset account/Page_Create a new asset account  Accounts  _ced620/input_name'

02-01-2024T00:41:19 - [TEST_STEP][PASSED] - selectOptionByValue(findTestObject("Object Repository/Create a new asset account/Page_Create a new asset account  Accounts  _ced620/select_Euro ()US Dollar ()"), currency, true): All options with value '1' are selected in object 'Object Repository/Create a new asset account/Page_Create a new asset account  Accounts  _ced620/select_Euro ()US Dollar ()'  using regular expression

02-01-2024T00:41:20 - [MESSAGE][PASSED] - All options with value '1' are selected in object 'Object Repository/Create a new asset account/Page_Create a new asset account  Accounts  _ced620/select_Euro ()US Dollar ()'  using regular expression

02-01-2024T00:41:20 - [TEST_STEP][PASSED] - setText(findTestObject("Object Repository/Create a new asset account/Page_Create a new asset account  Accounts  _ced620/input_iban"), iban): Text 'GL44 1834 8169 6802 91' is set on object 'Object Repository/Create a new asset account/Page_Create a new asset account  Accounts  _ced620/input_iban'

02-01-2024T00:41:20 - [MESSAGE][PASSED] - Text 'GL44 1834 8169 6802 91' is set on object 'Object Repository/Create a new asset account/Page_Create a new asset account  Accounts  _ced620/input_iban'

02-01-2024T00:41:20 - [TEST_STEP][PASSED] - setText(findTestObject("Object Repository/Create a new asset account/Page_Create a new asset account  Accounts  _ced620/input_BIC"), bic): Text 'JVWNVLFF241' is set on object 'Object Repository/Create a new asset account/Page_Create a new asset account  Accounts  _ced620/input_BIC'

02-01-2024T00:41:21 - [MESSAGE][PASSED] - Text 'JVWNVLFF241' is set on object 'Object Repository/Create a new asset account/Page_Create a new asset account  Accounts  _ced620/input_BIC'

02-01-2024T00:41:21 - [TEST_STEP][PASSED] - setText(findTestObject("Object Repository/Create a new asset account/Page_Create a new asset account  Accounts  _ced620/input_account_number"), account_number): Text '5108750646936773' is set on object 'Object Repository/Create a new asset account/Page_Create a new asset account  Accounts  _ced620/input_account_number'

02-01-2024T00:41:22 - [MESSAGE][PASSED] - Text '5108750646936773' is set on object 'Object Repository/Create a new asset account/Page_Create a new asset account  Accounts  _ced620/input_account_number'

02-01-2024T00:41:22 - [TEST_STEP][PASSED] - setText(findTestObject("Object Repository/Create a new asset account/Page_Create a new asset account  Accounts  _ced620/input_opening_balance"), opening_balance): Text '893.07' is set on object 'Object Repository/Create a new asset account/Page_Create a new asset account  Accounts  _ced620/input_opening_balance'

02-01-2024T00:41:22 - [MESSAGE][PASSED] - Text '893.07' is set on object 'Object Repository/Create a new asset account/Page_Create a new asset account  Accounts  _ced620/input_opening_balance'

02-01-2024T00:41:22 - [TEST_STEP][PASSED] - setText(findTestObject("Create a new asset account/Page_Create a new asset account  Accounts  _ced620/input_opening_balance_date"), opening_balance_date): Text '02/05/2023' is set on object 'Object Repository/Create a new asset account/Page_Create a new asset account  Accounts  _ced620/input_opening_balance_date'

02-01-2024T00:41:23 - [MESSAGE][PASSED] - Text '02/05/2023' is set on object 'Object Repository/Create a new asset account/Page_Create a new asset account  Accounts  _ced620/input_opening_balance_date'

02-01-2024T00:41:23 - [TEST_STEP][PASSED] - selectOptionByValue(findTestObject("Object Repository/Create a new asset account/Page_Create a new asset account  Accounts  _ced620/select_Default asset accountShared asset ac_afbbdd"), account_role, true): All options with value 'ccAsset' are selected in object 'Object Repository/Create a new asset account/Page_Create a new asset account  Accounts  _ced620/select_Default asset accountShared asset ac_afbbdd'  using regular expression

02-01-2024T00:41:24 - [MESSAGE][PASSED] - All options with value 'ccAsset' are selected in object 'Object Repository/Create a new asset account/Page_Create a new asset account  Accounts  _ced620/select_Default asset accountShared asset ac_afbbdd'  using regular expression

02-01-2024T00:41:24 - [TEST_STEP][PASSED] - setText(findTestObject("Object Repository/Create a new asset account/Page_Create a new asset account  Accounts  _ced620/input_virtual_balance"), virtual_balance): Text '' is set on object 'Object Repository/Create a new asset account/Page_Create a new asset account  Accounts  _ced620/input_virtual_balance'

02-01-2024T00:41:24 - [MESSAGE][PASSED] - Text '' is set on object 'Object Repository/Create a new asset account/Page_Create a new asset account  Accounts  _ced620/input_virtual_balance'

02-01-2024T00:41:24 - [TEST_STEP][PASSED] - if (include_in_net_worth == "false"): Object: 'Object Repository/Create a new asset account/Page_Create a new asset account  Accounts  _ced620/input_include_net_worth' is clicked on

02-01-2024T00:41:24 - [TEST_STEP][PASSED] - click(findTestObject("Create a new asset account/Page_Create a new asset account  Accounts  _ced620/input_include_net_worth")): Object: 'Object Repository/Create a new asset account/Page_Create a new asset account  Accounts  _ced620/input_include_net_worth' is clicked on

02-01-2024T00:41:25 - [MESSAGE][PASSED] - Object: 'Object Repository/Create a new asset account/Page_Create a new asset account  Accounts  _ced620/input_include_net_worth' is clicked on

02-01-2024T00:41:25 - [TEST_STEP][PASSED] - setText(findTestObject("Object Repository/Create a new asset account/Page_Create a new asset account  Accounts  _ced620/textarea_notes"), notes): Text 'Proin leo odio, porttitor id, consequat in, consequat ut, nulla. Sed accumsan felis. Ut at dolor quis odio consequat varius.

Integer ac leo. Pellentesque ultrices mattis odio. Donec vitae nisi.' is set on object 'Object Repository/Create a new asset account/Page_Create a new asset account  Accounts  _ced620/textarea_notes'

02-01-2024T00:41:26 - [MESSAGE][PASSED] - Text 'Proin leo odio, porttitor id, consequat in, consequat ut, nulla. Sed accumsan felis. Ut at dolor quis odio consequat varius.

Integer ac leo. Pellentesque ultrices mattis odio. Donec vitae nisi.' is set on object 'Object Repository/Create a new asset account/Page_Create a new asset account  Accounts  _ced620/textarea_notes'

02-01-2024T00:41:26 - [TEST_STEP][PASSED] - if (attachments != ""): File 'D:\ktpm\G1_Firefly_testing\Attachments File\Report_1MB.csv' sent to object: 'Object Repository/Create a new asset account/Page_Create a new asset account  Accounts  _ced620/upload file'

02-01-2024T00:41:26 - [TEST_STEP][PASSED] - absolutePath = normalize().toString(): null

02-01-2024T00:41:26 - [TEST_STEP][PASSED] - uploadFile(findTestObject("Create a new asset account/Page_Create a new asset account  Accounts  _ced620/upload file"), absolutePath): File 'D:\ktpm\G1_Firefly_testing\Attachments File\Report_1MB.csv' sent to object: 'Object Repository/Create a new asset account/Page_Create a new asset account  Accounts  _ced620/upload file'

02-01-2024T00:41:26 - [MESSAGE][PASSED] - File 'D:\ktpm\G1_Firefly_testing\Attachments File\Report_1MB.csv' sent to object: 'Object Repository/Create a new asset account/Page_Create a new asset account  Accounts  _ced620/upload file'

02-01-2024T00:41:26 - [TEST_STEP][PASSED] - click(findTestObject("Object Repository/Create a new asset account/Page_Create a new asset account  Accounts  _ced620/button_Store new asset account")): Object: 'Object Repository/Create a new asset account/Page_Create a new asset account  Accounts  _ced620/button_Store new asset account' is clicked on

02-01-2024T00:41:28 - [MESSAGE][PASSED] - Object: 'Object Repository/Create a new asset account/Page_Create a new asset account  Accounts  _ced620/button_Store new asset account' is clicked on

02-01-2024T00:41:28 - [TEST_STEP][PASSED] - try: null

02-01-2024T00:41:28 - [TEST_STEP][PASSED] - verifyElementPresent(findTestObject("Shared_alert/text_dangers"), 1): Object 'Object Repository/Shared_alert/text_dangers' is present

02-01-2024T00:41:28 - [MESSAGE][PASSED] - Object 'Object Repository/Shared_alert/text_dangers' is present

02-01-2024T00:41:28 - [TEST_STEP][PASSED] - verifyElementNotPresent(findTestObject("Shared_alert/success_alert"), 1): Web element with id: 'Object Repository/Shared_alert/success_alert' located by 'By.cssSelector: #app > div.content-wrapper > section.content > div' is not present after '1' second(s)

02-01-2024T00:41:29 - [MESSAGE][PASSED] - Web element with id: 'Object Repository/Shared_alert/success_alert' located by 'By.cssSelector: #app > div.content-wrapper > section.content > div' is not present after '1' second(s)

02-01-2024T00:41:29 - [TEST_STEP][PASSED] - out.println("text danger"): null

02-01-2024T00:41:29 - [TEST_STEP][PASSED] - closeBrowser(): Browser is closed

02-01-2024T00:41:29 - [MESSAGE][PASSED] - Browser is closed]]></system-out>
         <system-err><![CDATA[]]></system-err>
      </testcase>
      <testcase name="Test Cases/Create a new asset account" time="15.293" classname="Test Cases/Create a new asset account" status="PASSED">
         <system-out><![CDATA[02-01-2024T00:41:29 - [TEST_CASE][PASSED] - Test Cases/Create a new asset account: Test Cases/Create a new asset account

02-01-2024T00:41:29 - [TEST_STEP][PASSED] - openBrowser(""): Browser is opened with url: ''

02-01-2024T00:41:29 - [MESSAGE][INFO] - Starting 'Chrome' driver

02-01-2024T00:41:29 - [MESSAGE][INFO] - Action delay is set to 0 milliseconds

02-01-2024T00:41:30 - [MESSAGE][PASSED] - Browser is opened with url: ''

02-01-2024T00:41:30 - [TEST_STEP][PASSED] - navigateToUrl("https://firefly.buudadawg.online/accounts/create/asset"): Navigate to 'https://firefly.buudadawg.online/accounts/create/asset' successfully

02-01-2024T00:41:32 - [MESSAGE][PASSED] - Navigate to 'https://firefly.buudadawg.online/accounts/create/asset' successfully

02-01-2024T00:41:32 - [TEST_STEP][PASSED] - setText(findTestObject("Object Repository/Create a new asset account/Page_Login to Firefly III/input_email"), "huynhluat.dn@gmail.com"): Text 'huynhluat.dn@gmail.com' is set on object 'Object Repository/Create a new asset account/Page_Login to Firefly III/input_email'

02-01-2024T00:41:32 - [MESSAGE][PASSED] - Text 'huynhluat.dn@gmail.com' is set on object 'Object Repository/Create a new asset account/Page_Login to Firefly III/input_email'

02-01-2024T00:41:32 - [TEST_STEP][PASSED] - setEncryptedText(findTestObject("Object Repository/Create a new asset account/Page_Login to Firefly III/input_password"), "GDttjE7iuxOgQwNBt53tbwiiBI5Qr4kb"): Text ****** has been set on object 'Object Repository/Create a new asset account/Page_Login to Firefly III/input_password'

02-01-2024T00:41:33 - [MESSAGE][PASSED] - Text ****** has been set on object 'Object Repository/Create a new asset account/Page_Login to Firefly III/input_password'

02-01-2024T00:41:33 - [TEST_STEP][PASSED] - click(findTestObject("Object Repository/Create a new asset account/Page_Login to Firefly III/button_Sign in")): Object: 'Object Repository/Create a new asset account/Page_Login to Firefly III/button_Sign in' is clicked on

02-01-2024T00:41:34 - [MESSAGE][PASSED] - Object: 'Object Repository/Create a new asset account/Page_Login to Firefly III/button_Sign in' is clicked on

02-01-2024T00:41:34 - [TEST_STEP][PASSED] - setText(findTestObject("Object Repository/Create a new asset account/Page_Create a new asset account  Accounts  _ced620/input_name"), name): Text 'astrauss3' is set on object 'Object Repository/Create a new asset account/Page_Create a new asset account  Accounts  _ced620/input_name'

02-01-2024T00:41:35 - [MESSAGE][PASSED] - Text 'astrauss3' is set on object 'Object Repository/Create a new asset account/Page_Create a new asset account  Accounts  _ced620/input_name'

02-01-2024T00:41:35 - [TEST_STEP][PASSED] - selectOptionByValue(findTestObject("Object Repository/Create a new asset account/Page_Create a new asset account  Accounts  _ced620/select_Euro ()US Dollar ()"), currency, true): All options with value '8' are selected in object 'Object Repository/Create a new asset account/Page_Create a new asset account  Accounts  _ced620/select_Euro ()US Dollar ()'  using regular expression

02-01-2024T00:41:36 - [MESSAGE][PASSED] - All options with value '8' are selected in object 'Object Repository/Create a new asset account/Page_Create a new asset account  Accounts  _ced620/select_Euro ()US Dollar ()'  using regular expression

02-01-2024T00:41:36 - [TEST_STEP][PASSED] - setText(findTestObject("Object Repository/Create a new asset account/Page_Create a new asset account  Accounts  _ced620/input_iban"), iban): Text 'BR52 6592 2901 1370 9127 6135 054T R' is set on object 'Object Repository/Create a new asset account/Page_Create a new asset account  Accounts  _ced620/input_iban'

02-01-2024T00:41:37 - [MESSAGE][PASSED] - Text 'BR52 6592 2901 1370 9127 6135 054T R' is set on object 'Object Repository/Create a new asset account/Page_Create a new asset account  Accounts  _ced620/input_iban'

02-01-2024T00:41:37 - [TEST_STEP][PASSED] - setText(findTestObject("Object Repository/Create a new asset account/Page_Create a new asset account  Accounts  _ced620/input_BIC"), bic): Text '' is set on object 'Object Repository/Create a new asset account/Page_Create a new asset account  Accounts  _ced620/input_BIC'

02-01-2024T00:41:38 - [MESSAGE][PASSED] - Text '' is set on object 'Object Repository/Create a new asset account/Page_Create a new asset account  Accounts  _ced620/input_BIC'

02-01-2024T00:41:38 - [TEST_STEP][PASSED] - setText(findTestObject("Object Repository/Create a new asset account/Page_Create a new asset account  Accounts  _ced620/input_account_number"), account_number): Text '5108756854147722' is set on object 'Object Repository/Create a new asset account/Page_Create a new asset account  Accounts  _ced620/input_account_number'

02-01-2024T00:41:38 - [MESSAGE][PASSED] - Text '5108756854147722' is set on object 'Object Repository/Create a new asset account/Page_Create a new asset account  Accounts  _ced620/input_account_number'

02-01-2024T00:41:38 - [TEST_STEP][PASSED] - setText(findTestObject("Object Repository/Create a new asset account/Page_Create a new asset account  Accounts  _ced620/input_opening_balance"), opening_balance): Text '510.11' is set on object 'Object Repository/Create a new asset account/Page_Create a new asset account  Accounts  _ced620/input_opening_balance'

02-01-2024T00:41:39 - [MESSAGE][PASSED] - Text '510.11' is set on object 'Object Repository/Create a new asset account/Page_Create a new asset account  Accounts  _ced620/input_opening_balance'

02-01-2024T00:41:39 - [TEST_STEP][PASSED] - setText(findTestObject("Create a new asset account/Page_Create a new asset account  Accounts  _ced620/input_opening_balance_date"), opening_balance_date): Text '' is set on object 'Object Repository/Create a new asset account/Page_Create a new asset account  Accounts  _ced620/input_opening_balance_date'

02-01-2024T00:41:40 - [MESSAGE][PASSED] - Text '' is set on object 'Object Repository/Create a new asset account/Page_Create a new asset account  Accounts  _ced620/input_opening_balance_date'

02-01-2024T00:41:40 - [TEST_STEP][PASSED] - selectOptionByValue(findTestObject("Object Repository/Create a new asset account/Page_Create a new asset account  Accounts  _ced620/select_Default asset accountShared asset ac_afbbdd"), account_role, true): All options with value 'defaultAsset' are selected in object 'Object Repository/Create a new asset account/Page_Create a new asset account  Accounts  _ced620/select_Default asset accountShared asset ac_afbbdd'  using regular expression

02-01-2024T00:41:40 - [MESSAGE][PASSED] - All options with value 'defaultAsset' are selected in object 'Object Repository/Create a new asset account/Page_Create a new asset account  Accounts  _ced620/select_Default asset accountShared asset ac_afbbdd'  using regular expression

02-01-2024T00:41:40 - [TEST_STEP][PASSED] - setText(findTestObject("Object Repository/Create a new asset account/Page_Create a new asset account  Accounts  _ced620/input_virtual_balance"), virtual_balance): Text '950.19' is set on object 'Object Repository/Create a new asset account/Page_Create a new asset account  Accounts  _ced620/input_virtual_balance'

02-01-2024T00:41:41 - [MESSAGE][PASSED] - Text '950.19' is set on object 'Object Repository/Create a new asset account/Page_Create a new asset account  Accounts  _ced620/input_virtual_balance'

02-01-2024T00:41:41 - [TEST_STEP][PASSED] - if (include_in_net_worth == "false"): null

02-01-2024T00:41:41 - [TEST_STEP][PASSED] - setText(findTestObject("Object Repository/Create a new asset account/Page_Create a new asset account  Accounts  _ced620/textarea_notes"), notes): Text '' is set on object 'Object Repository/Create a new asset account/Page_Create a new asset account  Accounts  _ced620/textarea_notes'

02-01-2024T00:41:42 - [MESSAGE][PASSED] - Text '' is set on object 'Object Repository/Create a new asset account/Page_Create a new asset account  Accounts  _ced620/textarea_notes'

02-01-2024T00:41:42 - [TEST_STEP][PASSED] - if (attachments != ""): File 'D:\ktpm\G1_Firefly_testing\Attachments File\Report_1MB.csv' sent to object: 'Object Repository/Create a new asset account/Page_Create a new asset account  Accounts  _ced620/upload file'

02-01-2024T00:41:42 - [TEST_STEP][PASSED] - absolutePath = normalize().toString(): null

02-01-2024T00:41:42 - [TEST_STEP][PASSED] - uploadFile(findTestObject("Create a new asset account/Page_Create a new asset account  Accounts  _ced620/upload file"), absolutePath): File 'D:\ktpm\G1_Firefly_testing\Attachments File\Report_1MB.csv' sent to object: 'Object Repository/Create a new asset account/Page_Create a new asset account  Accounts  _ced620/upload file'

02-01-2024T00:41:42 - [MESSAGE][PASSED] - File 'D:\ktpm\G1_Firefly_testing\Attachments File\Report_1MB.csv' sent to object: 'Object Repository/Create a new asset account/Page_Create a new asset account  Accounts  _ced620/upload file'

02-01-2024T00:41:42 - [TEST_STEP][PASSED] - click(findTestObject("Object Repository/Create a new asset account/Page_Create a new asset account  Accounts  _ced620/button_Store new asset account")): Object: 'Object Repository/Create a new asset account/Page_Create a new asset account  Accounts  _ced620/button_Store new asset account' is clicked on

02-01-2024T00:41:43 - [MESSAGE][PASSED] - Object: 'Object Repository/Create a new asset account/Page_Create a new asset account  Accounts  _ced620/button_Store new asset account' is clicked on

02-01-2024T00:41:43 - [TEST_STEP][PASSED] - try: null

02-01-2024T00:41:43 - [TEST_STEP][PASSED] - verifyElementPresent(findTestObject("Shared_alert/text_dangers"), 1): Object 'Object Repository/Shared_alert/text_dangers' is present

02-01-2024T00:41:44 - [MESSAGE][PASSED] - Object 'Object Repository/Shared_alert/text_dangers' is present

02-01-2024T00:41:44 - [TEST_STEP][PASSED] - verifyElementNotPresent(findTestObject("Shared_alert/success_alert"), 1): Web element with id: 'Object Repository/Shared_alert/success_alert' located by 'By.cssSelector: #app > div.content-wrapper > section.content > div' is not present after '1' second(s)

02-01-2024T00:41:44 - [MESSAGE][PASSED] - Web element with id: 'Object Repository/Shared_alert/success_alert' located by 'By.cssSelector: #app > div.content-wrapper > section.content > div' is not present after '1' second(s)

02-01-2024T00:41:44 - [TEST_STEP][PASSED] - out.println("text danger"): null

02-01-2024T00:41:44 - [TEST_STEP][PASSED] - closeBrowser(): Browser is closed

02-01-2024T00:41:44 - [MESSAGE][PASSED] - Browser is closed]]></system-out>
         <system-err><![CDATA[]]></system-err>
      </testcase>
      <testcase name="Test Cases/Create a new asset account" time="16.898" classname="Test Cases/Create a new asset account" status="PASSED">
         <system-out><![CDATA[02-01-2024T00:41:44 - [TEST_CASE][PASSED] - Test Cases/Create a new asset account: Test Cases/Create a new asset account

02-01-2024T00:41:44 - [TEST_STEP][PASSED] - openBrowser(""): Browser is opened with url: ''

02-01-2024T00:41:44 - [MESSAGE][INFO] - Starting 'Chrome' driver

02-01-2024T00:41:44 - [MESSAGE][INFO] - Action delay is set to 0 milliseconds

02-01-2024T00:41:46 - [MESSAGE][PASSED] - Browser is opened with url: ''

02-01-2024T00:41:46 - [TEST_STEP][PASSED] - navigateToUrl("https://firefly.buudadawg.online/accounts/create/asset"): Navigate to 'https://firefly.buudadawg.online/accounts/create/asset' successfully

02-01-2024T00:41:47 - [MESSAGE][PASSED] - Navigate to 'https://firefly.buudadawg.online/accounts/create/asset' successfully

02-01-2024T00:41:47 - [TEST_STEP][PASSED] - setText(findTestObject("Object Repository/Create a new asset account/Page_Login to Firefly III/input_email"), "huynhluat.dn@gmail.com"): Text 'huynhluat.dn@gmail.com' is set on object 'Object Repository/Create a new asset account/Page_Login to Firefly III/input_email'

02-01-2024T00:41:48 - [MESSAGE][PASSED] - Text 'huynhluat.dn@gmail.com' is set on object 'Object Repository/Create a new asset account/Page_Login to Firefly III/input_email'

02-01-2024T00:41:48 - [TEST_STEP][PASSED] - setEncryptedText(findTestObject("Object Repository/Create a new asset account/Page_Login to Firefly III/input_password"), "GDttjE7iuxOgQwNBt53tbwiiBI5Qr4kb"): Text ****** has been set on object 'Object Repository/Create a new asset account/Page_Login to Firefly III/input_password'

02-01-2024T00:41:48 - [MESSAGE][PASSED] - Text ****** has been set on object 'Object Repository/Create a new asset account/Page_Login to Firefly III/input_password'

02-01-2024T00:41:48 - [TEST_STEP][PASSED] - click(findTestObject("Object Repository/Create a new asset account/Page_Login to Firefly III/button_Sign in")): Object: 'Object Repository/Create a new asset account/Page_Login to Firefly III/button_Sign in' is clicked on

02-01-2024T00:41:50 - [MESSAGE][PASSED] - Object: 'Object Repository/Create a new asset account/Page_Login to Firefly III/button_Sign in' is clicked on

02-01-2024T00:41:50 - [TEST_STEP][PASSED] - setText(findTestObject("Object Repository/Create a new asset account/Page_Create a new asset account  Accounts  _ced620/input_name"), name): Text 'spittoli4' is set on object 'Object Repository/Create a new asset account/Page_Create a new asset account  Accounts  _ced620/input_name'

02-01-2024T00:41:51 - [MESSAGE][PASSED] - Text 'spittoli4' is set on object 'Object Repository/Create a new asset account/Page_Create a new asset account  Accounts  _ced620/input_name'

02-01-2024T00:41:51 - [TEST_STEP][PASSED] - selectOptionByValue(findTestObject("Object Repository/Create a new asset account/Page_Create a new asset account  Accounts  _ced620/select_Euro ()US Dollar ()"), currency, true): All options with value '8' are selected in object 'Object Repository/Create a new asset account/Page_Create a new asset account  Accounts  _ced620/select_Euro ()US Dollar ()'  using regular expression

02-01-2024T00:41:52 - [MESSAGE][PASSED] - All options with value '8' are selected in object 'Object Repository/Create a new asset account/Page_Create a new asset account  Accounts  _ced620/select_Euro ()US Dollar ()'  using regular expression

02-01-2024T00:41:52 - [TEST_STEP][PASSED] - setText(findTestObject("Object Repository/Create a new asset account/Page_Create a new asset account  Accounts  _ced620/input_iban"), iban): Text 'FR12 4568 4252 06SK 8GEC AX6O N33' is set on object 'Object Repository/Create a new asset account/Page_Create a new asset account  Accounts  _ced620/input_iban'

02-01-2024T00:41:52 - [MESSAGE][PASSED] - Text 'FR12 4568 4252 06SK 8GEC AX6O N33' is set on object 'Object Repository/Create a new asset account/Page_Create a new asset account  Accounts  _ced620/input_iban'

02-01-2024T00:41:52 - [TEST_STEP][PASSED] - setText(findTestObject("Object Repository/Create a new asset account/Page_Create a new asset account  Accounts  _ced620/input_BIC"), bic): Text 'BTTRYDOX7GT' is set on object 'Object Repository/Create a new asset account/Page_Create a new asset account  Accounts  _ced620/input_BIC'

02-01-2024T00:41:53 - [MESSAGE][PASSED] - Text 'BTTRYDOX7GT' is set on object 'Object Repository/Create a new asset account/Page_Create a new asset account  Accounts  _ced620/input_BIC'

02-01-2024T00:41:53 - [TEST_STEP][PASSED] - setText(findTestObject("Object Repository/Create a new asset account/Page_Create a new asset account  Accounts  _ced620/input_account_number"), account_number): Text '5108755408059797' is set on object 'Object Repository/Create a new asset account/Page_Create a new asset account  Accounts  _ced620/input_account_number'

02-01-2024T00:41:54 - [MESSAGE][PASSED] - Text '5108755408059797' is set on object 'Object Repository/Create a new asset account/Page_Create a new asset account  Accounts  _ced620/input_account_number'

02-01-2024T00:41:54 - [TEST_STEP][PASSED] - setText(findTestObject("Object Repository/Create a new asset account/Page_Create a new asset account  Accounts  _ced620/input_opening_balance"), opening_balance): Text '' is set on object 'Object Repository/Create a new asset account/Page_Create a new asset account  Accounts  _ced620/input_opening_balance'

02-01-2024T00:41:54 - [MESSAGE][PASSED] - Text '' is set on object 'Object Repository/Create a new asset account/Page_Create a new asset account  Accounts  _ced620/input_opening_balance'

02-01-2024T00:41:54 - [TEST_STEP][PASSED] - setText(findTestObject("Create a new asset account/Page_Create a new asset account  Accounts  _ced620/input_opening_balance_date"), opening_balance_date): Text '07/03/2023' is set on object 'Object Repository/Create a new asset account/Page_Create a new asset account  Accounts  _ced620/input_opening_balance_date'

02-01-2024T00:41:55 - [MESSAGE][PASSED] - Text '07/03/2023' is set on object 'Object Repository/Create a new asset account/Page_Create a new asset account  Accounts  _ced620/input_opening_balance_date'

02-01-2024T00:41:55 - [TEST_STEP][PASSED] - selectOptionByValue(findTestObject("Object Repository/Create a new asset account/Page_Create a new asset account  Accounts  _ced620/select_Default asset accountShared asset ac_afbbdd"), account_role, true): All options with value 'ccAsset' are selected in object 'Object Repository/Create a new asset account/Page_Create a new asset account  Accounts  _ced620/select_Default asset accountShared asset ac_afbbdd'  using regular expression

02-01-2024T00:41:56 - [MESSAGE][PASSED] - All options with value 'ccAsset' are selected in object 'Object Repository/Create a new asset account/Page_Create a new asset account  Accounts  _ced620/select_Default asset accountShared asset ac_afbbdd'  using regular expression

02-01-2024T00:41:56 - [TEST_STEP][PASSED] - setText(findTestObject("Object Repository/Create a new asset account/Page_Create a new asset account  Accounts  _ced620/input_virtual_balance"), virtual_balance): Text '420.81' is set on object 'Object Repository/Create a new asset account/Page_Create a new asset account  Accounts  _ced620/input_virtual_balance'

02-01-2024T00:41:56 - [MESSAGE][PASSED] - Text '420.81' is set on object 'Object Repository/Create a new asset account/Page_Create a new asset account  Accounts  _ced620/input_virtual_balance'

02-01-2024T00:41:56 - [TEST_STEP][PASSED] - if (include_in_net_worth == "false"): null

02-01-2024T00:41:56 - [TEST_STEP][PASSED] - setText(findTestObject("Object Repository/Create a new asset account/Page_Create a new asset account  Accounts  _ced620/textarea_notes"), notes): Text 'Proin leo odio, porttitor id, consequat in, consequat ut, nulla. Sed accumsan felis. Ut at dolor quis odio consequat varius.

Integer ac leo. Pellentesque ultrices mattis odio. Donec vitae nisi.' is set on object 'Object Repository/Create a new asset account/Page_Create a new asset account  Accounts  _ced620/textarea_notes'

02-01-2024T00:41:58 - [MESSAGE][PASSED] - Text 'Proin leo odio, porttitor id, consequat in, consequat ut, nulla. Sed accumsan felis. Ut at dolor quis odio consequat varius.

Integer ac leo. Pellentesque ultrices mattis odio. Donec vitae nisi.' is set on object 'Object Repository/Create a new asset account/Page_Create a new asset account  Accounts  _ced620/textarea_notes'

02-01-2024T00:41:58 - [TEST_STEP][PASSED] - if (attachments != ""): null

02-01-2024T00:41:58 - [TEST_STEP][PASSED] - click(findTestObject("Object Repository/Create a new asset account/Page_Create a new asset account  Accounts  _ced620/button_Store new asset account")): Object: 'Object Repository/Create a new asset account/Page_Create a new asset account  Accounts  _ced620/button_Store new asset account' is clicked on

02-01-2024T00:41:58 - [MESSAGE][PASSED] - Object: 'Object Repository/Create a new asset account/Page_Create a new asset account  Accounts  _ced620/button_Store new asset account' is clicked on

02-01-2024T00:41:58 - [TEST_STEP][FAILED] - try: Unable to verify object 'Object Repository/Shared_alert/text_dangers' is present (Root cause: com.kms.katalon.core.exception.StepFailedException: Unable to verify object 'Object Repository/Shared_alert/text_dangers' is present
	at com.kms.katalon.core.webui.keyword.internal.WebUIKeywordMain.stepFailed(WebUIKeywordMain.groovy:64)
	at com.kms.katalon.core.webui.keyword.internal.WebUIKeywordMain.runKeyword(WebUIKeywordMain.groovy:26)
	at com.kms.katalon.core.webui.keyword.builtin.VerifyElementPresentKeyword.verifyElementPresent(VerifyElementPresentKeyword.groovy:92)
	at com.kms.katalon.core.webui.keyword.builtin.VerifyElementPresentKeyword.execute(VerifyElementPresentKeyword.groovy:68)
	at com.kms.katalon.core.keyword.internal.KeywordExecutor.executeKeywordForPlatform(KeywordExecutor.groovy:74)
	at com.kms.katalon.core.webui.keyword.WebUiBuiltInKeywords.verifyElementPresent(WebUiBuiltInKeywords.groovy:1503)
	at Create a new asset account.run(Create a new asset account:75)
	at com.kms.katalon.core.main.ScriptEngine.run(ScriptEngine.java:194)
	at com.kms.katalon.core.main.ScriptEngine.runScriptAsRawText(ScriptEngine.java:119)
	at com.kms.katalon.core.main.TestCaseExecutor.runScript(TestCaseExecutor.java:448)
	at com.kms.katalon.core.main.TestCaseExecutor.doExecute(TestCaseExecutor.java:439)
	at com.kms.katalon.core.main.TestCaseExecutor.processExecutionPhase(TestCaseExecutor.java:418)
	at com.kms.katalon.core.main.TestCaseExecutor.accessMainPhase(TestCaseExecutor.java:410)
	at com.kms.katalon.core.main.TestCaseExecutor.execute(TestCaseExecutor.java:285)
	at com.kms.katalon.core.common.CommonExecutor.accessTestCaseMainPhase(CommonExecutor.java:65)
	at com.kms.katalon.core.main.TestSuiteExecutor.accessTestSuiteMainPhase(TestSuiteExecutor.java:148)
	at com.kms.katalon.core.main.TestSuiteExecutor.execute(TestSuiteExecutor.java:106)
	at com.kms.katalon.core.main.TestCaseMain.startTestSuite(TestCaseMain.java:180)
	at TempTestSuite1704130831089.run(TempTestSuite1704130831089.groovy:36)
	at java.base/jdk.internal.reflect.NativeMethodAccessorImpl.invoke0(Native Method)
	at java.base/jdk.internal.reflect.NativeMethodAccessorImpl.invoke(NativeMethodAccessorImpl.java:77)
	at java.base/jdk.internal.reflect.DelegatingMethodAccessorImpl.invoke(DelegatingMethodAccessorImpl.java:43)
Caused by: com.kms.katalon.core.exception.StepFailedException: com.kms.katalon.core.webui.exception.WebElementNotFoundException: Web element with id: 'Object Repository/Shared_alert/text_dangers' located by '.text-danger' not found
	at com.kms.katalon.core.webui.keyword.internal.WebUIKeywordMain.stepFailed(WebUIKeywordMain.groovy:64)
	at com.kms.katalon.core.webui.keyword.builtin.VerifyElementPresentKeyword$_verifyElementPresent_closure1.doCall(VerifyElementPresentKeyword.groovy:85)
	at com.kms.katalon.core.webui.keyword.builtin.VerifyElementPresentKeyword$_verifyElementPresent_closure1.call(VerifyElementPresentKeyword.groovy)
	at com.kms.katalon.core.webui.keyword.internal.WebUIKeywordMain.runKeyword(WebUIKeywordMain.groovy:20)
	... 20 more
)

02-01-2024T00:41:58 - [TEST_STEP][FAILED] - verifyElementPresent(findTestObject("Shared_alert/text_dangers"), 1): Unable to verify object 'Object Repository/Shared_alert/text_dangers' is present (Root cause: com.kms.katalon.core.exception.StepFailedException: Unable to verify object 'Object Repository/Shared_alert/text_dangers' is present
	at com.kms.katalon.core.webui.keyword.internal.WebUIKeywordMain.stepFailed(WebUIKeywordMain.groovy:64)
	at com.kms.katalon.core.webui.keyword.internal.WebUIKeywordMain.runKeyword(WebUIKeywordMain.groovy:26)
	at com.kms.katalon.core.webui.keyword.builtin.VerifyElementPresentKeyword.verifyElementPresent(VerifyElementPresentKeyword.groovy:92)
	at com.kms.katalon.core.webui.keyword.builtin.VerifyElementPresentKeyword.execute(VerifyElementPresentKeyword.groovy:68)
	at com.kms.katalon.core.keyword.internal.KeywordExecutor.executeKeywordForPlatform(KeywordExecutor.groovy:74)
	at com.kms.katalon.core.webui.keyword.WebUiBuiltInKeywords.verifyElementPresent(WebUiBuiltInKeywords.groovy:1503)
	at Create a new asset account.run(Create a new asset account:75)
	at com.kms.katalon.core.main.ScriptEngine.run(ScriptEngine.java:194)
	at com.kms.katalon.core.main.ScriptEngine.runScriptAsRawText(ScriptEngine.java:119)
	at com.kms.katalon.core.main.TestCaseExecutor.runScript(TestCaseExecutor.java:448)
	at com.kms.katalon.core.main.TestCaseExecutor.doExecute(TestCaseExecutor.java:439)
	at com.kms.katalon.core.main.TestCaseExecutor.processExecutionPhase(TestCaseExecutor.java:418)
	at com.kms.katalon.core.main.TestCaseExecutor.accessMainPhase(TestCaseExecutor.java:410)
	at com.kms.katalon.core.main.TestCaseExecutor.execute(TestCaseExecutor.java:285)
	at com.kms.katalon.core.common.CommonExecutor.accessTestCaseMainPhase(CommonExecutor.java:65)
	at com.kms.katalon.core.main.TestSuiteExecutor.accessTestSuiteMainPhase(TestSuiteExecutor.java:148)
	at com.kms.katalon.core.main.TestSuiteExecutor.execute(TestSuiteExecutor.java:106)
	at com.kms.katalon.core.main.TestCaseMain.startTestSuite(TestCaseMain.java:180)
	at TempTestSuite1704130831089.run(TempTestSuite1704130831089.groovy:36)
	at java.base/jdk.internal.reflect.NativeMethodAccessorImpl.invoke0(Native Method)
	at java.base/jdk.internal.reflect.NativeMethodAccessorImpl.invoke(NativeMethodAccessorImpl.java:77)
	at java.base/jdk.internal.reflect.DelegatingMethodAccessorImpl.invoke(DelegatingMethodAccessorImpl.java:43)
Caused by: com.kms.katalon.core.exception.StepFailedException: com.kms.katalon.core.webui.exception.WebElementNotFoundException: Web element with id: 'Object Repository/Shared_alert/text_dangers' located by '.text-danger' not found
	at com.kms.katalon.core.webui.keyword.internal.WebUIKeywordMain.stepFailed(WebUIKeywordMain.groovy:64)
	at com.kms.katalon.core.webui.keyword.builtin.VerifyElementPresentKeyword$_verifyElementPresent_closure1.doCall(VerifyElementPresentKeyword.groovy:85)
	at com.kms.katalon.core.webui.keyword.builtin.VerifyElementPresentKeyword$_verifyElementPresent_closure1.call(VerifyElementPresentKeyword.groovy)
	at com.kms.katalon.core.webui.keyword.internal.WebUIKeywordMain.runKeyword(WebUIKeywordMain.groovy:20)
	... 20 more
)

02-01-2024T00:42:01 - [MESSAGE][INFO] - Unable to find the element located by 'By.cssSelector: .text-danger'. Please recheck the objects properties to make sure the desired element is located. 

02-01-2024T00:42:01 - [MESSAGE][FAILED] - com.kms.katalon.core.webui.exception.WebElementNotFoundException: Web element with id: 'Object Repository/Shared_alert/text_dangers' located by '.text-danger' not found (Root cause: com.kms.katalon.core.exception.StepFailedException: com.kms.katalon.core.webui.exception.WebElementNotFoundException: Web element with id: 'Object Repository/Shared_alert/text_dangers' located by '.text-danger' not found
	at com.kms.katalon.core.webui.keyword.internal.WebUIKeywordMain.stepFailed(WebUIKeywordMain.groovy:64)
	at com.kms.katalon.core.webui.keyword.builtin.VerifyElementPresentKeyword$_verifyElementPresent_closure1.doCall(VerifyElementPresentKeyword.groovy:85)
	at com.kms.katalon.core.webui.keyword.builtin.VerifyElementPresentKeyword$_verifyElementPresent_closure1.call(VerifyElementPresentKeyword.groovy)
	at com.kms.katalon.core.webui.keyword.internal.WebUIKeywordMain.runKeyword(WebUIKeywordMain.groovy:20)
	at com.kms.katalon.core.webui.keyword.builtin.VerifyElementPresentKeyword.verifyElementPresent(VerifyElementPresentKeyword.groovy:92)
	at com.kms.katalon.core.webui.keyword.builtin.VerifyElementPresentKeyword.execute(VerifyElementPresentKeyword.groovy:68)
	at com.kms.katalon.core.keyword.internal.KeywordExecutor.executeKeywordForPlatform(KeywordExecutor.groovy:74)
	at com.kms.katalon.core.webui.keyword.WebUiBuiltInKeywords.verifyElementPresent(WebUiBuiltInKeywords.groovy:1503)
	at Create a new asset account.run(Create a new asset account:75)
	at com.kms.katalon.core.main.ScriptEngine.run(ScriptEngine.java:194)
	at com.kms.katalon.core.main.ScriptEngine.runScriptAsRawText(ScriptEngine.java:119)
	at com.kms.katalon.core.main.TestCaseExecutor.runScript(TestCaseExecutor.java:448)
	at com.kms.katalon.core.main.TestCaseExecutor.doExecute(TestCaseExecutor.java:439)
	at com.kms.katalon.core.main.TestCaseExecutor.processExecutionPhase(TestCaseExecutor.java:418)
	at com.kms.katalon.core.main.TestCaseExecutor.accessMainPhase(TestCaseExecutor.java:410)
	at com.kms.katalon.core.main.TestCaseExecutor.execute(TestCaseExecutor.java:285)
	at com.kms.katalon.core.common.CommonExecutor.accessTestCaseMainPhase(CommonExecutor.java:65)
	at com.kms.katalon.core.main.TestSuiteExecutor.accessTestSuiteMainPhase(TestSuiteExecutor.java:148)
	at com.kms.katalon.core.main.TestSuiteExecutor.execute(TestSuiteExecutor.java:106)
	at com.kms.katalon.core.main.TestCaseMain.startTestSuite(TestCaseMain.java:180)
	at TempTestSuite1704130831089.run(TempTestSuite1704130831089.groovy:36)
	at java.base/jdk.internal.reflect.NativeMethodAccessorImpl.invoke0(Native Method)
	at java.base/jdk.internal.reflect.NativeMethodAccessorImpl.invoke(NativeMethodAccessorImpl.java:77)
	at java.base/jdk.internal.reflect.DelegatingMethodAccessorImpl.invoke(DelegatingMethodAccessorImpl.java:43)
)
[[ATTACHMENT|D:\\ktpm\\G1_Firefly_testing\\Reports\\20240102_004031\\Create a new asset account\\20240102_004031\\1704130921106.png]]

02-01-2024T00:42:01 - [MESSAGE][FAILED] - Unable to verify object 'Object Repository/Shared_alert/text_dangers' is present (Root cause: com.kms.katalon.core.exception.StepFailedException: Unable to verify object 'Object Repository/Shared_alert/text_dangers' is present
	at com.kms.katalon.core.webui.keyword.internal.WebUIKeywordMain.stepFailed(WebUIKeywordMain.groovy:64)
	at com.kms.katalon.core.webui.keyword.internal.WebUIKeywordMain.runKeyword(WebUIKeywordMain.groovy:26)
	at com.kms.katalon.core.webui.keyword.builtin.VerifyElementPresentKeyword.verifyElementPresent(VerifyElementPresentKeyword.groovy:92)
	at com.kms.katalon.core.webui.keyword.builtin.VerifyElementPresentKeyword.execute(VerifyElementPresentKeyword.groovy:68)
	at com.kms.katalon.core.keyword.internal.KeywordExecutor.executeKeywordForPlatform(KeywordExecutor.groovy:74)
	at com.kms.katalon.core.webui.keyword.WebUiBuiltInKeywords.verifyElementPresent(WebUiBuiltInKeywords.groovy:1503)
	at Create a new asset account.run(Create a new asset account:75)
	at com.kms.katalon.core.main.ScriptEngine.run(ScriptEngine.java:194)
	at com.kms.katalon.core.main.ScriptEngine.runScriptAsRawText(ScriptEngine.java:119)
	at com.kms.katalon.core.main.TestCaseExecutor.runScript(TestCaseExecutor.java:448)
	at com.kms.katalon.core.main.TestCaseExecutor.doExecute(TestCaseExecutor.java:439)
	at com.kms.katalon.core.main.TestCaseExecutor.processExecutionPhase(TestCaseExecutor.java:418)
	at com.kms.katalon.core.main.TestCaseExecutor.accessMainPhase(TestCaseExecutor.java:410)
	at com.kms.katalon.core.main.TestCaseExecutor.execute(TestCaseExecutor.java:285)
	at com.kms.katalon.core.common.CommonExecutor.accessTestCaseMainPhase(CommonExecutor.java:65)
	at com.kms.katalon.core.main.TestSuiteExecutor.accessTestSuiteMainPhase(TestSuiteExecutor.java:148)
	at com.kms.katalon.core.main.TestSuiteExecutor.execute(TestSuiteExecutor.java:106)
	at com.kms.katalon.core.main.TestCaseMain.startTestSuite(TestCaseMain.java:180)
	at TempTestSuite1704130831089.run(TempTestSuite1704130831089.groovy:36)
	at java.base/jdk.internal.reflect.NativeMethodAccessorImpl.invoke0(Native Method)
	at java.base/jdk.internal.reflect.NativeMethodAccessorImpl.invoke(NativeMethodAccessorImpl.java:77)
	at java.base/jdk.internal.reflect.DelegatingMethodAccessorImpl.invoke(DelegatingMethodAccessorImpl.java:43)
Caused by: com.kms.katalon.core.exception.StepFailedException: com.kms.katalon.core.webui.exception.WebElementNotFoundException: Web element with id: 'Object Repository/Shared_alert/text_dangers' located by '.text-danger' not found
	at com.kms.katalon.core.webui.keyword.internal.WebUIKeywordMain.stepFailed(WebUIKeywordMain.groovy:64)
	at com.kms.katalon.core.webui.keyword.builtin.VerifyElementPresentKeyword$_verifyElementPresent_closure1.doCall(VerifyElementPresentKeyword.groovy:85)
	at com.kms.katalon.core.webui.keyword.builtin.VerifyElementPresentKeyword$_verifyElementPresent_closure1.call(VerifyElementPresentKeyword.groovy)
	at com.kms.katalon.core.webui.keyword.internal.WebUIKeywordMain.runKeyword(WebUIKeywordMain.groovy:20)
	... 20 more
)
[[ATTACHMENT|D:\\ktpm\\G1_Firefly_testing\\Reports\\20240102_004031\\Create a new asset account\\20240102_004031\\1704130921213.png]]

02-01-2024T00:42:01 - [TEST_STEP][PASSED] - catch (Exception err): null

02-01-2024T00:42:01 - [TEST_STEP][PASSED] - verifyElementPresent(findTestObject("Shared_alert/success_alert"), 1): Object 'Object Repository/Shared_alert/success_alert' is present

02-01-2024T00:42:01 - [MESSAGE][PASSED] - Object 'Object Repository/Shared_alert/success_alert' is present

02-01-2024T00:42:01 - [TEST_STEP][PASSED] - if (attachments == "Attachments File/Report_65MB.csv"): null

02-01-2024T00:42:01 - [TEST_STEP][PASSED] - out.println("success"): null

02-01-2024T00:42:01 - [TEST_STEP][PASSED] - closeBrowser(): Browser is closed

02-01-2024T00:42:01 - [MESSAGE][PASSED] - Browser is closed]]></system-out>
         <system-err><![CDATA[]]></system-err>
      </testcase>
      <testcase name="Test Cases/Create a new asset account" time="15.437" classname="Test Cases/Create a new asset account" status="PASSED">
         <system-out><![CDATA[02-01-2024T00:42:01 - [TEST_CASE][PASSED] - Test Cases/Create a new asset account: Test Cases/Create a new asset account

02-01-2024T00:42:01 - [TEST_STEP][PASSED] - openBrowser(""): Browser is opened with url: ''

02-01-2024T00:42:01 - [MESSAGE][INFO] - Starting 'Chrome' driver

02-01-2024T00:42:02 - [MESSAGE][INFO] - Action delay is set to 0 milliseconds

02-01-2024T00:42:03 - [MESSAGE][PASSED] - Browser is opened with url: ''

02-01-2024T00:42:03 - [TEST_STEP][PASSED] - navigateToUrl("https://firefly.buudadawg.online/accounts/create/asset"): Navigate to 'https://firefly.buudadawg.online/accounts/create/asset' successfully

02-01-2024T00:42:04 - [MESSAGE][PASSED] - Navigate to 'https://firefly.buudadawg.online/accounts/create/asset' successfully

02-01-2024T00:42:04 - [TEST_STEP][PASSED] - setText(findTestObject("Object Repository/Create a new asset account/Page_Login to Firefly III/input_email"), "huynhluat.dn@gmail.com"): Text 'huynhluat.dn@gmail.com' is set on object 'Object Repository/Create a new asset account/Page_Login to Firefly III/input_email'

02-01-2024T00:42:05 - [MESSAGE][PASSED] - Text 'huynhluat.dn@gmail.com' is set on object 'Object Repository/Create a new asset account/Page_Login to Firefly III/input_email'

02-01-2024T00:42:05 - [TEST_STEP][PASSED] - setEncryptedText(findTestObject("Object Repository/Create a new asset account/Page_Login to Firefly III/input_password"), "GDttjE7iuxOgQwNBt53tbwiiBI5Qr4kb"): Text ****** has been set on object 'Object Repository/Create a new asset account/Page_Login to Firefly III/input_password'

02-01-2024T00:42:06 - [MESSAGE][PASSED] - Text ****** has been set on object 'Object Repository/Create a new asset account/Page_Login to Firefly III/input_password'

02-01-2024T00:42:06 - [TEST_STEP][PASSED] - click(findTestObject("Object Repository/Create a new asset account/Page_Login to Firefly III/button_Sign in")): Object: 'Object Repository/Create a new asset account/Page_Login to Firefly III/button_Sign in' is clicked on

02-01-2024T00:42:07 - [MESSAGE][PASSED] - Object: 'Object Repository/Create a new asset account/Page_Login to Firefly III/button_Sign in' is clicked on

02-01-2024T00:42:07 - [TEST_STEP][PASSED] - setText(findTestObject("Object Repository/Create a new asset account/Page_Create a new asset account  Accounts  _ced620/input_name"), name): Text 'ocumesky5' is set on object 'Object Repository/Create a new asset account/Page_Create a new asset account  Accounts  _ced620/input_name'

02-01-2024T00:42:08 - [MESSAGE][PASSED] - Text 'ocumesky5' is set on object 'Object Repository/Create a new asset account/Page_Create a new asset account  Accounts  _ced620/input_name'

02-01-2024T00:42:08 - [TEST_STEP][PASSED] - selectOptionByValue(findTestObject("Object Repository/Create a new asset account/Page_Create a new asset account  Accounts  _ced620/select_Euro ()US Dollar ()"), currency, true): All options with value '8' are selected in object 'Object Repository/Create a new asset account/Page_Create a new asset account  Accounts  _ced620/select_Euro ()US Dollar ()'  using regular expression

02-01-2024T00:42:09 - [MESSAGE][PASSED] - All options with value '8' are selected in object 'Object Repository/Create a new asset account/Page_Create a new asset account  Accounts  _ced620/select_Euro ()US Dollar ()'  using regular expression

02-01-2024T00:42:09 - [TEST_STEP][PASSED] - setText(findTestObject("Object Repository/Create a new asset account/Page_Create a new asset account  Accounts  _ced620/input_iban"), iban): Text '' is set on object 'Object Repository/Create a new asset account/Page_Create a new asset account  Accounts  _ced620/input_iban'

02-01-2024T00:42:09 - [MESSAGE][PASSED] - Text '' is set on object 'Object Repository/Create a new asset account/Page_Create a new asset account  Accounts  _ced620/input_iban'

02-01-2024T00:42:09 - [TEST_STEP][PASSED] - setText(findTestObject("Object Repository/Create a new asset account/Page_Create a new asset account  Accounts  _ced620/input_BIC"), bic): Text 'FDKNHM0SXO2' is set on object 'Object Repository/Create a new asset account/Page_Create a new asset account  Accounts  _ced620/input_BIC'

02-01-2024T00:42:10 - [MESSAGE][PASSED] - Text 'FDKNHM0SXO2' is set on object 'Object Repository/Create a new asset account/Page_Create a new asset account  Accounts  _ced620/input_BIC'

02-01-2024T00:42:10 - [TEST_STEP][PASSED] - setText(findTestObject("Object Repository/Create a new asset account/Page_Create a new asset account  Accounts  _ced620/input_account_number"), account_number): Text '' is set on object 'Object Repository/Create a new asset account/Page_Create a new asset account  Accounts  _ced620/input_account_number'

02-01-2024T00:42:11 - [MESSAGE][PASSED] - Text '' is set on object 'Object Repository/Create a new asset account/Page_Create a new asset account  Accounts  _ced620/input_account_number'

02-01-2024T00:42:11 - [TEST_STEP][PASSED] - setText(findTestObject("Object Repository/Create a new asset account/Page_Create a new asset account  Accounts  _ced620/input_opening_balance"), opening_balance): Text '584.39' is set on object 'Object Repository/Create a new asset account/Page_Create a new asset account  Accounts  _ced620/input_opening_balance'

02-01-2024T00:42:11 - [MESSAGE][PASSED] - Text '584.39' is set on object 'Object Repository/Create a new asset account/Page_Create a new asset account  Accounts  _ced620/input_opening_balance'

02-01-2024T00:42:11 - [TEST_STEP][PASSED] - setText(findTestObject("Create a new asset account/Page_Create a new asset account  Accounts  _ced620/input_opening_balance_date"), opening_balance_date): Text '' is set on object 'Object Repository/Create a new asset account/Page_Create a new asset account  Accounts  _ced620/input_opening_balance_date'

02-01-2024T00:42:12 - [MESSAGE][PASSED] - Text '' is set on object 'Object Repository/Create a new asset account/Page_Create a new asset account  Accounts  _ced620/input_opening_balance_date'

02-01-2024T00:42:12 - [TEST_STEP][PASSED] - selectOptionByValue(findTestObject("Object Repository/Create a new asset account/Page_Create a new asset account  Accounts  _ced620/select_Default asset accountShared asset ac_afbbdd"), account_role, true): All options with value 'defaultAsset' are selected in object 'Object Repository/Create a new asset account/Page_Create a new asset account  Accounts  _ced620/select_Default asset accountShared asset ac_afbbdd'  using regular expression

02-01-2024T00:42:13 - [MESSAGE][PASSED] - All options with value 'defaultAsset' are selected in object 'Object Repository/Create a new asset account/Page_Create a new asset account  Accounts  _ced620/select_Default asset accountShared asset ac_afbbdd'  using regular expression

02-01-2024T00:42:13 - [TEST_STEP][PASSED] - setText(findTestObject("Object Repository/Create a new asset account/Page_Create a new asset account  Accounts  _ced620/input_virtual_balance"), virtual_balance): Text '' is set on object 'Object Repository/Create a new asset account/Page_Create a new asset account  Accounts  _ced620/input_virtual_balance'

02-01-2024T00:42:13 - [MESSAGE][PASSED] - Text '' is set on object 'Object Repository/Create a new asset account/Page_Create a new asset account  Accounts  _ced620/input_virtual_balance'

02-01-2024T00:42:13 - [TEST_STEP][PASSED] - if (include_in_net_worth == "false"): Object: 'Object Repository/Create a new asset account/Page_Create a new asset account  Accounts  _ced620/input_include_net_worth' is clicked on

02-01-2024T00:42:13 - [TEST_STEP][PASSED] - click(findTestObject("Create a new asset account/Page_Create a new asset account  Accounts  _ced620/input_include_net_worth")): Object: 'Object Repository/Create a new asset account/Page_Create a new asset account  Accounts  _ced620/input_include_net_worth' is clicked on

02-01-2024T00:42:14 - [MESSAGE][PASSED] - Object: 'Object Repository/Create a new asset account/Page_Create a new asset account  Accounts  _ced620/input_include_net_worth' is clicked on

02-01-2024T00:42:14 - [TEST_STEP][PASSED] - setText(findTestObject("Object Repository/Create a new asset account/Page_Create a new asset account  Accounts  _ced620/textarea_notes"), notes): Text 'Maecenas ut massa quis augue luctus tincidunt. Nulla mollis molestie lorem. Quisque ut erat.

Curabitur gravida nisi at nibh. In hac habitasse platea dictumst. Aliquam augue quam, sollicitudin vitae, consectetuer eget, rutrum at, lorem.' is set on object 'Object Repository/Create a new asset account/Page_Create a new asset account  Accounts  _ced620/textarea_notes'

02-01-2024T00:42:15 - [MESSAGE][PASSED] - Text 'Maecenas ut massa quis augue luctus tincidunt. Nulla mollis molestie lorem. Quisque ut erat.

Curabitur gravida nisi at nibh. In hac habitasse platea dictumst. Aliquam augue quam, sollicitudin vitae, consectetuer eget, rutrum at, lorem.' is set on object 'Object Repository/Create a new asset account/Page_Create a new asset account  Accounts  _ced620/textarea_notes'

02-01-2024T00:42:15 - [TEST_STEP][PASSED] - if (attachments != ""): null

02-01-2024T00:42:15 - [TEST_STEP][PASSED] - click(findTestObject("Object Repository/Create a new asset account/Page_Create a new asset account  Accounts  _ced620/button_Store new asset account")): Object: 'Object Repository/Create a new asset account/Page_Create a new asset account  Accounts  _ced620/button_Store new asset account' is clicked on

02-01-2024T00:42:16 - [MESSAGE][PASSED] - Object: 'Object Repository/Create a new asset account/Page_Create a new asset account  Accounts  _ced620/button_Store new asset account' is clicked on

02-01-2024T00:42:16 - [TEST_STEP][PASSED] - try: null

02-01-2024T00:42:16 - [TEST_STEP][PASSED] - verifyElementPresent(findTestObject("Shared_alert/text_dangers"), 1): Object 'Object Repository/Shared_alert/text_dangers' is present

02-01-2024T00:42:16 - [MESSAGE][PASSED] - Object 'Object Repository/Shared_alert/text_dangers' is present

02-01-2024T00:42:16 - [TEST_STEP][PASSED] - verifyElementNotPresent(findTestObject("Shared_alert/success_alert"), 1): Web element with id: 'Object Repository/Shared_alert/success_alert' located by 'By.cssSelector: #app > div.content-wrapper > section.content > div' is not present after '1' second(s)

02-01-2024T00:42:17 - [MESSAGE][PASSED] - Web element with id: 'Object Repository/Shared_alert/success_alert' located by 'By.cssSelector: #app > div.content-wrapper > section.content > div' is not present after '1' second(s)

02-01-2024T00:42:17 - [TEST_STEP][PASSED] - out.println("text danger"): null

02-01-2024T00:42:17 - [TEST_STEP][PASSED] - closeBrowser(): Browser is closed

02-01-2024T00:42:17 - [MESSAGE][PASSED] - Browser is closed]]></system-out>
         <system-err><![CDATA[]]></system-err>
      </testcase>
      <testcase name="Test Cases/Create a new asset account" time="35.026" classname="Test Cases/Create a new asset account" status="FAILED">
         <failure type="FAILED" message="Test Cases/Create a new asset account FAILED.&#xa;Reason:&#xa;Assertion failed: &#xa;&#xa;assert false&#xa;&#xa;&#xa;	at Create a new asset account.run(Create a new asset account:84)&#xa;	at com.kms.katalon.core.main.ScriptEngine.run(ScriptEngine.java:194)&#xa;	at com.kms.katalon.core.main.ScriptEngine.runScriptAsRawText(ScriptEngine.java:119)&#xa;	at com.kms.katalon.core.main.TestCaseExecutor.runScript(TestCaseExecutor.java:448)&#xa;	at com.kms.katalon.core.main.TestCaseExecutor.doExecute(TestCaseExecutor.java:439)&#xa;	at com.kms.katalon.core.main.TestCaseExecutor.processExecutionPhase(TestCaseExecutor.java:418)&#xa;	at com.kms.katalon.core.main.TestCaseExecutor.accessMainPhase(TestCaseExecutor.java:410)&#xa;	at com.kms.katalon.core.main.TestCaseExecutor.execute(TestCaseExecutor.java:285)&#xa;	at com.kms.katalon.core.common.CommonExecutor.accessTestCaseMainPhase(CommonExecutor.java:65)&#xa;	at com.kms.katalon.core.main.TestSuiteExecutor.accessTestSuiteMainPhase(TestSuiteExecutor.java:148)&#xa;	at com.kms.katalon.core.main.TestSuiteExecutor.execute(TestSuiteExecutor.java:106)&#xa;	at com.kms.katalon.core.main.TestCaseMain.startTestSuite(TestCaseMain.java:180)&#xa;	at TempTestSuite1704130831089.run(TempTestSuite1704130831089.groovy:36)&#xa;	at java.base/jdk.internal.reflect.NativeMethodAccessorImpl.invoke0(Native Method)&#xa;	at java.base/jdk.internal.reflect.NativeMethodAccessorImpl.invoke(NativeMethodAccessorImpl.java:77)&#xa;	at java.base/jdk.internal.reflect.DelegatingMethodAccessorImpl.invoke(DelegatingMethodAccessorImpl.java:43)&#xa;"/>
         <system-out><![CDATA[02-01-2024T00:42:17 - [TEST_CASE][FAILED] - Test Cases/Create a new asset account: Test Cases/Create a new asset account FAILED.
Reason:
Assertion failed: 

assert false


	at Create a new asset account.run(Create a new asset account:84)
	at com.kms.katalon.core.main.ScriptEngine.run(ScriptEngine.java:194)
	at com.kms.katalon.core.main.ScriptEngine.runScriptAsRawText(ScriptEngine.java:119)
	at com.kms.katalon.core.main.TestCaseExecutor.runScript(TestCaseExecutor.java:448)
	at com.kms.katalon.core.main.TestCaseExecutor.doExecute(TestCaseExecutor.java:439)
	at com.kms.katalon.core.main.TestCaseExecutor.processExecutionPhase(TestCaseExecutor.java:418)
	at com.kms.katalon.core.main.TestCaseExecutor.accessMainPhase(TestCaseExecutor.java:410)
	at com.kms.katalon.core.main.TestCaseExecutor.execute(TestCaseExecutor.java:285)
	at com.kms.katalon.core.common.CommonExecutor.accessTestCaseMainPhase(CommonExecutor.java:65)
	at com.kms.katalon.core.main.TestSuiteExecutor.accessTestSuiteMainPhase(TestSuiteExecutor.java:148)
	at com.kms.katalon.core.main.TestSuiteExecutor.execute(TestSuiteExecutor.java:106)
	at com.kms.katalon.core.main.TestCaseMain.startTestSuite(TestCaseMain.java:180)
	at TempTestSuite1704130831089.run(TempTestSuite1704130831089.groovy:36)
	at java.base/jdk.internal.reflect.NativeMethodAccessorImpl.invoke0(Native Method)
	at java.base/jdk.internal.reflect.NativeMethodAccessorImpl.invoke(NativeMethodAccessorImpl.java:77)
	at java.base/jdk.internal.reflect.DelegatingMethodAccessorImpl.invoke(DelegatingMethodAccessorImpl.java:43)


02-01-2024T00:42:17 - [TEST_STEP][PASSED] - openBrowser(""): Browser is opened with url: ''

02-01-2024T00:42:17 - [MESSAGE][INFO] - Starting 'Chrome' driver

02-01-2024T00:42:17 - [MESSAGE][INFO] - Action delay is set to 0 milliseconds

02-01-2024T00:42:18 - [MESSAGE][PASSED] - Browser is opened with url: ''

02-01-2024T00:42:18 - [TEST_STEP][PASSED] - navigateToUrl("https://firefly.buudadawg.online/accounts/create/asset"): Navigate to 'https://firefly.buudadawg.online/accounts/create/asset' successfully

02-01-2024T00:42:20 - [MESSAGE][PASSED] - Navigate to 'https://firefly.buudadawg.online/accounts/create/asset' successfully

02-01-2024T00:42:20 - [TEST_STEP][PASSED] - setText(findTestObject("Object Repository/Create a new asset account/Page_Login to Firefly III/input_email"), "huynhluat.dn@gmail.com"): Text 'huynhluat.dn@gmail.com' is set on object 'Object Repository/Create a new asset account/Page_Login to Firefly III/input_email'

02-01-2024T00:42:21 - [MESSAGE][PASSED] - Text 'huynhluat.dn@gmail.com' is set on object 'Object Repository/Create a new asset account/Page_Login to Firefly III/input_email'

02-01-2024T00:42:21 - [TEST_STEP][PASSED] - setEncryptedText(findTestObject("Object Repository/Create a new asset account/Page_Login to Firefly III/input_password"), "GDttjE7iuxOgQwNBt53tbwiiBI5Qr4kb"): Text ****** has been set on object 'Object Repository/Create a new asset account/Page_Login to Firefly III/input_password'

02-01-2024T00:42:22 - [MESSAGE][PASSED] - Text ****** has been set on object 'Object Repository/Create a new asset account/Page_Login to Firefly III/input_password'

02-01-2024T00:42:22 - [TEST_STEP][PASSED] - click(findTestObject("Object Repository/Create a new asset account/Page_Login to Firefly III/button_Sign in")): Object: 'Object Repository/Create a new asset account/Page_Login to Firefly III/button_Sign in' is clicked on

02-01-2024T00:42:22 - [MESSAGE][PASSED] - Object: 'Object Repository/Create a new asset account/Page_Login to Firefly III/button_Sign in' is clicked on

02-01-2024T00:42:22 - [TEST_STEP][PASSED] - setText(findTestObject("Object Repository/Create a new asset account/Page_Create a new asset account  Accounts  _ced620/input_name"), name): Text 'ghatherleigh6' is set on object 'Object Repository/Create a new asset account/Page_Create a new asset account  Accounts  _ced620/input_name'

02-01-2024T00:42:24 - [MESSAGE][PASSED] - Text 'ghatherleigh6' is set on object 'Object Repository/Create a new asset account/Page_Create a new asset account  Accounts  _ced620/input_name'

02-01-2024T00:42:24 - [TEST_STEP][PASSED] - selectOptionByValue(findTestObject("Object Repository/Create a new asset account/Page_Create a new asset account  Accounts  _ced620/select_Euro ()US Dollar ()"), currency, true): All options with value '8' are selected in object 'Object Repository/Create a new asset account/Page_Create a new asset account  Accounts  _ced620/select_Euro ()US Dollar ()'  using regular expression

02-01-2024T00:42:25 - [MESSAGE][PASSED] - All options with value '8' are selected in object 'Object Repository/Create a new asset account/Page_Create a new asset account  Accounts  _ced620/select_Euro ()US Dollar ()'  using regular expression

02-01-2024T00:42:25 - [TEST_STEP][PASSED] - setText(findTestObject("Object Repository/Create a new asset account/Page_Create a new asset account  Accounts  _ced620/input_iban"), iban): Text 'BE07 8829 4268 1848' is set on object 'Object Repository/Create a new asset account/Page_Create a new asset account  Accounts  _ced620/input_iban'

02-01-2024T00:42:25 - [MESSAGE][PASSED] - Text 'BE07 8829 4268 1848' is set on object 'Object Repository/Create a new asset account/Page_Create a new asset account  Accounts  _ced620/input_iban'

02-01-2024T00:42:25 - [TEST_STEP][PASSED] - setText(findTestObject("Object Repository/Create a new asset account/Page_Create a new asset account  Accounts  _ced620/input_BIC"), bic): Text '' is set on object 'Object Repository/Create a new asset account/Page_Create a new asset account  Accounts  _ced620/input_BIC'

02-01-2024T00:42:26 - [MESSAGE][PASSED] - Text '' is set on object 'Object Repository/Create a new asset account/Page_Create a new asset account  Accounts  _ced620/input_BIC'

02-01-2024T00:42:26 - [TEST_STEP][PASSED] - setText(findTestObject("Object Repository/Create a new asset account/Page_Create a new asset account  Accounts  _ced620/input_account_number"), account_number): Text '' is set on object 'Object Repository/Create a new asset account/Page_Create a new asset account  Accounts  _ced620/input_account_number'

02-01-2024T00:42:27 - [MESSAGE][PASSED] - Text '' is set on object 'Object Repository/Create a new asset account/Page_Create a new asset account  Accounts  _ced620/input_account_number'

02-01-2024T00:42:27 - [TEST_STEP][PASSED] - setText(findTestObject("Object Repository/Create a new asset account/Page_Create a new asset account  Accounts  _ced620/input_opening_balance"), opening_balance): Text '' is set on object 'Object Repository/Create a new asset account/Page_Create a new asset account  Accounts  _ced620/input_opening_balance'

02-01-2024T00:42:27 - [MESSAGE][PASSED] - Text '' is set on object 'Object Repository/Create a new asset account/Page_Create a new asset account  Accounts  _ced620/input_opening_balance'

02-01-2024T00:42:27 - [TEST_STEP][PASSED] - setText(findTestObject("Create a new asset account/Page_Create a new asset account  Accounts  _ced620/input_opening_balance_date"), opening_balance_date): Text '08/02/2023' is set on object 'Object Repository/Create a new asset account/Page_Create a new asset account  Accounts  _ced620/input_opening_balance_date'

02-01-2024T00:42:28 - [MESSAGE][PASSED] - Text '08/02/2023' is set on object 'Object Repository/Create a new asset account/Page_Create a new asset account  Accounts  _ced620/input_opening_balance_date'

02-01-2024T00:42:28 - [TEST_STEP][PASSED] - selectOptionByValue(findTestObject("Object Repository/Create a new asset account/Page_Create a new asset account  Accounts  _ced620/select_Default asset accountShared asset ac_afbbdd"), account_role, true): All options with value 'sharedAsset' are selected in object 'Object Repository/Create a new asset account/Page_Create a new asset account  Accounts  _ced620/select_Default asset accountShared asset ac_afbbdd'  using regular expression

02-01-2024T00:42:29 - [MESSAGE][PASSED] - All options with value 'sharedAsset' are selected in object 'Object Repository/Create a new asset account/Page_Create a new asset account  Accounts  _ced620/select_Default asset accountShared asset ac_afbbdd'  using regular expression

02-01-2024T00:42:29 - [TEST_STEP][PASSED] - setText(findTestObject("Object Repository/Create a new asset account/Page_Create a new asset account  Accounts  _ced620/input_virtual_balance"), virtual_balance): Text '447.74' is set on object 'Object Repository/Create a new asset account/Page_Create a new asset account  Accounts  _ced620/input_virtual_balance'

02-01-2024T00:42:29 - [MESSAGE][PASSED] - Text '447.74' is set on object 'Object Repository/Create a new asset account/Page_Create a new asset account  Accounts  _ced620/input_virtual_balance'

02-01-2024T00:42:29 - [TEST_STEP][PASSED] - if (include_in_net_worth == "false"): Object: 'Object Repository/Create a new asset account/Page_Create a new asset account  Accounts  _ced620/input_include_net_worth' is clicked on

02-01-2024T00:42:29 - [TEST_STEP][PASSED] - click(findTestObject("Create a new asset account/Page_Create a new asset account  Accounts  _ced620/input_include_net_worth")): Object: 'Object Repository/Create a new asset account/Page_Create a new asset account  Accounts  _ced620/input_include_net_worth' is clicked on

02-01-2024T00:42:30 - [MESSAGE][PASSED] - Object: 'Object Repository/Create a new asset account/Page_Create a new asset account  Accounts  _ced620/input_include_net_worth' is clicked on

02-01-2024T00:42:30 - [TEST_STEP][PASSED] - setText(findTestObject("Object Repository/Create a new asset account/Page_Create a new asset account  Accounts  _ced620/textarea_notes"), notes): Text 'Cum sociis natoque penatibus et magnis dis parturient montes, nascetur ridiculus mus. Vivamus vestibulum sagittis sapien. Cum sociis natoque penatibus et magnis dis parturient montes, nascetur ridiculus mus.

Etiam vel augue. Vestibulum rutrum rutrum neque. Aenean auctor gravida sem.' is set on object 'Object Repository/Create a new asset account/Page_Create a new asset account  Accounts  _ced620/textarea_notes'

02-01-2024T00:42:31 - [MESSAGE][PASSED] - Text 'Cum sociis natoque penatibus et magnis dis parturient montes, nascetur ridiculus mus. Vivamus vestibulum sagittis sapien. Cum sociis natoque penatibus et magnis dis parturient montes, nascetur ridiculus mus.

Etiam vel augue. Vestibulum rutrum rutrum neque. Aenean auctor gravida sem.' is set on object 'Object Repository/Create a new asset account/Page_Create a new asset account  Accounts  _ced620/textarea_notes'

02-01-2024T00:42:31 - [TEST_STEP][PASSED] - if (attachments != ""): File 'D:\ktpm\G1_Firefly_testing\Attachments File\Report_65MB.csv' sent to object: 'Object Repository/Create a new asset account/Page_Create a new asset account  Accounts  _ced620/upload file'

02-01-2024T00:42:31 - [TEST_STEP][PASSED] - absolutePath = normalize().toString(): null

02-01-2024T00:42:31 - [TEST_STEP][PASSED] - uploadFile(findTestObject("Create a new asset account/Page_Create a new asset account  Accounts  _ced620/upload file"), absolutePath): File 'D:\ktpm\G1_Firefly_testing\Attachments File\Report_65MB.csv' sent to object: 'Object Repository/Create a new asset account/Page_Create a new asset account  Accounts  _ced620/upload file'

02-01-2024T00:42:31 - [MESSAGE][PASSED] - File 'D:\ktpm\G1_Firefly_testing\Attachments File\Report_65MB.csv' sent to object: 'Object Repository/Create a new asset account/Page_Create a new asset account  Accounts  _ced620/upload file'

02-01-2024T00:42:31 - [TEST_STEP][PASSED] - click(findTestObject("Object Repository/Create a new asset account/Page_Create a new asset account  Accounts  _ced620/button_Store new asset account")): Object: 'Object Repository/Create a new asset account/Page_Create a new asset account  Accounts  _ced620/button_Store new asset account' is clicked on

02-01-2024T00:42:49 - [MESSAGE][PASSED] - Object: 'Object Repository/Create a new asset account/Page_Create a new asset account  Accounts  _ced620/button_Store new asset account' is clicked on

02-01-2024T00:42:49 - [TEST_STEP][FAILED] - try: Unable to verify object 'Object Repository/Shared_alert/text_dangers' is present (Root cause: com.kms.katalon.core.exception.StepFailedException: Unable to verify object 'Object Repository/Shared_alert/text_dangers' is present
	at com.kms.katalon.core.webui.keyword.internal.WebUIKeywordMain.stepFailed(WebUIKeywordMain.groovy:64)
	at com.kms.katalon.core.webui.keyword.internal.WebUIKeywordMain.runKeyword(WebUIKeywordMain.groovy:26)
	at com.kms.katalon.core.webui.keyword.builtin.VerifyElementPresentKeyword.verifyElementPresent(VerifyElementPresentKeyword.groovy:92)
	at com.kms.katalon.core.webui.keyword.builtin.VerifyElementPresentKeyword.execute(VerifyElementPresentKeyword.groovy:68)
	at com.kms.katalon.core.keyword.internal.KeywordExecutor.executeKeywordForPlatform(KeywordExecutor.groovy:74)
	at com.kms.katalon.core.webui.keyword.WebUiBuiltInKeywords.verifyElementPresent(WebUiBuiltInKeywords.groovy:1503)
	at Create a new asset account.run(Create a new asset account:75)
	at com.kms.katalon.core.main.ScriptEngine.run(ScriptEngine.java:194)
	at com.kms.katalon.core.main.ScriptEngine.runScriptAsRawText(ScriptEngine.java:119)
	at com.kms.katalon.core.main.TestCaseExecutor.runScript(TestCaseExecutor.java:448)
	at com.kms.katalon.core.main.TestCaseExecutor.doExecute(TestCaseExecutor.java:439)
	at com.kms.katalon.core.main.TestCaseExecutor.processExecutionPhase(TestCaseExecutor.java:418)
	at com.kms.katalon.core.main.TestCaseExecutor.accessMainPhase(TestCaseExecutor.java:410)
	at com.kms.katalon.core.main.TestCaseExecutor.execute(TestCaseExecutor.java:285)
	at com.kms.katalon.core.common.CommonExecutor.accessTestCaseMainPhase(CommonExecutor.java:65)
	at com.kms.katalon.core.main.TestSuiteExecutor.accessTestSuiteMainPhase(TestSuiteExecutor.java:148)
	at com.kms.katalon.core.main.TestSuiteExecutor.execute(TestSuiteExecutor.java:106)
	at com.kms.katalon.core.main.TestCaseMain.startTestSuite(TestCaseMain.java:180)
	at TempTestSuite1704130831089.run(TempTestSuite1704130831089.groovy:36)
	at java.base/jdk.internal.reflect.NativeMethodAccessorImpl.invoke0(Native Method)
	at java.base/jdk.internal.reflect.NativeMethodAccessorImpl.invoke(NativeMethodAccessorImpl.java:77)
	at java.base/jdk.internal.reflect.DelegatingMethodAccessorImpl.invoke(DelegatingMethodAccessorImpl.java:43)
Caused by: com.kms.katalon.core.exception.StepFailedException: com.kms.katalon.core.webui.exception.WebElementNotFoundException: Web element with id: 'Object Repository/Shared_alert/text_dangers' located by '.text-danger' not found
	at com.kms.katalon.core.webui.keyword.internal.WebUIKeywordMain.stepFailed(WebUIKeywordMain.groovy:64)
	at com.kms.katalon.core.webui.keyword.builtin.VerifyElementPresentKeyword$_verifyElementPresent_closure1.doCall(VerifyElementPresentKeyword.groovy:85)
	at com.kms.katalon.core.webui.keyword.builtin.VerifyElementPresentKeyword$_verifyElementPresent_closure1.call(VerifyElementPresentKeyword.groovy)
	at com.kms.katalon.core.webui.keyword.internal.WebUIKeywordMain.runKeyword(WebUIKeywordMain.groovy:20)
	... 20 more
)

02-01-2024T00:42:49 - [TEST_STEP][FAILED] - verifyElementPresent(findTestObject("Shared_alert/text_dangers"), 1): Unable to verify object 'Object Repository/Shared_alert/text_dangers' is present (Root cause: com.kms.katalon.core.exception.StepFailedException: Unable to verify object 'Object Repository/Shared_alert/text_dangers' is present
	at com.kms.katalon.core.webui.keyword.internal.WebUIKeywordMain.stepFailed(WebUIKeywordMain.groovy:64)
	at com.kms.katalon.core.webui.keyword.internal.WebUIKeywordMain.runKeyword(WebUIKeywordMain.groovy:26)
	at com.kms.katalon.core.webui.keyword.builtin.VerifyElementPresentKeyword.verifyElementPresent(VerifyElementPresentKeyword.groovy:92)
	at com.kms.katalon.core.webui.keyword.builtin.VerifyElementPresentKeyword.execute(VerifyElementPresentKeyword.groovy:68)
	at com.kms.katalon.core.keyword.internal.KeywordExecutor.executeKeywordForPlatform(KeywordExecutor.groovy:74)
	at com.kms.katalon.core.webui.keyword.WebUiBuiltInKeywords.verifyElementPresent(WebUiBuiltInKeywords.groovy:1503)
	at Create a new asset account.run(Create a new asset account:75)
	at com.kms.katalon.core.main.ScriptEngine.run(ScriptEngine.java:194)
	at com.kms.katalon.core.main.ScriptEngine.runScriptAsRawText(ScriptEngine.java:119)
	at com.kms.katalon.core.main.TestCaseExecutor.runScript(TestCaseExecutor.java:448)
	at com.kms.katalon.core.main.TestCaseExecutor.doExecute(TestCaseExecutor.java:439)
	at com.kms.katalon.core.main.TestCaseExecutor.processExecutionPhase(TestCaseExecutor.java:418)
	at com.kms.katalon.core.main.TestCaseExecutor.accessMainPhase(TestCaseExecutor.java:410)
	at com.kms.katalon.core.main.TestCaseExecutor.execute(TestCaseExecutor.java:285)
	at com.kms.katalon.core.common.CommonExecutor.accessTestCaseMainPhase(CommonExecutor.java:65)
	at com.kms.katalon.core.main.TestSuiteExecutor.accessTestSuiteMainPhase(TestSuiteExecutor.java:148)
	at com.kms.katalon.core.main.TestSuiteExecutor.execute(TestSuiteExecutor.java:106)
	at com.kms.katalon.core.main.TestCaseMain.startTestSuite(TestCaseMain.java:180)
	at TempTestSuite1704130831089.run(TempTestSuite1704130831089.groovy:36)
	at java.base/jdk.internal.reflect.NativeMethodAccessorImpl.invoke0(Native Method)
	at java.base/jdk.internal.reflect.NativeMethodAccessorImpl.invoke(NativeMethodAccessorImpl.java:77)
	at java.base/jdk.internal.reflect.DelegatingMethodAccessorImpl.invoke(DelegatingMethodAccessorImpl.java:43)
Caused by: com.kms.katalon.core.exception.StepFailedException: com.kms.katalon.core.webui.exception.WebElementNotFoundException: Web element with id: 'Object Repository/Shared_alert/text_dangers' located by '.text-danger' not found
	at com.kms.katalon.core.webui.keyword.internal.WebUIKeywordMain.stepFailed(WebUIKeywordMain.groovy:64)
	at com.kms.katalon.core.webui.keyword.builtin.VerifyElementPresentKeyword$_verifyElementPresent_closure1.doCall(VerifyElementPresentKeyword.groovy:85)
	at com.kms.katalon.core.webui.keyword.builtin.VerifyElementPresentKeyword$_verifyElementPresent_closure1.call(VerifyElementPresentKeyword.groovy)
	at com.kms.katalon.core.webui.keyword.internal.WebUIKeywordMain.runKeyword(WebUIKeywordMain.groovy:20)
	... 20 more
)

02-01-2024T00:42:51 - [MESSAGE][INFO] - Unable to find the element located by 'By.cssSelector: .text-danger'. Please recheck the objects properties to make sure the desired element is located. 

02-01-2024T00:42:52 - [MESSAGE][FAILED] - com.kms.katalon.core.webui.exception.WebElementNotFoundException: Web element with id: 'Object Repository/Shared_alert/text_dangers' located by '.text-danger' not found (Root cause: com.kms.katalon.core.exception.StepFailedException: com.kms.katalon.core.webui.exception.WebElementNotFoundException: Web element with id: 'Object Repository/Shared_alert/text_dangers' located by '.text-danger' not found
	at com.kms.katalon.core.webui.keyword.internal.WebUIKeywordMain.stepFailed(WebUIKeywordMain.groovy:64)
	at com.kms.katalon.core.webui.keyword.builtin.VerifyElementPresentKeyword$_verifyElementPresent_closure1.doCall(VerifyElementPresentKeyword.groovy:85)
	at com.kms.katalon.core.webui.keyword.builtin.VerifyElementPresentKeyword$_verifyElementPresent_closure1.call(VerifyElementPresentKeyword.groovy)
	at com.kms.katalon.core.webui.keyword.internal.WebUIKeywordMain.runKeyword(WebUIKeywordMain.groovy:20)
	at com.kms.katalon.core.webui.keyword.builtin.VerifyElementPresentKeyword.verifyElementPresent(VerifyElementPresentKeyword.groovy:92)
	at com.kms.katalon.core.webui.keyword.builtin.VerifyElementPresentKeyword.execute(VerifyElementPresentKeyword.groovy:68)
	at com.kms.katalon.core.keyword.internal.KeywordExecutor.executeKeywordForPlatform(KeywordExecutor.groovy:74)
	at com.kms.katalon.core.webui.keyword.WebUiBuiltInKeywords.verifyElementPresent(WebUiBuiltInKeywords.groovy:1503)
	at Create a new asset account.run(Create a new asset account:75)
	at com.kms.katalon.core.main.ScriptEngine.run(ScriptEngine.java:194)
	at com.kms.katalon.core.main.ScriptEngine.runScriptAsRawText(ScriptEngine.java:119)
	at com.kms.katalon.core.main.TestCaseExecutor.runScript(TestCaseExecutor.java:448)
	at com.kms.katalon.core.main.TestCaseExecutor.doExecute(TestCaseExecutor.java:439)
	at com.kms.katalon.core.main.TestCaseExecutor.processExecutionPhase(TestCaseExecutor.java:418)
	at com.kms.katalon.core.main.TestCaseExecutor.accessMainPhase(TestCaseExecutor.java:410)
	at com.kms.katalon.core.main.TestCaseExecutor.execute(TestCaseExecutor.java:285)
	at com.kms.katalon.core.common.CommonExecutor.accessTestCaseMainPhase(CommonExecutor.java:65)
	at com.kms.katalon.core.main.TestSuiteExecutor.accessTestSuiteMainPhase(TestSuiteExecutor.java:148)
	at com.kms.katalon.core.main.TestSuiteExecutor.execute(TestSuiteExecutor.java:106)
	at com.kms.katalon.core.main.TestCaseMain.startTestSuite(TestCaseMain.java:180)
	at TempTestSuite1704130831089.run(TempTestSuite1704130831089.groovy:36)
	at java.base/jdk.internal.reflect.NativeMethodAccessorImpl.invoke0(Native Method)
	at java.base/jdk.internal.reflect.NativeMethodAccessorImpl.invoke(NativeMethodAccessorImpl.java:77)
	at java.base/jdk.internal.reflect.DelegatingMethodAccessorImpl.invoke(DelegatingMethodAccessorImpl.java:43)
)
[[ATTACHMENT|D:\\ktpm\\G1_Firefly_testing\\Reports\\20240102_004031\\Create a new asset account\\20240102_004031\\1704130971998.png]]

02-01-2024T00:42:52 - [MESSAGE][FAILED] - Unable to verify object 'Object Repository/Shared_alert/text_dangers' is present (Root cause: com.kms.katalon.core.exception.StepFailedException: Unable to verify object 'Object Repository/Shared_alert/text_dangers' is present
	at com.kms.katalon.core.webui.keyword.internal.WebUIKeywordMain.stepFailed(WebUIKeywordMain.groovy:64)
	at com.kms.katalon.core.webui.keyword.internal.WebUIKeywordMain.runKeyword(WebUIKeywordMain.groovy:26)
	at com.kms.katalon.core.webui.keyword.builtin.VerifyElementPresentKeyword.verifyElementPresent(VerifyElementPresentKeyword.groovy:92)
	at com.kms.katalon.core.webui.keyword.builtin.VerifyElementPresentKeyword.execute(VerifyElementPresentKeyword.groovy:68)
	at com.kms.katalon.core.keyword.internal.KeywordExecutor.executeKeywordForPlatform(KeywordExecutor.groovy:74)
	at com.kms.katalon.core.webui.keyword.WebUiBuiltInKeywords.verifyElementPresent(WebUiBuiltInKeywords.groovy:1503)
	at Create a new asset account.run(Create a new asset account:75)
	at com.kms.katalon.core.main.ScriptEngine.run(ScriptEngine.java:194)
	at com.kms.katalon.core.main.ScriptEngine.runScriptAsRawText(ScriptEngine.java:119)
	at com.kms.katalon.core.main.TestCaseExecutor.runScript(TestCaseExecutor.java:448)
	at com.kms.katalon.core.main.TestCaseExecutor.doExecute(TestCaseExecutor.java:439)
	at com.kms.katalon.core.main.TestCaseExecutor.processExecutionPhase(TestCaseExecutor.java:418)
	at com.kms.katalon.core.main.TestCaseExecutor.accessMainPhase(TestCaseExecutor.java:410)
	at com.kms.katalon.core.main.TestCaseExecutor.execute(TestCaseExecutor.java:285)
	at com.kms.katalon.core.common.CommonExecutor.accessTestCaseMainPhase(CommonExecutor.java:65)
	at com.kms.katalon.core.main.TestSuiteExecutor.accessTestSuiteMainPhase(TestSuiteExecutor.java:148)
	at com.kms.katalon.core.main.TestSuiteExecutor.execute(TestSuiteExecutor.java:106)
	at com.kms.katalon.core.main.TestCaseMain.startTestSuite(TestCaseMain.java:180)
	at TempTestSuite1704130831089.run(TempTestSuite1704130831089.groovy:36)
	at java.base/jdk.internal.reflect.NativeMethodAccessorImpl.invoke0(Native Method)
	at java.base/jdk.internal.reflect.NativeMethodAccessorImpl.invoke(NativeMethodAccessorImpl.java:77)
	at java.base/jdk.internal.reflect.DelegatingMethodAccessorImpl.invoke(DelegatingMethodAccessorImpl.java:43)
Caused by: com.kms.katalon.core.exception.StepFailedException: com.kms.katalon.core.webui.exception.WebElementNotFoundException: Web element with id: 'Object Repository/Shared_alert/text_dangers' located by '.text-danger' not found
	at com.kms.katalon.core.webui.keyword.internal.WebUIKeywordMain.stepFailed(WebUIKeywordMain.groovy:64)
	at com.kms.katalon.core.webui.keyword.builtin.VerifyElementPresentKeyword$_verifyElementPresent_closure1.doCall(VerifyElementPresentKeyword.groovy:85)
	at com.kms.katalon.core.webui.keyword.builtin.VerifyElementPresentKeyword$_verifyElementPresent_closure1.call(VerifyElementPresentKeyword.groovy)
	at com.kms.katalon.core.webui.keyword.internal.WebUIKeywordMain.runKeyword(WebUIKeywordMain.groovy:20)
	... 20 more
)
[[ATTACHMENT|D:\\ktpm\\G1_Firefly_testing\\Reports\\20240102_004031\\Create a new asset account\\20240102_004031\\1704130972105.png]]

02-01-2024T00:42:52 - [TEST_STEP][FAILED] - catch (Exception err): Test Cases/Create a new asset account FAILED.
Reason:
Assertion failed: 

assert false


	at Create a new asset account.run(Create a new asset account:84)
	at com.kms.katalon.core.main.ScriptEngine.run(ScriptEngine.java:194)
	at com.kms.katalon.core.main.ScriptEngine.runScriptAsRawText(ScriptEngine.java:119)
	at com.kms.katalon.core.main.TestCaseExecutor.runScript(TestCaseExecutor.java:448)
	at com.kms.katalon.core.main.TestCaseExecutor.doExecute(TestCaseExecutor.java:439)
	at com.kms.katalon.core.main.TestCaseExecutor.processExecutionPhase(TestCaseExecutor.java:418)
	at com.kms.katalon.core.main.TestCaseExecutor.accessMainPhase(TestCaseExecutor.java:410)
	at com.kms.katalon.core.main.TestCaseExecutor.execute(TestCaseExecutor.java:285)
	at com.kms.katalon.core.common.CommonExecutor.accessTestCaseMainPhase(CommonExecutor.java:65)
	at com.kms.katalon.core.main.TestSuiteExecutor.accessTestSuiteMainPhase(TestSuiteExecutor.java:148)
	at com.kms.katalon.core.main.TestSuiteExecutor.execute(TestSuiteExecutor.java:106)
	at com.kms.katalon.core.main.TestCaseMain.startTestSuite(TestCaseMain.java:180)
	at TempTestSuite1704130831089.run(TempTestSuite1704130831089.groovy:36)
	at java.base/jdk.internal.reflect.NativeMethodAccessorImpl.invoke0(Native Method)
	at java.base/jdk.internal.reflect.NativeMethodAccessorImpl.invoke(NativeMethodAccessorImpl.java:77)
	at java.base/jdk.internal.reflect.DelegatingMethodAccessorImpl.invoke(DelegatingMethodAccessorImpl.java:43)


02-01-2024T00:42:52 - [TEST_STEP][PASSED] - verifyElementPresent(findTestObject("Shared_alert/success_alert"), 1): Object 'Object Repository/Shared_alert/success_alert' is present

02-01-2024T00:42:52 - [MESSAGE][PASSED] - Object 'Object Repository/Shared_alert/success_alert' is present

02-01-2024T00:42:52 - [TEST_STEP][FAILED] - if (attachments == "Attachments File/Report_65MB.csv"): Test Cases/Create a new asset account FAILED.
Reason:
Assertion failed: 

assert false


	at Create a new asset account.run(Create a new asset account:84)
	at com.kms.katalon.core.main.ScriptEngine.run(ScriptEngine.java:194)
	at com.kms.katalon.core.main.ScriptEngine.runScriptAsRawText(ScriptEngine.java:119)
	at com.kms.katalon.core.main.TestCaseExecutor.runScript(TestCaseExecutor.java:448)
	at com.kms.katalon.core.main.TestCaseExecutor.doExecute(TestCaseExecutor.java:439)
	at com.kms.katalon.core.main.TestCaseExecutor.processExecutionPhase(TestCaseExecutor.java:418)
	at com.kms.katalon.core.main.TestCaseExecutor.accessMainPhase(TestCaseExecutor.java:410)
	at com.kms.katalon.core.main.TestCaseExecutor.execute(TestCaseExecutor.java:285)
	at com.kms.katalon.core.common.CommonExecutor.accessTestCaseMainPhase(CommonExecutor.java:65)
	at com.kms.katalon.core.main.TestSuiteExecutor.accessTestSuiteMainPhase(TestSuiteExecutor.java:148)
	at com.kms.katalon.core.main.TestSuiteExecutor.execute(TestSuiteExecutor.java:106)
	at com.kms.katalon.core.main.TestCaseMain.startTestSuite(TestCaseMain.java:180)
	at TempTestSuite1704130831089.run(TempTestSuite1704130831089.groovy:36)
	at java.base/jdk.internal.reflect.NativeMethodAccessorImpl.invoke0(Native Method)
	at java.base/jdk.internal.reflect.NativeMethodAccessorImpl.invoke(NativeMethodAccessorImpl.java:77)
	at java.base/jdk.internal.reflect.DelegatingMethodAccessorImpl.invoke(DelegatingMethodAccessorImpl.java:43)


02-01-2024T00:42:52 - [TEST_STEP][FAILED] - assert false: Test Cases/Create a new asset account FAILED.
Reason:
Assertion failed: 

assert false


	at Create a new asset account.run(Create a new asset account:84)
	at com.kms.katalon.core.main.ScriptEngine.run(ScriptEngine.java:194)
	at com.kms.katalon.core.main.ScriptEngine.runScriptAsRawText(ScriptEngine.java:119)
	at com.kms.katalon.core.main.TestCaseExecutor.runScript(TestCaseExecutor.java:448)
	at com.kms.katalon.core.main.TestCaseExecutor.doExecute(TestCaseExecutor.java:439)
	at com.kms.katalon.core.main.TestCaseExecutor.processExecutionPhase(TestCaseExecutor.java:418)
	at com.kms.katalon.core.main.TestCaseExecutor.accessMainPhase(TestCaseExecutor.java:410)
	at com.kms.katalon.core.main.TestCaseExecutor.execute(TestCaseExecutor.java:285)
	at com.kms.katalon.core.common.CommonExecutor.accessTestCaseMainPhase(CommonExecutor.java:65)
	at com.kms.katalon.core.main.TestSuiteExecutor.accessTestSuiteMainPhase(TestSuiteExecutor.java:148)
	at com.kms.katalon.core.main.TestSuiteExecutor.execute(TestSuiteExecutor.java:106)
	at com.kms.katalon.core.main.TestCaseMain.startTestSuite(TestCaseMain.java:180)
	at TempTestSuite1704130831089.run(TempTestSuite1704130831089.groovy:36)
	at java.base/jdk.internal.reflect.NativeMethodAccessorImpl.invoke0(Native Method)
	at java.base/jdk.internal.reflect.NativeMethodAccessorImpl.invoke(NativeMethodAccessorImpl.java:77)
	at java.base/jdk.internal.reflect.DelegatingMethodAccessorImpl.invoke(DelegatingMethodAccessorImpl.java:43)


02-01-2024T00:42:52 - [MESSAGE][FAILED] - Test Cases/Create a new asset account FAILED.
Reason:
Assertion failed: 

assert false


	at Create a new asset account.run(Create a new asset account:84)
	at com.kms.katalon.core.main.ScriptEngine.run(ScriptEngine.java:194)
	at com.kms.katalon.core.main.ScriptEngine.runScriptAsRawText(ScriptEngine.java:119)
	at com.kms.katalon.core.main.TestCaseExecutor.runScript(TestCaseExecutor.java:448)
	at com.kms.katalon.core.main.TestCaseExecutor.doExecute(TestCaseExecutor.java:439)
	at com.kms.katalon.core.main.TestCaseExecutor.processExecutionPhase(TestCaseExecutor.java:418)
	at com.kms.katalon.core.main.TestCaseExecutor.accessMainPhase(TestCaseExecutor.java:410)
	at com.kms.katalon.core.main.TestCaseExecutor.execute(TestCaseExecutor.java:285)
	at com.kms.katalon.core.common.CommonExecutor.accessTestCaseMainPhase(CommonExecutor.java:65)
	at com.kms.katalon.core.main.TestSuiteExecutor.accessTestSuiteMainPhase(TestSuiteExecutor.java:148)
	at com.kms.katalon.core.main.TestSuiteExecutor.execute(TestSuiteExecutor.java:106)
	at com.kms.katalon.core.main.TestCaseMain.startTestSuite(TestCaseMain.java:180)
	at TempTestSuite1704130831089.run(TempTestSuite1704130831089.groovy:36)
	at java.base/jdk.internal.reflect.NativeMethodAccessorImpl.invoke0(Native Method)
	at java.base/jdk.internal.reflect.NativeMethodAccessorImpl.invoke(NativeMethodAccessorImpl.java:77)
	at java.base/jdk.internal.reflect.DelegatingMethodAccessorImpl.invoke(DelegatingMethodAccessorImpl.java:43)]]></system-out>
         <system-err><![CDATA[02-01-2024T00:42:17 - [TEST_CASE][FAILED] - Test Cases/Create a new asset account: Test Cases/Create a new asset account FAILED.
Reason:
Assertion failed: 

assert false


	at Create a new asset account.run(Create a new asset account:84)
	at com.kms.katalon.core.main.ScriptEngine.run(ScriptEngine.java:194)
	at com.kms.katalon.core.main.ScriptEngine.runScriptAsRawText(ScriptEngine.java:119)
	at com.kms.katalon.core.main.TestCaseExecutor.runScript(TestCaseExecutor.java:448)
	at com.kms.katalon.core.main.TestCaseExecutor.doExecute(TestCaseExecutor.java:439)
	at com.kms.katalon.core.main.TestCaseExecutor.processExecutionPhase(TestCaseExecutor.java:418)
	at com.kms.katalon.core.main.TestCaseExecutor.accessMainPhase(TestCaseExecutor.java:410)
	at com.kms.katalon.core.main.TestCaseExecutor.execute(TestCaseExecutor.java:285)
	at com.kms.katalon.core.common.CommonExecutor.accessTestCaseMainPhase(CommonExecutor.java:65)
	at com.kms.katalon.core.main.TestSuiteExecutor.accessTestSuiteMainPhase(TestSuiteExecutor.java:148)
	at com.kms.katalon.core.main.TestSuiteExecutor.execute(TestSuiteExecutor.java:106)
	at com.kms.katalon.core.main.TestCaseMain.startTestSuite(TestCaseMain.java:180)
	at TempTestSuite1704130831089.run(TempTestSuite1704130831089.groovy:36)
	at java.base/jdk.internal.reflect.NativeMethodAccessorImpl.invoke0(Native Method)
	at java.base/jdk.internal.reflect.NativeMethodAccessorImpl.invoke(NativeMethodAccessorImpl.java:77)
	at java.base/jdk.internal.reflect.DelegatingMethodAccessorImpl.invoke(DelegatingMethodAccessorImpl.java:43)]]></system-err>
      </testcase>
      <testcase name="Test Cases/Create a new asset account" time="17.078" classname="Test Cases/Create a new asset account" status="PASSED">
         <system-out><![CDATA[02-01-2024T00:42:52 - [TEST_CASE][PASSED] - Test Cases/Create a new asset account: Test Cases/Create a new asset account

02-01-2024T00:42:52 - [TEST_STEP][PASSED] - openBrowser(""): Browser is opened with url: ''

02-01-2024T00:42:52 - [MESSAGE][WARNING] - A browser is already opened. Closing browser and opening a new one

02-01-2024T00:42:52 - [MESSAGE][INFO] - Starting 'Chrome' driver

02-01-2024T00:42:52 - [MESSAGE][INFO] - Action delay is set to 0 milliseconds

02-01-2024T00:42:54 - [MESSAGE][PASSED] - Browser is opened with url: ''

02-01-2024T00:42:54 - [TEST_STEP][PASSED] - navigateToUrl("https://firefly.buudadawg.online/accounts/create/asset"): Navigate to 'https://firefly.buudadawg.online/accounts/create/asset' successfully

02-01-2024T00:42:55 - [MESSAGE][PASSED] - Navigate to 'https://firefly.buudadawg.online/accounts/create/asset' successfully

02-01-2024T00:42:55 - [TEST_STEP][PASSED] - setText(findTestObject("Object Repository/Create a new asset account/Page_Login to Firefly III/input_email"), "huynhluat.dn@gmail.com"): Text 'huynhluat.dn@gmail.com' is set on object 'Object Repository/Create a new asset account/Page_Login to Firefly III/input_email'

02-01-2024T00:42:56 - [MESSAGE][PASSED] - Text 'huynhluat.dn@gmail.com' is set on object 'Object Repository/Create a new asset account/Page_Login to Firefly III/input_email'

02-01-2024T00:42:56 - [TEST_STEP][PASSED] - setEncryptedText(findTestObject("Object Repository/Create a new asset account/Page_Login to Firefly III/input_password"), "GDttjE7iuxOgQwNBt53tbwiiBI5Qr4kb"): Text ****** has been set on object 'Object Repository/Create a new asset account/Page_Login to Firefly III/input_password'

02-01-2024T00:42:57 - [MESSAGE][PASSED] - Text ****** has been set on object 'Object Repository/Create a new asset account/Page_Login to Firefly III/input_password'

02-01-2024T00:42:57 - [TEST_STEP][PASSED] - click(findTestObject("Object Repository/Create a new asset account/Page_Login to Firefly III/button_Sign in")): Object: 'Object Repository/Create a new asset account/Page_Login to Firefly III/button_Sign in' is clicked on

02-01-2024T00:42:58 - [MESSAGE][PASSED] - Object: 'Object Repository/Create a new asset account/Page_Login to Firefly III/button_Sign in' is clicked on

02-01-2024T00:42:58 - [TEST_STEP][PASSED] - setText(findTestObject("Object Repository/Create a new asset account/Page_Create a new asset account  Accounts  _ced620/input_name"), name): Text 'rbalmann7' is set on object 'Object Repository/Create a new asset account/Page_Create a new asset account  Accounts  _ced620/input_name'

02-01-2024T00:42:59 - [MESSAGE][PASSED] - Text 'rbalmann7' is set on object 'Object Repository/Create a new asset account/Page_Create a new asset account  Accounts  _ced620/input_name'

02-01-2024T00:42:59 - [TEST_STEP][PASSED] - selectOptionByValue(findTestObject("Object Repository/Create a new asset account/Page_Create a new asset account  Accounts  _ced620/select_Euro ()US Dollar ()"), currency, true): All options with value '8' are selected in object 'Object Repository/Create a new asset account/Page_Create a new asset account  Accounts  _ced620/select_Euro ()US Dollar ()'  using regular expression

02-01-2024T00:43:00 - [MESSAGE][PASSED] - All options with value '8' are selected in object 'Object Repository/Create a new asset account/Page_Create a new asset account  Accounts  _ced620/select_Euro ()US Dollar ()'  using regular expression

02-01-2024T00:43:00 - [TEST_STEP][PASSED] - setText(findTestObject("Object Repository/Create a new asset account/Page_Create a new asset account  Accounts  _ced620/input_iban"), iban): Text 'GI92 LRZP ETHZ XOKK U5MN UEJ' is set on object 'Object Repository/Create a new asset account/Page_Create a new asset account  Accounts  _ced620/input_iban'

02-01-2024T00:43:01 - [MESSAGE][PASSED] - Text 'GI92 LRZP ETHZ XOKK U5MN UEJ' is set on object 'Object Repository/Create a new asset account/Page_Create a new asset account  Accounts  _ced620/input_iban'

02-01-2024T00:43:01 - [TEST_STEP][PASSED] - setText(findTestObject("Object Repository/Create a new asset account/Page_Create a new asset account  Accounts  _ced620/input_BIC"), bic): Text '' is set on object 'Object Repository/Create a new asset account/Page_Create a new asset account  Accounts  _ced620/input_BIC'

02-01-2024T00:43:01 - [MESSAGE][PASSED] - Text '' is set on object 'Object Repository/Create a new asset account/Page_Create a new asset account  Accounts  _ced620/input_BIC'

02-01-2024T00:43:01 - [TEST_STEP][PASSED] - setText(findTestObject("Object Repository/Create a new asset account/Page_Create a new asset account  Accounts  _ced620/input_account_number"), account_number): Text '5048379309114461' is set on object 'Object Repository/Create a new asset account/Page_Create a new asset account  Accounts  _ced620/input_account_number'

02-01-2024T00:43:02 - [MESSAGE][PASSED] - Text '5048379309114461' is set on object 'Object Repository/Create a new asset account/Page_Create a new asset account  Accounts  _ced620/input_account_number'

02-01-2024T00:43:02 - [TEST_STEP][PASSED] - setText(findTestObject("Object Repository/Create a new asset account/Page_Create a new asset account  Accounts  _ced620/input_opening_balance"), opening_balance): Text '' is set on object 'Object Repository/Create a new asset account/Page_Create a new asset account  Accounts  _ced620/input_opening_balance'

02-01-2024T00:43:03 - [MESSAGE][PASSED] - Text '' is set on object 'Object Repository/Create a new asset account/Page_Create a new asset account  Accounts  _ced620/input_opening_balance'

02-01-2024T00:43:03 - [TEST_STEP][PASSED] - setText(findTestObject("Create a new asset account/Page_Create a new asset account  Accounts  _ced620/input_opening_balance_date"), opening_balance_date): Text '' is set on object 'Object Repository/Create a new asset account/Page_Create a new asset account  Accounts  _ced620/input_opening_balance_date'

02-01-2024T00:43:03 - [MESSAGE][PASSED] - Text '' is set on object 'Object Repository/Create a new asset account/Page_Create a new asset account  Accounts  _ced620/input_opening_balance_date'

02-01-2024T00:43:03 - [TEST_STEP][PASSED] - selectOptionByValue(findTestObject("Object Repository/Create a new asset account/Page_Create a new asset account  Accounts  _ced620/select_Default asset accountShared asset ac_afbbdd"), account_role, true): All options with value 'ccAsset' are selected in object 'Object Repository/Create a new asset account/Page_Create a new asset account  Accounts  _ced620/select_Default asset accountShared asset ac_afbbdd'  using regular expression

02-01-2024T00:43:04 - [MESSAGE][PASSED] - All options with value 'ccAsset' are selected in object 'Object Repository/Create a new asset account/Page_Create a new asset account  Accounts  _ced620/select_Default asset accountShared asset ac_afbbdd'  using regular expression

02-01-2024T00:43:04 - [TEST_STEP][PASSED] - setText(findTestObject("Object Repository/Create a new asset account/Page_Create a new asset account  Accounts  _ced620/input_virtual_balance"), virtual_balance): Text '562.63' is set on object 'Object Repository/Create a new asset account/Page_Create a new asset account  Accounts  _ced620/input_virtual_balance'

02-01-2024T00:43:05 - [MESSAGE][PASSED] - Text '562.63' is set on object 'Object Repository/Create a new asset account/Page_Create a new asset account  Accounts  _ced620/input_virtual_balance'

02-01-2024T00:43:05 - [TEST_STEP][PASSED] - if (include_in_net_worth == "false"): null

02-01-2024T00:43:05 - [TEST_STEP][PASSED] - setText(findTestObject("Object Repository/Create a new asset account/Page_Create a new asset account  Accounts  _ced620/textarea_notes"), notes): Text '' is set on object 'Object Repository/Create a new asset account/Page_Create a new asset account  Accounts  _ced620/textarea_notes'

02-01-2024T00:43:05 - [MESSAGE][PASSED] - Text '' is set on object 'Object Repository/Create a new asset account/Page_Create a new asset account  Accounts  _ced620/textarea_notes'

02-01-2024T00:43:05 - [TEST_STEP][PASSED] - if (attachments != ""): null

02-01-2024T00:43:05 - [TEST_STEP][PASSED] - click(findTestObject("Object Repository/Create a new asset account/Page_Create a new asset account  Accounts  _ced620/button_Store new asset account")): Object: 'Object Repository/Create a new asset account/Page_Create a new asset account  Accounts  _ced620/button_Store new asset account' is clicked on

02-01-2024T00:43:06 - [MESSAGE][PASSED] - Object: 'Object Repository/Create a new asset account/Page_Create a new asset account  Accounts  _ced620/button_Store new asset account' is clicked on

02-01-2024T00:43:06 - [TEST_STEP][FAILED] - try: Unable to verify object 'Object Repository/Shared_alert/text_dangers' is present (Root cause: com.kms.katalon.core.exception.StepFailedException: Unable to verify object 'Object Repository/Shared_alert/text_dangers' is present
	at com.kms.katalon.core.webui.keyword.internal.WebUIKeywordMain.stepFailed(WebUIKeywordMain.groovy:64)
	at com.kms.katalon.core.webui.keyword.internal.WebUIKeywordMain.runKeyword(WebUIKeywordMain.groovy:26)
	at com.kms.katalon.core.webui.keyword.builtin.VerifyElementPresentKeyword.verifyElementPresent(VerifyElementPresentKeyword.groovy:92)
	at com.kms.katalon.core.webui.keyword.builtin.VerifyElementPresentKeyword.execute(VerifyElementPresentKeyword.groovy:68)
	at com.kms.katalon.core.keyword.internal.KeywordExecutor.executeKeywordForPlatform(KeywordExecutor.groovy:74)
	at com.kms.katalon.core.webui.keyword.WebUiBuiltInKeywords.verifyElementPresent(WebUiBuiltInKeywords.groovy:1503)
	at Create a new asset account.run(Create a new asset account:75)
	at com.kms.katalon.core.main.ScriptEngine.run(ScriptEngine.java:194)
	at com.kms.katalon.core.main.ScriptEngine.runScriptAsRawText(ScriptEngine.java:119)
	at com.kms.katalon.core.main.TestCaseExecutor.runScript(TestCaseExecutor.java:448)
	at com.kms.katalon.core.main.TestCaseExecutor.doExecute(TestCaseExecutor.java:439)
	at com.kms.katalon.core.main.TestCaseExecutor.processExecutionPhase(TestCaseExecutor.java:418)
	at com.kms.katalon.core.main.TestCaseExecutor.accessMainPhase(TestCaseExecutor.java:410)
	at com.kms.katalon.core.main.TestCaseExecutor.execute(TestCaseExecutor.java:285)
	at com.kms.katalon.core.common.CommonExecutor.accessTestCaseMainPhase(CommonExecutor.java:65)
	at com.kms.katalon.core.main.TestSuiteExecutor.accessTestSuiteMainPhase(TestSuiteExecutor.java:148)
	at com.kms.katalon.core.main.TestSuiteExecutor.execute(TestSuiteExecutor.java:106)
	at com.kms.katalon.core.main.TestCaseMain.startTestSuite(TestCaseMain.java:180)
	at TempTestSuite1704130831089.run(TempTestSuite1704130831089.groovy:36)
	at java.base/jdk.internal.reflect.NativeMethodAccessorImpl.invoke0(Native Method)
	at java.base/jdk.internal.reflect.NativeMethodAccessorImpl.invoke(NativeMethodAccessorImpl.java:77)
	at java.base/jdk.internal.reflect.DelegatingMethodAccessorImpl.invoke(DelegatingMethodAccessorImpl.java:43)
Caused by: com.kms.katalon.core.exception.StepFailedException: com.kms.katalon.core.webui.exception.WebElementNotFoundException: Web element with id: 'Object Repository/Shared_alert/text_dangers' located by '.text-danger' not found
	at com.kms.katalon.core.webui.keyword.internal.WebUIKeywordMain.stepFailed(WebUIKeywordMain.groovy:64)
	at com.kms.katalon.core.webui.keyword.builtin.VerifyElementPresentKeyword$_verifyElementPresent_closure1.doCall(VerifyElementPresentKeyword.groovy:85)
	at com.kms.katalon.core.webui.keyword.builtin.VerifyElementPresentKeyword$_verifyElementPresent_closure1.call(VerifyElementPresentKeyword.groovy)
	at com.kms.katalon.core.webui.keyword.internal.WebUIKeywordMain.runKeyword(WebUIKeywordMain.groovy:20)
	... 20 more
)

02-01-2024T00:43:06 - [TEST_STEP][FAILED] - verifyElementPresent(findTestObject("Shared_alert/text_dangers"), 1): Unable to verify object 'Object Repository/Shared_alert/text_dangers' is present (Root cause: com.kms.katalon.core.exception.StepFailedException: Unable to verify object 'Object Repository/Shared_alert/text_dangers' is present
	at com.kms.katalon.core.webui.keyword.internal.WebUIKeywordMain.stepFailed(WebUIKeywordMain.groovy:64)
	at com.kms.katalon.core.webui.keyword.internal.WebUIKeywordMain.runKeyword(WebUIKeywordMain.groovy:26)
	at com.kms.katalon.core.webui.keyword.builtin.VerifyElementPresentKeyword.verifyElementPresent(VerifyElementPresentKeyword.groovy:92)
	at com.kms.katalon.core.webui.keyword.builtin.VerifyElementPresentKeyword.execute(VerifyElementPresentKeyword.groovy:68)
	at com.kms.katalon.core.keyword.internal.KeywordExecutor.executeKeywordForPlatform(KeywordExecutor.groovy:74)
	at com.kms.katalon.core.webui.keyword.WebUiBuiltInKeywords.verifyElementPresent(WebUiBuiltInKeywords.groovy:1503)
	at Create a new asset account.run(Create a new asset account:75)
	at com.kms.katalon.core.main.ScriptEngine.run(ScriptEngine.java:194)
	at com.kms.katalon.core.main.ScriptEngine.runScriptAsRawText(ScriptEngine.java:119)
	at com.kms.katalon.core.main.TestCaseExecutor.runScript(TestCaseExecutor.java:448)
	at com.kms.katalon.core.main.TestCaseExecutor.doExecute(TestCaseExecutor.java:439)
	at com.kms.katalon.core.main.TestCaseExecutor.processExecutionPhase(TestCaseExecutor.java:418)
	at com.kms.katalon.core.main.TestCaseExecutor.accessMainPhase(TestCaseExecutor.java:410)
	at com.kms.katalon.core.main.TestCaseExecutor.execute(TestCaseExecutor.java:285)
	at com.kms.katalon.core.common.CommonExecutor.accessTestCaseMainPhase(CommonExecutor.java:65)
	at com.kms.katalon.core.main.TestSuiteExecutor.accessTestSuiteMainPhase(TestSuiteExecutor.java:148)
	at com.kms.katalon.core.main.TestSuiteExecutor.execute(TestSuiteExecutor.java:106)
	at com.kms.katalon.core.main.TestCaseMain.startTestSuite(TestCaseMain.java:180)
	at TempTestSuite1704130831089.run(TempTestSuite1704130831089.groovy:36)
	at java.base/jdk.internal.reflect.NativeMethodAccessorImpl.invoke0(Native Method)
	at java.base/jdk.internal.reflect.NativeMethodAccessorImpl.invoke(NativeMethodAccessorImpl.java:77)
	at java.base/jdk.internal.reflect.DelegatingMethodAccessorImpl.invoke(DelegatingMethodAccessorImpl.java:43)
Caused by: com.kms.katalon.core.exception.StepFailedException: com.kms.katalon.core.webui.exception.WebElementNotFoundException: Web element with id: 'Object Repository/Shared_alert/text_dangers' located by '.text-danger' not found
	at com.kms.katalon.core.webui.keyword.internal.WebUIKeywordMain.stepFailed(WebUIKeywordMain.groovy:64)
	at com.kms.katalon.core.webui.keyword.builtin.VerifyElementPresentKeyword$_verifyElementPresent_closure1.doCall(VerifyElementPresentKeyword.groovy:85)
	at com.kms.katalon.core.webui.keyword.builtin.VerifyElementPresentKeyword$_verifyElementPresent_closure1.call(VerifyElementPresentKeyword.groovy)
	at com.kms.katalon.core.webui.keyword.internal.WebUIKeywordMain.runKeyword(WebUIKeywordMain.groovy:20)
	... 20 more
)

02-01-2024T00:43:08 - [MESSAGE][INFO] - Unable to find the element located by 'By.cssSelector: .text-danger'. Please recheck the objects properties to make sure the desired element is located. 

02-01-2024T00:43:09 - [MESSAGE][FAILED] - com.kms.katalon.core.webui.exception.WebElementNotFoundException: Web element with id: 'Object Repository/Shared_alert/text_dangers' located by '.text-danger' not found (Root cause: com.kms.katalon.core.exception.StepFailedException: com.kms.katalon.core.webui.exception.WebElementNotFoundException: Web element with id: 'Object Repository/Shared_alert/text_dangers' located by '.text-danger' not found
	at com.kms.katalon.core.webui.keyword.internal.WebUIKeywordMain.stepFailed(WebUIKeywordMain.groovy:64)
	at com.kms.katalon.core.webui.keyword.builtin.VerifyElementPresentKeyword$_verifyElementPresent_closure1.doCall(VerifyElementPresentKeyword.groovy:85)
	at com.kms.katalon.core.webui.keyword.builtin.VerifyElementPresentKeyword$_verifyElementPresent_closure1.call(VerifyElementPresentKeyword.groovy)
	at com.kms.katalon.core.webui.keyword.internal.WebUIKeywordMain.runKeyword(WebUIKeywordMain.groovy:20)
	at com.kms.katalon.core.webui.keyword.builtin.VerifyElementPresentKeyword.verifyElementPresent(VerifyElementPresentKeyword.groovy:92)
	at com.kms.katalon.core.webui.keyword.builtin.VerifyElementPresentKeyword.execute(VerifyElementPresentKeyword.groovy:68)
	at com.kms.katalon.core.keyword.internal.KeywordExecutor.executeKeywordForPlatform(KeywordExecutor.groovy:74)
	at com.kms.katalon.core.webui.keyword.WebUiBuiltInKeywords.verifyElementPresent(WebUiBuiltInKeywords.groovy:1503)
	at Create a new asset account.run(Create a new asset account:75)
	at com.kms.katalon.core.main.ScriptEngine.run(ScriptEngine.java:194)
	at com.kms.katalon.core.main.ScriptEngine.runScriptAsRawText(ScriptEngine.java:119)
	at com.kms.katalon.core.main.TestCaseExecutor.runScript(TestCaseExecutor.java:448)
	at com.kms.katalon.core.main.TestCaseExecutor.doExecute(TestCaseExecutor.java:439)
	at com.kms.katalon.core.main.TestCaseExecutor.processExecutionPhase(TestCaseExecutor.java:418)
	at com.kms.katalon.core.main.TestCaseExecutor.accessMainPhase(TestCaseExecutor.java:410)
	at com.kms.katalon.core.main.TestCaseExecutor.execute(TestCaseExecutor.java:285)
	at com.kms.katalon.core.common.CommonExecutor.accessTestCaseMainPhase(CommonExecutor.java:65)
	at com.kms.katalon.core.main.TestSuiteExecutor.accessTestSuiteMainPhase(TestSuiteExecutor.java:148)
	at com.kms.katalon.core.main.TestSuiteExecutor.execute(TestSuiteExecutor.java:106)
	at com.kms.katalon.core.main.TestCaseMain.startTestSuite(TestCaseMain.java:180)
	at TempTestSuite1704130831089.run(TempTestSuite1704130831089.groovy:36)
	at java.base/jdk.internal.reflect.NativeMethodAccessorImpl.invoke0(Native Method)
	at java.base/jdk.internal.reflect.NativeMethodAccessorImpl.invoke(NativeMethodAccessorImpl.java:77)
	at java.base/jdk.internal.reflect.DelegatingMethodAccessorImpl.invoke(DelegatingMethodAccessorImpl.java:43)
)
[[ATTACHMENT|D:\\ktpm\\G1_Firefly_testing\\Reports\\20240102_004031\\Create a new asset account\\20240102_004031\\1704130988956.png]]

02-01-2024T00:43:09 - [MESSAGE][FAILED] - Unable to verify object 'Object Repository/Shared_alert/text_dangers' is present (Root cause: com.kms.katalon.core.exception.StepFailedException: Unable to verify object 'Object Repository/Shared_alert/text_dangers' is present
	at com.kms.katalon.core.webui.keyword.internal.WebUIKeywordMain.stepFailed(WebUIKeywordMain.groovy:64)
	at com.kms.katalon.core.webui.keyword.internal.WebUIKeywordMain.runKeyword(WebUIKeywordMain.groovy:26)
	at com.kms.katalon.core.webui.keyword.builtin.VerifyElementPresentKeyword.verifyElementPresent(VerifyElementPresentKeyword.groovy:92)
	at com.kms.katalon.core.webui.keyword.builtin.VerifyElementPresentKeyword.execute(VerifyElementPresentKeyword.groovy:68)
	at com.kms.katalon.core.keyword.internal.KeywordExecutor.executeKeywordForPlatform(KeywordExecutor.groovy:74)
	at com.kms.katalon.core.webui.keyword.WebUiBuiltInKeywords.verifyElementPresent(WebUiBuiltInKeywords.groovy:1503)
	at Create a new asset account.run(Create a new asset account:75)
	at com.kms.katalon.core.main.ScriptEngine.run(ScriptEngine.java:194)
	at com.kms.katalon.core.main.ScriptEngine.runScriptAsRawText(ScriptEngine.java:119)
	at com.kms.katalon.core.main.TestCaseExecutor.runScript(TestCaseExecutor.java:448)
	at com.kms.katalon.core.main.TestCaseExecutor.doExecute(TestCaseExecutor.java:439)
	at com.kms.katalon.core.main.TestCaseExecutor.processExecutionPhase(TestCaseExecutor.java:418)
	at com.kms.katalon.core.main.TestCaseExecutor.accessMainPhase(TestCaseExecutor.java:410)
	at com.kms.katalon.core.main.TestCaseExecutor.execute(TestCaseExecutor.java:285)
	at com.kms.katalon.core.common.CommonExecutor.accessTestCaseMainPhase(CommonExecutor.java:65)
	at com.kms.katalon.core.main.TestSuiteExecutor.accessTestSuiteMainPhase(TestSuiteExecutor.java:148)
	at com.kms.katalon.core.main.TestSuiteExecutor.execute(TestSuiteExecutor.java:106)
	at com.kms.katalon.core.main.TestCaseMain.startTestSuite(TestCaseMain.java:180)
	at TempTestSuite1704130831089.run(TempTestSuite1704130831089.groovy:36)
	at java.base/jdk.internal.reflect.NativeMethodAccessorImpl.invoke0(Native Method)
	at java.base/jdk.internal.reflect.NativeMethodAccessorImpl.invoke(NativeMethodAccessorImpl.java:77)
	at java.base/jdk.internal.reflect.DelegatingMethodAccessorImpl.invoke(DelegatingMethodAccessorImpl.java:43)
Caused by: com.kms.katalon.core.exception.StepFailedException: com.kms.katalon.core.webui.exception.WebElementNotFoundException: Web element with id: 'Object Repository/Shared_alert/text_dangers' located by '.text-danger' not found
	at com.kms.katalon.core.webui.keyword.internal.WebUIKeywordMain.stepFailed(WebUIKeywordMain.groovy:64)
	at com.kms.katalon.core.webui.keyword.builtin.VerifyElementPresentKeyword$_verifyElementPresent_closure1.doCall(VerifyElementPresentKeyword.groovy:85)
	at com.kms.katalon.core.webui.keyword.builtin.VerifyElementPresentKeyword$_verifyElementPresent_closure1.call(VerifyElementPresentKeyword.groovy)
	at com.kms.katalon.core.webui.keyword.internal.WebUIKeywordMain.runKeyword(WebUIKeywordMain.groovy:20)
	... 20 more
)
[[ATTACHMENT|D:\\ktpm\\G1_Firefly_testing\\Reports\\20240102_004031\\Create a new asset account\\20240102_004031\\1704130989050.png]]

02-01-2024T00:43:09 - [TEST_STEP][PASSED] - catch (Exception err): null

02-01-2024T00:43:09 - [TEST_STEP][PASSED] - verifyElementPresent(findTestObject("Shared_alert/success_alert"), 1): Object 'Object Repository/Shared_alert/success_alert' is present

02-01-2024T00:43:09 - [MESSAGE][PASSED] - Object 'Object Repository/Shared_alert/success_alert' is present

02-01-2024T00:43:09 - [TEST_STEP][PASSED] - if (attachments == "Attachments File/Report_65MB.csv"): null

02-01-2024T00:43:09 - [TEST_STEP][PASSED] - out.println("success"): null

02-01-2024T00:43:09 - [TEST_STEP][PASSED] - closeBrowser(): Browser is closed

02-01-2024T00:43:09 - [MESSAGE][PASSED] - Browser is closed]]></system-out>
         <system-err><![CDATA[]]></system-err>
      </testcase>
      <testcase name="Test Cases/Create a new asset account" time="16.632" classname="Test Cases/Create a new asset account" status="PASSED">
         <system-out><![CDATA[02-01-2024T00:43:09 - [TEST_CASE][PASSED] - Test Cases/Create a new asset account: Test Cases/Create a new asset account

02-01-2024T00:43:09 - [TEST_STEP][PASSED] - openBrowser(""): Browser is opened with url: ''

02-01-2024T00:43:09 - [MESSAGE][INFO] - Starting 'Chrome' driver

02-01-2024T00:43:09 - [MESSAGE][INFO] - Action delay is set to 0 milliseconds

02-01-2024T00:43:11 - [MESSAGE][PASSED] - Browser is opened with url: ''

02-01-2024T00:43:11 - [TEST_STEP][PASSED] - navigateToUrl("https://firefly.buudadawg.online/accounts/create/asset"): Navigate to 'https://firefly.buudadawg.online/accounts/create/asset' successfully

02-01-2024T00:43:12 - [MESSAGE][PASSED] - Navigate to 'https://firefly.buudadawg.online/accounts/create/asset' successfully

02-01-2024T00:43:12 - [TEST_STEP][PASSED] - setText(findTestObject("Object Repository/Create a new asset account/Page_Login to Firefly III/input_email"), "huynhluat.dn@gmail.com"): Text 'huynhluat.dn@gmail.com' is set on object 'Object Repository/Create a new asset account/Page_Login to Firefly III/input_email'

02-01-2024T00:43:13 - [MESSAGE][PASSED] - Text 'huynhluat.dn@gmail.com' is set on object 'Object Repository/Create a new asset account/Page_Login to Firefly III/input_email'

02-01-2024T00:43:13 - [TEST_STEP][PASSED] - setEncryptedText(findTestObject("Object Repository/Create a new asset account/Page_Login to Firefly III/input_password"), "GDttjE7iuxOgQwNBt53tbwiiBI5Qr4kb"): Text ****** has been set on object 'Object Repository/Create a new asset account/Page_Login to Firefly III/input_password'

02-01-2024T00:43:13 - [MESSAGE][PASSED] - Text ****** has been set on object 'Object Repository/Create a new asset account/Page_Login to Firefly III/input_password'

02-01-2024T00:43:13 - [TEST_STEP][PASSED] - click(findTestObject("Object Repository/Create a new asset account/Page_Login to Firefly III/button_Sign in")): Object: 'Object Repository/Create a new asset account/Page_Login to Firefly III/button_Sign in' is clicked on

02-01-2024T00:43:14 - [MESSAGE][PASSED] - Object: 'Object Repository/Create a new asset account/Page_Login to Firefly III/button_Sign in' is clicked on

02-01-2024T00:43:14 - [TEST_STEP][PASSED] - setText(findTestObject("Object Repository/Create a new asset account/Page_Create a new asset account  Accounts  _ced620/input_name"), name): Text 'emcfeat8' is set on object 'Object Repository/Create a new asset account/Page_Create a new asset account  Accounts  _ced620/input_name'

02-01-2024T00:43:15 - [MESSAGE][PASSED] - Text 'emcfeat8' is set on object 'Object Repository/Create a new asset account/Page_Create a new asset account  Accounts  _ced620/input_name'

02-01-2024T00:43:15 - [TEST_STEP][PASSED] - selectOptionByValue(findTestObject("Object Repository/Create a new asset account/Page_Create a new asset account  Accounts  _ced620/select_Euro ()US Dollar ()"), currency, true): All options with value '8' are selected in object 'Object Repository/Create a new asset account/Page_Create a new asset account  Accounts  _ced620/select_Euro ()US Dollar ()'  using regular expression

02-01-2024T00:43:16 - [MESSAGE][PASSED] - All options with value '8' are selected in object 'Object Repository/Create a new asset account/Page_Create a new asset account  Accounts  _ced620/select_Euro ()US Dollar ()'  using regular expression

02-01-2024T00:43:16 - [TEST_STEP][PASSED] - setText(findTestObject("Object Repository/Create a new asset account/Page_Create a new asset account  Accounts  _ced620/input_iban"), iban): Text 'MU95 LKTQ 0322 1174 3122 1772 706A UE' is set on object 'Object Repository/Create a new asset account/Page_Create a new asset account  Accounts  _ced620/input_iban'

02-01-2024T00:43:17 - [MESSAGE][PASSED] - Text 'MU95 LKTQ 0322 1174 3122 1772 706A UE' is set on object 'Object Repository/Create a new asset account/Page_Create a new asset account  Accounts  _ced620/input_iban'

02-01-2024T00:43:17 - [TEST_STEP][PASSED] - setText(findTestObject("Object Repository/Create a new asset account/Page_Create a new asset account  Accounts  _ced620/input_BIC"), bic): Text 'GZKIIPEBL5Z' is set on object 'Object Repository/Create a new asset account/Page_Create a new asset account  Accounts  _ced620/input_BIC'

02-01-2024T00:43:18 - [MESSAGE][PASSED] - Text 'GZKIIPEBL5Z' is set on object 'Object Repository/Create a new asset account/Page_Create a new asset account  Accounts  _ced620/input_BIC'

02-01-2024T00:43:18 - [TEST_STEP][PASSED] - setText(findTestObject("Object Repository/Create a new asset account/Page_Create a new asset account  Accounts  _ced620/input_account_number"), account_number): Text '5048370420883472' is set on object 'Object Repository/Create a new asset account/Page_Create a new asset account  Accounts  _ced620/input_account_number'

02-01-2024T00:43:18 - [MESSAGE][PASSED] - Text '5048370420883472' is set on object 'Object Repository/Create a new asset account/Page_Create a new asset account  Accounts  _ced620/input_account_number'

02-01-2024T00:43:18 - [TEST_STEP][PASSED] - setText(findTestObject("Object Repository/Create a new asset account/Page_Create a new asset account  Accounts  _ced620/input_opening_balance"), opening_balance): Text '' is set on object 'Object Repository/Create a new asset account/Page_Create a new asset account  Accounts  _ced620/input_opening_balance'

02-01-2024T00:43:19 - [MESSAGE][PASSED] - Text '' is set on object 'Object Repository/Create a new asset account/Page_Create a new asset account  Accounts  _ced620/input_opening_balance'

02-01-2024T00:43:19 - [TEST_STEP][PASSED] - setText(findTestObject("Create a new asset account/Page_Create a new asset account  Accounts  _ced620/input_opening_balance_date"), opening_balance_date): Text '22/02/2023' is set on object 'Object Repository/Create a new asset account/Page_Create a new asset account  Accounts  _ced620/input_opening_balance_date'

02-01-2024T00:43:20 - [MESSAGE][PASSED] - Text '22/02/2023' is set on object 'Object Repository/Create a new asset account/Page_Create a new asset account  Accounts  _ced620/input_opening_balance_date'

02-01-2024T00:43:20 - [TEST_STEP][PASSED] - selectOptionByValue(findTestObject("Object Repository/Create a new asset account/Page_Create a new asset account  Accounts  _ced620/select_Default asset accountShared asset ac_afbbdd"), account_role, true): All options with value 'savingAsset' are selected in object 'Object Repository/Create a new asset account/Page_Create a new asset account  Accounts  _ced620/select_Default asset accountShared asset ac_afbbdd'  using regular expression

02-01-2024T00:43:21 - [MESSAGE][PASSED] - All options with value 'savingAsset' are selected in object 'Object Repository/Create a new asset account/Page_Create a new asset account  Accounts  _ced620/select_Default asset accountShared asset ac_afbbdd'  using regular expression

02-01-2024T00:43:21 - [TEST_STEP][PASSED] - setText(findTestObject("Object Repository/Create a new asset account/Page_Create a new asset account  Accounts  _ced620/input_virtual_balance"), virtual_balance): Text '974.51' is set on object 'Object Repository/Create a new asset account/Page_Create a new asset account  Accounts  _ced620/input_virtual_balance'

02-01-2024T00:43:21 - [MESSAGE][PASSED] - Text '974.51' is set on object 'Object Repository/Create a new asset account/Page_Create a new asset account  Accounts  _ced620/input_virtual_balance'

02-01-2024T00:43:21 - [TEST_STEP][PASSED] - if (include_in_net_worth == "false"): null

02-01-2024T00:43:21 - [TEST_STEP][PASSED] - setText(findTestObject("Object Repository/Create a new asset account/Page_Create a new asset account  Accounts  _ced620/textarea_notes"), notes): Text 'Phasellus sit amet erat. Nulla tempus. Vivamus in felis eu sapien cursus vestibulum.' is set on object 'Object Repository/Create a new asset account/Page_Create a new asset account  Accounts  _ced620/textarea_notes'

02-01-2024T00:43:22 - [MESSAGE][PASSED] - Text 'Phasellus sit amet erat. Nulla tempus. Vivamus in felis eu sapien cursus vestibulum.' is set on object 'Object Repository/Create a new asset account/Page_Create a new asset account  Accounts  _ced620/textarea_notes'

02-01-2024T00:43:22 - [TEST_STEP][PASSED] - if (attachments != ""): null

02-01-2024T00:43:22 - [TEST_STEP][PASSED] - click(findTestObject("Object Repository/Create a new asset account/Page_Create a new asset account  Accounts  _ced620/button_Store new asset account")): Object: 'Object Repository/Create a new asset account/Page_Create a new asset account  Accounts  _ced620/button_Store new asset account' is clicked on

02-01-2024T00:43:23 - [MESSAGE][PASSED] - Object: 'Object Repository/Create a new asset account/Page_Create a new asset account  Accounts  _ced620/button_Store new asset account' is clicked on

02-01-2024T00:43:23 - [TEST_STEP][FAILED] - try: Unable to verify object 'Object Repository/Shared_alert/text_dangers' is present (Root cause: com.kms.katalon.core.exception.StepFailedException: Unable to verify object 'Object Repository/Shared_alert/text_dangers' is present
	at com.kms.katalon.core.webui.keyword.internal.WebUIKeywordMain.stepFailed(WebUIKeywordMain.groovy:64)
	at com.kms.katalon.core.webui.keyword.internal.WebUIKeywordMain.runKeyword(WebUIKeywordMain.groovy:26)
	at com.kms.katalon.core.webui.keyword.builtin.VerifyElementPresentKeyword.verifyElementPresent(VerifyElementPresentKeyword.groovy:92)
	at com.kms.katalon.core.webui.keyword.builtin.VerifyElementPresentKeyword.execute(VerifyElementPresentKeyword.groovy:68)
	at com.kms.katalon.core.keyword.internal.KeywordExecutor.executeKeywordForPlatform(KeywordExecutor.groovy:74)
	at com.kms.katalon.core.webui.keyword.WebUiBuiltInKeywords.verifyElementPresent(WebUiBuiltInKeywords.groovy:1503)
	at Create a new asset account.run(Create a new asset account:75)
	at com.kms.katalon.core.main.ScriptEngine.run(ScriptEngine.java:194)
	at com.kms.katalon.core.main.ScriptEngine.runScriptAsRawText(ScriptEngine.java:119)
	at com.kms.katalon.core.main.TestCaseExecutor.runScript(TestCaseExecutor.java:448)
	at com.kms.katalon.core.main.TestCaseExecutor.doExecute(TestCaseExecutor.java:439)
	at com.kms.katalon.core.main.TestCaseExecutor.processExecutionPhase(TestCaseExecutor.java:418)
	at com.kms.katalon.core.main.TestCaseExecutor.accessMainPhase(TestCaseExecutor.java:410)
	at com.kms.katalon.core.main.TestCaseExecutor.execute(TestCaseExecutor.java:285)
	at com.kms.katalon.core.common.CommonExecutor.accessTestCaseMainPhase(CommonExecutor.java:65)
	at com.kms.katalon.core.main.TestSuiteExecutor.accessTestSuiteMainPhase(TestSuiteExecutor.java:148)
	at com.kms.katalon.core.main.TestSuiteExecutor.execute(TestSuiteExecutor.java:106)
	at com.kms.katalon.core.main.TestCaseMain.startTestSuite(TestCaseMain.java:180)
	at TempTestSuite1704130831089.run(TempTestSuite1704130831089.groovy:36)
	at java.base/jdk.internal.reflect.NativeMethodAccessorImpl.invoke0(Native Method)
	at java.base/jdk.internal.reflect.NativeMethodAccessorImpl.invoke(NativeMethodAccessorImpl.java:77)
	at java.base/jdk.internal.reflect.DelegatingMethodAccessorImpl.invoke(DelegatingMethodAccessorImpl.java:43)
Caused by: com.kms.katalon.core.exception.StepFailedException: com.kms.katalon.core.webui.exception.WebElementNotFoundException: Web element with id: 'Object Repository/Shared_alert/text_dangers' located by '.text-danger' not found
	at com.kms.katalon.core.webui.keyword.internal.WebUIKeywordMain.stepFailed(WebUIKeywordMain.groovy:64)
	at com.kms.katalon.core.webui.keyword.builtin.VerifyElementPresentKeyword$_verifyElementPresent_closure1.doCall(VerifyElementPresentKeyword.groovy:85)
	at com.kms.katalon.core.webui.keyword.builtin.VerifyElementPresentKeyword$_verifyElementPresent_closure1.call(VerifyElementPresentKeyword.groovy)
	at com.kms.katalon.core.webui.keyword.internal.WebUIKeywordMain.runKeyword(WebUIKeywordMain.groovy:20)
	... 20 more
)

02-01-2024T00:43:23 - [TEST_STEP][FAILED] - verifyElementPresent(findTestObject("Shared_alert/text_dangers"), 1): Unable to verify object 'Object Repository/Shared_alert/text_dangers' is present (Root cause: com.kms.katalon.core.exception.StepFailedException: Unable to verify object 'Object Repository/Shared_alert/text_dangers' is present
	at com.kms.katalon.core.webui.keyword.internal.WebUIKeywordMain.stepFailed(WebUIKeywordMain.groovy:64)
	at com.kms.katalon.core.webui.keyword.internal.WebUIKeywordMain.runKeyword(WebUIKeywordMain.groovy:26)
	at com.kms.katalon.core.webui.keyword.builtin.VerifyElementPresentKeyword.verifyElementPresent(VerifyElementPresentKeyword.groovy:92)
	at com.kms.katalon.core.webui.keyword.builtin.VerifyElementPresentKeyword.execute(VerifyElementPresentKeyword.groovy:68)
	at com.kms.katalon.core.keyword.internal.KeywordExecutor.executeKeywordForPlatform(KeywordExecutor.groovy:74)
	at com.kms.katalon.core.webui.keyword.WebUiBuiltInKeywords.verifyElementPresent(WebUiBuiltInKeywords.groovy:1503)
	at Create a new asset account.run(Create a new asset account:75)
	at com.kms.katalon.core.main.ScriptEngine.run(ScriptEngine.java:194)
	at com.kms.katalon.core.main.ScriptEngine.runScriptAsRawText(ScriptEngine.java:119)
	at com.kms.katalon.core.main.TestCaseExecutor.runScript(TestCaseExecutor.java:448)
	at com.kms.katalon.core.main.TestCaseExecutor.doExecute(TestCaseExecutor.java:439)
	at com.kms.katalon.core.main.TestCaseExecutor.processExecutionPhase(TestCaseExecutor.java:418)
	at com.kms.katalon.core.main.TestCaseExecutor.accessMainPhase(TestCaseExecutor.java:410)
	at com.kms.katalon.core.main.TestCaseExecutor.execute(TestCaseExecutor.java:285)
	at com.kms.katalon.core.common.CommonExecutor.accessTestCaseMainPhase(CommonExecutor.java:65)
	at com.kms.katalon.core.main.TestSuiteExecutor.accessTestSuiteMainPhase(TestSuiteExecutor.java:148)
	at com.kms.katalon.core.main.TestSuiteExecutor.execute(TestSuiteExecutor.java:106)
	at com.kms.katalon.core.main.TestCaseMain.startTestSuite(TestCaseMain.java:180)
	at TempTestSuite1704130831089.run(TempTestSuite1704130831089.groovy:36)
	at java.base/jdk.internal.reflect.NativeMethodAccessorImpl.invoke0(Native Method)
	at java.base/jdk.internal.reflect.NativeMethodAccessorImpl.invoke(NativeMethodAccessorImpl.java:77)
	at java.base/jdk.internal.reflect.DelegatingMethodAccessorImpl.invoke(DelegatingMethodAccessorImpl.java:43)
Caused by: com.kms.katalon.core.exception.StepFailedException: com.kms.katalon.core.webui.exception.WebElementNotFoundException: Web element with id: 'Object Repository/Shared_alert/text_dangers' located by '.text-danger' not found
	at com.kms.katalon.core.webui.keyword.internal.WebUIKeywordMain.stepFailed(WebUIKeywordMain.groovy:64)
	at com.kms.katalon.core.webui.keyword.builtin.VerifyElementPresentKeyword$_verifyElementPresent_closure1.doCall(VerifyElementPresentKeyword.groovy:85)
	at com.kms.katalon.core.webui.keyword.builtin.VerifyElementPresentKeyword$_verifyElementPresent_closure1.call(VerifyElementPresentKeyword.groovy)
	at com.kms.katalon.core.webui.keyword.internal.WebUIKeywordMain.runKeyword(WebUIKeywordMain.groovy:20)
	... 20 more
)

02-01-2024T00:43:25 - [MESSAGE][INFO] - Unable to find the element located by 'By.cssSelector: .text-danger'. Please recheck the objects properties to make sure the desired element is located. 

02-01-2024T00:43:25 - [MESSAGE][FAILED] - com.kms.katalon.core.webui.exception.WebElementNotFoundException: Web element with id: 'Object Repository/Shared_alert/text_dangers' located by '.text-danger' not found (Root cause: com.kms.katalon.core.exception.StepFailedException: com.kms.katalon.core.webui.exception.WebElementNotFoundException: Web element with id: 'Object Repository/Shared_alert/text_dangers' located by '.text-danger' not found
	at com.kms.katalon.core.webui.keyword.internal.WebUIKeywordMain.stepFailed(WebUIKeywordMain.groovy:64)
	at com.kms.katalon.core.webui.keyword.builtin.VerifyElementPresentKeyword$_verifyElementPresent_closure1.doCall(VerifyElementPresentKeyword.groovy:85)
	at com.kms.katalon.core.webui.keyword.builtin.VerifyElementPresentKeyword$_verifyElementPresent_closure1.call(VerifyElementPresentKeyword.groovy)
	at com.kms.katalon.core.webui.keyword.internal.WebUIKeywordMain.runKeyword(WebUIKeywordMain.groovy:20)
	at com.kms.katalon.core.webui.keyword.builtin.VerifyElementPresentKeyword.verifyElementPresent(VerifyElementPresentKeyword.groovy:92)
	at com.kms.katalon.core.webui.keyword.builtin.VerifyElementPresentKeyword.execute(VerifyElementPresentKeyword.groovy:68)
	at com.kms.katalon.core.keyword.internal.KeywordExecutor.executeKeywordForPlatform(KeywordExecutor.groovy:74)
	at com.kms.katalon.core.webui.keyword.WebUiBuiltInKeywords.verifyElementPresent(WebUiBuiltInKeywords.groovy:1503)
	at Create a new asset account.run(Create a new asset account:75)
	at com.kms.katalon.core.main.ScriptEngine.run(ScriptEngine.java:194)
	at com.kms.katalon.core.main.ScriptEngine.runScriptAsRawText(ScriptEngine.java:119)
	at com.kms.katalon.core.main.TestCaseExecutor.runScript(TestCaseExecutor.java:448)
	at com.kms.katalon.core.main.TestCaseExecutor.doExecute(TestCaseExecutor.java:439)
	at com.kms.katalon.core.main.TestCaseExecutor.processExecutionPhase(TestCaseExecutor.java:418)
	at com.kms.katalon.core.main.TestCaseExecutor.accessMainPhase(TestCaseExecutor.java:410)
	at com.kms.katalon.core.main.TestCaseExecutor.execute(TestCaseExecutor.java:285)
	at com.kms.katalon.core.common.CommonExecutor.accessTestCaseMainPhase(CommonExecutor.java:65)
	at com.kms.katalon.core.main.TestSuiteExecutor.accessTestSuiteMainPhase(TestSuiteExecutor.java:148)
	at com.kms.katalon.core.main.TestSuiteExecutor.execute(TestSuiteExecutor.java:106)
	at com.kms.katalon.core.main.TestCaseMain.startTestSuite(TestCaseMain.java:180)
	at TempTestSuite1704130831089.run(TempTestSuite1704130831089.groovy:36)
	at java.base/jdk.internal.reflect.NativeMethodAccessorImpl.invoke0(Native Method)
	at java.base/jdk.internal.reflect.NativeMethodAccessorImpl.invoke(NativeMethodAccessorImpl.java:77)
	at java.base/jdk.internal.reflect.DelegatingMethodAccessorImpl.invoke(DelegatingMethodAccessorImpl.java:43)
)
[[ATTACHMENT|D:\\ktpm\\G1_Firefly_testing\\Reports\\20240102_004031\\Create a new asset account\\20240102_004031\\1704131005751.png]]

02-01-2024T00:43:25 - [MESSAGE][FAILED] - Unable to verify object 'Object Repository/Shared_alert/text_dangers' is present (Root cause: com.kms.katalon.core.exception.StepFailedException: Unable to verify object 'Object Repository/Shared_alert/text_dangers' is present
	at com.kms.katalon.core.webui.keyword.internal.WebUIKeywordMain.stepFailed(WebUIKeywordMain.groovy:64)
	at com.kms.katalon.core.webui.keyword.internal.WebUIKeywordMain.runKeyword(WebUIKeywordMain.groovy:26)
	at com.kms.katalon.core.webui.keyword.builtin.VerifyElementPresentKeyword.verifyElementPresent(VerifyElementPresentKeyword.groovy:92)
	at com.kms.katalon.core.webui.keyword.builtin.VerifyElementPresentKeyword.execute(VerifyElementPresentKeyword.groovy:68)
	at com.kms.katalon.core.keyword.internal.KeywordExecutor.executeKeywordForPlatform(KeywordExecutor.groovy:74)
	at com.kms.katalon.core.webui.keyword.WebUiBuiltInKeywords.verifyElementPresent(WebUiBuiltInKeywords.groovy:1503)
	at Create a new asset account.run(Create a new asset account:75)
	at com.kms.katalon.core.main.ScriptEngine.run(ScriptEngine.java:194)
	at com.kms.katalon.core.main.ScriptEngine.runScriptAsRawText(ScriptEngine.java:119)
	at com.kms.katalon.core.main.TestCaseExecutor.runScript(TestCaseExecutor.java:448)
	at com.kms.katalon.core.main.TestCaseExecutor.doExecute(TestCaseExecutor.java:439)
	at com.kms.katalon.core.main.TestCaseExecutor.processExecutionPhase(TestCaseExecutor.java:418)
	at com.kms.katalon.core.main.TestCaseExecutor.accessMainPhase(TestCaseExecutor.java:410)
	at com.kms.katalon.core.main.TestCaseExecutor.execute(TestCaseExecutor.java:285)
	at com.kms.katalon.core.common.CommonExecutor.accessTestCaseMainPhase(CommonExecutor.java:65)
	at com.kms.katalon.core.main.TestSuiteExecutor.accessTestSuiteMainPhase(TestSuiteExecutor.java:148)
	at com.kms.katalon.core.main.TestSuiteExecutor.execute(TestSuiteExecutor.java:106)
	at com.kms.katalon.core.main.TestCaseMain.startTestSuite(TestCaseMain.java:180)
	at TempTestSuite1704130831089.run(TempTestSuite1704130831089.groovy:36)
	at java.base/jdk.internal.reflect.NativeMethodAccessorImpl.invoke0(Native Method)
	at java.base/jdk.internal.reflect.NativeMethodAccessorImpl.invoke(NativeMethodAccessorImpl.java:77)
	at java.base/jdk.internal.reflect.DelegatingMethodAccessorImpl.invoke(DelegatingMethodAccessorImpl.java:43)
Caused by: com.kms.katalon.core.exception.StepFailedException: com.kms.katalon.core.webui.exception.WebElementNotFoundException: Web element with id: 'Object Repository/Shared_alert/text_dangers' located by '.text-danger' not found
	at com.kms.katalon.core.webui.keyword.internal.WebUIKeywordMain.stepFailed(WebUIKeywordMain.groovy:64)
	at com.kms.katalon.core.webui.keyword.builtin.VerifyElementPresentKeyword$_verifyElementPresent_closure1.doCall(VerifyElementPresentKeyword.groovy:85)
	at com.kms.katalon.core.webui.keyword.builtin.VerifyElementPresentKeyword$_verifyElementPresent_closure1.call(VerifyElementPresentKeyword.groovy)
	at com.kms.katalon.core.webui.keyword.internal.WebUIKeywordMain.runKeyword(WebUIKeywordMain.groovy:20)
	... 20 more
)
[[ATTACHMENT|D:\\ktpm\\G1_Firefly_testing\\Reports\\20240102_004031\\Create a new asset account\\20240102_004031\\1704131005856.png]]

02-01-2024T00:43:25 - [TEST_STEP][PASSED] - catch (Exception err): null

02-01-2024T00:43:25 - [TEST_STEP][PASSED] - verifyElementPresent(findTestObject("Shared_alert/success_alert"), 1): Object 'Object Repository/Shared_alert/success_alert' is present

02-01-2024T00:43:26 - [MESSAGE][PASSED] - Object 'Object Repository/Shared_alert/success_alert' is present

02-01-2024T00:43:26 - [TEST_STEP][PASSED] - if (attachments == "Attachments File/Report_65MB.csv"): null

02-01-2024T00:43:26 - [TEST_STEP][PASSED] - out.println("success"): null

02-01-2024T00:43:26 - [TEST_STEP][PASSED] - closeBrowser(): Browser is closed

02-01-2024T00:43:26 - [MESSAGE][PASSED] - Browser is closed]]></system-out>
         <system-err><![CDATA[]]></system-err>
      </testcase>
      <testcase name="Test Cases/Create a new asset account" time="16.867" classname="Test Cases/Create a new asset account" status="PASSED">
         <system-out><![CDATA[02-01-2024T00:43:26 - [TEST_CASE][PASSED] - Test Cases/Create a new asset account: Test Cases/Create a new asset account

02-01-2024T00:43:26 - [TEST_STEP][PASSED] - openBrowser(""): Browser is opened with url: ''

02-01-2024T00:43:26 - [MESSAGE][INFO] - Starting 'Chrome' driver

02-01-2024T00:43:26 - [MESSAGE][INFO] - Action delay is set to 0 milliseconds

02-01-2024T00:43:28 - [MESSAGE][PASSED] - Browser is opened with url: ''

02-01-2024T00:43:28 - [TEST_STEP][PASSED] - navigateToUrl("https://firefly.buudadawg.online/accounts/create/asset"): Navigate to 'https://firefly.buudadawg.online/accounts/create/asset' successfully

02-01-2024T00:43:29 - [MESSAGE][PASSED] - Navigate to 'https://firefly.buudadawg.online/accounts/create/asset' successfully

02-01-2024T00:43:29 - [TEST_STEP][PASSED] - setText(findTestObject("Object Repository/Create a new asset account/Page_Login to Firefly III/input_email"), "huynhluat.dn@gmail.com"): Text 'huynhluat.dn@gmail.com' is set on object 'Object Repository/Create a new asset account/Page_Login to Firefly III/input_email'

02-01-2024T00:43:30 - [MESSAGE][PASSED] - Text 'huynhluat.dn@gmail.com' is set on object 'Object Repository/Create a new asset account/Page_Login to Firefly III/input_email'

02-01-2024T00:43:30 - [TEST_STEP][PASSED] - setEncryptedText(findTestObject("Object Repository/Create a new asset account/Page_Login to Firefly III/input_password"), "GDttjE7iuxOgQwNBt53tbwiiBI5Qr4kb"): Text ****** has been set on object 'Object Repository/Create a new asset account/Page_Login to Firefly III/input_password'

02-01-2024T00:43:31 - [MESSAGE][PASSED] - Text ****** has been set on object 'Object Repository/Create a new asset account/Page_Login to Firefly III/input_password'

02-01-2024T00:43:31 - [TEST_STEP][PASSED] - click(findTestObject("Object Repository/Create a new asset account/Page_Login to Firefly III/button_Sign in")): Object: 'Object Repository/Create a new asset account/Page_Login to Firefly III/button_Sign in' is clicked on

02-01-2024T00:43:31 - [MESSAGE][PASSED] - Object: 'Object Repository/Create a new asset account/Page_Login to Firefly III/button_Sign in' is clicked on

02-01-2024T00:43:31 - [TEST_STEP][PASSED] - setText(findTestObject("Object Repository/Create a new asset account/Page_Create a new asset account  Accounts  _ced620/input_name"), name): Text 'atribbeck9' is set on object 'Object Repository/Create a new asset account/Page_Create a new asset account  Accounts  _ced620/input_name'

02-01-2024T00:43:33 - [MESSAGE][PASSED] - Text 'atribbeck9' is set on object 'Object Repository/Create a new asset account/Page_Create a new asset account  Accounts  _ced620/input_name'

02-01-2024T00:43:33 - [TEST_STEP][PASSED] - selectOptionByValue(findTestObject("Object Repository/Create a new asset account/Page_Create a new asset account  Accounts  _ced620/select_Euro ()US Dollar ()"), currency, true): All options with value '8' are selected in object 'Object Repository/Create a new asset account/Page_Create a new asset account  Accounts  _ced620/select_Euro ()US Dollar ()'  using regular expression

02-01-2024T00:43:34 - [MESSAGE][PASSED] - All options with value '8' are selected in object 'Object Repository/Create a new asset account/Page_Create a new asset account  Accounts  _ced620/select_Euro ()US Dollar ()'  using regular expression

02-01-2024T00:43:34 - [TEST_STEP][PASSED] - setText(findTestObject("Object Repository/Create a new asset account/Page_Create a new asset account  Accounts  _ced620/input_iban"), iban): Text '' is set on object 'Object Repository/Create a new asset account/Page_Create a new asset account  Accounts  _ced620/input_iban'

02-01-2024T00:43:35 - [MESSAGE][PASSED] - Text '' is set on object 'Object Repository/Create a new asset account/Page_Create a new asset account  Accounts  _ced620/input_iban'

02-01-2024T00:43:35 - [TEST_STEP][PASSED] - setText(findTestObject("Object Repository/Create a new asset account/Page_Create a new asset account  Accounts  _ced620/input_BIC"), bic): Text 'OAEDGA9VLQJ' is set on object 'Object Repository/Create a new asset account/Page_Create a new asset account  Accounts  _ced620/input_BIC'

02-01-2024T00:43:35 - [MESSAGE][PASSED] - Text 'OAEDGA9VLQJ' is set on object 'Object Repository/Create a new asset account/Page_Create a new asset account  Accounts  _ced620/input_BIC'

02-01-2024T00:43:35 - [TEST_STEP][PASSED] - setText(findTestObject("Object Repository/Create a new asset account/Page_Create a new asset account  Accounts  _ced620/input_account_number"), account_number): Text '' is set on object 'Object Repository/Create a new asset account/Page_Create a new asset account  Accounts  _ced620/input_account_number'

02-01-2024T00:43:36 - [MESSAGE][PASSED] - Text '' is set on object 'Object Repository/Create a new asset account/Page_Create a new asset account  Accounts  _ced620/input_account_number'

02-01-2024T00:43:36 - [TEST_STEP][PASSED] - setText(findTestObject("Object Repository/Create a new asset account/Page_Create a new asset account  Accounts  _ced620/input_opening_balance"), opening_balance): Text '' is set on object 'Object Repository/Create a new asset account/Page_Create a new asset account  Accounts  _ced620/input_opening_balance'

02-01-2024T00:43:36 - [MESSAGE][PASSED] - Text '' is set on object 'Object Repository/Create a new asset account/Page_Create a new asset account  Accounts  _ced620/input_opening_balance'

02-01-2024T00:43:36 - [TEST_STEP][PASSED] - setText(findTestObject("Create a new asset account/Page_Create a new asset account  Accounts  _ced620/input_opening_balance_date"), opening_balance_date): Text '29/05/2023' is set on object 'Object Repository/Create a new asset account/Page_Create a new asset account  Accounts  _ced620/input_opening_balance_date'

02-01-2024T00:43:37 - [MESSAGE][PASSED] - Text '29/05/2023' is set on object 'Object Repository/Create a new asset account/Page_Create a new asset account  Accounts  _ced620/input_opening_balance_date'

02-01-2024T00:43:37 - [TEST_STEP][PASSED] - selectOptionByValue(findTestObject("Object Repository/Create a new asset account/Page_Create a new asset account  Accounts  _ced620/select_Default asset accountShared asset ac_afbbdd"), account_role, true): All options with value 'sharedAsset' are selected in object 'Object Repository/Create a new asset account/Page_Create a new asset account  Accounts  _ced620/select_Default asset accountShared asset ac_afbbdd'  using regular expression

02-01-2024T00:43:38 - [MESSAGE][PASSED] - All options with value 'sharedAsset' are selected in object 'Object Repository/Create a new asset account/Page_Create a new asset account  Accounts  _ced620/select_Default asset accountShared asset ac_afbbdd'  using regular expression

02-01-2024T00:43:38 - [TEST_STEP][PASSED] - setText(findTestObject("Object Repository/Create a new asset account/Page_Create a new asset account  Accounts  _ced620/input_virtual_balance"), virtual_balance): Text '21.96' is set on object 'Object Repository/Create a new asset account/Page_Create a new asset account  Accounts  _ced620/input_virtual_balance'

02-01-2024T00:43:38 - [MESSAGE][PASSED] - Text '21.96' is set on object 'Object Repository/Create a new asset account/Page_Create a new asset account  Accounts  _ced620/input_virtual_balance'

02-01-2024T00:43:38 - [TEST_STEP][PASSED] - if (include_in_net_worth == "false"): null

02-01-2024T00:43:38 - [TEST_STEP][PASSED] - setText(findTestObject("Object Repository/Create a new asset account/Page_Create a new asset account  Accounts  _ced620/textarea_notes"), notes): Text '' is set on object 'Object Repository/Create a new asset account/Page_Create a new asset account  Accounts  _ced620/textarea_notes'

02-01-2024T00:43:39 - [MESSAGE][PASSED] - Text '' is set on object 'Object Repository/Create a new asset account/Page_Create a new asset account  Accounts  _ced620/textarea_notes'

02-01-2024T00:43:39 - [TEST_STEP][PASSED] - if (attachments != ""): null

02-01-2024T00:43:39 - [TEST_STEP][PASSED] - click(findTestObject("Object Repository/Create a new asset account/Page_Create a new asset account  Accounts  _ced620/button_Store new asset account")): Object: 'Object Repository/Create a new asset account/Page_Create a new asset account  Accounts  _ced620/button_Store new asset account' is clicked on

02-01-2024T00:43:40 - [MESSAGE][PASSED] - Object: 'Object Repository/Create a new asset account/Page_Create a new asset account  Accounts  _ced620/button_Store new asset account' is clicked on

02-01-2024T00:43:40 - [TEST_STEP][FAILED] - try: Unable to verify object 'Object Repository/Shared_alert/text_dangers' is present (Root cause: com.kms.katalon.core.exception.StepFailedException: Unable to verify object 'Object Repository/Shared_alert/text_dangers' is present
	at com.kms.katalon.core.webui.keyword.internal.WebUIKeywordMain.stepFailed(WebUIKeywordMain.groovy:64)
	at com.kms.katalon.core.webui.keyword.internal.WebUIKeywordMain.runKeyword(WebUIKeywordMain.groovy:26)
	at com.kms.katalon.core.webui.keyword.builtin.VerifyElementPresentKeyword.verifyElementPresent(VerifyElementPresentKeyword.groovy:92)
	at com.kms.katalon.core.webui.keyword.builtin.VerifyElementPresentKeyword.execute(VerifyElementPresentKeyword.groovy:68)
	at com.kms.katalon.core.keyword.internal.KeywordExecutor.executeKeywordForPlatform(KeywordExecutor.groovy:74)
	at com.kms.katalon.core.webui.keyword.WebUiBuiltInKeywords.verifyElementPresent(WebUiBuiltInKeywords.groovy:1503)
	at Create a new asset account.run(Create a new asset account:75)
	at com.kms.katalon.core.main.ScriptEngine.run(ScriptEngine.java:194)
	at com.kms.katalon.core.main.ScriptEngine.runScriptAsRawText(ScriptEngine.java:119)
	at com.kms.katalon.core.main.TestCaseExecutor.runScript(TestCaseExecutor.java:448)
	at com.kms.katalon.core.main.TestCaseExecutor.doExecute(TestCaseExecutor.java:439)
	at com.kms.katalon.core.main.TestCaseExecutor.processExecutionPhase(TestCaseExecutor.java:418)
	at com.kms.katalon.core.main.TestCaseExecutor.accessMainPhase(TestCaseExecutor.java:410)
	at com.kms.katalon.core.main.TestCaseExecutor.execute(TestCaseExecutor.java:285)
	at com.kms.katalon.core.common.CommonExecutor.accessTestCaseMainPhase(CommonExecutor.java:65)
	at com.kms.katalon.core.main.TestSuiteExecutor.accessTestSuiteMainPhase(TestSuiteExecutor.java:148)
	at com.kms.katalon.core.main.TestSuiteExecutor.execute(TestSuiteExecutor.java:106)
	at com.kms.katalon.core.main.TestCaseMain.startTestSuite(TestCaseMain.java:180)
	at TempTestSuite1704130831089.run(TempTestSuite1704130831089.groovy:36)
	at java.base/jdk.internal.reflect.NativeMethodAccessorImpl.invoke0(Native Method)
	at java.base/jdk.internal.reflect.NativeMethodAccessorImpl.invoke(NativeMethodAccessorImpl.java:77)
	at java.base/jdk.internal.reflect.DelegatingMethodAccessorImpl.invoke(DelegatingMethodAccessorImpl.java:43)
Caused by: com.kms.katalon.core.exception.StepFailedException: com.kms.katalon.core.webui.exception.WebElementNotFoundException: Web element with id: 'Object Repository/Shared_alert/text_dangers' located by '.text-danger' not found
	at com.kms.katalon.core.webui.keyword.internal.WebUIKeywordMain.stepFailed(WebUIKeywordMain.groovy:64)
	at com.kms.katalon.core.webui.keyword.builtin.VerifyElementPresentKeyword$_verifyElementPresent_closure1.doCall(VerifyElementPresentKeyword.groovy:85)
	at com.kms.katalon.core.webui.keyword.builtin.VerifyElementPresentKeyword$_verifyElementPresent_closure1.call(VerifyElementPresentKeyword.groovy)
	at com.kms.katalon.core.webui.keyword.internal.WebUIKeywordMain.runKeyword(WebUIKeywordMain.groovy:20)
	... 20 more
)

02-01-2024T00:43:40 - [TEST_STEP][FAILED] - verifyElementPresent(findTestObject("Shared_alert/text_dangers"), 1): Unable to verify object 'Object Repository/Shared_alert/text_dangers' is present (Root cause: com.kms.katalon.core.exception.StepFailedException: Unable to verify object 'Object Repository/Shared_alert/text_dangers' is present
	at com.kms.katalon.core.webui.keyword.internal.WebUIKeywordMain.stepFailed(WebUIKeywordMain.groovy:64)
	at com.kms.katalon.core.webui.keyword.internal.WebUIKeywordMain.runKeyword(WebUIKeywordMain.groovy:26)
	at com.kms.katalon.core.webui.keyword.builtin.VerifyElementPresentKeyword.verifyElementPresent(VerifyElementPresentKeyword.groovy:92)
	at com.kms.katalon.core.webui.keyword.builtin.VerifyElementPresentKeyword.execute(VerifyElementPresentKeyword.groovy:68)
	at com.kms.katalon.core.keyword.internal.KeywordExecutor.executeKeywordForPlatform(KeywordExecutor.groovy:74)
	at com.kms.katalon.core.webui.keyword.WebUiBuiltInKeywords.verifyElementPresent(WebUiBuiltInKeywords.groovy:1503)
	at Create a new asset account.run(Create a new asset account:75)
	at com.kms.katalon.core.main.ScriptEngine.run(ScriptEngine.java:194)
	at com.kms.katalon.core.main.ScriptEngine.runScriptAsRawText(ScriptEngine.java:119)
	at com.kms.katalon.core.main.TestCaseExecutor.runScript(TestCaseExecutor.java:448)
	at com.kms.katalon.core.main.TestCaseExecutor.doExecute(TestCaseExecutor.java:439)
	at com.kms.katalon.core.main.TestCaseExecutor.processExecutionPhase(TestCaseExecutor.java:418)
	at com.kms.katalon.core.main.TestCaseExecutor.accessMainPhase(TestCaseExecutor.java:410)
	at com.kms.katalon.core.main.TestCaseExecutor.execute(TestCaseExecutor.java:285)
	at com.kms.katalon.core.common.CommonExecutor.accessTestCaseMainPhase(CommonExecutor.java:65)
	at com.kms.katalon.core.main.TestSuiteExecutor.accessTestSuiteMainPhase(TestSuiteExecutor.java:148)
	at com.kms.katalon.core.main.TestSuiteExecutor.execute(TestSuiteExecutor.java:106)
	at com.kms.katalon.core.main.TestCaseMain.startTestSuite(TestCaseMain.java:180)
	at TempTestSuite1704130831089.run(TempTestSuite1704130831089.groovy:36)
	at java.base/jdk.internal.reflect.NativeMethodAccessorImpl.invoke0(Native Method)
	at java.base/jdk.internal.reflect.NativeMethodAccessorImpl.invoke(NativeMethodAccessorImpl.java:77)
	at java.base/jdk.internal.reflect.DelegatingMethodAccessorImpl.invoke(DelegatingMethodAccessorImpl.java:43)
Caused by: com.kms.katalon.core.exception.StepFailedException: com.kms.katalon.core.webui.exception.WebElementNotFoundException: Web element with id: 'Object Repository/Shared_alert/text_dangers' located by '.text-danger' not found
	at com.kms.katalon.core.webui.keyword.internal.WebUIKeywordMain.stepFailed(WebUIKeywordMain.groovy:64)
	at com.kms.katalon.core.webui.keyword.builtin.VerifyElementPresentKeyword$_verifyElementPresent_closure1.doCall(VerifyElementPresentKeyword.groovy:85)
	at com.kms.katalon.core.webui.keyword.builtin.VerifyElementPresentKeyword$_verifyElementPresent_closure1.call(VerifyElementPresentKeyword.groovy)
	at com.kms.katalon.core.webui.keyword.internal.WebUIKeywordMain.runKeyword(WebUIKeywordMain.groovy:20)
	... 20 more
)

02-01-2024T00:43:42 - [MESSAGE][INFO] - Unable to find the element located by 'By.cssSelector: .text-danger'. Please recheck the objects properties to make sure the desired element is located. 

02-01-2024T00:43:42 - [MESSAGE][FAILED] - com.kms.katalon.core.webui.exception.WebElementNotFoundException: Web element with id: 'Object Repository/Shared_alert/text_dangers' located by '.text-danger' not found (Root cause: com.kms.katalon.core.exception.StepFailedException: com.kms.katalon.core.webui.exception.WebElementNotFoundException: Web element with id: 'Object Repository/Shared_alert/text_dangers' located by '.text-danger' not found
	at com.kms.katalon.core.webui.keyword.internal.WebUIKeywordMain.stepFailed(WebUIKeywordMain.groovy:64)
	at com.kms.katalon.core.webui.keyword.builtin.VerifyElementPresentKeyword$_verifyElementPresent_closure1.doCall(VerifyElementPresentKeyword.groovy:85)
	at com.kms.katalon.core.webui.keyword.builtin.VerifyElementPresentKeyword$_verifyElementPresent_closure1.call(VerifyElementPresentKeyword.groovy)
	at com.kms.katalon.core.webui.keyword.internal.WebUIKeywordMain.runKeyword(WebUIKeywordMain.groovy:20)
	at com.kms.katalon.core.webui.keyword.builtin.VerifyElementPresentKeyword.verifyElementPresent(VerifyElementPresentKeyword.groovy:92)
	at com.kms.katalon.core.webui.keyword.builtin.VerifyElementPresentKeyword.execute(VerifyElementPresentKeyword.groovy:68)
	at com.kms.katalon.core.keyword.internal.KeywordExecutor.executeKeywordForPlatform(KeywordExecutor.groovy:74)
	at com.kms.katalon.core.webui.keyword.WebUiBuiltInKeywords.verifyElementPresent(WebUiBuiltInKeywords.groovy:1503)
	at Create a new asset account.run(Create a new asset account:75)
	at com.kms.katalon.core.main.ScriptEngine.run(ScriptEngine.java:194)
	at com.kms.katalon.core.main.ScriptEngine.runScriptAsRawText(ScriptEngine.java:119)
	at com.kms.katalon.core.main.TestCaseExecutor.runScript(TestCaseExecutor.java:448)
	at com.kms.katalon.core.main.TestCaseExecutor.doExecute(TestCaseExecutor.java:439)
	at com.kms.katalon.core.main.TestCaseExecutor.processExecutionPhase(TestCaseExecutor.java:418)
	at com.kms.katalon.core.main.TestCaseExecutor.accessMainPhase(TestCaseExecutor.java:410)
	at com.kms.katalon.core.main.TestCaseExecutor.execute(TestCaseExecutor.java:285)
	at com.kms.katalon.core.common.CommonExecutor.accessTestCaseMainPhase(CommonExecutor.java:65)
	at com.kms.katalon.core.main.TestSuiteExecutor.accessTestSuiteMainPhase(TestSuiteExecutor.java:148)
	at com.kms.katalon.core.main.TestSuiteExecutor.execute(TestSuiteExecutor.java:106)
	at com.kms.katalon.core.main.TestCaseMain.startTestSuite(TestCaseMain.java:180)
	at TempTestSuite1704130831089.run(TempTestSuite1704130831089.groovy:36)
	at java.base/jdk.internal.reflect.NativeMethodAccessorImpl.invoke0(Native Method)
	at java.base/jdk.internal.reflect.NativeMethodAccessorImpl.invoke(NativeMethodAccessorImpl.java:77)
	at java.base/jdk.internal.reflect.DelegatingMethodAccessorImpl.invoke(DelegatingMethodAccessorImpl.java:43)
)
[[ATTACHMENT|D:\\ktpm\\G1_Firefly_testing\\Reports\\20240102_004031\\Create a new asset account\\20240102_004031\\1704131022775.png]]

02-01-2024T00:43:42 - [MESSAGE][FAILED] - Unable to verify object 'Object Repository/Shared_alert/text_dangers' is present (Root cause: com.kms.katalon.core.exception.StepFailedException: Unable to verify object 'Object Repository/Shared_alert/text_dangers' is present
	at com.kms.katalon.core.webui.keyword.internal.WebUIKeywordMain.stepFailed(WebUIKeywordMain.groovy:64)
	at com.kms.katalon.core.webui.keyword.internal.WebUIKeywordMain.runKeyword(WebUIKeywordMain.groovy:26)
	at com.kms.katalon.core.webui.keyword.builtin.VerifyElementPresentKeyword.verifyElementPresent(VerifyElementPresentKeyword.groovy:92)
	at com.kms.katalon.core.webui.keyword.builtin.VerifyElementPresentKeyword.execute(VerifyElementPresentKeyword.groovy:68)
	at com.kms.katalon.core.keyword.internal.KeywordExecutor.executeKeywordForPlatform(KeywordExecutor.groovy:74)
	at com.kms.katalon.core.webui.keyword.WebUiBuiltInKeywords.verifyElementPresent(WebUiBuiltInKeywords.groovy:1503)
	at Create a new asset account.run(Create a new asset account:75)
	at com.kms.katalon.core.main.ScriptEngine.run(ScriptEngine.java:194)
	at com.kms.katalon.core.main.ScriptEngine.runScriptAsRawText(ScriptEngine.java:119)
	at com.kms.katalon.core.main.TestCaseExecutor.runScript(TestCaseExecutor.java:448)
	at com.kms.katalon.core.main.TestCaseExecutor.doExecute(TestCaseExecutor.java:439)
	at com.kms.katalon.core.main.TestCaseExecutor.processExecutionPhase(TestCaseExecutor.java:418)
	at com.kms.katalon.core.main.TestCaseExecutor.accessMainPhase(TestCaseExecutor.java:410)
	at com.kms.katalon.core.main.TestCaseExecutor.execute(TestCaseExecutor.java:285)
	at com.kms.katalon.core.common.CommonExecutor.accessTestCaseMainPhase(CommonExecutor.java:65)
	at com.kms.katalon.core.main.TestSuiteExecutor.accessTestSuiteMainPhase(TestSuiteExecutor.java:148)
	at com.kms.katalon.core.main.TestSuiteExecutor.execute(TestSuiteExecutor.java:106)
	at com.kms.katalon.core.main.TestCaseMain.startTestSuite(TestCaseMain.java:180)
	at TempTestSuite1704130831089.run(TempTestSuite1704130831089.groovy:36)
	at java.base/jdk.internal.reflect.NativeMethodAccessorImpl.invoke0(Native Method)
	at java.base/jdk.internal.reflect.NativeMethodAccessorImpl.invoke(NativeMethodAccessorImpl.java:77)
	at java.base/jdk.internal.reflect.DelegatingMethodAccessorImpl.invoke(DelegatingMethodAccessorImpl.java:43)
Caused by: com.kms.katalon.core.exception.StepFailedException: com.kms.katalon.core.webui.exception.WebElementNotFoundException: Web element with id: 'Object Repository/Shared_alert/text_dangers' located by '.text-danger' not found
	at com.kms.katalon.core.webui.keyword.internal.WebUIKeywordMain.stepFailed(WebUIKeywordMain.groovy:64)
	at com.kms.katalon.core.webui.keyword.builtin.VerifyElementPresentKeyword$_verifyElementPresent_closure1.doCall(VerifyElementPresentKeyword.groovy:85)
	at com.kms.katalon.core.webui.keyword.builtin.VerifyElementPresentKeyword$_verifyElementPresent_closure1.call(VerifyElementPresentKeyword.groovy)
	at com.kms.katalon.core.webui.keyword.internal.WebUIKeywordMain.runKeyword(WebUIKeywordMain.groovy:20)
	... 20 more
)
[[ATTACHMENT|D:\\ktpm\\G1_Firefly_testing\\Reports\\20240102_004031\\Create a new asset account\\20240102_004031\\1704131022874.png]]

02-01-2024T00:43:42 - [TEST_STEP][PASSED] - catch (Exception err): null

02-01-2024T00:43:42 - [TEST_STEP][PASSED] - verifyElementPresent(findTestObject("Shared_alert/success_alert"), 1): Object 'Object Repository/Shared_alert/success_alert' is present

02-01-2024T00:43:43 - [MESSAGE][PASSED] - Object 'Object Repository/Shared_alert/success_alert' is present

02-01-2024T00:43:43 - [TEST_STEP][PASSED] - if (attachments == "Attachments File/Report_65MB.csv"): null

02-01-2024T00:43:43 - [TEST_STEP][PASSED] - out.println("success"): null

02-01-2024T00:43:43 - [TEST_STEP][PASSED] - closeBrowser(): Browser is closed

02-01-2024T00:43:43 - [MESSAGE][PASSED] - Browser is closed]]></system-out>
         <system-err><![CDATA[]]></system-err>
      </testcase>
      <system-out><![CDATA[02-01-2024T00:40:35 - [TEST_SUITE][FAILED] - Create a new asset account: Test Cases/Create a new asset account FAILED.
Reason:
Assertion failed: 

assert false


	at Create a new asset account.run(Create a new asset account:84)
	at com.kms.katalon.core.main.ScriptEngine.run(ScriptEngine.java:194)
	at com.kms.katalon.core.main.ScriptEngine.runScriptAsRawText(ScriptEngine.java:119)
	at com.kms.katalon.core.main.TestCaseExecutor.runScript(TestCaseExecutor.java:448)
	at com.kms.katalon.core.main.TestCaseExecutor.doExecute(TestCaseExecutor.java:439)
	at com.kms.katalon.core.main.TestCaseExecutor.processExecutionPhase(TestCaseExecutor.java:418)
	at com.kms.katalon.core.main.TestCaseExecutor.accessMainPhase(TestCaseExecutor.java:410)
	at com.kms.katalon.core.main.TestCaseExecutor.execute(TestCaseExecutor.java:285)
	at com.kms.katalon.core.common.CommonExecutor.accessTestCaseMainPhase(CommonExecutor.java:65)
	at com.kms.katalon.core.main.TestSuiteExecutor.accessTestSuiteMainPhase(TestSuiteExecutor.java:148)
	at com.kms.katalon.core.main.TestSuiteExecutor.execute(TestSuiteExecutor.java:106)
	at com.kms.katalon.core.main.TestCaseMain.startTestSuite(TestCaseMain.java:180)
	at TempTestSuite1704130831089.run(TempTestSuite1704130831089.groovy:36)
	at java.base/jdk.internal.reflect.NativeMethodAccessorImpl.invoke0(Native Method)
	at java.base/jdk.internal.reflect.NativeMethodAccessorImpl.invoke(NativeMethodAccessorImpl.java:77)
	at java.base/jdk.internal.reflect.DelegatingMethodAccessorImpl.invoke(DelegatingMethodAccessorImpl.java:43)]]></system-out>
      <system-err><![CDATA[02-01-2024T00:40:35 - [TEST_SUITE][FAILED] - Create a new asset account: Test Cases/Create a new asset account FAILED.
Reason:
Assertion failed: 

assert false


	at Create a new asset account.run(Create a new asset account:84)
	at com.kms.katalon.core.main.ScriptEngine.run(ScriptEngine.java:194)
	at com.kms.katalon.core.main.ScriptEngine.runScriptAsRawText(ScriptEngine.java:119)
	at com.kms.katalon.core.main.TestCaseExecutor.runScript(TestCaseExecutor.java:448)
	at com.kms.katalon.core.main.TestCaseExecutor.doExecute(TestCaseExecutor.java:439)
	at com.kms.katalon.core.main.TestCaseExecutor.processExecutionPhase(TestCaseExecutor.java:418)
	at com.kms.katalon.core.main.TestCaseExecutor.accessMainPhase(TestCaseExecutor.java:410)
	at com.kms.katalon.core.main.TestCaseExecutor.execute(TestCaseExecutor.java:285)
	at com.kms.katalon.core.common.CommonExecutor.accessTestCaseMainPhase(CommonExecutor.java:65)
	at com.kms.katalon.core.main.TestSuiteExecutor.accessTestSuiteMainPhase(TestSuiteExecutor.java:148)
	at com.kms.katalon.core.main.TestSuiteExecutor.execute(TestSuiteExecutor.java:106)
	at com.kms.katalon.core.main.TestCaseMain.startTestSuite(TestCaseMain.java:180)
	at TempTestSuite1704130831089.run(TempTestSuite1704130831089.groovy:36)
	at java.base/jdk.internal.reflect.NativeMethodAccessorImpl.invoke0(Native Method)
	at java.base/jdk.internal.reflect.NativeMethodAccessorImpl.invoke(NativeMethodAccessorImpl.java:77)
	at java.base/jdk.internal.reflect.DelegatingMethodAccessorImpl.invoke(DelegatingMethodAccessorImpl.java:43)]]></system-err>
   </testsuite>
</testsuites>
